
*** Data Prefetching Championship 2 Simulator ***

Warmup Instructions: 10000000
Simulation Instructions: 100000000
Scramble loads OFF
Using 1MB Last Level Cache
Using 12.8 GB/s DRAM bandwidth
Knobs visible from prefetcher: 0 0 0
Resetting history queue.
Resetting offset table
Setting initial offset to 1
Tag offset: 6
Offset switch to: 4	With score: 1
Offset switch to: 31	With score: 2
Offset switch to: 33	With score: 1
Offset switch to: 104	With score: 1
Instructions Retired: 100000 Cycle: 45048 Hearbeat IPC: 2.219854 Cumulative IPC: 2.219854
Cycle: 45048	Best offset: 104	Score: 1
Instructions Retired: 200000 Cycle: 82732 Hearbeat IPC: 2.653646 Cumulative IPC: 2.417444
Cycle: 82732	Best offset: 104	Score: 248
Instructions Retired: 300001 Cycle: 118783 Hearbeat IPC: 2.773876 Cumulative IPC: 2.525622
Cycle: 118783	Best offset: 104	Score: 244
Instructions Retired: 400004 Cycle: 143031 Hearbeat IPC: 4.124175 Cumulative IPC: 2.796624
Cycle: 143031	Best offset: 104	Score: 237
Instructions Retired: 500003 Cycle: 160743 Hearbeat IPC: 5.645833 Cumulative IPC: 3.110574
Cycle: 160743	Best offset: 104	Score: 227
Instructions Retired: 600000 Cycle: 182547 Hearbeat IPC: 4.586177 Cumulative IPC: 3.286825
Cycle: 182547	Best offset: 104	Score: 217
Instructions Retired: 700003 Cycle: 218580 Hearbeat IPC: 2.775317 Cumulative IPC: 3.202502
Cycle: 218580	Best offset: 104	Score: 212
Instructions Retired: 800003 Cycle: 245872 Hearbeat IPC: 3.664077 Cumulative IPC: 3.253738
Cycle: 245872	Best offset: 104	Score: 204
Instructions Retired: 900000 Cycle: 278455 Hearbeat IPC: 3.068993 Cumulative IPC: 3.232120
Cycle: 278455	Best offset: 104	Score: 198
Instructions Retired: 1000000 Cycle: 315103 Hearbeat IPC: 2.728662 Cumulative IPC: 3.173565
Cycle: 315103	Best offset: 104	Score: 193
Instructions Retired: 1100000 Cycle: 361203 Hearbeat IPC: 2.169197 Cumulative IPC: 3.045379
Cycle: 361203	Best offset: 104	Score: 189
Instructions Retired: 1200001 Cycle: 404410 Hearbeat IPC: 2.314463 Cumulative IPC: 2.967288
Cycle: 404410	Best offset: 104	Score: 184
Instructions Retired: 1300000 Cycle: 440464 Hearbeat IPC: 2.773590 Cumulative IPC: 2.951433
Cycle: 440464	Best offset: 104	Score: 180
Instructions Retired: 1400005 Cycle: 466694 Hearbeat IPC: 3.812619 Cumulative IPC: 2.999835
Cycle: 466694	Best offset: 104	Score: 171
Instructions Retired: 1500001 Cycle: 500325 Hearbeat IPC: 2.973328 Cumulative IPC: 2.998053
Cycle: 500325	Best offset: 104	Score: 165
Instructions Retired: 1600004 Cycle: 534384 Hearbeat IPC: 2.936170 Cumulative IPC: 2.994109
Cycle: 534384	Best offset: 104	Score: 160
Instructions Retired: 1700003 Cycle: 552325 Hearbeat IPC: 5.573770 Cumulative IPC: 3.077904
Cycle: 552325	Best offset: 104	Score: 153
Instructions Retired: 1800005 Cycle: 569752 Hearbeat IPC: 5.738337 Cumulative IPC: 3.159278
Cycle: 569752	Best offset: 104	Score: 141
Instructions Retired: 1900003 Cycle: 600002 Hearbeat IPC: 3.305719 Cumulative IPC: 3.166661
Cycle: 600002	Best offset: 104	Score: 134
Instructions Retired: 2000000 Cycle: 636054 Hearbeat IPC: 2.773688 Cumulative IPC: 3.144387
Cycle: 636054	Best offset: 104	Score: 129
Instructions Retired: 2100001 Cycle: 659845 Hearbeat IPC: 4.203312 Cumulative IPC: 3.182567
Cycle: 659845	Best offset: 104	Score: 119
Instructions Retired: 2200003 Cycle: 695912 Hearbeat IPC: 2.772673 Cumulative IPC: 3.161324
Cycle: 695912	Best offset: 104	Score: 115
Instructions Retired: 2300005 Cycle: 737049 Hearbeat IPC: 2.430950 Cumulative IPC: 3.120559
Cycle: 737049	Best offset: 104	Score: 110
Instructions Retired: 2400000 Cycle: 783169 Hearbeat IPC: 2.168148 Cumulative IPC: 3.064473
Cycle: 783169	Best offset: 104	Score: 105
Instructions Retired: 2500000 Cycle: 821761 Hearbeat IPC: 2.591211 Cumulative IPC: 3.042247
Cycle: 821761	Best offset: 104	Score: 101
Instructions Retired: 2600005 Cycle: 857816 Hearbeat IPC: 2.773679 Cumulative IPC: 3.030959
Cycle: 857816	Best offset: 104	Score: 96
Instructions Retired: 2700000 Cycle: 881788 Hearbeat IPC: 4.171325 Cumulative IPC: 3.061960
Cycle: 881788	Best offset: 104	Score: 86
Instructions Retired: 2800003 Cycle: 917806 Hearbeat IPC: 2.776473 Cumulative IPC: 3.050757
Cycle: 917806	Best offset: 104	Score: 82
Instructions Retired: 2900000 Cycle: 943598 Hearbeat IPC: 3.877055 Cumulative IPC: 3.073343
Cycle: 943598	Best offset: 104	Score: 76
Instructions Retired: 3000003 Cycle: 961318 Hearbeat IPC: 5.643510 Cumulative IPC: 3.120719
Cycle: 961318	Best offset: 104	Score: 66

Simulation complete. Instructions retired: 3099757 Cycles elapsed: 981475 IPC: 3.158264

Prefetcher final stats
