
*** Data Prefetching Championship 2 Simulator ***

Warmup Instructions: 10000000
Simulation Instructions: 100000000
Scramble loads OFF
Using 1MB Last Level Cache
Using 12.8 GB/s DRAM bandwidth
Knobs visible from prefetcher: 0 0 0
Resetting history queue.
Resetting offset table
Setting initial offset to 1
Tag offset: 6
Offset switch to: 4	With score: 1
Instructions Retired: 100001 Cycle: 38994 Hearbeat IPC: 2.564523 Cumulative IPC: 2.564523
Cycle: 38994	Best offset: 4	Score: 254
Instructions Retired: 200004 Cycle: 67802 Hearbeat IPC: 3.471362 Cumulative IPC: 2.949825
Cycle: 67802	Best offset: 4	Score: 252
Instructions Retired: 300003 Cycle: 96284 Hearbeat IPC: 3.510954 Cumulative IPC: 3.115814
Cycle: 96284	Best offset: 4	Score: 250
Instructions Retired: 400000 Cycle: 124681 Hearbeat IPC: 3.521393 Cumulative IPC: 3.208187
Cycle: 124681	Best offset: 4	Score: 249
Instructions Retired: 500003 Cycle: 153453 Hearbeat IPC: 3.475706 Cumulative IPC: 3.258346
Cycle: 153453	Best offset: 4	Score: 247
Instructions Retired: 600001 Cycle: 182199 Hearbeat IPC: 3.478675 Cumulative IPC: 3.293108
Cycle: 182199	Best offset: 4	Score: 245
Instructions Retired: 700000 Cycle: 211087 Hearbeat IPC: 3.461610 Cumulative IPC: 3.316168
Cycle: 211087	Best offset: 4	Score: 243
Instructions Retired: 800001 Cycle: 239753 Hearbeat IPC: 3.488488 Cumulative IPC: 3.336771
Cycle: 239753	Best offset: 4	Score: 242
Instructions Retired: 900003 Cycle: 268569 Hearbeat IPC: 3.470364 Cumulative IPC: 3.351105
Cycle: 268569	Best offset: 4	Score: 240
Instructions Retired: 1000004 Cycle: 297413 Hearbeat IPC: 3.466960 Cumulative IPC: 3.362341
Cycle: 297413	Best offset: 4	Score: 239
Instructions Retired: 1100000 Cycle: 326444 Hearbeat IPC: 3.444456 Cumulative IPC: 3.369644
Cycle: 326444	Best offset: 4	Score: 238
Instructions Retired: 1200002 Cycle: 355514 Hearbeat IPC: 3.440041 Cumulative IPC: 3.375400
Cycle: 355514	Best offset: 4	Score: 236
Instructions Retired: 1300000 Cycle: 384682 Hearbeat IPC: 3.428346 Cumulative IPC: 3.379415
Cycle: 384682	Best offset: 4	Score: 234
Instructions Retired: 1400005 Cycle: 413877 Hearbeat IPC: 3.425415 Cumulative IPC: 3.382660
Cycle: 413877	Best offset: 4	Score: 232
Instructions Retired: 1500000 Cycle: 442986 Hearbeat IPC: 3.435192 Cumulative IPC: 3.386111
Cycle: 442986	Best offset: 4	Score: 230
Instructions Retired: 1600005 Cycle: 471996 Hearbeat IPC: 3.447260 Cumulative IPC: 3.389870
Cycle: 471996	Best offset: 4	Score: 228
