
*** Data Prefetching Championship 2 Simulator ***

Warmup Instructions: 10000000
Simulation Instructions: 100000000
Scramble loads OFF
Using 1MB Last Level Cache
Using 12.8 GB/s DRAM bandwidth
Knobs visible from prefetcher: 0 0 0
Resetting history queue.
Resetting offset table
Setting initial offset to 1
Tag offset: 6
Instructions Retired: 100001 Cycle: 38326 Hearbeat IPC: 2.609221 Cumulative IPC: 2.609221
Prefetcher heartbeat stats
Instructions Retired: 200002 Cycle: 67288 Hearbeat IPC: 3.452835 Cumulative IPC: 2.972328
Prefetcher heartbeat stats
Instructions Retired: 300001 Cycle: 95831 Hearbeat IPC: 3.503451 Cumulative IPC: 3.130522
Prefetcher heartbeat stats
Instructions Retired: 400000 Cycle: 124545 Hearbeat IPC: 3.482587 Cumulative IPC: 3.211691
Prefetcher heartbeat stats
Instructions Retired: 500003 Cycle: 153246 Hearbeat IPC: 3.484304 Cumulative IPC: 3.262748
Prefetcher heartbeat stats
Instructions Retired: 600001 Cycle: 182047 Hearbeat IPC: 3.472032 Cumulative IPC: 3.295858
Prefetcher heartbeat stats
Instructions Retired: 700000 Cycle: 210877 Hearbeat IPC: 3.468574 Cumulative IPC: 3.319471
Prefetcher heartbeat stats
Instructions Retired: 800001 Cycle: 239562 Hearbeat IPC: 3.486177 Cumulative IPC: 3.339432
Prefetcher heartbeat stats
Instructions Retired: 900003 Cycle: 268403 Hearbeat IPC: 3.467355 Cumulative IPC: 3.353178
Prefetcher heartbeat stats
Instructions Retired: 1000004 Cycle: 297180 Hearbeat IPC: 3.475032 Cumulative IPC: 3.364977
Prefetcher heartbeat stats
Instructions Retired: 1100000 Cycle: 326069 Hearbeat IPC: 3.461387 Cumulative IPC: 3.373519
Prefetcher heartbeat stats
Instructions Retired: 1200002 Cycle: 354947 Hearbeat IPC: 3.462913 Cumulative IPC: 3.380792
Prefetcher heartbeat stats
Instructions Retired: 1300000 Cycle: 383863 Hearbeat IPC: 3.458224 Cumulative IPC: 3.386625
Prefetcher heartbeat stats
Instructions Retired: 1400005 Cycle: 413016 Hearbeat IPC: 3.430350 Cumulative IPC: 3.389711
Prefetcher heartbeat stats
Instructions Retired: 1500000 Cycle: 441959 Hearbeat IPC: 3.454894 Cumulative IPC: 3.393980
Prefetcher heartbeat stats
Instructions Retired: 1600005 Cycle: 470712 Hearbeat IPC: 3.478072 Cumulative IPC: 3.399117
Prefetcher heartbeat stats
Instructions Retired: 1700002 Cycle: 499703 Hearbeat IPC: 3.449243 Cumulative IPC: 3.402025
Prefetcher heartbeat stats
Instructions Retired: 1800001 Cycle: 528473 Hearbeat IPC: 3.475808 Cumulative IPC: 3.406042
Prefetcher heartbeat stats
Instructions Retired: 1900001 Cycle: 557113 Hearbeat IPC: 3.491620 Cumulative IPC: 3.410441
Prefetcher heartbeat stats
Instructions Retired: 2000005 Cycle: 585918 Hearbeat IPC: 3.471758 Cumulative IPC: 3.413455
Prefetcher heartbeat stats
Instructions Retired: 2100001 Cycle: 615010 Hearbeat IPC: 3.437234 Cumulative IPC: 3.414580
Prefetcher heartbeat stats
Instructions Retired: 2200005 Cycle: 644034 Hearbeat IPC: 3.445562 Cumulative IPC: 3.415977
Prefetcher heartbeat stats
Instructions Retired: 2300004 Cycle: 672886 Hearbeat IPC: 3.465930 Cumulative IPC: 3.418118
Prefetcher heartbeat stats
Instructions Retired: 2400002 Cycle: 701922 Hearbeat IPC: 3.443932 Cumulative IPC: 3.419186
Prefetcher heartbeat stats
Instructions Retired: 2500003 Cycle: 731823 Hearbeat IPC: 3.344403 Cumulative IPC: 3.416131
Prefetcher heartbeat stats
Instructions Retired: 2600000 Cycle: 760657 Hearbeat IPC: 3.468024 Cumulative IPC: 3.418098
Prefetcher heartbeat stats
Instructions Retired: 2700002 Cycle: 789516 Hearbeat IPC: 3.465193 Cumulative IPC: 3.419819
Prefetcher heartbeat stats
Instructions Retired: 2800000 Cycle: 818265 Hearbeat IPC: 3.478312 Cumulative IPC: 3.421874
Prefetcher heartbeat stats
Instructions Retired: 2900000 Cycle: 847142 Hearbeat IPC: 3.462964 Cumulative IPC: 3.423275
Prefetcher heartbeat stats
Instructions Retired: 3000002 Cycle: 875939 Hearbeat IPC: 3.472653 Cumulative IPC: 3.424898
Prefetcher heartbeat stats

Simulation complete. Instructions retired: 3099758 Cycles elapsed: 904832 IPC: 3.425783

Prefetcher final stats
