
*** Data Prefetching Championship 2 Simulator ***

Warmup Instructions: 0
Simulation Instructions: 100000000
Scramble loads OFF
Using 256KB Last Level Cache
Using 12.8 GB/s DRAM bandwidth
Knobs visible from prefetcher: 0 1 0
Resetting history queue.
Setting up the minimum score
Resetting offset table
Setting initial offset to 1
Tag offset: 6
Resetting rable rounds
Resetting gauge

Warmup complete. Instructions retired: 1 Cycles elapsed: 2 IPC: 0.500000
Instructions Retired: 100001 Cycle: 130279 Hearbeat IPC: 0.767591 Cumulative IPC: 0.767591
Instructions Retired: 200004 Cycle: 265070 Hearbeat IPC: 0.741912 Cumulative IPC: 0.754533
Offset switch to: 4	With score: 30
Instructions Retired: 300002 Cycle: 1041492 Hearbeat IPC: 0.128793 Cumulative IPC: 0.288050
Instructions Retired: 400000 Cycle: 1769769 Hearbeat IPC: 0.137308 Cumulative IPC: 0.226018
Instructions Retired: 500000 Cycle: 2477541 Hearbeat IPC: 0.141288 Cumulative IPC: 0.201813
Offset switch to: 2	With score: 32
Offset switch to: 4	With score: 32
Offset switch to: 2	With score: 32
Instructions Retired: 600003 Cycle: 3188535 Hearbeat IPC: 0.140652 Cumulative IPC: 0.188175
Offset switch to: 6	With score: 32
Offset switch to: 2	With score: 32
Instructions Retired: 700000 Cycle: 3904300 Hearbeat IPC: 0.139706 Cumulative IPC: 0.179290
Offset switch to: 4	With score: 32
Offset switch to: 2	With score: 32
Instructions Retired: 800003 Cycle: 4615892 Hearbeat IPC: 0.140534 Cumulative IPC: 0.173315
Instructions Retired: 900000 Cycle: 5328813 Hearbeat IPC: 0.140264 Cumulative IPC: 0.168893
Instructions Retired: 1000000 Cycle: 5483393 Hearbeat IPC: 0.646914 Cumulative IPC: 0.182369
Instructions Retired: 1100005 Cycle: 5666606 Hearbeat IPC: 0.545840 Cumulative IPC: 0.194121
Instructions Retired: 1200004 Cycle: 5847756 Hearbeat IPC: 0.552023 Cumulative IPC: 0.205208
Instructions Retired: 1300003 Cycle: 6029003 Hearbeat IPC: 0.551728 Cumulative IPC: 0.215625
Instructions Retired: 1400002 Cycle: 6212352 Hearbeat IPC: 0.545402 Cumulative IPC: 0.225358
Instructions Retired: 1500004 Cycle: 6396050 Hearbeat IPC: 0.544383 Cumulative IPC: 0.234520
Offset switch to: 7	With score: 32
Instructions Retired: 1600004 Cycle: 6579364 Hearbeat IPC: 0.545512 Cumulative IPC: 0.243185
Instructions Retired: 1700005 Cycle: 6744272 Hearbeat IPC: 0.606405 Cumulative IPC: 0.252066
Instructions Retired: 1800004 Cycle: 6906544 Hearbeat IPC: 0.616243 Cumulative IPC: 0.260623
Offset switch to: 1	With score: 26
Instructions Retired: 1900000 Cycle: 7074168 Hearbeat IPC: 0.596549 Cumulative IPC: 0.268583
Instructions Retired: 2000003 Cycle: 7239075 Hearbeat IPC: 0.606421 Cumulative IPC: 0.276279
Instructions Retired: 2100000 Cycle: 7410875 Hearbeat IPC: 0.582055 Cumulative IPC: 0.283367
Instructions Retired: 2200002 Cycle: 7582512 Hearbeat IPC: 0.582637 Cumulative IPC: 0.290142
Instructions Retired: 2300003 Cycle: 7750529 Hearbeat IPC: 0.595184 Cumulative IPC: 0.296754
Offset switch to: 2	With score: 28
Instructions Retired: 2400002 Cycle: 7915207 Hearbeat IPC: 0.607240 Cumulative IPC: 0.303214
Instructions Retired: 2500000 Cycle: 8078150 Hearbeat IPC: 0.613699 Cumulative IPC: 0.309477
Instructions Retired: 2600000 Cycle: 8248814 Hearbeat IPC: 0.585947 Cumulative IPC: 0.315197
Offset switch to: 1	With score: 28
Instructions Retired: 2700004 Cycle: 8415241 Hearbeat IPC: 0.600888 Cumulative IPC: 0.320847
Instructions Retired: 2800000 Cycle: 8586736 Hearbeat IPC: 0.583084 Cumulative IPC: 0.326084
Instructions Retired: 2900001 Cycle: 8754595 Hearbeat IPC: 0.595744 Cumulative IPC: 0.331255
Instructions Retired: 3000003 Cycle: 8920171 Hearbeat IPC: 0.603964 Cumulative IPC: 0.336317

Simulation complete. Instructions retired: 3099756 Cycles elapsed: 9083469 IPC: 0.341252

