
*** Data Prefetching Championship 2 Simulator ***

Warmup Instructions: 10000000
Simulation Instructions: 100000000
Scramble loads OFF
Using 256KB Last Level Cache
Using 12.8 GB/s DRAM bandwidth
Next-Line Prefetcher
Knobs visible from prefetcher: 0 1 0
Instructions Retired: 100001 Cycle: 129179 Hearbeat IPC: 0.774127 Cumulative IPC: 0.774127
Prefetcher heartbeat stats
Instructions Retired: 200004 Cycle: 271124 Hearbeat IPC: 0.704519 Cumulative IPC: 0.737685
Prefetcher heartbeat stats
Instructions Retired: 300002 Cycle: 1228400 Hearbeat IPC: 0.104461 Cumulative IPC: 0.244222
Prefetcher heartbeat stats
Instructions Retired: 400000 Cycle: 2193336 Hearbeat IPC: 0.103632 Cumulative IPC: 0.182371
Prefetcher heartbeat stats
Instructions Retired: 500000 Cycle: 3166085 Hearbeat IPC: 0.102801 Cumulative IPC: 0.157924
Prefetcher heartbeat stats
Instructions Retired: 600003 Cycle: 4137555 Hearbeat IPC: 0.102940 Cumulative IPC: 0.145014
Prefetcher heartbeat stats
Instructions Retired: 700000 Cycle: 5124503 Hearbeat IPC: 0.101319 Cumulative IPC: 0.136599
Prefetcher heartbeat stats
Instructions Retired: 800003 Cycle: 6171136 Hearbeat IPC: 0.095547 Cumulative IPC: 0.129636
Prefetcher heartbeat stats
Instructions Retired: 900000 Cycle: 7160282 Hearbeat IPC: 0.101094 Cumulative IPC: 0.125693
Prefetcher heartbeat stats
Instructions Retired: 1000000 Cycle: 7313263 Hearbeat IPC: 0.653676 Cumulative IPC: 0.136738
Prefetcher heartbeat stats
Instructions Retired: 1100005 Cycle: 7494858 Hearbeat IPC: 0.550703 Cumulative IPC: 0.146768
Prefetcher heartbeat stats
Instructions Retired: 1200004 Cycle: 7675267 Hearbeat IPC: 0.554291 Cumulative IPC: 0.156347
Prefetcher heartbeat stats
Instructions Retired: 1300003 Cycle: 7854525 Hearbeat IPC: 0.557850 Cumulative IPC: 0.165510
Prefetcher heartbeat stats
Instructions Retired: 1400002 Cycle: 8038292 Hearbeat IPC: 0.544162 Cumulative IPC: 0.174167
Prefetcher heartbeat stats
Instructions Retired: 1500001 Cycle: 8220725 Hearbeat IPC: 0.548141 Cumulative IPC: 0.182466
Prefetcher heartbeat stats
Instructions Retired: 1600004 Cycle: 8405631 Hearbeat IPC: 0.540832 Cumulative IPC: 0.190349
Prefetcher heartbeat stats
Instructions Retired: 1700005 Cycle: 8573282 Hearbeat IPC: 0.596483 Cumulative IPC: 0.198291
Prefetcher heartbeat stats
Instructions Retired: 1800004 Cycle: 8741887 Hearbeat IPC: 0.593096 Cumulative IPC: 0.205906
Prefetcher heartbeat stats
Instructions Retired: 1900000 Cycle: 8910903 Hearbeat IPC: 0.591636 Cumulative IPC: 0.213222
Prefetcher heartbeat stats
Instructions Retired: 2000003 Cycle: 9074221 Hearbeat IPC: 0.612321 Cumulative IPC: 0.220405
Prefetcher heartbeat stats
Instructions Retired: 2100000 Cycle: 9244445 Hearbeat IPC: 0.587444 Cumulative IPC: 0.227163
Prefetcher heartbeat stats
Instructions Retired: 2200002 Cycle: 9418852 Hearbeat IPC: 0.573383 Cumulative IPC: 0.233574
Prefetcher heartbeat stats
Instructions Retired: 2300003 Cycle: 9586381 Hearbeat IPC: 0.596918 Cumulative IPC: 0.239924
Prefetcher heartbeat stats
Instructions Retired: 2400002 Cycle: 9751714 Hearbeat IPC: 0.604834 Cumulative IPC: 0.246111
Prefetcher heartbeat stats
Instructions Retired: 2500000 Cycle: 9915107 Hearbeat IPC: 0.612009 Cumulative IPC: 0.252140
Prefetcher heartbeat stats
Instructions Retired: 2600000 Cycle: 10089596 Hearbeat IPC: 0.573102 Cumulative IPC: 0.257691
Prefetcher heartbeat stats
Instructions Retired: 2700004 Cycle: 10255906 Hearbeat IPC: 0.601311 Cumulative IPC: 0.263263
Prefetcher heartbeat stats
Instructions Retired: 2800000 Cycle: 10428477 Hearbeat IPC: 0.579448 Cumulative IPC: 0.268496
Prefetcher heartbeat stats
Instructions Retired: 2900001 Cycle: 10595539 Hearbeat IPC: 0.598586 Cumulative IPC: 0.273700
Prefetcher heartbeat stats
Instructions Retired: 3000003 Cycle: 10761208 Hearbeat IPC: 0.603625 Cumulative IPC: 0.278779
Prefetcher heartbeat stats

Simulation complete. Instructions retired: 3099757 Cycles elapsed: 10923406 IPC: 0.283772

Prefetcher final stats
