
*** Data Prefetching Championship 2 Simulator ***

Warmup Instructions: 10000000
Simulation Instructions: 100000000
Scramble loads OFF
Using 256KB Last Level Cache
Using 12.8 GB/s DRAM bandwidth
Knobs visible from prefetcher: 0 1 0
Resetting history queue.
Resetting offset table
Setting initial offset to 1
Tag offset: 6
Instructions Retired: 100001 Cycle: 129170 Hearbeat IPC: 0.774181 Cumulative IPC: 0.774181
Prefetcher heartbeat stats
Instructions Retired: 200004 Cycle: 271032 Hearbeat IPC: 0.704932 Cumulative IPC: 0.737935
Prefetcher heartbeat stats
Instructions Retired: 300002 Cycle: 1217473 Hearbeat IPC: 0.105657 Cumulative IPC: 0.246414
Prefetcher heartbeat stats
Instructions Retired: 400000 Cycle: 2170431 Hearbeat IPC: 0.104934 Cumulative IPC: 0.184295
Prefetcher heartbeat stats
Instructions Retired: 500000 Cycle: 3124548 Hearbeat IPC: 0.104809 Cumulative IPC: 0.160023
Prefetcher heartbeat stats
Instructions Retired: 600003 Cycle: 4078862 Hearbeat IPC: 0.104790 Cumulative IPC: 0.147101
Prefetcher heartbeat stats
Instructions Retired: 700000 Cycle: 5050516 Hearbeat IPC: 0.102914 Cumulative IPC: 0.138600
Prefetcher heartbeat stats
Instructions Retired: 800003 Cycle: 6075183 Hearbeat IPC: 0.097596 Cumulative IPC: 0.131684
Prefetcher heartbeat stats
Instructions Retired: 900000 Cycle: 7044188 Hearbeat IPC: 0.103196 Cumulative IPC: 0.127765
Prefetcher heartbeat stats
Instructions Retired: 1000000 Cycle: 7196370 Hearbeat IPC: 0.657108 Cumulative IPC: 0.138959
Prefetcher heartbeat stats
Instructions Retired: 1100005 Cycle: 7380289 Hearbeat IPC: 0.543745 Cumulative IPC: 0.149046
Prefetcher heartbeat stats
Instructions Retired: 1200004 Cycle: 7560503 Hearbeat IPC: 0.554890 Cumulative IPC: 0.158720
Prefetcher heartbeat stats
Instructions Retired: 1300003 Cycle: 7736713 Hearbeat IPC: 0.567499 Cumulative IPC: 0.168030
Prefetcher heartbeat stats
Instructions Retired: 1400002 Cycle: 7920268 Hearbeat IPC: 0.544790 Cumulative IPC: 0.176762
Prefetcher heartbeat stats
Instructions Retired: 1500001 Cycle: 8102074 Hearbeat IPC: 0.550031 Cumulative IPC: 0.185138
Prefetcher heartbeat stats
Instructions Retired: 1600004 Cycle: 8287002 Hearbeat IPC: 0.540767 Cumulative IPC: 0.193074
Prefetcher heartbeat stats
Instructions Retired: 1700005 Cycle: 8455004 Hearbeat IPC: 0.595237 Cumulative IPC: 0.201065
Prefetcher heartbeat stats
Instructions Retired: 1800004 Cycle: 8624533 Hearbeat IPC: 0.589864 Cumulative IPC: 0.208707
Prefetcher heartbeat stats
Instructions Retired: 1900000 Cycle: 8790128 Hearbeat IPC: 0.603859 Cumulative IPC: 0.216152
Prefetcher heartbeat stats
Instructions Retired: 2000003 Cycle: 8953837 Hearbeat IPC: 0.610858 Cumulative IPC: 0.223368
Prefetcher heartbeat stats
Instructions Retired: 2100000 Cycle: 9124240 Hearbeat IPC: 0.586827 Cumulative IPC: 0.230156
Prefetcher heartbeat stats
Instructions Retired: 2200002 Cycle: 9297001 Hearbeat IPC: 0.578846 Cumulative IPC: 0.236636
Prefetcher heartbeat stats
Instructions Retired: 2300003 Cycle: 9465555 Hearbeat IPC: 0.593288 Cumulative IPC: 0.242987
Prefetcher heartbeat stats
Instructions Retired: 2400002 Cycle: 9631306 Hearbeat IPC: 0.603309 Cumulative IPC: 0.249188
Prefetcher heartbeat stats
Instructions Retired: 2500000 Cycle: 9796997 Hearbeat IPC: 0.603521 Cumulative IPC: 0.255180
Prefetcher heartbeat stats
Instructions Retired: 2600000 Cycle: 9970459 Hearbeat IPC: 0.576495 Cumulative IPC: 0.260770
Prefetcher heartbeat stats
Instructions Retired: 2700004 Cycle: 10136598 Hearbeat IPC: 0.601930 Cumulative IPC: 0.266362
Prefetcher heartbeat stats
Instructions Retired: 2800000 Cycle: 10307647 Hearbeat IPC: 0.584604 Cumulative IPC: 0.271643
Prefetcher heartbeat stats
Instructions Retired: 2900001 Cycle: 10475099 Hearbeat IPC: 0.597192 Cumulative IPC: 0.276847
Prefetcher heartbeat stats
Instructions Retired: 3000003 Cycle: 10639822 Hearbeat IPC: 0.607092 Cumulative IPC: 0.281960
Prefetcher heartbeat stats

Simulation complete. Instructions retired: 3099757 Cycles elapsed: 10802851 IPC: 0.286939

Prefetcher final stats
