
*** Data Prefetching Championship 2 Simulator ***

Warmup Instructions: 10000000
Simulation Instructions: 100000000
Scramble loads OFF
Using 256KB Last Level Cache
Using 12.8 GB/s DRAM bandwidth
ISB Lite, size: 170176 bits = 20.773438 KB
Knobs visible from prefetcher: 0 1 0
  add to prefetch queue
  add to prefetch queue
  add to prefetch queue
  add to prefetch queue
  add to prefetch queue
  add to prefetch queue
  add to prefetch queue
  add to prefetch queue
  add to prefetch queue
  add to prefetch queue
Instructions Retired: 100001 Cycle: 137337 Hearbeat IPC: 0.728143 Cumulative IPC: 0.728143
Prefetcher heartbeat stats
  add to prefetch queue
  add to prefetch queue
  add to prefetch queue
  add to prefetch queue
Instructions Retired: 200004 Cycle: 273962 Hearbeat IPC: 0.731952 Cumulative IPC: 0.730043
Prefetcher heartbeat stats
Instructions Retired: 300002 Cycle: 1105715 Hearbeat IPC: 0.120226 Cumulative IPC: 0.271319
Prefetcher heartbeat stats
Instructions Retired: 400000 Cycle: 1949915 Hearbeat IPC: 0.118453 Cumulative IPC: 0.205137
Prefetcher heartbeat stats
  add to prefetch queue
  add to prefetch queue
  add to prefetch queue
  add to prefetch queue
  add to prefetch queue
Instructions Retired: 500000 Cycle: 2774228 Hearbeat IPC: 0.121313 Cumulative IPC: 0.180230
Prefetcher heartbeat stats
Instructions Retired: 600003 Cycle: 3574471 Hearbeat IPC: 0.124966 Cumulative IPC: 0.167858
Prefetcher heartbeat stats
  add to prefetch queue
Instructions Retired: 700000 Cycle: 4395929 Hearbeat IPC: 0.121731 Cumulative IPC: 0.159238
Prefetcher heartbeat stats
  add to prefetch queue
  add to prefetch queue
  add to prefetch queue
Instructions Retired: 800003 Cycle: 5252801 Hearbeat IPC: 0.116707 Cumulative IPC: 0.152300
Prefetcher heartbeat stats
  add to prefetch queue
  add to prefetch queue
  add to prefetch queue
  add to prefetch queue
  add to prefetch queue
  add to prefetch queue
  add to prefetch queue
Instructions Retired: 900000 Cycle: 6071276 Hearbeat IPC: 0.122175 Cumulative IPC: 0.148239
Prefetcher heartbeat stats
  add to prefetch queue
  add to prefetch queue
  add to prefetch queue
  add to prefetch queue
  add to prefetch queue
  add to prefetch queue
  add to prefetch queue
  add to prefetch queue
  add to prefetch queue
  add to prefetch queue
  add to prefetch queue
  add to prefetch queue
  add to prefetch queue
  add to prefetch queue
  add to prefetch queue
  add to prefetch queue
  add to prefetch queue
  add to prefetch queue
  add to prefetch queue
  add to prefetch queue
  add to prefetch queue
  add to prefetch queue
  add to prefetch queue
  add to prefetch queue
  add to prefetch queue
  add to prefetch queue
  add to prefetch queue
  add to prefetch queue
  add to prefetch queue
  add to prefetch queue
  add to prefetch queue
  add to prefetch queue
  add to prefetch queue
  add to prefetch queue
  add to prefetch queue
  add to prefetch queue
  add to prefetch queue
  add to prefetch queue
  add to prefetch queue
  add to prefetch queue
  add to prefetch queue
  add to prefetch queue
  add to prefetch queue
  add to prefetch queue
  add to prefetch queue
  add to prefetch queue
  add to prefetch queue
  add to prefetch queue
  add to prefetch queue
  add to prefetch queue
  add to prefetch queue
  add to prefetch queue
  add to prefetch queue
  add to prefetch queue
  add to prefetch queue
  add to prefetch queue
  add to prefetch queue
Instructions Retired: 1000000 Cycle: 6249095 Hearbeat IPC: 0.562370 Cumulative IPC: 0.160023
Prefetcher heartbeat stats
  add to prefetch queue
  add to prefetch queue
  add to prefetch queue
  add to prefetch queue
  add to prefetch queue
  add to prefetch queue
  add to prefetch queue
  add to prefetch queue
  add to prefetch queue
  add to prefetch queue
  add to prefetch queue
  add to prefetch queue
  add to prefetch queue
  add to prefetch queue
  add to prefetch queue
  add to prefetch queue
  add to prefetch queue
  add to prefetch queue
  add to prefetch queue
  add to prefetch queue
  add to prefetch queue
  add to prefetch queue
  add to prefetch queue
  add to prefetch queue
  add to prefetch queue
  add to prefetch queue
  add to prefetch queue
  add to prefetch queue
  add to prefetch queue
  add to prefetch queue
  add to prefetch queue
  add to prefetch queue
  add to prefetch queue
  add to prefetch queue
  add to prefetch queue
  add to prefetch queue
  add to prefetch queue
  add to prefetch queue
  add to prefetch queue
  add to prefetch queue
  add to prefetch queue
  add to prefetch queue
Instructions Retired: 1100005 Cycle: 6455950 Hearbeat IPC: 0.483455 Cumulative IPC: 0.170386
Prefetcher heartbeat stats
  add to prefetch queue
  add to prefetch queue
  add to prefetch queue
  add to prefetch queue
  add to prefetch queue
  add to prefetch queue
  add to prefetch queue
  add to prefetch queue
  add to prefetch queue
  add to prefetch queue
  add to prefetch queue
  add to prefetch queue
  add to prefetch queue
  add to prefetch queue
  add to prefetch queue
  add to prefetch queue
  add to prefetch queue
  add to prefetch queue
  add to prefetch queue
  add to prefetch queue
  add to prefetch queue
  add to prefetch queue
  add to prefetch queue
  add to prefetch queue
  add to prefetch queue
  add to prefetch queue
  add to prefetch queue
  add to prefetch queue
  add to prefetch queue
Instructions Retired: 1200004 Cycle: 6667288 Hearbeat IPC: 0.473171 Cumulative IPC: 0.179984
Prefetcher heartbeat stats
  add to prefetch queue
  add to prefetch queue
  add to prefetch queue
  add to prefetch queue
  add to prefetch queue
  add to prefetch queue
  add to prefetch queue
  add to prefetch queue
  add to prefetch queue
  add to prefetch queue
  add to prefetch queue
  add to prefetch queue
  add to prefetch queue
  add to prefetch queue
  add to prefetch queue
  add to prefetch queue
  add to prefetch queue
  add to prefetch queue
  add to prefetch queue
  add to prefetch queue
  add to prefetch queue
  add to prefetch queue
  add to prefetch queue
  add to prefetch queue
  add to prefetch queue
  add to prefetch queue
  add to prefetch queue
  add to prefetch queue
  add to prefetch queue
  add to prefetch queue
  add to prefetch queue
  add to prefetch queue
  add to prefetch queue
  add to prefetch queue
  add to prefetch queue
  add to prefetch queue
  add to prefetch queue
  add to prefetch queue
  add to prefetch queue
Instructions Retired: 1300003 Cycle: 6874473 Hearbeat IPC: 0.482656 Cumulative IPC: 0.189106
Prefetcher heartbeat stats
  add to prefetch queue
  add to prefetch queue
  add to prefetch queue
  add to prefetch queue
  add to prefetch queue
  add to prefetch queue
  add to prefetch queue
  add to prefetch queue
  add to prefetch queue
  add to prefetch queue
  add to prefetch queue
  add to prefetch queue
  add to prefetch queue
  add to prefetch queue
  add to prefetch queue
  add to prefetch queue
  add to prefetch queue
  add to prefetch queue
  add to prefetch queue
  add to prefetch queue
  add to prefetch queue
  add to prefetch queue
  add to prefetch queue
  add to prefetch queue
  add to prefetch queue
  add to prefetch queue
  add to prefetch queue
  add to prefetch queue
  add to prefetch queue
  add to prefetch queue
  add to prefetch queue
  add to prefetch queue
  add to prefetch queue
Instructions Retired: 1400002 Cycle: 7083552 Hearbeat IPC: 0.478283 Cumulative IPC: 0.197641
Prefetcher heartbeat stats
  add to prefetch queue
  add to prefetch queue
  add to prefetch queue
  add to prefetch queue
  add to prefetch queue
  add to prefetch queue
  add to prefetch queue
  add to prefetch queue
  add to prefetch queue
  add to prefetch queue
  add to prefetch queue
  add to prefetch queue
  add to prefetch queue
  add to prefetch queue
  add to prefetch queue
  add to prefetch queue
  add to prefetch queue
  add to prefetch queue
  add to prefetch queue
  add to prefetch queue
  add to prefetch queue
  add to prefetch queue
  add to prefetch queue
  add to prefetch queue
  add to prefetch queue
  add to prefetch queue
  add to prefetch queue
  add to prefetch queue
  add to prefetch queue
  add to prefetch queue
Instructions Retired: 1500001 Cycle: 7296223 Hearbeat IPC: 0.470205 Cumulative IPC: 0.205586
Prefetcher heartbeat stats
  add to prefetch queue
  add to prefetch queue
  add to prefetch queue
  add to prefetch queue
  add to prefetch queue
  add to prefetch queue
  add to prefetch queue
  add to prefetch queue
  add to prefetch queue
  add to prefetch queue
  add to prefetch queue
  add to prefetch queue
  add to prefetch queue
  add to prefetch queue
  add to prefetch queue
  add to prefetch queue
  add to prefetch queue
  add to prefetch queue
  add to prefetch queue
  add to prefetch queue
  add to prefetch queue
  add to prefetch queue
  add to prefetch queue
  add to prefetch queue
  add to prefetch queue
  add to prefetch queue
  add to prefetch queue
  add to prefetch queue
Instructions Retired: 1600004 Cycle: 7512162 Hearbeat IPC: 0.463108 Cumulative IPC: 0.212988
Prefetcher heartbeat stats
  add to prefetch queue
  add to prefetch queue
  add to prefetch queue
  add to prefetch queue
  add to prefetch queue
  add to prefetch queue
  add to prefetch queue
  add to prefetch queue
  add to prefetch queue
  add to prefetch queue
  add to prefetch queue
  add to prefetch queue
  add to prefetch queue
  add to prefetch queue
  add to prefetch queue
  add to prefetch queue
  add to prefetch queue
  add to prefetch queue
  add to prefetch queue
  add to prefetch queue
  add to prefetch queue
  add to prefetch queue
  add to prefetch queue
  add to prefetch queue
  add to prefetch queue
  add to prefetch queue
Instructions Retired: 1700005 Cycle: 7712562 Hearbeat IPC: 0.499007 Cumulative IPC: 0.220420
Prefetcher heartbeat stats
  add to prefetch queue
  add to prefetch queue
  add to prefetch queue
  add to prefetch queue
  add to prefetch queue
  add to prefetch queue
  add to prefetch queue
  add to prefetch queue
  add to prefetch queue
  add to prefetch queue
  add to prefetch queue
  add to prefetch queue
  add to prefetch queue
  add to prefetch queue
  add to prefetch queue
  add to prefetch queue
  add to prefetch queue
  add to prefetch queue
  add to prefetch queue
  add to prefetch queue
  add to prefetch queue
  add to prefetch queue
  add to prefetch queue
  add to prefetch queue
  add to prefetch queue
  add to prefetch queue
  add to prefetch queue
  add to prefetch queue
Instructions Retired: 1800004 Cycle: 7915294 Hearbeat IPC: 0.493257 Cumulative IPC: 0.227408
Prefetcher heartbeat stats
  add to prefetch queue
  add to prefetch queue
  add to prefetch queue
  add to prefetch queue
  add to prefetch queue
  add to prefetch queue
  add to prefetch queue
  add to prefetch queue
  add to prefetch queue
  add to prefetch queue
  add to prefetch queue
  add to prefetch queue
  add to prefetch queue
  add to prefetch queue
  add to prefetch queue
  add to prefetch queue
  add to prefetch queue
  add to prefetch queue
  add to prefetch queue
  add to prefetch queue
  add to prefetch queue
  add to prefetch queue
  add to prefetch queue
  add to prefetch queue
  add to prefetch queue
  add to prefetch queue
  add to prefetch queue
Instructions Retired: 1900000 Cycle: 8117686 Hearbeat IPC: 0.494071 Cumulative IPC: 0.234057
Prefetcher heartbeat stats
  add to prefetch queue
  add to prefetch queue
  add to prefetch queue
  add to prefetch queue
  add to prefetch queue
  add to prefetch queue
  add to prefetch queue
  add to prefetch queue
  add to prefetch queue
  add to prefetch queue
  add to prefetch queue
  add to prefetch queue
  add to prefetch queue
  add to prefetch queue
  add to prefetch queue
  add to prefetch queue
Instructions Retired: 2000004 Cycle: 8316133 Hearbeat IPC: 0.503933 Cumulative IPC: 0.240497
Prefetcher heartbeat stats
  add to prefetch queue
  add to prefetch queue
  add to prefetch queue
  add to prefetch queue
  add to prefetch queue
  add to prefetch queue
  add to prefetch queue
  add to prefetch queue
  add to prefetch queue
  add to prefetch queue
  add to prefetch queue
  add to prefetch queue
  add to prefetch queue
  add to prefetch queue
  add to prefetch queue
  add to prefetch queue
  add to prefetch queue
  add to prefetch queue
  add to prefetch queue
  add to prefetch queue
  add to prefetch queue
  add to prefetch queue
  add to prefetch queue
  add to prefetch queue
  add to prefetch queue
  add to prefetch queue
  add to prefetch queue
  add to prefetch queue
  add to prefetch queue
Instructions Retired: 2100000 Cycle: 8522405 Hearbeat IPC: 0.484777 Cumulative IPC: 0.246409
Prefetcher heartbeat stats
  add to prefetch queue
  add to prefetch queue
  add to prefetch queue
  add to prefetch queue
  add to prefetch queue
  add to prefetch queue
  add to prefetch queue
  add to prefetch queue
  add to prefetch queue
  add to prefetch queue
  add to prefetch queue
  add to prefetch queue
  add to prefetch queue
  add to prefetch queue
  add to prefetch queue
  add to prefetch queue
  add to prefetch queue
  add to prefetch queue
  add to prefetch queue
  add to prefetch queue
  add to prefetch queue
  add to prefetch queue
Instructions Retired: 2200002 Cycle: 8725621 Hearbeat IPC: 0.492097 Cumulative IPC: 0.252131
Prefetcher heartbeat stats
  add to prefetch queue
  add to prefetch queue
  add to prefetch queue
  add to prefetch queue
  add to prefetch queue
  add to prefetch queue
  add to prefetch queue
  add to prefetch queue
  add to prefetch queue
  add to prefetch queue
  add to prefetch queue
  add to prefetch queue
  add to prefetch queue
  add to prefetch queue
  add to prefetch queue
  add to prefetch queue
  add to prefetch queue
  add to prefetch queue
  add to prefetch queue
  add to prefetch queue
  add to prefetch queue
  add to prefetch queue
  add to prefetch queue
  add to prefetch queue
  add to prefetch queue
  add to prefetch queue
  add to prefetch queue
  add to prefetch queue
  add to prefetch queue
  add to prefetch queue
  add to prefetch queue
  add to prefetch queue
  add to prefetch queue
  add to prefetch queue
  add to prefetch queue
  add to prefetch queue
  add to prefetch queue
Instructions Retired: 2300003 Cycle: 8927820 Hearbeat IPC: 0.494567 Cumulative IPC: 0.257622
Prefetcher heartbeat stats
  add to prefetch queue
  add to prefetch queue
  add to prefetch queue
  add to prefetch queue
  add to prefetch queue
  add to prefetch queue
  add to prefetch queue
  add to prefetch queue
  add to prefetch queue
  add to prefetch queue
  add to prefetch queue
  add to prefetch queue
  add to prefetch queue
  add to prefetch queue
  add to prefetch queue
  add to prefetch queue
  add to prefetch queue
  add to prefetch queue
  add to prefetch queue
  add to prefetch queue
  add to prefetch queue
  add to prefetch queue
  add to prefetch queue
  add to prefetch queue
  add to prefetch queue
  add to prefetch queue
Instructions Retired: 2400002 Cycle: 9127844 Hearbeat IPC: 0.499935 Cumulative IPC: 0.262932
Prefetcher heartbeat stats
  add to prefetch queue
  add to prefetch queue
  add to prefetch queue
  add to prefetch queue
  add to prefetch queue
  add to prefetch queue
  add to prefetch queue
  add to prefetch queue
  add to prefetch queue
  add to prefetch queue
  add to prefetch queue
  add to prefetch queue
  add to prefetch queue
  add to prefetch queue
  add to prefetch queue
  add to prefetch queue
  add to prefetch queue
  add to prefetch queue
  add to prefetch queue
  add to prefetch queue
  add to prefetch queue
  add to prefetch queue
Instructions Retired: 2500000 Cycle: 9328670 Hearbeat IPC: 0.497934 Cumulative IPC: 0.267991
Prefetcher heartbeat stats
  add to prefetch queue
  add to prefetch queue
  add to prefetch queue
  add to prefetch queue
  add to prefetch queue
  add to prefetch queue
  add to prefetch queue
  add to prefetch queue
  add to prefetch queue
  add to prefetch queue
  add to prefetch queue
  add to prefetch queue
  add to prefetch queue
  add to prefetch queue
  add to prefetch queue
  add to prefetch queue
  add to prefetch queue
  add to prefetch queue
  add to prefetch queue
  add to prefetch queue
  add to prefetch queue
  add to prefetch queue
  add to prefetch queue
  add to prefetch queue
  add to prefetch queue
  add to prefetch queue
  add to prefetch queue
  add to prefetch queue
  add to prefetch queue
  add to prefetch queue
  add to prefetch queue
  add to prefetch queue
  add to prefetch queue
  add to prefetch queue
  add to prefetch queue
  add to prefetch queue
  add to prefetch queue
  add to prefetch queue
  add to prefetch queue
  add to prefetch queue
  add to prefetch queue
  add to prefetch queue
  add to prefetch queue
  add to prefetch queue
Instructions Retired: 2600003 Cycle: 9535571 Hearbeat IPC: 0.483337 Cumulative IPC: 0.272664
Prefetcher heartbeat stats
  add to prefetch queue
  add to prefetch queue
  add to prefetch queue
  add to prefetch queue
  add to prefetch queue
  add to prefetch queue
  add to prefetch queue
  add to prefetch queue
  add to prefetch queue
  add to prefetch queue
  add to prefetch queue
  add to prefetch queue
  add to prefetch queue
  add to prefetch queue
  add to prefetch queue
  add to prefetch queue
  add to prefetch queue
  add to prefetch queue
  add to prefetch queue
  add to prefetch queue
  add to prefetch queue
  add to prefetch queue
  add to prefetch queue
  add to prefetch queue
  add to prefetch queue
Instructions Retired: 2700004 Cycle: 9735056 Hearbeat IPC: 0.501296 Cumulative IPC: 0.277349
Prefetcher heartbeat stats
  add to prefetch queue
  add to prefetch queue
  add to prefetch queue
  add to prefetch queue
  add to prefetch queue
  add to prefetch queue
  add to prefetch queue
  add to prefetch queue
  add to prefetch queue
  add to prefetch queue
  add to prefetch queue
  add to prefetch queue
  add to prefetch queue
  add to prefetch queue
  add to prefetch queue
  add to prefetch queue
  add to prefetch queue
  add to prefetch queue
  add to prefetch queue
Instructions Retired: 2800000 Cycle: 9941210 Hearbeat IPC: 0.485055 Cumulative IPC: 0.281656
Prefetcher heartbeat stats
  add to prefetch queue
  add to prefetch queue
  add to prefetch queue
  add to prefetch queue
  add to prefetch queue
  add to prefetch queue
  add to prefetch queue
  add to prefetch queue
  add to prefetch queue
  add to prefetch queue
  add to prefetch queue
  add to prefetch queue
  add to prefetch queue
  add to prefetch queue
  add to prefetch queue
  add to prefetch queue
  add to prefetch queue
  add to prefetch queue
  add to prefetch queue
  add to prefetch queue
  add to prefetch queue
Instructions Retired: 2900001 Cycle: 10140596 Hearbeat IPC: 0.501545 Cumulative IPC: 0.285979
Prefetcher heartbeat stats
  add to prefetch queue
  add to prefetch queue
  add to prefetch queue
  add to prefetch queue
  add to prefetch queue
  add to prefetch queue
  add to prefetch queue
  add to prefetch queue
  add to prefetch queue
  add to prefetch queue
  add to prefetch queue
  add to prefetch queue
  add to prefetch queue
  add to prefetch queue
  add to prefetch queue
  add to prefetch queue
  add to prefetch queue
  add to prefetch queue
  add to prefetch queue
  add to prefetch queue
Instructions Retired: 3000003 Cycle: 10342006 Hearbeat IPC: 0.496510 Cumulative IPC: 0.290079
Prefetcher heartbeat stats
  add to prefetch queue
  add to prefetch queue
  add to prefetch queue
  add to prefetch queue
  add to prefetch queue
  add to prefetch queue
  add to prefetch queue
  add to prefetch queue
  add to prefetch queue
  add to prefetch queue
  add to prefetch queue
  add to prefetch queue
  add to prefetch queue
  add to prefetch queue
  add to prefetch queue

Simulation complete. Instructions retired: 3099757 Cycles elapsed: 10536078 IPC: 0.294204

Prefetcher final stats
