
*** Data Prefetching Championship 2 Simulator ***

Warmup Instructions: 10000000
Simulation Instructions: 100000000
Scramble loads OFF
Using 256KB Last Level Cache
Using 12.8 GB/s DRAM bandwidth
Knobs visible from prefetcher: 0 1 0
Resetting history queue.
Resetting offset table
Setting initial offset to 1
Tag offset: 6
Ressetting hit rate
Index 26
Index 19
Index 35
Index 16
Index 35
Index 35
Index 58
Index 6
Index 23
Index 11
Index 4
Index 52
Index 23
Index 19
Index 17
Index 12
Index 41
Index 50
Index 7
Index 30
Index 33
Index 36
Index 30
Index 33
Index 11
Index 22
Index 40
Index 43
Index 14
Index 15
Index 19
Index 25
Index 16
Index 50
Index 63
Index 48
Index 30
Index 25
Index 29
Index 54
Index 33
Index 8
Index 32
Index 26
Index 63
Index 50
Index 23
Index 41
Index 36
Index 17
Index 50
Index 25
Index 6
Index 26
Index 0
Index 39
Index 45
Index 55
Index 12
Index 46
Index 55
Index 29
Index 58
Index 3
Index 19
Index 27
Index 52
Index 62
Index 61
Index 25
Index 16
Index 43
Index 29
Index 47
Index 40
Index 48
Index 62
Index 56
Index 3
Index 19
Index 13
Index 58
Index 48
Index 46
Index 31
Index 1
Index 11
Index 40
Index 24
Index 10
Index 15
Index 24
Index 25
Index 9
Index 32
Index 31
Index 26
Index 55
Index 21
Index 6
Index 47
Index 56
Index 54
Index 47
Index 45
Index 10
Index 8
Index 6
Index 17
Index 30
Index 39
Index 35
Index 30
Index 21
Index 20
Index 10
Index 55
Index 11
Index 33
Index 0
Index 26
Index 54
Index 43
Index 36
Index 25
Index 35
Index 44
Index 26
Index 27
Index 52
Index 48
Index 49
Index 38
Index 0
Index 63
Index 9
Index 15
Index 14
Index 42
Index 26
Index 57
Index 32
Index 2
Index 33
Index 9
Index 58
Index 51
Index 45
Index 33
Index 22
Index 3
Index 17
Index 11
Index 27
Index 13
Index 1
Index 39
Index 17
Index 37
Index 44
Index 42
Index 62
Index 32
Index 17
Index 1
Index 25
Index 6
Index 51
Index 1
Index 41
Index 5
Index 8
Index 37
Index 54
Index 2
Index 46
Index 57
Index 55
Index 6
Index 2
Index 24
Index 30
Index 19
Index 6
Index 38
Index 11
Index 52
Index 51
Index 2
Index 10
Index 30
Index 19
Index 33
Index 46
Index 22
Index 15
Index 30
Index 7
Index 13
Index 27
Index 22
Index 63
Index 60
Index 10
Index 35
Index 14
Index 6
Index 28
Index 44
Index 57
Index 20
Index 16
Index 44
Index 60
Index 60
Index 30
Index 21
Index 4
Index 28
Index 9
Index 8
Index 25
Index 13
Index 24
Index 32
Index 55
Index 13
Index 13
Index 49
Index 7
Index 21
Instructions Retired: 100002 Cycle: 45803 Hearbeat IPC: 2.183307 Cumulative IPC: 2.183307
Cycle: 45803	Best offset: 1	Score: 0	Hit Rate: 0.414182
Index 11
Index 46
Index 7
Index 25
Index 28
Index 47
Index 4
Index 50
Index 43
Index 12
Index 30
Index 18
Index 22
Index 39
Index 19
Index 16
Index 16
Index 42
Index 6
Index 24
Index 63
Index 1
Index 26
Index 52
Index 16
Index 23
Index 60
Index 61
Index 61
Index 45
Index 3
Index 29
Index 56
Index 27
Index 16
Index 24
Index 18
Index 30
Index 45
Index 27
Index 29
Index 22
Index 11
Index 56
Index 21
Index 32
Index 25
Index 20
Index 57
Index 37
Index 63
Index 10
Index 27
Index 23
Index 12
Index 28
Index 25
Index 3
Index 29
Index 61
Index 32
Index 50
Index 51
Index 21
Index 15
Index 27
Index 13
Index 62
Index 48
Index 44
Index 23
Index 48
Index 35
Index 41
Index 16
Index 5
Index 25
Index 25
Index 2
Index 44
Index 13
Index 1
Index 46
Index 37
Index 20
Index 57
Index 33
Index 62
Index 62
Index 19
Index 24
Index 49
Index 5
Index 13
Index 3
Index 33
Index 2
Index 45
Index 25
Index 59
Index 9
Index 10
Index 2
Index 17
Index 30
Index 16
Index 56
Index 48
Index 48
Index 28
Index 58
Index 16
Index 27
Index 41
Index 20
Index 2
Index 15
Index 15
Index 52
Index 22
Index 23
Index 26
Index 48
Index 48
Index 15
Index 5
Index 23
Index 25
Index 36
Index 2
Index 18
Index 32
Index 54
Index 14
Index 39
Index 13
Index 24
Index 10
Index 39
Index 39
Index 6
Index 55
Index 45
Index 25
Index 35
Index 62
Index 31
Index 20
Index 4
Index 16
Index 9
Index 28
Index 29
Index 31
Index 43
Index 29
Index 29
Index 27
Index 9
Index 9
Index 32
Index 18
Index 53
Index 29
Index 14
Index 62
Index 18
Index 39
Index 12
Index 39
Index 30
Index 14
Index 26
Index 24
Index 20
Index 0
Index 43
Index 13
Index 4
Index 39
Index 39
Index 44
Index 56
Index 23
Index 21
Index 25
Index 34
Index 19
Index 60
Index 10
Index 27
Index 59
Index 5
Index 21
Index 43
Index 33
Index 63
Index 51
Index 2
Index 1
Index 10
Index 48
Index 39
Index 14
Index 25
Index 4
Index 24
Index 0
Index 38
Index 48
Index 20
Index 62
Index 53
Index 33
Index 62
Index 39
Index 32
Index 55
Index 35
Index 50
Instructions Retired: 200005 Cycle: 89230 Hearbeat IPC: 2.302784 Cumulative IPC: 2.241455
Cycle: 89230	Best offset: 1	Score: 0	Hit Rate: 0.411316
Index 32
Index 54
Index 1
Index 13
Index 62
Index 25
Index 7
Index 4
Index 49
Index 10
Index 22
Index 33
Index 46
Index 35
Index 9
Index 60
Index 59
Index 13
Index 63
Index 61
Index 58
Index 21
Index 14
Index 9
Index 1
Index 56
Index 60
Index 60
Index 28
Index 3
Index 42
Index 10
Index 19
Index 25
Index 63
Index 1
Index 53
Index 59
Index 45
Index 16
Index 33
Index 10
Index 58
Index 10
Index 17
Index 17
Index 23
Index 4
Index 25
Index 10
Index 5
Index 6
Index 20
Index 34
Index 15
Index 16
Index 15
Index 60
Index 22
Index 20
Index 16
Index 24
Index 43
Index 38
Index 31
Index 5
Index 62
Index 40
Index 16
Index 22
Index 38
Index 62
Index 26
Index 58
Index 27
Index 45
Index 7
Index 30
Index 19
Index 7
Index 44
Index 28
Index 46
Index 0
Index 6
Index 14
Index 57
Index 4
Index 27
Index 39
Index 24
Index 23
Index 23
Index 17
Index 25
Index 57
Index 19
Index 1
Index 59
Index 40
Index 18
Index 28
Index 56
Index 44
Index 19
Index 13
Index 3
Index 25
Index 32
Index 56
Index 24
Index 20
Index 10
Index 56
Index 21
Index 24
Index 33
Index 50
Index 55
Index 37
Index 55
Index 53
Index 8
Index 43
Index 22
Index 6
Index 33
Index 14
Index 28
Index 53
Index 49
Index 17
Index 50
Index 24
Index 46
Index 27
Index 2
Index 0
Index 40
Index 9
Index 13
Index 18
Index 25
Index 58
Index 34
Index 34
Index 6
Index 52
Index 39
Index 33
Index 49
Index 35
Index 15
Index 35
Index 10
Index 37
Index 4
Index 30
Index 30
Index 21
Index 24
Index 10
Index 40
Index 21
Index 62
Index 61
Index 24
Index 43
Index 33
Index 55
Index 9
Index 59
Index 11
Index 43
Index 9
Index 37
Index 55
Index 38
Index 46
Index 13
Index 35
Index 19
Index 37
Index 32
Index 42
Index 11
Index 61
Index 30
Index 55
Index 63
Index 26
Index 15
Index 14
Index 62
Index 25
Index 29
Index 10
Index 48
Index 52
Index 39
Index 24
Index 21
Index 22
Index 35
Index 27
Index 34
Index 45
Index 3
Index 21
Index 44
Index 5
Index 11
Index 50
Index 32
Index 5
Index 32
Index 45
Index 21
Index 40
Index 39
Index 24
Index 58
Index 44
Index 9
Index 3
Index 30
Index 16
Index 60
Index 54
Index 32
Instructions Retired: 300004 Cycle: 132649 Hearbeat IPC: 2.303116 Cumulative IPC: 2.261638
Cycle: 132649	Best offset: 1	Score: 0	Hit Rate: 0.432027
Index 52
Index 37
Index 37
Index 2
Index 50
Index 63
Index 13
Index 62
Index 27
Index 22
Index 19
Index 55
Index 15
Index 55
Index 9
Index 39
Index 30
Index 24
Index 6
Index 25
Index 48
Index 39
Index 58
Index 50
Index 45
Index 34
Index 23
Index 0
Index 35
Index 4
Index 3
Index 40
Index 10
Index 0
Index 7
Index 35
Index 35
Index 27
Index 45
Index 45
Index 42
Index 10
Index 16
Index 24
Index 25
Index 34
Index 18
Index 18
Index 43
Index 5
Index 35
Index 6
Index 51
Index 50
Index 52
Index 39
Index 12
Index 14
Index 25
Index 48
Index 1
Index 15
Index 31
Index 54
Index 59
Index 8
Index 41
Index 8
Index 31
Index 8
Index 61
Index 48
Index 14
Index 31
Index 34
Index 22
Index 23
Index 4
Index 55
Index 14
Index 63
Index 4
Index 29
Index 62
Index 27
Index 13
Index 52
Index 60
Index 22
Index 34
Index 38
Index 29
Index 3
Index 25
Index 16
Index 43
Index 4
Index 37
Index 8
Index 20
Index 26
Index 13
Index 57
Index 21
Index 8
Index 46
Index 46
Index 9
Index 1
Index 17
Index 14
Index 0
Index 13
Index 61
Index 3
Index 17
Index 46
Index 25
Index 25
Index 49
Index 6
Index 19
Index 25
Index 6
Index 40
Index 24
Index 49
Index 39
Index 47
Index 28
Index 18
Index 15
Index 10
Index 0
Index 5
Index 63
Index 21
Index 33
Index 16
Index 41
Index 24
Index 32
Index 44
Index 2
Index 22
Index 50
Index 17
Index 55
Index 37
Index 55
Index 53
Index 3
Index 62
Index 11
Index 61
Index 32
Index 53
Index 17
Index 50
Index 24
Index 46
Index 27
Index 9
Index 15
Index 61
Index 25
Index 57
Index 32
Index 2
Index 48
Index 44
Index 4
Index 55
Index 58
Index 46
Index 0
Index 47
Index 33
Index 3
Index 10
Index 28
Index 4
Index 61
Index 35
Index 45
Index 10
Index 37
Index 4
Index 4
Index 0
Index 39
Index 24
Index 0
Index 29
Index 21
Index 21
Index 24
Index 40
Index 6
Index 61
Index 54
Index 8
Index 58
Index 63
Index 33
Index 61
Index 48
Index 41
Instructions Retired: 400005 Cycle: 189971 Hearbeat IPC: 1.744548 Cumulative IPC: 2.105611
Cycle: 189971	Best offset: 1	Score: 0	Hit Rate: 0.425057
Index 42
Index 8
Index 54
Index 33
Index 33
Index 35
Index 33
Index 52
Index 25
Index 58
Index 31
Index 62
Index 36
Index 30
Index 51
Index 25
Index 56
Index 24
Index 51
Index 37
Index 26
Index 29
Index 12
Index 44
Index 23
Index 24
Index 20
Index 43
Index 46
Index 22
Index 23
Index 34
Index 55
Index 45
Index 54
Index 3
Index 12
Index 24
Index 24
Index 7
Index 35
Index 25
Index 45
Index 21
Index 40
Index 24
Index 58
Index 33
Index 15
Index 9
Index 0
Index 42
Index 16
Index 60
Index 54
Index 32
Index 18
Index 44
Index 22
Index 2
Index 46
Index 7
Index 21
Index 2
Index 26
Index 44
Index 3
Index 59
Index 49
Index 11
Index 49
Index 42
Index 36
Index 49
Index 57
Index 22
Index 2
Index 20
Index 37
Index 31
Index 17
Index 25
Index 37
Index 13
Index 0
Index 59
Index 10
Index 13
Index 29
Index 62
Index 17
Index 10
Index 46
Index 6
Index 0
Index 6
Index 13
Index 5
Index 48
Index 4
Index 23
Index 4
Index 48
Index 28
Index 18
Index 13
Index 0
Index 10
Index 19
Index 56
Index 36
Index 59
Index 43
Index 59
Index 37
Index 7
Index 46
Index 55
Index 22
Index 59
Index 20
Index 24
Index 55
Index 39
Index 12
Index 12
Index 53
Index 2
Index 28
Index 3
Index 52
Index 59
Index 34
Index 56
Index 37
Index 30
Index 52
Index 61
Index 26
Index 43
Index 55
Index 59
Index 25
Index 52
Index 21
Index 26
Index 24
Index 8
Index 49
Index 33
Index 58
Index 10
Index 55
Index 27
Index 61
Index 43
Index 24
Index 2
Index 63
Index 9
Index 24
Index 31
Index 57
Index 18
Index 30
Index 26
Index 1
Index 13
Index 43
Index 59
Index 54
Index 47
Index 63
Index 15
Index 46
Index 15
Index 56
Index 3
Index 2
Index 21
Index 2
Index 24
Index 13
Instructions Retired: 500001 Cycle: 247262 Hearbeat IPC: 1.745405 Cumulative IPC: 2.022151
Cycle: 247262	Best offset: 1	Score: 0	Hit Rate: 0.423329
Index 28
Index 27
Index 29
Index 52
Index 27
Index 57
Index 45
Index 11
Index 35
Index 52
Index 31
Index 62
Index 62
Index 59
Index 55
Index 27
Index 53
Index 21
Index 23
Index 16
Index 10
Index 8
Index 14
Index 52
Index 3
Index 52
Index 48
Index 49
Index 27
Index 35
Index 28
Index 8
Index 5
Index 58
Index 15
Index 35
Index 42
Index 22
Index 59
Index 25
Index 15
Index 37
Index 4
Index 6
Index 47
Index 44
Index 13
Index 47
Index 1
Index 57
Index 39
Index 25
Index 20
Index 4
Index 22
Index 24
Index 0
Index 61
Index 29
Index 7
Index 62
Index 56
Index 42
Index 13
Index 55
Index 62
Index 15
Index 63
Index 63
Index 53
Index 47
Index 48
Index 25
Index 50
Index 20
Index 32
Index 59
Index 3
Index 25
Index 19
Index 28
Index 10
Index 55
Index 31
Index 60
Index 50
Index 50
Index 28
Index 17
Index 4
Index 57
Index 36
Index 45
Index 4
Index 56
Index 54
Index 52
Index 16
Index 33
Index 5
Index 2
Index 27
Index 10
Index 9
Index 56
Index 58
Index 25
Index 19
Index 26
Index 16
Index 33
Index 33
Index 10
Index 34
Index 4
Index 53
Index 33
Index 0
Index 43
Index 51
Index 33
Index 63
Index 60
Index 25
Index 39
Index 62
Index 31
Index 7
Index 36
Index 6
Index 41
Index 57
Index 34
Index 34
Index 19
Index 47
Index 9
Index 3
Index 23
Index 48
Index 13
Index 60
Index 28
Index 30
Index 42
Index 38
Index 55
Index 13
Index 33
Index 43
Index 25
Index 60
Index 29
Index 53
Index 25
Index 23
Index 6
Index 12
Index 4
Index 43
Index 13
Index 26
Index 57
Index 43
Index 10
Index 22
Index 36
Index 49
Index 54
Index 18
Index 46
Index 2
Index 5
Index 14
Index 61
Index 58
Index 13
Index 15
Index 34
Instructions Retired: 600003 Cycle: 301505 Hearbeat IPC: 1.843593 Cumulative IPC: 1.990027
Cycle: 301505	Best offset: 1	Score: 0	Hit Rate: 0.424017
Index 63
Index 35
Index 25
Index 56
Index 35
Index 63
Index 24
Index 53
Index 41
Index 41
Index 51
Index 12
Index 51
Index 16
Index 42
Index 6
Index 41
Index 14
Index 42
Index 22
Index 35
Index 33
Index 20
Index 28
Index 32
Index 18
Index 46
Index 56
Index 17
Index 18
Index 28
Index 20
Index 11
Index 27
Index 53
Index 7
Index 2
Index 56
Index 61
Index 6
Index 30
Index 14
Index 45
Index 24
Index 19
Index 36
Index 39
Index 23
Index 61
Index 40
Index 28
Index 53
Index 63
Index 44
Index 16
Index 11
Index 20
Index 46
Index 46
Index 24
Index 38
Index 24
Index 15
Index 48
Index 3
Index 36
Index 11
Index 36
Index 53
Index 61
Index 22
Index 46
Index 52
Index 10
Index 39
Index 24
Index 2
Index 26
Index 6
Index 38
Index 26
Index 28
Index 41
Index 26
Index 39
Index 7
Index 23
Index 57
Index 13
Index 35
Index 23
Index 17
Index 17
Index 6
Index 2
Index 55
Index 21
Index 7
Index 30
Index 16
Index 42
Index 53
Index 16
Index 63
Index 46
Index 0
Index 26
Index 7
Index 55
Index 47
Index 35
Index 15
Index 53
Index 24
Index 20
Index 42
Index 45
Index 18
Index 24
Index 57
Index 11
Index 53
Index 41
Index 26
Index 23
Index 36
Index 5
Index 26
Index 61
Index 37
Index 18
Index 11
Index 18
Index 18
Index 44
Index 52
Index 3
Index 54
Index 49
Index 15
Index 51
Index 29
Index 44
Index 56
Index 24
Index 13
Index 23
Index 25
Index 19
Index 18
Index 35
Index 7
Index 39
Index 40
Index 33
Index 35
Index 15
Index 35
Index 52
Index 58
Index 37
Index 5
Index 52
Index 37
Index 18
Index 21
Index 20
Index 25
Index 43
Index 32
Index 55
Index 9
Index 59
Index 59
Index 53
Index 39
Index 55
Index 33
Index 27
Instructions Retired: 700002 Cycle: 356889 Hearbeat IPC: 1.805558 Cumulative IPC: 1.961400
Cycle: 356889	Best offset: 1	Score: 0	Hit Rate: 0.426076
Index 27
Index 0
Index 10
Index 31
Index 45
Index 52
Index 42
Index 30
Index 58
Index 37
Index 56
Index 54
Index 24
Index 55
Index 24
Index 49
Index 37
Index 32
Index 29
Index 39
Index 25
Index 24
Index 24
Index 54
Index 59
Index 46
Index 27
Index 9
Index 35
Index 42
Index 29
Index 35
Index 5
Index 14
Index 18
Index 14
Index 25
Index 57
Index 44
Index 9
Index 23
Index 36
Index 18
Index 43
Index 46
Index 31
Index 41
Index 13
Index 12
Index 46
Index 7
Index 7
Index 51
Index 8
Index 35
Index 20
Index 28
Index 57
Index 17
Index 29
Index 25
Index 49
Index 11
Index 55
Index 23
Index 22
Index 34
Index 0
Index 0
Index 12
Index 33
Index 2
Index 7
Index 25
Index 12
Index 47
Index 23
Index 25
Index 21
Index 47
Index 19
Index 39
Index 63
Index 55
Index 17
Index 33
Index 17
Index 31
Index 0
Index 58
Index 53
Index 53
Index 57
Index 31
Index 14
Index 44
Index 24
Index 37
Index 13
Index 41
Index 2
Index 27
Index 35
Index 47
Index 50
Index 51
Index 29
Index 58
Index 18
Index 35
Index 44
Index 20
Index 24
Index 38
Index 10
Index 13
Index 47
Index 28
Index 49
Index 1
Index 23
Index 26
Index 45
Index 32
Index 46
Index 52
Index 41
Index 42
Index 41
Index 9
Index 55
Index 29
Index 21
Index 58
Index 26
Index 52
Index 20
Index 61
Index 24
Index 41
Index 16
Index 44
Index 29
Index 58
Index 32
Index 3
Index 15
Index 57
Index 47
Index 29
Index 46
Index 31
Index 37
Index 20
Index 4
Index 41
Index 40
Index 23
Index 23
Index 25
Index 17
Index 24
Index 25
Index 32
Index 33
Index 20
Index 55
Index 14
Index 6
Index 47
Index 57
Index 16
Index 29
Index 13
Index 26
Index 38
Index 53
Index 17
Index 13
Index 48
Index 25
Index 58
Index 60
Index 35
Index 11
Index 32
Instructions Retired: 800000 Cycle: 413793 Hearbeat IPC: 1.757311 Cumulative IPC: 1.933334
Cycle: 413793	Best offset: 1	Score: 0	Hit Rate: 0.424985
Index 59
Index 17
Index 60
Index 26
Index 11
Index 28
Index 40
Index 26
Index 50
Index 27
Index 58
Index 58
Index 23
Index 63
Index 33
Index 26
Index 8
Index 45
Index 46
Index 32
Index 55
Index 25
Index 19
Index 1
Index 20
Index 14
Index 36
Index 40
Index 52
Index 1
Index 43
Index 14
Index 55
Index 40
Index 16
Index 7
Index 12
Index 47
Index 35
Index 62
Index 54
Index 13
Index 21
Index 15
Index 4
Index 16
Index 3
Index 54
Index 7
Index 36
Index 28
Index 50
Index 6
Index 9
Index 32
Index 1
Index 12
Index 28
Index 54
Index 25
Index 10
Index 52
Index 51
Index 62
Index 26
Index 10
Index 29
Index 63
Index 3
Index 56
Index 57
Index 60
Index 3
Index 54
Index 26
Index 42
Index 12
Index 34
Index 17
Index 51
Index 28
Index 45
Index 25
Index 1
Index 30
Index 8
Index 38
Index 21
Index 55
Index 40
Index 31
Index 19
Index 63
Index 59
Index 2
Index 18
Index 62
Index 2
Index 32
Index 24
Index 11
Index 2
Index 38
Index 62
Index 10
Index 44
Index 38
Index 27
Index 8
Index 51
Index 2
Index 34
Index 9
Index 50
Index 56
Index 18
Index 36
Index 23
Index 55
Index 10
Index 43
Index 58
Index 47
Index 41
Index 18
Index 43
Index 27
Index 48
Index 38
Index 4
Index 48
Index 37
Index 25
Index 32
Index 15
Index 42
Index 24
Index 14
Index 35
Index 31
Index 57
Index 25
Index 33
Index 46
Index 2
Index 23
Index 49
Index 17
Index 54
Index 37
Index 54
Index 52
Index 62
Index 51
Index 57
Index 50
Index 22
Index 60
Index 6
Index 36
Index 12
Index 29
Index 38
Index 46
Index 8
Index 12
Index 23
Index 52
Index 34
Index 25
Index 46
Index 47
Index 19
Index 33
Index 57
Index 44
Index 25
Index 19
Index 21
Index 21
Index 2
Index 10
Index 26
Index 12
Index 14
Index 48
Index 57
Index 40
Index 23
Index 56
Instructions Retired: 900004 Cycle: 469305 Hearbeat IPC: 1.801484 Cumulative IPC: 1.917738
Cycle: 469305	Best offset: 1	Score: 0	Hit Rate: 0.429898
Index 1
Index 22
Index 35
Index 6
Index 41
Index 21
Index 1
Index 38
Index 39
Index 14
Index 8
Index 37
Index 54
Index 7
Index 40
Index 33
Index 56
Index 14
Index 33
Index 44
Index 38
Index 63
Index 54
Index 23
Index 50
Index 43
Index 1
Index 33
Index 40
Index 5
Index 61
Index 4
Index 2
Index 18
Index 42
Index 46
Index 25
Index 52
Index 14
Index 8
Index 30
Index 35
Index 27
Index 22
Index 9
Index 25
Index 19
Index 29
Index 46
Index 27
Index 55
Index 10
Index 28
Index 55
Index 14
Index 6
Index 31
Index 41
Index 48
Index 24
Index 58
Index 6
Index 1
Index 48
Index 52
Index 46
Index 23
Index 63
Index 4
Index 31
Index 23
Index 22
Index 18
Index 35
Index 2
Index 0
Index 55
Index 10
Index 15
Index 14
Index 35
Index 13
Index 10
Index 21
Index 28
Index 23
Index 25
Index 40
Index 40
Index 7
Index 59
Index 24
Index 10
Index 3
Index 27
Index 26
Index 20
Index 38
Index 29
Index 11
Index 22
Index 8
Index 42
Index 28
Index 14
Index 5
Index 39
Index 39
Index 30
Index 14
Index 59
Index 10
Index 10
Index 58
Index 53
Index 25
Index 26
Index 28
Index 28
Index 63
Index 47
Index 3
Index 33
Index 9
Index 4
Index 6
Index 28
Index 20
Index 0
Index 32
Index 47
Index 25
Index 63
Index 11
Index 54
Index 29
Index 62
Index 56
Index 23
Index 39
Index 0
Index 27
Index 24
Index 13
Index 44
Index 62
Index 50
Index 25
Index 35
Index 28
Index 36
Index 23
Index 45
Index 3
Index 18
Index 11
Index 32
Index 22
Index 5
Index 28
Index 63
Index 48
Index 44
Index 24
Index 23
Index 63
Index 54
Index 60
Index 26
Index 63
Index 33
Index 26
Index 8
Index 0
Index 21
Index 40
Index 59
Index 57
Index 57
Index 42
Index 23
Index 12
Index 10
Index 63
Index 6
Index 17
Index 29
Index 17
Index 39
Instructions Retired: 1000000 Cycle: 525066 Hearbeat IPC: 1.793296 Cumulative IPC: 1.904523
Cycle: 525066	Best offset: 1	Score: 0	Hit Rate: 0.429095
Index 37
Index 59
Index 3
Index 7
Index 7
Index 25
Index 28
Index 10
Index 55
Index 11
Index 50
Index 50
Index 29
Index 18
Index 59
Index 62
Index 28
Index 5
Index 49
Index 52
Index 13
Index 38
Index 24
Index 15
Index 49
Index 48
Index 27
Index 9
Index 13
Index 16
Index 3
Index 31
Index 34
Index 27
Index 5
Index 29
Index 55
Index 25
Index 11
Index 39
Index 10
Index 30
Index 15
Index 39
Index 39
Index 6
Index 55
Index 45
Index 25
Index 39
Index 62
Index 53
Index 11
Index 16
Index 30
Index 29
Index 62
Index 6
Index 39
Index 6
Index 7
Index 9
Index 30
Index 20
Index 8
Index 16
Index 51
Index 5
Index 37
Index 10
Index 10
Index 21
Index 25
Index 29
Index 63
Index 18
Index 39
Index 14
Index 39
Index 30
Index 52
Index 39
Index 20
Index 0
Index 44
Index 15
Index 23
Index 42
Index 39
Index 0
Index 47
Index 7
Index 21
Index 23
Index 42
Index 7
Index 21
Index 35
Index 16
Index 59
Index 31
Index 49
Offset switch to: 44	With score: 1
Index 16
Index 60
Index 58
Index 39
Index 13
Index 39
Index 15
Index 32
Index 44
Index 37
Index 1
Index 25
Index 57
Index 57
Index 13
Index 21
Index 23
Index 39
Index 2
Index 55
Index 20
Index 1
Index 13
Index 8
Index 25
Index 10
Index 38
Index 31
Index 53
Index 28
Index 10
Index 13
Index 12
Index 47
Index 43
Index 55
Offset switch to: 93	With score: 1
Index 37
Index 37
Index 52
Index 11
Index 44
Index 9
Index 46
Index 23
Index 15
Index 38
Index 38
Index 28
Index 6
Index 22
Index 59
Index 4
Index 39
Index 5
Index 33
Index 33
Index 35
Index 59
Index 59
Index 47
Index 48
Index 33
Index 15
Index 25
Index 12
Index 12
Index 61
Index 22
Index 26
Index 1
Index 44
Index 16
Index 25
Index 60
Offset switch to: 55	With score: 1
Index 43
Index 23
Index 30
Index 51
Index 51
Index 45
Index 8
Index 11
Index 27
Index 8
Index 22
Index 33
Index 17
Index 9
Index 43
Index 44
Index 45
Index 43
Index 0
Index 17
Index 43
Instructions Retired: 1100005 Cycle: 596793 Hearbeat IPC: 1.394245 Cumulative IPC: 1.843194
Cycle: 596793	Best offset: 55	Score: 1	Hit Rate: 0.413635
Index 48
Index 25
Index 13
Index 28
Index 13
Index 34
Index 20
Index 20
Index 1
Index 25
Index 57
Index 17
Index 5
Index 26
Index 49
Index 21
Index 17
Index 50
Index 55
Index 41
Index 27
Index 37
Index 51
Index 13
Index 51
Index 15
Index 53
Offset switch to: 71	With score: 1
Index 4
Index 35
Index 10
Index 50
Index 16
Index 25
Index 60
Index 17
Index 55
Index 21
Index 3
Index 49
Index 3
Index 32
Index 15
Index 6
Index 29
Index 45
Index 20
Index 25
Index 47
Index 0
Index 48
Index 9
Index 25
Index 14
Index 0
Index 30
Index 38
Index 11
Index 59
Index 52
Index 9
Index 56
Index 17
Index 25
Index 55
Index 42
Index 62
Index 58
Index 13
Index 9
Index 10
Index 49
Index 39
Index 44
Index 19
Index 20
Index 19
Index 18
Index 10
Index 40
Index 33
Index 49
Index 35
Index 20
Index 23
Index 36
Index 31
Index 11
Index 5
Index 1
Index 14
Index 40
Index 22
Index 62
Index 61
Index 25
Index 43
Index 10
Index 40
Index 25
Index 54
Index 43
Index 8
Offset switch to: 43	With score: 1
Index 37
Index 55
Index 35
Index 48
Index 11
Index 34
Index 18
Index 37
Index 31
Index 18
Index 36
Index 62
Index 62
Index 6
Index 15
Index 63
Index 17
Index 37
Index 25
Index 22
Index 22
Index 60
Index 46
Index 27
Index 9
Index 54
Index 57
Index 48
Index 28
Index 26
Index 18
Index 35
Index 35
Index 2
Index 58
Index 10
Index 14
Index 58
Index 26
Index 6
Index 10
Index 7
Index 56
Index 60
Index 50
Offset switch to: 39	With score: 1
Index 49
Index 11
Index 24
Index 43
Index 39
Index 39
Index 2
Index 30
Index 53
Index 63
Index 61
Index 40
Index 21
Index 39
Index 25
Index 27
Index 36
Index 12
Index 44
Index 57
Index 25
Index 19
Index 2
Index 52
Index 16
Index 10
Index 26
Index 19
Index 3
Index 29
Index 29
Index 39
Index 62
Index 27
Index 22
Index 17
Index 6
Index 60
Index 24
Index 42
Index 31
Index 54
Index 9
Offset switch to: 14	With score: 1
Index 53
Index 62
Instructions Retired: 1200002 Cycle: 696975 Hearbeat IPC: 0.998153 Cumulative IPC: 1.721729
Cycle: 696975	Best offset: 14	Score: 1	Hit Rate: 0.381086
Index 11
Index 47
Index 21
Index 32
Index 50
Index 15
Index 60
Index 20
Index 7
Index 29
Index 23
Index 56
Index 62
Index 56
Index 13
Index 40
Index 25
Index 42
Index 31
Index 45
Index 30
Index 51
Index 48
Index 23
Index 8
Index 54
Index 30
Index 11
Index 0
Index 49
Index 25
Index 58
Index 33
Index 28
Index 45
Index 23
Index 40
Index 0
Index 33
Index 28
Index 35
Index 31
Index 0
Index 54
Index 20
Index 6
Index 32
Index 35
Index 34
Index 38
Index 0
Index 39
Index 46
Index 37
Index 0
Offset switch to: 72	With score: 1
Index 14
Index 51
Index 25
Index 37
Index 1
Index 23
Index 31
Index 16
Index 46
Index 27
Index 63
Index 42
Index 48
Index 47
Index 26
Index 51
Index 12
Index 16
Index 24
Index 18
Index 60
Index 10
Index 57
Index 43
Index 12
Index 3
Index 16
Index 6
Index 37
Index 37
Index 25
Index 46
Index 50
Index 8
Index 9
Index 12
Index 47
Index 14
Index 41
Index 16
Index 44
Index 15
Index 56
Index 24
Index 59
Index 62
Index 15
Index 31
Index 33
Index 6
Index 43
Offset switch to: 75	With score: 1
Index 33
Index 36
Index 5
Index 54
Index 21
Index 56
Index 24
Index 9
Index 14
Index 62
Index 27
Index 42
Index 63
Index 4
Index 12
Index 9
Index 11
Index 51
Index 38
Index 54
Index 59
Index 8
Index 8
Index 25
Index 10
Index 14
Index 48
Index 39
Index 24
Index 24
Index 6
Index 60
Index 24
Index 26
Index 46
Index 58
Index 0
Index 1
Index 63
Index 14
Index 35
Index 42
Index 43
Index 11
Index 29
Index 4
Index 45
Index 27
Index 25
Index 39
Index 54
Index 40
Index 13
Index 59
Index 28
Index 25
Index 16
Index 40
Index 28
Index 3
Index 18
Index 43
Index 17
Index 5
Index 43
Index 38
Index 20
Index 28
Index 38
Index 25
Index 23
Index 23
Index 36
Index 31
Index 63
Index 57
Index 41
Index 26
Index 26
Index 47
Index 6
Index 35
Index 5
Index 21
Index 15
Index 5
Index 46
Index 55
Index 59
Index 56
Index 47
Index 36
Index 18
Index 14
Index 8
Index 6
Index 50
Index 36
Index 62
Index 20
Index 4
Index 41
Instructions Retired: 1300002 Cycle: 785562 Hearbeat IPC: 1.128834 Cumulative IPC: 1.654869
Cycle: 785562	Best offset: 75	Score: 0	Hit Rate: 0.368709
Index 24
Index 47
Index 2
Index 21
Index 50
Index 22
Index 55
Index 59
Index 37
Index 55
Index 19
Index 27
Index 55
Index 19
Index 6
Index 36
Index 51
Index 35
Index 18
Index 27
Index 18
Index 55
Index 62
Index 37
Index 41
Index 57
Index 14
Index 39
Index 21
Index 28
Index 57
Index 32
Index 2
Index 9
Index 58
Index 43
Index 51
Index 0
Index 45
Index 33
Index 3
Index 11
Index 27
Index 43
Index 20
Index 53
Index 61
Index 41
Index 34
Index 10
Index 36
Index 30
Index 54
Index 5
Index 63
Index 63
Index 39
Index 62
Index 21
Index 24
Index 39
Index 6
Index 23
Index 33
Index 51
Index 24
Index 56
Index 26
Index 61
Index 56
Index 0
Index 19
Index 55
Index 50
Index 20
Index 26
Index 34
Index 46
Index 54
Index 25
Index 10
Index 2
Index 2
Index 34
Index 34
Index 25
Index 49
Index 60
Index 52
Index 51
Index 61
Index 26
Index 28
Index 31
Index 3
Index 45
Index 57
Index 46
Index 22
Index 24
Index 54
Index 44
Index 30
Index 53
Index 3
Index 49
Index 5
Index 37
Index 11
Index 23
Index 47
Index 17
Index 18
Index 24
Index 57
Index 34
Index 36
Index 22
Index 35
Index 16
Index 42
Index 42
Index 47
Index 2
Index 17
Index 14
Index 16
Index 63
Index 8
Index 25
Index 13
Index 50
Index 21
Index 13
Index 58
Index 5
Index 56
Index 1
Index 25
Index 43
Index 28
Index 47
Index 49
Index 19
Index 63
Index 57
Index 31
Index 53
Index 41
Index 26
Index 2
Index 13
Index 36
Index 5
Index 36
Index 29
Index 6
Index 20
Index 53
Index 25
Index 17
Index 14
Index 45
Index 37
Index 61
Index 13
Index 17
Index 30
Index 33
Index 59
Index 13
Index 30
Index 10
Index 16
Index 30
Index 49
Index 62
Index 18
Index 59
Index 36
Index 26
Index 49
Index 22
Index 13
Index 23
Index 3
Index 30
Index 19
Index 60
Index 33
Index 3
Index 21
Index 19
Index 7
Index 9
Index 31
Index 54
Index 6
Index 38
Index 24
Index 48
Index 12
Index 17
Index 24
Index 57
Index 34
Index 8
Index 21
Index 53
Index 62
Index 45
Index 39
Index 2
Instructions Retired: 1400000 Cycle: 879486 Hearbeat IPC: 1.064669 Cumulative IPC: 1.591839
Cycle: 879486	Best offset: 75	Score: 0	Hit Rate: 0.349360
Index 2
Index 18
Index 7
Index 38
Index 54
Index 44
Index 0
Index 25
Index 6
Index 63
Index 31
Index 9
Index 47
Index 8
Index 25
Index 58
Index 13
Index 24
Index 51
Index 58
Index 28
Index 33
Index 24
Index 3
Index 3
Index 13
Index 13
Index 52
Index 2
Index 50
Index 7
Index 17
Index 30
Index 43
Index 28
Index 18
Index 21
Index 8
Index 3
Index 16
Index 57
Index 14
Index 21
Index 50
Index 9
Index 49
Index 22
Index 6
Index 16
Index 59
Index 4
Index 40
Index 42
Index 24
Index 34
Index 61
Index 22
Index 63
Index 2
Index 37
Index 24
Index 57
Index 61
Index 38
Index 57
Index 55
Index 19
Index 9
Index 46
Index 35
Index 0
Index 53
Index 30
Index 63
Index 44
Index 51
Index 43
Index 54
Index 14
Index 3
Index 26
Index 24
Index 57
Index 5
Index 33
Index 53
Index 2
Index 28
Index 22
Index 52
Index 29
Index 7
Index 4
Index 58
Index 56
Index 45
Index 47
Index 7
Index 53
Index 24
Index 3
Index 28
Index 46
Index 26
Index 31
Index 49
Index 10
Index 10
Index 47
Index 34
Index 50
Index 61
Index 60
Index 5
Index 28
Index 28
Index 47
Index 42
Index 58
Index 23
Index 6
Index 52
Index 17
Index 47
Index 41
Index 37
Index 57
Index 33
Index 33
Index 12
Index 10
Index 63
Index 44
Index 62
Index 50
Index 21
Index 56
Index 39
Index 23
Index 58
Index 6
Index 61
Index 22
Index 18
Index 29
Index 49
Index 49
Index 28
Index 17
Index 42
Index 24
Index 52
Index 5
Index 53
Index 55
Index 39
Index 53
Index 54
Index 16
Index 11
Index 9
Index 26
Index 24
Index 56
Index 33
Index 36
Index 35
Index 34
Index 9
Index 29
Index 50
Index 44
Index 25
Index 3
Index 17
Index 10
Index 37
Index 4
Index 4
Index 0
Index 0
Index 4
Index 26
Index 58
Index 21
Index 21
Index 24
Index 6
Index 23
Index 52
Index 12
Index 32
Index 2
Instructions Retired: 1500003 Cycle: 978876 Hearbeat IPC: 1.006168 Cumulative IPC: 1.532373
Cycle: 978876	Best offset: 75	Score: 0	Hit Rate: 0.327156
Index 16
Index 44
Index 34
Index 58
Index 2
Index 5
Index 20
Index 61
Index 61
Index 54
Index 26
Index 61
Index 11
Index 3
Index 24
Index 50
Index 31
Index 12
Index 38
Index 61
Index 29
Index 12
Index 34
Index 46
Index 26
Index 30
Index 53
Index 53
Index 41
Index 43
Index 19
Index 29
Index 38
Index 8
Index 21
Index 63
Index 28
Index 33
Index 31
Index 3
Index 58
Index 44
Index 27
Index 11
Index 35
Index 63
Index 38
Index 25
Index 57
Index 16
Index 5
Index 26
Index 49
Index 21
Index 17
Index 50
Index 28
Index 55
Index 40
Index 40
Index 51
Index 13
Index 51
Index 15
Index 42
Index 35
Index 10
Index 39
Index 54
Index 27
Index 56
Index 39
Index 35
Index 24
Index 3
Index 9
Index 48
Index 50
Index 8
Index 46
Index 28
Index 45
Index 45
Index 16
Index 34
Index 29
Index 34
Index 5
Index 47
Index 63
Index 57
Index 16
Index 35
Index 35
Index 53
Index 25
Index 21
Index 9
Index 9
Index 61
Index 23
Index 27
Index 10
Index 12
Index 12
Index 43
Index 39
Index 56
Index 12
Index 59
Index 3
Index 20
Index 0
Index 15
Index 36
Index 36
Index 40
Index 25
Index 56
Index 25
Index 52
Index 21
Index 42
Index 29
Index 58
Index 10
Index 1
Index 56
Index 22
Index 55
Index 42
Index 19
Index 38
Index 54
Index 8
Index 5
Index 50
Index 60
Index 26
Index 55
Index 24
Index 63
Index 20
Index 1
Index 10
Index 56
Index 24
Index 7
Index 39
Index 28
Index 7
Index 55
Index 8
Index 26
Index 51
Index 21
Index 45
Index 40
Index 10
Index 49
Index 9
Index 9
Index 41
Index 36
Index 23
Index 10
Index 43
Index 55
Index 61
Index 42
Index 18
Index 28
Index 9
Index 37
Index 56
Index 10
Index 19
Index 4
Index 46
Index 36
Index 15
Index 18
Index 31
Index 42
Index 45
Index 4
Index 24
Index 58
Index 11
Index 55
Index 40
Index 40
Index 34
Index 25
Index 33
Index 22
Index 50
Index 55
Index 37
Index 55
Instructions Retired: 1600001 Cycle: 1075761 Hearbeat IPC: 1.032131 Cumulative IPC: 1.487320
Cycle: 1075761	Best offset: 75	Score: 0	Hit Rate: 0.307573
Index 53
Index 8
Index 19
Index 18
Index 44
Index 26
Index 54
Index 26
Index 27
Index 9
Index 15
Index 17
Index 49
Index 0
Index 43
Index 0
Index 5
Index 57
Index 14
Index 22
Index 42
Index 25
Index 57
Index 34
Index 37
Index 24
Index 33
Index 21
Index 5
Index 12
Index 10
Index 57
Index 23
Index 13
Index 45
Index 16
Index 10
Index 25
Index 53
Index 33
Index 51
Index 35
Index 56
Index 29
Index 40
Index 41
Index 2
Index 62
Index 20
Index 22
Index 42
Index 30
Index 54
Index 9
Index 59
Index 41
Index 18
Index 5
Index 54
Index 32
Index 46
Index 26
Index 36
Index 10
Index 31
Index 2
Index 6
Index 26
Index 18
Index 61
Index 55
Index 56
Index 54
Index 26
Index 50
Index 22
Index 17
Index 49
Index 36
Index 1
Index 25
Index 22
Index 54
Index 59
Index 46
Index 29
Index 10
Index 35
Index 48
Index 54
Index 2
Index 32
Index 8
Index 20
Index 1
Index 2
Index 19
Index 32
Index 34
Index 19
Index 34
Index 20
Index 21
Index 33
Index 3
Index 35
Index 45
Index 5
Index 42
Index 37
Index 56
Index 14
Index 22
Index 23
Index 24
Index 55
Index 17
Index 61
Index 45
Index 22
Index 25
Index 46
Index 39
Index 2
Index 8
Index 57
Index 13
Index 27
Index 0
Index 34
Index 10
Index 32
Index 9
Index 19
Index 58
Index 25
Index 48
Index 22
Index 38
Index 51
Index 30
Index 31
Index 36
Index 55
Index 27
Index 6
Index 36
Index 53
Index 61
Index 63
Index 9
Index 3
Index 29
Index 24
Index 59
Index 56
Index 0
Index 4
Index 60
Index 17
Index 30
Index 51
Index 29
Index 41
Index 52
Index 25
Index 24
Index 41
Index 30
Index 41
Index 55
Index 41
Index 27
Index 7
Index 13
Index 24
Index 10
Index 38
Index 14
Index 43
Index 55
Index 29
Index 58
Index 26
Index 53
Index 36
Instructions Retired: 1700005 Cycle: 1175341 Hearbeat IPC: 1.004258 Cumulative IPC: 1.446393
Cycle: 1175341	Best offset: 75	Score: 0	Hit Rate: 0.290231
Index 25
Index 16
Index 43
Index 29
Index 48
Index 57
Index 51
Index 11
Index 31
Index 48
Index 46
Index 30
Index 1
Index 62
Index 56
Index 8
Index 20
Index 49
Index 14
Index 20
Index 21
Index 27
Index 30
Index 59
Index 25
Index 1
Index 21
Index 15
Index 47
Index 54
Index 47
Index 36
Index 23
Index 20
Index 10
Index 8
Index 6
Index 17
Index 30
Index 21
Index 39
Index 32
Index 25
Index 46
Index 61
Index 55
Index 11
Index 33
Index 60
Index 29
Index 60
Index 17
Index 36
Index 25
Index 35
Index 25
Index 26
Index 13
Index 34
Index 49
Index 27
Index 58
Index 2
Index 33
Index 25
Index 45
Index 46
Index 32
Index 43
Index 56
Index 25
Index 19
Index 55
Index 37
Index 59
Index 13
Index 15
Index 63
Index 23
Index 11
Index 39
Index 6
Index 32
Index 22
Index 46
Index 51
Index 40
Index 46
Index 4
Index 28
Index 49
Index 54
Index 7
Index 31
Index 21
Index 2
Index 57
Index 7
Index 60
Index 15
Index 14
Index 30
Index 10
Index 39
Index 56
Index 35
Index 30
Index 39
Index 21
Index 12
Index 8
Index 5
Index 3
Index 6
Index 35
Index 56
Index 46
Index 38
Index 31
Index 52
Index 26
Index 1
Index 9
Index 13
Index 58
Index 56
Index 29
Index 43
Index 46
Index 3
Index 42
Index 56
Index 36
Index 25
Index 19
Index 25
Index 47
Index 38
Index 2
Index 0
Index 13
Index 8
Index 55
Index 10
Index 31
Index 14
Index 9
Index 19
Index 60
Index 23
Index 28
Index 63
Index 26
Index 40
Index 16
Index 38
Index 4
Index 16
Index 8
Index 30
Index 30
Index 4
Index 33
Index 23
Instructions Retired: 1800002 Cycle: 1276390 Hearbeat IPC: 0.989589 Cumulative IPC: 1.410229
Cycle: 1276390	Best offset: 75	Score: 0	Hit Rate: 0.274728
Index 13
Index 40
Index 18
Index 27
Index 16
Index 44
Index 11
Index 1
Index 30
Index 61
Index 30
Index 36
Index 61
Index 2
Index 57
Index 23
Index 57
Index 39
Index 24
Index 63
Index 35
Index 8
Index 17
Index 24
Index 25
Index 7
Index 57
Index 14
Index 26
Index 0
Index 39
Index 53
Index 46
Index 55
Index 29
Index 59
Index 58
Index 53
Index 62
Index 61
Index 22
Index 16
Index 43
Index 36
Index 55
Index 3
Index 19
Index 13
Index 47
Index 32
Index 31
Index 1
Index 50
Index 49
Index 16
Index 22
Index 23
Index 32
Index 17
Index 25
Index 24
Index 56
Index 1
Index 47
Index 34
Index 29
Index 15
Index 26
Index 10
Index 8
Index 6
Index 17
Index 30
Index 17
Index 39
Index 55
Index 32
Index 35
Index 58
Index 7
Index 7
Index 26
Index 10
Index 10
Index 55
Index 11
Index 8
Index 56
Index 50
Index 28
Index 18
Index 35
Index 57
Index 40
Index 14
Index 62
Index 53
Index 36
Index 53
Index 13
Index 24
Index 25
Index 57
Index 48
Index 19
Index 2
Index 32
Index 25
Index 45
Index 22
Index 48
Index 10
Index 9
Index 4
Index 56
Index 23
Index 26
Index 39
Index 15
Index 14
Index 55
Index 45
Index 16
Index 35
Index 8
Index 31
Index 43
Index 43
Index 6
Index 45
Index 6
Index 9
Index 51
Index 31
Index 41
Index 45
Index 29
Index 33
Index 5
Index 60
Index 22
Index 48
Index 60
Index 51
Index 44
Index 29
Index 5
Index 34
Index 46
Index 22
Index 26
Index 6
Index 30
Index 5
Index 24
Index 16
Index 52
Index 42
Index 26
Index 43
Index 36
Index 28
Index 33
Index 47
Index 2
Instructions Retired: 1900005 Cycle: 1374628 Hearbeat IPC: 1.017967 Cumulative IPC: 1.382196
Cycle: 1374628	Best offset: 75	Score: 0	Hit Rate: 0.260868
Index 30
Index 43
Index 5
Index 5
Index 20
Index 23
Index 52
Index 44
Index 45
Index 19
Index 13
Index 49
Index 15
Index 24
Index 56
Index 5
Index 25
Index 48
Index 17
Index 12
Index 18
Index 39
Index 39
Index 51
Index 13
Index 51
Index 58
Index 53
Index 35
Index 13
Index 25
Index 13
Index 25
Index 33
Index 3
Index 59
Index 58
Index 51
Index 22
Index 19
Index 28
Index 33
Index 52
Index 27
Index 61
Index 5
Index 28
Index 47
Index 21
Index 24
Index 44
Index 12
Index 21
Index 24
Index 14
Index 1
Index 41
Index 16
Index 51
Index 18
Index 33
Index 44
Index 31
Index 60
Index 58
Index 18
Index 15
Index 11
Index 12
Index 42
Index 29
Index 21
Index 26
Index 14
Index 23
Index 5
Index 32
Index 5
Index 26
Index 45
Index 1
Index 21
Index 58
Index 40
Index 21
Index 0
Index 9
Index 46
Index 13
Index 23
Index 62
Index 37
Index 30
Index 0
Index 57
Index 33
Index 3
Index 32
Index 54
Index 40
Index 40
Index 51
Index 11
Index 51
Index 58
Index 7
Index 15
Index 28
Index 40
Index 10
Index 9
Index 9
Index 50
Index 12
Index 22
Index 56
Index 59
Index 48
Index 22
Index 18
Index 44
Index 45
Index 54
Index 15
Index 32
Index 52
Index 12
Index 1
Index 56
Index 60
Index 6
Index 44
Index 33
Index 3
Index 43
Index 10
Index 19
Index 25
Index 63
Index 2
Index 26
Index 28
Index 53
Index 58
Index 44
Index 16
Index 62
Index 60
Index 61
Index 16
Index 12
Index 26
Index 15
Index 24
Index 5
Index 32
Index 2
Index 51
Index 59
Index 22
Index 46
Index 58
Index 10
Index 45
Index 37
Index 31
Index 9
Index 23
Index 19
Index 6
Index 27
Index 6
Index 51
Index 63
Instructions Retired: 2000002 Cycle: 1469962 Hearbeat IPC: 1.048912 Cumulative IPC: 1.360581
Cycle: 1469962	Best offset: 75	Score: 0	Hit Rate: 0.248189
Index 32
Index 7
Index 38
Index 28
Index 57
Index 49
Index 12
Index 7
Index 36
Index 18
Index 38
Index 33
Index 32
Index 3
Index 43
Index 61
Index 54
Index 39
Index 42
Index 24
Index 41
Index 31
Index 41
Index 45
Index 20
Index 51
Index 48
Index 54
Index 28
Index 1
Index 39
Index 31
Index 58
Index 58
Index 7
Index 22
Index 33
Index 5
Index 40
Index 26
Index 58
Index 45
Index 8
Index 30
Index 49
Index 20
Index 20
Index 2
Index 42
Index 16
Index 37
Index 13
Index 13
Index 51
Index 63
Index 21
Index 60
Index 28
Index 36
Index 25
Index 25
Index 38
Index 57
Index 2
Index 25
Index 8
Index 38
Index 14
Index 20
Index 16
Index 2
Index 55
Index 12
Index 11
Index 47
Index 55
Index 5
Index 5
Index 52
Index 14
Index 44
Index 37
Index 28
Index 38
Index 23
Index 23
Index 21
Index 13
Index 40
Index 40
Index 44
Index 44
Index 56
Index 33
Index 28
Index 45
Index 33
Index 5
Index 54
Index 21
Index 26
Index 39
Index 29
Index 14
Index 25
Index 48
Index 48
Index 42
Index 46
Index 4
Index 60
Index 17
Index 11
Index 14
Index 54
Index 59
Index 8
Index 41
Index 8
Index 25
Index 10
Index 49
Index 37
Index 17
Index 43
Index 24
Index 26
Index 44
Index 52
Index 0
Index 52
Index 33
Index 20
Index 46
Index 47
Index 63
Index 39
Index 32
Index 13
Index 43
Index 28
Index 30
Index 58
Index 22
Index 0
Index 25
Index 50
Index 53
Index 62
Index 22
Index 34
Index 38
Index 46
Index 24
Index 55
Index 2
Index 23
Index 0
Index 7
Index 38
Index 28
Index 7
Index 29
Index 55
Index 8
Index 26
Index 7
Index 37
Index 16
Index 16
Index 21
Index 62
Index 17
Index 44
Index 12
Index 21
Index 24
Index 30
Index 21
Index 36
Index 11
Index 32
Index 52
Index 15
Index 58
Index 11
Index 16
Index 41
Index 30
Index 2
Index 41
Index 42
Index 33
Index 4
Index 51
Index 21
Index 61
Index 35
Index 9
Instructions Retired: 2100001 Cycle: 1568978 Hearbeat IPC: 1.009928 Cumulative IPC: 1.338452
Cycle: 1568978	Best offset: 75	Score: 0	Hit Rate: 0.236812
Index 45
Index 17
Index 21
Index 27
Index 2
Index 51
Index 17
Index 32
Index 45
Index 8
Index 9
Index 46
Index 35
Index 24
Index 18
Index 24
Index 3
Index 59
Index 23
Index 25
Index 4
Index 13
Index 1
Index 0
Index 10
Index 40
Index 57
Index 4
Index 54
Index 14
Index 37
Index 32
Index 63
Index 48
Index 30
Index 39
Index 25
Index 11
Index 17
Index 44
Index 30
Index 41
Index 33
Index 62
Index 3
Index 39
Index 27
Index 26
Index 53
Index 24
Index 55
Index 47
Index 35
Index 5
Index 19
Index 19
Index 3
Index 25
Index 32
Index 2
Index 55
Index 10
Index 42
Index 58
Index 28
Index 17
Index 48
Index 15
Index 34
Index 29
Index 16
Index 0
Index 8
Index 4
Index 9
Index 7
Index 21
Index 32
Index 56
Index 18
Index 41
Index 41
Index 26
Index 32
Index 47
Index 0
Index 56
Index 47
Index 11
Index 34
Index 57
Index 22
Index 44
Index 62
Index 14
Index 61
Index 33
Index 36
Index 53
Index 17
Index 50
Index 29
Index 46
Index 2
Index 27
Index 8
Index 15
Index 11
Index 41
Index 25
Index 57
Index 32
Index 2
Index 9
Index 58
Index 13
Index 51
Index 20
Index 33
Index 3
Index 27
Index 46
Index 20
Index 53
Index 61
Index 6
Index 36
Index 30
Index 43
Index 30
Index 9
Index 40
Index 22
Index 0
Index 22
Index 47
Index 51
Index 10
Index 52
Index 24
Index 34
Index 0
Index 48
Index 41
Index 23
Index 42
Index 6
Index 37
Index 54
Index 34
Index 59
Index 57
Index 52
Index 6
Index 28
Index 41
Index 62
Index 35
Index 61
Index 49
Index 43
Index 27
Index 14
Index 13
Index 55
Index 23
Index 50
Index 32
Index 30
Index 23
Index 18
Index 7
Index 63
Index 32
Index 20
Index 62
Index 36
Index 36
Index 20
Index 13
Index 11
Index 30
Index 49
Index 55
Index 16
Index 17
Index 31
Index 30
Index 57
Index 33
Index 20
Index 36
Index 16
Index 41
Index 61
Index 19
Index 31
Index 45
Index 3
Index 17
Index 29
Index 17
Index 43
Index 25
Index 53
Index 52
Instructions Retired: 2200003 Cycle: 1674054 Hearbeat IPC: 0.951711 Cumulative IPC: 1.314177
Cycle: 1674054	Best offset: 75	Score: 0	Hit Rate: 0.226388
Index 37
Index 50
Index 62
Index 54
Index 39
Index 5
Index 24
Index 13
Index 63
Index 44
Index 9
Index 39
Index 28
Index 9
Index 10
Index 26
Index 2
Index 43
Index 35
Index 35
Index 55
Index 49
Index 24
Index 43
Index 16
Index 49
Index 23
Index 27
Index 21
Index 7
Index 37
Index 63
Index 45
Index 46
Index 16
Index 33
Index 53
Index 13
Index 16
Index 9
Index 43
Index 1
Index 61
Index 6
Index 31
Index 15
Index 42
Index 15
Index 10
Index 19
Index 35
Index 24
Index 2
Index 22
Index 33
Index 53
Index 29
Index 58
Index 16
Index 43
Index 51
Index 21
Index 60
Index 46
Index 21
Index 53
Index 59
Index 14
Index 56
Index 22
Index 38
Index 60
Index 25
Index 57
Index 46
Index 54
Index 50
Index 26
Index 3
Index 51
Index 60
Index 2
Index 62
Index 37
Index 32
Index 32
Index 12
Index 8
Index 43
Index 2
Index 25
Index 43
Index 23
Index 30
Index 15
Index 33
Index 18
Index 19
Index 12
Index 36
Index 32
Index 11
Index 16
Index 1
Index 26
Index 26
Index 19
Index 36
Index 2
Index 35
Index 61
Index 56
Index 18
Index 62
Index 56
Index 13
Index 26
Index 16
Index 42
Index 10
Index 36
Index 6
Index 21
Index 6
Index 15
Index 13
Index 48
Index 7
Index 12
Index 23
Index 8
Index 26
Index 63
Index 43
Index 26
Index 55
Index 23
Index 48
Index 20
Index 54
Index 40
Index 58
Index 40
Index 24
Index 2
Index 0
Index 35
Index 55
Index 44
Index 55
Index 23
Index 58
Index 61
Index 15
Index 7
Index 8
Index 32
Index 23
Index 58
Index 5
Index 47
Index 55
Index 0
Index 54
Index 2
Index 52
Index 27
Index 22
Index 21
Index 10
Index 27
Index 20
Index 38
Index 58
Index 56
Index 37
Index 23
Index 35
Index 45
Index 27
Index 4
Index 6
Index 45
Index 61
Index 50
Index 7
Index 21
Instructions Retired: 2300001 Cycle: 1778462 Hearbeat IPC: 0.957762 Cumulative IPC: 1.293253
Cycle: 1778462	Best offset: 75	Score: 0	Hit Rate: 0.216793
Index 34
Index 60
Index 50
Index 17
Index 57
Index 1
Index 28
Index 28
Index 22
Index 37
Index 23
Index 2
Index 22
Index 60
Index 24
Index 33
Index 56
Index 36
Index 58
Index 31
Index 0
Index 1
Index 41
Index 39
Index 4
Index 33
Index 33
Index 28
Index 15
Index 26
Index 24
Index 26
Index 52
Index 56
Index 25
Index 50
Index 20
Index 55
Index 1
Index 21
Index 41
Index 3
Index 2
Index 21
Index 37
Index 47
Index 29
Index 4
Index 47
Index 47
Index 27
Index 16
Index 2
Index 28
Index 60
Index 26
Index 46
Index 52
Index 10
Index 54
Index 44
Index 54
Index 53
Index 47
Index 45
Index 31
Index 17
Index 21
Index 2
Index 26
Index 57
Index 53
Index 26
Index 35
Index 51
Index 28
Index 53
Index 0
Index 25
Index 47
Index 10
Index 60
Index 60
Index 44
Index 36
Index 34
Index 29
Index 32
Index 9
Index 11
Index 49
Index 63
Index 30
Index 56
Index 63
Index 62
Index 12
Index 24
Index 62
Index 21
Index 48
Index 61
Index 42
Index 42
Index 24
Index 44
Index 55
Index 31
Index 33
Index 33
Index 5
Index 21
Index 41
Index 3
Index 52
Index 24
Index 48
Index 48
Index 17
Index 25
Index 4
Index 27
Index 39
Index 13
Index 14
Index 12
Index 42
Index 40
Index 8
Index 58
Index 8
Index 8
Index 10
Index 28
Index 45
Index 20
Index 42
Index 18
Index 29
Index 45
Index 25
Index 34
Index 19
Index 60
Index 15
Index 2
Index 30
Index 54
Index 1
Index 53
Index 1
Index 43
Index 54
Index 43
Index 19
Index 51
Index 50
Index 62
Index 17
Index 24
Index 54
Index 23
Index 63
Index 61
Index 4
Index 14
Index 23
Index 49
Index 2
Index 24
Index 44
Index 3
Index 29
Index 1
Index 46
Index 25
Index 31
Index 2
Index 55
Index 58
Index 19
Index 28
Index 51
Index 9
Index 35
Index 4
Index 55
Index 10
Index 19
Index 15
Index 19
Index 17
Index 31
Index 17
Index 21
Index 40
Index 41
Index 41
Index 33
Index 24
Index 32
Index 35
Index 55
Index 55
Index 53
Index 8
Index 20
Index 43
Index 51
Index 30
Index 33
Index 15
Index 56
Index 41
Index 3
Index 24
Index 24
Index 57
Index 2
Index 25
Index 19
Index 18
Index 43
Index 35
Index 7
Index 52
Index 46
Index 48
Index 13
Index 16
Index 6
Index 28
Index 25
Index 53
Index 32
Index 55
Index 9
Index 59
Index 59
Index 52
Index 0
Index 38
Index 21
Index 58
Index 54
Index 8
Index 35
Index 27
Index 38
Instructions Retired: 2400000 Cycle: 1885747 Hearbeat IPC: 0.932087 Cumulative IPC: 1.272705
Cycle: 1885747	Best offset: 75	Score: 0	Hit Rate: 0.205653
Index 31
Index 21
Index 44
Index 30
Index 30
Index 44
Index 6
Index 24
Index 51
Index 27
Index 1
Index 22
Index 22
Index 55
Index 60
Index 7
Index 27
Index 9
Index 48
Index 13
Index 0
Index 8
Index 14
Index 41
Index 25
Index 58
Index 34
Index 9
Index 42
Index 35
Index 16
Index 54
Index 32
Index 52
Index 52
Index 2
Index 2
Index 51
Index 7
Index 7
Index 35
Index 35
Index 2
Index 39
Index 19
Index 25
Index 19
Index 63
Index 31
Index 55
Index 59
Index 41
Index 29
Index 9
Index 56
Index 10
Index 28
Index 51
Index 53
Index 21
Index 6
Index 17
Index 11
Index 8
Index 37
Index 37
Index 36
Index 26
Index 29
Index 61
Index 18
Index 61
Index 21
Index 14
Index 23
Index 63
Index 22
Index 30
Index 30
Index 30
Index 21
Index 33
Index 10
Index 45
Index 41
Index 55
Index 30
Index 30
Index 18
Index 44
Index 6
Index 24
Index 48
Index 37
Index 4
Index 62
Index 25
Index 22
Index 22
Index 60
Index 27
Index 10
Index 38
Index 46
Index 13
Index 1
Index 32
Index 6
Index 32
Index 14
Index 18
Index 21
Index 6
Index 26
Index 44
Index 9
Index 63
Index 44
Index 16
Index 6
Index 45
Index 32
Index 5
Index 15
Index 5
Index 6
Index 52
Index 37
Index 1
Index 1
Index 34
Index 34
Index 37
Index 26
Index 56
Index 2
Index 25
Index 1
Index 62
Index 34
Index 62
Index 20
Index 57
Index 31
Index 56
Index 8
Index 0
Index 11
Index 11
Index 30
Index 34
Index 2
Index 7
Index 8
Index 19
Index 5
Index 11
Index 56
Index 47
Index 25
Index 29
Index 22
Index 21
Index 47
Index 15
Index 24
Index 0
Index 53
Index 15
Index 29
Index 11
Index 39
Index 1
Index 55
Index 55
Index 59
Index 14
Index 24
Index 15
Index 15
Index 25
Index 54
Index 29
Index 18
Index 19
Index 35
Index 45
Index 11
Index 33
Index 46
Index 7
Index 23
Index 26
Index 29
Index 63
Index 9
Index 22
Index 59
Index 40
Index 22
Index 17
Index 50
Index 0
Index 42
Index 17
Index 2
Index 63
Index 40
Index 32
Index 46
Index 26
Index 41
Index 42
Index 41
Index 14
Index 21
Index 20
Index 57
Index 35
Index 4
Index 43
Index 51
Index 18
Index 16
Index 26
Index 33
Index 17
Index 28
Index 45
Index 61
Index 11
Index 8
Index 31
Index 48
Index 45
Index 17
Index 37
Index 12
Index 38
Index 19
Index 48
Index 15
Index 14
Index 47
Index 6
Index 46
Instructions Retired: 2500003 Cycle: 1999060 Hearbeat IPC: 0.882538 Cumulative IPC: 1.250589
Cycle: 1999060	Best offset: 75	Score: 0	Hit Rate: 0.195609
Index 25
Index 6
Index 58
Index 53
Index 21
Index 14
Index 23
Index 24
Index 14
Index 10
Index 8
Index 5
Index 17
Index 29
Index 21
Index 24
Index 61
Index 35
Index 11
Index 33
Index 60
Index 48
Index 18
Index 4
Index 62
Index 9
Index 5
Index 49
Index 39
Index 33
Index 49
Index 27
Index 57
Index 33
Index 25
Index 6
Index 21
Index 4
Index 26
Index 32
Index 57
Index 19
Index 26
Index 35
Index 35
Index 36
Index 20
Index 62
Index 13
Index 59
Index 13
Index 55
Index 39
Index 15
Index 7
Index 12
Index 44
Index 62
Index 8
Index 37
Index 22
Index 49
Index 52
Index 12
Index 30
Index 36
Index 18
Index 30
Index 9
Index 30
Index 11
Index 19
Index 16
Index 17
Index 21
Index 27
Index 55
Index 0
Index 61
Index 30
Index 38
Index 60
Index 54
Index 32
Index 58
Index 1
Index 0
Index 63
Index 49
Index 38
Index 34
Index 18
Index 44
Index 11
Index 24
Index 45
Index 60
Index 10
Index 16
Index 35
Index 21
Index 5
Index 30
Index 15
Index 33
Index 6
Index 24
Index 49
Index 43
Index 58
Index 20
Index 0
Index 24
Index 18
Index 34
Index 42
Index 24
Index 28
Index 27
Index 0
Index 30
Index 54
Index 15
Index 49
Index 13
Index 39
Index 31
Index 5
Index 56
Index 9
Index 50
Index 49
Index 35
Index 25
Index 32
Index 41
Index 56
Index 10
Index 43
Index 59
Index 27
Index 57
Index 47
Index 41
Index 18
Index 9
Index 62
Index 3
Index 46
Index 40
Index 6
Index 19
Index 49
Index 16
Index 60
Index 25
Index 25
Index 43
Index 9
Index 28
Index 61
Index 51
Index 18
Index 56
Index 4
Index 3
Index 38
Index 56
Index 18
Index 17
Index 45
Index 23
Index 59
Index 62
Index 14
Index 11
Index 15
Instructions Retired: 2600000 Cycle: 2096299 Hearbeat IPC: 1.028363 Cumulative IPC: 1.240281
Cycle: 2096299	Best offset: 75	Score: 0	Hit Rate: 0.188411
Index 40
Index 1
Index 8
Index 15
Index 14
Index 52
Index 54
Index 24
Index 18
Index 17
Index 27
Index 34
Index 24
Index 59
Index 47
Index 26
Index 18
Index 60
Index 34
Index 53
Index 15
Index 61
Index 36
Index 18
Index 11
Index 6
Index 61
Index 62
Index 16
Index 57
Index 63
Index 26
Index 42
Index 32
Index 54
Index 9
Index 59
Index 14
Index 57
Index 63
Index 11
Index 38
Index 62
Index 24
Index 54
Index 8
Index 20
Index 38
Index 32
Index 24
Index 46
Index 3
Index 42
Index 43
Index 7
Index 61
Index 15
Index 14
Index 30
Index 28
Index 31
Index 45
Index 33
Index 43
Index 46
Index 7
Index 26
Index 42
Index 51
Index 34
Index 14
Index 30
Index 36
Index 8
Index 6
Index 35
Index 14
Index 26
Index 34
Index 38
Index 21
Index 37
Index 16
Index 9
Index 41
Index 61
Index 30
Index 2
Index 17
Index 55
Index 17
Index 43
Index 20
Index 16
Index 5
Index 43
Index 60
Index 30
Index 6
Index 26
Index 13
Index 63
Index 9
Index 45
Index 33
Index 38
Index 50
Index 44
Index 58
Index 22
Index 26
Index 52
Index 14
Index 40
Index 34
Index 31
Index 56
Index 11
Index 9
Index 47
Index 6
Index 22
Index 26
Index 21
Index 12
Index 47
Index 15
Index 49
Index 45
Index 33
Index 29
Index 10
Index 9
Index 61
Index 14
Index 44
Index 41
Index 17
Index 26
Index 27
Index 35
Index 1
Index 41
Index 18
Index 1
Index 15
Index 61
Index 35
Index 62
Index 53
Index 49
Index 13
Index 29
Index 29
Index 55
Index 27
Index 25
Index 53
Index 16
Index 50
Index 62
Index 50
Index 30
Index 45
Index 24
Index 3
Index 26
Index 25
Index 53
Index 22
Index 11
Index 28
Index 54
Index 21
Index 32
Index 27
Index 59
Index 18
Index 37
Index 27
Index 10
Index 10
Index 50
Index 25
Index 54
Index 3
Index 54
Index 61
Index 25
Index 16
Index 10
Instructions Retired: 2700002 Cycle: 2195355 Hearbeat IPC: 1.009550 Cumulative IPC: 1.229870
Cycle: 2195355	Best offset: 75	Score: 0	Hit Rate: 0.181804
Index 1
Index 26
Index 33
Index 1
Index 22
Index 52
Index 23
Index 22
Index 4
Index 24
Index 6
Index 56
Index 36
Index 58
Index 25
Index 46
Index 41
Index 40
Index 4
Index 21
Index 33
Index 33
Index 0
Index 23
Index 13
Index 10
Index 8
Index 6
Index 17
Index 29
Index 17
Index 14
Index 10
Index 18
Index 23
Index 10
Index 11
Index 2
Index 29
Index 58
Index 31
Index 17
Index 60
Index 51
Index 44
Index 55
Index 17
Index 58
Index 15
Index 11
Index 8
Index 12
Index 26
Index 0
Index 10
Index 16
Index 15
Index 15
Index 26
Index 19
Index 42
Index 34
Index 7
Index 24
Index 39
Index 58
Index 49
Index 47
Index 18
Index 41
Index 17
Index 8
Index 36
Index 10
Index 4
Index 9
Index 62
Index 54
Index 45
Index 27
Index 31
Index 35
Index 25
Index 60
Index 57
Index 61
Index 36
Index 47
Index 15
Index 21
Index 24
Index 33
Index 11
Index 4
Index 35
Index 20
Index 38
Index 32
Index 50
Index 3
Index 61
Index 54
Index 58
Index 43
Index 24
Index 42
Index 32
Index 42
Index 51
Index 45
Index 20
Index 15
Index 12
Index 14
Index 48
Index 31
Index 43
Index 31
Index 61
Index 9
Index 3
Index 28
Index 42
Index 14
Index 51
Index 40
Index 54
Index 50
Index 7
Index 18
Index 9
Index 2
Index 20
Index 36
Index 46
Index 15
Index 28
Index 55
Index 4
Index 34
Index 55
Index 32
Index 10
Index 0
Index 60
Index 47
Index 23
Index 23
Index 33
Index 14
Index 41
Index 19
Index 14
Index 14
Index 51
Index 17
Index 41
Index 6
Index 47
Index 61
Index 7
Index 24
Index 52
Index 24
Index 43
Index 38
Index 24
Index 20
Index 60
Index 40
Index 40
Index 51
Index 14
Index 58
Index 7
Index 12
Index 21
Index 11
Index 46
Index 62
Index 61
Index 15
Index 40
Index 63
Index 15
Index 10
Index 30
Index 24
Index 54
Index 55
Index 44
Index 2
Index 7
Index 27
Index 11
Index 18
Index 61
Index 7
Index 46
Index 31
Index 4
Index 45
Index 11
Index 24
Index 24
Instructions Retired: 2800000 Cycle: 2288848 Hearbeat IPC: 1.069577 Cumulative IPC: 1.223323
Cycle: 2288848	Best offset: 75	Score: 0	Hit Rate: 0.175597
Index 27
Index 0
Index 49
Index 61
Index 41
Index 13
Index 13
Index 25
Index 43
Index 24
Index 62
Index 23
Index 59
Index 23
Index 21
Index 9
Index 28
Index 17
Index 26
Index 51
Index 31
Index 45
Index 28
Index 51
Index 59
Index 23
Index 1
Index 22
Index 21
Index 31
Index 26
Index 20
Index 37
Index 23
Index 27
Index 37
Index 10
Index 10
Index 50
Index 28
Index 8
Index 25
Index 12
Index 6
Index 18
Index 36
Index 21
Index 3
Index 50
Index 55
Index 14
Index 2
Index 11
Index 5
Index 21
Index 48
Index 50
Index 13
Index 6
Index 25
Index 41
Index 54
Index 8
Index 8
Index 12
Index 24
Index 51
Index 25
Index 55
Index 47
Index 42
Index 22
Index 18
Index 19
Index 28
Index 26
Index 57
Index 60
Index 46
Index 58
Index 5
Index 3
Index 60
Index 22
Index 25
Index 32
Index 43
Index 48
Index 26
Index 45
Index 51
Index 56
Index 44
Index 38
Index 56
Index 52
Index 30
Index 59
Index 60
Index 18
Index 14
Index 10
Index 15
Index 11
Index 7
Index 41
Index 15
Index 24
Index 50
Index 29
Index 31
Index 45
Index 40
Index 41
Index 47
Index 41
Index 22
Index 0
Index 47
Index 53
Index 62
Index 22
Index 59
Index 25
Index 10
Index 62
Index 61
Index 56
Index 32
Index 3
Index 13
Index 7
Index 47
Index 48
Index 29
Index 46
Index 39
Index 6
Index 15
Index 56
Index 4
Index 28
Index 39
Index 25
Index 23
Index 32
Index 17
Index 3
Index 6
Index 26
Index 0
Index 1
Index 18
Index 20
Index 52
Index 12
Index 46
Index 28
Index 50
Index 31
Index 47
Index 4
Index 57
Index 24
Index 41
Index 42
Index 60
Index 60
Index 23
Index 3
Index 5
Index 5
Index 23
Index 61
Index 34
Index 32
Index 35
Index 54
Index 47
Index 47
Index 44
Index 4
Index 56
Index 54
Index 49
Index 54
Index 56
Index 25
Index 42
Index 24
Index 22
Index 19
Index 16
Index 24
Index 4
Index 25
Instructions Retired: 2900005 Cycle: 2387082 Hearbeat IPC: 1.018028 Cumulative IPC: 1.214875
Cycle: 2387082	Best offset: 75	Score: 0	Hit Rate: 0.169534
Index 42
Index 56
Index 19
Index 26
Index 16
Index 42
Index 32
Index 61
Index 10
Index 35
Index 4
Index 28
Index 28
Index 8
Index 7
Index 17
Index 7
Index 25
Index 40
Index 6
Index 36
Index 24
Index 53
Index 39
Index 41
Index 52
Index 8
Index 37
Index 54
Index 31
Index 57
Index 12
Index 51
Index 6
Index 28
Index 41
Index 62
Index 17
Index 35
Index 61
Index 30
Index 61
Index 27
Index 14
Index 13
Index 55
Index 23
Index 0
Index 38
Index 38
Index 30
Index 5
Index 58
Index 15
Index 26
Index 27
Index 12
Index 37
Index 2
Index 17
Index 11
Index 51
Index 44
Index 51
Index 20
Index 9
Index 17
Index 30
Index 37
Index 23
Index 56
Index 32
Index 14
Index 0
Index 40
Index 16
Index 59
Index 43
Index 31
Index 53
Index 5
Index 18
Index 43
Index 12
Index 17
Index 5
Index 13
Index 11
Index 46
Index 27
Index 63
Index 12
Index 56
Index 43
Index 32
Index 24
Index 51
Index 58
Index 22
Index 3
Index 3
Index 20
Index 15
Index 42
Index 45
Index 59
Index 26
Index 24
Index 45
Index 45
Index 44
Index 21
Index 46
Index 15
Index 40
Index 50
Index 15
Index 8
Index 30
Index 55
Index 44
Index 5
Index 62
Index 57
Index 57
Index 5
Index 24
Index 32
Index 7
Index 18
Index 52
Index 44
Index 24
Index 10
Index 15
Index 23
Index 19
Index 6
Index 38
Index 10
Index 24
Index 25
Index 31
Index 46
Index 8
Index 46
Index 63
Index 34
Index 21
Index 40
Index 22
Index 13
Index 34
Index 23
Index 25
Index 45
Index 19
Index 52
Index 0
Index 52
Index 32
Index 46
Index 22
Index 25
Index 33
Index 61
Index 53
Index 14
Index 61
Index 3
Index 37
Index 35
Index 0
Index 24
Index 27
Index 36
Index 52
Index 21
Index 57
Index 24
Index 15
Index 43
Index 28
Index 3
Index 19
Index 13
Index 57
Index 23
Index 39
Index 63
Index 6
Index 2
Index 28
Index 39
Index 25
Index 23
Index 23
Index 9
Index 47
Index 54
Index 23
Index 26
Index 15
Index 7
Index 34
Index 18
Index 62
Index 45
Index 16
Index 33
Index 16
Index 14
Index 10
Index 28
Index 47
Index 45
Index 6
Index 51
Index 4
Index 47
Index 3
Index 28
Index 43
Index 9
Index 26
Index 61
Index 17
Index 4
Index 2
Index 52
Index 20
Index 8
Index 27
Index 44
Index 59
Index 62
Index 15
Instructions Retired: 3000000 Cycle: 2501776 Hearbeat IPC: 0.871842 Cumulative IPC: 1.199148
Cycle: 2501776	Best offset: 75	Score: 0	Hit Rate: 0.163259
Index 12
Index 42
Index 49
Index 28
Index 16
Index 33
Index 3
Index 22
Index 25
Index 18
Index 10
Index 59
Index 26
Index 1
Index 46
Index 34
Index 4
Index 12
Index 27
Index 43
Index 20
Index 53
Index 62
Index 35
Index 62
Index 7
Index 36
Index 14
Index 61
Index 61
Index 25
Index 43
Index 32
Index 55
Index 9
Index 59
Index 14
Index 11
Index 49
Index 60
Index 60
Index 58
Index 54
Index 35
Index 19
Index 1
Index 1
Index 34
Index 12
Index 61
Index 37
Index 60
Index 55
Index 61
Index 55
Index 12
Index 25
Index 0
Index 6
Index 34
Index 30
Index 26
Index 63
Index 52
Index 46
Index 1
Index 39
Index 35
Index 5
Index 21
Index 28
Index 15
Index 24
Index 9
Index 25
Index 56
Index 50
Index 31
Index 49
Index 20
Index 58
Index 1
Index 21
Index 30
Index 2
Index 0
Index 4
Index 25
Index 61
Index 55
Index 3
Index 44
Index 16
Index 22
Index 45
Index 61
Index 14
Index 23
Index 14
Index 55
Index 35
Index 43
Index 53
Index 31
Index 43
Index 30
Index 30
Index 5
Index 30
Index 25
Index 43
Index 44
Index 30
Index 56
Index 54
Index 19
Index 38
Index 34
Index 34
Index 44
Index 6
Index 10
Index 35
Index 4
Index 51
Index 4
Index 0
Index 0
Index 43
Index 43
Index 39
Index 33
Index 63
Index 60
Index 16
Index 12
Index 35
Index 62
Index 8
Index 15
Index 16
Index 3
Index 50
Index 40
Index 56
Index 32
Index 51
Index 63
Index 58
Index 60
Index 60
Index 28
Index 44
Index 25
Index 14
Index 28
Index 30
Index 19
Index 38
Index 33
Index 19
Index 4
Index 62
Index 37
Index 4
Index 35
Index 49
Index 39
Index 20
Index 61
Index 56
Index 45
Index 24
Index 58
Index 14
Index 26
Index 29
Index 1
Index 10
Index 42
Index 52
Index 27
Index 2
Index 29
Index 2
Index 22
Index 62
Index 23
Index 11
Index 47
Index 49
Index 42
Index 19
Index 13
Index 60
Index 34
Index 56
Index 1
Index 38
Index 25
Index 5
Index 31
Index 49
Index 49
Index 17
Index 7
Index 12
Index 25
Index 50
Index 19
Index 32
Index 53
Index 41
Index 41
Index 51
Index 13
Index 51
Index 39
Index 42
Index 36
Index 30
Index 36
Index 11
Index 54
Index 3
Index 25
Index 3
Index 56
Index 45
Index 59
Index 40
Index 20
Index 13
Index 63
Index 58
Index 21
Index 9
Index 32
Index 21
Index 42
Index 2
Index 8
Index 18
Index 13
Index 42
Index 42
Index 15
Index 43
Index 5
Index 61
Index 44
Index 23
Index 23
Index 29
Index 14
Index 45
Index 25
Index 3
Index 12
Index 61
Index 42
Index 14
Index 29
Index 20
Index 56
Index 7
Index 41

Simulation complete. Instructions retired: 3099758 Cycles elapsed: 2621046 IPC: 1.182642

Prefetcher final stats
