
*** Data Prefetching Championship 2 Simulator ***

Warmup Instructions: 10000000
Simulation Instructions: 100000000
Scramble loads OFF
Using 256KB Last Level Cache
Using 12.8 GB/s DRAM bandwidth
Knobs visible from prefetcher: 0 1 0
Resetting history queue.
Resetting offset table
Setting initial offset to 1
Tag offset: 6
Instructions Retired: 100002 Cycle: 45803 Hearbeat IPC: 2.183307 Cumulative IPC: 2.183307
Prefetcher heartbeat stats
Instructions Retired: 200005 Cycle: 89230 Hearbeat IPC: 2.302784 Cumulative IPC: 2.241455
Prefetcher heartbeat stats
Instructions Retired: 300004 Cycle: 132649 Hearbeat IPC: 2.303116 Cumulative IPC: 2.261638
Prefetcher heartbeat stats
Instructions Retired: 400005 Cycle: 189971 Hearbeat IPC: 1.744548 Cumulative IPC: 2.105611
Prefetcher heartbeat stats
Instructions Retired: 500001 Cycle: 247262 Hearbeat IPC: 1.745405 Cumulative IPC: 2.022151
Prefetcher heartbeat stats
Instructions Retired: 600003 Cycle: 301505 Hearbeat IPC: 1.843593 Cumulative IPC: 1.990027
Prefetcher heartbeat stats
Instructions Retired: 700002 Cycle: 356889 Hearbeat IPC: 1.805558 Cumulative IPC: 1.961400
Prefetcher heartbeat stats
Instructions Retired: 800000 Cycle: 413793 Hearbeat IPC: 1.757311 Cumulative IPC: 1.933334
Prefetcher heartbeat stats
Instructions Retired: 900004 Cycle: 469305 Hearbeat IPC: 1.801484 Cumulative IPC: 1.917738
Prefetcher heartbeat stats
Instructions Retired: 1000000 Cycle: 525066 Hearbeat IPC: 1.793296 Cumulative IPC: 1.904523
Prefetcher heartbeat stats
Instructions Retired: 1100001 Cycle: 579379 Hearbeat IPC: 1.841198 Cumulative IPC: 1.898586
Prefetcher heartbeat stats
Instructions Retired: 1200005 Cycle: 636938 Hearbeat IPC: 1.737417 Cumulative IPC: 1.884022
Prefetcher heartbeat stats
Instructions Retired: 1300000 Cycle: 698421 Hearbeat IPC: 1.626384 Cumulative IPC: 1.861341
Prefetcher heartbeat stats
Instructions Retired: 1400000 Cycle: 755399 Hearbeat IPC: 1.755063 Cumulative IPC: 1.853325
Prefetcher heartbeat stats
Instructions Retired: 1500005 Cycle: 812575 Hearbeat IPC: 1.749073 Cumulative IPC: 1.845990
Prefetcher heartbeat stats
Instructions Retired: 1600001 Cycle: 865498 Hearbeat IPC: 1.889462 Cumulative IPC: 1.848648
Prefetcher heartbeat stats
Instructions Retired: 1700002 Cycle: 922516 Hearbeat IPC: 1.753850 Cumulative IPC: 1.842789
Prefetcher heartbeat stats
Instructions Retired: 1800002 Cycle: 979612 Hearbeat IPC: 1.751436 Cumulative IPC: 1.837464
Prefetcher heartbeat stats
Instructions Retired: 1900002 Cycle: 1034219 Hearbeat IPC: 1.831267 Cumulative IPC: 1.837137
Prefetcher heartbeat stats
Instructions Retired: 2000004 Cycle: 1085922 Hearbeat IPC: 1.934162 Cumulative IPC: 1.841757
Prefetcher heartbeat stats
Instructions Retired: 2100004 Cycle: 1141983 Hearbeat IPC: 1.783771 Cumulative IPC: 1.838910
Prefetcher heartbeat stats
Instructions Retired: 2200003 Cycle: 1198432 Hearbeat IPC: 1.771493 Cumulative IPC: 1.835734
Prefetcher heartbeat stats
Instructions Retired: 2300004 Cycle: 1258167 Hearbeat IPC: 1.674077 Cumulative IPC: 1.828059
Prefetcher heartbeat stats
Instructions Retired: 2400000 Cycle: 1325372 Hearbeat IPC: 1.487925 Cumulative IPC: 1.810812
Prefetcher heartbeat stats
Instructions Retired: 2500003 Cycle: 1393472 Hearbeat IPC: 1.468473 Cumulative IPC: 1.794082
Prefetcher heartbeat stats
Instructions Retired: 2600004 Cycle: 1450607 Hearbeat IPC: 1.750258 Cumulative IPC: 1.792356
Prefetcher heartbeat stats
Instructions Retired: 2700002 Cycle: 1506186 Hearbeat IPC: 1.799205 Cumulative IPC: 1.792609
Prefetcher heartbeat stats
Instructions Retired: 2800000 Cycle: 1560696 Hearbeat IPC: 1.834489 Cumulative IPC: 1.794071
Prefetcher heartbeat stats
Instructions Retired: 2900000 Cycle: 1616050 Hearbeat IPC: 1.806554 Cumulative IPC: 1.794499
Prefetcher heartbeat stats
Instructions Retired: 3000005 Cycle: 1685828 Hearbeat IPC: 1.433188 Cumulative IPC: 1.779544
Prefetcher heartbeat stats

Simulation complete. Instructions retired: 3099758 Cycles elapsed: 1759121 IPC: 1.762106

Prefetcher final stats
