
*** Data Prefetching Championship 2 Simulator ***

Warmup Instructions: 10000000
Simulation Instructions: 100000000
Scramble loads OFF
Using 256KB Last Level Cache
Using 12.8 GB/s DRAM bandwidth
ISB Lite, size: 170176 bits = 20.773438 KB
Knobs visible from prefetcher: 0 1 0
Instructions Retired: 100002 Cycle: 94910 Hearbeat IPC: 1.053651 Cumulative IPC: 1.053651
Prefetcher heartbeat stats
Instructions Retired: 200003 Cycle: 184677 Hearbeat IPC: 1.114006 Cumulative IPC: 1.082988
Prefetcher heartbeat stats
Instructions Retired: 300005 Cycle: 273749 Hearbeat IPC: 1.122710 Cumulative IPC: 1.095913
Prefetcher heartbeat stats
Instructions Retired: 400003 Cycle: 379026 Hearbeat IPC: 0.949856 Cumulative IPC: 1.055344
Prefetcher heartbeat stats
Instructions Retired: 500005 Cycle: 482503 Hearbeat IPC: 0.966418 Cumulative IPC: 1.036273
Prefetcher heartbeat stats
Instructions Retired: 600004 Cycle: 581716 Hearbeat IPC: 1.007922 Cumulative IPC: 1.031438
Prefetcher heartbeat stats
Instructions Retired: 700002 Cycle: 680431 Hearbeat IPC: 1.012997 Cumulative IPC: 1.028763
Prefetcher heartbeat stats
Instructions Retired: 800005 Cycle: 776795 Hearbeat IPC: 1.037763 Cumulative IPC: 1.029879
Prefetcher heartbeat stats
Instructions Retired: 900005 Cycle: 872082 Hearbeat IPC: 1.049461 Cumulative IPC: 1.032019
Prefetcher heartbeat stats
Instructions Retired: 1000004 Cycle: 967627 Hearbeat IPC: 1.046617 Cumulative IPC: 1.033460
Prefetcher heartbeat stats
Instructions Retired: 1100005 Cycle: 1057641 Hearbeat IPC: 1.110949 Cumulative IPC: 1.040055
Prefetcher heartbeat stats
Instructions Retired: 1200002 Cycle: 1153319 Hearbeat IPC: 1.045141 Cumulative IPC: 1.040477
Prefetcher heartbeat stats
Instructions Retired: 1300002 Cycle: 1257237 Hearbeat IPC: 0.962297 Cumulative IPC: 1.034015
Prefetcher heartbeat stats
Instructions Retired: 1400000 Cycle: 1359986 Hearbeat IPC: 0.973226 Cumulative IPC: 1.029422
Prefetcher heartbeat stats
Instructions Retired: 1500003 Cycle: 1457555 Hearbeat IPC: 1.024946 Cumulative IPC: 1.029123
Prefetcher heartbeat stats
Instructions Retired: 1600001 Cycle: 1553127 Hearbeat IPC: 1.046311 Cumulative IPC: 1.030180
Prefetcher heartbeat stats
Instructions Retired: 1700005 Cycle: 1652874 Hearbeat IPC: 1.002576 Cumulative IPC: 1.028515
Prefetcher heartbeat stats
Instructions Retired: 1800002 Cycle: 1754506 Hearbeat IPC: 0.983913 Cumulative IPC: 1.025931
Prefetcher heartbeat stats
Instructions Retired: 1900005 Cycle: 1852213 Hearbeat IPC: 1.023499 Cumulative IPC: 1.025803
Prefetcher heartbeat stats
Instructions Retired: 2000002 Cycle: 1947038 Hearbeat IPC: 1.054543 Cumulative IPC: 1.027202
Prefetcher heartbeat stats
Instructions Retired: 2100001 Cycle: 2046699 Hearbeat IPC: 1.003392 Cumulative IPC: 1.026043
Prefetcher heartbeat stats
Instructions Retired: 2200003 Cycle: 2152799 Hearbeat IPC: 0.942526 Cumulative IPC: 1.021927
Prefetcher heartbeat stats
Instructions Retired: 2300001 Cycle: 2257415 Hearbeat IPC: 0.955858 Cumulative IPC: 1.018865
Prefetcher heartbeat stats
Instructions Retired: 2400000 Cycle: 2367565 Hearbeat IPC: 0.907844 Cumulative IPC: 1.013700
Prefetcher heartbeat stats
Instructions Retired: 2500003 Cycle: 2480429 Hearbeat IPC: 0.886049 Cumulative IPC: 1.007891
Prefetcher heartbeat stats
Instructions Retired: 2600000 Cycle: 2578693 Hearbeat IPC: 1.017636 Cumulative IPC: 1.008263
Prefetcher heartbeat stats
Instructions Retired: 2700002 Cycle: 2676878 Hearbeat IPC: 1.018506 Cumulative IPC: 1.008638
Prefetcher heartbeat stats
Instructions Retired: 2800000 Cycle: 2769167 Hearbeat IPC: 1.083531 Cumulative IPC: 1.011134
Prefetcher heartbeat stats
Instructions Retired: 2900005 Cycle: 2868056 Hearbeat IPC: 1.011285 Cumulative IPC: 1.011140
Prefetcher heartbeat stats
Instructions Retired: 3000000 Cycle: 2982104 Hearbeat IPC: 0.876780 Cumulative IPC: 1.006001
Prefetcher heartbeat stats

Simulation complete. Instructions retired: 3099758 Cycles elapsed: 3101415 IPC: 0.999466

Prefetcher final stats
