
*** Data Prefetching Championship 2 Simulator ***

Warmup Instructions: 0
Simulation Instructions: 100000000
Scramble loads OFF
Using 256KB Last Level Cache
Using 12.8 GB/s DRAM bandwidth
Streaming Prefetcher
Knobs visible from prefetcher: 0 1 0

Warmup complete. Instructions retired: 3 Cycles elapsed: 2 IPC: 1.500000
Prefetcher warmup complete stats

Instructions Retired: 100002 Cycle: 77895 Hearbeat IPC: 1.283805 Cumulative IPC: 1.283805
Prefetcher heartbeat stats
Instructions Retired: 200003 Cycle: 154043 Hearbeat IPC: 1.313245 Cumulative IPC: 1.298358
Prefetcher heartbeat stats
Instructions Retired: 300005 Cycle: 226805 Hearbeat IPC: 1.374371 Cumulative IPC: 1.322744
Prefetcher heartbeat stats
Instructions Retired: 400005 Cycle: 315810 Hearbeat IPC: 1.123532 Cumulative IPC: 1.266600
Prefetcher heartbeat stats
Instructions Retired: 500004 Cycle: 400829 Hearbeat IPC: 1.176196 Cumulative IPC: 1.247425
Prefetcher heartbeat stats
Instructions Retired: 600003 Cycle: 484550 Hearbeat IPC: 1.194432 Cumulative IPC: 1.238268
Prefetcher heartbeat stats
Instructions Retired: 700003 Cycle: 567016 Hearbeat IPC: 1.212621 Cumulative IPC: 1.234538
Prefetcher heartbeat stats
Instructions Retired: 800004 Cycle: 650414 Hearbeat IPC: 1.199082 Cumulative IPC: 1.229992
Prefetcher heartbeat stats
Instructions Retired: 900004 Cycle: 735004 Hearbeat IPC: 1.182173 Cumulative IPC: 1.224489
Prefetcher heartbeat stats
Instructions Retired: 1000003 Cycle: 816808 Hearbeat IPC: 1.222422 Cumulative IPC: 1.224282
Prefetcher heartbeat stats
Instructions Retired: 1100005 Cycle: 895753 Hearbeat IPC: 1.266730 Cumulative IPC: 1.228023
Prefetcher heartbeat stats
Instructions Retired: 1200002 Cycle: 977265 Hearbeat IPC: 1.226776 Cumulative IPC: 1.227919
Prefetcher heartbeat stats
Instructions Retired: 1300002 Cycle: 1064975 Hearbeat IPC: 1.140121 Cumulative IPC: 1.220688
Prefetcher heartbeat stats
Instructions Retired: 1400000 Cycle: 1150077 Hearbeat IPC: 1.175037 Cumulative IPC: 1.217310
Prefetcher heartbeat stats
Instructions Retired: 1500003 Cycle: 1234407 Hearbeat IPC: 1.185853 Cumulative IPC: 1.215161
Prefetcher heartbeat stats
Instructions Retired: 1600000 Cycle: 1317782 Hearbeat IPC: 1.199364 Cumulative IPC: 1.214161
Prefetcher heartbeat stats
Instructions Retired: 1700005 Cycle: 1401035 Hearbeat IPC: 1.201218 Cumulative IPC: 1.213392
Prefetcher heartbeat stats
Instructions Retired: 1800002 Cycle: 1485891 Hearbeat IPC: 1.178432 Cumulative IPC: 1.211396
Prefetcher heartbeat stats
Instructions Retired: 1900004 Cycle: 1569434 Hearbeat IPC: 1.197012 Cumulative IPC: 1.210630
Prefetcher heartbeat stats
Instructions Retired: 2000002 Cycle: 1651149 Hearbeat IPC: 1.223741 Cumulative IPC: 1.211279
Prefetcher heartbeat stats
Instructions Retired: 2100003 Cycle: 1733005 Hearbeat IPC: 1.221670 Cumulative IPC: 1.211770
Prefetcher heartbeat stats
Instructions Retired: 2200003 Cycle: 1821030 Hearbeat IPC: 1.136041 Cumulative IPC: 1.208109
Prefetcher heartbeat stats
Instructions Retired: 2300004 Cycle: 1909329 Hearbeat IPC: 1.132527 Cumulative IPC: 1.204614
Prefetcher heartbeat stats
Instructions Retired: 2400000 Cycle: 2004395 Hearbeat IPC: 1.051859 Cumulative IPC: 1.197369
Prefetcher heartbeat stats
Instructions Retired: 2500003 Cycle: 2099406 Hearbeat IPC: 1.052541 Cumulative IPC: 1.190814
Prefetcher heartbeat stats
Instructions Retired: 2600000 Cycle: 2183775 Hearbeat IPC: 1.185234 Cumulative IPC: 1.190599
Prefetcher heartbeat stats
Instructions Retired: 2700002 Cycle: 2269758 Hearbeat IPC: 1.163044 Cumulative IPC: 1.189555
Prefetcher heartbeat stats
Instructions Retired: 2800001 Cycle: 2351863 Hearbeat IPC: 1.217940 Cumulative IPC: 1.190546
Prefetcher heartbeat stats
Instructions Retired: 2900005 Cycle: 2434506 Hearbeat IPC: 1.210072 Cumulative IPC: 1.191209
Prefetcher heartbeat stats
Instructions Retired: 3000005 Cycle: 2530330 Hearbeat IPC: 1.043580 Cumulative IPC: 1.185618
Prefetcher heartbeat stats

Simulation complete. Instructions retired: 3099755 Cycles elapsed: 2630073 IPC: 1.178581

Prefetcher final stats
