
*** Data Prefetching Championship 2 Simulator ***

Warmup Instructions: 0
Simulation Instructions: 100000000
Scramble loads ON
Using 1MB Last Level Cache
Using 12.8 GB/s DRAM bandwidth
AMPM Lite Prefetcher
Knobs visible from prefetcher: 1 0 0

Warmup complete. Instructions retired: 1 Cycles elapsed: 2 IPC: 0.500000
Prefetcher warmup complete stats

Instructions Retired: 100001 Cycle: 102148 Hearbeat IPC: 0.978981 Cumulative IPC: 0.978981
Prefetcher heartbeat stats
Instructions Retired: 200004 Cycle: 200713 Hearbeat IPC: 1.014589 Cumulative IPC: 0.996468
Prefetcher heartbeat stats
Instructions Retired: 300002 Cycle: 950160 Hearbeat IPC: 0.133429 Cumulative IPC: 0.315738
Prefetcher heartbeat stats
Instructions Retired: 400000 Cycle: 1737593 Hearbeat IPC: 0.126992 Cumulative IPC: 0.230204
Prefetcher heartbeat stats
Instructions Retired: 500000 Cycle: 2510921 Hearbeat IPC: 0.129311 Cumulative IPC: 0.199130
Prefetcher heartbeat stats
Instructions Retired: 600003 Cycle: 3279986 Hearbeat IPC: 0.130032 Cumulative IPC: 0.182929
Prefetcher heartbeat stats
Instructions Retired: 700000 Cycle: 4033831 Hearbeat IPC: 0.132649 Cumulative IPC: 0.173532
Prefetcher heartbeat stats
Instructions Retired: 800003 Cycle: 4803291 Hearbeat IPC: 0.129965 Cumulative IPC: 0.166553
Prefetcher heartbeat stats
Instructions Retired: 900000 Cycle: 5570744 Hearbeat IPC: 0.130297 Cumulative IPC: 0.161558
Prefetcher heartbeat stats
Instructions Retired: 1000000 Cycle: 5715879 Hearbeat IPC: 0.689014 Cumulative IPC: 0.174951
Prefetcher heartbeat stats
Instructions Retired: 1100005 Cycle: 5885279 Hearbeat IPC: 0.590348 Cumulative IPC: 0.186908
Prefetcher heartbeat stats
Instructions Retired: 1200004 Cycle: 6053247 Hearbeat IPC: 0.595346 Cumulative IPC: 0.198241
Prefetcher heartbeat stats
Instructions Retired: 1300003 Cycle: 6219964 Hearbeat IPC: 0.599813 Cumulative IPC: 0.209005
Prefetcher heartbeat stats
Instructions Retired: 1400002 Cycle: 6389031 Hearbeat IPC: 0.591476 Cumulative IPC: 0.219126
Prefetcher heartbeat stats
Instructions Retired: 1500004 Cycle: 6561762 Hearbeat IPC: 0.578946 Cumulative IPC: 0.228598
Prefetcher heartbeat stats
Instructions Retired: 1600004 Cycle: 6738504 Hearbeat IPC: 0.565796 Cumulative IPC: 0.237442
Prefetcher heartbeat stats
Instructions Retired: 1700005 Cycle: 6902640 Hearbeat IPC: 0.609257 Cumulative IPC: 0.246283
Prefetcher heartbeat stats
Instructions Retired: 1800004 Cycle: 7068209 Hearbeat IPC: 0.603972 Cumulative IPC: 0.254662
Prefetcher heartbeat stats
Instructions Retired: 1900000 Cycle: 7229313 Hearbeat IPC: 0.620692 Cumulative IPC: 0.262819
Prefetcher heartbeat stats
Instructions Retired: 2000005 Cycle: 7383870 Hearbeat IPC: 0.647043 Cumulative IPC: 0.270861
Prefetcher heartbeat stats
Instructions Retired: 2100000 Cycle: 7545317 Hearbeat IPC: 0.619367 Cumulative IPC: 0.278318
Prefetcher heartbeat stats
Instructions Retired: 2200002 Cycle: 7708606 Hearbeat IPC: 0.612423 Cumulative IPC: 0.285396
Prefetcher heartbeat stats
Instructions Retired: 2300003 Cycle: 7870291 Hearbeat IPC: 0.618493 Cumulative IPC: 0.292239
Prefetcher heartbeat stats
Instructions Retired: 2400002 Cycle: 8028160 Hearbeat IPC: 0.633430 Cumulative IPC: 0.298948
Prefetcher heartbeat stats
Instructions Retired: 2500000 Cycle: 8183459 Hearbeat IPC: 0.643906 Cumulative IPC: 0.305494
Prefetcher heartbeat stats
Instructions Retired: 2600003 Cycle: 8349678 Hearbeat IPC: 0.601634 Cumulative IPC: 0.311390
Prefetcher heartbeat stats
Instructions Retired: 2700001 Cycle: 8509673 Hearbeat IPC: 0.625007 Cumulative IPC: 0.317286
Prefetcher heartbeat stats
Instructions Retired: 2800001 Cycle: 8672596 Hearbeat IPC: 0.613787 Cumulative IPC: 0.322856
Prefetcher heartbeat stats
Instructions Retired: 2900001 Cycle: 8833962 Hearbeat IPC: 0.619709 Cumulative IPC: 0.328279
Prefetcher heartbeat stats
Instructions Retired: 3000003 Cycle: 8995647 Hearbeat IPC: 0.618499 Cumulative IPC: 0.333495
Prefetcher heartbeat stats

Simulation complete. Instructions retired: 3099756 Cycles elapsed: 9151805 IPC: 0.338704

Prefetcher final stats
