
*** Data Prefetching Championship 2 Simulator ***

Warmup Instructions: 0
Simulation Instructions: 100000000
Scramble loads ON
Using 1MB Last Level Cache
Using 12.8 GB/s DRAM bandwidth
Knobs visible from prefetcher: 1 0 0
Resetting history queue.
Setting up the minimum score
Resetting offset table
Setting initial offset to 1
Tag offset: 6
Ressetting hit rate
Resetting rable rounds
Resetting gauge

Warmup complete. Instructions retired: 1 Cycles elapsed: 2 IPC: 0.500000
Prefetcher warmup complete stats

Instructions Retired: 100001 Cycle: 129264 Hearbeat IPC: 0.773618 Cumulative IPC: 0.773618
Cycle: 129264	Best offset: 1	Score: 1	Hit Rate: 0.159627
	---- Offset table ----
Offset -> Score
-4 -> 14
5 -> 13
6 -> 13
47 -> 13
	----------------------
Instructions Retired: 200004 Cycle: 253697 Hearbeat IPC: 0.803669 Cumulative IPC: 0.788358
Cycle: 253697	Best offset: 1	Score: 1	Hit Rate: 0.160388
	---- Offset table ----
Offset -> Score
-4 -> 29
-18 -> 27
-58 -> 26
-2 -> 26
	----------------------
Offset switch to: -4	With score: 32
Offset switch to: 4	With score: 32
Offset switch to: -12	With score: 32
Offset switch to: 5	With score: 32
Instructions Retired: 300002 Cycle: 1053446 Hearbeat IPC: 0.125037 Cumulative IPC: 0.284782
Cycle: 1053446	Best offset: 5	Score: 32	Hit Rate: 0.112866
	---- Offset table ----
Offset -> Score
4 -> 28
32 -> 28
6 -> 27
2 -> 26
	----------------------
Offset switch to: 32	With score: 32
Offset switch to: 8	With score: 32
Offset switch to: 4	With score: 32
Offset switch to: 25	With score: 32
Offset switch to: 5	With score: 32
Instructions Retired: 400000 Cycle: 1869053 Hearbeat IPC: 0.122606 Cumulative IPC: 0.214012
Cycle: 1869053	Best offset: 5	Score: 32	Hit Rate: 0.146547
	---- Offset table ----
Offset -> Score
-8 -> 17
4 -> 17
34 -> 17
18 -> 16
	----------------------
Offset switch to: 4	With score: 32
Offset switch to: 7	With score: 32
Offset switch to: 28	With score: 32
Offset switch to: 19	With score: 32
Instructions Retired: 500000 Cycle: 2702893 Hearbeat IPC: 0.119927 Cumulative IPC: 0.184987
Cycle: 2702893	Best offset: 19	Score: 32	Hit Rate: 0.154698
	---- Offset table ----
Offset -> Score
2 -> 32
22 -> 32
4 -> 31
14 -> 29
	----------------------
Offset switch to: 22	With score: 32
Offset switch to: 17	With score: 32
Offset switch to: 14	With score: 32
Offset switch to: 6	With score: 32
Instructions Retired: 600003 Cycle: 3449164 Hearbeat IPC: 0.134004 Cumulative IPC: 0.173956
Cycle: 3449164	Best offset: 6	Score: 32	Hit Rate: 0.170346
	---- Offset table ----
Offset -> Score
2 -> 23
4 -> 23
10 -> 22
32 -> 21
	----------------------
Offset switch to: 4	With score: 32
Offset switch to: 32	With score: 32
Offset switch to: 4	With score: 32
Offset switch to: 2	With score: 32
Offset switch to: 12	With score: 32
Instructions Retired: 700000 Cycle: 4163281 Hearbeat IPC: 0.140029 Cumulative IPC: 0.168137
Cycle: 4163281	Best offset: 12	Score: 32	Hit Rate: 0.178178
	---- Offset table ----
Offset -> Score
8 -> 27
2 -> 23
4 -> 23
7 -> 23
	----------------------
Offset switch to: 8	With score: 32
Offset switch to: 4	With score: 32
Offset switch to: 8	With score: 32
Offset switch to: 12	With score: 32
Offset switch to: 4	With score: 32
Offset switch to: 12	With score: 32
Instructions Retired: 800003 Cycle: 4869103 Hearbeat IPC: 0.141683 Cumulative IPC: 0.164302
Cycle: 4869103	Best offset: 12	Score: 32	Hit Rate: 0.191455
	---- Offset table ----
Offset -> Score
50 -> 4
-13 -> 3
2 -> 3
35 -> 3
	----------------------
Offset switch to: 14	With score: 32
Offset switch to: 10	With score: 32
Offset switch to: 6	With score: 32
Offset switch to: 4	With score: 32
Instructions Retired: 900000 Cycle: 5583405 Hearbeat IPC: 0.139993 Cumulative IPC: 0.161192
Cycle: 5583405	Best offset: 4	Score: 32	Hit Rate: 0.201057
	---- Offset table ----
Offset -> Score
20 -> 8
-20 -> 7
-15 -> 7
-4 -> 7
	----------------------
Instructions Retired: 1000000 Cycle: 5738707 Hearbeat IPC: 0.643907 Cumulative IPC: 0.174255
Cycle: 5738707	Best offset: 4	Score: 32	Hit Rate: 0.203635
	---- Offset table ----
Offset -> Score
2 -> 26
25 -> 24
8 -> 23
14 -> 23
	----------------------
Offset switch to: 27	With score: 32
Instructions Retired: 1100005 Cycle: 5921916 Hearbeat IPC: 0.545852 Cumulative IPC: 0.185752
Cycle: 5921916	Best offset: 27	Score: 32	Hit Rate: 0.206004
	---- Offset table ----
Offset -> Score
6 -> 18
20 -> 17
-3 -> 16
8 -> 16
	----------------------
Offset switch to: 6	With score: 32
Instructions Retired: 1200000 Cycle: 6102815 Hearbeat IPC: 0.552767 Cumulative IPC: 0.196631
Cycle: 6102815	Best offset: 6	Score: 32	Hit Rate: 0.207947
	---- Offset table ----
Offset -> Score
-21 -> 14
5 -> 13
29 -> 13
26 -> 12
	----------------------
Offset switch to: 8	With score: 32
Instructions Retired: 1300003 Cycle: 6280690 Hearbeat IPC: 0.562209 Cumulative IPC: 0.206984
Cycle: 6280690	Best offset: 8	Score: 32	Hit Rate: 0.211211
	---- Offset table ----
Offset -> Score
24 -> 6
25 -> 6
26 -> 6
28 -> 6
	----------------------
Instructions Retired: 1400002 Cycle: 6456813 Hearbeat IPC: 0.567779 Cumulative IPC: 0.216826
Cycle: 6456813	Best offset: 8	Score: 32	Hit Rate: 0.214817
	---- Offset table ----
Offset -> Score
4 -> 29
24 -> 29
16 -> 28
20 -> 28
	----------------------
Offset switch to: 20	With score: 32
Instructions Retired: 1500004 Cycle: 6643383 Hearbeat IPC: 0.536003 Cumulative IPC: 0.225789
Cycle: 6643383	Best offset: 20	Score: 32	Hit Rate: 0.217227
	---- Offset table ----
Offset -> Score
28 -> 21
12 -> 19
15 -> 19
24 -> 19
	----------------------
Offset switch to: 4	With score: 32
Instructions Retired: 1600004 Cycle: 6826661 Hearbeat IPC: 0.545619 Cumulative IPC: 0.234376
Cycle: 6826661	Best offset: 4	Score: 32	Hit Rate: 0.219869
	---- Offset table ----
Offset -> Score
23 -> 13
-41 -> 10
1 -> 10
11 -> 10
	----------------------
Instructions Retired: 1700005 Cycle: 6986279 Hearbeat IPC: 0.626502 Cumulative IPC: 0.243335
Cycle: 6986279	Best offset: 4	Score: 32	Hit Rate: 0.224013
	---- Offset table ----
Offset -> Score
3 -> 31
5 -> 31
17 -> 31
21 -> 31
	----------------------
Offset switch to: 17	With score: 32
Instructions Retired: 1800004 Cycle: 7157769 Hearbeat IPC: 0.583119 Cumulative IPC: 0.251476
Cycle: 7157769	Best offset: 17	Score: 32	Hit Rate: 0.226664
	---- Offset table ----
Offset -> Score
5 -> 25
11 -> 25
12 -> 25
-1 -> 23
	----------------------
Offset switch to: 12	With score: 32
Instructions Retired: 1900000 Cycle: 7325443 Hearbeat IPC: 0.596372 Cumulative IPC: 0.259370
Cycle: 7325443	Best offset: 12	Score: 32	Hit Rate: 0.229556
	---- Offset table ----
Offset -> Score
-1 -> 19
8 -> 19
26 -> 19
2 -> 18
	----------------------
Instructions Retired: 2000005 Cycle: 7482746 Hearbeat IPC: 0.635748 Cumulative IPC: 0.267282
Cycle: 7482746	Best offset: 12	Score: 32	Hit Rate: 0.232773
	---- Offset table ----
Offset -> Score
-3 -> 11
6 -> 10
9 -> 10
22 -> 10
	----------------------
Offset switch to: 3	With score: 32
Instructions Retired: 2100000 Cycle: 7647575 Hearbeat IPC: 0.606659 Cumulative IPC: 0.274597
Cycle: 7647575	Best offset: 3	Score: 32	Hit Rate: 0.235907
	---- Offset table ----
Offset -> Score
-1 -> 4
2 -> 4
14 -> 4
26 -> 4
	----------------------
Instructions Retired: 2200002 Cycle: 7819500 Hearbeat IPC: 0.581661 Cumulative IPC: 0.281348
Cycle: 7819500	Best offset: 3	Score: 32	Hit Rate: 0.238800
	---- Offset table ----
Offset -> Score
-1 -> 30
25 -> 29
21 -> 28
34 -> 28
	----------------------
Offset switch to: -1	With score: 32
Instructions Retired: 2300003 Cycle: 8008360 Hearbeat IPC: 0.529498 Cumulative IPC: 0.287200
Cycle: 8008360	Best offset: -1	Score: 32	Hit Rate: 0.238296
	---- Offset table ----
Offset -> Score
20 -> 19
23 -> 19
24 -> 19
-7 -> 18
	----------------------
Offset switch to: 23	With score: 32
Instructions Retired: 2400002 Cycle: 8191509 Hearbeat IPC: 0.545998 Cumulative IPC: 0.292987
Cycle: 8191509	Best offset: 23	Score: 32	Hit Rate: 0.237950
	---- Offset table ----
Offset -> Score
14 -> 9
25 -> 9
30 -> 9
-1 -> 8
	----------------------
Instructions Retired: 2500000 Cycle: 8364902 Hearbeat IPC: 0.576713 Cumulative IPC: 0.298868
Cycle: 8364902	Best offset: 23	Score: 32	Hit Rate: 0.239514
	---- Offset table ----
Offset -> Score
-1 -> 32
16 -> 32
2 -> 30
17 -> 28
	----------------------
Offset switch to: -1	With score: 32
Instructions Retired: 2600003 Cycle: 8556027 Hearbeat IPC: 0.523233 Cumulative IPC: 0.303880
Cycle: 8556027	Best offset: -1	Score: 32	Hit Rate: 0.238670
	---- Offset table ----
Offset -> Score
9 -> 23
-19 -> 20
2 -> 20
7 -> 20
	----------------------
Offset switch to: 11	With score: 32
Instructions Retired: 2700000 Cycle: 8740909 Hearbeat IPC: 0.540869 Cumulative IPC: 0.308892
Cycle: 8740909	Best offset: 11	Score: 32	Hit Rate: 0.238650
	---- Offset table ----
Offset -> Score
2 -> 13
17 -> 11
3 -> 10
6 -> 10
	----------------------
Offset switch to: 2	With score: 32
Instructions Retired: 2800000 Cycle: 8918747 Hearbeat IPC: 0.562310 Cumulative IPC: 0.313945
Cycle: 8918747	Best offset: 2	Score: 32	Hit Rate: 0.241100
	---- Offset table ----
Offset -> Score
6 -> 5
11 -> 5
15 -> 5
25 -> 5
	----------------------
Instructions Retired: 2900001 Cycle: 9084458 Hearbeat IPC: 0.603466 Cumulative IPC: 0.319227
Cycle: 9084458	Best offset: 2	Score: 32	Hit Rate: 0.243872
	---- Offset table ----
Offset -> Score
25 -> 29
1 -> 27
19 -> 27
4 -> 26
	----------------------
Offset switch to: 25	With score: 32
Instructions Retired: 3000003 Cycle: 9260744 Hearbeat IPC: 0.567271 Cumulative IPC: 0.323948
Cycle: 9260744	Best offset: 25	Score: 32	Hit Rate: 0.245097
	---- Offset table ----
Offset -> Score
8 -> 21
12 -> 20
11 -> 19
1 -> 17
	----------------------
Offset switch to: 12	With score: 32

Simulation complete. Instructions retired: 3099752 Cycles elapsed: 9428537 IPC: 0.328763

Prefetcher final stats
