
*** Data Prefetching Championship 2 Simulator ***

Warmup Instructions: 0
Simulation Instructions: 100000000
Scramble loads ON
Using 1MB Last Level Cache
Using 12.8 GB/s DRAM bandwidth
Next-Line Prefetcher
Knobs visible from prefetcher: 1 0 0

Warmup complete. Instructions retired: 1 Cycles elapsed: 2 IPC: 0.500000
Prefetcher warmup complete stats

Instructions Retired: 100001 Cycle: 129178 Hearbeat IPC: 0.774133 Cumulative IPC: 0.774133
Prefetcher heartbeat stats
Instructions Retired: 200004 Cycle: 253611 Hearbeat IPC: 0.803669 Cumulative IPC: 0.788625
Prefetcher heartbeat stats
Instructions Retired: 300002 Cycle: 1204428 Hearbeat IPC: 0.105171 Cumulative IPC: 0.249083
Prefetcher heartbeat stats
Instructions Retired: 400000 Cycle: 2177725 Hearbeat IPC: 0.102742 Cumulative IPC: 0.183678
Prefetcher heartbeat stats
Instructions Retired: 500000 Cycle: 3152423 Hearbeat IPC: 0.102596 Cumulative IPC: 0.158608
Prefetcher heartbeat stats
Instructions Retired: 600003 Cycle: 4132405 Hearbeat IPC: 0.102046 Cumulative IPC: 0.145195
Prefetcher heartbeat stats
Instructions Retired: 700000 Cycle: 5118532 Hearbeat IPC: 0.101404 Cumulative IPC: 0.136758
Prefetcher heartbeat stats
Instructions Retired: 800003 Cycle: 6159702 Hearbeat IPC: 0.096049 Cumulative IPC: 0.129877
Prefetcher heartbeat stats
Instructions Retired: 900000 Cycle: 7160066 Hearbeat IPC: 0.099961 Cumulative IPC: 0.125697
Prefetcher heartbeat stats
Instructions Retired: 1000000 Cycle: 7312242 Hearbeat IPC: 0.657134 Cumulative IPC: 0.136757
Prefetcher heartbeat stats
Instructions Retired: 1100005 Cycle: 7484022 Hearbeat IPC: 0.582169 Cumulative IPC: 0.146980
Prefetcher heartbeat stats
Instructions Retired: 1200000 Cycle: 7656227 Hearbeat IPC: 0.580674 Cumulative IPC: 0.156735
Prefetcher heartbeat stats
Instructions Retired: 1300003 Cycle: 7830046 Hearbeat IPC: 0.575328 Cumulative IPC: 0.166028
Prefetcher heartbeat stats
Instructions Retired: 1400002 Cycle: 8009866 Hearbeat IPC: 0.556106 Cumulative IPC: 0.174785
Prefetcher heartbeat stats
Instructions Retired: 1500001 Cycle: 8194169 Hearbeat IPC: 0.542579 Cumulative IPC: 0.183057
Prefetcher heartbeat stats
Instructions Retired: 1600004 Cycle: 8379584 Hearbeat IPC: 0.539347 Cumulative IPC: 0.190941
Prefetcher heartbeat stats
Instructions Retired: 1700005 Cycle: 8547932 Hearbeat IPC: 0.594014 Cumulative IPC: 0.198879
Prefetcher heartbeat stats
Instructions Retired: 1800004 Cycle: 8718729 Hearbeat IPC: 0.585485 Cumulative IPC: 0.206453
Prefetcher heartbeat stats
Instructions Retired: 1900000 Cycle: 8885813 Hearbeat IPC: 0.598477 Cumulative IPC: 0.213824
Prefetcher heartbeat stats
Instructions Retired: 2000004 Cycle: 9047247 Hearbeat IPC: 0.619473 Cumulative IPC: 0.221062
Prefetcher heartbeat stats
Instructions Retired: 2100000 Cycle: 9215304 Hearbeat IPC: 0.595012 Cumulative IPC: 0.227882
Prefetcher heartbeat stats
Instructions Retired: 2200002 Cycle: 9386910 Hearbeat IPC: 0.582742 Cumulative IPC: 0.234369
Prefetcher heartbeat stats
Instructions Retired: 2300003 Cycle: 9555707 Hearbeat IPC: 0.592434 Cumulative IPC: 0.240694
Prefetcher heartbeat stats
Instructions Retired: 2400002 Cycle: 9721549 Hearbeat IPC: 0.602978 Cumulative IPC: 0.246874
Prefetcher heartbeat stats
Instructions Retired: 2500000 Cycle: 9887189 Hearbeat IPC: 0.603707 Cumulative IPC: 0.252852
Prefetcher heartbeat stats
Instructions Retired: 2600000 Cycle: 10063750 Hearbeat IPC: 0.566377 Cumulative IPC: 0.258353
Prefetcher heartbeat stats
Instructions Retired: 2700004 Cycle: 10230375 Hearbeat IPC: 0.600174 Cumulative IPC: 0.263920
Prefetcher heartbeat stats
Instructions Retired: 2800000 Cycle: 10403846 Hearbeat IPC: 0.576442 Cumulative IPC: 0.269131
Prefetcher heartbeat stats
Instructions Retired: 2900001 Cycle: 10571214 Hearbeat IPC: 0.597492 Cumulative IPC: 0.274330
Prefetcher heartbeat stats
Instructions Retired: 3000003 Cycle: 10738856 Hearbeat IPC: 0.596521 Cumulative IPC: 0.279360
Prefetcher heartbeat stats

Simulation complete. Instructions retired: 3099756 Cycles elapsed: 10904543 IPC: 0.284263

Prefetcher final stats
