
*** Data Prefetching Championship 2 Simulator ***

Warmup Instructions: 0
Simulation Instructions: 100000000
Scramble loads ON
Using 1MB Last Level Cache
Using 12.8 GB/s DRAM bandwidth
No Prefetching
Knobs visible from prefetcher: 1 0 0

Warmup complete. Instructions retired: 1 Cycles elapsed: 2 IPC: 0.500000
Prefetcher warmup complete stats

Instructions Retired: 100001 Cycle: 137047 Hearbeat IPC: 0.729684 Cumulative IPC: 0.729684
Prefetcher heartbeat stats
Instructions Retired: 200004 Cycle: 271753 Hearbeat IPC: 0.742380 Cumulative IPC: 0.735977
Prefetcher heartbeat stats
Instructions Retired: 300002 Cycle: 1047178 Hearbeat IPC: 0.128959 Cumulative IPC: 0.286486
Prefetcher heartbeat stats
Instructions Retired: 400000 Cycle: 1915114 Hearbeat IPC: 0.115214 Cumulative IPC: 0.208865
Prefetcher heartbeat stats
Instructions Retired: 500000 Cycle: 2759750 Hearbeat IPC: 0.118394 Cumulative IPC: 0.181176
Prefetcher heartbeat stats
Instructions Retired: 600003 Cycle: 3588667 Hearbeat IPC: 0.120643 Cumulative IPC: 0.167194
Prefetcher heartbeat stats
Instructions Retired: 700000 Cycle: 4432467 Hearbeat IPC: 0.118508 Cumulative IPC: 0.157926
Prefetcher heartbeat stats
Instructions Retired: 800003 Cycle: 5307239 Hearbeat IPC: 0.114319 Cumulative IPC: 0.150738
Prefetcher heartbeat stats
Instructions Retired: 900000 Cycle: 6155474 Hearbeat IPC: 0.117888 Cumulative IPC: 0.146211
Prefetcher heartbeat stats
Instructions Retired: 1000000 Cycle: 6330888 Hearbeat IPC: 0.570080 Cumulative IPC: 0.157956
Prefetcher heartbeat stats
Instructions Retired: 1100005 Cycle: 6537394 Hearbeat IPC: 0.484272 Cumulative IPC: 0.168264
Prefetcher heartbeat stats
Instructions Retired: 1200004 Cycle: 6739851 Hearbeat IPC: 0.493927 Cumulative IPC: 0.178046
Prefetcher heartbeat stats
Instructions Retired: 1300003 Cycle: 6942959 Hearbeat IPC: 0.492344 Cumulative IPC: 0.187240
Prefetcher heartbeat stats
Instructions Retired: 1400002 Cycle: 7150779 Hearbeat IPC: 0.481181 Cumulative IPC: 0.195783
Prefetcher heartbeat stats
Instructions Retired: 1500001 Cycle: 7359926 Hearbeat IPC: 0.478128 Cumulative IPC: 0.203807
Prefetcher heartbeat stats
Instructions Retired: 1600004 Cycle: 7573612 Hearbeat IPC: 0.467990 Cumulative IPC: 0.211260
Prefetcher heartbeat stats
Instructions Retired: 1700005 Cycle: 7774957 Hearbeat IPC: 0.496665 Cumulative IPC: 0.218651
Prefetcher heartbeat stats
Instructions Retired: 1800004 Cycle: 7979565 Hearbeat IPC: 0.488735 Cumulative IPC: 0.225577
Prefetcher heartbeat stats
Instructions Retired: 1900000 Cycle: 8188059 Hearbeat IPC: 0.479611 Cumulative IPC: 0.232045
Prefetcher heartbeat stats
Instructions Retired: 2000004 Cycle: 8389114 Hearbeat IPC: 0.497396 Cumulative IPC: 0.238405
Prefetcher heartbeat stats
Instructions Retired: 2100000 Cycle: 8596469 Hearbeat IPC: 0.482245 Cumulative IPC: 0.244286
Prefetcher heartbeat stats
Instructions Retired: 2200002 Cycle: 8802484 Hearbeat IPC: 0.485411 Cumulative IPC: 0.249930
Prefetcher heartbeat stats
Instructions Retired: 2300003 Cycle: 9004172 Hearbeat IPC: 0.495820 Cumulative IPC: 0.255437
Prefetcher heartbeat stats
Instructions Retired: 2400002 Cycle: 9205987 Hearbeat IPC: 0.495498 Cumulative IPC: 0.260700
Prefetcher heartbeat stats
Instructions Retired: 2500000 Cycle: 9407694 Hearbeat IPC: 0.495759 Cumulative IPC: 0.265740
Prefetcher heartbeat stats
Instructions Retired: 2600003 Cycle: 9614784 Hearbeat IPC: 0.482896 Cumulative IPC: 0.270417
Prefetcher heartbeat stats
Instructions Retired: 2700004 Cycle: 9818152 Hearbeat IPC: 0.491724 Cumulative IPC: 0.275001
Prefetcher heartbeat stats
Instructions Retired: 2800000 Cycle: 10024566 Hearbeat IPC: 0.484444 Cumulative IPC: 0.279314
Prefetcher heartbeat stats
Instructions Retired: 2900001 Cycle: 10228991 Hearbeat IPC: 0.489182 Cumulative IPC: 0.283508
Prefetcher heartbeat stats
Instructions Retired: 3000003 Cycle: 10429339 Hearbeat IPC: 0.499141 Cumulative IPC: 0.287650
Prefetcher heartbeat stats

Simulation complete. Instructions retired: 3099756 Cycles elapsed: 10627710 IPC: 0.291667

Prefetcher final stats
