
*** Data Prefetching Championship 2 Simulator ***

Warmup Instructions: 0
Simulation Instructions: 100000000
Scramble loads ON
Using 1MB Last Level Cache
Using 12.8 GB/s DRAM bandwidth
Knobs visible from prefetcher: 1 0 0
Resetting history queue.
Setting up the minimum score
Resetting offset table
Setting initial offset to 1
Tag offset: 6
Resetting rable rounds
Resetting gauge

Warmup complete. Instructions retired: 4 Cycles elapsed: 234 IPC: 0.017094
Instructions Retired: 100001 Cycle: 71141 Hearbeat IPC: 1.405673 Cumulative IPC: 1.405673
Instructions Retired: 200004 Cycle: 138605 Hearbeat IPC: 1.482316 Cumulative IPC: 1.442978
Offset switch to: 2	With score: 32
Instructions Retired: 300005 Cycle: 189841 Hearbeat IPC: 1.951772 Cumulative IPC: 1.580296
Instructions Retired: 400004 Cycle: 233060 Hearbeat IPC: 2.313774 Cumulative IPC: 1.716313
Instructions Retired: 500005 Cycle: 274178 Hearbeat IPC: 2.432049 Cumulative IPC: 1.823651
Instructions Retired: 600003 Cycle: 317226 Hearbeat IPC: 2.322942 Cumulative IPC: 1.891405
Instructions Retired: 700005 Cycle: 364035 Hearbeat IPC: 2.136384 Cumulative IPC: 1.922906
Instructions Retired: 800004 Cycle: 411587 Hearbeat IPC: 2.102940 Cumulative IPC: 1.943706
Offset switch to: 3	With score: 31
Instructions Retired: 900005 Cycle: 454584 Hearbeat IPC: 2.325767 Cumulative IPC: 1.979843
Instructions Retired: 1000002 Cycle: 497637 Hearbeat IPC: 2.322649 Cumulative IPC: 2.009501
Offset switch to: 4	With score: 23
Instructions Retired: 1100003 Cycle: 552453 Hearbeat IPC: 1.824303 Cumulative IPC: 1.991125
Instructions Retired: 1200000 Cycle: 614322 Hearbeat IPC: 1.616270 Cumulative IPC: 1.953373
Instructions Retired: 1300004 Cycle: 677902 Hearbeat IPC: 1.572885 Cumulative IPC: 1.917687
Instructions Retired: 1400003 Cycle: 748176 Hearbeat IPC: 1.422987 Cumulative IPC: 1.871221
Offset switch to: 2	With score: 27
Instructions Retired: 1500002 Cycle: 819762 Hearbeat IPC: 1.396907 Cumulative IPC: 1.829802
Instructions Retired: 1600005 Cycle: 887981 Hearbeat IPC: 1.465911 Cumulative IPC: 1.801846
Instructions Retired: 1700004 Cycle: 952723 Hearbeat IPC: 1.544577 Cumulative IPC: 1.784363
Offset switch to: 5	With score: 27
Instructions Retired: 1800004 Cycle: 1026671 Hearbeat IPC: 1.352302 Cumulative IPC: 1.753243
Instructions Retired: 1900003 Cycle: 1092093 Hearbeat IPC: 1.528522 Cumulative IPC: 1.739781
Offset switch to: 2	With score: 32
Instructions Retired: 2000004 Cycle: 1155346 Hearbeat IPC: 1.580968 Cumulative IPC: 1.731087
Instructions Retired: 2100002 Cycle: 1232176 Hearbeat IPC: 1.301549 Cumulative IPC: 1.704304
Offset switch to: 18	With score: 25
Instructions Retired: 2200000 Cycle: 1311978 Hearbeat IPC: 1.253076 Cumulative IPC: 1.676857
Instructions Retired: 2300002 Cycle: 1388473 Hearbeat IPC: 1.307301 Cumulative IPC: 1.656497
Offset switch to: 2	With score: 31
Instructions Retired: 2400003 Cycle: 1453412 Hearbeat IPC: 1.539922 Cumulative IPC: 1.651289
Instructions Retired: 2500000 Cycle: 1525897 Hearbeat IPC: 1.379554 Cumulative IPC: 1.638381
Offset switch to: 1	With score: 27
Instructions Retired: 2600000 Cycle: 1594075 Hearbeat IPC: 1.466749 Cumulative IPC: 1.631040
Instructions Retired: 2700002 Cycle: 1672993 Hearbeat IPC: 1.267163 Cumulative IPC: 1.613875
Instructions Retired: 2800005 Cycle: 1751932 Hearbeat IPC: 1.266839 Cumulative IPC: 1.598238
Instructions Retired: 2900000 Cycle: 1821782 Hearbeat IPC: 1.431568 Cumulative IPC: 1.591848
Instructions Retired: 3000002 Cycle: 1898922 Hearbeat IPC: 1.296370 Cumulative IPC: 1.579845
Offset switch to: 2	With score: 28

Simulation complete. Instructions retired: 3099753 Cycles elapsed: 1985081 IPC: 1.561525

