
*** Data Prefetching Championship 2 Simulator ***

Warmup Instructions: 10000000
Simulation Instructions: 100000000
Scramble loads ON
Using 1MB Last Level Cache
Using 12.8 GB/s DRAM bandwidth
Next-Line Prefetcher
Knobs visible from prefetcher: 1 0 0
Instructions Retired: 100000 Cycle: 57966 Hearbeat IPC: 1.725149 Cumulative IPC: 1.725149
Prefetcher heartbeat stats
Instructions Retired: 200000 Cycle: 107706 Hearbeat IPC: 2.010454 Cumulative IPC: 1.856907
Prefetcher heartbeat stats
Instructions Retired: 300001 Cycle: 162787 Hearbeat IPC: 1.815526 Cumulative IPC: 1.842905
Prefetcher heartbeat stats
Instructions Retired: 400002 Cycle: 216229 Hearbeat IPC: 1.871206 Cumulative IPC: 1.849900
Prefetcher heartbeat stats
Instructions Retired: 500005 Cycle: 266598 Hearbeat IPC: 1.985408 Cumulative IPC: 1.875502
Prefetcher heartbeat stats
Instructions Retired: 600001 Cycle: 317903 Hearbeat IPC: 1.949050 Cumulative IPC: 1.887371
Prefetcher heartbeat stats
Instructions Retired: 700005 Cycle: 371244 Hearbeat IPC: 1.874805 Cumulative IPC: 1.885566
Prefetcher heartbeat stats
Instructions Retired: 800001 Cycle: 429934 Hearbeat IPC: 1.703800 Cumulative IPC: 1.860753
Prefetcher heartbeat stats
Instructions Retired: 900000 Cycle: 483176 Hearbeat IPC: 1.878198 Cumulative IPC: 1.862675
Prefetcher heartbeat stats
Instructions Retired: 1000002 Cycle: 534906 Hearbeat IPC: 1.933153 Cumulative IPC: 1.869491
Prefetcher heartbeat stats
Instructions Retired: 1100001 Cycle: 597142 Hearbeat IPC: 1.606771 Cumulative IPC: 1.842110
Prefetcher heartbeat stats
Instructions Retired: 1200005 Cycle: 667316 Hearbeat IPC: 1.425086 Cumulative IPC: 1.798256
Prefetcher heartbeat stats
Instructions Retired: 1300004 Cycle: 739086 Hearbeat IPC: 1.393326 Cumulative IPC: 1.758935
Prefetcher heartbeat stats
Instructions Retired: 1400003 Cycle: 817204 Hearbeat IPC: 1.280102 Cumulative IPC: 1.713162
Prefetcher heartbeat stats
Instructions Retired: 1500002 Cycle: 902685 Hearbeat IPC: 1.169839 Cumulative IPC: 1.661711
Prefetcher heartbeat stats
Instructions Retired: 1600005 Cycle: 979727 Hearbeat IPC: 1.298032 Cumulative IPC: 1.633113
Prefetcher heartbeat stats
Instructions Retired: 1700001 Cycle: 1053082 Hearbeat IPC: 1.363179 Cumulative IPC: 1.614310
Prefetcher heartbeat stats
Instructions Retired: 1800004 Cycle: 1132840 Hearbeat IPC: 1.253830 Cumulative IPC: 1.588930
Prefetcher heartbeat stats
Instructions Retired: 1900003 Cycle: 1205405 Hearbeat IPC: 1.378061 Cumulative IPC: 1.576236
Prefetcher heartbeat stats
Instructions Retired: 2000001 Cycle: 1281099 Hearbeat IPC: 1.321082 Cumulative IPC: 1.561160
Prefetcher heartbeat stats
Instructions Retired: 2100004 Cycle: 1369096 Hearbeat IPC: 1.136436 Cumulative IPC: 1.533862
Prefetcher heartbeat stats
Instructions Retired: 2200000 Cycle: 1450683 Hearbeat IPC: 1.225636 Cumulative IPC: 1.516527
Prefetcher heartbeat stats
Instructions Retired: 2300000 Cycle: 1524331 Hearbeat IPC: 1.357810 Cumulative IPC: 1.508859
Prefetcher heartbeat stats
Instructions Retired: 2400003 Cycle: 1601175 Hearbeat IPC: 1.301377 Cumulative IPC: 1.498901
Prefetcher heartbeat stats
Instructions Retired: 2500000 Cycle: 1681657 Hearbeat IPC: 1.242477 Cumulative IPC: 1.486629
Prefetcher heartbeat stats
Instructions Retired: 2600001 Cycle: 1755266 Hearbeat IPC: 1.358543 Cumulative IPC: 1.481258
Prefetcher heartbeat stats
Instructions Retired: 2700000 Cycle: 1835519 Hearbeat IPC: 1.246047 Cumulative IPC: 1.470974
Prefetcher heartbeat stats
Instructions Retired: 2800004 Cycle: 1922404 Hearbeat IPC: 1.150993 Cumulative IPC: 1.456512
Prefetcher heartbeat stats
Instructions Retired: 2900000 Cycle: 1994956 Hearbeat IPC: 1.378267 Cumulative IPC: 1.453666
Prefetcher heartbeat stats
Instructions Retired: 3000001 Cycle: 2073839 Hearbeat IPC: 1.267713 Cumulative IPC: 1.446593
Prefetcher heartbeat stats

Simulation complete. Instructions retired: 3099755 Cycles elapsed: 2166535 IPC: 1.430743

Prefetcher final stats
