
*** Data Prefetching Championship 2 Simulator ***

Warmup Instructions: 10000000
Simulation Instructions: 100000000
Scramble loads ON
Using 1MB Last Level Cache
Using 12.8 GB/s DRAM bandwidth
Knobs visible from prefetcher: 1 0 0
Resetting history queue.
Resetting offset table
Setting initial offset to 1
Tag offset: 6
Instructions Retired: 100001 Cycle: 55104 Hearbeat IPC: 1.814768 Cumulative IPC: 1.814768
Prefetcher heartbeat stats
Instructions Retired: 200000 Cycle: 105377 Hearbeat IPC: 1.989119 Cumulative IPC: 1.897947
Prefetcher heartbeat stats
Instructions Retired: 300001 Cycle: 158115 Hearbeat IPC: 1.896185 Cumulative IPC: 1.897359
Prefetcher heartbeat stats
Instructions Retired: 400004 Cycle: 209749 Hearbeat IPC: 1.936767 Cumulative IPC: 1.907060
Prefetcher heartbeat stats
Instructions Retired: 500005 Cycle: 260494 Hearbeat IPC: 1.970657 Cumulative IPC: 1.919449
Prefetcher heartbeat stats
Instructions Retired: 600003 Cycle: 309505 Hearbeat IPC: 2.040318 Cumulative IPC: 1.938589
Prefetcher heartbeat stats
Instructions Retired: 700005 Cycle: 361460 Hearbeat IPC: 1.924781 Cumulative IPC: 1.936604
Prefetcher heartbeat stats
Instructions Retired: 800004 Cycle: 417682 Hearbeat IPC: 1.778645 Cumulative IPC: 1.915342
Prefetcher heartbeat stats
Instructions Retired: 900000 Cycle: 470537 Hearbeat IPC: 1.891893 Cumulative IPC: 1.912708
Prefetcher heartbeat stats
Instructions Retired: 1000002 Cycle: 521168 Hearbeat IPC: 1.975114 Cumulative IPC: 1.918771
Prefetcher heartbeat stats
Instructions Retired: 1100001 Cycle: 582964 Hearbeat IPC: 1.618212 Cumulative IPC: 1.886911
Prefetcher heartbeat stats
Instructions Retired: 1200004 Cycle: 653814 Hearbeat IPC: 1.411475 Cumulative IPC: 1.835390
Prefetcher heartbeat stats
Instructions Retired: 1300004 Cycle: 724942 Hearbeat IPC: 1.405916 Cumulative IPC: 1.793252
Prefetcher heartbeat stats
Instructions Retired: 1400003 Cycle: 801701 Hearbeat IPC: 1.302766 Cumulative IPC: 1.746291
Prefetcher heartbeat stats
Instructions Retired: 1500000 Cycle: 883993 Hearbeat IPC: 1.215148 Cumulative IPC: 1.696846
Prefetcher heartbeat stats
Instructions Retired: 1600001 Cycle: 957914 Hearbeat IPC: 1.352809 Cumulative IPC: 1.670297
Prefetcher heartbeat stats
Instructions Retired: 1700004 Cycle: 1029508 Hearbeat IPC: 1.396807 Cumulative IPC: 1.651278
Prefetcher heartbeat stats
Instructions Retired: 1800004 Cycle: 1108457 Hearbeat IPC: 1.266641 Cumulative IPC: 1.623883
Prefetcher heartbeat stats
Instructions Retired: 1900001 Cycle: 1179958 Hearbeat IPC: 1.398540 Cumulative IPC: 1.610228
Prefetcher heartbeat stats
Instructions Retired: 2000000 Cycle: 1252169 Hearbeat IPC: 1.384817 Cumulative IPC: 1.597229
Prefetcher heartbeat stats
Instructions Retired: 2100001 Cycle: 1335624 Hearbeat IPC: 1.198263 Cumulative IPC: 1.572299
Prefetcher heartbeat stats
Instructions Retired: 2200001 Cycle: 1412784 Hearbeat IPC: 1.296008 Cumulative IPC: 1.557210
Prefetcher heartbeat stats
Instructions Retired: 2300000 Cycle: 1483155 Hearbeat IPC: 1.421026 Cumulative IPC: 1.550748
Prefetcher heartbeat stats
Instructions Retired: 2400003 Cycle: 1559502 Hearbeat IPC: 1.309848 Cumulative IPC: 1.538955
Prefetcher heartbeat stats
Instructions Retired: 2500000 Cycle: 1639402 Hearbeat IPC: 1.251527 Cumulative IPC: 1.524946
Prefetcher heartbeat stats
Instructions Retired: 2600001 Cycle: 1711654 Hearbeat IPC: 1.384059 Cumulative IPC: 1.518999
Prefetcher heartbeat stats
Instructions Retired: 2700004 Cycle: 1788227 Hearbeat IPC: 1.305982 Cumulative IPC: 1.509878
Prefetcher heartbeat stats
Instructions Retired: 2800004 Cycle: 1871026 Hearbeat IPC: 1.207744 Cumulative IPC: 1.496507
Prefetcher heartbeat stats
Instructions Retired: 2900000 Cycle: 1942823 Hearbeat IPC: 1.392760 Cumulative IPC: 1.492673
Prefetcher heartbeat stats
Instructions Retired: 3000002 Cycle: 2017051 Hearbeat IPC: 1.347227 Cumulative IPC: 1.487321
Prefetcher heartbeat stats

Simulation complete. Instructions retired: 3099757 Cycles elapsed: 2106561 IPC: 1.471477

Prefetcher final stats
