
*** Data Prefetching Championship 2 Simulator ***

Warmup Instructions: 10000000
Simulation Instructions: 100000000
Scramble loads OFF
Using 1MB Last Level Cache
Using 12.8 GB/s DRAM bandwidth
Knobs visible from prefetcher: 0 0 0
Resetting history queue.
Resetting offset table
Setting initial offset to 1
Tag offset: 6
Offset switch to: 9	With score: 1
Instructions Retired: 100001 Cycle: 61768 Hearbeat IPC: 1.618977 Cumulative IPC: 1.618977
Cycle: 61768	Best offset: 9	Score: 246
Instructions Retired: 200005 Cycle: 109554 Hearbeat IPC: 2.092747 Cumulative IPC: 1.825629
Cycle: 109554	Best offset: 9	Score: 235
Instructions Retired: 300002 Cycle: 152961 Hearbeat IPC: 2.303707 Cumulative IPC: 1.961297
Cycle: 152961	Best offset: 9	Score: 225
Instructions Retired: 400001 Cycle: 195884 Hearbeat IPC: 2.329730 Cumulative IPC: 2.042030
Cycle: 195884	Best offset: 9	Score: 216
Instructions Retired: 500002 Cycle: 235270 Hearbeat IPC: 2.538999 Cumulative IPC: 2.125226
Cycle: 235270	Best offset: 9	Score: 207
Instructions Retired: 600004 Cycle: 278408 Hearbeat IPC: 2.318188 Cumulative IPC: 2.155125
Cycle: 278408	Best offset: 9	Score: 198
Instructions Retired: 700002 Cycle: 315007 Hearbeat IPC: 2.732260 Cumulative IPC: 2.222179
Cycle: 315007	Best offset: 9	Score: 189
Instructions Retired: 800005 Cycle: 360273 Hearbeat IPC: 2.209230 Cumulative IPC: 2.220552
Cycle: 360273	Best offset: 9	Score: 181
Instructions Retired: 900001 Cycle: 401108 Hearbeat IPC: 2.448782 Cumulative IPC: 2.243787
Cycle: 401108	Best offset: 9	Score: 172
Instructions Retired: 1000004 Cycle: 444653 Hearbeat IPC: 2.296544 Cumulative IPC: 2.248954
Cycle: 444653	Best offset: 9	Score: 163
Instructions Retired: 1100002 Cycle: 487450 Hearbeat IPC: 2.336566 Cumulative IPC: 2.256646
Cycle: 487450	Best offset: 9	Score: 154
Instructions Retired: 1200004 Cycle: 532997 Hearbeat IPC: 2.195578 Cumulative IPC: 2.251427
Cycle: 532997	Best offset: 9	Score: 145
Instructions Retired: 1300000 Cycle: 582741 Hearbeat IPC: 2.010212 Cumulative IPC: 2.230837
Cycle: 582741	Best offset: 9	Score: 136
Instructions Retired: 1400000 Cycle: 632346 Hearbeat IPC: 2.015926 Cumulative IPC: 2.213978
Cycle: 632346	Best offset: 9	Score: 128
Instructions Retired: 1500005 Cycle: 687538 Hearbeat IPC: 1.811947 Cumulative IPC: 2.181705
Cycle: 687538	Best offset: 9	Score: 119
Instructions Retired: 1600003 Cycle: 735808 Hearbeat IPC: 2.071639 Cumulative IPC: 2.174484
Cycle: 735808	Best offset: 9	Score: 110
Instructions Retired: 1700005 Cycle: 794352 Hearbeat IPC: 1.708151 Cumulative IPC: 2.140115
Cycle: 794352	Best offset: 9	Score: 101
Instructions Retired: 1800004 Cycle: 849334 Hearbeat IPC: 1.818759 Cumulative IPC: 2.119312
Cycle: 849334	Best offset: 9	Score: 93
Instructions Retired: 1900003 Cycle: 905114 Hearbeat IPC: 1.792739 Cumulative IPC: 2.099186
Cycle: 905114	Best offset: 9	Score: 84
Instructions Retired: 2000002 Cycle: 964199 Hearbeat IPC: 1.692460 Cumulative IPC: 2.074263
Cycle: 964199	Best offset: 9	Score: 75
Instructions Retired: 2100003 Cycle: 1020035 Hearbeat IPC: 1.790977 Cumulative IPC: 2.058756
Cycle: 1020035	Best offset: 9	Score: 66
Instructions Retired: 2200005 Cycle: 1076878 Hearbeat IPC: 1.759267 Cumulative IPC: 2.042947
Cycle: 1076878	Best offset: 9	Score: 57
Instructions Retired: 2300001 Cycle: 1132697 Hearbeat IPC: 1.791433 Cumulative IPC: 2.030553
Cycle: 1132697	Best offset: 9	Score: 48
Instructions Retired: 2400000 Cycle: 1206118 Hearbeat IPC: 1.361995 Cumulative IPC: 1.989855
Cycle: 1206118	Best offset: 9	Score: 37
Instructions Retired: 2500002 Cycle: 1278273 Hearbeat IPC: 1.385933 Cumulative IPC: 1.955765
Cycle: 1278273	Best offset: 9	Score: 26
Instructions Retired: 2600000 Cycle: 1331949 Hearbeat IPC: 1.862993 Cumulative IPC: 1.952027
Cycle: 1331949	Best offset: 9	Score: 17
Instructions Retired: 2700005 Cycle: 1384856 Hearbeat IPC: 1.890204 Cumulative IPC: 1.949665
Cycle: 1384856	Best offset: 9	Score: 8
Instructions Retired: 2800001 Cycle: 1442029 Hearbeat IPC: 1.749007 Cumulative IPC: 1.941709
Cycle: 1442029	Best offset: 9	Score: 255
Instructions Retired: 2900004 Cycle: 1498369 Hearbeat IPC: 1.774991 Cumulative IPC: 1.935440
Cycle: 1498369	Best offset: 9	Score: 246
Instructions Retired: 3000002 Cycle: 1567413 Hearbeat IPC: 1.448323 Cumulative IPC: 1.913983
Cycle: 1567413	Best offset: 9	Score: 236

Simulation complete. Instructions retired: 3099754 Cycles elapsed: 1636968 IPC: 1.893595

Prefetcher final stats
