
*** Data Prefetching Championship 2 Simulator ***

Warmup Instructions: 10000000
Simulation Instructions: 100000000
Scramble loads OFF
Using 1MB Last Level Cache
Using 12.8 GB/s DRAM bandwidth
Knobs visible from prefetcher: 0 0 0
Resetting history queue.
Resetting offset table
Setting initial offset to 1
Tag offset: 6
Ressetting hit rate
Offset switch to: 9	With score: 1
Offset switch to: 35	With score: 1
Offset switch to: 18	With score: 1
Offset switch to: 61	With score: 2
Instructions Retired: 100002 Cycle: 83744 Hearbeat IPC: 1.194139 Cumulative IPC: 1.194139
Cycle: 83744	Best offset: 61	Score: 1	Hit Rate: 0.196299
	---- Offset table ----
Offset -> Score
1 -> 0
2 -> 0
3 -> 0
4 -> 0
5 -> 0
6 -> 0
7 -> 0
8 -> 0
9 -> 0
10 -> 0
11 -> 0
12 -> 0
13 -> 0
14 -> 0
15 -> 0
16 -> 0
17 -> 0
18 -> 0
19 -> 0
20 -> 0
21 -> 0
22 -> 0
23 -> 0
24 -> 0
25 -> 0
26 -> 0
27 -> 0
28 -> 0
29 -> 0
30 -> 0
31 -> 0
32 -> 0
33 -> 0
34 -> 0
35 -> 0
36 -> 0
37 -> 0
38 -> 0
39 -> 0
40 -> 0
41 -> 0
42 -> 0
43 -> 0
44 -> 0
45 -> 0
46 -> 0
47 -> 0
48 -> 0
49 -> 0
50 -> 0
51 -> 0
52 -> 0
53 -> 0
54 -> 0
55 -> 0
56 -> 0
57 -> 0
58 -> 0
59 -> 0
60 -> 0
61 -> 1
62 -> 0
63 -> 0
64 -> 0
65 -> 1
66 -> 0
67 -> 0
68 -> 0
69 -> 0
70 -> 0
71 -> 0
72 -> 0
73 -> 0
74 -> 0
75 -> 0
76 -> 0
77 -> 0
78 -> 0
79 -> 1
80 -> 1
81 -> 0
82 -> 0
83 -> 0
84 -> 0
85 -> 0
86 -> 0
87 -> 0
88 -> 0
89 -> 0
90 -> 0
91 -> 0
92 -> 0
93 -> 0
94 -> 0
95 -> 0
96 -> 0
97 -> 0
98 -> 0
99 -> 0
100 -> 0
101 -> 0
102 -> 0
103 -> 0
104 -> 0
105 -> 0
106 -> 0
107 -> 0
108 -> 0
109 -> 0
110 -> 1
111 -> 1
112 -> 1
113 -> 1
114 -> 1
115 -> 0
116 -> 1
117 -> 0
118 -> 1
119 -> 1
120 -> 1
121 -> 0
122 -> 0
123 -> 0
124 -> 0
125 -> 0
126 -> 0
127 -> 0
128 -> 0
	----------------------
Offset switch to: 114	With score: 2
Offset switch to: 44	With score: 1
Instructions Retired: 200003 Cycle: 161847 Hearbeat IPC: 1.280373 Cumulative IPC: 1.235754
Cycle: 161847	Best offset: 44	Score: 0	Hit Rate: 0.184365
	---- Offset table ----
Offset -> Score
1 -> 0
2 -> 0
3 -> 0
4 -> 0
5 -> 0
6 -> 0
7 -> 0
8 -> 0
9 -> 0
10 -> 0
11 -> 0
12 -> 0
13 -> 0
14 -> 0
15 -> 0
16 -> 0
17 -> 0
18 -> 0
19 -> 0
20 -> 0
21 -> 0
22 -> 0
23 -> 0
24 -> 0
25 -> 0
26 -> 0
27 -> 0
28 -> 0
29 -> 0
30 -> 0
31 -> 0
32 -> 0
33 -> 0
34 -> 0
35 -> 0
36 -> 0
37 -> 0
38 -> 0
39 -> 0
40 -> 0
41 -> 0
42 -> 0
43 -> 0
44 -> 0
45 -> 0
46 -> 0
47 -> 0
48 -> 0
49 -> 0
50 -> 0
51 -> 0
52 -> 0
53 -> 0
54 -> 0
55 -> 0
56 -> 0
57 -> 0
58 -> 0
59 -> 0
60 -> 0
61 -> 0
62 -> 0
63 -> 0
64 -> 0
65 -> 0
66 -> 0
67 -> 0
68 -> 0
69 -> 0
70 -> 0
71 -> 0
72 -> 0
73 -> 0
74 -> 0
75 -> 0
76 -> 0
77 -> 0
78 -> 0
79 -> 0
80 -> 0
81 -> 0
82 -> 0
83 -> 0
84 -> 0
85 -> 0
86 -> 0
87 -> 0
88 -> 0
89 -> 0
90 -> 0
91 -> 0
92 -> 0
93 -> 0
94 -> 0
95 -> 0
96 -> 0
97 -> 0
98 -> 0
99 -> 0
100 -> 0
101 -> 0
102 -> 0
103 -> 0
104 -> 0
105 -> 0
106 -> 0
107 -> 0
108 -> 0
109 -> 0
110 -> 0
111 -> 0
112 -> 0
113 -> 0
114 -> 0
115 -> 0
116 -> 0
117 -> 0
118 -> 0
119 -> 0
120 -> 0
121 -> 0
122 -> 0
123 -> 0
124 -> 0
125 -> 0
126 -> 0
127 -> 0
128 -> 0
	----------------------
Instructions Retired: 300005 Cycle: 242901 Hearbeat IPC: 1.233770 Cumulative IPC: 1.235092
Cycle: 242901	Best offset: 44	Score: 0	Hit Rate: 0.128923
	---- Offset table ----
Offset -> Score
1 -> 0
2 -> 0
3 -> 0
4 -> 0
5 -> 0
6 -> 0
7 -> 0
8 -> 0
9 -> 0
10 -> 0
11 -> 0
12 -> 0
13 -> 0
14 -> 0
15 -> 0
16 -> 0
17 -> 0
18 -> 0
19 -> 0
20 -> 0
21 -> 0
22 -> 0
23 -> 0
24 -> 0
25 -> 0
26 -> 0
27 -> 0
28 -> 0
29 -> 0
30 -> 0
31 -> 0
32 -> 0
33 -> 0
34 -> 0
35 -> 0
36 -> 0
37 -> 0
38 -> 0
39 -> 0
40 -> 0
41 -> 0
42 -> 0
43 -> 0
44 -> 0
45 -> 0
46 -> 0
47 -> 0
48 -> 0
49 -> 0
50 -> 0
51 -> 0
52 -> 0
53 -> 0
54 -> 0
55 -> 0
56 -> 0
57 -> 0
58 -> 0
59 -> 0
60 -> 0
61 -> 0
62 -> 0
63 -> 0
64 -> 0
65 -> 0
66 -> 0
67 -> 0
68 -> 0
69 -> 0
70 -> 0
71 -> 0
72 -> 0
73 -> 0
74 -> 0
75 -> 0
76 -> 0
77 -> 0
78 -> 0
79 -> 0
80 -> 0
81 -> 0
82 -> 0
83 -> 0
84 -> 0
85 -> 0
86 -> 0
87 -> 0
88 -> 0
89 -> 0
90 -> 0
91 -> 0
92 -> 0
93 -> 0
94 -> 0
95 -> 0
96 -> 0
97 -> 0
98 -> 0
99 -> 0
100 -> 0
101 -> 0
102 -> 0
103 -> 0
104 -> 0
105 -> 0
106 -> 0
107 -> 0
108 -> 0
109 -> 0
110 -> 0
111 -> 0
112 -> 0
113 -> 0
114 -> 0
115 -> 0
116 -> 0
117 -> 0
118 -> 0
119 -> 0
120 -> 0
121 -> 0
122 -> 0
123 -> 0
124 -> 0
125 -> 0
126 -> 0
127 -> 0
128 -> 0
	----------------------
Instructions Retired: 400003 Cycle: 323154 Hearbeat IPC: 1.246034 Cumulative IPC: 1.237809
Cycle: 323154	Best offset: 44	Score: 0	Hit Rate: 0.101397
	---- Offset table ----
Offset -> Score
1 -> 0
2 -> 0
3 -> 0
4 -> 0
5 -> 0
6 -> 0
7 -> 0
8 -> 0
9 -> 0
10 -> 0
11 -> 0
12 -> 0
13 -> 0
14 -> 0
15 -> 0
16 -> 0
17 -> 0
18 -> 0
19 -> 0
20 -> 0
21 -> 0
22 -> 0
23 -> 0
24 -> 0
25 -> 0
26 -> 0
27 -> 0
28 -> 0
29 -> 0
30 -> 0
31 -> 0
32 -> 0
33 -> 0
34 -> 0
35 -> 0
36 -> 0
37 -> 0
38 -> 0
39 -> 0
40 -> 0
41 -> 0
42 -> 0
43 -> 0
44 -> 0
45 -> 0
46 -> 0
47 -> 0
48 -> 0
49 -> 0
50 -> 0
51 -> 0
52 -> 0
53 -> 0
54 -> 0
55 -> 0
56 -> 0
57 -> 0
58 -> 0
59 -> 0
60 -> 0
61 -> 0
62 -> 0
63 -> 0
64 -> 0
65 -> 0
66 -> 0
67 -> 0
68 -> 0
69 -> 0
70 -> 0
71 -> 0
72 -> 0
73 -> 0
74 -> 0
75 -> 0
76 -> 0
77 -> 0
78 -> 0
79 -> 0
80 -> 0
81 -> 0
82 -> 0
83 -> 0
84 -> 0
85 -> 0
86 -> 0
87 -> 0
88 -> 0
89 -> 0
90 -> 0
91 -> 0
92 -> 0
93 -> 0
94 -> 0
95 -> 0
96 -> 0
97 -> 0
98 -> 0
99 -> 0
100 -> 0
101 -> 0
102 -> 0
103 -> 0
104 -> 0
105 -> 0
106 -> 0
107 -> 0
108 -> 0
109 -> 0
110 -> 0
111 -> 0
112 -> 0
113 -> 0
114 -> 0
115 -> 0
116 -> 0
117 -> 0
118 -> 0
119 -> 0
120 -> 0
121 -> 0
122 -> 0
123 -> 0
124 -> 0
125 -> 0
126 -> 0
127 -> 0
128 -> 0
	----------------------
Instructions Retired: 500005 Cycle: 392844 Hearbeat IPC: 1.434955 Cumulative IPC: 1.272783
Cycle: 392844	Best offset: 44	Score: 0	Hit Rate: 0.092396
	---- Offset table ----
Offset -> Score
1 -> 0
2 -> 0
3 -> 0
4 -> 0
5 -> 0
6 -> 0
7 -> 0
8 -> 0
9 -> 0
10 -> 0
11 -> 0
12 -> 0
13 -> 0
14 -> 0
15 -> 0
16 -> 0
17 -> 0
18 -> 0
19 -> 0
20 -> 0
21 -> 0
22 -> 0
23 -> 0
24 -> 0
25 -> 0
26 -> 0
27 -> 0
28 -> 0
29 -> 0
30 -> 0
31 -> 0
32 -> 0
33 -> 0
34 -> 0
35 -> 0
36 -> 0
37 -> 0
38 -> 0
39 -> 0
40 -> 0
41 -> 0
42 -> 0
43 -> 0
44 -> 0
45 -> 0
46 -> 0
47 -> 0
48 -> 0
49 -> 0
50 -> 0
51 -> 0
52 -> 0
53 -> 0
54 -> 0
55 -> 0
56 -> 0
57 -> 0
58 -> 0
59 -> 0
60 -> 0
61 -> 0
62 -> 0
63 -> 0
64 -> 0
65 -> 0
66 -> 0
67 -> 0
68 -> 0
69 -> 0
70 -> 0
71 -> 0
72 -> 0
73 -> 0
74 -> 0
75 -> 0
76 -> 0
77 -> 0
78 -> 0
79 -> 0
80 -> 0
81 -> 0
82 -> 0
83 -> 0
84 -> 0
85 -> 0
86 -> 0
87 -> 0
88 -> 0
89 -> 0
90 -> 0
91 -> 0
92 -> 0
93 -> 0
94 -> 0
95 -> 0
96 -> 0
97 -> 0
98 -> 0
99 -> 0
100 -> 0
101 -> 0
102 -> 0
103 -> 0
104 -> 0
105 -> 0
106 -> 0
107 -> 0
108 -> 0
109 -> 0
110 -> 0
111 -> 0
112 -> 0
113 -> 0
114 -> 0
115 -> 0
116 -> 0
117 -> 0
118 -> 0
119 -> 0
120 -> 0
121 -> 0
122 -> 0
123 -> 0
124 -> 0
125 -> 0
126 -> 0
127 -> 0
128 -> 0
	----------------------
Instructions Retired: 600004 Cycle: 463962 Hearbeat IPC: 1.406100 Cumulative IPC: 1.293218
Cycle: 463962	Best offset: 44	Score: 0	Hit Rate: 0.078616
	---- Offset table ----
Offset -> Score
1 -> 0
2 -> 0
3 -> 0
4 -> 0
5 -> 0
6 -> 0
7 -> 0
8 -> 0
9 -> 0
10 -> 0
11 -> 0
12 -> 0
13 -> 0
14 -> 0
15 -> 0
16 -> 0
17 -> 0
18 -> 0
19 -> 0
20 -> 0
21 -> 0
22 -> 0
23 -> 0
24 -> 0
25 -> 0
26 -> 0
27 -> 0
28 -> 0
29 -> 0
30 -> 0
31 -> 0
32 -> 0
33 -> 0
34 -> 0
35 -> 0
36 -> 0
37 -> 0
38 -> 0
39 -> 0
40 -> 0
41 -> 0
42 -> 0
43 -> 0
44 -> 0
45 -> 0
46 -> 0
47 -> 0
48 -> 0
49 -> 0
50 -> 0
51 -> 0
52 -> 0
53 -> 0
54 -> 0
55 -> 0
56 -> 0
57 -> 0
58 -> 0
59 -> 0
60 -> 0
61 -> 0
62 -> 0
63 -> 0
64 -> 0
65 -> 0
66 -> 0
67 -> 0
68 -> 0
69 -> 0
70 -> 0
71 -> 0
72 -> 0
73 -> 0
74 -> 0
75 -> 0
76 -> 0
77 -> 0
78 -> 0
79 -> 0
80 -> 0
81 -> 0
82 -> 0
83 -> 0
84 -> 0
85 -> 0
86 -> 0
87 -> 0
88 -> 0
89 -> 0
90 -> 0
91 -> 0
92 -> 0
93 -> 0
94 -> 0
95 -> 0
96 -> 0
97 -> 0
98 -> 0
99 -> 0
100 -> 0
101 -> 0
102 -> 0
103 -> 0
104 -> 0
105 -> 0
106 -> 0
107 -> 0
108 -> 0
109 -> 0
110 -> 0
111 -> 0
112 -> 0
113 -> 0
114 -> 0
115 -> 0
116 -> 0
117 -> 0
118 -> 0
119 -> 0
120 -> 0
121 -> 0
122 -> 0
123 -> 0
124 -> 0
125 -> 0
126 -> 0
127 -> 0
128 -> 0
	----------------------
Instructions Retired: 700003 Cycle: 533433 Hearbeat IPC: 1.439435 Cumulative IPC: 1.312260
Cycle: 533433	Best offset: 44	Score: 0	Hit Rate: 0.068468
	---- Offset table ----
Offset -> Score
1 -> 0
2 -> 0
3 -> 0
4 -> 0
5 -> 0
6 -> 0
7 -> 0
8 -> 0
9 -> 0
10 -> 0
11 -> 0
12 -> 0
13 -> 0
14 -> 0
15 -> 0
16 -> 0
17 -> 0
18 -> 0
19 -> 0
20 -> 0
21 -> 0
22 -> 0
23 -> 0
24 -> 0
25 -> 0
26 -> 0
27 -> 0
28 -> 0
29 -> 0
30 -> 0
31 -> 0
32 -> 0
33 -> 0
34 -> 0
35 -> 0
36 -> 0
37 -> 0
38 -> 0
39 -> 0
40 -> 0
41 -> 0
42 -> 0
43 -> 0
44 -> 0
45 -> 0
46 -> 0
47 -> 0
48 -> 0
49 -> 0
50 -> 0
51 -> 0
52 -> 0
53 -> 0
54 -> 0
55 -> 0
56 -> 0
57 -> 0
58 -> 0
59 -> 0
60 -> 0
61 -> 0
62 -> 0
63 -> 0
64 -> 0
65 -> 0
66 -> 0
67 -> 0
68 -> 0
69 -> 0
70 -> 0
71 -> 0
72 -> 0
73 -> 0
74 -> 0
75 -> 0
76 -> 0
77 -> 0
78 -> 0
79 -> 0
80 -> 0
81 -> 0
82 -> 0
83 -> 0
84 -> 0
85 -> 0
86 -> 0
87 -> 0
88 -> 0
89 -> 0
90 -> 0
91 -> 0
92 -> 0
93 -> 0
94 -> 0
95 -> 0
96 -> 0
97 -> 0
98 -> 0
99 -> 0
100 -> 0
101 -> 0
102 -> 0
103 -> 0
104 -> 0
105 -> 0
106 -> 0
107 -> 0
108 -> 0
109 -> 0
110 -> 0
111 -> 0
112 -> 0
113 -> 0
114 -> 0
115 -> 0
116 -> 0
117 -> 0
118 -> 0
119 -> 0
120 -> 0
121 -> 0
122 -> 0
123 -> 0
124 -> 0
125 -> 0
126 -> 0
127 -> 0
128 -> 0
	----------------------
Instructions Retired: 800004 Cycle: 599710 Hearbeat IPC: 1.508834 Cumulative IPC: 1.333985
Cycle: 599710	Best offset: 44	Score: 0	Hit Rate: 0.060628
	---- Offset table ----
Offset -> Score
1 -> 0
2 -> 0
3 -> 0
4 -> 0
5 -> 0
6 -> 0
7 -> 0
8 -> 0
9 -> 0
10 -> 0
11 -> 0
12 -> 0
13 -> 0
14 -> 0
15 -> 0
16 -> 0
17 -> 0
18 -> 0
19 -> 0
20 -> 0
21 -> 0
22 -> 0
23 -> 0
24 -> 0
25 -> 0
26 -> 0
27 -> 0
28 -> 0
29 -> 0
30 -> 0
31 -> 0
32 -> 0
33 -> 0
34 -> 0
35 -> 0
36 -> 0
37 -> 0
38 -> 0
39 -> 0
40 -> 0
41 -> 0
42 -> 0
43 -> 0
44 -> 0
45 -> 0
46 -> 0
47 -> 0
48 -> 0
49 -> 0
50 -> 0
51 -> 0
52 -> 0
53 -> 0
54 -> 0
55 -> 0
56 -> 0
57 -> 0
58 -> 0
59 -> 0
60 -> 0
61 -> 0
62 -> 0
63 -> 0
64 -> 0
65 -> 0
66 -> 0
67 -> 0
68 -> 0
69 -> 0
70 -> 0
71 -> 0
72 -> 0
73 -> 0
74 -> 0
75 -> 0
76 -> 0
77 -> 0
78 -> 0
79 -> 0
80 -> 0
81 -> 0
82 -> 0
83 -> 0
84 -> 0
85 -> 0
86 -> 0
87 -> 0
88 -> 0
89 -> 0
90 -> 0
91 -> 0
92 -> 0
93 -> 0
94 -> 0
95 -> 0
96 -> 0
97 -> 0
98 -> 0
99 -> 0
100 -> 0
101 -> 0
102 -> 0
103 -> 0
104 -> 0
105 -> 0
106 -> 0
107 -> 0
108 -> 0
109 -> 0
110 -> 0
111 -> 0
112 -> 0
113 -> 0
114 -> 0
115 -> 0
116 -> 0
117 -> 0
118 -> 0
119 -> 0
120 -> 0
121 -> 0
122 -> 0
123 -> 0
124 -> 0
125 -> 0
126 -> 0
127 -> 0
128 -> 0
	----------------------
Instructions Retired: 900005 Cycle: 670587 Hearbeat IPC: 1.410909 Cumulative IPC: 1.342115
Cycle: 670587	Best offset: 44	Score: 0	Hit Rate: 0.057992
	---- Offset table ----
Offset -> Score
1 -> 0
2 -> 0
3 -> 0
4 -> 0
5 -> 0
6 -> 0
7 -> 0
8 -> 0
9 -> 0
10 -> 0
11 -> 0
12 -> 0
13 -> 0
14 -> 0
15 -> 0
16 -> 0
17 -> 0
18 -> 0
19 -> 0
20 -> 0
21 -> 0
22 -> 0
23 -> 0
24 -> 0
25 -> 0
26 -> 0
27 -> 0
28 -> 0
29 -> 0
30 -> 0
31 -> 0
32 -> 0
33 -> 0
34 -> 0
35 -> 0
36 -> 0
37 -> 0
38 -> 0
39 -> 0
40 -> 0
41 -> 0
42 -> 0
43 -> 0
44 -> 0
45 -> 0
46 -> 0
47 -> 0
48 -> 0
49 -> 0
50 -> 0
51 -> 0
52 -> 0
53 -> 0
54 -> 0
55 -> 0
56 -> 0
57 -> 0
58 -> 0
59 -> 0
60 -> 0
61 -> 0
62 -> 0
63 -> 0
64 -> 0
65 -> 0
66 -> 0
67 -> 0
68 -> 0
69 -> 0
70 -> 0
71 -> 0
72 -> 0
73 -> 0
74 -> 0
75 -> 0
76 -> 0
77 -> 0
78 -> 0
79 -> 0
80 -> 0
81 -> 0
82 -> 0
83 -> 0
84 -> 0
85 -> 0
86 -> 0
87 -> 0
88 -> 0
89 -> 0
90 -> 0
91 -> 0
92 -> 0
93 -> 0
94 -> 0
95 -> 0
96 -> 0
97 -> 0
98 -> 0
99 -> 0
100 -> 0
101 -> 0
102 -> 0
103 -> 0
104 -> 0
105 -> 0
106 -> 0
107 -> 0
108 -> 0
109 -> 0
110 -> 0
111 -> 0
112 -> 0
113 -> 0
114 -> 0
115 -> 0
116 -> 0
117 -> 0
118 -> 0
119 -> 0
120 -> 0
121 -> 0
122 -> 0
123 -> 0
124 -> 0
125 -> 0
126 -> 0
127 -> 0
128 -> 0
	----------------------
Instructions Retired: 1000003 Cycle: 737684 Hearbeat IPC: 1.490350 Cumulative IPC: 1.355598
Cycle: 737684	Best offset: 44	Score: 0	Hit Rate: 0.053836
	---- Offset table ----
Offset -> Score
1 -> 0
2 -> 0
3 -> 0
4 -> 0
5 -> 0
6 -> 0
7 -> 0
8 -> 0
9 -> 0
10 -> 0
11 -> 0
12 -> 0
13 -> 0
14 -> 0
15 -> 0
16 -> 0
17 -> 0
18 -> 0
19 -> 0
20 -> 0
21 -> 0
22 -> 0
23 -> 0
24 -> 0
25 -> 0
26 -> 0
27 -> 0
28 -> 0
29 -> 0
30 -> 0
31 -> 0
32 -> 0
33 -> 0
34 -> 0
35 -> 0
36 -> 0
37 -> 0
38 -> 0
39 -> 0
40 -> 0
41 -> 0
42 -> 0
43 -> 0
44 -> 0
45 -> 0
46 -> 0
47 -> 0
48 -> 0
49 -> 0
50 -> 0
51 -> 0
52 -> 0
53 -> 0
54 -> 0
55 -> 0
56 -> 0
57 -> 0
58 -> 0
59 -> 0
60 -> 0
61 -> 0
62 -> 0
63 -> 0
64 -> 0
65 -> 0
66 -> 0
67 -> 0
68 -> 0
69 -> 0
70 -> 0
71 -> 0
72 -> 0
73 -> 0
74 -> 0
75 -> 0
76 -> 0
77 -> 0
78 -> 0
79 -> 0
80 -> 0
81 -> 0
82 -> 0
83 -> 0
84 -> 0
85 -> 0
86 -> 0
87 -> 0
88 -> 0
89 -> 0
90 -> 0
91 -> 0
92 -> 0
93 -> 0
94 -> 0
95 -> 0
96 -> 0
97 -> 0
98 -> 0
99 -> 0
100 -> 0
101 -> 0
102 -> 0
103 -> 0
104 -> 0
105 -> 0
106 -> 0
107 -> 0
108 -> 0
109 -> 0
110 -> 0
111 -> 0
112 -> 0
113 -> 0
114 -> 0
115 -> 0
116 -> 0
117 -> 0
118 -> 0
119 -> 0
120 -> 0
121 -> 0
122 -> 0
123 -> 0
124 -> 0
125 -> 0
126 -> 0
127 -> 0
128 -> 0
	----------------------
Offset switch to: 43	With score: 1
Offset switch to: 1	With score: 1
Offset switch to: 15	With score: 1
Instructions Retired: 1100005 Cycle: 805445 Hearbeat IPC: 1.475805 Cumulative IPC: 1.365711
Cycle: 805445	Best offset: 15	Score: 0	Hit Rate: 0.057928
	---- Offset table ----
Offset -> Score
1 -> 0
2 -> 0
3 -> 0
4 -> 0
5 -> 0
6 -> 0
7 -> 0
8 -> 0
9 -> 0
10 -> 0
11 -> 0
12 -> 0
13 -> 0
14 -> 0
15 -> 0
16 -> 0
17 -> 0
18 -> 0
19 -> 0
20 -> 0
21 -> 0
22 -> 0
23 -> 0
24 -> 0
25 -> 0
26 -> 0
27 -> 0
28 -> 0
29 -> 0
30 -> 0
31 -> 0
32 -> 0
33 -> 0
34 -> 0
35 -> 0
36 -> 0
37 -> 0
38 -> 0
39 -> 0
40 -> 0
41 -> 0
42 -> 0
43 -> 0
44 -> 0
45 -> 0
46 -> 0
47 -> 0
48 -> 0
49 -> 0
50 -> 0
51 -> 0
52 -> 0
53 -> 0
54 -> 0
55 -> 0
56 -> 0
57 -> 0
58 -> 0
59 -> 0
60 -> 0
61 -> 0
62 -> 0
63 -> 0
64 -> 0
65 -> 0
66 -> 0
67 -> 0
68 -> 0
69 -> 0
70 -> 0
71 -> 0
72 -> 0
73 -> 0
74 -> 0
75 -> 0
76 -> 0
77 -> 0
78 -> 0
79 -> 0
80 -> 0
81 -> 0
82 -> 0
83 -> 0
84 -> 0
85 -> 0
86 -> 0
87 -> 0
88 -> 0
89 -> 0
90 -> 0
91 -> 0
92 -> 0
93 -> 0
94 -> 0
95 -> 0
96 -> 0
97 -> 0
98 -> 0
99 -> 0
100 -> 0
101 -> 0
102 -> 0
103 -> 0
104 -> 0
105 -> 0
106 -> 0
107 -> 0
108 -> 0
109 -> 0
110 -> 0
111 -> 0
112 -> 0
113 -> 0
114 -> 0
115 -> 0
116 -> 0
117 -> 0
118 -> 0
119 -> 0
120 -> 0
121 -> 0
122 -> 0
123 -> 0
124 -> 0
125 -> 0
126 -> 0
127 -> 0
128 -> 0
	----------------------
Offset switch to: 3	With score: 1
Offset switch to: 72	With score: 1
Offset switch to: 15	With score: 2
Instructions Retired: 1200002 Cycle: 856230 Hearbeat IPC: 1.969026 Cumulative IPC: 1.401495
Cycle: 856230	Best offset: 15	Score: 0	Hit Rate: 0.084900
	---- Offset table ----
Offset -> Score
1 -> 0
2 -> 0
3 -> 0
4 -> 0
5 -> 0
6 -> 0
7 -> 0
8 -> 0
9 -> 0
10 -> 0
11 -> 0
12 -> 0
13 -> 0
14 -> 1
15 -> 0
16 -> 0
17 -> 0
18 -> 0
19 -> 0
20 -> 0
21 -> 0
22 -> 0
23 -> 0
24 -> 0
25 -> 0
26 -> 0
27 -> 0
28 -> 0
29 -> 0
30 -> 0
31 -> 0
32 -> 0
33 -> 0
34 -> 0
35 -> 0
36 -> 0
37 -> 0
38 -> 0
39 -> 0
40 -> 0
41 -> 0
42 -> 0
43 -> 0
44 -> 0
45 -> 0
46 -> 0
47 -> 0
48 -> 0
49 -> 0
50 -> 0
51 -> 0
52 -> 0
53 -> 0
54 -> 0
55 -> 0
56 -> 0
57 -> 0
58 -> 0
59 -> 0
60 -> 0
61 -> 0
62 -> 0
63 -> 0
64 -> 0
65 -> 0
66 -> 0
67 -> 0
68 -> 0
69 -> 0
70 -> 0
71 -> 0
72 -> 0
73 -> 0
74 -> 0
75 -> 0
76 -> 0
77 -> 0
78 -> 0
79 -> 0
80 -> 0
81 -> 0
82 -> 0
83 -> 0
84 -> 0
85 -> 0
86 -> 0
87 -> 0
88 -> 0
89 -> 0
90 -> 0
91 -> 0
92 -> 0
93 -> 0
94 -> 0
95 -> 0
96 -> 0
97 -> 0
98 -> 0
99 -> 0
100 -> 0
101 -> 0
102 -> 0
103 -> 0
104 -> 0
105 -> 0
106 -> 0
107 -> 0
108 -> 0
109 -> 0
110 -> 0
111 -> 0
112 -> 0
113 -> 0
114 -> 0
115 -> 0
116 -> 0
117 -> 0
118 -> 0
119 -> 0
120 -> 0
121 -> 0
122 -> 0
123 -> 0
124 -> 0
125 -> 0
126 -> 0
127 -> 0
128 -> 0
	----------------------
Offset switch to: 4	With score: 1
Instructions Retired: 1300000 Cycle: 908562 Hearbeat IPC: 1.910838 Cumulative IPC: 1.430833
Cycle: 908562	Best offset: 4	Score: 0	Hit Rate: 0.116901
	---- Offset table ----
Offset -> Score
1 -> 0
2 -> 0
3 -> 0
4 -> 0
5 -> 0
6 -> 0
7 -> 0
8 -> 0
9 -> 0
10 -> 0
11 -> 0
12 -> 0
13 -> 0
14 -> 0
15 -> 0
16 -> 0
17 -> 0
18 -> 0
19 -> 0
20 -> 0
21 -> 0
22 -> 0
23 -> 0
24 -> 0
25 -> 0
26 -> 0
27 -> 0
28 -> 0
29 -> 0
30 -> 0
31 -> 0
32 -> 0
33 -> 0
34 -> 0
35 -> 0
36 -> 0
37 -> 0
38 -> 0
39 -> 0
40 -> 0
41 -> 0
42 -> 0
43 -> 0
44 -> 0
45 -> 0
46 -> 0
47 -> 0
48 -> 0
49 -> 0
50 -> 0
51 -> 0
52 -> 0
53 -> 0
54 -> 0
55 -> 0
56 -> 0
57 -> 0
58 -> 0
59 -> 0
60 -> 0
61 -> 0
62 -> 0
63 -> 0
64 -> 0
65 -> 0
66 -> 0
67 -> 0
68 -> 0
69 -> 0
70 -> 0
71 -> 0
72 -> 0
73 -> 0
74 -> 0
75 -> 0
76 -> 0
77 -> 0
78 -> 0
79 -> 0
80 -> 0
81 -> 0
82 -> 0
83 -> 0
84 -> 0
85 -> 0
86 -> 0
87 -> 0
88 -> 0
89 -> 0
90 -> 0
91 -> 0
92 -> 0
93 -> 0
94 -> 0
95 -> 0
96 -> 0
97 -> 0
98 -> 0
99 -> 0
100 -> 0
101 -> 0
102 -> 0
103 -> 0
104 -> 0
105 -> 0
106 -> 0
107 -> 0
108 -> 0
109 -> 0
110 -> 0
111 -> 0
112 -> 0
113 -> 0
114 -> 0
115 -> 0
116 -> 0
117 -> 0
118 -> 0
119 -> 0
120 -> 0
121 -> 0
122 -> 0
123 -> 0
124 -> 0
125 -> 0
126 -> 0
127 -> 0
128 -> 0
	----------------------
Offset switch to: 47	With score: 1
Offset switch to: 74	With score: 1
Offset switch to: 56	With score: 1
Offset switch to: 123	With score: 1
Offset switch to: 22	With score: 1
Offset switch to: 53	With score: 1
Instructions Retired: 1400000 Cycle: 996369 Hearbeat IPC: 1.138861 Cumulative IPC: 1.405102
Cycle: 996369	Best offset: 53	Score: 0	Hit Rate: 0.113689
	---- Offset table ----
Offset -> Score
1 -> 0
2 -> 0
3 -> 0
4 -> 0
5 -> 0
6 -> 0
7 -> 0
8 -> 0
9 -> 0
10 -> 0
11 -> 0
12 -> 0
13 -> 0
14 -> 0
15 -> 0
16 -> 0
17 -> 0
18 -> 0
19 -> 0
20 -> 0
21 -> 0
22 -> 0
23 -> 0
24 -> 0
25 -> 0
26 -> 0
27 -> 0
28 -> 0
29 -> 0
30 -> 0
31 -> 0
32 -> 0
33 -> 0
34 -> 0
35 -> 0
36 -> 0
37 -> 0
38 -> 0
39 -> 0
40 -> 0
41 -> 0
42 -> 0
43 -> 0
44 -> 0
45 -> 0
46 -> 0
47 -> 0
48 -> 0
49 -> 0
50 -> 0
51 -> 0
52 -> 0
53 -> 0
54 -> 0
55 -> 0
56 -> 0
57 -> 0
58 -> 0
59 -> 0
60 -> 0
61 -> 0
62 -> 0
63 -> 0
64 -> 0
65 -> 0
66 -> 0
67 -> 0
68 -> 0
69 -> 0
70 -> 0
71 -> 0
72 -> 0
73 -> 0
74 -> 0
75 -> 0
76 -> 0
77 -> 0
78 -> 0
79 -> 0
80 -> 0
81 -> 0
82 -> 0
83 -> 0
84 -> 0
85 -> 0
86 -> 0
87 -> 0
88 -> 0
89 -> 0
90 -> 0
91 -> 0
92 -> 1
93 -> 1
94 -> 1
95 -> 0
96 -> 0
97 -> 0
98 -> 0
99 -> 0
100 -> 0
101 -> 0
102 -> 0
103 -> 0
104 -> 0
105 -> 0
106 -> 0
107 -> 0
108 -> 0
109 -> 0
110 -> 0
111 -> 0
112 -> 0
113 -> 0
114 -> 0
115 -> 0
116 -> 0
117 -> 0
118 -> 0
119 -> 0
120 -> 0
121 -> 0
122 -> 0
123 -> 0
124 -> 0
125 -> 0
126 -> 0
127 -> 0
128 -> 0
	----------------------
Offset switch to: 83	With score: 1
Offset switch to: 112	With score: 1
Instructions Retired: 1500003 Cycle: 1084289 Hearbeat IPC: 1.137432 Cumulative IPC: 1.383398
Cycle: 1084289	Best offset: 112	Score: 0	Hit Rate: 0.111391
	---- Offset table ----
Offset -> Score
1 -> 0
2 -> 0
3 -> 0
4 -> 0
5 -> 0
6 -> 0
7 -> 0
8 -> 0
9 -> 0
10 -> 0
11 -> 0
12 -> 0
13 -> 0
14 -> 0
15 -> 0
16 -> 0
17 -> 0
18 -> 0
19 -> 0
20 -> 0
21 -> 0
22 -> 0
23 -> 0
24 -> 0
25 -> 0
26 -> 0
27 -> 0
28 -> 0
29 -> 0
30 -> 0
31 -> 0
32 -> 0
33 -> 0
34 -> 0
35 -> 0
36 -> 0
37 -> 0
38 -> 0
39 -> 0
40 -> 0
41 -> 0
42 -> 0
43 -> 0
44 -> 0
45 -> 0
46 -> 0
47 -> 0
48 -> 0
49 -> 0
50 -> 0
51 -> 0
52 -> 0
53 -> 0
54 -> 0
55 -> 0
56 -> 0
57 -> 0
58 -> 0
59 -> 0
60 -> 0
61 -> 0
62 -> 0
63 -> 0
64 -> 0
65 -> 0
66 -> 0
67 -> 0
68 -> 0
69 -> 0
70 -> 0
71 -> 0
72 -> 0
73 -> 0
74 -> 0
75 -> 0
76 -> 0
77 -> 0
78 -> 0
79 -> 0
80 -> 0
81 -> 0
82 -> 0
83 -> 0
84 -> 0
85 -> 0
86 -> 0
87 -> 0
88 -> 0
89 -> 0
90 -> 0
91 -> 0
92 -> 0
93 -> 0
94 -> 0
95 -> 0
96 -> 0
97 -> 0
98 -> 0
99 -> 0
100 -> 0
101 -> 0
102 -> 0
103 -> 0
104 -> 0
105 -> 0
106 -> 0
107 -> 0
108 -> 0
109 -> 0
110 -> 0
111 -> 0
112 -> 0
113 -> 0
114 -> 0
115 -> 0
116 -> 0
117 -> 0
118 -> 0
119 -> 0
120 -> 0
121 -> 0
122 -> 0
123 -> 0
124 -> 0
125 -> 0
126 -> 0
127 -> 0
128 -> 0
	----------------------
Instructions Retired: 1600001 Cycle: 1170431 Hearbeat IPC: 1.160851 Cumulative IPC: 1.367019
Cycle: 1170431	Best offset: 112	Score: 0	Hit Rate: 0.106062
	---- Offset table ----
Offset -> Score
1 -> 0
2 -> 0
3 -> 0
4 -> 0
5 -> 0
6 -> 0
7 -> 0
8 -> 0
9 -> 0
10 -> 0
11 -> 0
12 -> 0
13 -> 0
14 -> 0
15 -> 0
16 -> 0
17 -> 0
18 -> 0
19 -> 0
20 -> 0
21 -> 0
22 -> 0
23 -> 0
24 -> 0
25 -> 0
26 -> 0
27 -> 0
28 -> 0
29 -> 0
30 -> 0
31 -> 0
32 -> 0
33 -> 0
34 -> 0
35 -> 0
36 -> 0
37 -> 0
38 -> 0
39 -> 0
40 -> 0
41 -> 0
42 -> 0
43 -> 0
44 -> 0
45 -> 0
46 -> 0
47 -> 0
48 -> 0
49 -> 0
50 -> 0
51 -> 0
52 -> 0
53 -> 0
54 -> 0
55 -> 0
56 -> 0
57 -> 0
58 -> 0
59 -> 0
60 -> 0
61 -> 0
62 -> 0
63 -> 0
64 -> 0
65 -> 0
66 -> 0
67 -> 0
68 -> 0
69 -> 0
70 -> 0
71 -> 0
72 -> 0
73 -> 0
74 -> 0
75 -> 0
76 -> 0
77 -> 0
78 -> 0
79 -> 0
80 -> 0
81 -> 0
82 -> 0
83 -> 0
84 -> 0
85 -> 0
86 -> 0
87 -> 0
88 -> 0
89 -> 0
90 -> 0
91 -> 0
92 -> 0
93 -> 0
94 -> 0
95 -> 0
96 -> 0
97 -> 0
98 -> 0
99 -> 0
100 -> 0
101 -> 0
102 -> 0
103 -> 0
104 -> 0
105 -> 0
106 -> 0
107 -> 0
108 -> 0
109 -> 0
110 -> 0
111 -> 0
112 -> 0
113 -> 0
114 -> 0
115 -> 0
116 -> 0
117 -> 0
118 -> 0
119 -> 0
120 -> 0
121 -> 0
122 -> 0
123 -> 0
124 -> 0
125 -> 0
126 -> 0
127 -> 0
128 -> 0
	----------------------
Instructions Retired: 1700005 Cycle: 1266173 Hearbeat IPC: 1.044515 Cumulative IPC: 1.342633
Cycle: 1266173	Best offset: 112	Score: 0	Hit Rate: 0.100046
	---- Offset table ----
Offset -> Score
1 -> 0
2 -> 0
3 -> 0
4 -> 0
5 -> 0
6 -> 0
7 -> 0
8 -> 0
9 -> 0
10 -> 0
11 -> 0
12 -> 0
13 -> 0
14 -> 0
15 -> 0
16 -> 0
17 -> 0
18 -> 0
19 -> 0
20 -> 0
21 -> 0
22 -> 0
23 -> 0
24 -> 0
25 -> 0
26 -> 0
27 -> 0
28 -> 0
29 -> 0
30 -> 0
31 -> 0
32 -> 0
33 -> 0
34 -> 0
35 -> 0
36 -> 0
37 -> 0
38 -> 0
39 -> 0
40 -> 0
41 -> 0
42 -> 0
43 -> 0
44 -> 0
45 -> 0
46 -> 0
47 -> 0
48 -> 0
49 -> 0
50 -> 0
51 -> 0
52 -> 0
53 -> 0
54 -> 0
55 -> 0
56 -> 0
57 -> 0
58 -> 0
59 -> 0
60 -> 0
61 -> 0
62 -> 0
63 -> 0
64 -> 0
65 -> 0
66 -> 0
67 -> 0
68 -> 0
69 -> 0
70 -> 0
71 -> 0
72 -> 0
73 -> 0
74 -> 0
75 -> 0
76 -> 0
77 -> 0
78 -> 0
79 -> 0
80 -> 0
81 -> 0
82 -> 0
83 -> 0
84 -> 0
85 -> 0
86 -> 0
87 -> 0
88 -> 0
89 -> 0
90 -> 0
91 -> 0
92 -> 0
93 -> 0
94 -> 0
95 -> 0
96 -> 0
97 -> 0
98 -> 0
99 -> 0
100 -> 0
101 -> 0
102 -> 0
103 -> 0
104 -> 0
105 -> 0
106 -> 0
107 -> 0
108 -> 0
109 -> 0
110 -> 0
111 -> 0
112 -> 0
113 -> 0
114 -> 0
115 -> 0
116 -> 0
117 -> 0
118 -> 0
119 -> 0
120 -> 0
121 -> 0
122 -> 0
123 -> 0
124 -> 0
125 -> 0
126 -> 0
127 -> 0
128 -> 0
	----------------------
Instructions Retired: 1800002 Cycle: 1369046 Hearbeat IPC: 0.972043 Cumulative IPC: 1.314786
Cycle: 1369046	Best offset: 112	Score: 0	Hit Rate: 0.094666
	---- Offset table ----
Offset -> Score
1 -> 0
2 -> 0
3 -> 0
4 -> 0
5 -> 0
6 -> 0
7 -> 0
8 -> 0
9 -> 0
10 -> 0
11 -> 0
12 -> 0
13 -> 0
14 -> 0
15 -> 0
16 -> 0
17 -> 0
18 -> 0
19 -> 0
20 -> 0
21 -> 0
22 -> 0
23 -> 0
24 -> 0
25 -> 0
26 -> 0
27 -> 0
28 -> 0
29 -> 0
30 -> 0
31 -> 0
32 -> 0
33 -> 0
34 -> 0
35 -> 0
36 -> 0
37 -> 0
38 -> 0
39 -> 0
40 -> 0
41 -> 0
42 -> 0
43 -> 0
44 -> 0
45 -> 0
46 -> 0
47 -> 0
48 -> 0
49 -> 0
50 -> 0
51 -> 0
52 -> 0
53 -> 0
54 -> 0
55 -> 0
56 -> 0
57 -> 0
58 -> 0
59 -> 0
60 -> 0
61 -> 0
62 -> 0
63 -> 0
64 -> 0
65 -> 0
66 -> 0
67 -> 0
68 -> 0
69 -> 0
70 -> 0
71 -> 0
72 -> 0
73 -> 0
74 -> 0
75 -> 0
76 -> 0
77 -> 0
78 -> 0
79 -> 0
80 -> 0
81 -> 0
82 -> 0
83 -> 0
84 -> 0
85 -> 0
86 -> 0
87 -> 0
88 -> 0
89 -> 0
90 -> 0
91 -> 0
92 -> 0
93 -> 0
94 -> 0
95 -> 0
96 -> 0
97 -> 0
98 -> 0
99 -> 0
100 -> 0
101 -> 0
102 -> 0
103 -> 0
104 -> 0
105 -> 0
106 -> 0
107 -> 0
108 -> 0
109 -> 0
110 -> 0
111 -> 0
112 -> 0
113 -> 0
114 -> 0
115 -> 0
116 -> 0
117 -> 0
118 -> 0
119 -> 0
120 -> 0
121 -> 0
122 -> 0
123 -> 0
124 -> 0
125 -> 0
126 -> 0
127 -> 0
128 -> 0
	----------------------
Instructions Retired: 1900005 Cycle: 1464014 Hearbeat IPC: 1.053018 Cumulative IPC: 1.297805
Cycle: 1464014	Best offset: 112	Score: 0	Hit Rate: 0.089856
	---- Offset table ----
Offset -> Score
1 -> 0
2 -> 0
3 -> 0
4 -> 0
5 -> 0
6 -> 0
7 -> 0
8 -> 0
9 -> 0
10 -> 0
11 -> 0
12 -> 0
13 -> 0
14 -> 0
15 -> 0
16 -> 0
17 -> 0
18 -> 0
19 -> 0
20 -> 0
21 -> 0
22 -> 0
23 -> 0
24 -> 0
25 -> 0
26 -> 0
27 -> 0
28 -> 0
29 -> 0
30 -> 0
31 -> 0
32 -> 0
33 -> 0
34 -> 0
35 -> 0
36 -> 0
37 -> 0
38 -> 0
39 -> 0
40 -> 0
41 -> 0
42 -> 0
43 -> 0
44 -> 0
45 -> 0
46 -> 0
47 -> 0
48 -> 0
49 -> 0
50 -> 0
51 -> 0
52 -> 0
53 -> 0
54 -> 0
55 -> 0
56 -> 0
57 -> 0
58 -> 0
59 -> 0
60 -> 0
61 -> 0
62 -> 0
63 -> 0
64 -> 0
65 -> 0
66 -> 0
67 -> 0
68 -> 0
69 -> 0
70 -> 0
71 -> 0
72 -> 0
73 -> 0
74 -> 0
75 -> 0
76 -> 0
77 -> 0
78 -> 0
79 -> 0
80 -> 0
81 -> 0
82 -> 0
83 -> 0
84 -> 0
85 -> 0
86 -> 0
87 -> 0
88 -> 0
89 -> 0
90 -> 0
91 -> 0
92 -> 0
93 -> 0
94 -> 0
95 -> 0
96 -> 0
97 -> 0
98 -> 0
99 -> 0
100 -> 0
101 -> 0
102 -> 0
103 -> 0
104 -> 0
105 -> 0
106 -> 0
107 -> 0
108 -> 0
109 -> 0
110 -> 0
111 -> 0
112 -> 0
113 -> 0
114 -> 0
115 -> 0
116 -> 0
117 -> 0
118 -> 0
119 -> 0
120 -> 0
121 -> 0
122 -> 0
123 -> 0
124 -> 0
125 -> 0
126 -> 0
127 -> 0
128 -> 0
	----------------------
Instructions Retired: 2000002 Cycle: 1560252 Hearbeat IPC: 1.039059 Cumulative IPC: 1.281845
Cycle: 1560252	Best offset: 112	Score: 0	Hit Rate: 0.085470
	---- Offset table ----
Offset -> Score
1 -> 0
2 -> 0
3 -> 0
4 -> 0
5 -> 0
6 -> 0
7 -> 0
8 -> 0
9 -> 0
10 -> 0
11 -> 0
12 -> 0
13 -> 0
14 -> 0
15 -> 0
16 -> 0
17 -> 0
18 -> 0
19 -> 0
20 -> 0
21 -> 0
22 -> 0
23 -> 0
24 -> 0
25 -> 0
26 -> 0
27 -> 0
28 -> 0
29 -> 0
30 -> 0
31 -> 0
32 -> 0
33 -> 0
34 -> 0
35 -> 0
36 -> 0
37 -> 0
38 -> 0
39 -> 0
40 -> 0
41 -> 0
42 -> 0
43 -> 0
44 -> 0
45 -> 0
46 -> 0
47 -> 0
48 -> 0
49 -> 0
50 -> 0
51 -> 0
52 -> 0
53 -> 0
54 -> 0
55 -> 0
56 -> 0
57 -> 0
58 -> 0
59 -> 0
60 -> 0
61 -> 0
62 -> 0
63 -> 0
64 -> 0
65 -> 0
66 -> 0
67 -> 0
68 -> 0
69 -> 0
70 -> 0
71 -> 0
72 -> 0
73 -> 0
74 -> 0
75 -> 0
76 -> 0
77 -> 0
78 -> 0
79 -> 0
80 -> 0
81 -> 0
82 -> 0
83 -> 0
84 -> 0
85 -> 0
86 -> 0
87 -> 0
88 -> 0
89 -> 0
90 -> 0
91 -> 0
92 -> 0
93 -> 0
94 -> 0
95 -> 0
96 -> 0
97 -> 0
98 -> 0
99 -> 0
100 -> 0
101 -> 0
102 -> 0
103 -> 0
104 -> 0
105 -> 0
106 -> 0
107 -> 0
108 -> 0
109 -> 0
110 -> 0
111 -> 0
112 -> 0
113 -> 0
114 -> 0
115 -> 0
116 -> 0
117 -> 0
118 -> 0
119 -> 0
120 -> 0
121 -> 0
122 -> 0
123 -> 0
124 -> 0
125 -> 0
126 -> 0
127 -> 0
128 -> 0
	----------------------
Instructions Retired: 2100001 Cycle: 1661418 Hearbeat IPC: 0.988464 Cumulative IPC: 1.263981
Cycle: 1661418	Best offset: 112	Score: 0	Hit Rate: 0.081530
	---- Offset table ----
Offset -> Score
1 -> 0
2 -> 0
3 -> 0
4 -> 0
5 -> 0
6 -> 0
7 -> 0
8 -> 0
9 -> 0
10 -> 0
11 -> 0
12 -> 0
13 -> 0
14 -> 0
15 -> 0
16 -> 0
17 -> 0
18 -> 0
19 -> 0
20 -> 0
21 -> 0
22 -> 0
23 -> 0
24 -> 0
25 -> 0
26 -> 0
27 -> 0
28 -> 0
29 -> 0
30 -> 0
31 -> 0
32 -> 0
33 -> 0
34 -> 0
35 -> 0
36 -> 0
37 -> 0
38 -> 0
39 -> 0
40 -> 0
41 -> 0
42 -> 0
43 -> 0
44 -> 0
45 -> 0
46 -> 0
47 -> 0
48 -> 0
49 -> 0
50 -> 0
51 -> 0
52 -> 0
53 -> 0
54 -> 0
55 -> 0
56 -> 0
57 -> 0
58 -> 0
59 -> 0
60 -> 0
61 -> 0
62 -> 0
63 -> 0
64 -> 0
65 -> 0
66 -> 0
67 -> 0
68 -> 0
69 -> 0
70 -> 0
71 -> 0
72 -> 0
73 -> 0
74 -> 0
75 -> 0
76 -> 0
77 -> 0
78 -> 0
79 -> 0
80 -> 0
81 -> 0
82 -> 0
83 -> 0
84 -> 0
85 -> 0
86 -> 0
87 -> 0
88 -> 0
89 -> 0
90 -> 0
91 -> 0
92 -> 0
93 -> 0
94 -> 0
95 -> 0
96 -> 0
97 -> 0
98 -> 0
99 -> 0
100 -> 0
101 -> 0
102 -> 0
103 -> 0
104 -> 0
105 -> 0
106 -> 0
107 -> 0
108 -> 0
109 -> 0
110 -> 0
111 -> 0
112 -> 0
113 -> 0
114 -> 0
115 -> 0
116 -> 0
117 -> 0
118 -> 0
119 -> 0
120 -> 0
121 -> 0
122 -> 0
123 -> 0
124 -> 0
125 -> 0
126 -> 0
127 -> 0
128 -> 0
	----------------------
Instructions Retired: 2200003 Cycle: 1764563 Hearbeat IPC: 0.969528 Cumulative IPC: 1.246769
Cycle: 1764563	Best offset: 112	Score: 0	Hit Rate: 0.077915
	---- Offset table ----
Offset -> Score
1 -> 0
2 -> 0
3 -> 0
4 -> 0
5 -> 0
6 -> 0
7 -> 0
8 -> 0
9 -> 0
10 -> 0
11 -> 0
12 -> 0
13 -> 0
14 -> 0
15 -> 0
16 -> 0
17 -> 0
18 -> 0
19 -> 0
20 -> 0
21 -> 0
22 -> 0
23 -> 0
24 -> 0
25 -> 0
26 -> 0
27 -> 0
28 -> 0
29 -> 0
30 -> 0
31 -> 0
32 -> 0
33 -> 0
34 -> 0
35 -> 0
36 -> 0
37 -> 0
38 -> 0
39 -> 0
40 -> 0
41 -> 0
42 -> 0
43 -> 0
44 -> 0
45 -> 0
46 -> 0
47 -> 0
48 -> 0
49 -> 0
50 -> 0
51 -> 0
52 -> 0
53 -> 0
54 -> 0
55 -> 0
56 -> 0
57 -> 0
58 -> 0
59 -> 0
60 -> 0
61 -> 0
62 -> 0
63 -> 0
64 -> 0
65 -> 0
66 -> 0
67 -> 0
68 -> 0
69 -> 0
70 -> 0
71 -> 0
72 -> 0
73 -> 0
74 -> 0
75 -> 0
76 -> 0
77 -> 0
78 -> 0
79 -> 0
80 -> 0
81 -> 0
82 -> 0
83 -> 0
84 -> 0
85 -> 0
86 -> 0
87 -> 0
88 -> 0
89 -> 0
90 -> 0
91 -> 0
92 -> 0
93 -> 0
94 -> 0
95 -> 0
96 -> 0
97 -> 0
98 -> 0
99 -> 0
100 -> 0
101 -> 0
102 -> 0
103 -> 0
104 -> 0
105 -> 0
106 -> 0
107 -> 0
108 -> 0
109 -> 0
110 -> 0
111 -> 0
112 -> 0
113 -> 0
114 -> 0
115 -> 0
116 -> 0
117 -> 0
118 -> 0
119 -> 0
120 -> 0
121 -> 0
122 -> 0
123 -> 0
124 -> 0
125 -> 0
126 -> 0
127 -> 0
128 -> 0
	----------------------
Instructions Retired: 2300001 Cycle: 1868583 Hearbeat IPC: 0.961334 Cumulative IPC: 1.230880
Cycle: 1868583	Best offset: 112	Score: 0	Hit Rate: 0.074601
	---- Offset table ----
Offset -> Score
1 -> 0
2 -> 0
3 -> 0
4 -> 0
5 -> 0
6 -> 0
7 -> 0
8 -> 0
9 -> 0
10 -> 0
11 -> 0
12 -> 0
13 -> 0
14 -> 0
15 -> 0
16 -> 0
17 -> 0
18 -> 0
19 -> 0
20 -> 0
21 -> 0
22 -> 0
23 -> 0
24 -> 0
25 -> 0
26 -> 0
27 -> 0
28 -> 0
29 -> 0
30 -> 0
31 -> 0
32 -> 0
33 -> 0
34 -> 0
35 -> 0
36 -> 0
37 -> 0
38 -> 0
39 -> 0
40 -> 0
41 -> 0
42 -> 0
43 -> 0
44 -> 0
45 -> 0
46 -> 0
47 -> 0
48 -> 0
49 -> 0
50 -> 0
51 -> 0
52 -> 0
53 -> 0
54 -> 0
55 -> 0
56 -> 0
57 -> 0
58 -> 0
59 -> 0
60 -> 0
61 -> 0
62 -> 0
63 -> 0
64 -> 0
65 -> 0
66 -> 0
67 -> 0
68 -> 0
69 -> 0
70 -> 0
71 -> 0
72 -> 0
73 -> 0
74 -> 0
75 -> 0
76 -> 0
77 -> 0
78 -> 0
79 -> 0
80 -> 0
81 -> 0
82 -> 0
83 -> 0
84 -> 0
85 -> 0
86 -> 0
87 -> 0
88 -> 0
89 -> 0
90 -> 0
91 -> 0
92 -> 0
93 -> 0
94 -> 0
95 -> 0
96 -> 0
97 -> 0
98 -> 0
99 -> 0
100 -> 0
101 -> 0
102 -> 0
103 -> 0
104 -> 0
105 -> 0
106 -> 0
107 -> 0
108 -> 0
109 -> 0
110 -> 0
111 -> 0
112 -> 0
113 -> 0
114 -> 0
115 -> 0
116 -> 0
117 -> 0
118 -> 0
119 -> 0
120 -> 0
121 -> 0
122 -> 0
123 -> 0
124 -> 0
125 -> 0
126 -> 0
127 -> 0
128 -> 0
	----------------------
Instructions Retired: 2400000 Cycle: 1978687 Hearbeat IPC: 0.908223 Cumulative IPC: 1.212926
Cycle: 1978687	Best offset: 112	Score: 0	Hit Rate: 0.070744
	---- Offset table ----
Offset -> Score
1 -> 0
2 -> 0
3 -> 0
4 -> 0
5 -> 0
6 -> 0
7 -> 0
8 -> 0
9 -> 0
10 -> 0
11 -> 0
12 -> 0
13 -> 0
14 -> 0
15 -> 0
16 -> 0
17 -> 0
18 -> 0
19 -> 0
20 -> 0
21 -> 0
22 -> 0
23 -> 0
24 -> 0
25 -> 0
26 -> 0
27 -> 0
28 -> 0
29 -> 0
30 -> 0
31 -> 0
32 -> 0
33 -> 0
34 -> 0
35 -> 0
36 -> 0
37 -> 0
38 -> 0
39 -> 0
40 -> 0
41 -> 0
42 -> 0
43 -> 0
44 -> 0
45 -> 0
46 -> 0
47 -> 0
48 -> 0
49 -> 0
50 -> 0
51 -> 0
52 -> 0
53 -> 0
54 -> 0
55 -> 0
56 -> 0
57 -> 0
58 -> 0
59 -> 0
60 -> 0
61 -> 0
62 -> 0
63 -> 0
64 -> 0
65 -> 0
66 -> 0
67 -> 0
68 -> 0
69 -> 0
70 -> 0
71 -> 0
72 -> 0
73 -> 0
74 -> 0
75 -> 0
76 -> 0
77 -> 0
78 -> 0
79 -> 0
80 -> 0
81 -> 0
82 -> 0
83 -> 0
84 -> 0
85 -> 0
86 -> 0
87 -> 0
88 -> 0
89 -> 0
90 -> 0
91 -> 0
92 -> 0
93 -> 0
94 -> 0
95 -> 0
96 -> 0
97 -> 0
98 -> 0
99 -> 0
100 -> 0
101 -> 0
102 -> 0
103 -> 0
104 -> 0
105 -> 0
106 -> 0
107 -> 0
108 -> 0
109 -> 0
110 -> 0
111 -> 0
112 -> 0
113 -> 0
114 -> 0
115 -> 0
116 -> 0
117 -> 0
118 -> 0
119 -> 0
120 -> 0
121 -> 0
122 -> 0
123 -> 0
124 -> 0
125 -> 0
126 -> 0
127 -> 0
128 -> 0
	----------------------
Instructions Retired: 2500003 Cycle: 2093818 Hearbeat IPC: 0.868602 Cumulative IPC: 1.193992
Cycle: 2093818	Best offset: 112	Score: 0	Hit Rate: 0.067341
	---- Offset table ----
Offset -> Score
1 -> 0
2 -> 0
3 -> 0
4 -> 0
5 -> 0
6 -> 0
7 -> 0
8 -> 0
9 -> 0
10 -> 0
11 -> 0
12 -> 0
13 -> 0
14 -> 0
15 -> 0
16 -> 0
17 -> 0
18 -> 0
19 -> 0
20 -> 0
21 -> 0
22 -> 0
23 -> 0
24 -> 0
25 -> 0
26 -> 0
27 -> 0
28 -> 0
29 -> 0
30 -> 0
31 -> 0
32 -> 0
33 -> 0
34 -> 0
35 -> 0
36 -> 0
37 -> 0
38 -> 0
39 -> 0
40 -> 0
41 -> 0
42 -> 0
43 -> 0
44 -> 0
45 -> 0
46 -> 0
47 -> 0
48 -> 0
49 -> 0
50 -> 0
51 -> 0
52 -> 0
53 -> 0
54 -> 0
55 -> 0
56 -> 0
57 -> 0
58 -> 0
59 -> 0
60 -> 0
61 -> 0
62 -> 0
63 -> 0
64 -> 0
65 -> 0
66 -> 0
67 -> 0
68 -> 0
69 -> 0
70 -> 0
71 -> 0
72 -> 0
73 -> 0
74 -> 0
75 -> 0
76 -> 0
77 -> 0
78 -> 0
79 -> 0
80 -> 0
81 -> 0
82 -> 0
83 -> 0
84 -> 0
85 -> 0
86 -> 0
87 -> 0
88 -> 0
89 -> 0
90 -> 0
91 -> 0
92 -> 0
93 -> 0
94 -> 0
95 -> 0
96 -> 0
97 -> 0
98 -> 0
99 -> 0
100 -> 0
101 -> 0
102 -> 0
103 -> 0
104 -> 0
105 -> 0
106 -> 0
107 -> 0
108 -> 0
109 -> 0
110 -> 0
111 -> 0
112 -> 0
113 -> 0
114 -> 0
115 -> 0
116 -> 0
117 -> 0
118 -> 0
119 -> 0
120 -> 0
121 -> 0
122 -> 0
123 -> 0
124 -> 0
125 -> 0
126 -> 0
127 -> 0
128 -> 0
	----------------------
Instructions Retired: 2600000 Cycle: 2188833 Hearbeat IPC: 1.052434 Cumulative IPC: 1.187848
Cycle: 2188833	Best offset: 112	Score: 0	Hit Rate: 0.064856
	---- Offset table ----
Offset -> Score
1 -> 0
2 -> 0
3 -> 0
4 -> 0
5 -> 0
6 -> 0
7 -> 0
8 -> 0
9 -> 0
10 -> 0
11 -> 0
12 -> 0
13 -> 0
14 -> 0
15 -> 0
16 -> 0
17 -> 0
18 -> 0
19 -> 0
20 -> 0
21 -> 0
22 -> 0
23 -> 0
24 -> 0
25 -> 0
26 -> 0
27 -> 0
28 -> 0
29 -> 0
30 -> 0
31 -> 0
32 -> 0
33 -> 0
34 -> 0
35 -> 0
36 -> 0
37 -> 0
38 -> 0
39 -> 0
40 -> 0
41 -> 0
42 -> 0
43 -> 0
44 -> 0
45 -> 0
46 -> 0
47 -> 0
48 -> 0
49 -> 0
50 -> 0
51 -> 0
52 -> 0
53 -> 0
54 -> 0
55 -> 0
56 -> 0
57 -> 0
58 -> 0
59 -> 0
60 -> 0
61 -> 0
62 -> 0
63 -> 0
64 -> 0
65 -> 0
66 -> 0
67 -> 0
68 -> 0
69 -> 0
70 -> 0
71 -> 0
72 -> 0
73 -> 0
74 -> 0
75 -> 0
76 -> 0
77 -> 0
78 -> 0
79 -> 0
80 -> 0
81 -> 0
82 -> 0
83 -> 0
84 -> 0
85 -> 0
86 -> 0
87 -> 0
88 -> 0
89 -> 0
90 -> 0
91 -> 0
92 -> 0
93 -> 0
94 -> 0
95 -> 0
96 -> 0
97 -> 0
98 -> 0
99 -> 0
100 -> 0
101 -> 0
102 -> 0
103 -> 0
104 -> 0
105 -> 0
106 -> 0
107 -> 0
108 -> 0
109 -> 0
110 -> 0
111 -> 0
112 -> 0
113 -> 0
114 -> 0
115 -> 0
116 -> 0
117 -> 0
118 -> 0
119 -> 0
120 -> 0
121 -> 0
122 -> 0
123 -> 0
124 -> 0
125 -> 0
126 -> 0
127 -> 0
128 -> 0
	----------------------
Instructions Retired: 2700002 Cycle: 2283885 Hearbeat IPC: 1.052077 Cumulative IPC: 1.182197
Cycle: 2283885	Best offset: 112	Score: 0	Hit Rate: 0.062569
	---- Offset table ----
Offset -> Score
1 -> 0
2 -> 0
3 -> 0
4 -> 0
5 -> 0
6 -> 0
7 -> 0
8 -> 0
9 -> 0
10 -> 0
11 -> 0
12 -> 0
13 -> 0
14 -> 0
15 -> 0
16 -> 0
17 -> 0
18 -> 0
19 -> 0
20 -> 0
21 -> 0
22 -> 0
23 -> 0
24 -> 0
25 -> 0
26 -> 0
27 -> 0
28 -> 0
29 -> 0
30 -> 0
31 -> 0
32 -> 0
33 -> 0
34 -> 0
35 -> 0
36 -> 0
37 -> 0
38 -> 0
39 -> 0
40 -> 0
41 -> 0
42 -> 0
43 -> 0
44 -> 0
45 -> 0
46 -> 0
47 -> 0
48 -> 0
49 -> 0
50 -> 0
51 -> 0
52 -> 0
53 -> 0
54 -> 0
55 -> 0
56 -> 0
57 -> 0
58 -> 0
59 -> 0
60 -> 0
61 -> 0
62 -> 0
63 -> 0
64 -> 0
65 -> 0
66 -> 0
67 -> 0
68 -> 0
69 -> 0
70 -> 0
71 -> 0
72 -> 0
73 -> 0
74 -> 0
75 -> 0
76 -> 0
77 -> 0
78 -> 0
79 -> 0
80 -> 0
81 -> 0
82 -> 0
83 -> 0
84 -> 0
85 -> 0
86 -> 0
87 -> 0
88 -> 0
89 -> 0
90 -> 0
91 -> 0
92 -> 0
93 -> 0
94 -> 0
95 -> 0
96 -> 0
97 -> 0
98 -> 0
99 -> 0
100 -> 0
101 -> 0
102 -> 0
103 -> 0
104 -> 0
105 -> 0
106 -> 0
107 -> 0
108 -> 0
109 -> 0
110 -> 0
111 -> 0
112 -> 0
113 -> 0
114 -> 0
115 -> 0
116 -> 0
117 -> 0
118 -> 0
119 -> 0
120 -> 0
121 -> 0
122 -> 0
123 -> 0
124 -> 0
125 -> 0
126 -> 0
127 -> 0
128 -> 0
	----------------------
Instructions Retired: 2800000 Cycle: 2377660 Hearbeat IPC: 1.066361 Cumulative IPC: 1.177628
Cycle: 2377660	Best offset: 112	Score: 0	Hit Rate: 0.060424
	---- Offset table ----
Offset -> Score
1 -> 0
2 -> 0
3 -> 0
4 -> 0
5 -> 0
6 -> 0
7 -> 0
8 -> 0
9 -> 0
10 -> 0
11 -> 0
12 -> 0
13 -> 0
14 -> 0
15 -> 0
16 -> 0
17 -> 0
18 -> 0
19 -> 0
20 -> 0
21 -> 0
22 -> 0
23 -> 0
24 -> 0
25 -> 0
26 -> 0
27 -> 0
28 -> 0
29 -> 0
30 -> 0
31 -> 0
32 -> 0
33 -> 0
34 -> 0
35 -> 0
36 -> 0
37 -> 0
38 -> 0
39 -> 0
40 -> 0
41 -> 0
42 -> 0
43 -> 0
44 -> 0
45 -> 0
46 -> 0
47 -> 0
48 -> 0
49 -> 0
50 -> 0
51 -> 0
52 -> 0
53 -> 0
54 -> 0
55 -> 0
56 -> 0
57 -> 0
58 -> 0
59 -> 0
60 -> 0
61 -> 0
62 -> 0
63 -> 0
64 -> 0
65 -> 0
66 -> 0
67 -> 0
68 -> 0
69 -> 0
70 -> 0
71 -> 0
72 -> 0
73 -> 0
74 -> 0
75 -> 0
76 -> 0
77 -> 0
78 -> 0
79 -> 0
80 -> 0
81 -> 0
82 -> 0
83 -> 0
84 -> 0
85 -> 0
86 -> 0
87 -> 0
88 -> 0
89 -> 0
90 -> 0
91 -> 0
92 -> 0
93 -> 0
94 -> 0
95 -> 0
96 -> 0
97 -> 0
98 -> 0
99 -> 0
100 -> 0
101 -> 0
102 -> 0
103 -> 0
104 -> 0
105 -> 0
106 -> 0
107 -> 0
108 -> 0
109 -> 0
110 -> 0
111 -> 0
112 -> 0
113 -> 0
114 -> 0
115 -> 0
116 -> 0
117 -> 0
118 -> 0
119 -> 0
120 -> 0
121 -> 0
122 -> 0
123 -> 0
124 -> 0
125 -> 0
126 -> 0
127 -> 0
128 -> 0
	----------------------
Instructions Retired: 2900005 Cycle: 2476404 Hearbeat IPC: 1.012770 Cumulative IPC: 1.171055
Cycle: 2476404	Best offset: 112	Score: 0	Hit Rate: 0.058329
	---- Offset table ----
Offset -> Score
1 -> 0
2 -> 0
3 -> 0
4 -> 0
5 -> 0
6 -> 0
7 -> 0
8 -> 0
9 -> 0
10 -> 0
11 -> 0
12 -> 0
13 -> 0
14 -> 0
15 -> 0
16 -> 0
17 -> 0
18 -> 0
19 -> 0
20 -> 0
21 -> 0
22 -> 0
23 -> 0
24 -> 0
25 -> 0
26 -> 0
27 -> 0
28 -> 0
29 -> 0
30 -> 0
31 -> 0
32 -> 0
33 -> 0
34 -> 0
35 -> 0
36 -> 0
37 -> 0
38 -> 0
39 -> 0
40 -> 0
41 -> 0
42 -> 0
43 -> 0
44 -> 0
45 -> 0
46 -> 0
47 -> 0
48 -> 0
49 -> 0
50 -> 0
51 -> 0
52 -> 0
53 -> 0
54 -> 0
55 -> 0
56 -> 0
57 -> 0
58 -> 0
59 -> 0
60 -> 0
61 -> 0
62 -> 0
63 -> 0
64 -> 0
65 -> 0
66 -> 0
67 -> 0
68 -> 0
69 -> 0
70 -> 0
71 -> 0
72 -> 0
73 -> 0
74 -> 0
75 -> 0
76 -> 0
77 -> 0
78 -> 0
79 -> 0
80 -> 0
81 -> 0
82 -> 0
83 -> 0
84 -> 0
85 -> 0
86 -> 0
87 -> 0
88 -> 0
89 -> 0
90 -> 0
91 -> 0
92 -> 0
93 -> 0
94 -> 0
95 -> 0
96 -> 0
97 -> 0
98 -> 0
99 -> 0
100 -> 0
101 -> 0
102 -> 0
103 -> 0
104 -> 0
105 -> 0
106 -> 0
107 -> 0
108 -> 0
109 -> 0
110 -> 0
111 -> 0
112 -> 0
113 -> 0
114 -> 0
115 -> 0
116 -> 0
117 -> 0
118 -> 0
119 -> 0
120 -> 0
121 -> 0
122 -> 0
123 -> 0
124 -> 0
125 -> 0
126 -> 0
127 -> 0
128 -> 0
	----------------------
Instructions Retired: 3000000 Cycle: 2589605 Hearbeat IPC: 0.883340 Cumulative IPC: 1.158478
Cycle: 2589605	Best offset: 112	Score: 0	Hit Rate: 0.056202
	---- Offset table ----
Offset -> Score
1 -> 0
2 -> 0
3 -> 0
4 -> 0
5 -> 0
6 -> 0
7 -> 0
8 -> 0
9 -> 0
10 -> 0
11 -> 0
12 -> 0
13 -> 0
14 -> 0
15 -> 0
16 -> 0
17 -> 0
18 -> 0
19 -> 0
20 -> 0
21 -> 0
22 -> 0
23 -> 0
24 -> 0
25 -> 0
26 -> 0
27 -> 0
28 -> 0
29 -> 0
30 -> 0
31 -> 0
32 -> 0
33 -> 0
34 -> 0
35 -> 0
36 -> 0
37 -> 0
38 -> 0
39 -> 0
40 -> 0
41 -> 0
42 -> 0
43 -> 0
44 -> 0
45 -> 0
46 -> 0
47 -> 0
48 -> 0
49 -> 0
50 -> 0
51 -> 0
52 -> 0
53 -> 0
54 -> 0
55 -> 0
56 -> 0
57 -> 0
58 -> 0
59 -> 0
60 -> 0
61 -> 0
62 -> 0
63 -> 0
64 -> 0
65 -> 0
66 -> 0
67 -> 0
68 -> 0
69 -> 0
70 -> 0
71 -> 0
72 -> 0
73 -> 0
74 -> 0
75 -> 0
76 -> 0
77 -> 0
78 -> 0
79 -> 0
80 -> 0
81 -> 0
82 -> 0
83 -> 0
84 -> 0
85 -> 0
86 -> 0
87 -> 0
88 -> 0
89 -> 0
90 -> 0
91 -> 0
92 -> 0
93 -> 0
94 -> 0
95 -> 0
96 -> 0
97 -> 0
98 -> 0
99 -> 0
100 -> 0
101 -> 0
102 -> 0
103 -> 0
104 -> 0
105 -> 0
106 -> 0
107 -> 0
108 -> 0
109 -> 0
110 -> 0
111 -> 0
112 -> 0
113 -> 0
114 -> 0
115 -> 0
116 -> 0
117 -> 0
118 -> 0
119 -> 0
120 -> 0
121 -> 0
122 -> 0
123 -> 0
124 -> 0
125 -> 0
126 -> 0
127 -> 0
128 -> 0
	----------------------

Simulation complete. Instructions retired: 3099758 Cycles elapsed: 2707311 IPC: 1.144958

Prefetcher final stats
