
*** Data Prefetching Championship 2 Simulator ***

Warmup Instructions: 0
Simulation Instructions: 100000000
Scramble loads OFF
Using 1MB Last Level Cache
Using 12.8 GB/s DRAM bandwidth
Knobs visible from prefetcher: 0 0 0
Resetting history queue.
Setting up the minimum score
Resetting offset table
Setting initial offset to 1
Tag offset: 6
Ressetting hit rate
Resetting rable rounds
Resetting gauge

Warmup complete. Instructions retired: 4 Cycles elapsed: 2 IPC: 2.000000
Prefetcher warmup complete stats

Offset switch to: -3	With score: 32
Offset switch to: -34	With score: 32
Instructions Retired: 100004 Cycle: 249146 Hearbeat IPC: 0.401387 Cumulative IPC: 0.401387
Cycle: 249146	Best offset: -34	Score: 32	Hit Rate: 0.423263
	---- Offset table ----
Offset -> Score
-22 -> 15
-2 -> 14
7 -> 14
26 -> 14
	----------------------
Offset switch to: -9	With score: 32
Offset switch to: 26	With score: 32
Offset switch to: -6	With score: 32
Instructions Retired: 200000 Cycle: 572754 Hearbeat IPC: 0.309003 Cumulative IPC: 0.349190
Cycle: 572754	Best offset: -6	Score: 32	Hit Rate: 0.382812
	---- Offset table ----
Offset -> Score
22 -> 11
-6 -> 10
-3 -> 10
12 -> 10
	----------------------
Offset switch to: 43	With score: 32
Offset switch to: -1	With score: 32
Offset switch to: 2	With score: 32
Instructions Retired: 300001 Cycle: 920206 Hearbeat IPC: 0.287812 Cumulative IPC: 0.326015
Cycle: 920206	Best offset: 2	Score: 32	Hit Rate: 0.362281
	---- Offset table ----
Offset -> Score
12 -> 14
-29 -> 13
-2 -> 13
20 -> 13
	----------------------
Offset switch to: -2	With score: 32
Offset switch to: 38	With score: 32
Offset switch to: -24	With score: 32
Instructions Retired: 400003 Cycle: 1103590 Hearbeat IPC: 0.545315 Cumulative IPC: 0.362456
Cycle: 1103590	Best offset: -24	Score: 32	Hit Rate: 0.370856
	---- Offset table ----
Offset -> Score
53 -> 8
1 -> 7
19 -> 7
36 -> 7
	----------------------
Offset switch to: 1	With score: 32
Offset switch to: 23	With score: 32
Offset switch to: 2	With score: 32
Instructions Retired: 500005 Cycle: 1461934 Hearbeat IPC: 0.279067 Cumulative IPC: 0.342016
Cycle: 1461934	Best offset: 2	Score: 32	Hit Rate: 0.342478
	---- Offset table ----
Offset -> Score
16 -> 26
2 -> 25
3 -> 24
4 -> 24
	----------------------
Offset switch to: 16	With score: 32
Offset switch to: 7	With score: 32
Offset switch to: 1	With score: 32
Instructions Retired: 600004 Cycle: 1707840 Hearbeat IPC: 0.406655 Cumulative IPC: 0.351323
Cycle: 1707840	Best offset: 1	Score: 32	Hit Rate: 0.341362
	---- Offset table ----
Offset -> Score
6 -> 2
8 -> 2
11 -> 2
13 -> 2
	----------------------
Offset switch to: 7	With score: 32
Instructions Retired: 700001 Cycle: 1920253 Hearbeat IPC: 0.470767 Cumulative IPC: 0.364536
Cycle: 1920253	Best offset: 7	Score: 32	Hit Rate: 0.341645
	---- Offset table ----
Offset -> Score
19 -> 30
10 -> 28
17 -> 28
1 -> 27
	----------------------
Offset switch to: 19	With score: 32
Offset switch to: 5	With score: 32
Offset switch to: 3	With score: 32
Instructions Retired: 800003 Cycle: 2145875 Hearbeat IPC: 0.443228 Cumulative IPC: 0.372810
Cycle: 2145875	Best offset: 3	Score: 32	Hit Rate: 0.342114
	---- Offset table ----
Offset -> Score
3 -> 2
7 -> 2
12 -> 2
13 -> 2
	----------------------
Offset switch to: 17	With score: 32
Offset switch to: 8	With score: 32
Offset switch to: 9	With score: 32
Instructions Retired: 900000 Cycle: 2455588 Hearbeat IPC: 0.322870 Cumulative IPC: 0.366511
Cycle: 2455588	Best offset: 9	Score: 32	Hit Rate: 0.340904
	---- Offset table ----
Offset -> Score
24 -> 8
-7 -> 7
4 -> 7
7 -> 7
	----------------------
Offset switch to: 3	With score: 32
Offset switch to: 11	With score: 32
Instructions Retired: 1000005 Cycle: 2751380 Hearbeat IPC: 0.338092 Cumulative IPC: 0.363456
Cycle: 2751380	Best offset: 11	Score: 32	Hit Rate: 0.344642
	---- Offset table ----
Offset -> Score
2 -> 8
26 -> 8
16 -> 7
60 -> 7
	----------------------
Offset switch to: 4	With score: 32
Offset switch to: -18	With score: 32
Offset switch to: 28	With score: 32
Offset switch to: -4	With score: 32
Offset switch to: -17	With score: 32
Instructions Retired: 1100000 Cycle: 3423011 Hearbeat IPC: 0.148884 Cumulative IPC: 0.321355
Cycle: 3423011	Best offset: -17	Score: 32	Hit Rate: 0.303267
	---- Offset table ----
Offset -> Score
-18 -> 5
-9 -> 5
-7 -> 5
7 -> 5
	----------------------
Offset switch to: -7	With score: 32
Offset switch to: -3	With score: 32
Offset switch to: -31	With score: 32
Offset switch to: -21	With score: 32
Offset switch to: -59	With score: 32
Offset switch to: -8	With score: 32
Instructions Retired: 1200000 Cycle: 4237850 Hearbeat IPC: 0.122724 Cumulative IPC: 0.283162
Cycle: 4237850	Best offset: -8	Score: 32	Hit Rate: 0.259286
	---- Offset table ----
Offset -> Score
16 -> 15
-54 -> 14
-30 -> 14
-23 -> 14
	----------------------
Offset switch to: 4	With score: 32
Offset switch to: 28	With score: 32
Offset switch to: 11	With score: 32
Offset switch to: 4	With score: 32
Offset switch to: -14	With score: 32
Offset switch to: 13	With score: 32
Offset switch to: 1	With score: 32
Instructions Retired: 1300005 Cycle: 4969268 Hearbeat IPC: 0.136728 Cumulative IPC: 0.261609
Cycle: 4969268	Best offset: 1	Score: 32	Hit Rate: 0.234089
	---- Offset table ----
Offset -> Score
19 -> 9
1 -> 7
14 -> 7
33 -> 7
	----------------------
Offset switch to: 14	With score: 32
Offset switch to: 20	With score: 32
Offset switch to: 5	With score: 32
Instructions Retired: 1400000 Cycle: 5385163 Hearbeat IPC: 0.240433 Cumulative IPC: 0.259974
Cycle: 5385163	Best offset: 5	Score: 32	Hit Rate: 0.229277
	---- Offset table ----
Offset -> Score
2 -> 31
-62 -> 28
-39 -> 28
1 -> 28
	----------------------
Offset switch to: -62	With score: 32
Offset switch to: 8	With score: 32
Instructions Retired: 1500001 Cycle: 5603049 Hearbeat IPC: 0.458960 Cumulative IPC: 0.267712
Cycle: 5603049	Best offset: 8	Score: 32	Hit Rate: 0.225730
	---- Offset table ----
Offset -> Score
9 -> 12
14 -> 12
1 -> 11
5 -> 11
	----------------------
Offset switch to: 13	With score: 32
Offset switch to: 37	With score: 32
Instructions Retired: 1600004 Cycle: 5828051 Hearbeat IPC: 0.444454 Cumulative IPC: 0.274535
Cycle: 5828051	Best offset: 37	Score: 32	Hit Rate: 0.230633
	---- Offset table ----
Offset -> Score
7 -> 8
-40 -> 7
-15 -> 7
6 -> 7
	----------------------
Offset switch to: 16	With score: 32
Offset switch to: 8	With score: 32
Instructions Retired: 1700000 Cycle: 6079693 Hearbeat IPC: 0.397374 Cumulative IPC: 0.279619
Cycle: 6079693	Best offset: 8	Score: 32	Hit Rate: 0.234909
	---- Offset table ----
Offset -> Score
5 -> 13
2 -> 12
3 -> 12
-22 -> 11
	----------------------
Offset switch to: 6	With score: 32
Offset switch to: 2	With score: 32
Instructions Retired: 1800004 Cycle: 6319527 Hearbeat IPC: 0.416972 Cumulative IPC: 0.284832
Cycle: 6319527	Best offset: 2	Score: 32	Hit Rate: 0.240008
	---- Offset table ----
Offset -> Score
8 -> 14
-17 -> 13
-6 -> 13
7 -> 13
	----------------------
Offset switch to: -6	With score: 32
Offset switch to: 9	With score: 32
Offset switch to: -25	With score: 32
Instructions Retired: 1900001 Cycle: 6701079 Hearbeat IPC: 0.262080 Cumulative IPC: 0.283537
Cycle: 6701079	Best offset: -25	Score: 32	Hit Rate: 0.245352
	---- Offset table ----
Offset -> Score
15 -> 13
19 -> 12
5 -> 10
-20 -> 9
	----------------------
Offset switch to: -6	With score: 32
Offset switch to: -32	With score: 32
Instructions Retired: 2000003 Cycle: 6863133 Hearbeat IPC: 0.617091 Cumulative IPC: 0.291413
Cycle: 6863133	Best offset: -32	Score: 32	Hit Rate: 0.252755
	---- Offset table ----
Offset -> Score
14 -> 24
30 -> 24
31 -> 24
-30 -> 23
	----------------------
Offset switch to: 1	With score: 32
Offset switch to: -4	With score: 32
Offset switch to: -12	With score: 32
Offset switch to: 1	With score: 32
Instructions Retired: 2100001 Cycle: 7151547 Hearbeat IPC: 0.346717 Cumulative IPC: 0.293643
Cycle: 7151547	Best offset: 1	Score: 32	Hit Rate: 0.255237
	---- Offset table ----
Offset -> Score
2 -> 2
11 -> 2
14 -> 2
16 -> 2
	----------------------
Offset switch to: -8	With score: 32
Offset switch to: -27	With score: 32
Instructions Retired: 2200004 Cycle: 7292925 Hearbeat IPC: 0.707345 Cumulative IPC: 0.301663
Cycle: 7292925	Best offset: -27	Score: 32	Hit Rate: 0.259876
	---- Offset table ----
Offset -> Score
-40 -> 28
29 -> 28
10 -> 25
12 -> 25
	----------------------
Offset switch to: -40	With score: 32
Offset switch to: -11	With score: 32
Offset switch to: -18	With score: 32
Instructions Retired: 2300005 Cycle: 7397661 Hearbeat IPC: 0.954791 Cumulative IPC: 0.310910
Cycle: 7397661	Best offset: -18	Score: 32	Hit Rate: 0.267921
	---- Offset table ----
Offset -> Score
-14 -> 17
33 -> 17
-13 -> 16
-10 -> 16
	----------------------
Offset switch to: 1	With score: 32
Offset switch to: -61	With score: 32
Instructions Retired: 2400004 Cycle: 7504157 Hearbeat IPC: 0.938993 Cumulative IPC: 0.319823
Cycle: 7504157	Best offset: -61	Score: 32	Hit Rate: 0.275228
	---- Offset table ----
Offset -> Score
2 -> 31
8 -> 31
-24 -> 29
-3 -> 29
	----------------------
Offset switch to: -24	With score: 32
Offset switch to: -23	With score: 32
Offset switch to: -4	With score: 32
Instructions Retired: 2500002 Cycle: 7618376 Hearbeat IPC: 0.875494 Cumulative IPC: 0.328154
Cycle: 7618376	Best offset: -4	Score: 32	Hit Rate: 0.281774
	---- Offset table ----
Offset -> Score
8 -> 14
10 -> 14
18 -> 14
-33 -> 13
	----------------------
Offset switch to: 18	With score: 32
Offset switch to: -18	With score: 32
Offset switch to: 3	With score: 32
Instructions Retired: 2600000 Cycle: 7830986 Hearbeat IPC: 0.470335 Cumulative IPC: 0.332014
Cycle: 7830986	Best offset: 3	Score: 32	Hit Rate: 0.286684
	---- Offset table ----
Offset -> Score
-33 -> 3
-14 -> 3
8 -> 3
28 -> 3
	----------------------
Offset switch to: -5	With score: 32
Offset switch to: 8	With score: 32
Instructions Retired: 2700004 Cycle: 8027460 Hearbeat IPC: 0.508994 Cumulative IPC: 0.336346
Cycle: 8027460	Best offset: 8	Score: 32	Hit Rate: 0.289903
	---- Offset table ----
Offset -> Score
21 -> 22
14 -> 20
11 -> 19
-47 -> 18
	----------------------
Offset switch to: 3	With score: 32
Offset switch to: -8	With score: 32
Offset switch to: 13	With score: 32
Instructions Retired: 2800000 Cycle: 8147062 Hearbeat IPC: 0.836073 Cumulative IPC: 0.343682
Cycle: 8147062	Best offset: 13	Score: 32	Hit Rate: 0.295119
	---- Offset table ----
Offset -> Score
3 -> 2
4 -> 2
5 -> 2
9 -> 2
	----------------------
Offset switch to: -10	With score: 32
Offset switch to: 7	With score: 32
Instructions Retired: 2900001 Cycle: 8339527 Hearbeat IPC: 0.519580 Cumulative IPC: 0.347742
Cycle: 8339527	Best offset: 7	Score: 32	Hit Rate: 0.299023
	---- Offset table ----
Offset -> Score
3 -> 22
23 -> 22
-33 -> 21
-27 -> 21
	----------------------
Offset switch to: -9	With score: 32
Offset switch to: -10	With score: 32
Offset switch to: -1	With score: 32
Instructions Retired: 3000001 Cycle: 8447318 Hearbeat IPC: 0.927721 Cumulative IPC: 0.355142
Cycle: 8447318	Best offset: -1	Score: 32	Hit Rate: 0.304275
	---- Offset table ----
Offset -> Score
-27 -> 4
-21 -> 4
26 -> 4
27 -> 4
	----------------------
Offset switch to: -21	With score: 32
Offset switch to: 1	With score: 32

Simulation complete. Instructions retired: 3099753 Cycles elapsed: 8551433 IPC: 0.362483

Prefetcher final stats
