
*** Data Prefetching Championship 2 Simulator ***

Warmup Instructions: 0
Simulation Instructions: 100000000
Scramble loads OFF
Using 1MB Last Level Cache
Using 3.2 GB/s DRAM bandwidth
Knobs visible from prefetcher: 0 0 1
Resetting history queue.
Setting up the minimum score
Resetting offset table
Setting initial offset to 1
Tag offset: 6
Resetting rable rounds
Resetting gauge

Warmup complete. Instructions retired: 1 Cycles elapsed: 2 IPC: 0.500000
Instructions Retired: 100001 Cycle: 58964 Hearbeat IPC: 1.695967 Cumulative IPC: 1.695967
Instructions Retired: 200000 Cycle: 95530 Hearbeat IPC: 2.734754 Cumulative IPC: 2.093583
Instructions Retired: 300003 Cycle: 129975 Hearbeat IPC: 2.903266 Cumulative IPC: 2.308159
Instructions Retired: 400002 Cycle: 162258 Hearbeat IPC: 3.097574 Cumulative IPC: 2.465222
Instructions Retired: 500000 Cycle: 463801 Hearbeat IPC: 0.331621 Cumulative IPC: 1.078049
Offset switch to: -15	With score: 22
Instructions Retired: 600001 Cycle: 724237 Hearbeat IPC: 0.383975 Cumulative IPC: 0.828459
Instructions Retired: 700001 Cycle: 765341 Hearbeat IPC: 2.432853 Cumulative IPC: 0.914626
Instructions Retired: 800000 Cycle: 801070 Hearbeat IPC: 2.798819 Cumulative IPC: 0.998664
Instructions Retired: 900001 Cycle: 837376 Hearbeat IPC: 2.754393 Cumulative IPC: 1.074787
Instructions Retired: 1000002 Cycle: 869747 Hearbeat IPC: 3.089216 Cumulative IPC: 1.149762
Instructions Retired: 1100000 Cycle: 901785 Hearbeat IPC: 3.121231 Cumulative IPC: 1.219803
Offset switch to: 6	With score: 23
Instructions Retired: 1200000 Cycle: 1076294 Hearbeat IPC: 0.573036 Cumulative IPC: 1.114937
Instructions Retired: 1300001 Cycle: 1334015 Hearbeat IPC: 0.388020 Cumulative IPC: 0.974503
Instructions Retired: 1400000 Cycle: 1370343 Hearbeat IPC: 2.752670 Cumulative IPC: 1.021642
Instructions Retired: 1500003 Cycle: 1404813 Hearbeat IPC: 2.901160 Cumulative IPC: 1.067760
Instructions Retired: 1600000 Cycle: 1441321 Hearbeat IPC: 2.739043 Cumulative IPC: 1.110093
Instructions Retired: 1700000 Cycle: 1473477 Hearbeat IPC: 3.109839 Cumulative IPC: 1.153734
Instructions Retired: 1800000 Cycle: 1506004 Hearbeat IPC: 3.074369 Cumulative IPC: 1.195216
Instructions Retired: 1900001 Cycle: 1670939 Hearbeat IPC: 0.606306 Cumulative IPC: 1.137086
Offset switch to: 4	With score: 20
Instructions Retired: 2000004 Cycle: 1887145 Hearbeat IPC: 0.462536 Cumulative IPC: 1.059804
Instructions Retired: 2100001 Cycle: 1923001 Hearbeat IPC: 2.788850 Cumulative IPC: 1.092044
Instructions Retired: 2200000 Cycle: 1958163 Hearbeat IPC: 2.843951 Cumulative IPC: 1.123502
Instructions Retired: 2300001 Cycle: 1994659 Hearbeat IPC: 2.740054 Cumulative IPC: 1.153080
Instructions Retired: 2400001 Cycle: 2026815 Hearbeat IPC: 3.109839 Cumulative IPC: 1.184124
Instructions Retired: 2500000 Cycle: 2059344 Hearbeat IPC: 3.074149 Cumulative IPC: 1.213979
Instructions Retired: 2600000 Cycle: 2172855 Hearbeat IPC: 0.880972 Cumulative IPC: 1.196582
Offset switch to: 1	With score: 22
Instructions Retired: 2700003 Cycle: 2705096 Hearbeat IPC: 0.187890 Cumulative IPC: 0.998117
Instructions Retired: 2800001 Cycle: 2738164 Hearbeat IPC: 3.024011 Cumulative IPC: 1.022583
Instructions Retired: 2900004 Cycle: 2778835 Hearbeat IPC: 2.458828 Cumulative IPC: 1.043604
Offset switch to: -32	With score: 28
Instructions Retired: 3000000 Cycle: 2817900 Hearbeat IPC: 2.559734 Cumulative IPC: 1.064623

Simulation complete. Instructions retired: 3099754 Cycles elapsed: 2850058 IPC: 1.087611

