
*** Data Prefetching Championship 2 Simulator ***

Warmup Instructions: 10000000
Simulation Instructions: 100000000
Scramble loads OFF
Using 1MB Last Level Cache
Using 3.2 GB/s DRAM bandwidth
Knobs visible from prefetcher: 0 0 1
Resetting history queue.
Resetting offset table
Setting initial offset to 1
Tag offset: 6
Ressetting hit rate
Index 23
Index 6
Index 53
Index 53
Index 42
Index 15
Index 23
Index 8
Index 17
Index 35
Index 15
Index 45
Index 19
Index 7
Index 38
Index 9
Index 2
Index 2
Index 28
Index 12
Index 9
Index 53
Index 18
Index 58
Index 46
Index 7
Index 8
Index 11
Index 26
Index 9
Index 4
Index 4
Index 36
Index 32
Index 28
Index 57
Index 16
Index 44
Index 50
Index 18
Index 34
Index 0
Index 51
Index 5
Index 0
Index 43
Index 46
Index 54
Index 19
Index 63
Index 62
Index 46
Index 49
Index 34
Index 26
Index 59
Index 59
Index 59
Index 59
Index 59
Index 59
Index 59
Index 59
Index 59
Index 6
Index 38
Index 12
Index 40
Index 40
Index 13
Index 18
Index 35
Index 40
Index 40
Index 40
Index 40
Index 12
Index 13
Instructions Retired: 100001 Cycle: 60470 Hearbeat IPC: 1.653729 Cumulative IPC: 1.653729
Cycle: 60470	Best offset: 1	Score: 0	Hit Rate: 0.446000
Index 0
Index 14
Index 63
Index 26
Index 34
Index 27
Index 15
Index 15
Index 55
Index 26
Index 19
Index 42
Index 21
Index 22
Index 8
Index 47
Index 22
Index 49
Index 49
Index 49
Index 49
Index 53
Index 53
Index 53
Index 49
Index 53
Index 10
Index 10
Index 57
Index 11
Index 12
Index 0
Index 19
Index 19
Index 9
Index 9
Index 9
Index 43
Index 12
Index 46
Index 46
Index 27
Index 37
Index 37
Index 30
Index 31
Index 13
Index 3
Index 30
Index 30
Index 11
Index 21
Index 21
Index 62
Index 63
Index 63
Index 29
Index 30
Index 30
Index 30
Index 29
Index 29
Index 36
Index 52
Index 56
Index 10
Index 49
Index 8
Index 10
Index 4
Index 60
Index 57
Index 14
Index 12
Index 22
Index 10
Index 7
Index 34
Index 54
Instructions Retired: 200000 Cycle: 96534 Hearbeat IPC: 2.772820 Cumulative IPC: 2.071809
Cycle: 96534	Best offset: 1	Score: 0	Hit Rate: 0.576784
Index 15
Index 46
Index 6
Index 6
Index 47
Index 44
Index 23
Index 25
Index 9
Index 1
Instructions Retired: 300003 Cycle: 131254 Hearbeat IPC: 2.880271 Cumulative IPC: 2.285667
Cycle: 131254	Best offset: 1	Score: 0	Hit Rate: 0.606157
Index 60
Index 8
Instructions Retired: 400002 Cycle: 163522 Hearbeat IPC: 3.099015 Cumulative IPC: 2.446166
Cycle: 163522	Best offset: 1	Score: 0	Hit Rate: 0.628257
Index 20
Index 26
Index 19
Index 5
Index 12
Index 25
Index 56
Index 5
Index 56
Index 53
Index 53
Index 14
Index 32
Index 2
Index 61
Index 42
Index 33
Index 30
Index 23
Index 33
Index 56
Index 41
Index 58
Index 25
Index 23
Index 51
Index 44
Index 44
Index 3
Index 3
Index 11
Index 38
Index 18
Index 60
Index 61
Index 34
Index 40
Index 9
Index 54
Index 43
Index 32
Index 26
Index 25
Index 45
Index 26
Index 5
Index 28
Index 17
Index 30
Index 31
Index 33
Index 21
Index 21
Index 31
Index 18
Index 17
Index 15
Index 49
Index 4
Index 21
Index 17
Index 29
Index 59
Index 11
Index 11
Index 63
Index 34
Index 34
Index 30
Index 23
Index 49
Index 26
Index 6
Index 42
Index 25
Index 15
Index 23
Index 22
Index 3
Index 46
Index 35
Index 35
Index 56
Index 33
Index 23
Index 8
Index 54
Index 55
Index 61
Index 44
Index 50
Index 45
Index 29
Index 55
Index 24
Index 52
Index 23
Index 23
Index 50
Index 45
Index 0
Index 47
Index 28
Index 14
Index 63
Index 7
Index 28
Index 32
Index 18
Index 31
Index 13
Index 4
Index 59
Index 56
Index 56
Index 16
Index 32
Index 63
Index 4
Index 6
Index 26
Index 51
Index 2
Index 54
Index 11
Index 52
Index 23
Index 32
Index 33
Index 35
Index 36
Index 52
Index 46
Index 32
Index 19
Index 52
Index 2
Index 33
Index 63
Index 43
Index 13
Index 55
Index 19
Index 58
Index 22
Index 19
Index 12
Index 42
Index 55
Index 45
Index 45
Index 19
Index 1
Index 45
Index 28
Index 22
Index 4
Index 45
Index 53
Index 7
Index 9
Index 9
Index 8
Index 42
Index 39
Index 44
Index 5
Index 43
Index 10
Index 25
Index 49
Index 31
Index 41
Index 31
Index 50
Index 6
Index 7
Index 21
Index 52
Index 25
Index 24
Index 44
Index 34
Index 38
Index 7
Index 11
Index 27
Index 39
Index 3
Index 18
Index 20
Index 55
Index 30
Index 10
Index 9
Index 25
Index 11
Index 22
Index 18
Index 50
Index 20
Index 30
Index 9
Index 37
Index 59
Index 59
Index 38
Index 30
Index 58
Index 33
Index 53
Index 7
Index 17
Index 50
Index 52
Index 22
Index 12
Index 63
Index 40
Index 22
Index 50
Index 3
Index 36
Index 10
Index 30
Index 5
Index 0
Index 30
Index 5
Index 46
Index 49
Index 10
Index 5
Index 58
Index 31
Index 44
Index 40
Index 41
Index 55
Index 22
Index 40
Index 42
Index 59
Index 6
Index 36
Index 7
Index 25
Index 30
Index 6
Index 8
Index 13
Index 12
Index 5
Index 35
Index 53
Index 8
Index 42
Index 9
Index 2
Index 13
Index 7
Index 42
Index 55
Index 50
Index 12
Index 19
Index 2
Index 2
Index 51
Index 36
Index 31
Index 22
Index 12
Index 29
Index 1
Index 17
Index 61
Index 53
Index 12
Index 18
Index 61
Index 48
Index 42
Index 53
Index 19
Index 48
Index 40
Index 40
Index 25
Index 10
Index 52
Index 61
Index 8
Index 37
Index 45
Index 45
Index 27
Index 23
Index 54
Index 27
Index 4
Index 44
Index 32
Index 15
Index 31
Index 3
Index 5
Index 25
Index 38
Index 39
Index 53
Index 8
Index 31
Index 40
Index 43
Index 21
Index 14
Index 4
Index 23
Index 13
Index 20
Index 19
Index 0
Index 52
Index 36
Index 35
Index 33
Index 37
Index 53
Index 53
Index 7
Index 60
Index 54
Index 51
Index 16
Index 31
Index 31
Index 31
Index 31
Index 8
Index 4
Index 5
Index 40
Index 34
Index 53
Index 9
Index 9
Index 9
Index 24
Index 12
Index 58
Index 31
Index 10
Index 13
Index 19
Index 0
Index 25
Index 32
Index 34
Index 40
Index 7
Index 62
Index 50
Index 50
Index 50
Index 22
Index 24
Index 14
Index 19
Index 5
Index 7
Index 13
Index 55
Index 24
Index 14
Index 31
Index 49
Index 49
Index 4
Index 23
Index 11
Index 46
Index 48
Index 3
Index 47
Index 2
Index 20
Index 18
Index 30
Index 6
Index 11
Index 32
Index 42
Index 4
Index 18
Index 20
Index 27
Index 13
Index 36
Index 33
Index 46
Index 13
Index 14
Index 30
Index 62
Index 45
Index 51
Index 27
Index 27
Index 31
Index 15
Index 16
Index 4
Index 53
Index 52
Index 7
Index 9
Index 17
Index 36
Index 46
Index 12
Index 26
Index 45
Index 29
Index 9
Index 9
Index 53
Index 27
Index 54
Index 10
Index 14
Index 13
Index 20
Index 31
Index 24
Index 32
Index 38
Index 31
Index 58
Index 13
Index 29
Index 49
Index 21
Index 26
Index 43
Index 30
Index 52
Index 55
Index 58
Index 3
Index 52
Index 40
Index 29
Index 15
Index 38
Index 21
Index 20
Index 9
Index 56
Index 15
Index 9
Index 33
Index 57
Index 16
Index 44
Index 1
Index 37
Index 29
Index 34
Index 61
Index 19
Index 12
Index 7
Index 44
Index 53
Index 29
Index 13
Index 19
Index 24
Index 19
Index 26
Index 41
Index 48
Index 8
Index 17
Index 43
Index 15
Index 16
Index 41
Index 8
Index 22
Index 22
Index 10
Index 46
Index 18
Index 40
Index 58
Index 20
Index 0
Index 45
Index 11
Index 15
Index 38
Index 47
Index 6
Index 52
Index 36
Index 34
Index 25
Index 5
Index 35
Index 62
Index 28
Index 23
Index 23
Index 8
Index 44
Index 1
Index 55
Index 53
Index 58
Index 48
Index 35
Index 30
Index 9
Index 46
Index 0
Index 1
Index 57
Index 12
Index 17
Index 10
Index 14
Index 50
Index 51
Index 54
Index 32
Index 40
Index 44
Index 12
Index 18
Index 29
Index 46
Index 2
Index 12
Index 23
Index 22
Index 22
Index 15
Index 20
Index 3
Index 50
Index 11
Index 2
Index 61
Index 42
Index 28
Index 40
Index 44
Index 14
Index 41
Index 43
Index 9
Index 40
Index 32
Index 8
Index 29
Index 58
Index 57
Index 57
Index 46
Index 38
Index 28
Index 40
Index 28
Index 53
Index 55
Index 43
Index 37
Index 44
Index 24
Index 32
Index 35
Index 25
Index 44
Index 39
Index 20
Index 27
Index 50
Index 60
Index 2
Index 37
Index 44
Index 42
Index 52
Index 58
Index 8
Index 20
Index 21
Index 31
Index 55
Index 1
Index 44
Index 18
Index 14
Index 11
Index 23
Index 10
Index 44
Index 2
Index 6
Index 53
Index 54
Index 55
Index 41
Index 16
Index 26
Index 56
Index 39
Index 16
Index 4
Index 13
Index 19
Index 15
Index 16
Index 35
Index 39
Index 11
Index 50
Index 41
Index 6
Index 61
Index 17
Index 23
Index 25
Index 31
Index 48
Index 22
Index 13
Index 36
Index 37
Index 58
Index 45
Index 48
Index 37
Index 34
Index 63
Index 46
Index 32
Index 0
Index 54
Index 57
Index 42
Index 36
Index 36
Index 12
Index 44
Index 26
Index 27
Index 27
Index 10
Index 42
Index 56
Index 44
Index 61
Index 0
Index 13
Index 3
Index 11
Index 13
Index 1
Index 1
Index 22
Index 36
Index 42
Index 30
Index 53
Index 29
Index 58
Index 44
Index 37
Index 7
Index 46
Index 3
Index 57
Index 42
Index 24
Index 30
Index 48
Index 51
Index 45
Index 56
Index 57
Index 49
Index 52
Index 37
Index 17
Index 4
Index 6
Index 29
Index 8
Index 51
Index 46
Index 4
Index 61
Index 32
Index 56
Index 23
Index 39
Index 54
Index 53
Index 9
Index 9
Index 9
Index 21
Index 5
Index 53
Index 50
Index 59
Index 63
Index 43
Index 43
Index 29
Index 8
Index 12
Index 15
Index 11
Index 59
Index 25
Index 54
Index 0
Index 50
Index 63
Index 60
Index 31
Index 31
Index 24
Index 5
Index 56
Index 16
Index 35
Index 22
Index 24
Index 3
Index 0
Index 3
Index 7
Index 42
Index 27
Index 63
Index 31
Index 42
Index 34
Index 6
Instructions Retired: 500000 Cycle: 706843 Hearbeat IPC: 0.184050 Cumulative IPC: 0.707371
Cycle: 706843	Best offset: 1	Score: 0	Hit Rate: 0.170155
Index 50
Index 48
Index 40
Index 39
Index 20
Index 10
Index 12
Index 61
Index 63
Index 50
Index 10
Index 19
Index 6
Index 22
Index 26
Index 1
Index 47
Index 20
Index 14
Index 22
Index 32
Index 8
Index 9
Index 9
Index 25
Index 61
Index 48
Index 2
Index 33
Index 41
Index 40
Index 50
Index 12
Index 58
Index 43
Index 48
Index 33
Index 57
Index 39
Index 9
Index 56
Index 14
Index 18
Index 57
Index 29
Index 22
Index 8
Index 46
Index 1
Index 18
Index 24
Index 10
Index 47
Index 23
Index 26
Index 55
Index 6
Index 23
Index 23
Index 23
Index 45
Index 8
Index 23
Index 23
Index 29
Index 4
Index 9
Index 19
Index 47
Index 46
Index 34
Index 5
Index 43
Index 52
Index 44
Index 63
Index 8
Index 30
Index 62
Index 42
Index 53
Index 31
Index 42
Index 8
Index 24
Index 41
Index 13
Index 15
Index 48
Index 56
Index 24
Index 39
Index 36
Index 42
Index 26
Index 53
Index 23
Index 50
Index 26
Index 21
Index 25
Index 46
Index 14
Index 15
Index 4
Index 29
Index 38
Index 25
Index 12
Index 15
Index 33
Index 16
Index 61
Index 45
Index 58
Index 53
Index 29
Index 30
Index 6
Index 35
Index 16
Index 15
Index 5
Index 60
Index 12
Index 40
Index 2
Index 49
Index 37
Index 0
Index 8
Index 5
Index 10
Index 16
Index 13
Index 3
Index 34
Index 58
Index 10
Index 58
Index 2
Index 46
Index 36
Index 55
Index 12
Index 36
Index 50
Index 28
Index 43
Index 25
Index 25
Index 46
Index 31
Index 32
Index 4
Index 39
Index 17
Index 44
Index 1
Index 46
Index 41
Index 42
Index 23
Index 33
Index 10
Index 10
Index 52
Index 23
Index 39
Index 0
Index 61
Index 37
Index 3
Index 15
Index 40
Index 40
Index 35
Index 25
Index 30
Index 29
Index 35
Index 58
Index 9
Index 9
Index 9
Index 20
Index 32
Index 52
Index 63
Index 38
Index 23
Index 1
Index 28
Index 28
Index 41
Index 39
Index 24
Index 60
Index 7
Index 28
Index 34
Index 26
Index 16
Index 58
Index 10
Index 37
Index 6
Index 20
Index 16
Index 30
Index 16
Index 12
Index 7
Index 23
Index 9
Index 9
Index 9
Index 32
Index 43
Index 14
Index 36
Index 40
Index 48
Index 12
Index 50
Index 58
Index 41
Index 36
Index 29
Index 59
Index 60
Index 53
Index 44
Index 45
Index 1
Index 29
Index 28
Index 16
Index 32
Index 0
Index 16
Index 16
Index 16
Index 9
Index 13
Index 28
Index 17
Index 30
Index 54
Index 52
Index 63
Index 63
Index 15
Index 19
Index 36
Index 36
Index 36
Index 42
Index 6
Index 36
Index 35
Index 49
Index 56
Index 28
Index 24
Index 13
Index 63
Index 11
Index 27
Index 28
Index 57
Index 5
Index 5
Index 33
Index 14
Index 58
Index 6
Index 6
Index 22
Index 23
Index 10
Index 47
Index 24
Index 25
Index 34
Index 18
Index 21
Index 32
Index 32
Index 37
Index 47
Index 42
Index 5
Index 43
Index 27
Index 45
Index 17
Index 31
Index 45
Index 6
Index 61
Index 12
Index 17
Index 40
Index 13
Index 54
Index 33
Index 33
Index 19
Index 50
Index 40
Index 9
Index 25
Index 57
Index 41
Index 8
Index 30
Index 13
Index 10
Index 58
Index 2
Index 50
Index 28
Index 33
Index 27
Index 17
Index 40
Index 39
Index 53
Index 26
Index 41
Index 27
Index 10
Index 16
Index 58
Index 7
Index 55
Index 55
Index 55
Index 0
Index 19
Index 6
Index 23
Index 17
Index 61
Index 49
Offset switch to: 19	With score: 1
Index 21
Index 37
Index 1
Index 10
Index 44
Index 58
Index 0
Index 0
Index 0
Index 62
Index 31
Index 40
Index 26
Index 33
Index 30
Index 50
Index 11
Index 44
Index 21
Index 21
Index 49
Index 62
Index 20
Index 49
Index 0
Index 24
Index 55
Index 10
Index 10
Index 42
Index 54
Index 15
Index 59
Index 45
Index 14
Index 7
Index 6
Index 52
Index 0
Index 59
Index 26
Index 38
Index 58
Index 27
Index 1
Index 45
Index 7
Index 11
Index 58
Index 14
Index 54
Index 55
Index 7
Index 2
Index 28
Index 18
Index 58
Index 34
Index 42
Index 8
Index 20
Index 4
Index 43
Index 43
Index 63
Index 54
Index 54
Index 62
Index 62
Index 53
Index 62
Index 2
Index 5
Index 44
Index 44
Index 43
Index 5
Index 1
Index 1
Index 11
Index 29
Index 25
Index 51
Index 6
Index 62
Index 17
Index 2
Index 53
Index 58
Index 28
Index 13
Index 8
Index 41
Index 12
Index 58
Index 58
Index 38
Index 39
Index 14
Index 56
Index 21
Index 40
Index 34
Index 31
Index 63
Index 4
Index 56
Index 56
Index 27
Index 4
Index 7
Index 15
Index 35
Index 35
Index 1
Index 2
Index 2
Index 2
Index 2
Index 20
Index 63
Index 19
Index 6
Index 18
Index 58
Index 25
Index 61
Index 17
Index 60
Index 60
Index 15
Index 59
Index 53
Index 57
Index 46
Index 46
Index 55
Index 3
Index 54
Index 1
Index 53
Index 52
Index 46
Index 45
Index 4
Index 47
Index 42
Index 38
Index 38
Index 57
Instructions Retired: 600001 Cycle: 1051687 Hearbeat IPC: 0.289989 Cumulative IPC: 0.570513
Cycle: 1051687	Best offset: 19	Score: 0	Hit Rate: 0.130675
Index 55
Index 36
Index 22
Index 4
Index 1
Index 22
Index 3
Index 14
Index 15
Index 22
Index 22
Index 47
Index 38
Index 44
Index 25
Index 49
Index 3
Index 29
Index 32
Index 13
Index 15
Index 4
Index 4
Index 53
Index 44
Index 2
Index 31
Index 35
Index 1
Index 1
Index 49
Index 32
Index 3
Index 57
Index 23
Index 41
Index 17
Index 8
Index 10
Index 3
Index 0
Index 61
Index 57
Index 26
Index 12
Index 8
Index 37
Index 46
Index 4
Index 4
Index 15
Index 51
Index 21
Index 20
Index 20
Index 20
Index 20
Index 20
Index 63
Index 63
Index 63
Index 44
Index 29
Index 21
Index 13
Index 45
Index 48
Index 9
Index 48
Index 2
Index 21
Index 10
Index 63
Index 24
Index 32
Index 35
Index 61
Index 8
Instructions Retired: 700001 Cycle: 1096268 Hearbeat IPC: 2.243108 Cumulative IPC: 0.638531
Cycle: 1096268	Best offset: 19	Score: 0	Hit Rate: 0.161614
Index 18
Index 46
Index 46
Index 3
Index 12
Index 14
Index 32
Index 32
Index 32
Index 32
Index 32
Index 19
Index 32
Index 7
Index 58
Index 55
Index 45
Index 49
Index 29
Index 56
Index 34
Index 38
Index 3
Index 7
Index 29
Index 2
Index 10
Index 36
Index 4
Index 26
Index 22
Index 37
Index 14
Index 20
Index 25
Index 14
Index 9
Index 29
Index 35
Index 58
Index 7
Index 46
Index 16
Index 61
Index 34
Index 25
Index 36
Index 40
Index 32
Index 29
Index 29
Index 21
Index 21
Index 35
Index 28
Index 52
Index 63
Index 63
Index 25
Index 62
Index 57
Index 38
Index 6
Instructions Retired: 800000 Cycle: 1132522 Hearbeat IPC: 2.758289 Cumulative IPC: 0.706388
Cycle: 1132522	Best offset: 19	Score: 0	Hit Rate: 0.200797
Index 3
Index 63
Index 61
Index 60
Index 29
Index 32
Index 19
Index 6
Index 13
Index 38
Index 17
Index 27
Index 35
Index 2
Index 2
Index 31
Index 31
Index 31
Index 31
Index 16
Index 13
Index 63
Index 57
Index 57
Index 57
Index 57
Index 7
Index 26
Index 21
Index 15
Index 2
Index 26
Index 13
Index 47
Instructions Retired: 900001 Cycle: 1168754 Hearbeat IPC: 2.760019 Cumulative IPC: 0.770052
Cycle: 1168754	Best offset: 19	Score: 0	Hit Rate: 0.219854
Index 5
Index 47
Index 41
Index 48
Index 34
Index 53
Index 54
Index 60
Index 53
Index 56
Index 56
Index 35
Instructions Retired: 1000002 Cycle: 1201050 Hearbeat IPC: 3.096390 Cumulative IPC: 0.832606
Cycle: 1201050	Best offset: 19	Score: 0	Hit Rate: 0.228523
Index 10
Index 54
Index 2
Index 20
Index 9
Index 29
Index 22
Instructions Retired: 1100000 Cycle: 1233573 Hearbeat IPC: 3.074686 Cumulative IPC: 0.891719
Cycle: 1233573	Best offset: 19	Score: 0	Hit Rate: 0.237784
Index 13
Index 6
Index 37
Index 26
Index 45
Index 14
Index 2
Index 26
Index 29
Index 28
Index 20
Index 4
Index 6
Index 2
Index 6
Index 7
Index 42
Index 42
Index 42
Index 22
Index 11
Index 9
Index 57
Index 53
Index 44
Index 51
Index 40
Index 40
Index 40
Index 46
Index 51
Index 10
Index 9
Index 25
Index 25
Index 4
Index 5
Index 26
Index 53
Index 24
Index 33
Index 19
Index 43
Index 43
Index 35
Index 29
Index 52
Index 18
Index 4
Index 57
Index 21
Index 31
Index 41
Index 28
Index 17
Index 41
Index 55
Index 23
Index 55
Index 7
Index 20
Index 0
Index 52
Index 63
Index 22
Index 2
Index 1
Index 4
Index 38
Index 44
Index 6
Index 7
Index 43
Index 13
Index 13
Index 1
Index 53
Index 4
Index 21
Index 44
Index 24
Index 40
Index 20
Index 17
Index 35
Index 60
Index 61
Index 14
Index 38
Index 40
Index 56
Index 4
Index 13
Index 34
Index 14
Index 33
Index 2
Index 33
Index 33
Index 33
Index 33
Index 24
Index 31
Index 2
Index 15
Index 25
Index 14
Index 4
Index 42
Index 33
Index 44
Index 14
Index 28
Index 37
Index 40
Index 41
Index 46
Index 40
Index 17
Index 7
Index 54
Index 59
Index 5
Index 24
Index 56
Index 58
Index 25
Index 37
Index 15
Index 61
Index 9
Index 48
Index 48
Index 48
Index 21
Index 21
Index 59
Index 31
Index 47
Index 8
Index 22
Index 4
Index 53
Index 54
Index 39
Index 58
Index 58
Index 20
Index 46
Index 28
Index 47
Index 57
Index 54
Index 9
Index 54
Index 38
Index 6
Index 33
Index 4
Index 29
Index 11
Index 16
Index 16
Index 13
Index 0
Index 39
Index 1
Index 49
Index 41
Index 41
Index 56
Index 40
Index 21
Index 54
Index 39
Index 58
Index 9
Index 55
Index 33
Index 31
Index 56
Index 5
Index 53
Index 34
Index 49
Index 42
Index 10
Index 39
Index 1
Index 30
Index 15
Index 48
Index 22
Index 47
Index 30
Index 15
Index 4
Index 19
Index 9
Index 27
Index 4
Index 51
Index 0
Index 39
Index 20
Index 37
Index 59
Index 57
Index 5
Index 7
Index 15
Index 38
Index 23
Index 37
Index 23
Index 37
Index 43
Index 45
Index 55
Index 35
Index 49
Index 39
Index 10
Index 13
Index 42
Index 46
Index 55
Index 36
Index 15
Index 54
Index 3
Index 2
Index 53
Index 31
Index 33
Index 55
Index 51
Index 7
Index 54
Index 5
Index 59
Index 38
Index 21
Index 18
Index 49
Index 45
Index 8
Index 24
Index 57
Index 46
Index 30
Index 19
Index 21
Index 57
Index 13
Index 52
Index 25
Index 5
Index 25
Index 53
Index 53
Index 22
Index 48
Index 40
Index 44
Index 6
Index 50
Index 58
Index 33
Index 42
Index 3
Index 16
Index 29
Index 0
Index 44
Index 36
Index 36
Index 2
Index 53
Index 37
Index 50
Index 47
Index 19
Index 58
Index 30
Index 39
Index 57
Index 8
Index 42
Index 49
Index 40
Index 35
Index 29
Index 57
Index 30
Index 26
Index 38
Index 15
Index 42
Index 43
Index 1
Index 12
Index 24
Index 51
Index 16
Index 50
Index 15
Index 54
Index 17
Index 10
Index 9
Index 20
Index 63
Index 39
Index 16
Index 26
Index 31
Index 9
Index 29
Index 15
Index 34
Index 9
Index 35
Index 3
Index 33
Index 49
Index 55
Index 52
Index 25
Index 22
Index 21
Index 30
Index 22
Index 34
Index 62
Index 53
Index 56
Index 27
Index 28
Index 28
Index 1
Index 7
Index 60
Index 13
Index 19
Index 30
Index 18
Index 25
Index 47
Index 0
Index 40
Index 5
Index 25
Index 2
Index 18
Index 18
Index 22
Index 56
Index 7
Index 26
Index 48
Index 45
Index 42
Index 19
Index 45
Index 44
Index 42
Index 19
Index 29
Index 29
Index 29
Index 28
Index 24
Index 57
Index 18
Index 58
Index 39
Index 22
Index 45
Index 19
Index 29
Index 52
Index 9
Index 33
Index 44
Index 5
Index 40
Index 46
Index 55
Index 4
Index 12
Index 56
Index 3
Index 27
Index 6
Index 39
Index 12
Index 43
Index 29
Index 62
Index 28
Index 35
Index 16
Index 18
Index 16
Index 21
Index 3
Index 4
Index 26
Index 20
Index 54
Index 3
Index 35
Index 63
Index 25
Index 3
Index 7
Index 6
Index 37
Index 36
Index 36
Index 7
Index 35
Index 55
Index 28
Index 16
Index 16
Index 56
Index 23
Index 26
Index 39
Index 6
Index 48
Index 2
Index 7
Index 53
Index 12
Index 30
Index 31
Index 4
Index 24
Index 56
Index 11
Index 21
Index 6
Index 10
Index 62
Index 39
Index 0
Index 10
Index 50
Index 23
Index 30
Index 39
Index 6
Index 15
Index 18
Index 5
Index 33
Index 39
Index 55
Index 27
Index 40
Index 12
Index 33
Index 2
Index 18
Index 28
Index 1
Index 60
Index 0
Index 53
Index 46
Index 17
Index 28
Index 53
Index 9
Index 40
Index 41
Index 19
Index 34
Index 62
Index 13
Index 46
Index 26
Index 2
Index 62
Index 6
Index 59
Index 42
Index 13
Index 8
Index 17
Index 62
Index 58
Index 42
Index 35
Index 56
Index 56
Index 43
Index 38
Index 18
Index 18
Index 19
Index 37
Index 33
Index 35
Index 2
Index 34
Index 43
Index 1
Index 11
Index 43
Index 42
Index 6
Index 26
Index 7
Index 12
Index 8
Index 43
Index 42
Index 47
Index 14
Index 3
Index 49
Index 42
Index 24
Index 13
Index 38
Index 5
Index 33
Index 49
Index 16
Index 60
Index 31
Index 51
Index 61
Index 9
Index 46
Index 63
Index 41
Index 46
Index 52
Index 53
Index 4
Index 47
Index 27
Index 59
Index 2
Index 23
Index 62
Instructions Retired: 1200000 Cycle: 1447836 Hearbeat IPC: 0.466716 Cumulative IPC: 0.828823
Cycle: 1447836	Best offset: 19	Score: 0	Hit Rate: 0.193420
Index 42
Index 5
Index 41
Index 49
Index 42
Index 13
Index 46
Index 49
Index 27
Index 19
Index 29
Index 7
Index 20
Index 3
Index 54
Index 12
Index 18
Index 15
Index 8
Index 6
Index 34
Index 2
Index 27
Index 62
Index 40
Index 41
Index 12
Index 59
Index 51
Index 4
Index 17
Index 59
Index 51
Index 1
Index 36
Index 49
Index 10
Index 11
Index 22
Index 18
Index 60
Index 29
Index 22
Index 53
Index 49
Index 9
Index 33
Index 44
Index 55
Index 0
Index 63
Index 28
Index 48
Index 2
Index 22
Index 24
Index 20
Index 32
Index 38
Index 26
Index 10
Index 17
Index 12
Index 34
Index 54
Index 52
Index 35
Index 8
Index 9
Index 52
Index 51
Index 32
Index 0
Index 48
Index 3
Index 7
Index 15
Index 38
Index 3
Index 8
Index 56
Index 32
Index 54
Index 24
Index 19
Index 47
Index 30
Index 30
Index 33
Index 34
Index 63
Index 35
Index 19
Index 26
Index 32
Index 0
Index 27
Index 63
Index 25
Index 9
Index 30
Index 45
Index 38
Index 37
Index 27
Index 33
Index 16
Index 32
Index 32
Index 22
Index 30
Index 27
Index 50
Index 45
Index 39
Index 16
Index 32
Index 4
Index 25
Index 39
Index 56
Index 18
Index 46
Index 54
Index 16
Index 39
Index 20
Index 20
Index 20
Index 57
Index 43
Index 13
Index 13
Index 57
Index 43
Index 17
Index 17
Index 41
Index 44
Index 41
Index 30
Index 44
Index 61
Index 43
Index 45
Index 40
Index 54
Index 22
Index 36
Index 9
Index 33
Index 28
Index 22
Index 41
Index 46
Offset switch to: 2	With score: 1
Index 47
Index 57
Index 16
Index 60
Index 56
Index 32
Index 36
Index 5
Index 44
Index 11
Index 2
Index 7
Index 38
Index 33
Index 21
Index 2
Index 16
Index 35
Index 30
Index 31
Index 13
Index 24
Index 33
Index 61
Index 33
Index 13
Index 37
Index 31
Index 49
Index 8
Index 29
Index 19
Index 22
Index 22
Index 27
Index 56
Index 32
Index 33
Index 40
Index 26
Index 44
Index 45
Index 56
Index 47
Index 18
Index 48
Index 48
Index 59
Index 15
Index 13
Index 18
Index 23
Index 41
Index 63
Index 36
Index 5
Index 33
Index 24
Index 63
Index 5
Index 56
Index 14
Index 29
Index 16
Index 3
Index 39
Index 48
Index 60
Index 40
Index 32
Index 56
Index 52
Index 56
Index 62
Index 62
Index 39
Index 46
Index 58
Index 37
Index 41
Index 25
Index 38
Index 11
Index 13
Index 28
Index 56
Index 43
Index 25
Index 52
Index 44
Index 63
Index 3
Index 23
Index 32
Index 47
Index 9
Index 27
Index 38
Index 61
Index 46
Index 11
Index 43
Index 19
Index 47
Index 17
Index 13
Index 37
Index 40
Index 20
Index 48
Index 42
Index 49
Index 44
Index 19
Index 56
Index 52
Index 54
Index 39
Index 42
Index 52
Index 38
Index 13
Index 3
Index 2
Index 56
Index 27
Index 60
Index 62
Index 51
Index 16
Index 22
Index 27
Index 16
Index 10
Index 10
Index 2
Index 52
Index 42
Index 20
Index 60
Index 17
Index 51
Index 21
Index 23
Index 40
Index 29
Index 2
Index 46
Index 49
Index 51
Index 46
Index 35
Index 11
Index 54
Index 49
Index 36
Index 54
Index 24
Index 27
Index 39
Index 13
Index 42
Index 40
Index 40
Index 42
Index 29
Index 32
Index 32
Index 32
Index 25
Index 12
Index 15
Index 16
Index 59
Index 46
Index 14
Index 15
Index 33
Index 19
Index 62
Index 1
Index 4
Index 16
Index 12
Index 5
Index 59
Index 9
Index 2
Index 4
Index 42
Index 1
Index 57
Index 14
Index 32
Index 49
Index 7
Index 4
Index 27
Index 3
Index 62
Index 7
Index 60
Index 40
Offset switch to: 86	With score: 1
Index 7
Index 48
Index 33
Index 29
Index 6
Index 38
Index 12
Index 17
Index 36
Index 1
Index 13
Index 14
Index 38
Index 63
Index 4
Index 22
Index 4
Index 26
Index 46
Index 47
Index 62
Index 53
Index 13
Index 39
Index 58
Index 61
Index 35
Index 15
Index 41
Index 3
Index 46
Index 56
Index 62
Index 4
Index 53
Index 30
Index 36
Index 12
Index 28
Index 20
Index 39
Index 24
Index 60
Index 6
Index 40
Index 17
Index 16
Index 59
Index 16
Index 20
Index 41
Index 48
Index 30
Index 60
Index 40
Index 62
Index 3
Index 44
Index 19
Index 33
Index 4
Index 51
Index 38
Index 59
Index 9
Index 6
Index 37
Index 25
Index 18
Index 18
Index 36
Index 37
Index 16
Index 23
Index 35
Index 20
Index 37
Index 39
Index 12
Index 41
Index 29
Index 54
Index 60
Index 6
Index 2
Index 35
Index 2
Index 29
Index 51
Index 20
Index 25
Index 49
Index 25
Index 45
Index 15
Index 7
Index 7
Index 24
Index 16
Index 43
Index 54
Index 17
Index 50
Index 21
Index 24
Index 9
Index 54
Index 16
Index 48
Index 45
Index 56
Index 47
Index 35
Index 39
Index 54
Index 8
Index 55
Index 63
Index 50
Index 24
Index 3
Index 8
Index 23
Index 47
Index 46
Index 19
Index 41
Index 21
Index 39
Index 31
Index 25
Index 29
Index 0
Index 57
Index 13
Index 32
Index 16
Index 17
Index 49
Index 55
Index 48
Index 32
Index 17
Index 21
Index 50
Index 7
Index 45
Index 59
Index 50
Index 23
Index 35
Index 54
Index 17
Index 12
Index 22
Index 15
Index 51
Index 44
Index 32
Index 63
Index 6
Index 45
Index 58
Index 39
Index 30
Index 16
Index 2
Index 17
Index 19
Index 16
Index 36
Index 49
Index 20
Index 39
Index 6
Index 35
Index 38
Index 36
Index 37
Index 57
Index 17
Index 31
Index 33
Index 41
Index 38
Index 15
Index 58
Index 52
Index 8
Index 53
Index 2
Index 2
Index 49
Index 2
Index 46
Index 29
Index 10
Index 58
Index 60
Index 14
Index 3
Index 24
Index 4
Index 22
Index 28
Index 14
Index 22
Index 9
Index 47
Index 52
Index 3
Index 5
Index 62
Index 23
Index 21
Index 7
Index 51
Index 22
Index 62
Index 6
Index 28
Index 32
Index 1
Index 35
Index 42
Index 39
Index 30
Index 26
Index 44
Index 31
Index 23
Index 8
Index 43
Index 3
Index 58
Index 5
Index 5
Index 30
Index 10
Index 48
Index 18
Index 25
Index 20
Index 14
Index 30
Index 29
Index 14
Index 22
Index 60
Index 47
Index 38
Index 42
Index 42
Index 63
Index 59
Index 7
Index 58
Index 12
Index 0
Index 26
Index 1
Index 19
Index 19
Index 47
Index 26
Index 38
Index 2
Index 9
Index 41
Index 4
Index 0
Index 48
Index 6
Index 58
Index 39
Index 4
Index 50
Index 44
Index 43
Index 43
Index 13
Index 13
Index 45
Index 4
Index 48
Index 48
Index 7
Index 3
Index 31
Index 46
Index 5
Index 37
Index 48
Index 63
Index 21
Index 2
Index 50
Index 50
Index 4
Index 0
Index 21
Index 56
Index 59
Index 31
Index 60
Index 58
Index 1
Index 0
Index 56
Index 56
Index 56
Index 3
Index 59
Index 10
Index 1
Index 45
Index 45
Index 53
Index 28
Index 15
Index 43
Index 17
Index 18
Index 43
Index 3
Index 36
Index 46
Index 50
Index 34
Index 31
Index 16
Index 35
Index 35
Index 35
Index 35
Index 35
Index 56
Index 56
Instructions Retired: 1300001 Cycle: 1636178 Hearbeat IPC: 0.530954 Cumulative IPC: 0.794535
Cycle: 1636178	Best offset: 86	Score: 0	Hit Rate: 0.151925
Index 24
Index 58
Index 16
Index 38
Index 41
Index 13
Index 28
Index 15
Index 0
Index 57
Index 62
Index 5
Index 13
Index 2
Index 48
Index 53
Index 55
Index 55
Index 55
Index 40
Index 15
Index 0
Index 0
Index 7
Index 15
Index 63
Index 1
Index 59
Index 3
Index 8
Index 7
Index 25
Index 12
Index 31
Index 13
Index 11
Index 1
Index 63
Index 60
Index 28
Index 15
Index 19
Index 45
Index 35
Index 12
Index 45
Index 63
Index 49
Index 49
Index 5
Index 4
Index 3
Index 63
Index 46
Instructions Retired: 1400000 Cycle: 1672397 Hearbeat IPC: 2.760954 Cumulative IPC: 0.837122
Cycle: 1672397	Best offset: 86	Score: 0	Hit Rate: 0.158960
Index 1
Index 63
Index 63
Index 5
Index 2
Index 27
Index 9
Index 7
Index 10
Index 16
Index 53
Index 15
Index 17
Index 10
Index 46
Index 2
Index 63
Index 61
Index 61
Index 58
Index 14
Index 48
Index 16
Index 18
Index 2
Index 18
Index 28
Index 32
Index 49
Index 32
Index 49
Index 49
Index 47
Index 47
Index 49
Index 50
Index 61
Index 60
Index 59
Index 59
Index 56
Index 47
Index 0
Index 45
Index 36
Index 1
Index 6
Index 35
Index 35
Index 2
Index 2
Index 47
Index 30
Index 44
Index 50
Index 56
Index 9
Index 4
Index 49
Index 61
Index 61
Index 19
Index 15
Index 37
Index 28
Index 18
Index 7
Index 43
Index 49
Index 39
Index 46
Index 43
Index 2
Index 53
Index 17
Index 21
Index 3
Index 3
Instructions Retired: 1500003 Cycle: 1706487 Hearbeat IPC: 2.933500 Cumulative IPC: 0.879001
Cycle: 1706487	Best offset: 86	Score: 0	Hit Rate: 0.173459
Index 61
Index 61
Index 59
Index 59
Index 59
Index 51
Index 8
Index 14
Index 15
Index 42
Index 30
Index 25
Index 44
Index 19
Index 39
Index 14
Index 15
Index 13
Index 14
Index 8
Index 8
Index 60
Index 54
Index 46
Index 46
Index 48
Index 58
Index 28
Index 28
Index 27
Index 20
Index 25
Index 25
Index 9
Index 3
Index 0
Index 14
Index 41
Index 41
Index 25
Index 4
Index 48
Index 48
Index 40
Index 8
Index 40
Index 47
Index 21
Index 31
Index 30
Index 45
Index 63
Index 63
Index 63
Index 63
Index 63
Index 63
Index 63
Index 8
Index 53
Index 62
Index 61
Index 52
Index 60
Index 60
Index 55
Index 59
Index 57
Index 42
Index 56
Index 55
Index 53
Index 49
Instructions Retired: 1600000 Cycle: 1743925 Hearbeat IPC: 2.671003 Cumulative IPC: 0.917471
Cycle: 1743925	Best offset: 86	Score: 0	Hit Rate: 0.183983
Index 7
Instructions Retired: 1700000 Cycle: 1775845 Hearbeat IPC: 3.132832 Cumulative IPC: 0.957291
Cycle: 1775845	Best offset: 86	Score: 0	Hit Rate: 0.185982
Index 40
Index 44
Index 44
Index 47
Index 24
Index 24
Index 24
Index 32
Index 32
Index 0
Index 32
Index 42
Index 50
Instructions Retired: 1800000 Cycle: 1808289 Hearbeat IPC: 3.082234 Cumulative IPC: 0.995416
Cycle: 1808289	Best offset: 86	Score: 0	Hit Rate: 0.188760
Index 34
Index 45
Index 30
Index 30
Index 50
Index 7
Index 9
Index 30
Index 32
Index 58
Index 58
Index 52
Index 35
Index 45
Index 45
Index 38
Index 47
Index 59
Index 7
Index 20
Index 7
Index 2
Index 57
Index 21
Index 55
Index 16
Index 4
Index 60
Index 1
Index 9
Index 37
Index 6
Index 37
Index 48
Index 0
Index 1
Index 30
Index 48
Index 39
Index 16
Index 17
Index 48
Index 38
Index 7
Index 25
Index 26
Index 7
Index 32
Index 9
Index 3
Index 16
Index 52
Index 8
Index 7
Index 47
Index 30
Index 16
Index 9
Index 8
Index 22
Index 23
Index 49
Index 28
Index 21
Index 52
Index 47
Index 43
Index 21
Index 40
Index 23
Index 24
Index 9
Index 12
Index 10
Index 14
Index 29
Index 36
Index 44
Index 22
Index 56
Index 45
Index 59
Index 54
Index 1
Index 61
Index 27
Index 59
Index 23
Index 25
Index 44
Index 6
Index 63
Index 25
Index 53
Index 24
Index 7
Index 50
Index 21
Index 28
Index 8
Index 52
Index 18
Index 35
Index 23
Index 45
Index 6
Index 48
Index 54
Index 52
Index 13
Index 52
Index 25
Index 48
Index 33
Index 29
Index 17
Index 50
Index 4
Index 21
Index 9
Index 52
Index 34
Index 6
Index 9
Index 17
Index 13
Index 12
Index 39
Index 21
Index 17
Index 46
Index 21
Index 13
Index 34
Index 37
Index 52
Index 14
Index 40
Index 56
Index 49
Index 32
Index 25
Index 34
Index 5
Index 40
Index 20
Index 45
Index 14
Index 8
Index 30
Index 54
Index 26
Index 9
Index 26
Index 32
Index 20
Index 55
Index 35
Index 3
Index 49
Index 51
Index 22
Index 2
Index 55
Index 0
Index 63
Index 35
Index 11
Index 25
Index 34
Index 40
Index 61
Index 11
Index 49
Index 23
Index 62
Index 31
Index 51
Index 9
Index 45
Index 28
Index 19
Index 50
Index 51
Index 9
Index 56
Index 35
Index 1
Index 61
Index 29
Index 56
Index 49
Index 11
Index 36
Index 54
Index 36
Index 62
Index 39
Index 16
Index 8
Index 9
Index 50
Index 60
Index 44
Index 46
Index 47
Index 48
Index 51
Index 48
Index 19
Index 6
Index 44
Index 53
Index 48
Index 6
Index 37
Index 11
Index 12
Index 13
Index 18
Index 19
Index 5
Index 6
Index 10
Index 7
Index 20
Index 21
Index 61
Index 44
Index 63
Index 6
Index 14
Index 51
Index 2
Index 11
Index 59
Index 53
Index 58
Index 28
Index 53
Index 55
Index 51
Index 6
Index 1
Index 0
Index 34
Index 26
Index 13
Index 29
Index 31
Index 5
Index 17
Index 41
Index 22
Index 61
Index 7
Index 63
Index 7
Index 52
Index 11
Index 17
Index 40
Index 5
Index 37
Index 21
Index 0
Index 0
Index 37
Index 58
Index 40
Index 50
Index 25
Index 5
Index 15
Index 24
Index 46
Index 62
Index 29
Index 9
Index 3
Index 34
Index 7
Index 36
Index 15
Index 6
Index 12
Index 50
Index 0
Index 56
Index 15
Index 23
Index 25
Index 53
Index 21
Index 41
Index 36
Index 10
Index 13
Index 6
Index 7
Index 25
Index 18
Index 39
Index 1
Index 48
Index 49
Index 18
Index 39
Index 35
Index 61
Index 19
Index 7
Index 9
Index 32
Index 47
Index 35
Index 53
Index 46
Index 36
Index 63
Index 22
Index 43
Index 51
Index 25
Index 4
Index 30
Index 1
Index 43
Index 22
Index 4
Index 9
Index 55
Index 17
Index 25
Index 56
Index 38
Index 11
Index 33
Index 26
Index 18
Index 10
Index 12
Index 54
Index 36
Index 56
Index 53
Index 42
Index 39
Index 26
Index 48
Index 48
Index 31
Index 3
Index 8
Index 9
Index 4
Index 9
Index 11
Index 58
Index 46
Index 26
Index 45
Index 13
Index 9
Index 42
Index 29
Index 55
Index 4
Index 16
Index 52
Index 61
Index 48
Index 2
Index 4
Index 16
Index 41
Index 30
Index 17
Index 1
Index 41
Index 44
Index 55
Index 52
Index 60
Index 55
Index 30
Index 54
Index 21
Index 49
Index 11
Index 9
Index 58
Index 61
Instructions Retired: 1900001 Cycle: 1861682 Hearbeat IPC: 1.872923 Cumulative IPC: 1.020583
Cycle: 1861682	Best offset: 86	Score: 0	Hit Rate: 0.172459
Index 45
Index 45
Index 26
Index 29
Index 47
Index 0
Index 36
Index 57
Index 30
Index 10
Index 34
Index 62
Index 16
Index 55
Index 2
Index 59
Index 21
Index 49
Index 13
Index 31
Index 11
Index 11
Index 12
Index 47
Index 31
Index 29
Index 30
Index 24
Index 10
Index 17
Index 33
Index 25
Index 32
Index 0
Index 9
Index 33
Index 20
Index 8
Index 30
Index 16
Index 60
Index 63
Index 41
Index 12
Index 5
Index 20
Index 60
Index 54
Index 9
Index 44
Index 38
Index 54
Index 48
Index 44
Index 36
Index 3
Index 11
Index 53
Index 62
Index 36
Index 5
Index 6
Index 16
Index 32
Index 50
Index 41
Index 26
Index 49
Index 56
Index 48
Index 33
Index 21
Index 63
Index 31
Index 42
Index 41
Index 16
Index 31
Index 24
Index 16
Index 22
Index 32
Index 24
Index 33
Index 34
Index 1
Index 4
Index 39
Index 10
Index 4
Index 25
Index 47
Index 51
Index 18
Index 25
Index 27
Index 30
Index 31
Index 0
Index 52
Index 14
Index 36
Index 0
Index 7
Index 48
Index 8
Index 0
Index 29
Index 7
Index 55
Index 16
Index 16
Index 6
Index 60
Index 60
Index 1
Index 26
Index 23
Index 6
Index 63
Index 61
Index 15
Index 24
Index 6
Index 16
Index 2
Index 32
Index 50
Index 33
Index 50
Index 21
Index 52
Index 21
Index 2
Index 60
Index 57
Index 16
Index 39
Index 23
Index 18
Index 2
Index 61
Index 24
Index 24
Index 8
Index 16
Index 32
Index 62
Index 45
Index 4
Index 26
Index 54
Index 40
Index 29
Index 50
Index 15
Index 29
Index 16
Index 21
Index 20
Index 40
Index 43
Index 18
Index 14
Index 32
Index 0
Index 57
Index 43
Index 40
Index 29
Index 26
Index 2
Index 5
Index 5
Index 28
Index 61
Index 41
Index 51
Index 2
Index 41
Index 10
Index 29
Index 33
Index 59
Index 26
Index 62
Index 41
Index 44
Index 0
Index 29
Index 57
Index 47
Index 33
Index 1
Index 45
Index 36
Index 17
Index 55
Index 55
Index 57
Index 49
Index 36
Index 37
Index 40
Index 58
Index 36
Index 15
Index 36
Index 24
Index 6
Index 18
Index 11
Index 32
Index 17
Index 59
Index 9
Index 16
Index 38
Index 46
Index 30
Index 10
Index 11
Index 54
Index 4
Index 40
Index 57
Index 34
Index 36
Index 49
Index 57
Index 13
Index 20
Index 5
Index 45
Index 7
Index 47
Index 12
Index 31
Index 4
Index 4
Index 7
Index 9
Index 46
Index 36
Index 22
Index 5
Index 20
Index 25
Index 23
Index 29
Index 34
Index 15
Index 47
Index 34
Index 50
Index 63
Index 40
Index 45
Index 14
Index 6
Index 63
Index 14
Index 41
Index 62
Index 6
Index 43
Index 29
Index 61
Index 16
Index 12
Index 17
Index 51
Index 49
Index 47
Index 27
Index 43
Index 61
Index 62
Index 0
Index 34
Index 40
Index 60
Index 1
Index 13
Index 16
Index 21
Index 14
Index 15
Index 49
Index 16
Index 32
Index 59
Index 2
Index 50
Index 33
Index 36
Index 37
Index 10
Index 30
Index 50
Index 19
Index 3
Index 5
Index 35
Index 23
Index 7
Index 3
Index 6
Index 33
Index 13
Index 23
Index 12
Index 25
Index 14
Index 21
Index 33
Index 41
Index 56
Index 18
Index 34
Index 18
Index 60
Index 44
Index 16
Index 10
Index 50
Index 9
Index 44
Index 40
Index 32
Index 44
Index 42
Index 38
Index 7
Index 8
Index 8
Index 39
Index 35
Index 17
Index 52
Index 47
Index 17
Index 24
Index 13
Index 57
Index 57
Index 19
Index 59
Index 60
Index 5
Index 61
Index 16
Index 0
Index 62
Index 3
Index 34
Index 33
Index 14
Index 52
Index 39
Index 53
Index 14
Index 58
Index 36
Index 35
Index 58
Index 59
Index 55
Index 32
Index 36
Index 37
Index 6
Index 31
Index 41
Index 34
Index 54
Index 11
Index 9
Index 9
Index 8
Index 42
Index 23
Index 7
Index 47
Index 43
Index 35
Index 13
Index 34
Index 4
Index 35
Index 0
Index 5
Index 17
Index 22
Index 62
Index 18
Index 42
Index 42
Index 29
Index 48
Index 61
Index 63
Index 40
Index 16
Index 16
Index 14
Index 36
Index 15
Index 59
Index 48
Index 36
Index 22
Index 34
Index 59
Index 57
Index 15
Index 10
Index 59
Index 30
Index 29
Index 52
Index 54
Index 10
Index 11
Index 53
Index 21
Index 47
Index 32
Index 8
Index 14
Index 52
Index 10
Index 54
Index 29
Index 62
Index 13
Index 62
Index 37
Index 38
Index 57
Index 60
Index 49
Index 63
Index 10
Index 40
Index 49
Index 9
Index 19
Index 32
Index 9
Index 36
Index 47
Index 63
Index 9
Index 46
Index 48
Index 27
Index 25
Index 14
Index 30
Index 26
Index 2
Index 5
Index 20
Index 23
Index 24
Index 13
Index 11
Index 31
Index 57
Index 17
Index 8
Index 29
Index 28
Index 56
Index 59
Index 5
Index 17
Index 22
Index 39
Index 45
Index 13
Index 20
Index 15
Index 31
Index 14
Index 56
Index 53
Index 50
Index 33
Index 37
Index 50
Index 40
Index 12
Index 52
Index 6
Index 15
Index 34
Index 23
Index 33
Index 45
Index 28
Index 28
Index 54
Index 41
Index 26
Index 7
Index 29
Index 12
Index 59
Index 26
Index 57
Index 14
Index 42
Index 31
Index 9
Index 46
Index 24
Index 34
Index 22
Offset switch to: 41	With score: 1
Index 29
Index 33
Index 20
Index 62
Index 7
Index 61
Index 34
Index 49
Index 23
Index 9
Index 0
Index 47
Index 17
Index 18
Index 37
Index 33
Index 39
Index 38
Index 40
Index 24
Index 21
Index 3
Index 8
Index 9
Index 23
Index 1
Index 20
Index 21
Index 58
Index 62
Index 0
Index 28
Index 32
Index 20
Index 16
Index 8
Index 38
Index 42
Index 46
Index 10
Index 33
Index 1
Index 2
Index 46
Index 18
Index 43
Index 52
Index 35
Index 36
Index 18
Index 25
Index 18
Index 51
Index 55
Index 62
Index 32
Index 33
Index 44
Index 46
Index 47
Index 7
Index 44
Index 20
Index 47
Index 50
Index 25
Index 7
Index 40
Index 23
Index 29
Index 54
Index 26
Index 39
Index 45
Index 36
Index 20
Index 6
Index 21
Index 13
Index 44
Index 55
Index 29
Index 23
Index 20
Index 26
Index 63
Index 2
Index 29
Index 25
Index 11
Index 61
Index 1
Index 48
Index 12
Index 3
Index 23
Index 23
Index 23
Index 41
Index 41
Index 45
Index 49
Index 0
Index 35
Index 33
Index 36
Index 17
Index 12
Index 32
Index 22
Index 35
Index 3
Index 53
Index 39
Index 12
Index 63
Index 46
Index 23
Index 36
Index 37
Index 18
Index 32
Index 25
Index 8
Index 1
Index 39
Index 53
Index 0
Index 0
Index 19
Index 27
Index 40
Index 21
Index 9
Index 51
Index 63
Index 31
Index 40
Index 18
Index 40
Index 25
Index 25
Index 21
Index 35
Index 7
Index 28
Index 50
Index 50
Index 16
Index 24
Index 28
Index 7
Index 40
Index 1
Index 3
Index 7
Index 62
Index 57
Index 6
Index 31
Index 43
Index 5
Index 25
Index 28
Index 61
Index 28
Index 2
Index 45
Index 56
Index 52
Index 59
Index 45
Index 56
Index 33
Index 30
Index 30
Index 52
Index 41
Index 33
Index 17
Index 33
Index 14
Index 19
Index 45
Index 43
Index 5
Index 36
Index 55
Index 10
Index 4
Index 53
Index 56
Index 26
Index 38
Index 8
Index 7
Index 32
Index 29
Index 44
Index 24
Index 59
Index 8
Index 12
Index 20
Index 37
Index 51
Index 44
Index 42
Index 42
Index 39
Index 30
Index 34
Index 26
Index 46
Index 5
Index 3
Index 56
Index 15
Index 8
Index 36
Index 51
Index 51
Index 25
Index 16
Index 29
Index 30
Index 17
Index 45
Index 28
Index 32
Index 62
Index 37
Index 31
Index 16
Index 27
Index 34
Index 59
Index 54
Index 29
Index 57
Index 58
Index 16
Index 5
Index 33
Index 5
Index 18
Offset switch to: 111	With score: 1
Index 7
Index 49
Index 36
Index 37
Index 9
Index 24
Index 24
Index 20
Index 37
Index 61
Index 22
Index 22
Index 57
Index 50
Index 46
Index 21
Index 62
Index 2
Index 14
Index 48
Index 63
Index 42
Index 13
Index 6
Index 40
Index 59
Index 34
Index 16
Index 13
Index 16
Index 49
Index 25
Index 25
Index 4
Index 18
Index 1
Index 49
Index 30
Index 6
Index 18
Index 27
Index 43
Index 0
Index 53
Index 15
Index 37
Index 43
Index 46
Index 45
Index 24
Index 53
Index 35
Index 33
Index 33
Index 46
Index 46
Index 46
Index 55
Index 22
Index 4
Index 36
Index 22
Index 25
Index 6
Index 6
Index 6
Index 6
Index 6
Index 63
Index 63
Index 63
Index 17
Index 61
Index 6
Index 32
Index 3
Index 42
Index 55
Instructions Retired: 2000004 Cycle: 1943166 Hearbeat IPC: 1.227272 Cumulative IPC: 1.029250
Cycle: 1943166	Best offset: 111	Score: 0	Hit Rate: 0.140045
Index 22
Index 15
Index 2
Index 13
Index 2
Index 22
Index 11
Index 2
Index 18
Index 55
Index 55
Index 55
Index 46
Index 1
Index 37
Index 37
Index 32
Index 34
Index 18
Index 18
Index 47
Index 11
Index 16
Index 23
Index 27
Index 0
Index 2
Index 2
Index 59
Index 30
Index 21
Index 59
Instructions Retired: 2100001 Cycle: 1976452 Hearbeat IPC: 3.004176 Cumulative IPC: 1.062510
Cycle: 1976452	Best offset: 111	Score: 0	Hit Rate: 0.142142
Index 14
Index 36
Index 57
Index 54
Index 25
Index 15
Index 2
Index 54
Index 56
Index 58
Index 63
Index 25
Index 54
Index 30
Index 29
Index 12
Index 19
Index 23
Index 8
Index 15
Index 8
Index 16
Index 5
Index 55
Index 17
Index 36
Index 63
Index 3
Index 20
Index 47
Index 45
Index 11
Index 45
Index 2
Index 57
Index 47
Index 50
Index 41
Index 20
Index 44
Index 25
Index 25
Index 25
Index 1
Index 1
Index 1
Index 1
Index 1
Index 1
Index 2
Index 6
Index 6
Index 6
Index 6
Index 6
Index 59
Index 5
Index 4
Index 3
Index 3
Index 0
Index 0
Index 0
Index 2
Index 1
Index 0
Instructions Retired: 2200000 Cycle: 2010875 Hearbeat IPC: 2.905005 Cumulative IPC: 1.094051
Cycle: 2010875	Best offset: 111	Score: 0	Hit Rate: 0.154680
Index 1
Index 8
Index 52
Index 48
Index 44
Index 45
Index 29
Index 58
Index 21
Index 0
Index 11
Index 47
Index 55
Index 60
Index 60
Index 39
Index 10
Index 25
Index 12
Index 46
Index 46
Index 46
Index 46
Index 27
Index 48
Index 0
Index 17
Index 14
Index 14
Index 52
Index 47
Index 56
Index 1
Index 1
Index 1
Index 4
Index 6
Index 45
Index 27
Index 3
Index 55
Index 40
Index 41
Instructions Retired: 2300001 Cycle: 2048370 Hearbeat IPC: 2.667049 Cumulative IPC: 1.122844
Cycle: 2048370	Best offset: 111	Score: 0	Hit Rate: 0.162519
Index 41
Index 41
Index 48
Index 21
Instructions Retired: 2400001 Cycle: 2080427 Hearbeat IPC: 3.119443 Cumulative IPC: 1.153610
Cycle: 2080427	Best offset: 111	Score: 0	Hit Rate: 0.163548
Index 41
Index 40
Index 52
Index 47
Index 51
Index 22
Index 37
Index 42
Index 35
Index 46
Index 22
Index 34
Index 40
Index 32
Instructions Retired: 2500000 Cycle: 2112379 Hearbeat IPC: 3.129663 Cumulative IPC: 1.183500
Cycle: 2112379	Best offset: 111	Score: 0	Hit Rate: 0.165410
Index 15
Index 14
Index 7
Index 12
Index 9
Index 11
Index 63
Index 0
Index 29
Index 57
Index 8
Index 61
Index 9
Index 17
Index 59
Index 1
Index 2
Index 39
Index 42
Index 21
Index 13
Index 39
Index 10
Index 33
Index 13
Index 62
Index 4
Index 40
Index 37
Index 33
Index 54
Index 13
Index 2
Index 32
Index 44
Index 57
Index 29
Index 30
Index 26
Index 63
Index 26
Index 18
Index 40
Index 41
Index 41
Index 6
Index 62
Index 5
Index 35
Index 44
Index 35
Index 40
Index 6
Index 21
Index 7
Index 60
Index 49
Index 51
Index 29
Index 50
Index 43
Index 62
Index 1
Index 18
Index 55
Index 20
Index 36
Index 19
Index 42
Index 47
Index 41
Index 5
Index 59
Index 39
Index 4
Index 54
Index 39
Index 25
Index 42
Index 11
Index 7
Index 59
Index 54
Index 42
Index 57
Index 57
Index 43
Index 7
Index 37
Index 36
Index 47
Index 35
Index 50
Index 25
Index 4
Index 36
Index 7
Index 12
Index 17
Index 35
Index 5
Index 10
Index 29
Index 7
Index 8
Index 61
Index 21
Index 33
Index 44
Index 30
Index 62
Index 54
Index 40
Index 26
Index 44
Index 23
Index 40
Index 9
Index 31
Index 21
Index 1
Index 1
Index 2
Index 40
Index 47
Index 46
Index 60
Index 23
Index 48
Index 35
Index 44
Index 26
Index 49
Index 62
Index 8
Index 8
Index 34
Index 55
Index 10
Index 55
Index 6
Index 22
Index 6
Index 58
Index 15
Index 55
Index 15
Index 10
Index 16
Index 12
Index 14
Index 4
Index 62
Index 35
Index 38
Index 21
Index 6
Index 6
Index 46
Index 30
Index 32
Index 1
Index 55
Index 21
Index 10
Index 57
Index 0
Index 18
Index 50
Index 33
Index 6
Index 2
Index 20
Index 13
Index 24
Index 8
Index 15
Index 52
Index 26
Index 16
Index 22
Index 61
Index 13
Index 39
Index 24
Index 57
Index 59
Index 44
Index 43
Index 19
Index 55
Index 53
Instructions Retired: 2600000 Cycle: 2150061 Hearbeat IPC: 2.653787 Cumulative IPC: 1.209268
Cycle: 2150061	Best offset: 111	Score: 0	Hit Rate: 0.161677
Index 55
Index 11
Index 32
Index 53
Index 13
Index 11
Index 17
Index 32
Index 16
Index 26
Index 35
Index 29
Index 19
Index 2
Index 39
Index 40
Index 29
Index 40
Index 21
Index 7
Index 32
Index 13
Index 31
Index 63
Index 8
Index 6
Index 35
Index 56
Index 39
Index 10
Index 22
Index 62
Index 16
Index 45
Index 47
Index 37
Index 45
Index 49
Index 43
Index 1
Index 15
Index 46
Index 43
Index 6
Index 41
Index 50
Index 18
Index 52
Index 54
Index 17
Index 0
Index 30
Index 9
Index 6
Index 19
Index 21
Index 39
Index 57
Index 26
Index 54
Index 22
Index 10
Index 46
Index 34
Index 32
Index 35
Index 15
Index 60
Index 36
Index 59
Index 34
Index 14
Index 25
Index 38
Index 6
Index 19
Index 62
Index 40
Index 45
Index 28
Index 28
Index 33
Index 8
Index 40
Index 22
Index 1
Index 30
Index 47
Index 49
Index 59
Index 13
Index 6
Index 28
Index 6
Index 41
Index 52
Index 54
Index 61
Index 27
Index 37
Index 4
Index 55
Index 8
Index 46
Index 12
Index 14
Index 38
Index 7
Index 48
Index 41
Index 34
Index 4
Index 49
Index 7
Index 48
Index 2
Index 11
Index 29
Index 13
Index 47
Index 25
Index 25
Index 33
Index 11
Index 28
Index 22
Index 55
Index 33
Index 16
Index 41
Index 0
Index 34
Index 45
Index 20
Index 14
Index 52
Index 40
Index 40
Index 33
Index 58
Index 3
Index 2
Index 10
Index 11
Index 55
Index 50
Index 5
Index 32
Index 14
Index 3
Index 18
Index 44
Index 52
Index 20
Index 10
Index 25
Index 21
Index 32
Index 38
Index 46
Index 43
Index 32
Index 12
Index 20
Index 31
Index 10
Index 24
Index 34
Index 25
Index 39
Index 23
Index 59
Index 44
Index 10
Index 21
Index 50
Index 12
Index 24
Index 51
Index 0
Index 4
Index 10
Index 50
Index 31
Index 23
Index 8
Index 15
Index 53
Index 44
Index 40
Index 37
Index 44
Index 9
Index 10
Index 31
Index 36
Index 41
Index 32
Index 41
Index 31
Index 26
Index 21
Index 23
Index 32
Index 33
Index 45
Index 10
Index 14
Index 25
Index 38
Index 62
Index 47
Index 24
Index 19
Index 63
Index 24
Index 12
Index 37
Index 45
Index 19
Index 29
Index 50
Index 8
Index 55
Index 50
Index 25
Index 19
Index 55
Index 28
Index 8
Index 17
Index 7
Index 15
Index 34
Index 34
Index 10
Index 1
Index 3
Index 56
Index 10
Index 63
Index 0
Index 50
Index 52
Index 0
Index 43
Index 50
Index 40
Index 8
Index 59
Index 3
Index 37
Index 21
Index 27
Index 63
Index 41
Index 48
Index 2
Index 19
Index 16
Index 31
Index 62
Index 22
Index 15
Index 20
Index 2
Index 47
Index 44
Index 15
Index 4
Index 39
Index 3
Index 56
Index 18
Index 43
Index 29
Index 56
Index 8
Index 14
Index 0
Index 10
Index 42
Index 23
Index 9
Index 46
Index 57
Index 39
Index 25
Index 10
Index 43
Index 45
Index 19
Index 6
Index 40
Index 33
Index 3
Index 39
Index 53
Index 38
Index 21
Index 18
Index 32
Index 11
Index 31
Index 26
Index 7
Index 54
Index 11
Index 57
Index 29
Index 30
Index 8
Index 26
Index 43
Index 33
Index 5
Index 7
Index 24
Index 59
Index 62
Index 27
Index 23
Index 28
Index 13
Index 3
Index 60
Index 27
Index 45
Index 25
Index 43
Index 48
Index 28
Index 37
Index 23
Index 29
Index 63
Index 16
Index 35
Index 39
Index 34
Index 34
Index 20
Index 1
Offset switch to: 87	With score: 1
Index 50
Index 0
Index 42
Index 17
Index 43
Index 32
Index 39
Index 36
Index 52
Index 21
Index 0
Index 0
Index 9
Index 7
Index 36
Index 62
Index 10
Index 11
Index 50
Index 26
Index 52
Index 50
Index 30
Index 12
Index 2
Index 16
Index 11
Index 5
Index 10
Index 18
Index 32
Index 60
Index 44
Index 54
Index 6
Index 55
Index 17
Index 61
Index 52
Index 7
Index 46
Index 46
Index 40
Index 20
Index 28
Index 33
Index 55
Index 18
Index 59
Index 44
Index 30
Index 5
Index 60
Index 17
Index 47
Index 43
Index 36
Index 1
Index 41
Index 15
Index 19
Index 32
Index 43
Index 58
Index 45
Index 13
Index 50
Index 19
Index 33
Index 22
Index 7
Index 35
Index 24
Index 52
Index 11
Index 43
Index 33
Index 9
Index 29
Index 14
Index 54
Index 55
Index 11
Index 14
Index 42
Index 55
Index 38
Index 56
Index 1
Index 3
Index 3
Index 55
Index 50
Index 44
Index 12
Index 38
Index 63
Index 33
Index 7
Index 52
Index 23
Index 14
Index 6
Index 46
Index 38
Index 29
Index 7
Index 20
Index 7
Index 3
Index 19
Index 35
Index 40
Index 6
Index 7
Index 6
Index 40
Index 55
Index 48
Index 42
Index 8
Index 54
Index 51
Index 56
Index 13
Index 14
Index 52
Index 19
Index 55
Index 15
Index 30
Index 49
Index 27
Index 44
Index 12
Index 28
Index 14
Index 54
Index 39
Index 39
Index 32
Index 17
Index 54
Index 61
Index 22
Index 13
Index 15
Index 35
Index 23
Index 5
Index 54
Index 32
Index 15
Index 2
Index 60
Index 14
Index 18
Index 54
Index 39
Index 48
Index 34
Index 9
Index 22
Index 19
Index 8
Index 32
Index 2
Index 52
Index 29
Index 18
Index 16
Index 6
Index 9
Index 43
Index 2
Index 40
Index 5
Index 4
Index 38
Index 6
Index 18
Index 31
Index 24
Index 32
Index 18
Index 56
Index 6
Index 27
Index 24
Index 56
Index 12
Index 41
Index 39
Index 9
Index 10
Index 47
Index 46
Index 11
Index 47
Index 0
Index 6
Index 53
Index 1
Index 19
Index 56
Index 62
Index 20
Index 33
Index 29
Index 30
Index 37
Index 60
Index 34
Index 25
Index 59
Index 48
Index 3
Index 58
Index 9
Index 45
Index 60
Index 34
Index 63
Index 58
Index 58
Index 30
Index 3
Index 10
Index 55
Index 56
Index 31
Index 7
Index 31
Index 13
Index 59
Index 18
Index 8
Index 37
Index 49
Index 38
Index 35
Index 37
Index 5
Index 63
Index 34
Index 56
Index 16
Index 59
Index 4
Index 29
Index 41
Index 54
Index 42
Index 32
Index 28
Index 43
Index 53
Index 53
Index 1
Index 54
Index 23
Index 56
Index 24
Index 52
Index 16
Index 33
Index 1
Index 48
Index 11
Index 11
Index 21
Index 61
Index 31
Index 59
Index 7
Index 39
Index 52
Index 24
Index 31
Index 17
Index 12
Index 60
Index 25
Index 46
Index 30
Index 54
Index 23
Index 45
Index 23
Index 37
Index 54
Index 47
Index 18
Index 9
Index 40
Index 53
Index 26
Index 42
Index 17
Index 26
Index 6
Index 27
Index 28
Index 18
Index 46
Index 13
Index 60
Index 13
Index 33
Index 47
Index 32
Index 23
Index 33
Index 61
Index 21
Index 5
Index 10
Index 3
Index 17
Index 41
Index 1
Index 42
Index 27
Index 13
Index 20
Index 10
Index 23
Index 29
Index 13
Index 32
Index 39
Index 25
Index 14
Index 11
Index 13
Index 23
Index 30
Index 16
Index 17
Index 62
Index 61
Index 39
Index 9
Index 11
Index 61
Index 44
Index 58
Index 0
Index 48
Index 45
Index 2
Index 18
Index 33
Index 34
Index 11
Index 9
Index 24
Index 25
Index 0
Index 11
Index 13
Index 47
Index 19
Index 4
Index 7
Index 56
Index 60
Index 2
Index 52
Index 13
Index 39
Index 30
Index 47
Index 8
Index 43
Index 53
Index 15
Index 20
Index 2
Index 5
Index 7
Index 23
Index 38
Index 19
Index 23
Index 60
Index 35
Index 28
Index 40
Index 8
Index 32
Index 44
Index 53
Index 46
Index 0
Index 30
Index 23
Index 51
Index 1
Index 24
Index 17
Index 39
Index 24
Index 50
Index 4
Index 1
Index 21
Index 60
Index 19
Index 21
Index 41
Index 2
Index 23
Index 16
Index 48
Index 22
Index 37
Index 32
Index 1
Index 18
Index 47
Index 8
Index 59
Index 18
Index 54
Index 56
Index 57
Index 14
Index 62
Index 5
Index 39
Index 54
Index 50
Index 17
Index 45
Index 24
Index 3
Index 2
Index 29
Index 12
Index 8
Index 1
Index 2
Index 11
Index 37
Index 40
Index 21
Index 56
Index 18
Index 24
Index 58
Index 0
Index 29
Index 32
Index 1
Index 55
Index 19
Index 52
Index 54
Index 45
Index 1
Index 39
Index 51
Index 54
Index 26
Index 31
Index 39
Index 28
Index 26
Index 26
Index 11
Index 8
Index 53
Index 9
Index 38
Index 5
Index 27
Index 3
Index 0
Index 25
Index 26
Index 28
Index 25
Index 14
Index 28
Index 39
Index 37
Index 11
Index 7
Index 3
Index 7
Index 18
Index 39
Index 20
Index 27
Index 57
Index 50
Index 7
Index 55
Index 3
Index 4
Index 60
Index 3
Index 12
Index 32
Index 5
Index 60
Index 29
Index 24
Index 41
Index 19
Index 55
Index 11
Index 18
Index 28
Index 28
Index 43
Index 13
Index 41
Index 0
Index 27
Index 44
Index 52
Index 36
Index 26
Index 4
Index 21
Index 49
Index 33
Index 59
Index 53
Index 37
Index 18
Index 3
Index 40
Index 47
Index 51
Offset switch to: 7	With score: 1
Index 56
Index 8
Index 61
Index 33
Index 59
Index 36
Index 19
Index 63
Index 6
Index 63
Index 42
Index 61
Index 49
Index 32
Index 3
Index 15
Index 4
Index 17
Index 39
Index 56
Index 44
Index 27
Index 8
Index 47
Index 41
Index 24
Index 19
Index 9
Index 11
Index 22
Index 37
Index 52
Index 50
Index 9
Index 7
Index 24
Index 18
Index 26
Index 47
Index 53
Index 53
Index 12
Index 24
Index 31
Index 27
Index 32
Index 20
Index 16
Index 10
Index 34
Index 34
Index 60
Offset switch to: 34	With score: 1
Index 43
Index 13
Index 13
Index 51
Index 62
Index 0
Index 56
Index 11
Index 1
Index 4
Index 27
Index 42
Index 35
Index 47
Index 7
Index 61
Index 28
Index 21
Index 21
Index 23
Index 4
Index 25
Index 19
Index 31
Index 55
Index 42
Index 24
Index 20
Index 36
Index 7
Index 31
Index 63
Index 63
Index 59
Index 59
Index 5
Index 5
Index 5
Index 21
Index 21
Index 32
Index 40
Index 52
Index 4
Index 2
Index 11
Index 9
Index 9
Index 27
Index 61
Index 5
Index 5
Index 24
Index 3
Index 28
Index 31
Index 38
Index 34
Index 34
Index 43
Index 43
Index 47
Index 59
Index 28
Index 61
Index 61
Index 63
Index 47
Index 35
Index 44
Index 46
Index 47
Index 57
Index 44
Index 46
Index 3
Index 62
Index 3
Index 31
Index 37
Index 44
Index 24
Index 54
Index 62
Index 6
Index 8
Index 28
Index 31
Index 35
Index 30
Index 38
Index 37
Index 42
Index 36
Index 48
Index 52
Index 44
Index 48
Index 63
Index 55
Index 60
Index 62
Index 4
Index 29
Index 34
Index 35
Index 36
Index 40
Index 42
Index 46
Index 42
Index 60
Index 63
Index 30
Index 34
Index 38
Index 36
Index 39
Index 35
Index 43
Index 47
Index 57
Index 63
Index 3
Index 31
Index 38
Index 34
Index 38
Index 40
Index 43
Index 40
Index 61
Index 2
Index 57
Index 63
Index 3
Index 31
Index 37
Index 34
Index 37
Index 40
Index 43
Index 40
Index 58
Index 63
Index 30
Index 34
Index 36
Index 33
Index 40
Index 39
Index 60
Index 2
Index 29
Index 36
Index 41
Index 36
Index 38
Index 41
Index 38
Index 57
Index 63
Index 60
Index 2
Index 30
Index 36
Index 37
Index 36
Index 42
Index 57
Index 63
Index 31
Index 33
Index 35
Index 39
Index 15
Index 2
Index 42
Index 42
Index 11
Index 14
Index 42
Index 34
Index 31
Index 21
Index 36
Index 34
Index 57
Index 10
Index 14
Index 14
Index 61
Index 59
Index 59
Index 59
Index 57
Index 57
Index 57
Index 42
Index 22
Index 7
Index 36
Index 19
Index 45
Index 56
Index 35
Index 59
Index 17
Index 15
Index 56
Index 55
Index 31
Index 31
Index 31
Index 35
Index 30
Index 30
Index 31
Index 15
Index 15
Index 41
Instructions Retired: 2700003 Cycle: 2296612 Hearbeat IPC: 0.682377 Cumulative IPC: 1.175646
Cycle: 2296612	Best offset: 34	Score: 0	Hit Rate: 0.133837
Index 5
Index 62
Index 46
Index 9
Index 9
Index 61
Index 61
Index 61
Index 61
Index 61
Index 44
Index 9
Index 14
Index 14
Instructions Retired: 2800002 Cycle: 2328956 Hearbeat IPC: 3.091733 Cumulative IPC: 1.202256
Cycle: 2328956	Best offset: 34	Score: 0	Hit Rate: 0.135071
Index 6
Index 21
Index 17
Index 0
Index 58
Index 10
Index 19
Index 22
Index 1
Index 43
Index 58
Index 58
Index 12
Index 12
Index 12
Index 12
Index 12
Index 21
Index 17
Index 17
Index 40
Index 17
Index 17
Index 17
Index 17
Index 4
Index 57
Index 50
Index 45
Index 47
Index 35
Index 29
Index 25
Index 31
Index 49
Index 49
Index 63
Index 9
Index 14
Index 23
Index 24
Index 46
Index 22
Index 39
Index 25
Index 24
Index 24
Index 24
Index 24
Index 24
Index 35
Index 54
Index 61
Index 60
Index 57
Index 3
Index 18
Index 60
Index 60
Index 4
Index 8
Index 6
Index 1
Index 5
Index 29
Index 43
Index 18
Index 19
Index 62
Index 31
Index 8
Index 3
Index 63
Index 61
Index 60
Index 57
Index 58
Index 18
Index 63
Index 52
Index 56
Index 59
Index 57
Index 57
Index 57
Index 57
Index 58
Index 55
Index 53
Index 53
Index 14
Index 57
Index 57
Index 15
Index 34
Index 54
Index 52
Index 46
Index 3
Index 46
Index 58
Index 58
Index 49
Index 3
Index 3
Index 3
Index 15
Index 2
Index 41
Index 27
Index 0
Index 6
Index 56
Index 2
Index 6
Index 21
Index 21
Index 63
Index 31
Index 59
Index 46
Index 44
Index 44
Index 44
Index 47
Index 42
Index 48
Index 53
Index 53
Index 52
Index 52
Index 52
Index 34
Index 3
Index 3
Index 20
Index 2
Index 48
Index 38
Instructions Retired: 2900004 Cycle: 2366805 Hearbeat IPC: 2.642131 Cumulative IPC: 1.225282
Cycle: 2366805	Best offset: 34	Score: 0	Hit Rate: 0.147583
Index 31
Index 31
Index 16
Index 20
Index 4
Index 4
Index 4
Index 4
Index 4
Index 4
Index 4
Index 3
Index 2
Index 45
Index 50
Index 3
Index 47
Index 29
Index 32
Index 28
Index 4
Index 55
Index 28
Index 16
Index 16
Index 16
Index 16
Index 17
Index 17
Index 17
Index 9
Index 13
Index 18
Index 10
Index 55
Index 21
Index 41
Index 31
Index 21
Index 15
Index 15
Index 55
Index 28
Index 18
Index 15
Index 17
Index 17
Index 28
Index 58
Index 27
Index 36
Index 50
Index 48
Index 50
Index 51
Index 16
Index 26
Index 26
Index 26
Index 16
Index 23
Index 4
Index 59
Index 40
Index 54
Index 54
Index 57
Index 57
Index 56
Index 60
Index 60
Index 63
Index 59
Index 60
Index 59
Index 56
Index 56
Index 57
Index 54
Index 56
Index 56
Index 60
Index 63
Index 61
Index 48
Index 1
Index 48
Index 2
Index 48
Index 48
Index 1
Index 56
Index 46
Index 46
Index 18
Index 41
Index 45
Index 30
Index 30
Index 2
Index 54
Index 54
Instructions Retired: 3000000 Cycle: 2405021 Hearbeat IPC: 2.616600 Cumulative IPC: 1.247390
Cycle: 2405021	Best offset: 34	Score: 0	Hit Rate: 0.155894
Index 53
Index 16
Index 58
Index 13
Index 36
Index 2
Index 45
Index 36
Index 18
Index 9
Index 25
Index 42

Simulation complete. Instructions retired: 3099755 Cycles elapsed: 2437106 IPC: 1.271900

Prefetcher final stats
