
*** Data Prefetching Championship 2 Simulator ***

Warmup Instructions: 10000000
Simulation Instructions: 100000000
Scramble loads OFF
Using 1MB Last Level Cache
Using 3.2 GB/s DRAM bandwidth
Next-Line Prefetcher
Knobs visible from prefetcher: 0 0 1
Instructions Retired: 100001 Cycle: 60470 Hearbeat IPC: 1.653729 Cumulative IPC: 1.653729
Prefetcher heartbeat stats
Instructions Retired: 200000 Cycle: 96633 Hearbeat IPC: 2.765230 Cumulative IPC: 2.069686
Prefetcher heartbeat stats
Instructions Retired: 300003 Cycle: 131353 Hearbeat IPC: 2.880271 Cumulative IPC: 2.283945
Prefetcher heartbeat stats
Instructions Retired: 400002 Cycle: 163621 Hearbeat IPC: 3.099015 Cumulative IPC: 2.444686
Prefetcher heartbeat stats
Instructions Retired: 500000 Cycle: 708004 Hearbeat IPC: 0.183691 Cumulative IPC: 0.706211
Prefetcher heartbeat stats
Instructions Retired: 600001 Cycle: 1052443 Hearbeat IPC: 0.290330 Cumulative IPC: 0.570103
Prefetcher heartbeat stats
Instructions Retired: 700001 Cycle: 1095277 Hearbeat IPC: 2.334594 Cumulative IPC: 0.639109
Prefetcher heartbeat stats
Instructions Retired: 800000 Cycle: 1130730 Hearbeat IPC: 2.820608 Cumulative IPC: 0.707508
Prefetcher heartbeat stats
Instructions Retired: 900001 Cycle: 1165816 Hearbeat IPC: 2.850168 Cumulative IPC: 0.771992
Prefetcher heartbeat stats
Instructions Retired: 1000002 Cycle: 1198010 Hearbeat IPC: 3.106200 Cumulative IPC: 0.834719
Prefetcher heartbeat stats
Instructions Retired: 1100000 Cycle: 1230472 Hearbeat IPC: 3.080463 Cumulative IPC: 0.893966
Prefetcher heartbeat stats
Instructions Retired: 1200000 Cycle: 1381956 Hearbeat IPC: 0.660136 Cumulative IPC: 0.868334
Prefetcher heartbeat stats
Instructions Retired: 1300001 Cycle: 1555920 Hearbeat IPC: 0.574837 Cumulative IPC: 0.835519
Prefetcher heartbeat stats
Instructions Retired: 1400000 Cycle: 1593239 Hearbeat IPC: 2.679573 Cumulative IPC: 0.878713
Prefetcher heartbeat stats
Instructions Retired: 1500001 Cycle: 1627767 Hearbeat IPC: 2.896229 Cumulative IPC: 0.921508
Prefetcher heartbeat stats
Instructions Retired: 1600000 Cycle: 1664124 Hearbeat IPC: 2.750474 Cumulative IPC: 0.961467
Prefetcher heartbeat stats
Instructions Retired: 1700000 Cycle: 1696217 Hearbeat IPC: 3.115944 Cumulative IPC: 1.002230
Prefetcher heartbeat stats
Instructions Retired: 1800000 Cycle: 1728667 Hearbeat IPC: 3.081664 Cumulative IPC: 1.041265
Prefetcher heartbeat stats
Instructions Retired: 1900001 Cycle: 1840394 Hearbeat IPC: 0.895048 Cumulative IPC: 1.032388
Prefetcher heartbeat stats
Instructions Retired: 2000004 Cycle: 2044838 Hearbeat IPC: 0.489146 Cumulative IPC: 0.978075
Prefetcher heartbeat stats
Instructions Retired: 2100001 Cycle: 2080309 Hearbeat IPC: 2.819120 Cumulative IPC: 1.009466
Prefetcher heartbeat stats
Instructions Retired: 2200000 Cycle: 2115566 Hearbeat IPC: 2.836288 Cumulative IPC: 1.039911
Prefetcher heartbeat stats
Instructions Retired: 2300001 Cycle: 2151903 Hearbeat IPC: 2.752043 Cumulative IPC: 1.068822
Prefetcher heartbeat stats
Instructions Retired: 2400001 Cycle: 2183965 Hearbeat IPC: 3.118957 Cumulative IPC: 1.098919
Prefetcher heartbeat stats
Instructions Retired: 2500000 Cycle: 2216360 Hearbeat IPC: 3.086865 Cumulative IPC: 1.127976
Prefetcher heartbeat stats
Instructions Retired: 2600000 Cycle: 2290917 Hearbeat IPC: 1.341256 Cumulative IPC: 1.134917
Prefetcher heartbeat stats
Instructions Retired: 2700003 Cycle: 2595698 Hearbeat IPC: 0.328114 Cumulative IPC: 1.040184
Prefetcher heartbeat stats
Instructions Retired: 2800001 Cycle: 2628908 Hearbeat IPC: 3.011081 Cumulative IPC: 1.065081
Prefetcher heartbeat stats
Instructions Retired: 2900004 Cycle: 2669895 Hearbeat IPC: 2.439871 Cumulative IPC: 1.086187
Prefetcher heartbeat stats
Instructions Retired: 3000000 Cycle: 2707125 Hearbeat IPC: 2.685899 Cumulative IPC: 1.108187
Prefetcher heartbeat stats

Simulation complete. Instructions retired: 3099755 Cycles elapsed: 2739305 IPC: 1.131584

Prefetcher final stats
