
*** Data Prefetching Championship 2 Simulator ***

Warmup Instructions: 0
Simulation Instructions: 100000000
Scramble loads OFF
Using 1MB Last Level Cache
Using 3.2 GB/s DRAM bandwidth
No Prefetching
Knobs visible from prefetcher: 0 0 1

Warmup complete. Instructions retired: 1 Cycles elapsed: 2 IPC: 0.500000
Prefetcher warmup complete stats

Instructions Retired: 100001 Cycle: 61270 Hearbeat IPC: 1.632136 Cumulative IPC: 1.632136
Prefetcher heartbeat stats
Instructions Retired: 200000 Cycle: 99490 Hearbeat IPC: 2.616405 Cumulative IPC: 2.010252
Prefetcher heartbeat stats
Instructions Retired: 300003 Cycle: 134134 Hearbeat IPC: 2.886589 Cumulative IPC: 2.236592
Prefetcher heartbeat stats
Instructions Retired: 400002 Cycle: 166290 Hearbeat IPC: 3.109808 Cumulative IPC: 2.405448
Prefetcher heartbeat stats
Instructions Retired: 500000 Cycle: 469138 Hearbeat IPC: 0.330192 Cumulative IPC: 1.065784
Prefetcher heartbeat stats
Instructions Retired: 600001 Cycle: 669594 Hearbeat IPC: 0.498868 Cumulative IPC: 0.896067
Prefetcher heartbeat stats
Instructions Retired: 700001 Cycle: 712492 Hearbeat IPC: 2.331111 Cumulative IPC: 0.982469
Prefetcher heartbeat stats
Instructions Retired: 800000 Cycle: 747819 Hearbeat IPC: 2.830668 Cumulative IPC: 1.069778
Prefetcher heartbeat stats
Instructions Retired: 900001 Cycle: 784171 Hearbeat IPC: 2.750908 Cumulative IPC: 1.147710
Prefetcher heartbeat stats
Instructions Retired: 1000002 Cycle: 816433 Hearbeat IPC: 3.099653 Cumulative IPC: 1.224843
Prefetcher heartbeat stats
Instructions Retired: 1100000 Cycle: 848358 Hearbeat IPC: 3.132279 Cumulative IPC: 1.296622
Prefetcher heartbeat stats
Instructions Retired: 1200000 Cycle: 902906 Hearbeat IPC: 1.833248 Cumulative IPC: 1.329042
Prefetcher heartbeat stats
Instructions Retired: 1300001 Cycle: 963530 Hearbeat IPC: 1.649528 Cumulative IPC: 1.349207
Prefetcher heartbeat stats
Instructions Retired: 1400000 Cycle: 997596 Hearbeat IPC: 2.935449 Cumulative IPC: 1.403374
Prefetcher heartbeat stats
Instructions Retired: 1500001 Cycle: 1031735 Hearbeat IPC: 2.929230 Cumulative IPC: 1.453863
Prefetcher heartbeat stats
Instructions Retired: 1600000 Cycle: 1069300 Hearbeat IPC: 2.662026 Cumulative IPC: 1.496306
Prefetcher heartbeat stats
Instructions Retired: 1700000 Cycle: 1101229 Hearbeat IPC: 3.131949 Cumulative IPC: 1.543730
Prefetcher heartbeat stats
Instructions Retired: 1800000 Cycle: 1133248 Hearbeat IPC: 3.123146 Cumulative IPC: 1.588355
Prefetcher heartbeat stats
Instructions Retired: 1900001 Cycle: 1173096 Hearbeat IPC: 2.509561 Cumulative IPC: 1.619647
Prefetcher heartbeat stats
Instructions Retired: 2000004 Cycle: 1224678 Hearbeat IPC: 1.938719 Cumulative IPC: 1.633086
Prefetcher heartbeat stats
Instructions Retired: 2100001 Cycle: 1257964 Hearbeat IPC: 3.004176 Cumulative IPC: 1.669365
Prefetcher heartbeat stats
Instructions Retired: 2200000 Cycle: 1292387 Hearbeat IPC: 2.905005 Cumulative IPC: 1.702276
Prefetcher heartbeat stats
Instructions Retired: 2300001 Cycle: 1329882 Hearbeat IPC: 2.667049 Cumulative IPC: 1.729478
Prefetcher heartbeat stats
Instructions Retired: 2400001 Cycle: 1361939 Hearbeat IPC: 3.119443 Cumulative IPC: 1.762194
Prefetcher heartbeat stats
Instructions Retired: 2500000 Cycle: 1393891 Hearbeat IPC: 3.129663 Cumulative IPC: 1.793540
Prefetcher heartbeat stats
Instructions Retired: 2600000 Cycle: 1430446 Hearbeat IPC: 2.735604 Cumulative IPC: 1.817615
Prefetcher heartbeat stats
Instructions Retired: 2700003 Cycle: 1556831 Hearbeat IPC: 0.791257 Cumulative IPC: 1.734294
Prefetcher heartbeat stats
Instructions Retired: 2800002 Cycle: 1588961 Hearbeat IPC: 3.112325 Cumulative IPC: 1.762159
Prefetcher heartbeat stats
Instructions Retired: 2900004 Cycle: 1625284 Hearbeat IPC: 2.753132 Cumulative IPC: 1.784306
Prefetcher heartbeat stats
Instructions Retired: 3000000 Cycle: 1663474 Hearbeat IPC: 2.618382 Cumulative IPC: 1.803455
Prefetcher heartbeat stats

Simulation complete. Instructions retired: 3099754 Cycles elapsed: 1695505 IPC: 1.828219

Prefetcher final stats
