
*** Data Prefetching Championship 2 Simulator ***

Warmup Instructions: 10000000
Simulation Instructions: 100000000
Scramble loads OFF
Using 256KB Last Level Cache
Using 12.8 GB/s DRAM bandwidth
Knobs visible from prefetcher: 0 1 0
Resetting history queue.
Resetting offset table
Setting initial offset to 1
Tag offset: 6
Ressetting hit rate
Index 2
Index 31
Index 11
Index 13
Index 22
Index 60
Index 21
Index 45
Index 16
Index 17
Index 8
Index 1
Index 40
Index 12
Index 1
Index 49
Index 27
Index 21
Index 42
Index 18
Index 38
Index 33
Index 19
Index 16
Index 4
Index 34
Index 30
Index 45
Index 37
Index 35
Index 44
Index 18
Index 22
Index 42
Index 11
Index 15
Index 36
Index 4
Index 56
Index 55
Index 13
Index 54
Index 30
Index 31
Index 49
Index 9
Index 60
Index 1
Index 60
Index 18
Index 10
Index 35
Instructions Retired: 100001 Cycle: 38326 Hearbeat IPC: 2.609221 Cumulative IPC: 2.609221
Cycle: 38326	Best offset: 1	Score: 0	Hit Rate: 0.628083
Index 57
Index 56
Index 63
Index 63
Index 13
Index 27
Index 27
Index 0
Index 28
Index 14
Index 25
Index 43
Index 63
Index 3
Index 13
Index 12
Index 26
Index 4
Index 52
Index 54
Index 16
Index 41
Index 11
Index 43
Index 42
Index 18
Index 18
Index 35
Index 58
Index 53
Index 28
Index 6
Index 54
Index 11
Index 18
Index 11
Index 34
Index 9
Index 28
Index 11
Index 61
Index 18
Index 16
Index 3
Index 3
Index 42
Index 55
Index 35
Index 34
Index 21
Index 61
Index 31
Index 29
Index 11
Index 42
Index 40
Index 49
Index 58
Index 27
Instructions Retired: 200002 Cycle: 67288 Hearbeat IPC: 3.452835 Cumulative IPC: 2.972328
Cycle: 67288	Best offset: 1	Score: 0	Hit Rate: 0.782946
Index 4
Index 4
Index 50
Index 7
Index 17
Index 2
Index 13
Index 23
Index 4
Index 31
Index 25
Index 13
Index 16
Index 14
Index 25
Index 53
Index 60
Index 55
Index 50
Index 56
Index 29
Index 27
Index 19
Index 18
Index 44
Index 32
Index 28
Index 34
Index 31
Index 23
Index 38
Index 26
Index 26
Index 46
Index 17
Index 4
Index 15
Index 1
Index 1
Index 46
Index 18
Index 61
Index 5
Index 7
Index 6
Index 48
Index 1
Index 61
Index 44
Index 14
Index 23
Index 23
Index 15
Index 22
Index 55
Index 30
Index 28
Instructions Retired: 300001 Cycle: 95831 Hearbeat IPC: 3.503451 Cumulative IPC: 3.130522
Cycle: 95831	Best offset: 1	Score: 0	Hit Rate: 0.846755
Index 63
Index 56
Index 54
Index 45
Index 43
Index 57
Index 35
Index 11
Index 11
Index 43
Index 32
Index 62
Index 36
Index 36
Index 49
Index 57
Index 29
Index 40
Index 6
Index 13
Index 32
Index 47
Index 46
Index 15
Index 39
Index 54
Index 5
Index 47
Index 8
Index 63
Index 11
Index 14
Index 42
Index 7
Index 43
Index 56
Index 30
Index 14
Index 16
Index 56
Index 52
Index 42
Index 43
Index 57
Index 10
Index 21
Index 14
Index 47
Index 63
Index 61
Index 58
Index 53
Index 58
Index 2
Index 58
Index 22
Index 31
Index 31
Index 5
Index 9
Instructions Retired: 400000 Cycle: 124545 Hearbeat IPC: 3.482587 Cumulative IPC: 3.211691
Cycle: 124545	Best offset: 1	Score: 0	Hit Rate: 0.880851
Index 30
Index 59
Index 59
Index 29
Index 61
Index 63
Index 17
Index 15
Index 13
Index 15
Index 18
Index 63
Index 45
Index 28
Index 9
Index 6
Index 6
Index 28
Index 60
Index 26
Index 28
Index 30
Index 28
Index 29
Index 35
Index 60
Index 18
Index 42
Index 46
Index 44
Index 37
Index 32
Index 61
Index 36
Index 54
Index 56
Index 24
Index 48
Index 33
Index 48
Index 38
Index 28
Index 4
Index 63
Index 44
Index 57
Index 57
Index 27
Index 6
Index 22
Index 23
Index 12
Index 25
Index 18
Index 25
Index 20
Index 61
Index 15
Instructions Retired: 500003 Cycle: 153246 Hearbeat IPC: 3.484304 Cumulative IPC: 3.262748
Cycle: 153246	Best offset: 1	Score: 0	Hit Rate: 0.902874
Index 23
Index 18
Index 60
Index 46
Index 15
Index 62
Index 30
Index 8
Index 8
Index 41
Index 7
Index 54
Index 12
Index 27
Index 29
Index 29
Index 47
Index 17
Index 11
Index 5
Index 8
Index 0
Index 1
Index 1
Index 46
Index 23
Index 15
Index 59
Index 27
Index 14
Index 8
Index 57
Index 4
Index 41
Index 37
Index 3
Index 0
Index 45
Index 51
Index 26
Index 14
Index 14
Index 16
Index 16
Index 2
Index 2
Index 52
Index 26
Index 48
Index 24
Index 58
Index 20
Index 25
Index 58
Index 28
Index 34
Index 23
Index 10
Index 35
Index 57
Index 48
Index 4
Index 21
Index 40
Instructions Retired: 600001 Cycle: 182047 Hearbeat IPC: 3.472032 Cumulative IPC: 3.295858
Cycle: 182047	Best offset: 1	Score: 0	Hit Rate: 0.917647
Index 36
Index 17
Index 49
Index 2
Index 5
Index 5
Index 51
Index 42
Index 16
Index 24
Index 37
Index 50
Index 24
Index 33
Index 27
Index 43
Index 14
Index 41
Index 36
Index 51
Index 51
Index 10
Index 33
Index 56
Index 56
Index 18
Index 14
Index 44
Index 62
Index 29
Index 2
Index 12
Index 61
Index 13
Index 19
Index 19
Index 38
Index 10
Index 15
Index 59
Index 45
Index 36
Index 62
Index 37
Index 57
Index 34
Index 12
Instructions Retired: 700000 Cycle: 210877 Hearbeat IPC: 3.468574 Cumulative IPC: 3.319471
Cycle: 210877	Best offset: 1	Score: 0	Hit Rate: 0.928701
Index 22
Index 22
Index 56
Index 21
Index 29
Index 6
Index 6
Index 63
Index 44
Index 55
Index 55
Index 38
Index 4
Index 9
Index 9
Index 32
Index 32
Index 19
Index 8
Index 8
Index 32
Index 62
Index 33
Index 63
Index 27
Index 32
Index 12
Index 6
Index 2
Index 23
Index 15
Index 4
Index 55
Index 31
Index 52
Index 51
Index 51
Index 59
Index 30
Index 31
Index 7
Index 63
Instructions Retired: 800001 Cycle: 239562 Hearbeat IPC: 3.486177 Cumulative IPC: 3.339432
Cycle: 239562	Best offset: 1	Score: 0	Hit Rate: 0.936239
Index 45
Index 55
Index 55
Index 25
Index 26
Index 17
Index 18
Index 38
Index 38
Index 18
Index 52
Index 52
Index 24
Index 30
Index 31
Index 59
Index 30
Index 3
Index 56
Index 56
Index 56
Index 50
Index 29
Index 58
Index 30
Index 4
Index 63
Index 2
Index 53
Index 27
Index 32
Index 5
Index 50
Index 24
Instructions Retired: 900003 Cycle: 268403 Hearbeat IPC: 3.467355 Cumulative IPC: 3.353178
Cycle: 268403	Best offset: 1	Score: 0	Hit Rate: 0.941854
Index 1
Index 41
Index 41
Index 15
Index 14
Index 43
Index 62
Index 62
Index 36
Index 2
Index 31
Index 15
Index 3
Index 4
Index 5
Index 2
Index 29
Index 53
Index 21
Index 8
Index 5
Index 17
Index 17
Index 12
Index 25
Index 10
Index 11
Index 1
Index 3
Index 39
Index 44
Index 14
Index 25
Index 1
Index 53
Index 16
Index 32
Index 32
Index 51
Index 17
Index 41
Index 41
Index 44
Instructions Retired: 1000004 Cycle: 297180 Hearbeat IPC: 3.475032 Cumulative IPC: 3.364977
Cycle: 297180	Best offset: 1	Score: 0	Hit Rate: 0.946986
Index 51
Index 19
Index 19
Index 32
Index 22
Index 5
Index 5
Index 3
Index 61
Index 63
Index 17
Index 14
Index 23
Index 23
Index 12
Index 10
Index 63
Index 3
Index 22
Index 3
Index 0
Index 30
Index 35
Index 14
Index 14
Index 27
Index 27
Index 17
Index 59
Index 27
Index 48
Index 9
Index 10
Index 29
Index 27
Index 15
Index 52
Instructions Retired: 1100000 Cycle: 326069 Hearbeat IPC: 3.461387 Cumulative IPC: 3.373519
Cycle: 326069	Best offset: 1	Score: 0	Hit Rate: 0.950885
Index 24
Index 48
Index 48
Index 30
Index 37
Index 56
Index 39
Index 37
Index 35
Index 29
Index 7
Index 43
Index 11
Index 20
Index 20
Index 0
Index 60
Index 36
Index 55
Index 55
Index 60
Index 48
Index 31
Index 10
Index 27
Index 32
Index 45
Index 11
Index 47
Index 49
Index 6
Index 52
Index 35
Index 1
Index 2
Index 60
Index 29
Index 53
Index 0
Index 48
Index 21
Index 39
Instructions Retired: 1200002 Cycle: 354947 Hearbeat IPC: 3.462913 Cumulative IPC: 3.380792
Cycle: 354947	Best offset: 1	Score: 0	Hit Rate: 0.954175
Index 39
Index 54
Index 17
Index 3
Index 6
Index 17
Index 8
Index 21
Index 38
Index 0
Index 23
Index 19
Index 3
Index 17
Index 17
Index 30
Index 1
Index 4
Index 4
Index 23
Index 22
Index 15
Index 54
Index 54
Index 16
Index 48
Index 4
Index 46
Index 42
Index 2
Index 2
Index 41
Index 42
Index 5
Instructions Retired: 1300000 Cycle: 383863 Hearbeat IPC: 3.458224 Cumulative IPC: 3.386625
Cycle: 383863	Best offset: 1	Score: 0	Hit Rate: 0.957006
Index 18
Index 37
Index 9
Index 5
Index 61
Index 46
Index 19
Index 19
Index 29
Index 3
Index 11
Index 27
Index 32
Index 45
Index 34
Index 10
Index 7
Index 14
Index 34
Index 15
Index 60
Index 47
Index 13
Index 38
Index 9
Index 16
Index 16
Index 0
Index 1
Index 56
Index 63
Index 32
Index 32
Index 38
Index 2
Index 5
Index 16
Index 8
Index 8
Index 28
Index 7
Index 47
Index 57
Instructions Retired: 1400005 Cycle: 413016 Hearbeat IPC: 3.430350 Cumulative IPC: 3.389711
Cycle: 413016	Best offset: 1	Score: 0	Hit Rate: 0.959565
Index 4
Index 58
Index 58
Index 36
Index 40
Index 52
Index 32
Index 20
Index 52
Index 33
Index 32
Index 14
Index 22
Index 17
Index 47
Index 19
Index 19
Index 9
Index 1
Index 17
Index 52
Index 24
Index 17
Index 37
Index 15
Index 35
Index 44
Index 53
Index 37
Index 37
Index 18
Index 50
Index 58
Index 3
Index 58
Index 2
Instructions Retired: 1500000 Cycle: 441959 Hearbeat IPC: 3.454894 Cumulative IPC: 3.393980
Cycle: 441959	Best offset: 1	Score: 0	Hit Rate: 0.961658
Index 46
Index 41
Index 44
Index 44
Index 41
Index 21
Index 29
Index 3
Index 31
Index 20
Index 8
Index 57
Index 55
Index 22
Index 33
Index 38
Index 3
Index 39
Index 24
Index 0
Index 16
Index 11
Index 0
Index 60
Index 42
Index 4
Index 24
Index 39
Index 32
Index 4
Instructions Retired: 1600005 Cycle: 470712 Hearbeat IPC: 3.478072 Cumulative IPC: 3.399117
Cycle: 470712	Best offset: 1	Score: 0	Hit Rate: 0.963703
Index 14
Index 39
Index 35
Index 29
Index 7
Index 7
Index 4
Index 10
Index 29
Index 12
Index 20
Index 4
Index 60
Index 60
Index 36
Index 40
Index 55
Index 21
Index 3
Index 32
Index 20
Index 52
Index 33
Index 32
Index 52
Index 0
Index 42
Index 10
Index 43
Index 19
Index 29
Index 52
Index 49
Index 51
Index 51
Index 35
Index 48
Index 48
Index 39
Instructions Retired: 1700002 Cycle: 499703 Hearbeat IPC: 3.449243 Cumulative IPC: 3.402025
Cycle: 499703	Best offset: 1	Score: 0	Hit Rate: 0.965583
Index 48
Index 23
Index 46
Index 7
Index 30
Index 62
Index 13
Index 13
Index 56
Index 62
Index 36
Index 30
Index 31
Index 7
Index 7
Index 25
Index 53
Index 50
Index 14
Index 20
Index 20
Index 9
Index 53
Index 10
Index 10
Index 48
Index 7
Index 14
Index 16
Index 20
Index 6
Index 45
Index 51
Instructions Retired: 1800001 Cycle: 528473 Hearbeat IPC: 3.475808 Cumulative IPC: 3.406042
Cycle: 528473	Best offset: 1	Score: 0	Hit Rate: 0.967262
Index 9
Index 9
Index 35
Index 30
Index 29
Index 25
Index 25
Index 57
Index 20
Index 23
Index 2
Index 28
Index 20
Index 11
Index 32
Index 25
Index 14
Index 51
Index 45
Index 32
Index 33
Index 52
Index 19
Index 19
Index 18
Index 0
Index 37
Index 38
Index 63
Instructions Retired: 1900001 Cycle: 557113 Hearbeat IPC: 3.491620 Cumulative IPC: 3.410441
Cycle: 557113	Best offset: 1	Score: 0	Hit Rate: 0.968720
Index 23
Index 23
Index 55
Index 62
Index 37
Index 14
Index 28
Index 31
Index 57
Index 1
Index 33
Index 17
Index 15
Index 14
Index 15
Index 6
Index 50
Index 8
Index 13
Index 59
Index 55
Index 6
Index 11
Index 47
Index 22
Index 43
Index 11
Index 55
Index 41
Index 24
Index 45
Index 39
Index 36
Index 36
Index 50
Index 34
Index 28
Index 28
Index 35
Index 42
Index 42
Index 1
Instructions Retired: 2000005 Cycle: 585918 Hearbeat IPC: 3.471758 Cumulative IPC: 3.413455
Cycle: 585918	Best offset: 1	Score: 0	Hit Rate: 0.970118
Index 14
Index 3
Index 7
Index 43
Index 4
Index 3
Index 50
Index 20
Index 1
Index 1
Index 24
Index 24
Index 5
Index 11
Index 29
Index 33
Index 31
Index 55
Index 29
Index 53
Index 62
Index 55
Index 1
Index 5
Index 23
Index 2
Index 10
Index 10
Index 8
Index 51
Index 19
Index 58
Index 26
Index 60
Index 60
Index 48
Index 0
Index 18
Index 20
Index 59
Index 59
Index 54
Index 54
Instructions Retired: 2100001 Cycle: 615010 Hearbeat IPC: 3.437234 Cumulative IPC: 3.414580
Cycle: 615010	Best offset: 1	Score: 0	Hit Rate: 0.971317
Index 47
Index 15
Index 19
Index 15
Index 60
Index 16
Index 54
Index 22
Index 16
Index 16
Index 42
Index 38
Index 17
Index 16
Index 34
Index 50
Index 7
Index 7
Index 35
Index 25
Index 8
Index 14
Index 39
Index 58
Index 56
Index 56
Index 16
Index 45
Index 2
Index 14
Index 17
Index 60
Index 20
Index 23
Index 23
Index 25
Index 52
Index 37
Index 15
Index 9
Index 54
Index 34
Index 50
Index 34
Index 37
Index 49
Index 49
Instructions Retired: 2200005 Cycle: 644034 Hearbeat IPC: 3.445562 Cumulative IPC: 3.415977
Cycle: 644034	Best offset: 1	Score: 0	Hit Rate: 0.972556
Index 14
Index 58
Index 34
Index 52
Index 52
Index 23
Index 24
Index 8
Index 11
Index 51
Index 45
Index 39
Index 30
Index 3
Index 58
Index 51
Index 13
Index 43
Index 30
Index 41
Index 41
Index 24
Index 29
Index 24
Index 35
Index 43
Index 28
Index 0
Index 34
Index 0
Index 33
Index 8
Index 8
Instructions Retired: 2300004 Cycle: 672886 Hearbeat IPC: 3.465930 Cumulative IPC: 3.418118
Cycle: 672886	Best offset: 1	Score: 0	Hit Rate: 0.973649
Index 25
Index 3
Index 5
Index 5
Index 55
Index 1
Index 50
Index 9
Index 38
Index 38
Index 7
Index 52
Index 18
Index 34
Index 60
Index 20
Index 14
Index 14
Index 26
Index 26
Index 56
Index 21
Index 9
Index 15
Index 45
Index 63
Index 40
Index 36
Index 35
Instructions Retired: 2400002 Cycle: 701922 Hearbeat IPC: 3.443932 Cumulative IPC: 3.419186
Cycle: 701922	Best offset: 1	Score: 0	Hit Rate: 0.974549
Index 21
Index 27
Index 28
Index 33
Index 40
Index 63
Index 28
Index 45
Index 19
Index 52
Index 1
Index 12
Index 12
Index 50
Index 17
Index 0
Index 63
Index 5
Index 55
Index 44
Index 21
Index 8
Index 5
Index 9
Index 40
Index 40
Index 2
Index 49
Index 24
Index 4
Index 3
Index 7
Index 7
Index 11
Index 19
Index 19
Instructions Retired: 2500003 Cycle: 731823 Hearbeat IPC: 3.344403 Cumulative IPC: 3.416131
Cycle: 731823	Best offset: 1	Score: 0	Hit Rate: 0.974691
Index 25
Index 27
Index 3
Index 45
Index 24
Index 12
Index 28
Index 26
Index 4
Index 4
Index 3
Index 49
Index 25
Index 31
Index 17
Index 4
Index 4
Index 21
Index 20
Index 9
Index 14
Index 0
Index 51
Index 26
Index 53
Index 4
Index 3
Index 18
Index 5
Index 44
Index 10
Index 33
Index 32
Index 9
Index 35
Index 30
Index 29
Index 61
Index 23
Index 54
Index 8
Index 6
Index 23
Index 58
Index 28
Index 34
Index 15
Index 63
Instructions Retired: 2600000 Cycle: 760657 Hearbeat IPC: 3.468024 Cumulative IPC: 3.418098
Cycle: 760657	Best offset: 1	Score: 0	Hit Rate: 0.975705
Index 20
Index 57
Index 0
Index 3
Index 3
Index 6
Index 6
Index 0
Index 47
Index 35
Index 14
Index 1
Index 26
Index 11
Index 25
Index 13
Index 21
Index 14
Index 1
Index 1
Index 22
Index 1
Index 25
Index 27
Index 50
Index 17
Index 18
Index 21
Index 54
Index 26
Index 21
Index 46
Index 2
Index 16
Index 0
Index 62
Index 49
Index 48
Index 18
Index 1
Index 1
Index 41
Index 6
Index 47
Index 31
Index 12
Index 19
Index 45
Index 29
Index 56
Instructions Retired: 2700002 Cycle: 789516 Hearbeat IPC: 3.465193 Cumulative IPC: 3.419819
Cycle: 789516	Best offset: 1	Score: 0	Hit Rate: 0.976675
Index 14
Index 26
Index 32
Index 1
Index 1
Index 57
Index 6
Index 4
Index 6
Index 31
Index 57
Index 20
Index 13
Index 13
Index 35
Index 8
Index 51
Index 33
Index 8
Index 44
Index 27
Index 54
Index 50
Index 48
Index 41
Index 40
Index 16
Index 32
Index 42
Index 43
Index 44
Index 2
Index 2
Index 2
Index 31
Index 39
Index 37
Index 43
Index 39
Index 32
Index 18
Index 27
Index 21
Instructions Retired: 2800000 Cycle: 818265 Hearbeat IPC: 3.478312 Cumulative IPC: 3.421874
Cycle: 818265	Best offset: 1	Score: 0	Hit Rate: 0.977532
Index 33
Index 42
Index 60
Index 32
Index 38
Index 44
Index 8
Index 8
Index 56
Index 21
Index 5
Index 15
Index 5
Index 5
Index 2
Index 58
Index 54
Index 37
Index 18
Index 21
Index 12
Index 20
Index 4
Index 23
Index 4
Index 56
Index 9
Index 9
Index 7
Index 53
Index 60
Index 1
Index 6
Index 0
Instructions Retired: 2900000 Cycle: 847142 Hearbeat IPC: 3.462964 Cumulative IPC: 3.423275
Cycle: 847142	Best offset: 1	Score: 0	Hit Rate: 0.978210
Index 17
Index 35
Index 33
Index 8
Index 8
Index 4
Index 38
Index 25
Index 0
Index 18
Index 27
Index 2
Index 42
Index 15
Index 47
Index 48
Index 51
Index 51
Index 44
Index 49
Index 47
Index 60
Index 58
Index 9
Index 23
Index 50
Index 38
Instructions Retired: 3000002 Cycle: 875939 Hearbeat IPC: 3.472653 Cumulative IPC: 3.424898
Cycle: 875939	Best offset: 1	Score: 0	Hit Rate: 0.978825
Index 12
Index 13
Index 25
Index 21
Index 2
Index 63
Index 63
Index 17
Index 42
Index 42
Index 20
Index 18
Index 60
Index 59
Index 3
Index 18
Index 38
Index 20
Index 62
Index 62
Index 56
Index 56
Index 17
Index 30
Index 42
Index 63
Index 34
Index 41
Index 60
Index 14
Index 42
Index 16
Index 41

Simulation complete. Instructions retired: 3099758 Cycles elapsed: 904832 IPC: 3.425783

Prefetcher final stats
