
*** Data Prefetching Championship 2 Simulator ***

Warmup Instructions: 10000000
Simulation Instructions: 100000000
Scramble loads OFF
Using 256KB Last Level Cache
Using 12.8 GB/s DRAM bandwidth
ISB Lite, size: 170176 bits = 20.773438 KB
Knobs visible from prefetcher: 0 1 0
  add to prefetch queue
  add to prefetch queue
  add to prefetch queue
  add to prefetch queue
  add to prefetch queue
  add to prefetch queue
  add to prefetch queue
  add to prefetch queue
  add to prefetch queue
  add to prefetch queue
  add to prefetch queue
Instructions Retired: 100001 Cycle: 38630 Hearbeat IPC: 2.588688 Cumulative IPC: 2.588688
Prefetcher heartbeat stats
  add to prefetch queue
  add to prefetch queue
  add to prefetch queue
  add to prefetch queue
  add to prefetch queue
  add to prefetch queue
  add to prefetch queue
  add to prefetch queue
  add to prefetch queue
  add to prefetch queue
  add to prefetch queue
  add to prefetch queue
  add to prefetch queue
  add to prefetch queue
  add to prefetch queue
Instructions Retired: 200004 Cycle: 67378 Hearbeat IPC: 3.478607 Cumulative IPC: 2.968387
Prefetcher heartbeat stats
  add to prefetch queue
  add to prefetch queue
  add to prefetch queue
  add to prefetch queue
  add to prefetch queue
  add to prefetch queue
  add to prefetch queue
  add to prefetch queue
  add to prefetch queue
  add to prefetch queue
  add to prefetch queue
  add to prefetch queue
  add to prefetch queue
  add to prefetch queue
Instructions Retired: 300003 Cycle: 95720 Hearbeat IPC: 3.528297 Cumulative IPC: 3.134173
Prefetcher heartbeat stats
  add to prefetch queue
  add to prefetch queue
  add to prefetch queue
  add to prefetch queue
  add to prefetch queue
  add to prefetch queue
  add to prefetch queue
  add to prefetch queue
  add to prefetch queue
  add to prefetch queue
  add to prefetch queue
  add to prefetch queue
  add to prefetch queue
  add to prefetch queue
  add to prefetch queue
Instructions Retired: 400000 Cycle: 124285 Hearbeat IPC: 3.500683 Cumulative IPC: 3.218409
Prefetcher heartbeat stats
  add to prefetch queue
  add to prefetch queue
  add to prefetch queue
  add to prefetch queue
  add to prefetch queue
  add to prefetch queue
  add to prefetch queue
  add to prefetch queue
  add to prefetch queue
  add to prefetch queue
  add to prefetch queue
  add to prefetch queue
  add to prefetch queue
  add to prefetch queue
  add to prefetch queue
  add to prefetch queue
  add to prefetch queue
  add to prefetch queue
  add to prefetch queue
  add to prefetch queue
Instructions Retired: 500003 Cycle: 152776 Hearbeat IPC: 3.509986 Cumulative IPC: 3.272785
Prefetcher heartbeat stats
  add to prefetch queue
  add to prefetch queue
  add to prefetch queue
  add to prefetch queue
  add to prefetch queue
  add to prefetch queue
  add to prefetch queue
  add to prefetch queue
  add to prefetch queue
  add to prefetch queue
  add to prefetch queue
  add to prefetch queue
  add to prefetch queue
  add to prefetch queue
  add to prefetch queue
  add to prefetch queue
  add to prefetch queue
  add to prefetch queue
  add to prefetch queue
  add to prefetch queue
  add to prefetch queue
  add to prefetch queue
Instructions Retired: 600001 Cycle: 181401 Hearbeat IPC: 3.493380 Cumulative IPC: 3.307595
Prefetcher heartbeat stats
  add to prefetch queue
  add to prefetch queue
  add to prefetch queue
  add to prefetch queue
  add to prefetch queue
  add to prefetch queue
  add to prefetch queue
  add to prefetch queue
  add to prefetch queue
  add to prefetch queue
  add to prefetch queue
  add to prefetch queue
  add to prefetch queue
  add to prefetch queue
  add to prefetch queue
  add to prefetch queue
  add to prefetch queue
  add to prefetch queue
  add to prefetch queue
Instructions Retired: 700000 Cycle: 210124 Hearbeat IPC: 3.481496 Cumulative IPC: 3.331366
Prefetcher heartbeat stats
  add to prefetch queue
  add to prefetch queue
  add to prefetch queue
  add to prefetch queue
  add to prefetch queue
  add to prefetch queue
  add to prefetch queue
  add to prefetch queue
  add to prefetch queue
  add to prefetch queue
  add to prefetch queue
  add to prefetch queue
  add to prefetch queue
  add to prefetch queue
  add to prefetch queue
  add to prefetch queue
Instructions Retired: 800001 Cycle: 238651 Hearbeat IPC: 3.505486 Cumulative IPC: 3.352180
Prefetcher heartbeat stats
  add to prefetch queue
  add to prefetch queue
  add to prefetch queue
  add to prefetch queue
  add to prefetch queue
  add to prefetch queue
  add to prefetch queue
Instructions Retired: 900003 Cycle: 267329 Hearbeat IPC: 3.487063 Cumulative IPC: 3.366649
Prefetcher heartbeat stats
  add to prefetch queue
  add to prefetch queue
  add to prefetch queue
  add to prefetch queue
  add to prefetch queue
  add to prefetch queue
  add to prefetch queue
  add to prefetch queue
  add to prefetch queue
Instructions Retired: 1000002 Cycle: 296042 Hearbeat IPC: 3.482708 Cumulative IPC: 3.377906
Prefetcher heartbeat stats
  add to prefetch queue
  add to prefetch queue
  add to prefetch queue
  add to prefetch queue
  add to prefetch queue
  add to prefetch queue
Instructions Retired: 1100000 Cycle: 324742 Hearbeat IPC: 3.484251 Cumulative IPC: 3.387304
Prefetcher heartbeat stats
  add to prefetch queue
  add to prefetch queue
  add to prefetch queue
  add to prefetch queue
  add to prefetch queue
  add to prefetch queue
  add to prefetch queue
  add to prefetch queue
Instructions Retired: 1200002 Cycle: 353460 Hearbeat IPC: 3.482206 Cumulative IPC: 3.395015
Prefetcher heartbeat stats
  add to prefetch queue
  add to prefetch queue
  add to prefetch queue
  add to prefetch queue
  add to prefetch queue
  add to prefetch queue
  add to prefetch queue
  add to prefetch queue
  add to prefetch queue
  add to prefetch queue
Instructions Retired: 1300000 Cycle: 382267 Hearbeat IPC: 3.471309 Cumulative IPC: 3.400764
Prefetcher heartbeat stats
  add to prefetch queue
  add to prefetch queue
  add to prefetch queue
  add to prefetch queue
  add to prefetch queue
  add to prefetch queue
  add to prefetch queue
  add to prefetch queue
  add to prefetch queue
  add to prefetch queue
  add to prefetch queue
Instructions Retired: 1400005 Cycle: 411155 Hearbeat IPC: 3.461818 Cumulative IPC: 3.405054
Prefetcher heartbeat stats
  add to prefetch queue
  add to prefetch queue
  add to prefetch queue
  add to prefetch queue
  add to prefetch queue
  add to prefetch queue
  add to prefetch queue
  add to prefetch queue
  add to prefetch queue
  add to prefetch queue
  add to prefetch queue
  add to prefetch queue
  add to prefetch queue
  add to prefetch queue
  add to prefetch queue
  add to prefetch queue
  add to prefetch queue
  add to prefetch queue
Instructions Retired: 1500000 Cycle: 439941 Hearbeat IPC: 3.473737 Cumulative IPC: 3.409548
Prefetcher heartbeat stats
  add to prefetch queue
  add to prefetch queue
  add to prefetch queue
  add to prefetch queue
  add to prefetch queue
  add to prefetch queue
  add to prefetch queue
  add to prefetch queue
  add to prefetch queue
  add to prefetch queue
  add to prefetch queue
  add to prefetch queue
  add to prefetch queue
  add to prefetch queue
  add to prefetch queue
  add to prefetch queue
  add to prefetch queue
  add to prefetch queue
  add to prefetch queue
  add to prefetch queue
  add to prefetch queue
  add to prefetch queue
Instructions Retired: 1600005 Cycle: 468610 Hearbeat IPC: 3.488263 Cumulative IPC: 3.414364
Prefetcher heartbeat stats
  add to prefetch queue
  add to prefetch queue
  add to prefetch queue
  add to prefetch queue
  add to prefetch queue
  add to prefetch queue
  add to prefetch queue
  add to prefetch queue
  add to prefetch queue
  add to prefetch queue
  add to prefetch queue
  add to prefetch queue
  add to prefetch queue
Instructions Retired: 1700002 Cycle: 497402 Hearbeat IPC: 3.473083 Cumulative IPC: 3.417763
Prefetcher heartbeat stats
  add to prefetch queue
  add to prefetch queue
  add to prefetch queue
  add to prefetch queue
  add to prefetch queue
  add to prefetch queue
  add to prefetch queue
  add to prefetch queue
  add to prefetch queue
  add to prefetch queue
  add to prefetch queue
  add to prefetch queue
  add to prefetch queue
  add to prefetch queue
  add to prefetch queue
  add to prefetch queue
  add to prefetch queue
  add to prefetch queue
Instructions Retired: 1800004 Cycle: 526056 Hearbeat IPC: 3.489984 Cumulative IPC: 3.421697
Prefetcher heartbeat stats
  add to prefetch queue
  add to prefetch queue
  add to prefetch queue
  add to prefetch queue
  add to prefetch queue
  add to prefetch queue
  add to prefetch queue
  add to prefetch queue
  add to prefetch queue
  add to prefetch queue
  add to prefetch queue
  add to prefetch queue
  add to prefetch queue
  add to prefetch queue
  add to prefetch queue
  add to prefetch queue
  add to prefetch queue
Instructions Retired: 1900001 Cycle: 554684 Hearbeat IPC: 3.492979 Cumulative IPC: 3.425375
Prefetcher heartbeat stats
  add to prefetch queue
  add to prefetch queue
  add to prefetch queue
  add to prefetch queue
  add to prefetch queue
  add to prefetch queue
  add to prefetch queue
  add to prefetch queue
  add to prefetch queue
  add to prefetch queue
  add to prefetch queue
  add to prefetch queue
  add to prefetch queue
  add to prefetch queue
  add to prefetch queue
  add to prefetch queue
  add to prefetch queue
  add to prefetch queue
  add to prefetch queue
Instructions Retired: 2000005 Cycle: 583389 Hearbeat IPC: 3.483853 Cumulative IPC: 3.428253
Prefetcher heartbeat stats
  add to prefetch queue
  add to prefetch queue
  add to prefetch queue
  add to prefetch queue
  add to prefetch queue
  add to prefetch queue
  add to prefetch queue
  add to prefetch queue
  add to prefetch queue
  add to prefetch queue
  add to prefetch queue
  add to prefetch queue
  add to prefetch queue
  add to prefetch queue
  add to prefetch queue
  add to prefetch queue
  add to prefetch queue
  add to prefetch queue
  add to prefetch queue
  add to prefetch queue
  add to prefetch queue
  add to prefetch queue
  add to prefetch queue
  add to prefetch queue
  add to prefetch queue
  add to prefetch queue
  add to prefetch queue
  add to prefetch queue
  add to prefetch queue
  add to prefetch queue
  add to prefetch queue
  add to prefetch queue
  add to prefetch queue
Instructions Retired: 2100001 Cycle: 612185 Hearbeat IPC: 3.472566 Cumulative IPC: 3.430337
Prefetcher heartbeat stats
  add to prefetch queue
  add to prefetch queue
  add to prefetch queue
  add to prefetch queue
  add to prefetch queue
  add to prefetch queue
  add to prefetch queue
  add to prefetch queue
  add to prefetch queue
  add to prefetch queue
  add to prefetch queue
  add to prefetch queue
  add to prefetch queue
  add to prefetch queue
  add to prefetch queue
  add to prefetch queue
  add to prefetch queue
  add to prefetch queue
  add to prefetch queue
  add to prefetch queue
  add to prefetch queue
  add to prefetch queue
  add to prefetch queue
  add to prefetch queue
  add to prefetch queue
  add to prefetch queue
  add to prefetch queue
Instructions Retired: 2200005 Cycle: 641017 Hearbeat IPC: 3.468507 Cumulative IPC: 3.432054
Prefetcher heartbeat stats
  add to prefetch queue
  add to prefetch queue
  add to prefetch queue
  add to prefetch queue
  add to prefetch queue
  add to prefetch queue
  add to prefetch queue
  add to prefetch queue
  add to prefetch queue
  add to prefetch queue
  add to prefetch queue
  add to prefetch queue
  add to prefetch queue
  add to prefetch queue
  add to prefetch queue
  add to prefetch queue
  add to prefetch queue
  add to prefetch queue
  add to prefetch queue
  add to prefetch queue
  add to prefetch queue
  add to prefetch queue
  add to prefetch queue
  add to prefetch queue
Instructions Retired: 2300004 Cycle: 669768 Hearbeat IPC: 3.478105 Cumulative IPC: 3.434031
Prefetcher heartbeat stats
  add to prefetch queue
  add to prefetch queue
  add to prefetch queue
  add to prefetch queue
  add to prefetch queue
  add to prefetch queue
  add to prefetch queue
  add to prefetch queue
  add to prefetch queue
  add to prefetch queue
  add to prefetch queue
  add to prefetch queue
  add to prefetch queue
  add to prefetch queue
  add to prefetch queue
  add to prefetch queue
  add to prefetch queue
  add to prefetch queue
  add to prefetch queue
  add to prefetch queue
  add to prefetch queue
  add to prefetch queue
  add to prefetch queue
  add to prefetch queue
  add to prefetch queue
Instructions Retired: 2400002 Cycle: 698612 Hearbeat IPC: 3.466856 Cumulative IPC: 3.435386
Prefetcher heartbeat stats
  add to prefetch queue
  add to prefetch queue
  add to prefetch queue
  add to prefetch queue
  add to prefetch queue
  add to prefetch queue
  add to prefetch queue
  add to prefetch queue
  add to prefetch queue
  add to prefetch queue
  add to prefetch queue
  add to prefetch queue
  add to prefetch queue
  add to prefetch queue
  add to prefetch queue
  add to prefetch queue
  add to prefetch queue
Instructions Retired: 2500003 Cycle: 728523 Hearbeat IPC: 3.343285 Cumulative IPC: 3.431605
Prefetcher heartbeat stats
  add to prefetch queue
  add to prefetch queue
  add to prefetch queue
  add to prefetch queue
  add to prefetch queue
  add to prefetch queue
  add to prefetch queue
  add to prefetch queue
  add to prefetch queue
  add to prefetch queue
  add to prefetch queue
  add to prefetch queue
  add to prefetch queue
  add to prefetch queue
Instructions Retired: 2600000 Cycle: 757183 Hearbeat IPC: 3.489079 Cumulative IPC: 3.433780
Prefetcher heartbeat stats
  add to prefetch queue
  add to prefetch queue
  add to prefetch queue
  add to prefetch queue
  add to prefetch queue
  add to prefetch queue
  add to prefetch queue
  add to prefetch queue
  add to prefetch queue
  add to prefetch queue
  add to prefetch queue
  add to prefetch queue
  add to prefetch queue
  add to prefetch queue
  add to prefetch queue
  add to prefetch queue
  add to prefetch queue
  add to prefetch queue
Instructions Retired: 2700002 Cycle: 785849 Hearbeat IPC: 3.488523 Cumulative IPC: 3.435777
Prefetcher heartbeat stats
  add to prefetch queue
  add to prefetch queue
  add to prefetch queue
  add to prefetch queue
  add to prefetch queue
  add to prefetch queue
  add to prefetch queue
  add to prefetch queue
  add to prefetch queue
  add to prefetch queue
  add to prefetch queue
  add to prefetch queue
  add to prefetch queue
  add to prefetch queue
  add to prefetch queue
  add to prefetch queue
  add to prefetch queue
  add to prefetch queue
Instructions Retired: 2800003 Cycle: 814506 Hearbeat IPC: 3.489584 Cumulative IPC: 3.437670
Prefetcher heartbeat stats
  add to prefetch queue
  add to prefetch queue
  add to prefetch queue
  add to prefetch queue
  add to prefetch queue
  add to prefetch queue
  add to prefetch queue
  add to prefetch queue
  add to prefetch queue
  add to prefetch queue
  add to prefetch queue
  add to prefetch queue
  add to prefetch queue
  add to prefetch queue
  add to prefetch queue
  add to prefetch queue
Instructions Retired: 2900000 Cycle: 843285 Hearbeat IPC: 3.474652 Cumulative IPC: 3.438932
Prefetcher heartbeat stats
  add to prefetch queue
  add to prefetch queue
  add to prefetch queue
  add to prefetch queue
  add to prefetch queue
  add to prefetch queue
  add to prefetch queue
  add to prefetch queue
  add to prefetch queue
  add to prefetch queue
  add to prefetch queue
  add to prefetch queue
  add to prefetch queue
  add to prefetch queue
  add to prefetch queue
  add to prefetch queue
  add to prefetch queue
  add to prefetch queue
  add to prefetch queue
Instructions Retired: 3000002 Cycle: 872113 Hearbeat IPC: 3.468919 Cumulative IPC: 3.439924
Prefetcher heartbeat stats
  add to prefetch queue
  add to prefetch queue
  add to prefetch queue
  add to prefetch queue
  add to prefetch queue
  add to prefetch queue
  add to prefetch queue
  add to prefetch queue
  add to prefetch queue
  add to prefetch queue
  add to prefetch queue
  add to prefetch queue
  add to prefetch queue
  add to prefetch queue
  add to prefetch queue
  add to prefetch queue
  add to prefetch queue
  add to prefetch queue
  add to prefetch queue

Simulation complete. Instructions retired: 3099758 Cycles elapsed: 900829 IPC: 3.441006

Prefetcher final stats
