
*** Data Prefetching Championship 2 Simulator ***

Warmup Instructions: 0
Simulation Instructions: 100000000
Scramble loads OFF
Using 1MB Last Level Cache
Using 12.8 GB/s DRAM bandwidth
Knobs visible from prefetcher: 0 0 0
Resetting history queue.
Setting up the minimum score
Resetting offset table
Setting initial offset to 1
Tag offset: 6
Resetting rable rounds
Resetting gauge

Warmup complete. Instructions retired: 2 Cycles elapsed: 2 IPC: 1.000000
Instructions Retired: 100000 Cycle: 39908 Hearbeat IPC: 2.505763 Cumulative IPC: 2.505763
Instructions Retired: 200000 Cycle: 77527 Hearbeat IPC: 2.658231 Cumulative IPC: 2.579746
Instructions Retired: 300001 Cycle: 113578 Hearbeat IPC: 2.773876 Cumulative IPC: 2.641365
Instructions Retired: 400004 Cycle: 137507 Hearbeat IPC: 4.179155 Cumulative IPC: 2.908972
Instructions Retired: 500003 Cycle: 154923 Hearbeat IPC: 5.741789 Cumulative IPC: 3.227429
Instructions Retired: 600000 Cycle: 176583 Hearbeat IPC: 4.616667 Cumulative IPC: 3.397835
Instructions Retired: 700003 Cycle: 212616 Hearbeat IPC: 2.775317 Cumulative IPC: 3.292335
Offset switch to: 2	With score: 32
Instructions Retired: 800001 Cycle: 239818 Hearbeat IPC: 3.676127 Cumulative IPC: 3.335867
Instructions Retired: 900000 Cycle: 272314 Hearbeat IPC: 3.077271 Cumulative IPC: 3.305008
Instructions Retired: 1000000 Cycle: 308404 Hearbeat IPC: 2.770851 Cumulative IPC: 3.242500
Instructions Retired: 1100005 Cycle: 345544 Hearbeat IPC: 2.692649 Cumulative IPC: 3.183401
Instructions Retired: 1200001 Cycle: 382401 Hearbeat IPC: 2.713080 Cumulative IPC: 3.138070
Instructions Retired: 1300000 Cycle: 418455 Hearbeat IPC: 2.773590 Cumulative IPC: 3.106666
Instructions Retired: 1400005 Cycle: 444504 Hearbeat IPC: 3.839111 Cumulative IPC: 3.149589
Instructions Retired: 1500001 Cycle: 478084 Hearbeat IPC: 2.977844 Cumulative IPC: 3.137526
Instructions Retired: 1600004 Cycle: 512043 Hearbeat IPC: 2.944816 Cumulative IPC: 3.124745
Offset switch to: 4	With score: 32
Instructions Retired: 1700000 Cycle: 529212 Hearbeat IPC: 5.824218 Cumulative IPC: 3.212323
Instructions Retired: 1800005 Cycle: 546291 Hearbeat IPC: 5.855436 Cumulative IPC: 3.294956
Instructions Retired: 1900003 Cycle: 576443 Hearbeat IPC: 3.316463 Cumulative IPC: 3.296081
Instructions Retired: 2000000 Cycle: 612495 Hearbeat IPC: 2.773688 Cumulative IPC: 3.265333
Instructions Retired: 2100001 Cycle: 635975 Hearbeat IPC: 4.258986 Cumulative IPC: 3.302018
Instructions Retired: 2200003 Cycle: 672042 Hearbeat IPC: 2.772673 Cumulative IPC: 3.273609
Instructions Retired: 2300005 Cycle: 709048 Hearbeat IPC: 2.702318 Cumulative IPC: 3.243793
Instructions Retired: 2400000 Cycle: 746858 Hearbeat IPC: 2.644671 Cumulative IPC: 3.213462
Instructions Retired: 2500000 Cycle: 783329 Hearbeat IPC: 2.741904 Cumulative IPC: 3.191507
Instructions Retired: 2600005 Cycle: 819384 Hearbeat IPC: 2.773679 Cumulative IPC: 3.173121
Instructions Retired: 2700000 Cycle: 843047 Hearbeat IPC: 4.225796 Cumulative IPC: 3.202668
Offset switch to: 6	With score: 32
Instructions Retired: 2800003 Cycle: 879065 Hearbeat IPC: 2.776473 Cumulative IPC: 3.185206
Instructions Retired: 2900000 Cycle: 904563 Hearbeat IPC: 3.921759 Cumulative IPC: 3.205968
Instructions Retired: 3000003 Cycle: 921862 Hearbeat IPC: 5.780854 Cumulative IPC: 3.254287

Simulation complete. Instructions retired: 3099755 Cycles elapsed: 941715 IPC: 3.291606

