
*** Data Prefetching Championship 2 Simulator ***

Warmup Instructions: 10000000
Simulation Instructions: 100000000
Scramble loads OFF
Using 1MB Last Level Cache
Using 3.2 GB/s DRAM bandwidth
AMPM Lite Prefetcher
Knobs visible from prefetcher: 0 0 1
Instructions Retired: 100001 Cycle: 122709 Hearbeat IPC: 0.814944 Cumulative IPC: 0.814944
Prefetcher heartbeat stats
Instructions Retired: 200003 Cycle: 218298 Hearbeat IPC: 1.046166 Cumulative IPC: 0.916193
Prefetcher heartbeat stats
Instructions Retired: 300005 Cycle: 296297 Hearbeat IPC: 1.282093 Cumulative IPC: 1.012514
Prefetcher heartbeat stats
Instructions Retired: 400003 Cycle: 377381 Hearbeat IPC: 1.233264 Cumulative IPC: 1.059945
Prefetcher heartbeat stats
Instructions Retired: 500002 Cycle: 448191 Hearbeat IPC: 1.412216 Cumulative IPC: 1.115600
Prefetcher heartbeat stats
Instructions Retired: 600004 Cycle: 523703 Hearbeat IPC: 1.324319 Cumulative IPC: 1.145695
Prefetcher heartbeat stats
Instructions Retired: 700002 Cycle: 597606 Hearbeat IPC: 1.353098 Cumulative IPC: 1.171344
Prefetcher heartbeat stats
Instructions Retired: 800005 Cycle: 670256 Hearbeat IPC: 1.376504 Cumulative IPC: 1.193581
Prefetcher heartbeat stats
Instructions Retired: 900005 Cycle: 751661 Hearbeat IPC: 1.228426 Cumulative IPC: 1.197355
Prefetcher heartbeat stats
Instructions Retired: 1000000 Cycle: 822945 Hearbeat IPC: 1.402769 Cumulative IPC: 1.215148
Prefetcher heartbeat stats
Instructions Retired: 1100002 Cycle: 908585 Hearbeat IPC: 1.167702 Cumulative IPC: 1.210676
Prefetcher heartbeat stats
Instructions Retired: 1200003 Cycle: 985486 Hearbeat IPC: 1.300386 Cumulative IPC: 1.217676
Prefetcher heartbeat stats
Instructions Retired: 1300000 Cycle: 1092609 Hearbeat IPC: 0.933478 Cumulative IPC: 1.189813
Prefetcher heartbeat stats
Instructions Retired: 1400000 Cycle: 1184110 Hearbeat IPC: 1.092884 Cumulative IPC: 1.182323
Prefetcher heartbeat stats
Instructions Retired: 1500003 Cycle: 1285962 Hearbeat IPC: 0.981846 Cumulative IPC: 1.166444
Prefetcher heartbeat stats
Instructions Retired: 1600001 Cycle: 1385926 Hearbeat IPC: 1.000340 Cumulative IPC: 1.154464
Prefetcher heartbeat stats
Instructions Retired: 1700002 Cycle: 1495935 Hearbeat IPC: 0.909026 Cumulative IPC: 1.136414
Prefetcher heartbeat stats
Instructions Retired: 1800002 Cycle: 1617273 Hearbeat IPC: 0.824144 Cumulative IPC: 1.112986
Prefetcher heartbeat stats
Instructions Retired: 1900003 Cycle: 1717934 Hearbeat IPC: 0.993443 Cumulative IPC: 1.105981
Prefetcher heartbeat stats
Instructions Retired: 2000002 Cycle: 1841117 Hearbeat IPC: 0.811792 Cumulative IPC: 1.086298
Prefetcher heartbeat stats
Instructions Retired: 2100003 Cycle: 1946188 Hearbeat IPC: 0.951747 Cumulative IPC: 1.079034
Prefetcher heartbeat stats
Instructions Retired: 2200003 Cycle: 2062527 Hearbeat IPC: 0.859557 Cumulative IPC: 1.066654
Prefetcher heartbeat stats
Instructions Retired: 2300001 Cycle: 2167925 Hearbeat IPC: 0.948766 Cumulative IPC: 1.060923
Prefetcher heartbeat stats
Instructions Retired: 2400005 Cycle: 2316516 Hearbeat IPC: 0.673015 Cumulative IPC: 1.036041
Prefetcher heartbeat stats
Instructions Retired: 2500003 Cycle: 2454160 Hearbeat IPC: 0.726497 Cumulative IPC: 1.018680
Prefetcher heartbeat stats
Instructions Retired: 2600000 Cycle: 2573238 Hearbeat IPC: 0.839760 Cumulative IPC: 1.010400
Prefetcher heartbeat stats
Instructions Retired: 2700002 Cycle: 2676261 Hearbeat IPC: 0.970676 Cumulative IPC: 1.008871
Prefetcher heartbeat stats
Instructions Retired: 2800004 Cycle: 2797616 Hearbeat IPC: 0.824045 Cumulative IPC: 1.000854
Prefetcher heartbeat stats
Instructions Retired: 2900000 Cycle: 2909993 Hearbeat IPC: 0.889826 Cumulative IPC: 0.996566
Prefetcher heartbeat stats
Instructions Retired: 3000000 Cycle: 3054997 Hearbeat IPC: 0.689636 Cumulative IPC: 0.981998
Prefetcher heartbeat stats

Simulation complete. Instructions retired: 3099758 Cycles elapsed: 3192262 IPC: 0.971022

Prefetcher final stats
