
*** Data Prefetching Championship 2 Simulator ***

Warmup Instructions: 10000000
Simulation Instructions: 100000000
Scramble loads OFF
Using 1MB Last Level Cache
Using 3.2 GB/s DRAM bandwidth
Knobs visible from prefetcher: 0 0 1
Resetting history queue.
Resetting offset table
Setting initial offset to 1
Tag offset: 6
Ressetting hit rate
Resetting rable rounds
Instructions Retired: 100000 Cycle: 100419 Hearbeat IPC: 0.995827 Cumulative IPC: 0.995827
Cycle: 100419	Best offset: 1	Score: 0	Hit Rate: 0.339960
	---- Offset table ----
Offset -> Score
1 -> 17
21 -> 7
13 -> 6
30 -> 6
	----------------------
Instructions Retired: 200003 Cycle: 191769 Hearbeat IPC: 1.094724 Cumulative IPC: 1.042937
Cycle: 191769	Best offset: 1	Score: 0	Hit Rate: 0.331946
	---- Offset table ----
Offset -> Score
1 -> 31
30 -> 13
35 -> 12
29 -> 11
	----------------------
Instructions Retired: 300005 Cycle: 274345 Hearbeat IPC: 1.211030 Cumulative IPC: 1.093532
Cycle: 274345	Best offset: 1	Score: 0	Hit Rate: 0.343168
	---- Offset table ----
Offset -> Score
1 -> 42
29 -> 21
21 -> 17
30 -> 17
	----------------------
Instructions Retired: 400005 Cycle: 349583 Hearbeat IPC: 1.329116 Cumulative IPC: 1.144235
Cycle: 349583	Best offset: 1	Score: 0	Hit Rate: 0.349924
	---- Offset table ----
Offset -> Score
1 -> 52
29 -> 24
30 -> 22
21 -> 20
	----------------------
Instructions Retired: 500005 Cycle: 424226 Hearbeat IPC: 1.339710 Cumulative IPC: 1.178629
Cycle: 424226	Best offset: 1	Score: 0	Hit Rate: 0.351031
	---- Offset table ----
Offset -> Score
4 -> 2
10 -> 2
12 -> 2
28 -> 2
	----------------------
Instructions Retired: 600004 Cycle: 498686 Hearbeat IPC: 1.342990 Cumulative IPC: 1.203170
Cycle: 498686	Best offset: 1	Score: 0	Hit Rate: 0.359639
	---- Offset table ----
Offset -> Score
1 -> 9
6 -> 8
76 -> 7
13 -> 6
	----------------------
Instructions Retired: 700002 Cycle: 572737 Hearbeat IPC: 1.350394 Cumulative IPC: 1.222205
Cycle: 572737	Best offset: 1	Score: 0	Hit Rate: 0.363268
	---- Offset table ----
Offset -> Score
1 -> 21
6 -> 12
76 -> 12
81 -> 12
	----------------------
Instructions Retired: 800000 Cycle: 645429 Hearbeat IPC: 1.375640 Cumulative IPC: 1.239486
Cycle: 645429	Best offset: 1	Score: 0	Hit Rate: 0.370989
	---- Offset table ----
Offset -> Score
1 -> 34
33 -> 15
6 -> 14
12 -> 13
	----------------------
Instructions Retired: 900005 Cycle: 722868 Hearbeat IPC: 1.291404 Cumulative IPC: 1.245047
Cycle: 722868	Best offset: 1	Score: 0	Hit Rate: 0.376000
	---- Offset table ----
Offset -> Score
1 -> 45
81 -> 20
6 -> 18
29 -> 17
	----------------------
Instructions Retired: 1000003 Cycle: 797901 Hearbeat IPC: 1.332720 Cumulative IPC: 1.253292
Cycle: 797901	Best offset: 1	Score: 0	Hit Rate: 0.377459
	---- Offset table ----
Offset -> Score
1 -> 60
19 -> 26
81 -> 26
6 -> 24
	----------------------
Instructions Retired: 1100001 Cycle: 876152 Hearbeat IPC: 1.277913 Cumulative IPC: 1.255491
Cycle: 876152	Best offset: 1	Score: 0	Hit Rate: 0.374933
	---- Offset table ----
Offset -> Score
1 -> 5
5 -> 5
98 -> 5
9 -> 4
	----------------------
Instructions Retired: 1200005 Cycle: 957472 Hearbeat IPC: 1.229759 Cumulative IPC: 1.253306
Cycle: 957472	Best offset: 1	Score: 0	Hit Rate: 0.373515
	---- Offset table ----
Offset -> Score
1 -> 19
9 -> 11
5 -> 10
98 -> 9
	----------------------
Instructions Retired: 1300002 Cycle: 1053488 Hearbeat IPC: 1.041462 Cumulative IPC: 1.233998
Cycle: 1053488	Best offset: 1	Score: 0	Hit Rate: 0.374007
	---- Offset table ----
Offset -> Score
1 -> 30
9 -> 15
72 -> 14
7 -> 13
	----------------------
Instructions Retired: 1400003 Cycle: 1152936 Hearbeat IPC: 1.005561 Cumulative IPC: 1.214294
Cycle: 1152936	Best offset: 1	Score: 0	Hit Rate: 0.375342
	---- Offset table ----
Offset -> Score
1 -> 42
5 -> 19
81 -> 18
9 -> 17
	----------------------
Instructions Retired: 1500001 Cycle: 1251764 Hearbeat IPC: 1.011839 Cumulative IPC: 1.198310
Cycle: 1251764	Best offset: 1	Score: 0	Hit Rate: 0.374986
	---- Offset table ----
Offset -> Score
1 -> 53
81 -> 24
9 -> 21
19 -> 21
	----------------------
Instructions Retired: 1600003 Cycle: 1350528 Hearbeat IPC: 1.012535 Cumulative IPC: 1.184724
Cycle: 1350528	Best offset: 1	Score: 0	Hit Rate: 0.374312
	---- Offset table ----
Offset -> Score
1 -> 62
81 -> 28
9 -> 26
49 -> 26
	----------------------
Instructions Retired: 1700002 Cycle: 1458475 Hearbeat IPC: 0.926371 Cumulative IPC: 1.165602
Cycle: 1458475	Best offset: 1	Score: 0	Hit Rate: 0.375479
	---- Offset table ----
Offset -> Score
1 -> 9
29 -> 7
53 -> 7
7 -> 6
	----------------------
Instructions Retired: 1800002 Cycle: 1574406 Hearbeat IPC: 0.862582 Cumulative IPC: 1.143290
Cycle: 1574406	Best offset: 1	Score: 0	Hit Rate: 0.372104
	---- Offset table ----
Offset -> Score
1 -> 20
41 -> 13
6 -> 10
53 -> 10
	----------------------
Instructions Retired: 1900005 Cycle: 1685763 Hearbeat IPC: 0.898040 Cumulative IPC: 1.127089
Cycle: 1685763	Best offset: 1	Score: 0	Hit Rate: 0.370641
	---- Offset table ----
Offset -> Score
1 -> 34
41 -> 17
53 -> 14
8 -> 13
	----------------------
Instructions Retired: 2000002 Cycle: 1800561 Hearbeat IPC: 0.871069 Cumulative IPC: 1.110766
Cycle: 1800561	Best offset: 1	Score: 0	Hit Rate: 0.369320
	---- Offset table ----
Offset -> Score
1 -> 46
41 -> 19
8 -> 18
29 -> 18
	----------------------
Instructions Retired: 2100004 Cycle: 1914295 Hearbeat IPC: 0.879262 Cumulative IPC: 1.097012
Cycle: 1914295	Best offset: 1	Score: 0	Hit Rate: 0.367327
	---- Offset table ----
Offset -> Score
1 -> 56
8 -> 24
41 -> 23
53 -> 22
	----------------------
Instructions Retired: 2200004 Cycle: 2023776 Hearbeat IPC: 0.913400 Cumulative IPC: 1.087079
Cycle: 2023776	Best offset: 1	Score: 0	Hit Rate: 0.365962
	---- Offset table ----
Offset -> Score
1 -> 7
37 -> 4
54 -> 4
8 -> 3
	----------------------
Instructions Retired: 2300004 Cycle: 2132508 Hearbeat IPC: 0.919692 Cumulative IPC: 1.078544
Cycle: 2132508	Best offset: 1	Score: 0	Hit Rate: 0.365662
	---- Offset table ----
Offset -> Score
1 -> 17
10 -> 8
53 -> 8
27 -> 7
	----------------------
Instructions Retired: 2400003 Cycle: 2273423 Hearbeat IPC: 0.709641 Cumulative IPC: 1.055678
Cycle: 2273423	Best offset: 1	Score: 0	Hit Rate: 0.363285
	---- Offset table ----
Offset -> Score
1 -> 32
30 -> 14
53 -> 14
5 -> 13
	----------------------
Instructions Retired: 2500003 Cycle: 2416584 Hearbeat IPC: 0.698514 Cumulative IPC: 1.034519
Cycle: 2416584	Best offset: 1	Score: 0	Hit Rate: 0.361231
	---- Offset table ----
Offset -> Score
1 -> 46
53 -> 19
19 -> 18
20 -> 18
	----------------------
Instructions Retired: 2600000 Cycle: 2526407 Hearbeat IPC: 0.910529 Cumulative IPC: 1.029130
Cycle: 2526407	Best offset: 1	Score: 0	Hit Rate: 0.361963
	---- Offset table ----
Offset -> Score
1 -> 59
53 -> 22
20 -> 20
29 -> 20
	----------------------
Instructions Retired: 2700002 Cycle: 2634693 Hearbeat IPC: 0.923499 Cumulative IPC: 1.024788
Cycle: 2634693	Best offset: 1	Score: 0	Hit Rate: 0.362938
	---- Offset table ----
Offset -> Score
1 -> 6
5 -> 6
4 -> 5
8 -> 5
	----------------------
Instructions Retired: 2800004 Cycle: 2747211 Hearbeat IPC: 0.888764 Cumulative IPC: 1.019217
Cycle: 2747211	Best offset: 1	Score: 0	Hit Rate: 0.363109
	---- Offset table ----
Offset -> Score
1 -> 18
63 -> 12
8 -> 11
115 -> 11
	----------------------
Instructions Retired: 2900000 Cycle: 2865185 Hearbeat IPC: 0.847610 Cumulative IPC: 1.012151
Cycle: 2865185	Best offset: 1	Score: 0	Hit Rate: 0.364679
	---- Offset table ----
Offset -> Score
1 -> 33
8 -> 17
29 -> 15
63 -> 15
	----------------------
Instructions Retired: 3000005 Cycle: 3003397 Hearbeat IPC: 0.723562 Cumulative IPC: 0.998871
Cycle: 3003397	Best offset: 1	Score: 0	Hit Rate: 0.363353
	---- Offset table ----
Offset -> Score
1 -> 45
8 -> 21
29 -> 19
63 -> 18
	----------------------

Simulation complete. Instructions retired: 3099757 Cycles elapsed: 3147282 IPC: 0.984900

Prefetcher final stats
