
*** Data Prefetching Championship 2 Simulator ***

Warmup Instructions: 0
Simulation Instructions: 100000000
Scramble loads OFF
Using 1MB Last Level Cache
Using 3.2 GB/s DRAM bandwidth
IP-based Stride Prefetcher
Knobs visible from prefetcher: 0 0 1

Warmup complete. Instructions retired: 3 Cycles elapsed: 2 IPC: 1.500000
Prefetcher warmup complete stats

Instructions Retired: 100001 Cycle: 116550 Hearbeat IPC: 0.858009 Cumulative IPC: 0.858009
Prefetcher heartbeat stats
Instructions Retired: 200004 Cycle: 221525 Hearbeat IPC: 0.952636 Cumulative IPC: 0.902851
Prefetcher heartbeat stats
Instructions Retired: 300002 Cycle: 316713 Hearbeat IPC: 1.050532 Cumulative IPC: 0.947236
Prefetcher heartbeat stats
Instructions Retired: 400003 Cycle: 407715 Hearbeat IPC: 1.098888 Cumulative IPC: 0.981085
Prefetcher heartbeat stats
Instructions Retired: 500000 Cycle: 497898 Hearbeat IPC: 1.108823 Cumulative IPC: 1.004222
Prefetcher heartbeat stats
Instructions Retired: 600000 Cycle: 589001 Hearbeat IPC: 1.097659 Cumulative IPC: 1.018674
Prefetcher heartbeat stats
Instructions Retired: 700002 Cycle: 677012 Hearbeat IPC: 1.136244 Cumulative IPC: 1.033958
Prefetcher heartbeat stats
Instructions Retired: 800005 Cycle: 766831 Hearbeat IPC: 1.113384 Cumulative IPC: 1.043261
Prefetcher heartbeat stats
Instructions Retired: 900000 Cycle: 862738 Hearbeat IPC: 1.042625 Cumulative IPC: 1.043190
Prefetcher heartbeat stats
Instructions Retired: 1000000 Cycle: 954991 Hearbeat IPC: 1.083976 Cumulative IPC: 1.047130
Prefetcher heartbeat stats
Instructions Retired: 1100003 Cycle: 1050011 Hearbeat IPC: 1.052442 Cumulative IPC: 1.047611
Prefetcher heartbeat stats
Instructions Retired: 1200005 Cycle: 1147511 Hearbeat IPC: 1.025662 Cumulative IPC: 1.045746
Prefetcher heartbeat stats
Instructions Retired: 1300000 Cycle: 1255865 Hearbeat IPC: 0.922855 Cumulative IPC: 1.035143
Prefetcher heartbeat stats
Instructions Retired: 1400005 Cycle: 1368710 Hearbeat IPC: 0.886216 Cumulative IPC: 1.022865
Prefetcher heartbeat stats
Instructions Retired: 1500002 Cycle: 1481764 Hearbeat IPC: 0.884507 Cumulative IPC: 1.012308
Prefetcher heartbeat stats
Instructions Retired: 1600002 Cycle: 1593109 Hearbeat IPC: 0.898109 Cumulative IPC: 1.004327
Prefetcher heartbeat stats
Instructions Retired: 1700001 Cycle: 1716673 Hearbeat IPC: 0.809289 Cumulative IPC: 0.990288
Prefetcher heartbeat stats
Instructions Retired: 1800002 Cycle: 1840567 Hearbeat IPC: 0.807150 Cumulative IPC: 0.977961
Prefetcher heartbeat stats
Instructions Retired: 1900000 Cycle: 1965141 Hearbeat IPC: 0.802720 Cumulative IPC: 0.966852
Prefetcher heartbeat stats
Instructions Retired: 2000002 Cycle: 2091311 Hearbeat IPC: 0.792597 Cumulative IPC: 0.956339
Prefetcher heartbeat stats
Instructions Retired: 2100003 Cycle: 2217389 Hearbeat IPC: 0.793168 Cumulative IPC: 0.947061
Prefetcher heartbeat stats
Instructions Retired: 2200002 Cycle: 2337367 Hearbeat IPC: 0.833478 Cumulative IPC: 0.941231
Prefetcher heartbeat stats
Instructions Retired: 2300004 Cycle: 2459814 Hearbeat IPC: 0.816696 Cumulative IPC: 0.935032
Prefetcher heartbeat stats
Instructions Retired: 2400005 Cycle: 2610324 Hearbeat IPC: 0.664414 Cumulative IPC: 0.919428
Prefetcher heartbeat stats
Instructions Retired: 2500003 Cycle: 2756841 Hearbeat IPC: 0.682501 Cumulative IPC: 0.906836
Prefetcher heartbeat stats
Instructions Retired: 2600000 Cycle: 2879385 Hearbeat IPC: 0.816009 Cumulative IPC: 0.902971
Prefetcher heartbeat stats
Instructions Retired: 2700001 Cycle: 3003347 Hearbeat IPC: 0.806707 Cumulative IPC: 0.898997
Prefetcher heartbeat stats
Instructions Retired: 2800001 Cycle: 3126007 Hearbeat IPC: 0.815262 Cumulative IPC: 0.895712
Prefetcher heartbeat stats
Instructions Retired: 2900000 Cycle: 3255432 Hearbeat IPC: 0.772641 Cumulative IPC: 0.890819
Prefetcher heartbeat stats
Instructions Retired: 3000005 Cycle: 3401906 Hearbeat IPC: 0.682749 Cumulative IPC: 0.881860
Prefetcher heartbeat stats

Simulation complete. Instructions retired: 3099751 Cycles elapsed: 3555337 IPC: 0.871859

Prefetcher final stats
