
*** Data Prefetching Championship 2 Simulator ***

Warmup Instructions: 0
Simulation Instructions: 100000000
Scramble loads OFF
Using 1MB Last Level Cache
Using 3.2 GB/s DRAM bandwidth
Knobs visible from prefetcher: 0 0 1
Resetting history queue.
Setting up the minimum score
Resetting offset table
Setting initial offset to 1
Tag offset: 6
Ressetting hit rate
Resetting rable rounds
Resetting gauge

Warmup complete. Instructions retired: 3 Cycles elapsed: 2 IPC: 1.500000
Prefetcher warmup complete stats

Instructions Retired: 100002 Cycle: 126637 Hearbeat IPC: 0.789674 Cumulative IPC: 0.789674
Cycle: 126637	Best offset: 1	Score: 1	Hit Rate: 0.245358
	---- Offset table ----
Offset -> Score
-10 -> 15
2 -> 15
-8 -> 14
1 -> 14
	----------------------
Instructions Retired: 200005 Cycle: 241979 Hearbeat IPC: 0.867013 Cumulative IPC: 0.826539
Cycle: 241979	Best offset: 1	Score: 1	Hit Rate: 0.271245
	---- Offset table ----
Offset -> Score
1 -> 30
2 -> 30
-8 -> 26
3 -> 26
	----------------------
Instructions Retired: 300001 Cycle: 331680 Hearbeat IPC: 1.114770 Cumulative IPC: 0.904489
Cycle: 331680	Best offset: 1	Score: 32	Hit Rate: 0.348730
	---- Offset table ----
Offset -> Score
5 -> 13
2 -> 12
4 -> 12
11 -> 12
	----------------------
Instructions Retired: 400001 Cycle: 411816 Hearbeat IPC: 1.247879 Cumulative IPC: 0.971310
Cycle: 411816	Best offset: 1	Score: 32	Hit Rate: 0.408136
	---- Offset table ----
Offset -> Score
5 -> 30
2 -> 28
1 -> 27
19 -> 27
	----------------------
Offset switch to: 5	With score: 32
Instructions Retired: 500002 Cycle: 500525 Hearbeat IPC: 1.127293 Cumulative IPC: 0.998955
Cycle: 500525	Best offset: 5	Score: 32	Hit Rate: 0.435929
	---- Offset table ----
Offset -> Score
3 -> 14
1 -> 13
4 -> 13
-34 -> 12
	----------------------
Instructions Retired: 600004 Cycle: 579839 Hearbeat IPC: 1.260837 Cumulative IPC: 1.034777
Cycle: 579839	Best offset: 5	Score: 32	Hit Rate: 0.466419
	---- Offset table ----
Offset -> Score
1 -> 27
3 -> 27
4 -> 27
5 -> 26
	----------------------
Instructions Retired: 700002 Cycle: 659589 Hearbeat IPC: 1.253893 Cumulative IPC: 1.061270
Cycle: 659589	Best offset: 5	Score: 32	Hit Rate: 0.486646
	---- Offset table ----
Offset -> Score
2 -> 12
-4 -> 11
4 -> 11
12 -> 11
	----------------------
Instructions Retired: 800000 Cycle: 734789 Hearbeat IPC: 1.329761 Cumulative IPC: 1.088748
Cycle: 734789	Best offset: 5	Score: 32	Hit Rate: 0.507475
	---- Offset table ----
Offset -> Score
2 -> 26
4 -> 24
3 -> 23
19 -> 23
	----------------------
Offset switch to: 2	With score: 32
Instructions Retired: 900001 Cycle: 811612 Hearbeat IPC: 1.301707 Cumulative IPC: 1.108905
Cycle: 811612	Best offset: 2	Score: 32	Hit Rate: 0.519782
	---- Offset table ----
Offset -> Score
-5 -> 8
2 -> 8
3 -> 8
48 -> 8
	----------------------
Instructions Retired: 1000000 Cycle: 889678 Hearbeat IPC: 1.280955 Cumulative IPC: 1.124002
Cycle: 889678	Best offset: 2	Score: 32	Hit Rate: 0.529308
	---- Offset table ----
Offset -> Score
3 -> 23
2 -> 22
4 -> 20
-10 -> 19
	----------------------
Offset switch to: 3	With score: 32
Instructions Retired: 1100000 Cycle: 972732 Hearbeat IPC: 1.204036 Cumulative IPC: 1.130836
Cycle: 972732	Best offset: 3	Score: 32	Hit Rate: 0.535867
	---- Offset table ----
Offset -> Score
2 -> 4
3 -> 4
6 -> 4
15 -> 4
	----------------------
Instructions Retired: 1200002 Cycle: 1058551 Hearbeat IPC: 1.165266 Cumulative IPC: 1.133627
Cycle: 1058551	Best offset: 3	Score: 32	Hit Rate: 0.543988
	---- Offset table ----
Offset -> Score
-51 -> 20
6 -> 19
-6 -> 18
-23 -> 17
	----------------------
Instructions Retired: 1300000 Cycle: 1153961 Hearbeat IPC: 1.048087 Cumulative IPC: 1.126554
Cycle: 1153961	Best offset: 3	Score: 32	Hit Rate: 0.549478
	---- Offset table ----
Offset -> Score
-6 -> 32
1 -> 31
3 -> 31
6 -> 31
	----------------------
Offset switch to: -6	With score: 32
Instructions Retired: 1400000 Cycle: 1291013 Hearbeat IPC: 0.729650 Cumulative IPC: 1.084420
Cycle: 1291013	Best offset: -6	Score: 32	Hit Rate: 0.518474
	---- Offset table ----
Offset -> Score
4 -> 12
1 -> 11
5 -> 11
6 -> 11
	----------------------
Instructions Retired: 1500003 Cycle: 1436129 Hearbeat IPC: 0.689125 Cumulative IPC: 1.044477
Cycle: 1436129	Best offset: -6	Score: 32	Hit Rate: 0.486046
	---- Offset table ----
Offset -> Score
4 -> 21
6 -> 21
1 -> 20
5 -> 20
	----------------------
Instructions Retired: 1600001 Cycle: 1578902 Hearbeat IPC: 0.700399 Cumulative IPC: 1.013363
Cycle: 1578902	Best offset: -6	Score: 32	Hit Rate: 0.457481
	---- Offset table ----
Offset -> Score
4 -> 30
6 -> 30
1 -> 29
5 -> 29
	----------------------
Offset switch to: 6	With score: 32
Instructions Retired: 1700004 Cycle: 1720937 Hearbeat IPC: 0.704073 Cumulative IPC: 0.987836
Cycle: 1720937	Best offset: 6	Score: 32	Hit Rate: 0.451337
	---- Offset table ----
Offset -> Score
1 -> 10
2 -> 10
5 -> 10
12 -> 10
	----------------------
Instructions Retired: 1800004 Cycle: 1836266 Hearbeat IPC: 0.867085 Cumulative IPC: 0.980252
Cycle: 1836266	Best offset: 6	Score: 32	Hit Rate: 0.459005
	---- Offset table ----
Offset -> Score
5 -> 25
-7 -> 23
1 -> 22
2 -> 22
	----------------------
Offset switch to: 5	With score: 32
Instructions Retired: 1900003 Cycle: 1947179 Hearbeat IPC: 0.901599 Cumulative IPC: 0.975772
Cycle: 1947179	Best offset: 5	Score: 32	Hit Rate: 0.467240
	---- Offset table ----
Offset -> Score
1 -> 8
3 -> 8
4 -> 8
5 -> 8
	----------------------
Instructions Retired: 2000002 Cycle: 2062097 Hearbeat IPC: 0.870177 Cumulative IPC: 0.969887
Cycle: 2062097	Best offset: 5	Score: 32	Hit Rate: 0.473077
	---- Offset table ----
Offset -> Score
3 -> 24
1 -> 23
5 -> 22
12 -> 22
	----------------------
Offset switch to: 1	With score: 32
Instructions Retired: 2100001 Cycle: 2174728 Hearbeat IPC: 0.887846 Cumulative IPC: 0.965638
Cycle: 2174728	Best offset: 1	Score: 32	Hit Rate: 0.478979
	---- Offset table ----
Offset -> Score
-4 -> 6
6 -> 6
8 -> 6
19 -> 6
	----------------------
Instructions Retired: 2200003 Cycle: 2286349 Hearbeat IPC: 0.895907 Cumulative IPC: 0.962234
Cycle: 2286349	Best offset: 1	Score: 32	Hit Rate: 0.484912
	---- Offset table ----
Offset -> Score
1 -> 21
6 -> 19
24 -> 19
-49 -> 18
	----------------------
Instructions Retired: 2300001 Cycle: 2398816 Hearbeat IPC: 0.889132 Cumulative IPC: 0.958807
Cycle: 2398816	Best offset: 1	Score: 32	Hit Rate: 0.488739
	---- Offset table ----
Offset -> Score
2 -> 4
7 -> 4
1 -> 3
3 -> 3
	----------------------
Instructions Retired: 2400002 Cycle: 2546870 Hearbeat IPC: 0.675436 Cumulative IPC: 0.942334
Cycle: 2546870	Best offset: 1	Score: 32	Hit Rate: 0.491305
	---- Offset table ----
Offset -> Score
3 -> 21
6 -> 21
1 -> 20
2 -> 20
	----------------------
Offset switch to: 3	With score: 32
Instructions Retired: 2500003 Cycle: 2697632 Hearbeat IPC: 0.663304 Cumulative IPC: 0.926740
Cycle: 2697632	Best offset: 3	Score: 32	Hit Rate: 0.492360
	---- Offset table ----
Offset -> Score
25 -> 6
-5 -> 5
-3 -> 5
-2 -> 5
	----------------------
Instructions Retired: 2600002 Cycle: 2808802 Hearbeat IPC: 0.899514 Cumulative IPC: 0.925662
Cycle: 2808802	Best offset: 3	Score: 32	Hit Rate: 0.495476
	---- Offset table ----
Offset -> Score
1 -> 20
5 -> 18
19 -> 18
3 -> 17
	----------------------
Offset switch to: 5	With score: 32
Instructions Retired: 2700002 Cycle: 2923784 Hearbeat IPC: 0.869701 Cumulative IPC: 0.923461
Cycle: 2923784	Best offset: 5	Score: 32	Hit Rate: 0.499162
	---- Offset table ----
Offset -> Score
5 -> 2
1 -> 1
2 -> 1
3 -> 1
	----------------------
Instructions Retired: 2800003 Cycle: 3046925 Hearbeat IPC: 0.812085 Cumulative IPC: 0.918960
Cycle: 3046925	Best offset: 5	Score: 32	Hit Rate: 0.501268
	---- Offset table ----
Offset -> Score
48 -> 16
5 -> 15
-17 -> 14
1 -> 14
	----------------------
Instructions Retired: 2900001 Cycle: 3164016 Hearbeat IPC: 0.854020 Cumulative IPC: 0.916557
Cycle: 3164016	Best offset: 5	Score: 32	Hit Rate: 0.504585
	---- Offset table ----
Offset -> Score
4 -> 29
5 -> 29
48 -> 29
1 -> 28
	----------------------
Instructions Retired: 3000002 Cycle: 3310620 Hearbeat IPC: 0.682116 Cumulative IPC: 0.906175
Cycle: 3310620	Best offset: 5	Score: 32	Hit Rate: 0.506457
	---- Offset table ----
Offset -> Score
-22 -> 15
2 -> 15
3 -> 15
5 -> 15
	----------------------
Offset switch to: 2	With score: 32

Simulation complete. Instructions retired: 3099751 Cycles elapsed: 3456646 IPC: 0.896751

Prefetcher final stats
