
*** Data Prefetching Championship 2 Simulator ***

Warmup Instructions: 10000000
Simulation Instructions: 100000000
Scramble loads OFF
Using 1MB Last Level Cache
Using 3.2 GB/s DRAM bandwidth
Knobs visible from prefetcher: 0 0 1
Resetting history queue.
Resetting offset table
Setting initial offset to 1
Tag offset: 6
Ressetting hit rate
Index 26
Index 19
Index 13
Index 34
Index 34
Index 34
Index 58
Index 6
Index 23
Index 11
Index 4
Index 52
Index 23
Index 19
Index 17
Index 41
Index 50
Index 51
Index 5
Index 34
Index 30
Index 33
Index 36
Index 24
Index 11
Index 22
Index 24
Index 43
Index 17
Index 14
Index 15
Index 19
Index 23
Index 16
Index 50
Index 54
Index 30
Index 59
Index 45
Index 17
Index 44
Index 63
Index 22
Index 28
Index 46
Index 21
Index 30
Index 63
Index 48
Index 22
Index 39
Index 62
Index 34
Index 17
Index 10
Index 49
Index 25
Index 6
Index 19
Index 0
Index 39
Index 20
Index 51
Index 44
Index 51
Index 29
Index 9
Index 27
Index 51
Index 62
Index 61
Index 35
Index 25
Index 16
Index 43
Index 28
Index 56
Index 3
Index 19
Index 9
Index 31
Index 40
Index 11
Index 41
Index 45
Index 25
Index 10
Index 26
Index 0
Index 9
Index 31
Index 19
Index 41
Index 27
Index 26
Index 21
Index 2
Index 17
Index 46
Index 53
Index 47
Index 42
Index 10
Index 8
Index 6
Index 17
Index 30
Index 39
Index 34
Index 34
Index 10
Index 55
Index 25
Index 59
Index 10
Index 11
Index 10
Index 55
Index 11
Index 33
Index 60
Index 50
Index 54
Index 18
Index 35
Index 25
Index 27
Index 52
Index 47
Index 38
Index 2
Index 1
Index 0
Index 15
Index 20
Index 5
Index 34
Index 25
Index 46
Index 38
Index 35
Index 57
Index 57
Index 26
Index 19
Index 33
Index 22
Index 2
Index 13
Index 8
Index 27
Index 1
Index 39
Index 37
Index 40
Index 17
Index 31
Index 17
Index 1
Index 25
Index 6
Index 36
Index 39
Index 1
Index 41
Index 5
Index 37
Index 54
Index 2
Index 46
Index 57
Index 55
Index 6
Index 63
Index 24
Index 20
Index 22
Index 6
Index 38
Index 11
Index 52
Index 51
Index 2
Index 11
Index 4
Index 31
Index 38
Index 32
Index 54
Index 2
Index 48
Index 45
Index 21
Index 33
Index 54
Index 46
Index 30
Index 5
Index 8
Index 11
Index 13
Index 26
Index 20
Index 36
Index 60
Index 35
Index 16
Index 8
Index 59
Index 29
Index 4
Index 44
Index 47
Index 21
Index 9
Index 47
Index 4
Index 62
Index 4
Index 28
Index 24
Index 9
Index 8
Index 26
Index 13
Index 24
Index 32
Index 54
Index 13
Index 13
Index 49
Index 6
Index 18
Instructions Retired: 100000 Cycle: 100419 Hearbeat IPC: 0.995827 Cumulative IPC: 0.995827
Cycle: 100419	Best offset: 1	Score: 0	Hit Rate: 0.339960
Index 46
Index 47
Index 27
Index 19
Index 59
Index 29
Index 47
Index 45
Index 43
Index 1
Index 50
Index 31
Index 27
Index 49
Index 34
Index 47
Index 24
Index 26
Index 46
Index 39
Index 33
Index 16
Index 42
Index 25
Index 63
Index 1
Index 26
Index 53
Index 27
Index 58
Index 16
Index 11
Index 22
Index 11
Index 23
Index 12
Index 45
Index 61
Index 61
Index 57
Index 27
Index 59
Index 17
Index 25
Index 18
Index 8
Index 45
Index 27
Index 29
Index 52
Index 54
Index 25
Index 20
Index 54
Index 36
Index 51
Index 24
Index 12
Index 28
Index 25
Index 61
Index 35
Index 3
Index 15
Index 29
Index 27
Index 33
Index 2
Index 18
Index 10
Index 32
Index 16
Index 10
Index 13
Index 16
Index 24
Index 48
Index 44
Index 23
Index 5
Index 38
Index 53
Index 60
Index 44
Index 27
Index 63
Index 43
Index 54
Index 20
Index 20
Index 41
Index 39
Index 4
Index 48
Index 33
Index 23
Index 34
Index 36
Index 22
Index 10
Index 60
Index 52
Index 56
Index 23
Index 4
Index 13
Index 6
Index 33
Index 41
Index 45
Index 45
Index 25
Index 58
Index 9
Index 10
Index 2
Index 34
Index 30
Index 55
Index 49
Index 17
Index 56
Index 27
Index 43
Index 24
Index 3
Index 15
Index 15
Index 52
Index 21
Index 23
Index 48
Index 25
Index 15
Index 17
Index 15
Index 61
Index 23
Index 4
Index 24
Index 41
Index 33
Index 8
Index 58
Index 57
Index 15
Index 40
Index 16
Index 17
Index 39
Index 16
Index 55
Index 21
Index 10
Index 39
Index 49
Index 8
Index 55
Index 45
Index 27
Index 62
Index 29
Index 20
Index 4
Index 4
Index 8
Index 28
Index 62
Index 45
Index 55
Index 7
Index 34
Index 29
Index 31
Index 43
Index 19
Index 5
Index 18
Index 24
Index 9
Index 10
Index 43
Index 1
Index 53
Index 29
Index 11
Index 18
Index 39
Index 28
Index 20
Index 27
Index 11
Index 51
Index 59
Index 47
Index 6
Index 20
Index 0
Index 43
Index 52
Index 25
Index 48
Index 4
Index 37
Index 37
Index 46
Index 55
Index 6
Index 21
Index 25
Index 34
Index 19
Index 60
Index 10
Index 27
Index 59
Index 5
Index 21
Index 43
Index 15
Index 43
Index 33
Index 63
Index 51
Index 2
Index 11
Index 1
Index 13
Index 28
Index 40
Index 48
Index 39
Index 13
Index 25
Index 15
Index 24
Index 0
Index 62
Index 63
Index 24
Index 39
Index 29
Index 55
Index 18
Instructions Retired: 200003 Cycle: 191769 Hearbeat IPC: 1.094724 Cumulative IPC: 1.042937
Cycle: 191769	Best offset: 1	Score: 0	Hit Rate: 0.331946
Index 19
Index 52
Index 3
Index 30
Index 40
Index 17
Index 27
Index 36
Index 8
Index 23
Index 34
Index 60
Index 16
Index 60
Index 59
Index 14
Index 48
Index 61
Index 58
Index 23
Index 14
Index 2
Index 43
Index 2
Index 46
Index 2
Index 60
Index 3
Index 45
Index 4
Index 42
Index 9
Index 20
Index 45
Index 25
Index 63
Index 1
Index 28
Index 53
Index 58
Index 57
Index 19
Index 41
Index 20
Index 32
Index 58
Index 11
Index 56
Index 17
Index 17
Index 2
Index 23
Index 4
Index 25
Index 0
Index 31
Index 33
Index 46
Index 52
Index 30
Index 60
Index 23
Index 21
Index 19
Index 55
Index 37
Index 31
Index 37
Index 23
Index 28
Index 37
Index 27
Index 21
Index 53
Index 0
Index 29
Index 10
Index 32
Index 1
Index 14
Index 10
Index 46
Index 47
Index 28
Index 46
Index 9
Index 25
Index 35
Index 6
Index 55
Index 53
Index 55
Index 3
Index 27
Index 39
Index 25
Index 23
Index 23
Index 60
Index 17
Index 41
Index 25
Index 9
Index 32
Index 18
Index 19
Index 14
Index 35
Index 19
Index 13
Index 56
Index 44
Index 18
Index 5
Index 3
Index 21
Index 23
Index 32
Index 18
Index 20
Index 12
Index 56
Index 47
Index 4
Index 24
Index 33
Index 29
Index 51
Index 55
Index 36
Index 55
Index 53
Index 10
Index 55
Index 43
Index 22
Index 5
Index 33
Index 15
Index 60
Index 55
Index 14
Index 49
Index 17
Index 50
Index 24
Index 47
Index 30
Index 0
Index 40
Index 10
Index 24
Index 26
Index 7
Index 17
Index 34
Index 44
Index 27
Index 49
Index 37
Index 33
Index 45
Index 35
Index 18
Index 35
Index 10
Index 37
Index 5
Index 41
Index 30
Index 20
Index 1
Index 40
Index 20
Index 62
Index 61
Index 24
Index 43
Index 32
Index 54
Index 14
Index 59
Index 12
Index 43
Index 21
Index 0
Index 8
Index 53
Index 10
Index 36
Index 19
Index 37
Index 32
Index 43
Index 36
Index 63
Index 37
Index 17
Index 62
Index 26
Index 40
Index 15
Index 14
Index 60
Index 25
Index 29
Index 10
Index 51
Index 39
Index 25
Index 22
Index 22
Index 59
Index 9
Index 44
Index 9
Index 48
Index 63
Index 53
Index 51
Index 40
Index 50
Index 32
Index 4
Index 32
Index 15
Index 39
Index 22
Index 58
Index 44
Index 1
Index 62
Index 10
Index 17
Index 5
Index 16
Index 60
Index 30
Instructions Retired: 300005 Cycle: 274345 Hearbeat IPC: 1.211030 Cumulative IPC: 1.093532
Cycle: 274345	Best offset: 1	Score: 0	Hit Rate: 0.343168
Index 6
Index 37
Index 45
Index 41
Index 36
Index 36
Index 2
Index 51
Index 63
Index 43
Index 13
Index 60
Index 27
Index 20
Index 31
Index 51
Index 31
Index 24
Index 6
Index 3
Index 0
Index 6
Index 17
Index 56
Index 36
Index 14
Index 0
Index 27
Index 2
Index 10
Index 50
Index 38
Index 61
Index 43
Index 56
Index 6
Index 6
Index 3
Index 44
Index 36
Index 36
Index 52
Index 27
Index 46
Index 46
Index 22
Index 35
Index 16
Index 41
Index 16
Index 8
Index 36
Index 55
Index 44
Index 27
Index 62
Index 59
Index 10
Index 57
Index 45
Index 30
Index 38
Index 35
Index 19
Index 26
Index 0
Index 4
Index 17
Index 11
Index 51
Index 29
Index 59
Index 8
Index 40
Index 8
Index 25
Index 22
Index 40
Index 48
Index 11
Index 6
Index 34
Index 22
Index 25
Index 45
Index 55
Index 10
Index 20
Index 42
Index 14
Index 43
Index 54
Index 29
Index 38
Index 27
Index 10
Index 53
Index 62
Index 22
Index 57
Index 3
Index 24
Index 16
Index 43
Index 29
Index 37
Index 15
Index 61
Index 3
Index 19
Index 15
Index 57
Index 48
Index 46
Index 5
Index 1
Index 20
Index 56
Index 29
Index 14
Index 0
Index 2
Index 9
Index 61
Index 3
Index 46
Index 25
Index 43
Index 6
Index 18
Index 0
Index 6
Index 47
Index 38
Index 15
Index 7
Index 15
Index 48
Index 37
Index 25
Index 32
Index 22
Index 32
Index 20
Index 41
Index 41
Index 24
Index 33
Index 47
Index 2
Index 23
Index 50
Index 19
Index 55
Index 36
Index 55
Index 53
Index 3
Index 62
Index 11
Index 61
Index 35
Index 44
Index 53
Index 17
Index 50
Index 24
Index 46
Index 44
Index 26
Index 9
Index 16
Index 25
Index 2
Index 48
Index 11
Index 58
Index 26
Index 0
Index 47
Index 33
Index 10
Index 27
Index 43
Index 20
Index 53
Index 61
Index 35
Index 45
Index 35
Index 32
Index 10
Index 37
Index 3
Index 3
Index 4
Index 0
Index 24
Index 0
Index 26
Index 21
Index 21
Index 24
Index 40
Index 6
Index 38
Index 23
Index 53
Index 33
Index 61
Index 48
Index 41
Instructions Retired: 400005 Cycle: 349583 Hearbeat IPC: 1.329116 Cumulative IPC: 1.144235
Cycle: 349583	Best offset: 1	Score: 0	Hit Rate: 0.349924
Index 42
Index 8
Index 54
Index 33
Index 33
Index 34
Index 58
Index 52
Index 52
Index 6
Index 28
Index 41
Index 52
Index 3
Index 62
Index 62
Index 28
Index 16
Index 44
Index 26
Index 14
Index 13
Index 44
Index 3
Index 10
Index 20
Index 25
Index 23
Index 23
Index 20
Index 43
Index 46
Index 4
Index 62
Index 12
Index 20
Index 38
Index 42
Index 11
Index 50
Index 32
Index 32
Index 22
Index 45
Index 20
Index 16
Index 47
Index 25
Index 58
Index 34
Index 12
Index 1
Index 3
Index 0
Index 42
Index 17
Index 61
Index 56
Index 32
Index 18
Index 44
Index 37
Index 11
Index 3
Index 61
Index 40
Index 48
Index 21
Index 3
Index 25
Index 44
Index 32
Index 50
Index 11
Index 11
Index 41
Index 33
Index 50
Index 57
Index 17
Index 2
Index 28
Index 32
Index 2
Index 45
Index 10
Index 16
Index 25
Index 37
Index 47
Index 13
Index 0
Index 25
Index 59
Index 10
Index 13
Index 50
Index 17
Index 10
Index 0
Index 27
Index 34
Index 6
Index 12
Index 5
Index 48
Index 4
Index 23
Index 26
Index 35
Index 48
Index 2
Index 18
Index 16
Index 3
Index 2
Index 45
Index 36
Index 54
Index 31
Index 62
Index 6
Index 61
Index 62
Index 15
Index 7
Index 44
Index 55
Index 22
Index 53
Index 35
Index 24
Index 56
Index 50
Index 45
Index 54
Index 0
Index 53
Index 2
Index 61
Index 52
Index 61
Index 54
Index 34
Index 45
Index 40
Index 31
Index 3
Index 57
Index 43
Index 39
Index 61
Index 24
Index 60
Index 26
Index 63
Index 50
Index 21
Index 26
Index 45
Index 7
Index 1
Index 29
Index 7
Index 26
Index 12
Index 23
Index 8
Index 49
Index 43
Index 17
Index 41
Index 55
Index 6
Index 34
Index 28
Index 26
Index 38
Index 30
Index 22
Index 2
Index 33
Index 14
Index 13
Index 9
Index 42
Index 55
Index 27
Index 34
Index 54
Index 21
Index 7
Index 16
Index 57
Index 5
Index 2
Index 26
Index 46
Instructions Retired: 500005 Cycle: 424226 Hearbeat IPC: 1.339710 Cumulative IPC: 1.178629
Cycle: 424226	Best offset: 1	Score: 0	Hit Rate: 0.351031
Index 30
Index 17
Index 4
Index 2
Index 54
Index 46
Index 8
Index 4
Index 26
Index 3
Index 36
Index 16
Index 54
Index 10
Index 16
Index 54
Index 41
Index 13
Index 48
Index 2
Index 43
Index 12
Index 12
Index 57
Index 23
Index 2
Index 51
Index 16
Index 43
Index 61
Index 36
Index 45
Index 10
Index 37
Index 43
Index 36
Index 30
Index 46
Index 25
Index 32
Index 17
Index 10
Index 21
Index 21
Index 21
Index 26
Index 6
Index 24
Index 33
Index 11
Index 16
Index 57
Index 1
Index 27
Index 27
Index 21
Index 36
Index 22
Index 47
Index 54
Index 12
Index 30
Index 30
Index 54
Index 61
Index 41
Index 31
Index 41
Index 9
Index 35
Index 25
Index 21
Index 15
Index 14
Index 42
Index 25
Index 31
Index 5
Index 63
Index 15
Index 49
Index 50
Index 41
Index 0
Index 38
Index 1
Index 18
Index 33
Index 48
Index 28
Index 58
Index 29
Index 43
Index 36
Index 23
Index 58
Index 32
Index 13
Index 44
Index 37
Index 37
Index 31
Index 13
Index 13
Index 50
Index 37
Index 32
Index 32
Index 33
Index 3
Index 23
Index 46
Index 23
Index 37
Index 4
Index 14
Index 48
Index 10
Index 53
Index 31
Index 53
Index 28
Index 10
Index 41
Index 33
Index 61
Index 2
Index 19
Index 13
Index 63
Index 37
Index 27
Index 3
Index 9
Index 49
Index 54
Index 3
Index 47
Index 41
Index 13
Index 3
Index 40
Index 3
Index 54
Index 10
Index 19
Index 59
Index 21
Index 63
Index 0
Index 9
Index 4
Index 24
Index 11
Index 60
Index 24
Index 29
Index 42
Index 38
Index 22
Index 55
Index 2
Index 22
Index 0
Index 15
Index 36
Index 4
Index 39
Index 39
Index 25
Index 23
Index 21
Index 42
Index 18
Index 33
Index 6
Index 24
Index 37
Index 19
Index 59
Index 10
Index 11
Index 26
Index 60
Index 22
Index 26
Index 55
Index 57
Index 12
Index 40
Index 51
Index 49
Index 25
Index 9
Index 6
Instructions Retired: 600004 Cycle: 498686 Hearbeat IPC: 1.342990 Cumulative IPC: 1.203170
Cycle: 498686	Best offset: 1	Score: 0	Hit Rate: 0.359639
Index 2
Index 50
Index 63
Index 61
Index 36
Index 26
Index 42
Index 63
Index 37
Index 30
Index 49
Index 46
Index 63
Index 8
Index 3
Index 25
Index 29
Index 56
Index 24
Index 51
Index 53
Index 18
Index 57
Index 13
Index 50
Index 22
Index 59
Index 40
Index 26
Index 63
Index 44
Index 33
Index 44
Index 13
Index 1
Index 16
Index 63
Index 59
Index 35
Index 10
Index 6
Index 35
Index 55
Index 7
Index 16
Index 3
Index 60
Index 15
Index 41
Index 20
Index 41
Index 45
Index 24
Index 41
Index 25
Index 33
Index 55
Index 37
Index 55
Index 53
Index 8
Index 19
Index 10
Index 43
Index 51
Index 30
Index 28
Index 49
Index 17
Index 44
Index 54
Index 63
Index 22
Index 42
Index 25
Index 57
Index 34
Index 37
Index 42
Index 34
Index 6
Index 26
Index 45
Index 18
Index 42
Index 55
Index 31
Index 2
Index 43
Index 43
Index 29
Index 2
Index 27
Index 39
Index 56
Index 20
Index 1
Index 0
Index 27
Index 7
Index 60
Index 63
Index 7
Index 10
Index 37
Index 20
Index 28
Index 52
Index 0
Index 55
Index 46
Index 31
Index 35
Index 33
Index 61
Index 15
Index 22
Index 63
Index 38
Index 32
Index 38
Index 28
Index 43
Index 27
Index 43
Index 51
Index 48
Index 31
Index 56
Index 30
Index 62
Index 42
Index 63
Index 42
Index 21
Index 55
Index 50
Index 60
Index 41
Index 62
Index 26
Index 18
Index 30
Index 14
Index 2
Index 59
Index 10
Index 14
Index 59
Index 56
Index 20
Index 16
Index 16
Index 45
Index 45
Index 27
Index 57
Index 14
Index 25
Index 21
Index 53
Index 1
Index 49
Index 1
Index 55
Index 31
Index 53
Index 49
Index 32
Index 31
Index 62
Index 18
Index 62
Index 24
Index 7
Index 1
Index 24
Index 61
Index 7
Index 28
Index 55
Index 35
Index 51
Index 15
Index 0
Index 25
Index 54
Index 15
Index 62
Index 10
Index 13
Index 39
Index 38
Index 29
Index 12
Index 17
Index 57
Index 13
Index 37
Index 37
Index 28
Index 8
Index 9
Index 49
Index 44
Index 24
Index 12
Index 15
Index 41
Index 52
Index 58
Index 22
Index 31
Index 20
Instructions Retired: 700002 Cycle: 572737 Hearbeat IPC: 1.350394 Cumulative IPC: 1.222205
Cycle: 572737	Best offset: 1	Score: 0	Hit Rate: 0.363268
Index 32
Index 28
Index 8
Index 35
Index 59
Index 12
Index 44
Index 62
Index 9
Index 12
Index 45
Index 2
Index 12
Index 47
Index 0
Index 2
Index 44
Index 4
Index 17
Index 53
Index 19
Index 8
Index 8
Index 24
Index 31
Index 51
Index 24
Index 21
Index 13
Index 16
Index 21
Index 21
Index 1
Index 31
Index 42
Index 45
Index 28
Index 53
Index 2
Index 15
Index 59
Index 18
Index 15
Index 57
Index 4
Index 24
Index 32
Index 2
Index 60
Index 62
Index 18
Index 26
Index 42
Index 43
Index 62
Index 29
Index 38
Index 47
Index 21
Index 61
Index 9
Index 62
Index 22
Index 62
Index 51
Index 54
Index 41
Index 27
Index 11
Index 31
Index 15
Index 57
Index 25
Index 35
Index 11
Index 21
Index 25
Index 60
Index 17
Index 20
Index 8
Index 21
Index 43
Index 28
Index 14
Index 48
Index 11
Index 4
Index 20
Index 20
Index 9
Index 28
Index 40
Index 46
Index 6
Index 19
Index 47
Index 27
Index 22
Index 10
Index 17
Index 42
Index 1
Index 52
Index 18
Index 17
Index 34
Index 43
Index 25
Index 19
Index 16
Index 28
Index 13
Index 30
Index 40
Index 29
Index 27
Index 7
Index 7
Index 2
Index 53
Index 23
Index 16
Index 35
Index 52
Index 41
Index 33
Index 49
Index 35
Index 34
Index 15
Index 19
Index 18
Index 42
Index 37
Index 16
Index 20
Index 62
Index 26
Index 7
Index 43
Index 32
Index 55
Index 20
Index 11
Index 47
Index 1
Index 61
Index 61
Index 27
Index 54
Index 8
Index 8
Index 38
Index 32
Index 28
Index 31
Index 40
Index 31
Index 18
Index 44
Index 5
Index 17
Index 10
Index 5
Index 4
Index 3
Index 24
Index 59
Index 15
Index 55
Index 31
Index 54
Index 47
Index 4
Index 44
Index 57
Index 31
Index 7
Index 25
Index 32
Index 63
Index 41
Index 16
Instructions Retired: 800000 Cycle: 645429 Hearbeat IPC: 1.375640 Cumulative IPC: 1.239486
Cycle: 645429	Best offset: 1	Score: 0	Hit Rate: 0.370989
Index 59
Index 46
Index 18
Index 43
Index 4
Index 51
Index 22
Index 47
Index 51
Index 42
Index 7
Index 60
Index 29
Index 21
Index 25
Index 6
Index 32
Index 12
Index 41
Index 43
Index 33
Index 58
Index 20
Index 13
Index 45
Index 50
Index 18
Index 11
Index 56
Index 47
Index 29
Index 25
Index 13
Index 19
Index 40
Index 0
Index 59
Index 10
Index 10
Index 46
Index 60
Index 10
Index 20
Index 54
Index 17
Index 17
Index 7
Index 24
Index 44
Index 40
Index 29
Index 52
Index 28
Index 58
Index 44
Index 16
Index 43
Index 62
Index 32
Index 46
Index 21
Index 51
Index 13
Index 46
Index 41
Index 49
Index 27
Index 40
Index 23
Index 17
Index 5
Index 9
Index 11
Index 9
Index 58
Index 25
Index 42
Index 26
Index 21
Index 17
Index 44
Index 15
Index 1
Index 42
Index 13
Index 63
Index 51
Index 18
Index 59
Index 24
Index 16
Index 23
Index 53
Index 3
Index 17
Index 45
Index 61
Index 56
Index 48
Index 10
Index 31
Index 51
Index 58
Index 4
Index 17
Index 36
Index 19
Index 46
Index 27
Index 15
Index 46
Index 23
Index 36
Index 25
Index 25
Index 5
Index 6
Index 35
Index 4
Index 1
Index 40
Index 48
Index 1
Index 38
Index 20
Index 56
Index 31
Index 14
Index 25
Index 17
Index 49
Index 4
Index 11
Index 55
Index 47
Index 58
Index 22
Index 25
Index 57
Index 14
Index 7
Index 28
Index 17
Index 33
Index 39
Index 40
Index 12
Index 48
Index 24
Index 17
Index 3
Index 55
Index 5
Index 60
Index 46
Index 7
Index 52
Index 61
Index 28
Index 43
Index 24
Index 4
Index 6
Index 32
Index 32
Index 19
Index 61
Index 22
Index 17
Index 0
Index 52
Index 53
Index 57
Index 0
Index 11
Index 37
Index 56
Index 31
Index 12
Index 12
Index 32
Index 39
Index 12
Index 12
Instructions Retired: 900005 Cycle: 722868 Hearbeat IPC: 1.291404 Cumulative IPC: 1.245047
Cycle: 722868	Best offset: 1	Score: 0	Hit Rate: 0.376000
Index 22
Index 8
Index 42
Index 47
Index 39
Index 14
Index 5
Index 38
Index 0
Index 44
Index 15
Index 58
Index 24
Index 59
Index 44
Index 62
Index 55
Index 30
Index 47
Index 6
Index 45
Index 54
Index 18
Index 39
Index 28
Index 10
Index 24
Index 51
Index 42
Index 3
Index 62
Index 25
Index 43
Index 29
Index 0
Index 44
Index 51
Index 9
Index 42
Index 9
Index 25
Index 55
Index 33
Index 7
Index 37
Index 21
Index 36
Index 16
Index 9
Index 42
Index 28
Index 14
Index 41
Index 24
Index 22
Index 44
Index 16
Index 62
Index 18
Index 42
Index 23
Index 44
Index 5
Index 47
Index 50
Index 40
Index 7
Index 37
Index 50
Index 57
Index 21
Index 9
Index 50
Index 13
Index 48
Index 0
Index 55
Index 11
Index 11
Index 13
Index 46
Index 25
Index 55
Index 45
Index 46
Index 62
Index 4
Index 39
Index 9
Index 40
Index 1
Index 7
Index 38
Index 10
Index 43
Index 38
Index 8
Index 2
Index 15
Index 48
Index 24
Index 23
Index 2
Index 27
Index 54
Index 29
Index 58
Index 16
Index 10
Index 22
Index 17
Index 32
Index 37
Index 51
Index 45
Index 62
Index 45
Index 58
Index 5
Index 5
Index 54
Index 26
Index 9
Index 56
Index 19
Index 34
Index 4
Index 25
Index 44
Index 37
Index 52
Index 59
Index 53
Index 20
Index 59
Index 32
Index 58
Index 11
Index 43
Index 26
Index 26
Index 32
Index 16
Index 10
Index 21
Index 60
Index 6
Index 25
Index 50
Index 7
Index 9
Index 50
Index 9
Index 22
Index 47
Index 48
Index 44
Index 63
Index 55
Index 59
Index 42
Index 25
Index 63
Index 41
Index 32
Index 25
Index 8
Index 37
Index 2
Index 25
Index 2
Index 48
Index 38
Index 56
Index 31
Index 33
Index 62
Index 52
Index 25
Index 50
Index 4
Index 13
Instructions Retired: 1000003 Cycle: 797901 Hearbeat IPC: 1.332720 Cumulative IPC: 1.253292
Cycle: 797901	Best offset: 1	Score: 0	Hit Rate: 0.377459
Index 41
Index 44
Index 44
Index 25
Index 34
Index 10
Index 2
Index 17
Index 31
Index 16
Index 55
Index 50
Index 24
Index 24
Index 59
Index 5
Index 30
Index 20
Index 42
Index 20
Index 13
Index 37
Index 24
Index 15
Index 48
Index 27
Index 9
Index 50
Index 16
Index 61
Index 31
Index 24
Index 27
Index 38
Index 57
Index 56
Index 21
Index 2
Index 51
Index 8
Index 14
Index 40
Index 13
Index 14
Index 10
Index 40
Index 3
Index 45
Index 53
Index 45
Index 13
Index 52
Index 4
Index 15
Index 11
Index 28
Index 62
Index 6
Index 40
Index 6
Index 30
Index 45
Index 55
Index 57
Index 6
Index 17
Index 20
Offset switch to: 119	With score: 1
Index 5
Index 37
Index 10
Index 10
Index 24
Index 26
Index 5
Index 43
Index 39
Index 26
Index 54
Index 1
Index 20
Index 0
Index 44
Index 15
Index 4
Index 40
Index 40
Index 47
Index 56
Index 7
Index 21
Index 25
Index 56
Index 42
Index 7
Index 35
Index 16
Index 9
Index 44
Index 28
Index 54
Index 17
Index 57
Index 52
Index 16
Index 36
Index 47
Index 40
Index 4
Index 25
Index 60
Index 60
Index 14
Index 25
Index 18
Index 63
Index 30
Index 9
Index 56
Index 44
Index 24
Index 25
Index 3
Index 3
Index 13
Index 13
Index 15
Offset switch to: 72	With score: 1
Index 2
Index 54
Index 21
Index 17
Index 11
Index 11
Index 14
Index 26
Index 14
Index 25
Index 43
Index 61
Index 59
Index 15
Index 38
Index 62
Index 15
Index 8
Index 35
Index 43
Index 15
Index 16
Index 44
Index 7
Index 8
Index 27
Index 20
Index 32
Index 2
Index 28
Index 22
Index 48
Index 48
Index 42
Index 1
Index 55
Index 60
Index 46
Index 32
Offset switch to: 54	With score: 1
Index 59
Index 8
Index 8
Index 58
Index 52
Index 23
Index 24
Index 49
Index 13
Index 19
Index 13
Index 21
Index 42
Index 58
Index 10
Index 27
Index 18
Index 34
Index 55
Index 26
Index 30
Index 63
Index 31
Index 17
Index 47
Instructions Retired: 1100005 Cycle: 902974 Hearbeat IPC: 0.951738 Cumulative IPC: 1.218202
Cycle: 902974	Best offset: 54	Score: 0	Hit Rate: 0.357944
Index 41
Index 23
Offset switch to: 75	With score: 1
Index 0
Index 50
Index 52
Index 60
Index 22
Index 25
Index 42
Index 62
Index 36
Index 29
Index 47
Index 56
Index 32
Index 3
Index 13
Index 7
Index 47
Index 48
Index 29
Index 46
Index 39
Index 17
Index 56
Index 4
Index 28
Index 39
Index 25
Index 35
Index 17
Index 40
Index 25
Index 9
Index 32
Index 57
Index 47
Index 15
Index 61
Index 50
Index 19
Index 10
Index 56
Index 44
Index 16
Index 5
Index 3
Index 59
Index 40
Index 24
Index 30
Index 18
Index 20
Index 43
Index 11
Index 56
Index 22
Index 4
Index 25
Index 33
Index 4
Index 10
Index 22
Index 18
Index 22
Index 38
Index 28
Index 24
Index 51
Index 28
Offset switch to: 38	With score: 1
Index 5
Index 27
Index 15
Index 61
Index 61
Index 40
Index 4
Index 12
Index 59
Index 8
Index 41
Index 24
Index 43
Index 51
Index 7
Index 10
Index 59
Index 37
Index 21
Index 20
Index 59
Index 61
Index 11
Index 37
Index 32
Index 12
Index 39
Index 20
Index 46
Index 25
Index 56
Index 60
Index 11
Index 10
Index 0
Index 59
Index 43
Index 10
Index 1
Index 24
Index 18
Index 43
Index 12
Index 62
Index 31
Index 37
Index 31
Index 53
Index 43
Index 25
Index 63
Offset switch to: 3	With score: 1
Index 25
Index 51
Index 5
Index 14
Index 20
Index 51
Index 48
Index 48
Index 7
Index 54
Index 30
Index 10
Index 43
Index 55
Index 58
Index 49
Index 18
Index 33
Index 27
Index 56
Index 43
Index 9
Index 63
Index 62
Index 5
Index 9
Index 6
Index 33
Index 0
Index 35
Index 31
Index 59
Index 28
Index 30
Index 51
Index 26
Index 21
Index 63
Index 20
Index 12
Index 20
Index 57
Index 44
Index 25
Index 24
Index 34
Index 24
Index 48
Index 60
Index 3
Index 3
Index 15
Offset switch to: 72	With score: 1
Index 43
Index 46
Index 49
Index 12
Index 54
Index 4
Index 4
Index 44
Index 25
Index 10
Index 46
Index 46
Index 45
Instructions Retired: 1200003 Cycle: 1025080 Hearbeat IPC: 0.818944 Cumulative IPC: 1.170643
Cycle: 1025080	Best offset: 72	Score: 1	Hit Rate: 0.341697
Index 21
Index 47
Index 15
Index 41
Index 50
Index 15
Index 8
Index 36
Index 55
Index 33
Index 1
Index 7
Index 27
Index 50
Index 20
Index 32
Index 18
Index 50
Index 59
Index 4
Index 17
Offset switch to: 119	With score: 1
Index 52
Index 7
Index 22
Index 14
Index 50
Index 42
Index 27
Index 28
Index 33
Index 46
Index 8
Index 46
Index 63
Index 21
Index 38
Index 18
Index 22
Index 15
Index 0
Index 33
Index 27
Index 10
Index 45
Index 51
Index 40
Index 41
Index 40
Index 16
Index 60
Index 59
Index 1
Index 10
Index 35
Index 55
Index 37
Index 25
Index 28
Index 41
Index 51
Index 11
Index 29
Index 6
Index 40
Index 26
Index 54
Index 3
Index 19
Index 11
Offset switch to: 14	With score: 1
Index 61
Index 46
Index 47
Index 56
Index 20
Index 5
Index 26
Index 5
Index 27
Index 31
Index 6
Index 14
Index 53
Index 59
Index 49
Index 49
Index 28
Index 24
Index 5
Index 19
Index 19
Index 1
Index 25
Index 55
Index 44
Index 58
Index 61
Index 41
Index 23
Index 39
Index 31
Index 15
Index 11
Index 27
Index 55
Index 8
Index 1
Index 60
Index 57
Index 29
Index 25
Index 7
Index 12
Index 23
Index 48
Index 42
Index 1
Index 4
Index 12
Index 11
Index 40
Index 39
Index 54
Index 59
Offset switch to: 56	With score: 1
Index 8
Index 8
Index 25
Index 10
Index 14
Index 48
Index 38
Index 47
Index 47
Index 19
Index 16
Index 26
Index 47
Index 57
Index 26
Index 41
Index 28
Index 46
Index 15
Index 17
Index 60
Index 23
Index 52
Index 35
Index 50
Index 45
Index 12
Index 55
Index 0
Index 24
Index 34
Index 38
Index 25
Index 41
Index 28
Index 48
Index 38
Index 19
Index 7
Index 34
Index 24
Index 0
Index 32
Index 8
Index 9
Index 27
Index 30
Index 36
Index 2
Index 53
Index 49
Index 5
Index 20
Index 2
Index 26
Index 55
Index 10
Index 45
Index 58
Index 61
Index 44
Index 45
Index 15
Index 33
Index 12
Index 28
Index 55
Index 47
Index 48
Index 18
Index 6
Index 4
Index 48
Index 3
Index 20
Instructions Retired: 1300002 Cycle: 1156065 Hearbeat IPC: 0.763439 Cumulative IPC: 1.124506
Cycle: 1156065	Best offset: 56	Score: 0	Hit Rate: 0.330599
Index 25
Index 9
Index 39
Index 28
Index 17
Index 3
Index 9
Index 18
Index 16
Index 45
Index 53
Index 8
Index 45
Index 35
Index 62
Index 12
Index 61
Index 19
Index 36
Index 52
Index 18
Index 50
Index 25
Index 11
Index 36
Index 2
Index 24
Index 19
Index 18
Index 28
Index 34
Index 59
Index 49
Index 25
Index 35
Index 34
Index 53
Index 5
Index 15
Index 46
Index 3
Index 36
Index 31
Index 45
Index 22
Index 58
Index 24
Index 51
Index 31
Index 54
Index 9
Index 57
Index 53
Index 11
Index 18
Index 5
Index 55
Index 46
Index 32
Index 20
Index 14
Index 51
Index 55
Index 4
Index 40
Index 29
Index 62
Index 27
Index 60
Index 60
Index 28
Index 44
Index 7
Index 39
Index 15
Index 21
Index 14
Index 13
Index 23
Index 50
Index 3
Index 61
Index 22
Index 20
Index 43
Index 46
Index 7
Index 9
Index 15
Index 63
Index 29
Index 31
Index 37
Index 0
Index 50
Index 26
Index 22
Index 40
Index 24
Index 19
Index 34
Index 15
Index 1
Index 9
Index 42
Index 16
Index 60
Index 29
Index 18
Index 34
Index 52
Index 11
Index 39
Index 2
Index 2
Index 18
Index 7
Index 41
Index 45
Index 25
Index 6
Index 63
Index 9
Index 41
Index 47
Index 8
Index 25
Index 24
Index 58
Index 20
Index 24
Index 3
Index 5
Index 45
Index 50
Index 30
Index 14
Index 16
Index 55
Index 15
Index 25
Index 36
Index 15
Index 21
Index 48
Index 44
Index 4
Index 49
Index 4
Index 33
Index 17
Index 56
Index 62
Index 56
Index 17
Index 10
Index 1
Index 55
Index 6
Index 31
Index 14
Index 17
Index 58
Index 22
Index 43
Index 10
Index 19
Index 34
Index 24
Index 27
Index 62
Index 11
Index 36
Index 9
Index 43
Index 62
Index 45
Index 20
Index 42
Index 6
Index 28
Index 53
Index 6
Index 35
Index 24
Index 26
Index 40
Index 23
Index 18
Index 31
Index 33
Index 15
Index 3
Index 7
Index 33
Index 10
Index 10
Index 63
Index 48
Index 21
Index 21
Index 33
Index 30
Index 63
Index 35
Index 52
Index 45
Index 44
Index 37
Index 53
Index 46
Index 26
Instructions Retired: 1400000 Cycle: 1299157 Hearbeat IPC: 0.698837 Cumulative IPC: 1.077622
Cycle: 1299157	Best offset: 56	Score: 0	Hit Rate: 0.312898
Index 14
Index 56
Index 17
Index 4
Index 31
Index 25
Index 7
Index 60
Index 3
Index 23
Index 9
Index 20
Index 20
Index 61
Index 35
Index 57
Index 43
Index 31
Index 55
Index 17
Index 50
Index 45
Index 0
Index 42
Index 38
Index 1
Index 28
Index 40
Index 21
Index 47
Index 60
Index 16
Index 40
Index 4
Index 16
Index 8
Index 60
Index 56
Index 49
Index 33
Index 57
Index 43
Index 16
Index 30
Index 32
Index 7
Index 6
Index 27
Index 18
Index 42
Index 32
Index 13
Index 40
Index 27
Index 25
Index 48
Index 48
Index 27
Index 16
Index 36
Index 46
Index 16
Index 12
Index 59
Index 7
Index 39
Index 51
Index 10
Index 19
Index 45
Index 44
Index 52
Index 42
Index 43
Index 24
Index 34
Index 17
Index 60
Index 10
Index 15
Index 8
Index 28
Index 57
Index 1
Index 43
Index 4
Index 13
Index 4
Index 25
Index 52
Index 36
Index 51
Index 38
Index 1
Index 1
Index 18
Index 6
Index 62
Index 53
Index 30
Index 41
Index 63
Index 26
Index 13
Index 19
Index 63
Index 31
Index 9
Index 43
Index 38
Index 22
Index 42
Index 42
Index 51
Index 14
Index 33
Index 1
Index 37
Index 37
Index 37
Index 37
Index 36
Index 23
Index 22
Index 60
Index 7
Index 13
Index 0
Index 62
Index 59
Index 21
Index 12
Index 50
Index 49
Index 30
Index 21
Index 42
Index 48
Index 6
Index 59
Index 18
Index 24
Index 63
Index 46
Index 53
Index 58
Index 44
Index 16
Index 9
Index 22
Index 60
Index 46
Index 10
Index 60
Index 60
Index 45
Index 39
Index 56
Index 23
Index 8
Index 50
Index 24
Index 25
Index 50
Index 5
Index 33
Index 53
Index 22
Index 29
Index 58
Index 56
Index 45
Index 22
Index 45
Index 25
Index 32
Index 35
Index 20
Index 3
Index 20
Index 20
Index 26
Index 9
Index 38
Instructions Retired: 1500003 Cycle: 1453765 Hearbeat IPC: 0.646816 Cumulative IPC: 1.031806
Cycle: 1453765	Best offset: 56	Score: 0	Hit Rate: 0.293014
Index 11
Index 16
Index 57
Index 22
Index 22
Index 3
Index 35
Index 56
Index 18
Index 56
Index 25
Index 51
Index 13
Index 10
Index 48
Index 31
Index 49
Index 32
Index 14
Index 10
Index 63
Index 44
Index 58
Index 55
Index 22
Index 4
Index 20
Index 16
Index 40
Index 16
Index 29
Index 38
Index 16
Index 54
Index 36
Index 17
Index 36
Index 47
Index 47
Index 26
Index 57
Index 16
Index 54
Index 25
Index 5
Index 16
Index 52
Index 52
Index 24
Index 12
Index 54
Index 15
Index 5
Index 45
Index 25
Index 4
Index 0
Index 17
Index 3
Index 55
Index 23
Index 19
Index 15
Index 39
Index 18
Index 10
Index 36
Index 3
Index 39
Index 53
Index 3
Index 0
Index 0
Index 3
Index 41
Index 38
Index 38
Index 25
Index 48
Index 31
Index 35
Index 61
Index 52
Index 9
Index 48
Index 28
Index 45
Index 45
Index 17
Index 34
Index 29
Index 34
Index 5
Index 3
Index 18
Index 26
Index 42
Index 59
Index 59
Index 43
Index 3
Index 20
Index 49
Index 21
Index 5
Index 20
Index 10
Index 46
Index 31
Index 46
Index 31
Index 59
Index 43
Index 24
Index 50
Index 54
Index 51
Index 23
Index 4
Index 57
Index 1
Index 57
Index 59
Index 9
Index 15
Index 7
Index 46
Index 3
Index 4
Index 21
Index 16
Index 28
Index 28
Index 10
Index 17
Index 16
Index 11
Index 0
Index 60
Index 23
Index 23
Index 58
Index 3
Index 53
Index 52
Index 24
Index 12
Index 54
Index 32
Index 46
Index 24
Index 60
Index 25
Index 3
Index 14
Index 0
Index 61
Index 6
Index 28
Index 56
Index 10
Index 15
Index 9
Index 8
Index 2
Index 39
Index 53
Index 5
Index 7
Index 0
Index 38
Index 14
Index 63
Index 60
Index 25
Index 7
Index 47
Index 53
Index 38
Index 41
Index 16
Index 28
Index 50
Index 6
Index 54
Index 45
Index 9
Index 2
Index 53
Index 0
Index 17
Index 47
Index 35
Index 55
Index 35
Index 5
Index 38
Index 10
Index 10
Index 61
Index 23
Index 26
Index 10
Index 4
Index 30
Index 12
Index 12
Instructions Retired: 1600000 Cycle: 1593287 Hearbeat IPC: 0.716711 Cumulative IPC: 1.004213
Cycle: 1593287	Best offset: 56	Score: 0	Hit Rate: 0.275433
Index 43
Index 39
Index 15
Index 55
Index 47
Index 9
Index 58
Index 63
Index 10
Index 36
Index 40
Index 40
Index 25
Index 17
Index 49
Index 43
Index 49
Index 31
Index 42
Index 18
Index 45
Index 12
Index 25
Index 46
Index 60
Index 10
Index 2
Index 44
Index 54
Index 41
Index 59
Index 58
Index 19
Index 5
Index 54
Index 32
Index 19
Index 24
Index 55
Index 35
Index 50
Index 60
Index 62
Index 17
Index 34
Index 61
Index 54
Index 2
Index 23
Index 0
Index 23
Index 10
Index 53
Index 10
Index 52
Index 7
Index 31
Index 16
Index 41
Index 49
Index 12
Index 15
Index 33
Index 27
Index 7
Index 9
Index 19
Index 11
Index 12
Index 22
Index 25
Index 57
Index 49
Index 43
Index 22
Index 45
Index 15
Index 39
Index 49
Index 30
Index 36
Index 55
Index 6
Index 27
Index 11
Index 20
Index 40
Index 49
Index 17
Index 14
Index 15
Index 25
Index 10
Index 16
Index 19
Index 36
Index 46
Index 54
Index 46
Index 8
Index 26
Index 29
Index 63
Index 62
Index 40
Index 22
Index 17
Index 39
Index 1
Index 25
Index 45
Index 55
Index 20
Index 15
Index 52
Index 16
Index 15
Index 22
Index 40
Index 51
Index 13
Index 3
Index 28
Index 20
Index 19
Index 57
Index 32
Index 1
Index 43
Index 35
Index 16
Index 24
Index 32
Index 56
Index 54
Index 20
Index 51
Index 20
Index 12
Index 6
Index 46
Index 45
Index 33
Index 50
Index 16
Index 57
Index 48
Index 53
Index 15
Index 14
Index 32
Index 24
Index 2
Index 25
Index 13
Index 6
Index 58
Index 53
Index 1
Index 37
Index 4
Index 21
Index 28
Index 14
Index 9
Index 24
Index 54
Index 9
Index 18
Index 60
Index 46
Index 23
Index 27
Index 10
Index 38
Index 7
Index 31
Index 34
Index 46
Index 17
Index 3
Index 8
Index 4
Index 49
Index 25
Index 26
Index 7
Index 24
Index 56
Index 32
Index 22
Index 62
Instructions Retired: 1700002 Cycle: 1743533 Hearbeat IPC: 0.665588 Cumulative IPC: 0.975033
Cycle: 1743533	Best offset: 56	Score: 0	Hit Rate: 0.259907
Index 25
Index 6
Index 6
Index 57
Index 2
Index 14
Index 9
Index 35
Index 49
Index 19
Index 25
Index 22
Index 15
Index 47
Index 52
Index 59
Index 11
Index 58
Index 15
Index 28
Index 43
Index 48
Index 53
Index 56
Index 28
Index 56
Index 23
Index 44
Index 62
Index 17
Index 31
Index 47
Index 6
Index 45
Index 37
Index 54
Index 0
Index 10
Index 9
Index 22
Index 29
Index 24
Index 48
Index 42
Index 17
Index 26
Index 4
Index 12
Index 30
Index 51
Index 54
Index 34
Index 41
Index 48
Index 63
Index 37
Index 33
Index 18
Index 50
Index 25
Index 5
Index 14
Index 26
Index 0
Index 10
Index 40
Index 43
Index 55
Index 29
Index 58
Index 60
Index 58
Index 61
Index 27
Index 61
Index 22
Index 14
Index 43
Index 28
Index 40
Index 57
Index 34
Index 52
Index 13
Index 57
Index 2
Index 5
Index 18
Index 58
Index 47
Index 31
Index 15
Index 14
Index 47
Index 46
Index 35
Index 20
Index 52
Index 27
Index 44
Index 10
Index 14
Index 6
Index 31
Index 21
Index 13
Index 14
Index 15
Index 6
Index 58
Index 1
Index 47
Index 55
Index 51
Index 4
Index 57
Index 60
Index 12
Index 34
Index 9
Index 22
Index 9
Index 35
Index 17
Index 41
Index 7
Index 45
Index 30
Index 59
Index 60
Index 13
Index 8
Index 27
Index 59
Index 4
Index 32
Index 37
Index 35
Index 25
Index 53
Index 49
Index 50
Index 39
Index 0
Index 9
Index 15
Index 14
Index 42
Index 39
Index 57
Index 32
Index 2
Index 9
Index 58
Index 51
Index 45
Index 21
Index 58
Index 49
Index 47
Index 25
Index 17
Index 33
Index 35
Index 52
Index 0
Index 36
Index 11
Index 18
Index 57
Index 63
Index 25
Index 10
Index 14
Index 16
Index 33
Index 20
Index 38
Index 51
Index 20
Index 35
Index 24
Index 4
Index 45
Index 49
Index 33
Index 48
Index 63
Instructions Retired: 1800002 Cycle: 1898346 Hearbeat IPC: 0.645941 Cumulative IPC: 0.948195
Cycle: 1898346	Best offset: 56	Score: 0	Hit Rate: 0.246027
Index 22
Index 1
Index 43
Index 33
Index 34
Index 44
Index 26
Index 24
Index 15
Index 25
Index 51
Index 3
Index 13
Index 12
Index 52
Index 3
Index 43
Index 46
Index 30
Index 63
Index 12
Index 8
Index 18
Index 23
Index 8
Index 9
Index 16
Index 29
Index 38
Index 7
Index 32
Index 55
Index 59
Index 50
Index 44
Index 36
Index 24
Index 35
Index 44
Index 10
Index 37
Index 13
Index 24
Index 50
Index 27
Index 13
Index 41
Index 24
Index 31
Index 34
Index 9
Index 58
Index 26
Index 45
Index 33
Index 22
Index 3
Index 17
Index 11
Index 27
Index 1
Index 39
Index 35
Index 34
Index 44
Index 12
Index 56
Index 38
Index 22
Index 62
Index 23
Index 43
Index 29
Index 55
Index 59
Index 59
Index 53
Index 20
Index 24
Index 49
Index 33
Index 58
Index 8
Index 19
Index 22
Index 3
Index 24
Index 24
Index 29
Index 6
Index 56
Index 37
Index 58
Index 27
Index 0
Index 55
Index 5
Index 22
Index 33
Index 53
Index 59
Index 14
Index 0
Index 31
Index 0
Index 17
Index 30
Index 17
Index 12
Index 33
Index 45
Index 25
Index 15
Index 9
Index 2
Index 18
Index 37
Index 10
Index 34
Index 55
Index 50
Index 49
Index 28
Index 18
Index 3
Index 59
Index 61
Index 27
Index 14
Index 61
Index 14
Index 10
Index 13
Index 50
Index 27
Index 58
Index 18
Index 4
Index 33
Index 34
Index 25
Index 45
Index 45
Index 35
Index 34
Index 8
Index 58
Index 58
Index 33
Index 30
Index 19
Index 17
Index 18
Index 43
Index 21
Index 27
Index 57
Index 35
Index 10
Index 17
Index 12
Index 55
Index 45
Index 26
Index 50
Index 24
Index 34
Index 10
Index 22
Index 4
Index 7
Index 37
Index 53
Index 6
Index 41
Index 18
Index 46
Index 57
Index 11
Index 51
Index 6
Index 24
Index 3
Index 25
Index 50
Index 55
Index 31
Index 61
Index 41
Index 53
Index 15
Index 14
Index 32
Instructions Retired: 1900003 Cycle: 2045976 Hearbeat IPC: 0.677376 Cumulative IPC: 0.928654
Cycle: 2045976	Best offset: 56	Score: 0	Hit Rate: 0.233554
Index 46
Index 22
Index 26
Index 31
Index 35
Index 21
Index 5
Index 24
Index 15
Index 26
Index 55
Index 43
Index 8
Index 36
Index 16
Index 9
Index 60
Index 32
Index 58
Index 53
Index 2
Index 17
Index 29
Index 43
Index 5
Index 5
Index 22
Index 25
Index 13
Index 45
Index 13
Index 14
Index 20
Index 39
Index 25
Index 55
Index 31
Index 10
Index 31
Index 49
Index 18
Index 10
Index 19
Index 41
Index 27
Index 11
Index 51
Index 57
Index 53
Index 10
Index 12
Index 50
Index 25
Index 31
Index 3
Index 56
Index 60
Index 48
Index 45
Index 55
Index 15
Index 33
Index 15
Index 10
Index 28
Index 45
Index 22
Index 41
Index 25
Index 47
Index 36
Index 14
Index 0
Index 25
Index 50
Index 43
Index 16
Index 61
Index 22
Index 23
Index 43
Index 1
Index 61
Index 61
Index 45
Index 56
Index 24
Index 4
Index 4
Index 25
Index 5
Index 33
Index 27
Index 15
Index 21
Index 20
Index 33
Index 25
Index 19
Index 61
Index 38
Index 7
Index 23
Index 16
Index 43
Index 20
Index 8
Index 27
Index 9
Index 3
Index 17
Index 10
Index 16
Index 61
Index 4
Index 21
Index 21
Index 7
Index 9
Index 47
Index 50
Index 34
Index 5
Index 11
Index 55
Index 26
Index 2
Index 13
Index 63
Index 61
Index 16
Index 2
Index 5
Index 25
Index 30
Index 17
Index 52
Index 55
Index 21
Index 0
Index 46
Index 50
Index 11
Index 55
Index 34
Index 18
Index 5
Index 14
Index 60
Index 21
Index 24
Index 31
Index 5
Index 35
Index 60
Index 57
Index 7
Index 23
Index 31
Index 35
Index 54
Index 36
Index 54
Index 52
Index 8
Index 50
Index 10
Index 42
Index 50
Index 30
Index 36
Index 14
Index 28
Index 53
Index 49
Index 11
Index 46
Index 1
Index 9
Index 26
Index 3
Index 21
Index 59
Index 35
Index 38
Index 37
Index 36
Index 9
Instructions Retired: 2000002 Cycle: 2206467 Hearbeat IPC: 0.623082 Cumulative IPC: 0.906427
Cycle: 2206467	Best offset: 56	Score: 0	Hit Rate: 0.222208
Index 2
Index 47
Index 3
Index 60
Index 41
Index 22
Index 38
Index 29
Index 11
Index 6
Index 62
Index 37
Index 16
Index 45
Index 24
Index 31
Index 56
Index 50
Index 20
Index 21
Index 60
Index 6
Index 9
Index 46
Index 33
Index 59
Index 37
Index 50
Index 53
Index 56
Index 26
Index 2
Index 11
Index 61
Index 34
Index 16
Index 2
Index 5
Index 25
Index 0
Index 2
Index 44
Index 33
Index 44
Index 19
Index 50
Index 29
Index 3
Index 57
Index 21
Index 12
Index 15
Index 10
Index 63
Index 6
Index 39
Index 55
Index 28
Index 17
Index 34
Index 24
Index 45
Index 26
Index 28
Index 36
Index 11
Index 49
Index 9
Index 53
Index 28
Index 14
Index 42
Index 14
Index 54
Index 62
Index 11
Index 14
Index 44
Index 14
Index 47
Index 50
Index 63
Index 26
Index 44
Index 25
Index 8
Index 0
Index 27
Index 53
Index 56
Index 13
Index 45
Index 4
Index 39
Index 4
Index 0
Index 54
Index 6
Index 55
Index 45
Index 25
Index 7
Index 11
Index 46
Index 62
Index 41
Index 16
Index 28
Index 6
Index 6
Index 11
Index 9
Index 51
Index 34
Index 2
Index 15
Index 2
Index 60
Index 32
Index 21
Index 26
Index 52
Index 42
Index 4
Index 17
Index 19
Index 43
Index 31
Index 2
Index 0
Index 35
Index 15
Index 56
Index 50
Index 44
Index 50
Index 21
Index 56
Index 22
Index 46
Index 60
Index 27
Index 16
Index 59
Index 18
Index 41
Index 58
Index 5
Index 55
Index 15
Index 33
Index 63
Index 51
Index 1
Index 28
Index 18
Index 28
Index 23
Index 60
Index 26
Index 43
Index 62
Index 28
Index 61
Index 9
Index 6
Index 38
Index 7
Index 47
Index 30
Index 46
Index 16
Index 0
Index 6
Index 18
Index 59
Index 57
Index 48
Index 33
Index 28
Index 12
Index 24
Index 14
Index 18
Instructions Retired: 2100001 Cycle: 2358215 Hearbeat IPC: 0.658981 Cumulative IPC: 0.890504
Cycle: 2358215	Best offset: 56	Score: 0	Hit Rate: 0.212044
Index 19
Index 45
Index 0
Index 25
Index 31
Index 2
Index 55
Index 10
Index 61
Index 54
Index 50
Index 57
Index 9
Index 6
Index 19
Index 29
Index 57
Index 29
Index 34
Index 0
Index 7
Index 2
Index 48
Index 24
Index 43
Index 2
Index 60
Index 15
Index 44
Index 3
Index 18
Index 33
Index 2
Index 19
Index 22
Index 47
Index 20
Index 59
Index 45
Index 13
Index 56
Index 35
Index 43
Index 26
Index 46
Index 6
Index 52
Index 15
Index 41
Index 40
Index 49
Index 7
Index 15
Index 8
Index 46
Index 51
Index 28
Index 22
Index 2
Index 10
Index 52
Index 60
Index 22
Index 34
Index 4
Index 29
Index 12
Index 53
Index 25
Index 17
Index 42
Index 29
Index 3
Index 19
Index 57
Index 47
Index 46
Index 38
Index 6
Index 40
Index 28
Index 63
Index 32
Index 36
Index 4
Index 18
Index 18
Index 0
Index 23
Index 25
Index 15
Index 47
Index 48
Index 2
Index 32
Index 16
Index 48
Index 45
Index 6
Index 57
Index 4
Index 48
Index 3
Index 25
Index 43
Index 2
Index 28
Index 60
Index 17
Index 4
Index 3
Index 18
Index 17
Index 45
Index 20
Index 62
Index 61
Index 38
Index 15
Index 12
Index 13
Index 28
Index 13
Index 58
Index 62
Index 25
Index 56
Index 43
Index 7
Index 46
Index 10
Index 59
Index 37
Index 53
Index 21
Index 20
Index 51
Index 28
Index 20
Index 52
Index 61
Index 60
Index 4
Index 34
Index 37
Index 32
Index 27
Index 10
Index 45
Index 24
Index 53
Index 3
Index 16
Index 22
Index 60
Index 36
Index 25
Index 41
Index 33
Index 12
Index 17
Index 57
Index 5
Index 22
Index 55
Index 6
Index 25
Index 62
Index 56
Index 19
Index 24
Index 27
Index 6
Index 34
Index 25
Index 24
Index 56
Index 47
Index 16
Index 12
Index 49
Index 8
Index 6
Index 24
Index 9
Index 25
Index 62
Index 55
Index 52
Index 49
Instructions Retired: 2200003 Cycle: 2510477 Hearbeat IPC: 0.656776 Cumulative IPC: 0.876329
Cycle: 2510477	Best offset: 56	Score: 0	Hit Rate: 0.202681
Index 54
Index 10
Index 34
Index 29
Index 45
Index 24
Index 18
Index 37
Index 28
Index 57
Index 47
Index 29
Index 20
Index 4
Index 2
Index 20
Index 37
Index 6
Index 18
Index 60
Index 58
Index 55
Index 20
Index 44
Index 11
Index 16
Index 9
Index 42
Index 36
Index 6
Index 27
Index 26
Index 7
Index 16
Index 54
Index 8
Index 24
Index 5
Index 6
Index 3
Index 57
Index 1
Index 14
Index 9
Index 49
Index 31
Index 5
Index 51
Index 2
Index 32
Index 10
Index 63
Index 42
Index 52
Index 23
Index 3
Index 17
Index 7
Index 14
Index 36
Index 36
Index 25
Index 45
Index 50
Index 9
Index 53
Index 39
Index 41
Index 41
Index 22
Index 56
Index 24
Index 19
Index 56
Index 62
Index 17
Index 31
Index 6
Index 45
Index 33
Index 63
Index 58
Index 46
Index 54
Index 19
Index 41
Index 29
Index 2
Index 45
Index 26
Index 42
Index 0
Index 4
Index 12
Index 19
Index 51
Index 54
Index 59
Index 8
Index 39
Index 8
Index 0
Index 17
Index 22
Index 39
Index 58
Index 26
Index 1
Index 55
Index 13
Index 62
Index 11
Index 51
Index 53
Index 12
Index 53
Index 29
Index 56
Index 6
Index 19
Index 2
Index 10
Index 20
Index 22
Index 4
Index 59
Index 25
Index 17
Index 42
Index 36
Index 37
Index 23
Index 3
Index 17
Index 19
Index 32
Index 39
Index 40
Index 25
Index 9
Index 50
Index 43
Index 25
Index 32
Index 36
Index 59
Index 27
Index 1
Index 44
Index 40
Index 61
Index 50
Index 25
Index 59
Index 50
Index 54
Index 47
Index 13
Index 17
Index 27
Index 52
Index 58
Index 3
Index 23
Index 10
Index 3
Index 20
Index 29
Index 20
Index 59
Index 7
Index 24
Index 50
Index 28
Index 17
Index 35
Index 24
Index 33
Index 35
Index 33
Index 5
Index 14
Index 12
Index 40
Index 15
Index 39
Index 12
Index 56
Index 63
Index 6
Index 23
Index 15
Index 10
Index 37
Index 53
Index 5
Index 51
Index 27
Index 53
Index 22
Index 18
Index 12
Index 28
Index 57
Index 17
Index 31
Instructions Retired: 2300001 Cycle: 2659792 Hearbeat IPC: 0.669712 Cumulative IPC: 0.864730
Cycle: 2659792	Best offset: 56	Score: 0	Hit Rate: 0.194111
Index 57
Index 24
Index 40
Index 45
Index 34
Index 23
Index 8
Index 39
Index 62
Index 56
Index 24
Index 41
Index 28
Index 26
Index 51
Index 18
Index 10
Index 4
Index 10
Index 25
Index 44
Index 45
Index 27
Index 33
Index 19
Index 45
Index 21
Index 56
Index 0
Index 51
Index 8
Index 34
Index 55
Index 9
Index 3
Index 60
Index 47
Index 32
Index 58
Index 14
Index 4
Index 26
Index 36
Index 12
Index 2
Index 10
Index 55
Index 32
Index 28
Index 11
Index 10
Index 18
Index 5
Index 44
Index 60
Index 59
Index 33
Index 17
Index 7
Index 17
Index 55
Index 38
Index 53
Index 20
Index 20
Index 57
Index 32
Index 2
Index 20
Index 31
Index 59
Index 49
Index 25
Index 48
Index 49
Index 22
Index 42
Index 55
Index 44
Index 39
Index 40
Index 7
Index 46
Index 8
Index 33
Index 25
Index 32
Index 17
Index 35
Index 21
Index 3
Index 21
Index 20
Index 1
Index 59
Index 57
Index 31
Index 25
Index 9
Index 50
Index 62
Index 54
Index 9
Index 58
Index 29
Index 39
Index 19
Index 19
Index 47
Index 16
Index 34
Index 55
Index 22
Index 55
Index 25
Index 32
Index 43
Index 21
Index 27
Index 5
Index 23
Index 55
Index 59
Index 21
Index 56
Index 36
Index 11
Index 63
Index 62
Index 48
Index 14
Index 21
Index 55
Index 12
Index 15
Index 40
Index 25
Index 58
Index 35
Index 6
Index 2
Index 9
Index 38
Index 54
Index 29
Index 9
Index 41
Index 59
Index 23
Index 54
Index 59
Index 30
Index 56
Index 6
Index 52
Index 52
Index 19
Index 28
Index 30
Index 15
Index 13
Index 42
Index 62
Index 25
Index 25
Index 35
Index 2
Index 0
Index 48
Index 10
Index 38
Index 53
Index 28
Index 10
Index 17
Index 48
Index 37
Index 56
Index 63
Index 62
Index 11
Index 45
Index 45
Index 62
Index 61
Index 15
Index 40
Index 63
Index 15
Index 8
Index 30
Index 54
Index 55
Index 12
Index 34
Index 2
Index 2
Index 57
Index 14
Index 20
Index 32
Index 40
Index 50
Index 16
Index 44
Index 25
Index 25
Index 27
Index 15
Index 50
Index 61
Index 42
Index 13
Index 13
Index 46
Index 8
Index 26
Index 46
Index 23
Index 59
Index 23
Index 40
Index 2
Index 21
Index 22
Index 50
Index 25
Index 52
Index 0
Index 52
Index 31
Index 46
Index 27
Index 16
Index 48
Index 22
Index 55
Index 21
Index 32
Index 20
Index 18
Index 54
Instructions Retired: 2400000 Cycle: 2840121 Hearbeat IPC: 0.554536 Cumulative IPC: 0.845034
Cycle: 2840121	Best offset: 56	Score: 0	Hit Rate: 0.184127
Index 24
Index 23
Index 35
Index 54
Index 25
Index 9
Index 3
Index 29
Index 47
Index 61
Index 32
Index 10
Index 21
Index 12
Index 39
Index 19
Index 13
Index 63
Index 48
Index 18
Index 61
Index 25
Index 0
Index 2
Index 43
Index 33
Index 43
Index 13
Index 32
Index 46
Index 20
Index 11
Index 49
Index 31
Index 49
Index 32
Index 13
Index 24
Index 52
Index 56
Index 23
Index 46
Index 4
Index 47
Index 13
Index 1
Index 46
Index 4
Index 21
Index 34
Index 16
Index 28
Index 10
Index 17
Index 16
Index 57
Index 36
Index 49
Index 49
Index 28
Index 17
Index 27
Index 43
Index 39
Index 39
Index 15
Index 15
Index 51
Index 0
Index 49
Index 13
Index 55
Index 31
Index 55
Index 9
Index 14
Index 37
Index 26
Index 26
Index 32
Index 60
Index 2
Index 10
Index 1
Index 18
Index 25
Index 44
Index 14
Index 33
Index 7
Index 8
Index 9
Index 54
Index 24
Index 4
Index 16
Index 28
Index 46
Index 6
Index 31
Index 10
Index 21
Index 7
Index 12
Index 48
Index 39
Index 19
Index 12
Index 29
Index 48
Index 31
Index 18
Index 57
Index 20
Index 26
Index 43
Index 33
Index 43
Index 13
Index 32
Index 46
Index 31
Index 20
Index 10
Index 20
Index 46
Index 35
Index 24
Index 53
Index 57
Index 54
Index 47
Index 4
Index 48
Index 13
Index 31
Index 31
Index 27
Index 7
Index 24
Index 34
Index 3
Index 9
Index 16
Index 56
Index 13
Index 26
Index 11
Index 1
Index 61
Index 23
Index 61
Index 4
Index 12
Index 24
Index 47
Index 53
Index 55
Index 36
Index 50
Index 4
Index 16
Index 11
Index 22
Index 25
Index 6
Index 26
Index 22
Index 32
Index 53
Index 56
Index 25
Index 19
Index 26
Index 16
Index 16
Index 3
Index 14
Index 3
Index 0
Index 63
Index 63
Index 38
Index 14
Index 62
Index 40
Index 60
Index 25
Index 6
Index 11
Index 46
Index 35
Index 46
Index 53
Index 38
Index 15
Index 43
Index 6
Index 0
Index 30
Index 1
Index 4
Index 20
Index 17
Index 60
Index 54
Index 56
Index 5
Index 11
Index 53
Index 52
Index 62
Index 24
Index 28
Index 10
Index 38
Index 29
Index 33
Index 14
Index 26
Index 33
Index 54
Index 44
Index 53
Index 28
Index 43
Index 32
Index 42
Index 42
Index 33
Index 7
Index 25
Index 38
Index 26
Index 38
Index 21
Index 2
Index 57
Index 43
Index 43
Index 15
Index 34
Index 50
Index 44
Index 45
Index 59
Index 25
Index 18
Index 31
Index 28
Index 34
Instructions Retired: 2500003 Cycle: 3016620 Hearbeat IPC: 0.566592 Cumulative IPC: 0.828743
Cycle: 3016620	Best offset: 56	Score: 0	Hit Rate: 0.175132
Index 25
Index 17
Index 28
Index 49
Index 7
Index 36
Index 0
Index 32
Index 28
Index 58
Index 2
Index 2
Index 12
Index 52
Index 45
Index 7
Index 19
Index 26
Index 11
Index 56
Index 11
Index 8
Index 40
Index 37
Index 27
Index 37
Index 22
Index 21
Index 14
Index 24
Index 62
Index 58
Index 14
Index 29
Index 48
Index 57
Index 59
Index 32
Index 13
Index 45
Index 24
Index 42
Index 16
Index 25
Index 54
Index 28
Index 23
Index 29
Index 35
Index 44
Index 16
Index 43
Index 10
Index 18
Index 28
Index 47
Index 21
Index 61
Index 14
Index 3
Index 29
Index 34
Index 17
Index 63
Index 6
Index 53
Index 15
Index 52
Index 16
Index 50
Index 56
Index 28
Index 3
Index 27
Index 19
Index 13
Index 29
Index 22
Index 53
Index 60
Index 40
Index 36
Index 57
Index 15
Index 15
Index 19
Index 2
Index 27
Index 10
Index 42
Index 6
Index 26
Index 53
Index 36
Index 41
Index 49
Index 23
Index 5
Index 45
Index 33
Index 50
Index 14
Index 50
Index 54
Index 7
Index 51
Index 47
Index 3
Index 42
Index 24
Index 5
Index 63
Index 41
Index 10
Index 35
Index 30
Index 0
Index 29
Index 38
Index 21
Index 11
Index 7
Index 5
Index 8
Index 30
Index 32
Index 12
Index 25
Index 48
Index 3
Index 55
Index 4
Index 35
Index 55
Index 13
Index 26
Index 7
Index 42
Index 23
Index 55
Index 19
Index 45
Index 43
Index 25
Index 24
Index 62
Index 52
Index 43
Index 2
Index 45
Index 25
Index 56
Index 24
Index 45
Index 33
Index 31
Index 57
Index 22
Index 13
Index 45
Index 9
Index 10
Index 40
Index 44
Index 54
Index 29
Index 25
Index 45
Index 41
Index 50
Index 8
Index 30
Index 55
Index 35
Index 36
Index 11
Index 62
Instructions Retired: 2600000 Cycle: 3170846 Hearbeat IPC: 0.648380 Cumulative IPC: 0.819970
Cycle: 3170846	Best offset: 56	Score: 0	Hit Rate: 0.168696
Index 15
Index 46
Index 43
Index 17
Index 25
Index 16
Index 49
Index 41
Index 25
Index 28
Index 33
Index 40
Index 31
Index 63
Index 23
Index 29
Index 62
Index 11
Index 7
Index 49
Index 3
Index 26
Index 56
Index 63
Index 33
Index 32
Index 46
Index 42
Index 27
Index 54
Index 22
Index 14
Index 29
Index 21
Index 33
Index 55
Index 25
Index 20
Index 18
Index 37
Index 1
Index 27
Index 43
Index 26
Index 35
Index 50
Index 16
Index 25
Index 6
Index 18
Index 39
Index 54
Index 23
Index 43
Index 45
Index 50
Index 3
Index 38
Index 18
Index 15
Index 48
Index 47
Index 61
Index 16
Index 23
Index 59
Index 6
Index 25
Index 29
Index 6
Index 19
Index 25
Index 56
Index 62
Index 46
Index 63
Index 57
Index 47
Index 42
Index 21
Index 24
Index 31
Index 15
Index 42
Index 24
Index 14
Index 35
Index 11
Index 55
Index 21
Index 25
Index 33
Index 47
Index 2
Index 36
Index 17
Index 55
Index 37
Index 55
Index 53
Index 19
Index 7
Index 44
Index 62
Index 61
Index 6
Index 33
Index 36
Index 28
Index 53
Index 49
Index 50
Index 9
Index 27
Index 5
Index 12
Index 39
Index 27
Index 57
Index 31
Index 2
Index 44
Index 33
Index 9
Index 58
Index 51
Index 45
Index 33
Index 24
Index 3
Index 17
Index 11
Index 40
Index 16
Index 10
Index 44
Index 17
Index 13
Index 56
Index 41
Index 17
Index 38
Index 55
Index 41
Index 6
Index 33
Index 26
Index 8
Index 4
Index 7
Index 37
Index 54
Index 31
Index 1
Index 46
Index 9
Index 32
Index 47
Index 24
Index 11
Index 11
Index 17
Index 4
Index 61
Index 22
Index 10
Index 53
Index 27
Index 2
Index 22
Index 53
Index 41
Index 7
Index 27
Index 40
Index 52
Index 14
Index 31
Index 6
Index 25
Index 22
Index 14
Index 21
Index 41
Index 24
Index 18
Index 34
Index 15
Index 1
Index 9
Index 42
Index 35
Index 16
Index 23
Index 29
Index 31
Index 6
Instructions Retired: 2700002 Cycle: 3316718 Hearbeat IPC: 0.685546 Cumulative IPC: 0.814058
Cycle: 3316718	Best offset: 56	Score: 0	Hit Rate: 0.162772
Index 6
Index 49
Index 26
Index 45
Index 0
Index 22
Index 13
Index 59
Index 20
Index 0
Index 29
Index 3
Index 24
Index 57
Index 18
Index 63
Index 30
Index 9
Index 32
Index 37
Index 43
Index 22
Index 34
Index 25
Index 13
Index 13
Index 44
Index 50
Index 31
Index 46
Index 54
Index 31
Index 17
Index 34
Index 0
Index 21
Index 11
Index 1
Index 14
Index 47
Index 27
Index 29
Index 1
Index 40
Index 44
Index 57
Index 12
Index 52
Index 5
Index 24
Index 20
Index 3
Index 19
Index 27
Index 11
Index 11
Index 61
Index 28
Index 31
Index 60
Index 52
Index 46
Index 29
Index 34
Index 46
Index 9
Index 61
Index 55
Index 27
Index 28
Index 23
Index 49
Index 3
Index 59
Index 49
Index 24
Index 24
Index 47
Index 14
Index 17
Index 26
Index 48
Index 59
Index 27
Index 52
Index 60
Index 11
Index 54
Index 2
Index 15
Index 57
Index 32
Index 12
Index 52
Index 52
Index 24
Index 39
Index 16
Index 41
Index 5
Index 60
Index 60
Index 30
Index 14
Index 6
Index 25
Index 19
Index 63
Index 31
Index 9
Index 44
Index 38
Index 24
Index 45
Index 25
Index 3
Index 52
Index 14
Index 52
Index 58
Index 54
Index 10
Index 51
Index 26
Index 38
Index 21
Index 21
Index 62
Index 3
Index 58
Index 29
Index 3
Index 1
Index 55
Index 59
Index 6
Index 45
Index 33
Index 48
Index 26
Index 15
Index 39
Index 42
Index 35
Index 45
Index 56
Index 34
Index 16
Index 29
Index 53
Index 19
Index 50
Index 41
Index 22
Index 42
Index 54
Index 9
Index 15
Index 21
Index 27
Index 13
Index 22
Index 26
Index 5
Index 33
Index 53
Index 2
Index 51
Index 59
Index 58
Index 45
Index 37
Index 40
Index 23
Index 27
Index 37
Index 7
Index 46
Index 63
Index 26
Index 33
Index 29
Instructions Retired: 2800001 Cycle: 3471562 Hearbeat IPC: 0.645805 Cumulative IPC: 0.806554
Cycle: 3471562	Best offset: 56	Score: 0	Hit Rate: 0.157208
Index 46
Index 27
Index 5
Index 32
Index 9
Index 31
Index 22
Index 15
Index 48
Index 53
Index 2
Index 34
Index 59
Index 5
Index 63
Index 54
Index 60
Index 41
Index 44
Index 26
Index 23
Index 3
Index 43
Index 33
Index 43
Index 13
Index 46
Index 40
Index 20
Index 10
Index 40
Index 37
Index 4
Index 20
Index 15
Index 62
Index 51
Index 55
Index 23
Index 48
Index 4
Index 57
Index 33
Index 30
Index 40
Index 45
Index 45
Index 24
Index 34
Index 2
Index 10
Index 35
Index 11
Index 36
Index 29
Index 49
Index 28
Index 16
Index 45
Index 14
Index 53
Index 55
Index 36
Index 38
Index 53
Index 39
Index 24
Index 15
Index 25
Index 24
Index 14
Index 20
Index 47
Index 19
Index 43
Index 33
Index 25
Index 6
Index 26
Index 10
Index 9
Index 53
Index 56
Index 19
Index 16
Index 39
Index 15
Index 45
Index 10
Index 4
Index 14
Index 4
Index 12
Index 16
Index 6
Index 24
Index 6
Index 49
Index 63
Index 26
Index 5
Index 16
Index 27
Index 27
Index 32
Index 30
Index 44
Index 58
Index 13
Index 52
Index 6
Index 31
Index 46
Index 31
Index 5
Index 17
Index 35
Index 41
Index 35
Index 3
Index 5
Index 22
Index 16
Index 50
Index 50
Index 47
Index 17
Index 54
Index 28
Index 51
Index 55
Index 48
Index 4
Index 57
Index 33
Index 41
Index 45
Index 11
Index 6
Index 25
Index 27
Index 35
Index 53
Index 41
Index 25
Index 52
Index 44
Index 14
Index 26
Index 14
Index 55
Index 62
Index 11
Index 40
Index 14
Index 50
Index 63
Index 27
Index 45
Index 26
Index 7
Index 0
Index 61
Index 52
Index 55
Index 25
Index 19
Index 57
Index 15
Index 5
Index 33
Index 10
Index 3
Index 39
Index 14
Index 49
Index 57
Index 8
Index 8
Index 54
Index 0
Index 53
Index 26
Index 15
Index 46
Index 33
Index 60
Index 51
Index 38
Index 54
Index 17
Index 10
Index 59
Index 4
Index 32
Index 29
Index 5
Index 63
Index 38
Index 29
Index 9
Index 39
Index 26
Index 48
Index 17
Index 46
Index 41
Index 29
Index 11
Index 11
Index 42
Instructions Retired: 2900005 Cycle: 3627481 Hearbeat IPC: 0.641384 Cumulative IPC: 0.799454
Cycle: 3627481	Best offset: 56	Score: 0	Hit Rate: 0.151783
Index 43
Index 32
Index 2
Index 0
Index 36
Index 22
Index 2
Index 21
Index 42
Index 4
Index 10
Index 24
Index 16
Index 17
Index 18
Index 26
Index 7
Index 22
Index 16
Index 42
Index 59
Index 19
Index 30
Index 29
Index 14
Index 5
Index 25
Index 52
Index 36
Index 45
Index 31
Index 28
Index 20
Index 1
Index 8
Index 27
Index 17
Index 28
Index 26
Index 49
Index 49
Index 17
Index 18
Index 11
Index 25
Index 32
Index 53
Index 55
Index 41
Index 41
Index 2
Index 58
Index 15
Index 53
Index 50
Index 28
Index 13
Index 23
Index 19
Index 19
Index 45
Index 4
Index 24
Index 55
Index 5
Index 35
Index 19
Index 27
Index 61
Index 16
Index 33
Index 51
Index 57
Index 9
Index 7
Index 48
Index 47
Index 21
Index 34
Index 62
Index 23
Index 42
Index 3
Index 61
Index 17
Index 41
Index 2
Index 18
Index 32
Index 44
Index 25
Index 59
Index 60
Index 62
Index 54
Index 12
Index 45
Index 28
Index 37
Index 60
Index 3
Index 24
Index 45
Index 6
Index 53
Index 15
Index 52
Index 16
Index 15
Index 50
Index 59
Index 3
Index 61
Index 60
Index 34
Index 11
Index 31
Index 1
Index 20
Index 54
Index 44
Index 8
Index 25
Index 55
Index 17
Index 34
Index 20
Index 55
Index 19
Index 12
Index 7
Index 0
Index 61
Index 3
Index 36
Index 49
Index 11
Index 42
Index 58
Index 29
Index 1
Index 14
Index 63
Index 6
Index 45
Index 35
Index 1
Index 25
Index 25
Index 30
Index 6
Index 36
Index 58
Index 26
Index 0
Index 53
Index 1
Index 37
Index 5
Index 24
Index 22
Index 43
Index 46
Index 17
Index 53
Index 5
Index 0
Index 38
Index 19
Index 5
Index 20
Index 26
Index 5
Index 25
Index 61
Index 55
Index 32
Index 60
Index 53
Index 17
Index 42
Index 36
Index 35
Index 14
Index 26
Index 14
Index 55
Index 62
Index 11
Index 37
Index 34
Index 49
Index 27
Index 45
Index 10
Index 23
Index 17
Index 16
Index 26
Index 33
Index 25
Index 33
Index 59
Index 47
Index 26
Index 34
Index 40
Index 51
Index 5
Index 15
Index 10
Index 37
Index 10
Index 5
Index 62
Index 23
Index 26
Index 9
Index 13
Index 55
Index 7
Index 59
Index 14
Index 54
Index 11
Index 49
Index 7
Index 38
Index 55
Index 35
Index 34
Index 61
Index 26
Index 26
Instructions Retired: 3000000 Cycle: 3803635 Hearbeat IPC: 0.567657 Cumulative IPC: 0.788719
Cycle: 3803635	Best offset: 56	Score: 0	Hit Rate: 0.146169
Index 19
Index 53
Index 21
Index 60
Index 54
Index 37
Index 31
Index 51
Index 25
Index 42
Index 10
Index 36
Index 31
Index 0
Index 30
Index 39
Index 15
Index 11
Index 26
Index 26
Index 43
Index 15
Index 46
Index 42
Index 11
Index 17
Index 47
Index 13
Index 63
Index 37
Index 57
Index 57
Index 52
Index 6
Index 1
Index 25
Index 19
Index 33
Index 48
Index 2
Index 55
Index 4
Index 35
Index 55
Index 13
Index 26
Index 41
Index 23
Index 58
Index 3
Index 43
Index 6
Index 42
Index 38
Index 38
Index 24
Index 43
Index 38
Index 7
Index 60
Index 25
Index 13
Index 31
Index 24
Index 20
Index 4
Index 46
Index 31
Index 56
Index 26
Index 63
Index 45
Index 34
Index 2
Index 10
Index 27
Index 43
Index 20
Index 53
Index 59
Index 35
Index 5
Index 35
Index 33
Index 10
Index 37
Index 3
Index 44
Index 59
Index 63
Index 21
Index 17
Index 3
Index 44
Index 41
Index 38
Index 0
Index 0
Index 16
Index 8
Index 12
Index 34
Index 43
Index 52
Index 32
Index 39
Index 18
Index 13
Index 36
Index 57
Index 26
Index 36
Index 55
Index 55
Index 49
Index 6
Index 28
Index 38
Index 61
Index 36
Index 36
Index 6
Index 11
Index 52
Index 51
Index 28
Index 30
Index 32
Index 57
Index 23
Index 53
Index 47
Index 16
Index 30
Index 49
Index 39
Index 20
Index 16
Index 5
Index 23
Index 33
Index 36
Index 20
Index 35
Index 16
Index 9
Index 41
Index 28
Index 46
Index 2
Index 17
Index 30
Index 14
Index 63
Index 25
Index 13
Index 47
Index 60
Index 56
Index 1
Index 23
Index 28
Index 47
Index 50
Index 50
Index 26
Index 19
Index 30
Index 54
Index 34
Index 41
Index 13
Index 39
Index 36
Index 32
Index 36
Index 3
Index 29
Index 6
Index 20
Index 53
Index 26
Index 33
Index 56
Index 10
Index 44
Index 58
Index 29
Index 2
Index 48
Index 15
Index 20
Index 16
Index 45
Index 19
Index 39
Index 6
Index 16
Index 56
Index 60
Index 4
Index 2
Index 2
Index 25
Index 14
Index 43
Index 9
Index 1
Index 28
Index 61
Index 37
Index 18
Index 56
Index 4
Index 3
Index 40
Index 45
Index 56
Index 20
Index 59
Index 62
Index 14
Index 11
Index 45
Index 57
Index 53
Index 59
Index 22
Index 4
Index 25
Index 19
Index 18
Index 28
Index 43
Index 52
Index 46
Index 33
Index 4
Index 53
Index 18
Index 43
Index 62
Index 35
Index 62
Index 7
Index 54
Index 43
Index 35
Index 29
Index 13
Index 15
Index 11
Index 62
Index 46
Index 6
Index 17
Index 33
Index 21
Index 21
Index 52
Index 20
Index 46
Index 48
Index 7
Index 16
Index 3
Index 11
Index 38
Index 18

Simulation complete. Instructions retired: 3099757 Cycles elapsed: 3982050 IPC: 0.778432

Prefetcher final stats
