
*** Data Prefetching Championship 2 Simulator ***

Warmup Instructions: 10000000
Simulation Instructions: 100000000
Scramble loads OFF
Using 1MB Last Level Cache
Using 3.2 GB/s DRAM bandwidth
Knobs visible from prefetcher: 0 0 1
Resetting history queue.
Resetting offset table
Setting initial offset to 1
Tag offset: 6
Instructions Retired: 100000 Cycle: 100419 Hearbeat IPC: 0.995827 Cumulative IPC: 0.995827
Prefetcher heartbeat stats
Instructions Retired: 200003 Cycle: 191769 Hearbeat IPC: 1.094724 Cumulative IPC: 1.042937
Prefetcher heartbeat stats
Instructions Retired: 300005 Cycle: 274345 Hearbeat IPC: 1.211030 Cumulative IPC: 1.093532
Prefetcher heartbeat stats
Instructions Retired: 400005 Cycle: 349583 Hearbeat IPC: 1.329116 Cumulative IPC: 1.144235
Prefetcher heartbeat stats
Instructions Retired: 500005 Cycle: 424226 Hearbeat IPC: 1.339710 Cumulative IPC: 1.178629
Prefetcher heartbeat stats
Instructions Retired: 600004 Cycle: 498686 Hearbeat IPC: 1.342990 Cumulative IPC: 1.203170
Prefetcher heartbeat stats
Instructions Retired: 700002 Cycle: 572737 Hearbeat IPC: 1.350394 Cumulative IPC: 1.222205
Prefetcher heartbeat stats
Instructions Retired: 800000 Cycle: 645429 Hearbeat IPC: 1.375640 Cumulative IPC: 1.239486
Prefetcher heartbeat stats
Instructions Retired: 900005 Cycle: 722868 Hearbeat IPC: 1.291404 Cumulative IPC: 1.245047
Prefetcher heartbeat stats
Instructions Retired: 1000003 Cycle: 797901 Hearbeat IPC: 1.332720 Cumulative IPC: 1.253292
Prefetcher heartbeat stats
Instructions Retired: 1100001 Cycle: 876152 Hearbeat IPC: 1.277913 Cumulative IPC: 1.255491
Prefetcher heartbeat stats
Instructions Retired: 1200005 Cycle: 957472 Hearbeat IPC: 1.229759 Cumulative IPC: 1.253306
Prefetcher heartbeat stats
Instructions Retired: 1300002 Cycle: 1053488 Hearbeat IPC: 1.041462 Cumulative IPC: 1.233998
Prefetcher heartbeat stats
Instructions Retired: 1400003 Cycle: 1152936 Hearbeat IPC: 1.005561 Cumulative IPC: 1.214294
Prefetcher heartbeat stats
Instructions Retired: 1500001 Cycle: 1251764 Hearbeat IPC: 1.011839 Cumulative IPC: 1.198310
Prefetcher heartbeat stats
Instructions Retired: 1600003 Cycle: 1350528 Hearbeat IPC: 1.012535 Cumulative IPC: 1.184724
Prefetcher heartbeat stats
Instructions Retired: 1700002 Cycle: 1458475 Hearbeat IPC: 0.926371 Cumulative IPC: 1.165602
Prefetcher heartbeat stats
Instructions Retired: 1800002 Cycle: 1574406 Hearbeat IPC: 0.862582 Cumulative IPC: 1.143290
Prefetcher heartbeat stats
Instructions Retired: 1900005 Cycle: 1685763 Hearbeat IPC: 0.898040 Cumulative IPC: 1.127089
Prefetcher heartbeat stats
Instructions Retired: 2000002 Cycle: 1800561 Hearbeat IPC: 0.871069 Cumulative IPC: 1.110766
Prefetcher heartbeat stats
Instructions Retired: 2100004 Cycle: 1914295 Hearbeat IPC: 0.879262 Cumulative IPC: 1.097012
Prefetcher heartbeat stats
Instructions Retired: 2200004 Cycle: 2023776 Hearbeat IPC: 0.913400 Cumulative IPC: 1.087079
Prefetcher heartbeat stats
Instructions Retired: 2300004 Cycle: 2132508 Hearbeat IPC: 0.919692 Cumulative IPC: 1.078544
Prefetcher heartbeat stats
Instructions Retired: 2400003 Cycle: 2273423 Hearbeat IPC: 0.709641 Cumulative IPC: 1.055678
Prefetcher heartbeat stats
Instructions Retired: 2500003 Cycle: 2416584 Hearbeat IPC: 0.698514 Cumulative IPC: 1.034519
Prefetcher heartbeat stats
Instructions Retired: 2600000 Cycle: 2526407 Hearbeat IPC: 0.910529 Cumulative IPC: 1.029130
Prefetcher heartbeat stats
Instructions Retired: 2700002 Cycle: 2634693 Hearbeat IPC: 0.923499 Cumulative IPC: 1.024788
Prefetcher heartbeat stats
Instructions Retired: 2800004 Cycle: 2747211 Hearbeat IPC: 0.888764 Cumulative IPC: 1.019217
Prefetcher heartbeat stats
Instructions Retired: 2900000 Cycle: 2865185 Hearbeat IPC: 0.847610 Cumulative IPC: 1.012151
Prefetcher heartbeat stats
Instructions Retired: 3000005 Cycle: 3003397 Hearbeat IPC: 0.723562 Cumulative IPC: 0.998871
Prefetcher heartbeat stats

Simulation complete. Instructions retired: 3099757 Cycles elapsed: 3147282 IPC: 0.984900

Prefetcher final stats
