
*** Data Prefetching Championship 2 Simulator ***

Warmup Instructions: 0
Simulation Instructions: 100000000
Scramble loads OFF
Using 1MB Last Level Cache
Using 3.2 GB/s DRAM bandwidth
Streaming Prefetcher
Knobs visible from prefetcher: 0 0 1

Warmup complete. Instructions retired: 3 Cycles elapsed: 2 IPC: 1.500000
Prefetcher warmup complete stats

Instructions Retired: 100002 Cycle: 125998 Hearbeat IPC: 0.793679 Cumulative IPC: 0.793679
Prefetcher heartbeat stats
Instructions Retired: 200003 Cycle: 242948 Hearbeat IPC: 0.855075 Cumulative IPC: 0.823234
Prefetcher heartbeat stats
Instructions Retired: 300005 Cycle: 351833 Hearbeat IPC: 0.918419 Cumulative IPC: 0.852691
Prefetcher heartbeat stats
Instructions Retired: 400005 Cycle: 458965 Hearbeat IPC: 0.933428 Cumulative IPC: 0.871537
Prefetcher heartbeat stats
Instructions Retired: 500004 Cycle: 560944 Hearbeat IPC: 0.980584 Cumulative IPC: 0.891362
Prefetcher heartbeat stats
Instructions Retired: 600003 Cycle: 665031 Hearbeat IPC: 0.960725 Cumulative IPC: 0.902218
Prefetcher heartbeat stats
Instructions Retired: 700003 Cycle: 767622 Hearbeat IPC: 0.974744 Cumulative IPC: 0.911911
Prefetcher heartbeat stats
Instructions Retired: 800004 Cycle: 869840 Hearbeat IPC: 0.978311 Cumulative IPC: 0.919714
Prefetcher heartbeat stats
Instructions Retired: 900004 Cycle: 973978 Hearbeat IPC: 0.960264 Cumulative IPC: 0.924050
Prefetcher heartbeat stats
Instructions Retired: 1000003 Cycle: 1077594 Hearbeat IPC: 0.965092 Cumulative IPC: 0.927996
Prefetcher heartbeat stats
Instructions Retired: 1100005 Cycle: 1184951 Hearbeat IPC: 0.931490 Cumulative IPC: 0.928313
Prefetcher heartbeat stats
Instructions Retired: 1200002 Cycle: 1292818 Hearbeat IPC: 0.927040 Cumulative IPC: 0.928206
Prefetcher heartbeat stats
Instructions Retired: 1300002 Cycle: 1413483 Hearbeat IPC: 0.828741 Cumulative IPC: 0.919715
Prefetcher heartbeat stats
Instructions Retired: 1400000 Cycle: 1540707 Hearbeat IPC: 0.785999 Cumulative IPC: 0.908674
Prefetcher heartbeat stats
Instructions Retired: 1500003 Cycle: 1664774 Hearbeat IPC: 0.806040 Cumulative IPC: 0.901025
Prefetcher heartbeat stats
Instructions Retired: 1600000 Cycle: 1787671 Hearbeat IPC: 0.813665 Cumulative IPC: 0.895019
Prefetcher heartbeat stats
Instructions Retired: 1700005 Cycle: 1921307 Hearbeat IPC: 0.748339 Cumulative IPC: 0.884817
Prefetcher heartbeat stats
Instructions Retired: 1800002 Cycle: 2061316 Hearbeat IPC: 0.714218 Cumulative IPC: 0.873230
Prefetcher heartbeat stats
Instructions Retired: 1900004 Cycle: 2197758 Hearbeat IPC: 0.732927 Cumulative IPC: 0.864519
Prefetcher heartbeat stats
Instructions Retired: 2000002 Cycle: 2337265 Hearbeat IPC: 0.716796 Cumulative IPC: 0.855702
Prefetcher heartbeat stats
Instructions Retired: 2100003 Cycle: 2476324 Hearbeat IPC: 0.719126 Cumulative IPC: 0.848032
Prefetcher heartbeat stats
Instructions Retired: 2200003 Cycle: 2614909 Hearbeat IPC: 0.721579 Cumulative IPC: 0.841331
Prefetcher heartbeat stats
Instructions Retired: 2300004 Cycle: 2749645 Hearbeat IPC: 0.742200 Cumulative IPC: 0.836473
Prefetcher heartbeat stats
Instructions Retired: 2400001 Cycle: 2912872 Hearbeat IPC: 0.612625 Cumulative IPC: 0.823929
Prefetcher heartbeat stats
Instructions Retired: 2500003 Cycle: 3080082 Hearbeat IPC: 0.598062 Cumulative IPC: 0.811668
Prefetcher heartbeat stats
Instructions Retired: 2600000 Cycle: 3216033 Hearbeat IPC: 0.735537 Cumulative IPC: 0.808449
Prefetcher heartbeat stats
Instructions Retired: 2700002 Cycle: 3352216 Hearbeat IPC: 0.734321 Cumulative IPC: 0.805438
Prefetcher heartbeat stats
Instructions Retired: 2800000 Cycle: 3492152 Hearbeat IPC: 0.714598 Cumulative IPC: 0.801798
Prefetcher heartbeat stats
Instructions Retired: 2900005 Cycle: 3633746 Hearbeat IPC: 0.706280 Cumulative IPC: 0.798076
Prefetcher heartbeat stats
Instructions Retired: 3000005 Cycle: 3793612 Hearbeat IPC: 0.625524 Cumulative IPC: 0.790804
Prefetcher heartbeat stats

Simulation complete. Instructions retired: 3099755 Cycles elapsed: 3959642 IPC: 0.782837

Prefetcher final stats
