
*** Data Prefetching Championship 2 Simulator ***

Warmup Instructions: 0
Simulation Instructions: 100000000
Scramble loads ON
Using 1MB Last Level Cache
Using 12.8 GB/s DRAM bandwidth
Knobs visible from prefetcher: 1 0 0
Resetting history queue.
Setting up the minimum score
Resetting offset table
Setting initial offset to 1
Tag offset: 6
Ressetting hit rate
Resetting rable rounds
Resetting gauge

Warmup complete. Instructions retired: 4 Cycles elapsed: 2 IPC: 2.000000
Prefetcher warmup complete stats

Offset switch to: 13	With score: 32
Offset switch to: -5	With score: 32
Instructions Retired: 100004 Cycle: 248730 Hearbeat IPC: 0.402058 Cumulative IPC: 0.402058
Cycle: 248730	Best offset: -5	Score: 32	Hit Rate: 0.440599
	---- Offset table ----
Offset -> Score
1 -> 22
-35 -> 18
-33 -> 18
-8 -> 18
	----------------------
Offset switch to: -9	With score: 32
Offset switch to: -8	With score: 32
Offset switch to: 35	With score: 32
Instructions Retired: 200000 Cycle: 564741 Hearbeat IPC: 0.316432 Cumulative IPC: 0.354145
Cycle: 564741	Best offset: 35	Score: 32	Hit Rate: 0.383004
	---- Offset table ----
Offset -> Score
-2 -> 12
2 -> 12
-31 -> 11
11 -> 11
	----------------------
Offset switch to: 46	With score: 32
Offset switch to: 4	With score: 32
Offset switch to: 2	With score: 32
Instructions Retired: 300001 Cycle: 912449 Hearbeat IPC: 0.287601 Cumulative IPC: 0.328787
Cycle: 912449	Best offset: 2	Score: 32	Hit Rate: 0.368697
	---- Offset table ----
Offset -> Score
-13 -> 16
-2 -> 16
25 -> 16
-24 -> 15
	----------------------
Offset switch to: -2	With score: 32
Offset switch to: -11	With score: 32
Offset switch to: -9	With score: 32
Instructions Retired: 400003 Cycle: 1100456 Hearbeat IPC: 0.531906 Cumulative IPC: 0.363488
Cycle: 1100456	Best offset: -9	Score: 32	Hit Rate: 0.370868
	---- Offset table ----
Offset -> Score
-60 -> 2
-58 -> 2
-57 -> 2
-56 -> 2
	----------------------
Offset switch to: -50	With score: 32
Offset switch to: -17	With score: 32
Offset switch to: 1	With score: 32
Instructions Retired: 500002 Cycle: 1468516 Hearbeat IPC: 0.271692 Cumulative IPC: 0.340481
Cycle: 1468516	Best offset: 1	Score: 32	Hit Rate: 0.312565
	---- Offset table ----
Offset -> Score
-20 -> 4
-17 -> 4
-46 -> 3
-41 -> 3
	----------------------
Offset switch to: 14	With score: 32
Offset switch to: 16	With score: 32
Instructions Retired: 600000 Cycle: 1728756 Hearbeat IPC: 0.384253 Cumulative IPC: 0.347070
Cycle: 1728756	Best offset: 16	Score: 32	Hit Rate: 0.316291
	---- Offset table ----
Offset -> Score
12 -> 14
14 -> 12
8 -> 11
13 -> 11
	----------------------
Offset switch to: 14	With score: 32
Offset switch to: 6	With score: 32
Instructions Retired: 700001 Cycle: 1941589 Hearbeat IPC: 0.469857 Cumulative IPC: 0.360530
Cycle: 1941589	Best offset: 6	Score: 32	Hit Rate: 0.324931
	---- Offset table ----
Offset -> Score
3 -> 8
1 -> 7
2 -> 7
5 -> 7
	----------------------
Offset switch to: 9	With score: 32
Offset switch to: 1	With score: 32
Instructions Retired: 800003 Cycle: 2163284 Hearbeat IPC: 0.451079 Cumulative IPC: 0.369810
Cycle: 2163284	Best offset: 1	Score: 32	Hit Rate: 0.327104
	---- Offset table ----
Offset -> Score
2 -> 10
8 -> 10
12 -> 10
-3 -> 9
	----------------------
Offset switch to: 9	With score: 32
Offset switch to: 19	With score: 32
Offset switch to: 5	With score: 32
Instructions Retired: 900005 Cycle: 2476153 Hearbeat IPC: 0.319629 Cumulative IPC: 0.363469
Cycle: 2476153	Best offset: 5	Score: 32	Hit Rate: 0.323089
	---- Offset table ----
Offset -> Score
38 -> 6
4 -> 5
12 -> 5
43 -> 5
	----------------------
Offset switch to: 4	With score: 32
Offset switch to: 3	With score: 32
Instructions Retired: 1000001 Cycle: 2774067 Hearbeat IPC: 0.335654 Cumulative IPC: 0.360482
Cycle: 2774067	Best offset: 3	Score: 32	Hit Rate: 0.327997
	---- Offset table ----
Offset -> Score
39 -> 6
-41 -> 5
-30 -> 5
-21 -> 5
	----------------------
Offset switch to: -1	With score: 32
Offset switch to: -3	With score: 32
Offset switch to: 21	With score: 32
Instructions Retired: 1100000 Cycle: 3450677 Hearbeat IPC: 0.147794 Cumulative IPC: 0.318778
Cycle: 3450677	Best offset: 21	Score: 32	Hit Rate: 0.290365
	---- Offset table ----
Offset -> Score
-16 -> 11
9 -> 11
25 -> 11
46 -> 11
	----------------------
Offset switch to: -16	With score: 32
Offset switch to: -4	With score: 32
Offset switch to: 36	With score: 32
Offset switch to: 16	With score: 32
Offset switch to: -46	With score: 32
Offset switch to: -25	With score: 32
Instructions Retired: 1200000 Cycle: 4261729 Hearbeat IPC: 0.123297 Cumulative IPC: 0.281576
Cycle: 4261729	Best offset: -25	Score: 32	Hit Rate: 0.249384
	---- Offset table ----
Offset -> Score
12 -> 26
-27 -> 25
-9 -> 25
-1 -> 25
	----------------------
Offset switch to: 12	With score: 32
Offset switch to: 19	With score: 32
Offset switch to: 9	With score: 32
Offset switch to: -9	With score: 32
Offset switch to: 6	With score: 32
Offset switch to: -35	With score: 32
Offset switch to: 4	With score: 32
Instructions Retired: 1300005 Cycle: 4980579 Hearbeat IPC: 0.139118 Cumulative IPC: 0.261015
Cycle: 4980579	Best offset: 4	Score: 32	Hit Rate: 0.226188
	---- Offset table ----
Offset -> Score
-46 -> 12
11 -> 12
-16 -> 11
29 -> 11
	----------------------
Offset switch to: 39	With score: 32
Offset switch to: 25	With score: 32
Offset switch to: 8	With score: 32
Instructions Retired: 1400000 Cycle: 5395693 Hearbeat IPC: 0.240886 Cumulative IPC: 0.259466
Cycle: 5395693	Best offset: 8	Score: 32	Hit Rate: 0.222003
	---- Offset table ----
Offset -> Score
1 -> 32
9 -> 32
3 -> 31
8 -> 31
	----------------------
Offset switch to: 9	With score: 32
Offset switch to: 1	With score: 32
Instructions Retired: 1500001 Cycle: 5583690 Hearbeat IPC: 0.531929 Cumulative IPC: 0.268640
Cycle: 5583690	Best offset: 1	Score: 32	Hit Rate: 0.226472
	---- Offset table ----
Offset -> Score
3 -> 30
1 -> 29
2 -> 29
5 -> 26
	----------------------
Offset switch to: 3	With score: 32
Offset switch to: 14	With score: 32
Instructions Retired: 1600004 Cycle: 5796784 Hearbeat IPC: 0.469291 Cumulative IPC: 0.276016
Cycle: 5796784	Best offset: 14	Score: 32	Hit Rate: 0.231706
	---- Offset table ----
Offset -> Score
9 -> 32
1 -> 31
3 -> 31
7 -> 30
	----------------------
Offset switch to: 9	With score: 32
Offset switch to: 16	With score: 32
Offset switch to: 8	With score: 32
Instructions Retired: 1700000 Cycle: 6031244 Hearbeat IPC: 0.426495 Cumulative IPC: 0.281866
Cycle: 6031244	Best offset: 8	Score: 32	Hit Rate: 0.238569
	---- Offset table ----
Offset -> Score
7 -> 16
1 -> 15
5 -> 15
16 -> 15
	----------------------
Offset switch to: 7	With score: 32
Offset switch to: 19	With score: 32
Instructions Retired: 1800004 Cycle: 6270374 Hearbeat IPC: 0.418199 Cumulative IPC: 0.287065
Cycle: 6270374	Best offset: 19	Score: 32	Hit Rate: 0.243477
	---- Offset table ----
Offset -> Score
5 -> 25
2 -> 23
3 -> 23
12 -> 20
	----------------------
Offset switch to: 3	With score: 32
Offset switch to: -14	With score: 32
Instructions Retired: 1900002 Cycle: 6651336 Hearbeat IPC: 0.262488 Cumulative IPC: 0.285657
Cycle: 6651336	Best offset: -14	Score: 32	Hit Rate: 0.248944
	---- Offset table ----
Offset -> Score
19 -> 19
-20 -> 17
-49 -> 16
-50 -> 15
	----------------------
Offset switch to: 2	With score: 32
Offset switch to: -4	With score: 32
Offset switch to: -6	With score: 32
Instructions Retired: 2000001 Cycle: 6815250 Hearbeat IPC: 0.610070 Cumulative IPC: 0.293460
Cycle: 6815250	Best offset: -6	Score: 32	Hit Rate: 0.255865
	---- Offset table ----
Offset -> Score
-54 -> 5
-10 -> 5
-1 -> 5
41 -> 5
	----------------------
Offset switch to: -7	With score: 32
Offset switch to: 9	With score: 32
Offset switch to: -16	With score: 32
Instructions Retired: 2100001 Cycle: 7101376 Hearbeat IPC: 0.349496 Cumulative IPC: 0.295717
Cycle: 7101376	Best offset: -16	Score: 32	Hit Rate: 0.258499
	---- Offset table ----
Offset -> Score
-50 -> 5
-9 -> 5
3 -> 5
19 -> 5
	----------------------
Offset switch to: 16	With score: 32
Offset switch to: -11	With score: 32
Instructions Retired: 2200004 Cycle: 7238143 Hearbeat IPC: 0.731192 Cumulative IPC: 0.303946
Cycle: 7238143	Best offset: -11	Score: 32	Hit Rate: 0.264023
	---- Offset table ----
Offset -> Score
12 -> 29
-2 -> 28
24 -> 26
29 -> 26
	----------------------
Offset switch to: 12	With score: 32
Offset switch to: 2	With score: 32
Offset switch to: 11	With score: 32
Instructions Retired: 2300000 Cycle: 7343869 Hearbeat IPC: 0.945803 Cumulative IPC: 0.313186
Cycle: 7343869	Best offset: 11	Score: 32	Hit Rate: 0.272698
	---- Offset table ----
Offset -> Score
2 -> 14
-16 -> 13
-2 -> 13
-18 -> 12
	----------------------
Offset switch to: -18	With score: 32
Offset switch to: -5	With score: 32
Instructions Retired: 2400004 Cycle: 7450781 Hearbeat IPC: 0.935386 Cumulative IPC: 0.322114
Cycle: 7450781	Best offset: -5	Score: 32	Hit Rate: 0.279695
	---- Offset table ----
Offset -> Score
44 -> 32
2 -> 31
-49 -> 29
-18 -> 27
	----------------------
Offset switch to: 44	With score: 32
Offset switch to: 3	With score: 32
Offset switch to: -7	With score: 32
Instructions Retired: 2500002 Cycle: 7571001 Hearbeat IPC: 0.831792 Cumulative IPC: 0.330208
Cycle: 7571001	Best offset: -7	Score: 32	Hit Rate: 0.286313
	---- Offset table ----
Offset -> Score
12 -> 21
5 -> 20
40 -> 20
-29 -> 19
	----------------------
Offset switch to: -24	With score: 32
Offset switch to: 18	With score: 32
Offset switch to: -9	With score: 32
Instructions Retired: 2600000 Cycle: 7795399 Hearbeat IPC: 0.445628 Cumulative IPC: 0.333530
Cycle: 7795399	Best offset: -9	Score: 32	Hit Rate: 0.290640
	---- Offset table ----
Offset -> Score
41 -> 26
4 -> 25
-9 -> 24
15 -> 24
	----------------------
Offset switch to: 41	With score: 32
Offset switch to: 8	With score: 32
Offset switch to: -25	With score: 32
Instructions Retired: 2700004 Cycle: 7987313 Hearbeat IPC: 0.521088 Cumulative IPC: 0.338037
Cycle: 7987313	Best offset: -25	Score: 32	Hit Rate: 0.294204
	---- Offset table ----
Offset -> Score
9 -> 15
15 -> 15
-56 -> 14
-2 -> 14
	----------------------
Offset switch to: 9	With score: 32
Offset switch to: 3	With score: 32
Instructions Retired: 2800001 Cycle: 8105272 Hearbeat IPC: 0.847727 Cumulative IPC: 0.345454
Cycle: 8105272	Best offset: 3	Score: 32	Hit Rate: 0.299647
	---- Offset table ----
Offset -> Score
9 -> 32
-18 -> 31
7 -> 31
2 -> 30
	----------------------
Offset switch to: 9	With score: 32
Offset switch to: -30	With score: 32
Offset switch to: 9	With score: 32
Instructions Retired: 2900001 Cycle: 8290311 Hearbeat IPC: 0.540427 Cumulative IPC: 0.349806
Cycle: 8290311	Best offset: 9	Score: 32	Hit Rate: 0.303656
	---- Offset table ----
Offset -> Score
36 -> 23
-22 -> 22
4 -> 22
7 -> 22
	----------------------
Offset switch to: -22	With score: 32
Offset switch to: -10	With score: 32
Offset switch to: 34	With score: 32
Instructions Retired: 3000001 Cycle: 8403392 Hearbeat IPC: 0.884322 Cumulative IPC: 0.356999
Cycle: 8403392	Best offset: 34	Score: 32	Hit Rate: 0.309304
	---- Offset table ----
Offset -> Score
8 -> 13
-23 -> 11
-8 -> 11
5 -> 11
	----------------------
Offset switch to: -24	With score: 32
Offset switch to: -5	With score: 32

Simulation complete. Instructions retired: 3099753 Cycles elapsed: 8510486 IPC: 0.364227

Prefetcher final stats
