
*** Data Prefetching Championship 2 Simulator ***

Warmup Instructions: 0
Simulation Instructions: 100000000
Scramble loads ON
Using 1MB Last Level Cache
Using 12.8 GB/s DRAM bandwidth
No Prefetching
Knobs visible from prefetcher: 1 0 0

Warmup complete. Instructions retired: 4 Cycles elapsed: 2 IPC: 2.000000
Prefetcher warmup complete stats

Instructions Retired: 100004 Cycle: 243323 Hearbeat IPC: 0.410993 Cumulative IPC: 0.410993
Prefetcher heartbeat stats
Instructions Retired: 200000 Cycle: 585263 Hearbeat IPC: 0.292437 Cumulative IPC: 0.341727
Prefetcher heartbeat stats
Instructions Retired: 300001 Cycle: 978043 Hearbeat IPC: 0.254598 Cumulative IPC: 0.306736
Prefetcher heartbeat stats
Instructions Retired: 400003 Cycle: 1177127 Hearbeat IPC: 0.502311 Cumulative IPC: 0.339813
Prefetcher heartbeat stats
Instructions Retired: 500005 Cycle: 1524821 Hearbeat IPC: 0.287615 Cumulative IPC: 0.327911
Prefetcher heartbeat stats
Instructions Retired: 600000 Cycle: 1811220 Hearbeat IPC: 0.349146 Cumulative IPC: 0.331268
Prefetcher heartbeat stats
Instructions Retired: 700005 Cycle: 2073789 Hearbeat IPC: 0.380871 Cumulative IPC: 0.337549
Prefetcher heartbeat stats
Instructions Retired: 800003 Cycle: 2347177 Hearbeat IPC: 0.365773 Cumulative IPC: 0.340836
Prefetcher heartbeat stats
Instructions Retired: 900005 Cycle: 2706445 Hearbeat IPC: 0.278349 Cumulative IPC: 0.332541
Prefetcher heartbeat stats
Instructions Retired: 1000005 Cycle: 3109817 Hearbeat IPC: 0.247910 Cumulative IPC: 0.321564
Prefetcher heartbeat stats
Instructions Retired: 1100000 Cycle: 3748758 Hearbeat IPC: 0.156501 Cumulative IPC: 0.293431
Prefetcher heartbeat stats
Instructions Retired: 1200000 Cycle: 4522651 Hearbeat IPC: 0.129217 Cumulative IPC: 0.265331
Prefetcher heartbeat stats
Instructions Retired: 1300005 Cycle: 5190217 Hearbeat IPC: 0.149805 Cumulative IPC: 0.250472
Prefetcher heartbeat stats
Instructions Retired: 1400003 Cycle: 5626328 Hearbeat IPC: 0.229295 Cumulative IPC: 0.248831
Prefetcher heartbeat stats
Instructions Retired: 1500002 Cycle: 5855452 Hearbeat IPC: 0.436441 Cumulative IPC: 0.256172
Prefetcher heartbeat stats
Instructions Retired: 1600000 Cycle: 6131866 Hearbeat IPC: 0.361769 Cumulative IPC: 0.260932
Prefetcher heartbeat stats
Instructions Retired: 1700004 Cycle: 6452017 Hearbeat IPC: 0.312365 Cumulative IPC: 0.263484
Prefetcher heartbeat stats
Instructions Retired: 1800004 Cycle: 6733387 Hearbeat IPC: 0.355404 Cumulative IPC: 0.267325
Prefetcher heartbeat stats
Instructions Retired: 1900001 Cycle: 7111238 Hearbeat IPC: 0.264647 Cumulative IPC: 0.267183
Prefetcher heartbeat stats
Instructions Retired: 2000001 Cycle: 7289501 Hearbeat IPC: 0.560969 Cumulative IPC: 0.274367
Prefetcher heartbeat stats
Instructions Retired: 2100001 Cycle: 7610615 Hearbeat IPC: 0.311416 Cumulative IPC: 0.275931
Prefetcher heartbeat stats
Instructions Retired: 2200004 Cycle: 7755975 Hearbeat IPC: 0.687968 Cumulative IPC: 0.283653
Prefetcher heartbeat stats
Instructions Retired: 2300000 Cycle: 7859446 Hearbeat IPC: 0.966416 Cumulative IPC: 0.292641
Prefetcher heartbeat stats
Instructions Retired: 2400004 Cycle: 7966214 Hearbeat IPC: 0.936648 Cumulative IPC: 0.301273
Prefetcher heartbeat stats
Instructions Retired: 2500002 Cycle: 8089488 Hearbeat IPC: 0.811185 Cumulative IPC: 0.309043
Prefetcher heartbeat stats
Instructions Retired: 2600000 Cycle: 8259762 Hearbeat IPC: 0.587277 Cumulative IPC: 0.314779
Prefetcher heartbeat stats
Instructions Retired: 2700004 Cycle: 8429973 Hearbeat IPC: 0.587530 Cumulative IPC: 0.320286
Prefetcher heartbeat stats
Instructions Retired: 2800001 Cycle: 8551758 Hearbeat IPC: 0.821095 Cumulative IPC: 0.327418
Prefetcher heartbeat stats
Instructions Retired: 2900001 Cycle: 8734625 Hearbeat IPC: 0.546845 Cumulative IPC: 0.332012
Prefetcher heartbeat stats
Instructions Retired: 3000001 Cycle: 8846866 Hearbeat IPC: 0.890940 Cumulative IPC: 0.339103
Prefetcher heartbeat stats

Simulation complete. Instructions retired: 3099753 Cycles elapsed: 8948034 IPC: 0.346417

Prefetcher final stats
