
*** Data Prefetching Championship 2 Simulator ***

Warmup Instructions: 10000000
Simulation Instructions: 100000000
Scramble loads OFF
Using 1MB Last Level Cache
Using 12.8 GB/s DRAM bandwidth
Knobs visible from prefetcher: 0 0 0
Resetting history queue.
Resetting offset table
Setting initial offset to 1
Tag offset: 6
Ressetting hit rate
Offset switch to: 6	With score: 1
Offset switch to: 12	With score: 2
Offset switch to: 39	With score: 3
Offset switch to: 39	With score: 2
Offset switch to: 39	With score: 2
Offset switch to: 39	With score: 3
Offset switch to: 40	With score: 2
Offset switch to: 40	With score: 2
Offset switch to: 44	With score: 2
Instructions Retired: 100000 Cycle: 66483 Hearbeat IPC: 1.504144 Cumulative IPC: 1.504144
Cycle: 66483	Best offset: 44	Score: 2	Hit Rate: 0.184412
	---- Offset table ----
Offset -> Score
1 -> 0
2 -> 0
3 -> 0
4 -> 0
5 -> 0
6 -> 0
7 -> 0
8 -> 0
9 -> 0
10 -> 0
11 -> 0
12 -> 0
13 -> 0
14 -> 0
15 -> 0
16 -> 0
17 -> 0
18 -> 0
19 -> 0
20 -> 0
21 -> 0
22 -> 0
23 -> 0
24 -> 0
25 -> 0
26 -> 0
27 -> 0
28 -> 0
29 -> 0
30 -> 0
31 -> 0
32 -> 0
33 -> 0
34 -> 0
35 -> 0
36 -> 0
37 -> 0
38 -> 0
39 -> 0
40 -> 0
41 -> 0
42 -> 0
43 -> 0
44 -> 2
45 -> 2
46 -> 0
47 -> 0
48 -> 0
49 -> 0
50 -> 0
51 -> 0
52 -> 0
53 -> 0
54 -> 0
55 -> 0
56 -> 0
57 -> 0
58 -> 0
59 -> 0
60 -> 0
61 -> 0
62 -> 0
63 -> 0
64 -> 0
65 -> 0
66 -> 0
67 -> 0
68 -> 1
69 -> 0
70 -> 0
71 -> 0
72 -> 0
73 -> 0
74 -> 0
75 -> 0
76 -> 0
77 -> 1
78 -> 1
79 -> 1
80 -> 0
81 -> 1
82 -> 0
83 -> 0
84 -> 0
85 -> 0
86 -> 0
87 -> 0
88 -> 0
89 -> 0
90 -> 1
91 -> 0
92 -> 0
93 -> 0
94 -> 0
95 -> 0
96 -> 1
97 -> 1
98 -> 1
99 -> 0
100 -> 0
101 -> 0
102 -> 0
103 -> 0
104 -> 1
105 -> 1
106 -> 0
107 -> 0
108 -> 0
109 -> 0
110 -> 0
111 -> 0
112 -> 0
113 -> 0
114 -> 0
115 -> 0
116 -> 0
117 -> 0
118 -> 0
119 -> 0
120 -> 0
121 -> 0
122 -> 0
123 -> 0
124 -> 0
125 -> 0
126 -> 0
127 -> 0
128 -> 0
	----------------------
Instructions Retired: 200000 Cycle: 139030 Hearbeat IPC: 1.378417 Cumulative IPC: 1.438538
Cycle: 139030	Best offset: 44	Score: 0	Hit Rate: 0.175268
	---- Offset table ----
Offset -> Score
1 -> 0
2 -> 0
3 -> 0
4 -> 0
5 -> 0
6 -> 0
7 -> 0
8 -> 0
9 -> 0
10 -> 0
11 -> 0
12 -> 0
13 -> 0
14 -> 0
15 -> 0
16 -> 0
17 -> 0
18 -> 0
19 -> 0
20 -> 0
21 -> 0
22 -> 0
23 -> 0
24 -> 0
25 -> 0
26 -> 0
27 -> 0
28 -> 0
29 -> 0
30 -> 0
31 -> 0
32 -> 0
33 -> 0
34 -> 0
35 -> 0
36 -> 0
37 -> 0
38 -> 0
39 -> 0
40 -> 0
41 -> 0
42 -> 0
43 -> 0
44 -> 0
45 -> 0
46 -> 0
47 -> 0
48 -> 0
49 -> 0
50 -> 0
51 -> 0
52 -> 0
53 -> 0
54 -> 0
55 -> 0
56 -> 0
57 -> 0
58 -> 0
59 -> 0
60 -> 0
61 -> 0
62 -> 0
63 -> 0
64 -> 0
65 -> 0
66 -> 0
67 -> 0
68 -> 0
69 -> 0
70 -> 0
71 -> 0
72 -> 0
73 -> 0
74 -> 0
75 -> 0
76 -> 0
77 -> 0
78 -> 0
79 -> 0
80 -> 0
81 -> 0
82 -> 0
83 -> 0
84 -> 0
85 -> 0
86 -> 0
87 -> 0
88 -> 0
89 -> 0
90 -> 0
91 -> 0
92 -> 0
93 -> 0
94 -> 0
95 -> 0
96 -> 0
97 -> 0
98 -> 0
99 -> 0
100 -> 0
101 -> 0
102 -> 0
103 -> 0
104 -> 0
105 -> 0
106 -> 0
107 -> 0
108 -> 0
109 -> 0
110 -> 0
111 -> 0
112 -> 0
113 -> 0
114 -> 0
115 -> 0
116 -> 0
117 -> 0
118 -> 0
119 -> 0
120 -> 0
121 -> 0
122 -> 0
123 -> 0
124 -> 0
125 -> 0
126 -> 0
127 -> 0
128 -> 0
	----------------------
Instructions Retired: 300000 Cycle: 209137 Hearbeat IPC: 1.426391 Cumulative IPC: 1.434466
Cycle: 209137	Best offset: 44	Score: 0	Hit Rate: 0.169962
	---- Offset table ----
Offset -> Score
1 -> 0
2 -> 0
3 -> 0
4 -> 0
5 -> 0
6 -> 0
7 -> 0
8 -> 0
9 -> 0
10 -> 0
11 -> 0
12 -> 0
13 -> 0
14 -> 0
15 -> 0
16 -> 0
17 -> 0
18 -> 0
19 -> 0
20 -> 0
21 -> 0
22 -> 0
23 -> 0
24 -> 0
25 -> 0
26 -> 0
27 -> 0
28 -> 0
29 -> 0
30 -> 0
31 -> 0
32 -> 0
33 -> 0
34 -> 0
35 -> 0
36 -> 0
37 -> 0
38 -> 0
39 -> 0
40 -> 0
41 -> 0
42 -> 0
43 -> 0
44 -> 0
45 -> 0
46 -> 0
47 -> 0
48 -> 0
49 -> 0
50 -> 0
51 -> 0
52 -> 0
53 -> 0
54 -> 0
55 -> 0
56 -> 0
57 -> 0
58 -> 0
59 -> 0
60 -> 0
61 -> 0
62 -> 0
63 -> 0
64 -> 0
65 -> 0
66 -> 0
67 -> 0
68 -> 0
69 -> 0
70 -> 0
71 -> 0
72 -> 0
73 -> 0
74 -> 0
75 -> 0
76 -> 0
77 -> 0
78 -> 0
79 -> 0
80 -> 0
81 -> 0
82 -> 0
83 -> 0
84 -> 0
85 -> 0
86 -> 0
87 -> 0
88 -> 0
89 -> 0
90 -> 0
91 -> 0
92 -> 0
93 -> 0
94 -> 0
95 -> 0
96 -> 0
97 -> 0
98 -> 0
99 -> 0
100 -> 0
101 -> 0
102 -> 0
103 -> 0
104 -> 0
105 -> 0
106 -> 0
107 -> 0
108 -> 0
109 -> 0
110 -> 0
111 -> 0
112 -> 0
113 -> 0
114 -> 0
115 -> 0
116 -> 0
117 -> 0
118 -> 0
119 -> 0
120 -> 0
121 -> 0
122 -> 0
123 -> 0
124 -> 0
125 -> 0
126 -> 0
127 -> 0
128 -> 0
	----------------------
Instructions Retired: 400000 Cycle: 282908 Hearbeat IPC: 1.355546 Cumulative IPC: 1.413887
Cycle: 282908	Best offset: 44	Score: 0	Hit Rate: 0.166795
	---- Offset table ----
Offset -> Score
1 -> 0
2 -> 0
3 -> 0
4 -> 0
5 -> 0
6 -> 0
7 -> 0
8 -> 0
9 -> 0
10 -> 0
11 -> 0
12 -> 0
13 -> 0
14 -> 0
15 -> 0
16 -> 0
17 -> 0
18 -> 0
19 -> 0
20 -> 0
21 -> 0
22 -> 0
23 -> 0
24 -> 0
25 -> 0
26 -> 0
27 -> 0
28 -> 0
29 -> 0
30 -> 0
31 -> 0
32 -> 0
33 -> 0
34 -> 0
35 -> 0
36 -> 0
37 -> 0
38 -> 0
39 -> 0
40 -> 0
41 -> 0
42 -> 0
43 -> 0
44 -> 0
45 -> 0
46 -> 0
47 -> 0
48 -> 0
49 -> 0
50 -> 0
51 -> 0
52 -> 0
53 -> 0
54 -> 0
55 -> 0
56 -> 0
57 -> 0
58 -> 0
59 -> 0
60 -> 0
61 -> 0
62 -> 0
63 -> 0
64 -> 0
65 -> 0
66 -> 0
67 -> 0
68 -> 0
69 -> 0
70 -> 0
71 -> 0
72 -> 0
73 -> 0
74 -> 0
75 -> 0
76 -> 0
77 -> 0
78 -> 0
79 -> 0
80 -> 0
81 -> 0
82 -> 0
83 -> 0
84 -> 0
85 -> 0
86 -> 0
87 -> 0
88 -> 0
89 -> 0
90 -> 0
91 -> 0
92 -> 0
93 -> 0
94 -> 0
95 -> 0
96 -> 0
97 -> 0
98 -> 0
99 -> 0
100 -> 0
101 -> 0
102 -> 0
103 -> 0
104 -> 0
105 -> 0
106 -> 0
107 -> 0
108 -> 0
109 -> 0
110 -> 0
111 -> 0
112 -> 0
113 -> 0
114 -> 0
115 -> 0
116 -> 0
117 -> 0
118 -> 0
119 -> 0
120 -> 0
121 -> 0
122 -> 0
123 -> 0
124 -> 0
125 -> 0
126 -> 0
127 -> 0
128 -> 0
	----------------------
Instructions Retired: 500000 Cycle: 352429 Hearbeat IPC: 1.438414 Cumulative IPC: 1.418725
Cycle: 352429	Best offset: 44	Score: 0	Hit Rate: 0.167110
	---- Offset table ----
Offset -> Score
1 -> 0
2 -> 0
3 -> 0
4 -> 0
5 -> 0
6 -> 0
7 -> 0
8 -> 0
9 -> 0
10 -> 0
11 -> 0
12 -> 0
13 -> 0
14 -> 0
15 -> 0
16 -> 0
17 -> 0
18 -> 0
19 -> 0
20 -> 0
21 -> 0
22 -> 0
23 -> 0
24 -> 0
25 -> 0
26 -> 0
27 -> 0
28 -> 0
29 -> 0
30 -> 0
31 -> 0
32 -> 0
33 -> 0
34 -> 0
35 -> 0
36 -> 0
37 -> 0
38 -> 0
39 -> 0
40 -> 0
41 -> 0
42 -> 0
43 -> 0
44 -> 0
45 -> 0
46 -> 0
47 -> 0
48 -> 0
49 -> 0
50 -> 0
51 -> 0
52 -> 0
53 -> 0
54 -> 0
55 -> 0
56 -> 0
57 -> 0
58 -> 0
59 -> 0
60 -> 0
61 -> 0
62 -> 0
63 -> 0
64 -> 0
65 -> 0
66 -> 0
67 -> 0
68 -> 0
69 -> 0
70 -> 0
71 -> 0
72 -> 0
73 -> 0
74 -> 0
75 -> 0
76 -> 0
77 -> 0
78 -> 0
79 -> 0
80 -> 0
81 -> 0
82 -> 0
83 -> 0
84 -> 0
85 -> 0
86 -> 0
87 -> 0
88 -> 0
89 -> 0
90 -> 0
91 -> 0
92 -> 0
93 -> 0
94 -> 0
95 -> 0
96 -> 0
97 -> 0
98 -> 0
99 -> 0
100 -> 0
101 -> 0
102 -> 0
103 -> 0
104 -> 0
105 -> 0
106 -> 0
107 -> 0
108 -> 0
109 -> 0
110 -> 0
111 -> 0
112 -> 0
113 -> 0
114 -> 0
115 -> 0
116 -> 0
117 -> 0
118 -> 0
119 -> 0
120 -> 0
121 -> 0
122 -> 0
123 -> 0
124 -> 0
125 -> 0
126 -> 0
127 -> 0
128 -> 0
	----------------------
Instructions Retired: 600000 Cycle: 425778 Hearbeat IPC: 1.363345 Cumulative IPC: 1.409185
Cycle: 425778	Best offset: 44	Score: 0	Hit Rate: 0.164520
	---- Offset table ----
Offset -> Score
1 -> 0
2 -> 0
3 -> 0
4 -> 0
5 -> 0
6 -> 0
7 -> 0
8 -> 0
9 -> 0
10 -> 0
11 -> 0
12 -> 0
13 -> 0
14 -> 0
15 -> 0
16 -> 0
17 -> 0
18 -> 0
19 -> 0
20 -> 0
21 -> 0
22 -> 0
23 -> 0
24 -> 0
25 -> 0
26 -> 0
27 -> 0
28 -> 0
29 -> 0
30 -> 0
31 -> 0
32 -> 0
33 -> 0
34 -> 0
35 -> 0
36 -> 0
37 -> 0
38 -> 0
39 -> 0
40 -> 0
41 -> 0
42 -> 0
43 -> 0
44 -> 0
45 -> 0
46 -> 0
47 -> 0
48 -> 0
49 -> 0
50 -> 0
51 -> 0
52 -> 0
53 -> 0
54 -> 0
55 -> 0
56 -> 0
57 -> 0
58 -> 0
59 -> 0
60 -> 0
61 -> 0
62 -> 0
63 -> 0
64 -> 0
65 -> 0
66 -> 0
67 -> 0
68 -> 0
69 -> 0
70 -> 0
71 -> 0
72 -> 0
73 -> 0
74 -> 0
75 -> 0
76 -> 0
77 -> 0
78 -> 0
79 -> 0
80 -> 0
81 -> 0
82 -> 0
83 -> 0
84 -> 0
85 -> 0
86 -> 0
87 -> 0
88 -> 0
89 -> 0
90 -> 0
91 -> 0
92 -> 0
93 -> 0
94 -> 0
95 -> 0
96 -> 0
97 -> 0
98 -> 0
99 -> 0
100 -> 0
101 -> 0
102 -> 0
103 -> 0
104 -> 0
105 -> 0
106 -> 0
107 -> 0
108 -> 0
109 -> 0
110 -> 0
111 -> 0
112 -> 0
113 -> 0
114 -> 0
115 -> 0
116 -> 0
117 -> 0
118 -> 0
119 -> 0
120 -> 0
121 -> 0
122 -> 0
123 -> 0
124 -> 0
125 -> 0
126 -> 0
127 -> 0
128 -> 0
	----------------------
Instructions Retired: 700000 Cycle: 496969 Hearbeat IPC: 1.404672 Cumulative IPC: 1.408539
Cycle: 496969	Best offset: 44	Score: 0	Hit Rate: 0.163632
	---- Offset table ----
Offset -> Score
1 -> 0
2 -> 0
3 -> 0
4 -> 0
5 -> 0
6 -> 0
7 -> 0
8 -> 0
9 -> 0
10 -> 0
11 -> 0
12 -> 0
13 -> 0
14 -> 0
15 -> 0
16 -> 0
17 -> 0
18 -> 0
19 -> 0
20 -> 0
21 -> 0
22 -> 0
23 -> 0
24 -> 0
25 -> 0
26 -> 0
27 -> 0
28 -> 0
29 -> 0
30 -> 0
31 -> 0
32 -> 0
33 -> 0
34 -> 0
35 -> 0
36 -> 0
37 -> 0
38 -> 0
39 -> 0
40 -> 0
41 -> 0
42 -> 0
43 -> 0
44 -> 0
45 -> 0
46 -> 0
47 -> 0
48 -> 0
49 -> 0
50 -> 0
51 -> 0
52 -> 0
53 -> 0
54 -> 0
55 -> 0
56 -> 0
57 -> 0
58 -> 0
59 -> 0
60 -> 0
61 -> 0
62 -> 0
63 -> 0
64 -> 0
65 -> 0
66 -> 0
67 -> 0
68 -> 0
69 -> 0
70 -> 0
71 -> 0
72 -> 0
73 -> 0
74 -> 0
75 -> 0
76 -> 0
77 -> 0
78 -> 0
79 -> 0
80 -> 0
81 -> 0
82 -> 0
83 -> 0
84 -> 0
85 -> 0
86 -> 0
87 -> 0
88 -> 0
89 -> 0
90 -> 0
91 -> 0
92 -> 0
93 -> 0
94 -> 0
95 -> 0
96 -> 0
97 -> 0
98 -> 0
99 -> 0
100 -> 0
101 -> 0
102 -> 0
103 -> 0
104 -> 0
105 -> 0
106 -> 0
107 -> 0
108 -> 0
109 -> 0
110 -> 0
111 -> 0
112 -> 0
113 -> 0
114 -> 0
115 -> 0
116 -> 0
117 -> 0
118 -> 0
119 -> 0
120 -> 0
121 -> 0
122 -> 0
123 -> 0
124 -> 0
125 -> 0
126 -> 0
127 -> 0
128 -> 0
	----------------------
Instructions Retired: 800002 Cycle: 567111 Hearbeat IPC: 1.425708 Cumulative IPC: 1.410662
Cycle: 567111	Best offset: 44	Score: 0	Hit Rate: 0.163862
	---- Offset table ----
Offset -> Score
1 -> 0
2 -> 0
3 -> 0
4 -> 0
5 -> 0
6 -> 0
7 -> 0
8 -> 0
9 -> 0
10 -> 0
11 -> 0
12 -> 0
13 -> 0
14 -> 0
15 -> 0
16 -> 0
17 -> 0
18 -> 0
19 -> 0
20 -> 0
21 -> 0
22 -> 0
23 -> 0
24 -> 0
25 -> 0
26 -> 0
27 -> 0
28 -> 0
29 -> 0
30 -> 0
31 -> 0
32 -> 0
33 -> 0
34 -> 0
35 -> 0
36 -> 0
37 -> 0
38 -> 0
39 -> 0
40 -> 0
41 -> 0
42 -> 0
43 -> 0
44 -> 0
45 -> 0
46 -> 0
47 -> 0
48 -> 0
49 -> 0
50 -> 0
51 -> 0
52 -> 0
53 -> 0
54 -> 0
55 -> 0
56 -> 0
57 -> 0
58 -> 0
59 -> 0
60 -> 0
61 -> 0
62 -> 0
63 -> 0
64 -> 0
65 -> 0
66 -> 0
67 -> 0
68 -> 0
69 -> 0
70 -> 0
71 -> 0
72 -> 0
73 -> 0
74 -> 0
75 -> 0
76 -> 0
77 -> 0
78 -> 0
79 -> 0
80 -> 0
81 -> 0
82 -> 0
83 -> 0
84 -> 0
85 -> 0
86 -> 0
87 -> 0
88 -> 0
89 -> 0
90 -> 0
91 -> 0
92 -> 0
93 -> 0
94 -> 0
95 -> 0
96 -> 0
97 -> 0
98 -> 0
99 -> 0
100 -> 0
101 -> 0
102 -> 0
103 -> 0
104 -> 0
105 -> 0
106 -> 0
107 -> 0
108 -> 0
109 -> 0
110 -> 0
111 -> 0
112 -> 0
113 -> 0
114 -> 0
115 -> 0
116 -> 0
117 -> 0
118 -> 0
119 -> 0
120 -> 0
121 -> 0
122 -> 0
123 -> 0
124 -> 0
125 -> 0
126 -> 0
127 -> 0
128 -> 0
	----------------------
Instructions Retired: 900000 Cycle: 653032 Hearbeat IPC: 1.163837 Cumulative IPC: 1.378187
Cycle: 653032	Best offset: 44	Score: 0	Hit Rate: 0.164790
	---- Offset table ----
Offset -> Score
1 -> 0
2 -> 0
3 -> 0
4 -> 0
5 -> 0
6 -> 0
7 -> 0
8 -> 0
9 -> 0
10 -> 0
11 -> 0
12 -> 0
13 -> 0
14 -> 0
15 -> 0
16 -> 0
17 -> 0
18 -> 0
19 -> 0
20 -> 0
21 -> 0
22 -> 0
23 -> 0
24 -> 0
25 -> 0
26 -> 0
27 -> 0
28 -> 0
29 -> 0
30 -> 0
31 -> 0
32 -> 0
33 -> 0
34 -> 0
35 -> 0
36 -> 0
37 -> 0
38 -> 0
39 -> 0
40 -> 0
41 -> 0
42 -> 0
43 -> 0
44 -> 0
45 -> 0
46 -> 0
47 -> 0
48 -> 0
49 -> 0
50 -> 0
51 -> 0
52 -> 0
53 -> 0
54 -> 0
55 -> 0
56 -> 0
57 -> 0
58 -> 0
59 -> 0
60 -> 0
61 -> 0
62 -> 0
63 -> 0
64 -> 0
65 -> 0
66 -> 0
67 -> 0
68 -> 0
69 -> 0
70 -> 0
71 -> 0
72 -> 0
73 -> 0
74 -> 0
75 -> 0
76 -> 0
77 -> 0
78 -> 0
79 -> 0
80 -> 0
81 -> 0
82 -> 0
83 -> 0
84 -> 0
85 -> 0
86 -> 0
87 -> 0
88 -> 0
89 -> 0
90 -> 0
91 -> 0
92 -> 0
93 -> 0
94 -> 0
95 -> 0
96 -> 0
97 -> 0
98 -> 0
99 -> 0
100 -> 0
101 -> 0
102 -> 0
103 -> 0
104 -> 0
105 -> 0
106 -> 0
107 -> 0
108 -> 0
109 -> 0
110 -> 0
111 -> 0
112 -> 0
113 -> 0
114 -> 0
115 -> 0
116 -> 0
117 -> 0
118 -> 0
119 -> 0
120 -> 0
121 -> 0
122 -> 0
123 -> 0
124 -> 0
125 -> 0
126 -> 0
127 -> 0
128 -> 0
	----------------------
Instructions Retired: 1000000 Cycle: 761032 Hearbeat IPC: 0.925926 Cumulative IPC: 1.314005
Cycle: 761032	Best offset: 44	Score: 0	Hit Rate: 0.165660
	---- Offset table ----
Offset -> Score
1 -> 0
2 -> 0
3 -> 0
4 -> 0
5 -> 0
6 -> 0
7 -> 0
8 -> 0
9 -> 0
10 -> 0
11 -> 0
12 -> 0
13 -> 0
14 -> 0
15 -> 0
16 -> 0
17 -> 0
18 -> 0
19 -> 0
20 -> 0
21 -> 0
22 -> 0
23 -> 0
24 -> 0
25 -> 0
26 -> 0
27 -> 0
28 -> 0
29 -> 0
30 -> 0
31 -> 0
32 -> 0
33 -> 0
34 -> 0
35 -> 0
36 -> 0
37 -> 0
38 -> 0
39 -> 0
40 -> 0
41 -> 0
42 -> 0
43 -> 0
44 -> 0
45 -> 0
46 -> 0
47 -> 0
48 -> 0
49 -> 0
50 -> 0
51 -> 0
52 -> 0
53 -> 0
54 -> 0
55 -> 0
56 -> 0
57 -> 0
58 -> 0
59 -> 0
60 -> 0
61 -> 0
62 -> 0
63 -> 0
64 -> 0
65 -> 0
66 -> 0
67 -> 0
68 -> 0
69 -> 0
70 -> 0
71 -> 0
72 -> 0
73 -> 0
74 -> 0
75 -> 0
76 -> 0
77 -> 0
78 -> 0
79 -> 0
80 -> 0
81 -> 0
82 -> 0
83 -> 0
84 -> 0
85 -> 0
86 -> 0
87 -> 0
88 -> 0
89 -> 0
90 -> 0
91 -> 0
92 -> 0
93 -> 0
94 -> 0
95 -> 0
96 -> 0
97 -> 0
98 -> 0
99 -> 0
100 -> 0
101 -> 0
102 -> 0
103 -> 0
104 -> 0
105 -> 0
106 -> 0
107 -> 0
108 -> 0
109 -> 0
110 -> 0
111 -> 0
112 -> 0
113 -> 0
114 -> 0
115 -> 0
116 -> 0
117 -> 0
118 -> 0
119 -> 0
120 -> 0
121 -> 0
122 -> 0
123 -> 0
124 -> 0
125 -> 0
126 -> 0
127 -> 0
128 -> 0
	----------------------
Instructions Retired: 1100000 Cycle: 860521 Hearbeat IPC: 1.005136 Cumulative IPC: 1.278295
Cycle: 860521	Best offset: 44	Score: 0	Hit Rate: 0.165969
	---- Offset table ----
Offset -> Score
1 -> 0
2 -> 0
3 -> 0
4 -> 0
5 -> 0
6 -> 0
7 -> 0
8 -> 0
9 -> 0
10 -> 0
11 -> 0
12 -> 0
13 -> 0
14 -> 0
15 -> 0
16 -> 0
17 -> 0
18 -> 0
19 -> 0
20 -> 0
21 -> 0
22 -> 0
23 -> 0
24 -> 0
25 -> 0
26 -> 0
27 -> 0
28 -> 0
29 -> 0
30 -> 0
31 -> 0
32 -> 0
33 -> 0
34 -> 0
35 -> 0
36 -> 0
37 -> 0
38 -> 0
39 -> 0
40 -> 0
41 -> 0
42 -> 0
43 -> 0
44 -> 0
45 -> 0
46 -> 0
47 -> 0
48 -> 0
49 -> 0
50 -> 0
51 -> 0
52 -> 0
53 -> 0
54 -> 0
55 -> 0
56 -> 0
57 -> 0
58 -> 0
59 -> 0
60 -> 0
61 -> 0
62 -> 0
63 -> 0
64 -> 0
65 -> 0
66 -> 0
67 -> 0
68 -> 0
69 -> 0
70 -> 0
71 -> 0
72 -> 0
73 -> 0
74 -> 0
75 -> 0
76 -> 0
77 -> 0
78 -> 0
79 -> 0
80 -> 0
81 -> 0
82 -> 0
83 -> 0
84 -> 0
85 -> 0
86 -> 0
87 -> 0
88 -> 0
89 -> 0
90 -> 0
91 -> 0
92 -> 0
93 -> 0
94 -> 0
95 -> 0
96 -> 0
97 -> 0
98 -> 0
99 -> 0
100 -> 0
101 -> 0
102 -> 0
103 -> 0
104 -> 0
105 -> 0
106 -> 0
107 -> 0
108 -> 0
109 -> 0
110 -> 0
111 -> 0
112 -> 0
113 -> 0
114 -> 0
115 -> 0
116 -> 0
117 -> 0
118 -> 0
119 -> 0
120 -> 0
121 -> 0
122 -> 0
123 -> 0
124 -> 0
125 -> 0
126 -> 0
127 -> 0
128 -> 0
	----------------------
Instructions Retired: 1200000 Cycle: 958837 Hearbeat IPC: 1.017128 Cumulative IPC: 1.251516
Cycle: 958837	Best offset: 44	Score: 0	Hit Rate: 0.166396
	---- Offset table ----
Offset -> Score
1 -> 0
2 -> 0
3 -> 0
4 -> 0
5 -> 0
6 -> 0
7 -> 0
8 -> 0
9 -> 0
10 -> 0
11 -> 0
12 -> 0
13 -> 0
14 -> 0
15 -> 0
16 -> 0
17 -> 0
18 -> 0
19 -> 0
20 -> 0
21 -> 0
22 -> 0
23 -> 0
24 -> 0
25 -> 0
26 -> 0
27 -> 0
28 -> 0
29 -> 0
30 -> 0
31 -> 0
32 -> 0
33 -> 0
34 -> 0
35 -> 0
36 -> 0
37 -> 0
38 -> 0
39 -> 0
40 -> 0
41 -> 0
42 -> 0
43 -> 0
44 -> 0
45 -> 0
46 -> 0
47 -> 0
48 -> 0
49 -> 0
50 -> 0
51 -> 0
52 -> 0
53 -> 0
54 -> 0
55 -> 0
56 -> 0
57 -> 0
58 -> 0
59 -> 0
60 -> 0
61 -> 0
62 -> 0
63 -> 0
64 -> 0
65 -> 0
66 -> 0
67 -> 0
68 -> 0
69 -> 0
70 -> 0
71 -> 0
72 -> 0
73 -> 0
74 -> 0
75 -> 0
76 -> 0
77 -> 0
78 -> 0
79 -> 0
80 -> 0
81 -> 0
82 -> 0
83 -> 0
84 -> 0
85 -> 0
86 -> 0
87 -> 0
88 -> 0
89 -> 0
90 -> 0
91 -> 0
92 -> 0
93 -> 0
94 -> 0
95 -> 0
96 -> 0
97 -> 0
98 -> 0
99 -> 0
100 -> 0
101 -> 0
102 -> 0
103 -> 0
104 -> 0
105 -> 0
106 -> 0
107 -> 0
108 -> 0
109 -> 0
110 -> 0
111 -> 0
112 -> 0
113 -> 0
114 -> 0
115 -> 0
116 -> 0
117 -> 0
118 -> 0
119 -> 0
120 -> 0
121 -> 0
122 -> 0
123 -> 0
124 -> 0
125 -> 0
126 -> 0
127 -> 0
128 -> 0
	----------------------
Instructions Retired: 1300000 Cycle: 1066940 Hearbeat IPC: 0.925044 Cumulative IPC: 1.218438
Cycle: 1066940	Best offset: 44	Score: 0	Hit Rate: 0.167376
	---- Offset table ----
Offset -> Score
1 -> 0
2 -> 0
3 -> 0
4 -> 0
5 -> 0
6 -> 0
7 -> 0
8 -> 0
9 -> 0
10 -> 0
11 -> 0
12 -> 0
13 -> 0
14 -> 0
15 -> 0
16 -> 0
17 -> 0
18 -> 0
19 -> 0
20 -> 0
21 -> 0
22 -> 0
23 -> 0
24 -> 0
25 -> 0
26 -> 0
27 -> 0
28 -> 0
29 -> 0
30 -> 0
31 -> 0
32 -> 0
33 -> 0
34 -> 0
35 -> 0
36 -> 0
37 -> 0
38 -> 0
39 -> 0
40 -> 0
41 -> 0
42 -> 0
43 -> 0
44 -> 0
45 -> 0
46 -> 0
47 -> 0
48 -> 0
49 -> 0
50 -> 0
51 -> 0
52 -> 0
53 -> 0
54 -> 0
55 -> 0
56 -> 0
57 -> 0
58 -> 0
59 -> 0
60 -> 0
61 -> 0
62 -> 0
63 -> 0
64 -> 0
65 -> 0
66 -> 0
67 -> 0
68 -> 0
69 -> 0
70 -> 0
71 -> 0
72 -> 0
73 -> 0
74 -> 0
75 -> 0
76 -> 0
77 -> 0
78 -> 0
79 -> 0
80 -> 0
81 -> 0
82 -> 0
83 -> 0
84 -> 0
85 -> 0
86 -> 0
87 -> 0
88 -> 0
89 -> 0
90 -> 0
91 -> 0
92 -> 0
93 -> 0
94 -> 0
95 -> 0
96 -> 0
97 -> 0
98 -> 0
99 -> 0
100 -> 0
101 -> 0
102 -> 0
103 -> 0
104 -> 0
105 -> 0
106 -> 0
107 -> 0
108 -> 0
109 -> 0
110 -> 0
111 -> 0
112 -> 0
113 -> 0
114 -> 0
115 -> 0
116 -> 0
117 -> 0
118 -> 0
119 -> 0
120 -> 0
121 -> 0
122 -> 0
123 -> 0
124 -> 0
125 -> 0
126 -> 0
127 -> 0
128 -> 0
	----------------------
Instructions Retired: 1400000 Cycle: 1172465 Hearbeat IPC: 0.947643 Cumulative IPC: 1.194065
Cycle: 1172465	Best offset: 44	Score: 0	Hit Rate: 0.167965
	---- Offset table ----
Offset -> Score
1 -> 0
2 -> 0
3 -> 0
4 -> 0
5 -> 0
6 -> 0
7 -> 0
8 -> 0
9 -> 0
10 -> 0
11 -> 0
12 -> 0
13 -> 0
14 -> 0
15 -> 0
16 -> 0
17 -> 0
18 -> 0
19 -> 0
20 -> 0
21 -> 0
22 -> 0
23 -> 0
24 -> 0
25 -> 0
26 -> 0
27 -> 0
28 -> 0
29 -> 0
30 -> 0
31 -> 0
32 -> 0
33 -> 0
34 -> 0
35 -> 0
36 -> 0
37 -> 0
38 -> 0
39 -> 0
40 -> 0
41 -> 0
42 -> 0
43 -> 0
44 -> 0
45 -> 0
46 -> 0
47 -> 0
48 -> 0
49 -> 0
50 -> 0
51 -> 0
52 -> 0
53 -> 0
54 -> 0
55 -> 0
56 -> 0
57 -> 0
58 -> 0
59 -> 0
60 -> 0
61 -> 0
62 -> 0
63 -> 0
64 -> 0
65 -> 0
66 -> 0
67 -> 0
68 -> 0
69 -> 0
70 -> 0
71 -> 0
72 -> 0
73 -> 0
74 -> 0
75 -> 0
76 -> 0
77 -> 0
78 -> 0
79 -> 0
80 -> 0
81 -> 0
82 -> 0
83 -> 0
84 -> 0
85 -> 0
86 -> 0
87 -> 0
88 -> 0
89 -> 0
90 -> 0
91 -> 0
92 -> 0
93 -> 0
94 -> 0
95 -> 0
96 -> 0
97 -> 0
98 -> 0
99 -> 0
100 -> 0
101 -> 0
102 -> 0
103 -> 0
104 -> 0
105 -> 0
106 -> 0
107 -> 0
108 -> 0
109 -> 0
110 -> 0
111 -> 0
112 -> 0
113 -> 0
114 -> 0
115 -> 0
116 -> 0
117 -> 0
118 -> 0
119 -> 0
120 -> 0
121 -> 0
122 -> 0
123 -> 0
124 -> 0
125 -> 0
126 -> 0
127 -> 0
128 -> 0
	----------------------
Instructions Retired: 1500003 Cycle: 1269994 Hearbeat IPC: 1.025367 Cumulative IPC: 1.181110
Cycle: 1269994	Best offset: 44	Score: 0	Hit Rate: 0.169067
	---- Offset table ----
Offset -> Score
1 -> 0
2 -> 0
3 -> 0
4 -> 0
5 -> 0
6 -> 0
7 -> 0
8 -> 0
9 -> 0
10 -> 0
11 -> 0
12 -> 0
13 -> 0
14 -> 0
15 -> 0
16 -> 0
17 -> 0
18 -> 0
19 -> 0
20 -> 0
21 -> 0
22 -> 0
23 -> 0
24 -> 0
25 -> 0
26 -> 0
27 -> 0
28 -> 0
29 -> 0
30 -> 0
31 -> 0
32 -> 0
33 -> 0
34 -> 0
35 -> 0
36 -> 0
37 -> 0
38 -> 0
39 -> 0
40 -> 0
41 -> 0
42 -> 0
43 -> 0
44 -> 0
45 -> 0
46 -> 0
47 -> 0
48 -> 0
49 -> 0
50 -> 0
51 -> 0
52 -> 0
53 -> 0
54 -> 0
55 -> 0
56 -> 0
57 -> 0
58 -> 0
59 -> 0
60 -> 0
61 -> 0
62 -> 0
63 -> 0
64 -> 0
65 -> 0
66 -> 0
67 -> 0
68 -> 0
69 -> 0
70 -> 0
71 -> 0
72 -> 0
73 -> 0
74 -> 0
75 -> 0
76 -> 0
77 -> 0
78 -> 0
79 -> 0
80 -> 0
81 -> 0
82 -> 0
83 -> 0
84 -> 0
85 -> 0
86 -> 0
87 -> 0
88 -> 0
89 -> 0
90 -> 0
91 -> 0
92 -> 0
93 -> 0
94 -> 0
95 -> 0
96 -> 0
97 -> 0
98 -> 0
99 -> 0
100 -> 0
101 -> 0
102 -> 0
103 -> 0
104 -> 0
105 -> 0
106 -> 0
107 -> 0
108 -> 0
109 -> 0
110 -> 0
111 -> 0
112 -> 0
113 -> 0
114 -> 0
115 -> 0
116 -> 0
117 -> 0
118 -> 0
119 -> 0
120 -> 0
121 -> 0
122 -> 0
123 -> 0
124 -> 0
125 -> 0
126 -> 0
127 -> 0
128 -> 0
	----------------------
Instructions Retired: 1600000 Cycle: 1374921 Hearbeat IPC: 0.953015 Cumulative IPC: 1.163703
Cycle: 1374921	Best offset: 44	Score: 0	Hit Rate: 0.171264
	---- Offset table ----
Offset -> Score
1 -> 0
2 -> 0
3 -> 0
4 -> 0
5 -> 0
6 -> 0
7 -> 0
8 -> 0
9 -> 0
10 -> 0
11 -> 0
12 -> 0
13 -> 0
14 -> 0
15 -> 0
16 -> 0
17 -> 0
18 -> 0
19 -> 0
20 -> 0
21 -> 0
22 -> 0
23 -> 0
24 -> 0
25 -> 0
26 -> 0
27 -> 0
28 -> 0
29 -> 0
30 -> 0
31 -> 0
32 -> 0
33 -> 0
34 -> 0
35 -> 0
36 -> 0
37 -> 0
38 -> 0
39 -> 0
40 -> 0
41 -> 0
42 -> 0
43 -> 0
44 -> 0
45 -> 0
46 -> 0
47 -> 0
48 -> 0
49 -> 0
50 -> 0
51 -> 0
52 -> 0
53 -> 0
54 -> 0
55 -> 0
56 -> 0
57 -> 0
58 -> 0
59 -> 0
60 -> 0
61 -> 0
62 -> 0
63 -> 0
64 -> 0
65 -> 0
66 -> 0
67 -> 0
68 -> 0
69 -> 0
70 -> 0
71 -> 0
72 -> 0
73 -> 0
74 -> 0
75 -> 0
76 -> 0
77 -> 0
78 -> 0
79 -> 0
80 -> 0
81 -> 0
82 -> 0
83 -> 0
84 -> 0
85 -> 0
86 -> 0
87 -> 0
88 -> 0
89 -> 0
90 -> 0
91 -> 0
92 -> 0
93 -> 0
94 -> 0
95 -> 0
96 -> 0
97 -> 0
98 -> 0
99 -> 0
100 -> 0
101 -> 0
102 -> 0
103 -> 0
104 -> 0
105 -> 0
106 -> 0
107 -> 0
108 -> 0
109 -> 0
110 -> 0
111 -> 0
112 -> 0
113 -> 0
114 -> 0
115 -> 0
116 -> 0
117 -> 0
118 -> 0
119 -> 0
120 -> 0
121 -> 0
122 -> 0
123 -> 0
124 -> 0
125 -> 0
126 -> 0
127 -> 0
128 -> 0
	----------------------
Offset switch to: 1	With score: 1
Instructions Retired: 1700000 Cycle: 1437118 Hearbeat IPC: 1.607795 Cumulative IPC: 1.182923
Cycle: 1437118	Best offset: 1	Score: 0	Hit Rate: 0.169851
	---- Offset table ----
Offset -> Score
1 -> 0
2 -> 0
3 -> 0
4 -> 0
5 -> 0
6 -> 0
7 -> 0
8 -> 0
9 -> 0
10 -> 0
11 -> 0
12 -> 0
13 -> 0
14 -> 0
15 -> 0
16 -> 0
17 -> 0
18 -> 0
19 -> 0
20 -> 0
21 -> 0
22 -> 0
23 -> 0
24 -> 0
25 -> 0
26 -> 0
27 -> 0
28 -> 0
29 -> 0
30 -> 0
31 -> 0
32 -> 0
33 -> 0
34 -> 0
35 -> 0
36 -> 0
37 -> 0
38 -> 0
39 -> 0
40 -> 0
41 -> 0
42 -> 0
43 -> 0
44 -> 0
45 -> 0
46 -> 0
47 -> 0
48 -> 0
49 -> 0
50 -> 0
51 -> 0
52 -> 0
53 -> 0
54 -> 0
55 -> 0
56 -> 0
57 -> 0
58 -> 0
59 -> 0
60 -> 0
61 -> 0
62 -> 0
63 -> 0
64 -> 0
65 -> 0
66 -> 0
67 -> 0
68 -> 0
69 -> 0
70 -> 0
71 -> 0
72 -> 0
73 -> 0
74 -> 0
75 -> 0
76 -> 0
77 -> 0
78 -> 0
79 -> 0
80 -> 0
81 -> 0
82 -> 0
83 -> 0
84 -> 0
85 -> 0
86 -> 0
87 -> 0
88 -> 0
89 -> 0
90 -> 0
91 -> 0
92 -> 0
93 -> 0
94 -> 0
95 -> 0
96 -> 0
97 -> 0
98 -> 0
99 -> 0
100 -> 0
101 -> 0
102 -> 0
103 -> 0
104 -> 0
105 -> 0
106 -> 0
107 -> 0
108 -> 0
109 -> 0
110 -> 0
111 -> 0
112 -> 0
113 -> 0
114 -> 0
115 -> 0
116 -> 0
117 -> 0
118 -> 0
119 -> 0
120 -> 0
121 -> 0
122 -> 0
123 -> 0
124 -> 0
125 -> 0
126 -> 0
127 -> 0
128 -> 0
	----------------------
Offset switch to: 125	With score: 1
Offset switch to: 125	With score: 2
Instructions Retired: 1800000 Cycle: 1536769 Hearbeat IPC: 1.003502 Cumulative IPC: 1.171289
Cycle: 1536769	Best offset: 125	Score: 0	Hit Rate: 0.162061
	---- Offset table ----
Offset -> Score
1 -> 0
2 -> 0
3 -> 0
4 -> 0
5 -> 0
6 -> 0
7 -> 0
8 -> 0
9 -> 0
10 -> 0
11 -> 0
12 -> 0
13 -> 0
14 -> 0
15 -> 0
16 -> 0
17 -> 0
18 -> 0
19 -> 0
20 -> 0
21 -> 0
22 -> 0
23 -> 0
24 -> 0
25 -> 0
26 -> 0
27 -> 0
28 -> 0
29 -> 0
30 -> 0
31 -> 0
32 -> 0
33 -> 0
34 -> 0
35 -> 0
36 -> 0
37 -> 0
38 -> 0
39 -> 0
40 -> 0
41 -> 0
42 -> 0
43 -> 0
44 -> 0
45 -> 0
46 -> 0
47 -> 0
48 -> 0
49 -> 0
50 -> 0
51 -> 0
52 -> 0
53 -> 0
54 -> 0
55 -> 0
56 -> 0
57 -> 0
58 -> 0
59 -> 0
60 -> 0
61 -> 0
62 -> 0
63 -> 0
64 -> 0
65 -> 0
66 -> 0
67 -> 0
68 -> 0
69 -> 0
70 -> 0
71 -> 0
72 -> 0
73 -> 0
74 -> 0
75 -> 0
76 -> 0
77 -> 0
78 -> 0
79 -> 0
80 -> 0
81 -> 0
82 -> 0
83 -> 0
84 -> 0
85 -> 0
86 -> 0
87 -> 0
88 -> 0
89 -> 0
90 -> 0
91 -> 0
92 -> 0
93 -> 0
94 -> 0
95 -> 0
96 -> 0
97 -> 0
98 -> 0
99 -> 0
100 -> 0
101 -> 0
102 -> 0
103 -> 0
104 -> 0
105 -> 0
106 -> 0
107 -> 0
108 -> 0
109 -> 0
110 -> 0
111 -> 0
112 -> 0
113 -> 0
114 -> 0
115 -> 0
116 -> 0
117 -> 0
118 -> 0
119 -> 0
120 -> 0
121 -> 0
122 -> 0
123 -> 0
124 -> 0
125 -> 0
126 -> 0
127 -> 0
128 -> 0
	----------------------
Instructions Retired: 1900000 Cycle: 1653483 Hearbeat IPC: 0.856795 Cumulative IPC: 1.149090
Cycle: 1653483	Best offset: 125	Score: 0	Hit Rate: 0.153533
	---- Offset table ----
Offset -> Score
1 -> 0
2 -> 0
3 -> 0
4 -> 0
5 -> 0
6 -> 0
7 -> 0
8 -> 0
9 -> 0
10 -> 0
11 -> 0
12 -> 0
13 -> 0
14 -> 0
15 -> 0
16 -> 0
17 -> 0
18 -> 0
19 -> 0
20 -> 0
21 -> 0
22 -> 0
23 -> 0
24 -> 0
25 -> 0
26 -> 0
27 -> 0
28 -> 0
29 -> 0
30 -> 0
31 -> 0
32 -> 0
33 -> 0
34 -> 0
35 -> 0
36 -> 0
37 -> 0
38 -> 0
39 -> 0
40 -> 0
41 -> 0
42 -> 0
43 -> 0
44 -> 0
45 -> 0
46 -> 0
47 -> 0
48 -> 0
49 -> 0
50 -> 0
51 -> 0
52 -> 0
53 -> 0
54 -> 0
55 -> 0
56 -> 0
57 -> 0
58 -> 0
59 -> 0
60 -> 0
61 -> 0
62 -> 0
63 -> 0
64 -> 0
65 -> 0
66 -> 0
67 -> 0
68 -> 0
69 -> 0
70 -> 0
71 -> 0
72 -> 0
73 -> 0
74 -> 0
75 -> 0
76 -> 0
77 -> 0
78 -> 0
79 -> 0
80 -> 0
81 -> 0
82 -> 0
83 -> 0
84 -> 0
85 -> 0
86 -> 0
87 -> 0
88 -> 0
89 -> 0
90 -> 0
91 -> 0
92 -> 0
93 -> 0
94 -> 0
95 -> 0
96 -> 0
97 -> 0
98 -> 0
99 -> 0
100 -> 0
101 -> 0
102 -> 0
103 -> 0
104 -> 0
105 -> 0
106 -> 0
107 -> 0
108 -> 0
109 -> 0
110 -> 0
111 -> 0
112 -> 0
113 -> 0
114 -> 0
115 -> 0
116 -> 0
117 -> 0
118 -> 0
119 -> 0
120 -> 0
121 -> 0
122 -> 0
123 -> 0
124 -> 0
125 -> 0
126 -> 0
127 -> 0
128 -> 0
	----------------------
Instructions Retired: 2000000 Cycle: 1744849 Hearbeat IPC: 1.094499 Cumulative IPC: 1.146231
Cycle: 1744849	Best offset: 125	Score: 0	Hit Rate: 0.145857
	---- Offset table ----
Offset -> Score
1 -> 0
2 -> 0
3 -> 0
4 -> 0
5 -> 0
6 -> 0
7 -> 0
8 -> 0
9 -> 0
10 -> 0
11 -> 0
12 -> 0
13 -> 0
14 -> 0
15 -> 0
16 -> 0
17 -> 0
18 -> 0
19 -> 0
20 -> 0
21 -> 0
22 -> 0
23 -> 0
24 -> 0
25 -> 0
26 -> 0
27 -> 0
28 -> 0
29 -> 0
30 -> 0
31 -> 0
32 -> 0
33 -> 0
34 -> 0
35 -> 0
36 -> 0
37 -> 0
38 -> 0
39 -> 0
40 -> 0
41 -> 0
42 -> 0
43 -> 0
44 -> 0
45 -> 0
46 -> 0
47 -> 0
48 -> 0
49 -> 0
50 -> 0
51 -> 0
52 -> 0
53 -> 0
54 -> 0
55 -> 0
56 -> 0
57 -> 0
58 -> 0
59 -> 0
60 -> 0
61 -> 0
62 -> 0
63 -> 0
64 -> 0
65 -> 0
66 -> 0
67 -> 0
68 -> 0
69 -> 0
70 -> 0
71 -> 0
72 -> 0
73 -> 0
74 -> 0
75 -> 0
76 -> 0
77 -> 0
78 -> 0
79 -> 0
80 -> 0
81 -> 0
82 -> 0
83 -> 0
84 -> 0
85 -> 0
86 -> 0
87 -> 0
88 -> 0
89 -> 0
90 -> 0
91 -> 0
92 -> 0
93 -> 0
94 -> 0
95 -> 0
96 -> 0
97 -> 0
98 -> 0
99 -> 0
100 -> 0
101 -> 0
102 -> 0
103 -> 0
104 -> 0
105 -> 0
106 -> 0
107 -> 0
108 -> 0
109 -> 0
110 -> 0
111 -> 0
112 -> 0
113 -> 0
114 -> 0
115 -> 0
116 -> 0
117 -> 0
118 -> 0
119 -> 0
120 -> 0
121 -> 0
122 -> 0
123 -> 0
124 -> 0
125 -> 0
126 -> 0
127 -> 0
128 -> 0
	----------------------
Instructions Retired: 2100000 Cycle: 1861076 Hearbeat IPC: 0.860385 Cumulative IPC: 1.128379
Cycle: 1861076	Best offset: 125	Score: 0	Hit Rate: 0.138906
	---- Offset table ----
Offset -> Score
1 -> 0
2 -> 0
3 -> 0
4 -> 0
5 -> 0
6 -> 0
7 -> 0
8 -> 0
9 -> 0
10 -> 0
11 -> 0
12 -> 0
13 -> 0
14 -> 0
15 -> 0
16 -> 0
17 -> 0
18 -> 0
19 -> 0
20 -> 0
21 -> 0
22 -> 0
23 -> 0
24 -> 0
25 -> 0
26 -> 0
27 -> 0
28 -> 0
29 -> 0
30 -> 0
31 -> 0
32 -> 0
33 -> 0
34 -> 0
35 -> 0
36 -> 0
37 -> 0
38 -> 0
39 -> 0
40 -> 0
41 -> 0
42 -> 0
43 -> 0
44 -> 0
45 -> 0
46 -> 0
47 -> 0
48 -> 0
49 -> 0
50 -> 0
51 -> 0
52 -> 0
53 -> 0
54 -> 0
55 -> 0
56 -> 0
57 -> 0
58 -> 0
59 -> 0
60 -> 0
61 -> 0
62 -> 0
63 -> 0
64 -> 0
65 -> 0
66 -> 0
67 -> 0
68 -> 0
69 -> 0
70 -> 0
71 -> 0
72 -> 0
73 -> 0
74 -> 0
75 -> 0
76 -> 0
77 -> 0
78 -> 0
79 -> 0
80 -> 0
81 -> 0
82 -> 0
83 -> 0
84 -> 0
85 -> 0
86 -> 0
87 -> 0
88 -> 0
89 -> 0
90 -> 0
91 -> 0
92 -> 0
93 -> 0
94 -> 0
95 -> 0
96 -> 0
97 -> 0
98 -> 0
99 -> 0
100 -> 0
101 -> 0
102 -> 0
103 -> 0
104 -> 0
105 -> 0
106 -> 0
107 -> 0
108 -> 0
109 -> 0
110 -> 0
111 -> 0
112 -> 0
113 -> 0
114 -> 0
115 -> 0
116 -> 0
117 -> 0
118 -> 0
119 -> 0
120 -> 0
121 -> 0
122 -> 0
123 -> 0
124 -> 0
125 -> 0
126 -> 0
127 -> 0
128 -> 0
	----------------------
Instructions Retired: 2200000 Cycle: 1967982 Hearbeat IPC: 0.935401 Cumulative IPC: 1.117896
Cycle: 1967982	Best offset: 125	Score: 0	Hit Rate: 0.132590
	---- Offset table ----
Offset -> Score
1 -> 0
2 -> 0
3 -> 0
4 -> 0
5 -> 0
6 -> 0
7 -> 0
8 -> 0
9 -> 0
10 -> 0
11 -> 0
12 -> 0
13 -> 0
14 -> 0
15 -> 0
16 -> 0
17 -> 0
18 -> 0
19 -> 0
20 -> 0
21 -> 0
22 -> 0
23 -> 0
24 -> 0
25 -> 0
26 -> 0
27 -> 0
28 -> 0
29 -> 0
30 -> 0
31 -> 0
32 -> 0
33 -> 0
34 -> 0
35 -> 0
36 -> 0
37 -> 0
38 -> 0
39 -> 0
40 -> 0
41 -> 0
42 -> 0
43 -> 0
44 -> 0
45 -> 0
46 -> 0
47 -> 0
48 -> 0
49 -> 0
50 -> 0
51 -> 0
52 -> 0
53 -> 0
54 -> 0
55 -> 0
56 -> 0
57 -> 0
58 -> 0
59 -> 0
60 -> 0
61 -> 0
62 -> 0
63 -> 0
64 -> 0
65 -> 0
66 -> 0
67 -> 0
68 -> 0
69 -> 0
70 -> 0
71 -> 0
72 -> 0
73 -> 0
74 -> 0
75 -> 0
76 -> 0
77 -> 0
78 -> 0
79 -> 0
80 -> 0
81 -> 0
82 -> 0
83 -> 0
84 -> 0
85 -> 0
86 -> 0
87 -> 0
88 -> 0
89 -> 0
90 -> 0
91 -> 0
92 -> 0
93 -> 0
94 -> 0
95 -> 0
96 -> 0
97 -> 0
98 -> 0
99 -> 0
100 -> 0
101 -> 0
102 -> 0
103 -> 0
104 -> 0
105 -> 0
106 -> 0
107 -> 0
108 -> 0
109 -> 0
110 -> 0
111 -> 0
112 -> 0
113 -> 0
114 -> 0
115 -> 0
116 -> 0
117 -> 0
118 -> 0
119 -> 0
120 -> 0
121 -> 0
122 -> 0
123 -> 0
124 -> 0
125 -> 0
126 -> 0
127 -> 0
128 -> 0
	----------------------
Instructions Retired: 2300000 Cycle: 2067051 Hearbeat IPC: 1.009398 Cumulative IPC: 1.112696
Cycle: 2067051	Best offset: 125	Score: 0	Hit Rate: 0.126823
	---- Offset table ----
Offset -> Score
1 -> 0
2 -> 0
3 -> 0
4 -> 0
5 -> 0
6 -> 0
7 -> 0
8 -> 0
9 -> 0
10 -> 0
11 -> 0
12 -> 0
13 -> 0
14 -> 0
15 -> 0
16 -> 0
17 -> 0
18 -> 0
19 -> 0
20 -> 0
21 -> 0
22 -> 0
23 -> 0
24 -> 0
25 -> 0
26 -> 0
27 -> 0
28 -> 0
29 -> 0
30 -> 0
31 -> 0
32 -> 0
33 -> 0
34 -> 0
35 -> 0
36 -> 0
37 -> 0
38 -> 0
39 -> 0
40 -> 0
41 -> 0
42 -> 0
43 -> 0
44 -> 0
45 -> 0
46 -> 0
47 -> 0
48 -> 0
49 -> 0
50 -> 0
51 -> 0
52 -> 0
53 -> 0
54 -> 0
55 -> 0
56 -> 0
57 -> 0
58 -> 0
59 -> 0
60 -> 0
61 -> 0
62 -> 0
63 -> 0
64 -> 0
65 -> 0
66 -> 0
67 -> 0
68 -> 0
69 -> 0
70 -> 0
71 -> 0
72 -> 0
73 -> 0
74 -> 0
75 -> 0
76 -> 0
77 -> 0
78 -> 0
79 -> 0
80 -> 0
81 -> 0
82 -> 0
83 -> 0
84 -> 0
85 -> 0
86 -> 0
87 -> 0
88 -> 0
89 -> 0
90 -> 0
91 -> 0
92 -> 0
93 -> 0
94 -> 0
95 -> 0
96 -> 0
97 -> 0
98 -> 0
99 -> 0
100 -> 0
101 -> 0
102 -> 0
103 -> 0
104 -> 0
105 -> 0
106 -> 0
107 -> 0
108 -> 0
109 -> 0
110 -> 0
111 -> 0
112 -> 0
113 -> 0
114 -> 0
115 -> 0
116 -> 0
117 -> 0
118 -> 0
119 -> 0
120 -> 0
121 -> 0
122 -> 0
123 -> 0
124 -> 0
125 -> 0
126 -> 0
127 -> 0
128 -> 0
	----------------------
Instructions Retired: 2400000 Cycle: 2188683 Hearbeat IPC: 0.822152 Cumulative IPC: 1.096550
Cycle: 2188683	Best offset: 125	Score: 0	Hit Rate: 0.121540
	---- Offset table ----
Offset -> Score
1 -> 0
2 -> 0
3 -> 0
4 -> 0
5 -> 0
6 -> 0
7 -> 0
8 -> 0
9 -> 0
10 -> 0
11 -> 0
12 -> 0
13 -> 0
14 -> 0
15 -> 0
16 -> 0
17 -> 0
18 -> 0
19 -> 0
20 -> 0
21 -> 0
22 -> 0
23 -> 0
24 -> 0
25 -> 0
26 -> 0
27 -> 0
28 -> 0
29 -> 0
30 -> 0
31 -> 0
32 -> 0
33 -> 0
34 -> 0
35 -> 0
36 -> 0
37 -> 0
38 -> 0
39 -> 0
40 -> 0
41 -> 0
42 -> 0
43 -> 0
44 -> 0
45 -> 0
46 -> 0
47 -> 0
48 -> 0
49 -> 0
50 -> 0
51 -> 0
52 -> 0
53 -> 0
54 -> 0
55 -> 0
56 -> 0
57 -> 0
58 -> 0
59 -> 0
60 -> 0
61 -> 0
62 -> 0
63 -> 0
64 -> 0
65 -> 0
66 -> 0
67 -> 0
68 -> 0
69 -> 0
70 -> 0
71 -> 0
72 -> 0
73 -> 0
74 -> 0
75 -> 0
76 -> 0
77 -> 0
78 -> 0
79 -> 0
80 -> 0
81 -> 0
82 -> 0
83 -> 0
84 -> 0
85 -> 0
86 -> 0
87 -> 0
88 -> 0
89 -> 0
90 -> 0
91 -> 0
92 -> 0
93 -> 0
94 -> 0
95 -> 0
96 -> 0
97 -> 0
98 -> 0
99 -> 0
100 -> 0
101 -> 0
102 -> 0
103 -> 0
104 -> 0
105 -> 0
106 -> 0
107 -> 0
108 -> 0
109 -> 0
110 -> 0
111 -> 0
112 -> 0
113 -> 0
114 -> 0
115 -> 0
116 -> 0
117 -> 0
118 -> 0
119 -> 0
120 -> 0
121 -> 0
122 -> 0
123 -> 0
124 -> 0
125 -> 0
126 -> 0
127 -> 0
128 -> 0
	----------------------
Instructions Retired: 2500000 Cycle: 2296665 Hearbeat IPC: 0.926080 Cumulative IPC: 1.088535
Cycle: 2296665	Best offset: 125	Score: 0	Hit Rate: 0.116675
	---- Offset table ----
Offset -> Score
1 -> 0
2 -> 0
3 -> 0
4 -> 0
5 -> 0
6 -> 0
7 -> 0
8 -> 0
9 -> 0
10 -> 0
11 -> 0
12 -> 0
13 -> 0
14 -> 0
15 -> 0
16 -> 0
17 -> 0
18 -> 0
19 -> 0
20 -> 0
21 -> 0
22 -> 0
23 -> 0
24 -> 0
25 -> 0
26 -> 0
27 -> 0
28 -> 0
29 -> 0
30 -> 0
31 -> 0
32 -> 0
33 -> 0
34 -> 0
35 -> 0
36 -> 0
37 -> 0
38 -> 0
39 -> 0
40 -> 0
41 -> 0
42 -> 0
43 -> 0
44 -> 0
45 -> 0
46 -> 0
47 -> 0
48 -> 0
49 -> 0
50 -> 0
51 -> 0
52 -> 0
53 -> 0
54 -> 0
55 -> 0
56 -> 0
57 -> 0
58 -> 0
59 -> 0
60 -> 0
61 -> 0
62 -> 0
63 -> 0
64 -> 0
65 -> 0
66 -> 0
67 -> 0
68 -> 0
69 -> 0
70 -> 0
71 -> 0
72 -> 0
73 -> 0
74 -> 0
75 -> 0
76 -> 0
77 -> 0
78 -> 0
79 -> 0
80 -> 0
81 -> 0
82 -> 0
83 -> 0
84 -> 0
85 -> 0
86 -> 0
87 -> 0
88 -> 0
89 -> 0
90 -> 0
91 -> 0
92 -> 0
93 -> 0
94 -> 0
95 -> 0
96 -> 0
97 -> 0
98 -> 0
99 -> 0
100 -> 0
101 -> 0
102 -> 0
103 -> 0
104 -> 0
105 -> 0
106 -> 0
107 -> 0
108 -> 0
109 -> 0
110 -> 0
111 -> 0
112 -> 0
113 -> 0
114 -> 0
115 -> 0
116 -> 0
117 -> 0
118 -> 0
119 -> 0
120 -> 0
121 -> 0
122 -> 0
123 -> 0
124 -> 0
125 -> 0
126 -> 0
127 -> 0
128 -> 0
	----------------------
Instructions Retired: 2600000 Cycle: 2400776 Hearbeat IPC: 0.960513 Cumulative IPC: 1.082983
Cycle: 2400776	Best offset: 125	Score: 0	Hit Rate: 0.112188
	---- Offset table ----
Offset -> Score
1 -> 0
2 -> 0
3 -> 0
4 -> 0
5 -> 0
6 -> 0
7 -> 0
8 -> 0
9 -> 0
10 -> 0
11 -> 0
12 -> 0
13 -> 0
14 -> 0
15 -> 0
16 -> 0
17 -> 0
18 -> 0
19 -> 0
20 -> 0
21 -> 0
22 -> 0
23 -> 0
24 -> 0
25 -> 0
26 -> 0
27 -> 0
28 -> 0
29 -> 0
30 -> 0
31 -> 0
32 -> 0
33 -> 0
34 -> 0
35 -> 0
36 -> 0
37 -> 0
38 -> 0
39 -> 0
40 -> 0
41 -> 0
42 -> 0
43 -> 0
44 -> 0
45 -> 0
46 -> 0
47 -> 0
48 -> 0
49 -> 0
50 -> 0
51 -> 0
52 -> 0
53 -> 0
54 -> 0
55 -> 0
56 -> 0
57 -> 0
58 -> 0
59 -> 0
60 -> 0
61 -> 0
62 -> 0
63 -> 0
64 -> 0
65 -> 0
66 -> 0
67 -> 0
68 -> 0
69 -> 0
70 -> 0
71 -> 0
72 -> 0
73 -> 0
74 -> 0
75 -> 0
76 -> 0
77 -> 0
78 -> 0
79 -> 0
80 -> 0
81 -> 0
82 -> 0
83 -> 0
84 -> 0
85 -> 0
86 -> 0
87 -> 0
88 -> 0
89 -> 0
90 -> 0
91 -> 0
92 -> 0
93 -> 0
94 -> 0
95 -> 0
96 -> 0
97 -> 0
98 -> 0
99 -> 0
100 -> 0
101 -> 0
102 -> 0
103 -> 0
104 -> 0
105 -> 0
106 -> 0
107 -> 0
108 -> 0
109 -> 0
110 -> 0
111 -> 0
112 -> 0
113 -> 0
114 -> 0
115 -> 0
116 -> 0
117 -> 0
118 -> 0
119 -> 0
120 -> 0
121 -> 0
122 -> 0
123 -> 0
124 -> 0
125 -> 0
126 -> 0
127 -> 0
128 -> 0
	----------------------
Offset switch to: 5	With score: 1
Instructions Retired: 2700000 Cycle: 2500716 Hearbeat IPC: 1.000600 Cumulative IPC: 1.079691
Cycle: 2500716	Best offset: 5	Score: 0	Hit Rate: 0.111674
	---- Offset table ----
Offset -> Score
1 -> 0
2 -> 0
3 -> 0
4 -> 0
5 -> 0
6 -> 0
7 -> 0
8 -> 0
9 -> 0
10 -> 0
11 -> 0
12 -> 0
13 -> 0
14 -> 0
15 -> 0
16 -> 0
17 -> 0
18 -> 0
19 -> 0
20 -> 0
21 -> 0
22 -> 0
23 -> 0
24 -> 0
25 -> 0
26 -> 0
27 -> 0
28 -> 0
29 -> 0
30 -> 0
31 -> 0
32 -> 0
33 -> 0
34 -> 0
35 -> 0
36 -> 0
37 -> 0
38 -> 0
39 -> 0
40 -> 0
41 -> 0
42 -> 0
43 -> 0
44 -> 0
45 -> 0
46 -> 0
47 -> 0
48 -> 0
49 -> 0
50 -> 0
51 -> 0
52 -> 0
53 -> 0
54 -> 0
55 -> 0
56 -> 0
57 -> 0
58 -> 0
59 -> 0
60 -> 0
61 -> 0
62 -> 0
63 -> 0
64 -> 0
65 -> 0
66 -> 0
67 -> 0
68 -> 0
69 -> 0
70 -> 0
71 -> 0
72 -> 0
73 -> 0
74 -> 0
75 -> 0
76 -> 0
77 -> 0
78 -> 0
79 -> 0
80 -> 0
81 -> 0
82 -> 0
83 -> 0
84 -> 0
85 -> 0
86 -> 0
87 -> 0
88 -> 0
89 -> 0
90 -> 0
91 -> 0
92 -> 0
93 -> 0
94 -> 0
95 -> 0
96 -> 0
97 -> 0
98 -> 0
99 -> 0
100 -> 0
101 -> 0
102 -> 0
103 -> 0
104 -> 0
105 -> 0
106 -> 0
107 -> 0
108 -> 0
109 -> 0
110 -> 0
111 -> 0
112 -> 0
113 -> 0
114 -> 0
115 -> 0
116 -> 0
117 -> 0
118 -> 0
119 -> 0
120 -> 0
121 -> 0
122 -> 0
123 -> 0
124 -> 0
125 -> 0
126 -> 0
127 -> 0
128 -> 0
	----------------------
Offset switch to: 20	With score: 1
Offset switch to: 22	With score: 2
Instructions Retired: 2800000 Cycle: 2590863 Hearbeat IPC: 1.109299 Cumulative IPC: 1.080721
Cycle: 2590863	Best offset: 22	Score: 0	Hit Rate: 0.115406
	---- Offset table ----
Offset -> Score
1 -> 0
2 -> 0
3 -> 0
4 -> 0
5 -> 0
6 -> 0
7 -> 0
8 -> 0
9 -> 0
10 -> 0
11 -> 0
12 -> 0
13 -> 0
14 -> 0
15 -> 0
16 -> 0
17 -> 0
18 -> 0
19 -> 0
20 -> 0
21 -> 0
22 -> 0
23 -> 0
24 -> 0
25 -> 0
26 -> 0
27 -> 0
28 -> 0
29 -> 0
30 -> 0
31 -> 0
32 -> 0
33 -> 0
34 -> 0
35 -> 0
36 -> 0
37 -> 0
38 -> 0
39 -> 0
40 -> 0
41 -> 0
42 -> 0
43 -> 0
44 -> 0
45 -> 0
46 -> 0
47 -> 0
48 -> 0
49 -> 0
50 -> 0
51 -> 0
52 -> 0
53 -> 0
54 -> 0
55 -> 0
56 -> 0
57 -> 0
58 -> 0
59 -> 0
60 -> 0
61 -> 0
62 -> 0
63 -> 0
64 -> 0
65 -> 0
66 -> 0
67 -> 0
68 -> 0
69 -> 0
70 -> 0
71 -> 0
72 -> 0
73 -> 0
74 -> 0
75 -> 0
76 -> 0
77 -> 0
78 -> 0
79 -> 0
80 -> 0
81 -> 0
82 -> 0
83 -> 0
84 -> 0
85 -> 0
86 -> 0
87 -> 0
88 -> 0
89 -> 0
90 -> 0
91 -> 0
92 -> 0
93 -> 0
94 -> 0
95 -> 0
96 -> 0
97 -> 0
98 -> 0
99 -> 0
100 -> 0
101 -> 0
102 -> 0
103 -> 0
104 -> 0
105 -> 0
106 -> 0
107 -> 0
108 -> 0
109 -> 0
110 -> 0
111 -> 0
112 -> 0
113 -> 0
114 -> 0
115 -> 0
116 -> 0
117 -> 0
118 -> 0
119 -> 0
120 -> 0
121 -> 0
122 -> 0
123 -> 0
124 -> 0
125 -> 0
126 -> 0
127 -> 0
128 -> 0
	----------------------
Instructions Retired: 2900000 Cycle: 2678541 Hearbeat IPC: 1.140537 Cumulative IPC: 1.082679
Cycle: 2678541	Best offset: 22	Score: 0	Hit Rate: 0.119812
	---- Offset table ----
Offset -> Score
1 -> 0
2 -> 0
3 -> 0
4 -> 0
5 -> 0
6 -> 0
7 -> 0
8 -> 0
9 -> 0
10 -> 0
11 -> 0
12 -> 0
13 -> 0
14 -> 0
15 -> 0
16 -> 0
17 -> 0
18 -> 0
19 -> 0
20 -> 0
21 -> 0
22 -> 0
23 -> 0
24 -> 0
25 -> 0
26 -> 0
27 -> 0
28 -> 0
29 -> 0
30 -> 0
31 -> 0
32 -> 0
33 -> 0
34 -> 0
35 -> 0
36 -> 0
37 -> 0
38 -> 0
39 -> 0
40 -> 0
41 -> 0
42 -> 0
43 -> 0
44 -> 0
45 -> 0
46 -> 0
47 -> 0
48 -> 0
49 -> 0
50 -> 0
51 -> 0
52 -> 0
53 -> 0
54 -> 0
55 -> 0
56 -> 0
57 -> 0
58 -> 0
59 -> 0
60 -> 0
61 -> 0
62 -> 0
63 -> 0
64 -> 0
65 -> 0
66 -> 0
67 -> 0
68 -> 0
69 -> 0
70 -> 0
71 -> 0
72 -> 0
73 -> 0
74 -> 0
75 -> 0
76 -> 0
77 -> 0
78 -> 0
79 -> 0
80 -> 0
81 -> 0
82 -> 0
83 -> 0
84 -> 0
85 -> 0
86 -> 0
87 -> 0
88 -> 0
89 -> 0
90 -> 0
91 -> 0
92 -> 0
93 -> 0
94 -> 0
95 -> 0
96 -> 0
97 -> 0
98 -> 0
99 -> 0
100 -> 0
101 -> 0
102 -> 0
103 -> 0
104 -> 0
105 -> 0
106 -> 0
107 -> 0
108 -> 0
109 -> 0
110 -> 0
111 -> 0
112 -> 0
113 -> 0
114 -> 0
115 -> 0
116 -> 0
117 -> 0
118 -> 0
119 -> 0
120 -> 0
121 -> 0
122 -> 0
123 -> 0
124 -> 0
125 -> 0
126 -> 0
127 -> 0
128 -> 0
	----------------------
Instructions Retired: 3000000 Cycle: 2768735 Hearbeat IPC: 1.108721 Cumulative IPC: 1.083527
Cycle: 2768735	Best offset: 22	Score: 0	Hit Rate: 0.124151
	---- Offset table ----
Offset -> Score
1 -> 0
2 -> 0
3 -> 0
4 -> 0
5 -> 0
6 -> 0
7 -> 0
8 -> 0
9 -> 0
10 -> 0
11 -> 0
12 -> 0
13 -> 0
14 -> 0
15 -> 0
16 -> 0
17 -> 0
18 -> 0
19 -> 0
20 -> 0
21 -> 0
22 -> 0
23 -> 0
24 -> 0
25 -> 0
26 -> 0
27 -> 0
28 -> 0
29 -> 0
30 -> 0
31 -> 0
32 -> 0
33 -> 0
34 -> 0
35 -> 0
36 -> 0
37 -> 0
38 -> 0
39 -> 0
40 -> 0
41 -> 0
42 -> 0
43 -> 0
44 -> 0
45 -> 0
46 -> 0
47 -> 0
48 -> 0
49 -> 0
50 -> 0
51 -> 0
52 -> 0
53 -> 0
54 -> 0
55 -> 0
56 -> 0
57 -> 0
58 -> 0
59 -> 0
60 -> 0
61 -> 0
62 -> 0
63 -> 0
64 -> 0
65 -> 0
66 -> 0
67 -> 0
68 -> 0
69 -> 0
70 -> 0
71 -> 0
72 -> 0
73 -> 0
74 -> 0
75 -> 0
76 -> 0
77 -> 0
78 -> 0
79 -> 0
80 -> 0
81 -> 0
82 -> 0
83 -> 0
84 -> 0
85 -> 0
86 -> 0
87 -> 0
88 -> 0
89 -> 0
90 -> 0
91 -> 0
92 -> 0
93 -> 0
94 -> 0
95 -> 0
96 -> 0
97 -> 0
98 -> 0
99 -> 0
100 -> 0
101 -> 0
102 -> 0
103 -> 0
104 -> 0
105 -> 0
106 -> 0
107 -> 0
108 -> 0
109 -> 0
110 -> 0
111 -> 0
112 -> 0
113 -> 0
114 -> 0
115 -> 0
116 -> 0
117 -> 0
118 -> 0
119 -> 0
120 -> 0
121 -> 0
122 -> 0
123 -> 0
124 -> 0
125 -> 0
126 -> 0
127 -> 0
128 -> 0
	----------------------

Simulation complete. Instructions retired: 3099756 Cycles elapsed: 2859618 IPC: 1.083976

Prefetcher final stats
