
*** Data Prefetching Championship 2 Simulator ***

Warmup Instructions: 10000000
Simulation Instructions: 100000000
Scramble loads OFF
Using 1MB Last Level Cache
Using 12.8 GB/s DRAM bandwidth
Knobs visible from prefetcher: 0 0 0
Resetting history queue.
Resetting offset table
Setting initial offset to 1
Tag offset: 6
Ressetting hit rate
Resetting rable rounds
Instructions Retired: 100001 Cycle: 49818 Hearbeat IPC: 2.007327 Cumulative IPC: 2.007327
Cycle: 49818	Best offset: 1	Score: 0	Hit Rate: 0.451220
	---- Offset table ----
Offset -> Score
4 -> 5
11 -> 5
22 -> 5
6 -> 4
10 -> 4
23 -> 4
25 -> 4
26 -> 4
27 -> 4
31 -> 4
44 -> 4
57 -> 4
3 -> 3
5 -> 3
16 -> 3
17 -> 3
19 -> 3
20 -> 3
29 -> 3
34 -> 3
38 -> 3
39 -> 3
48 -> 3
53 -> 3
54 -> 3
55 -> 3
59 -> 3
61 -> 3
62 -> 3
64 -> 3
83 -> 3
97 -> 3
112 -> 3
1 -> 2
7 -> 2
8 -> 2
9 -> 2
12 -> 2
13 -> 2
14 -> 2
15 -> 2
18 -> 2
21 -> 2
24 -> 2
28 -> 2
30 -> 2
32 -> 2
33 -> 2
35 -> 2
36 -> 2
37 -> 2
40 -> 2
41 -> 2
42 -> 2
43 -> 2
45 -> 2
46 -> 2
47 -> 2
49 -> 2
50 -> 2
51 -> 2
52 -> 2
56 -> 2
58 -> 2
60 -> 2
63 -> 2
65 -> 2
66 -> 2
67 -> 2
68 -> 2
69 -> 2
79 -> 2
81 -> 2
92 -> 2
95 -> 2
96 -> 2
98 -> 2
108 -> 2
116 -> 2
128 -> 2
77 -> 1
78 -> 1
80 -> 1
82 -> 1
84 -> 1
99 -> 1
101 -> 1
104 -> 1
107 -> 1
114 -> 1
119 -> 1
122 -> 1
123 -> 1
126 -> 1
2 -> 0
70 -> 0
71 -> 0
72 -> 0
73 -> 0
74 -> 0
75 -> 0
76 -> 0
85 -> 0
86 -> 0
87 -> 0
88 -> 0
89 -> 0
90 -> 0
91 -> 0
93 -> 0
94 -> 0
100 -> 0
102 -> 0
103 -> 0
105 -> 0
106 -> 0
109 -> 0
110 -> 0
111 -> 0
113 -> 0
115 -> 0
117 -> 0
118 -> 0
120 -> 0
121 -> 0
124 -> 0
125 -> 0
127 -> 0
	----------------------
Instructions Retired: 200000 Cycle: 84749 Hearbeat IPC: 2.862758 Cumulative IPC: 2.359910
Cycle: 84749	Best offset: 1	Score: 0	Hit Rate: 0.590909
	---- Offset table ----
Offset -> Score
4 -> 8
25 -> 8
1 -> 6
3 -> 6
6 -> 6
10 -> 6
13 -> 6
14 -> 6
26 -> 6
27 -> 6
31 -> 6
35 -> 6
47 -> 6
5 -> 5
11 -> 5
22 -> 5
29 -> 5
34 -> 5
48 -> 5
7 -> 4
9 -> 4
15 -> 4
23 -> 4
36 -> 4
37 -> 4
42 -> 4
44 -> 4
52 -> 4
53 -> 4
56 -> 4
57 -> 4
92 -> 4
97 -> 4
116 -> 4
16 -> 3
17 -> 3
19 -> 3
20 -> 3
21 -> 3
38 -> 3
39 -> 3
40 -> 3
50 -> 3
54 -> 3
55 -> 3
59 -> 3
61 -> 3
62 -> 3
64 -> 3
83 -> 3
95 -> 3
112 -> 3
2 -> 2
8 -> 2
12 -> 2
18 -> 2
24 -> 2
28 -> 2
30 -> 2
32 -> 2
33 -> 2
41 -> 2
43 -> 2
45 -> 2
46 -> 2
49 -> 2
51 -> 2
58 -> 2
60 -> 2
63 -> 2
65 -> 2
66 -> 2
67 -> 2
68 -> 2
69 -> 2
79 -> 2
81 -> 2
96 -> 2
98 -> 2
108 -> 2
119 -> 2
128 -> 2
77 -> 1
78 -> 1
80 -> 1
82 -> 1
84 -> 1
99 -> 1
101 -> 1
103 -> 1
104 -> 1
107 -> 1
114 -> 1
118 -> 1
121 -> 1
122 -> 1
123 -> 1
126 -> 1
70 -> 0
71 -> 0
72 -> 0
73 -> 0
74 -> 0
75 -> 0
76 -> 0
85 -> 0
86 -> 0
87 -> 0
88 -> 0
89 -> 0
90 -> 0
91 -> 0
93 -> 0
94 -> 0
100 -> 0
102 -> 0
105 -> 0
106 -> 0
109 -> 0
110 -> 0
111 -> 0
113 -> 0
115 -> 0
117 -> 0
120 -> 0
124 -> 0
125 -> 0
127 -> 0
	----------------------
Instructions Retired: 300003 Cycle: 118552 Hearbeat IPC: 2.958406 Cumulative IPC: 2.530560
Cycle: 118552	Best offset: 1	Score: 0	Hit Rate: 0.611842
	---- Offset table ----
Offset -> Score
1 -> 8
4 -> 8
25 -> 8
3 -> 7
13 -> 7
5 -> 6
6 -> 6
10 -> 6
11 -> 6
14 -> 6
26 -> 6
27 -> 6
31 -> 6
35 -> 6
47 -> 6
52 -> 6
15 -> 5
16 -> 5
22 -> 5
29 -> 5
34 -> 5
48 -> 5
59 -> 5
7 -> 4
9 -> 4
23 -> 4
36 -> 4
37 -> 4
42 -> 4
44 -> 4
51 -> 4
53 -> 4
56 -> 4
57 -> 4
65 -> 4
66 -> 4
92 -> 4
97 -> 4
116 -> 4
17 -> 3
19 -> 3
20 -> 3
21 -> 3
38 -> 3
39 -> 3
40 -> 3
50 -> 3
54 -> 3
55 -> 3
61 -> 3
62 -> 3
64 -> 3
83 -> 3
95 -> 3
99 -> 3
112 -> 3
128 -> 3
2 -> 2
8 -> 2
12 -> 2
18 -> 2
24 -> 2
28 -> 2
30 -> 2
32 -> 2
33 -> 2
41 -> 2
43 -> 2
45 -> 2
46 -> 2
49 -> 2
58 -> 2
60 -> 2
63 -> 2
67 -> 2
68 -> 2
69 -> 2
79 -> 2
81 -> 2
96 -> 2
98 -> 2
108 -> 2
119 -> 2
126 -> 2
77 -> 1
78 -> 1
80 -> 1
82 -> 1
84 -> 1
101 -> 1
103 -> 1
104 -> 1
107 -> 1
109 -> 1
110 -> 1
114 -> 1
118 -> 1
121 -> 1
122 -> 1
123 -> 1
70 -> 0
71 -> 0
72 -> 0
73 -> 0
74 -> 0
75 -> 0
76 -> 0
85 -> 0
86 -> 0
87 -> 0
88 -> 0
89 -> 0
90 -> 0
91 -> 0
93 -> 0
94 -> 0
100 -> 0
102 -> 0
105 -> 0
106 -> 0
111 -> 0
113 -> 0
115 -> 0
117 -> 0
120 -> 0
124 -> 0
125 -> 0
127 -> 0
	----------------------
Instructions Retired: 400002 Cycle: 150786 Hearbeat IPC: 3.102283 Cumulative IPC: 2.652779
Cycle: 150786	Best offset: 1	Score: 0	Hit Rate: 0.632399
	---- Offset table ----
Offset -> Score
1 -> 8
4 -> 8
25 -> 8
47 -> 8
3 -> 7
13 -> 7
29 -> 7
5 -> 6
6 -> 6
10 -> 6
11 -> 6
14 -> 6
26 -> 6
27 -> 6
31 -> 6
35 -> 6
51 -> 6
52 -> 6
66 -> 6
15 -> 5
16 -> 5
21 -> 5
22 -> 5
34 -> 5
48 -> 5
50 -> 5
59 -> 5
7 -> 4
9 -> 4
19 -> 4
23 -> 4
30 -> 4
36 -> 4
37 -> 4
42 -> 4
44 -> 4
46 -> 4
53 -> 4
56 -> 4
57 -> 4
65 -> 4
92 -> 4
97 -> 4
116 -> 4
17 -> 3
20 -> 3
38 -> 3
39 -> 3
40 -> 3
54 -> 3
55 -> 3
61 -> 3
62 -> 3
64 -> 3
83 -> 3
95 -> 3
99 -> 3
112 -> 3
128 -> 3
2 -> 2
8 -> 2
12 -> 2
18 -> 2
24 -> 2
28 -> 2
32 -> 2
33 -> 2
41 -> 2
43 -> 2
45 -> 2
49 -> 2
58 -> 2
60 -> 2
63 -> 2
67 -> 2
68 -> 2
69 -> 2
79 -> 2
81 -> 2
96 -> 2
98 -> 2
108 -> 2
119 -> 2
126 -> 2
77 -> 1
78 -> 1
80 -> 1
82 -> 1
84 -> 1
101 -> 1
103 -> 1
104 -> 1
107 -> 1
109 -> 1
110 -> 1
114 -> 1
118 -> 1
121 -> 1
122 -> 1
123 -> 1
70 -> 0
71 -> 0
72 -> 0
73 -> 0
74 -> 0
75 -> 0
76 -> 0
85 -> 0
86 -> 0
87 -> 0
88 -> 0
89 -> 0
90 -> 0
91 -> 0
93 -> 0
94 -> 0
100 -> 0
102 -> 0
105 -> 0
106 -> 0
111 -> 0
113 -> 0
115 -> 0
117 -> 0
120 -> 0
124 -> 0
125 -> 0
127 -> 0
	----------------------
Instructions Retired: 500000 Cycle: 351935 Hearbeat IPC: 0.497134 Cumulative IPC: 1.420717
Cycle: 351935	Best offset: 1	Score: 0	Hit Rate: 0.161607
	---- Offset table ----
Offset -> Score
4 -> 23
25 -> 21
1 -> 20
10 -> 18
3 -> 17
14 -> 17
31 -> 17
56 -> 17
92 -> 17
57 -> 16
6 -> 15
11 -> 15
39 -> 15
5 -> 14
7 -> 14
13 -> 14
17 -> 14
29 -> 14
32 -> 13
35 -> 13
46 -> 13
47 -> 13
48 -> 13
103 -> 13
2 -> 12
15 -> 12
42 -> 12
83 -> 12
107 -> 12
26 -> 11
27 -> 11
36 -> 11
41 -> 11
43 -> 11
44 -> 11
45 -> 11
50 -> 11
53 -> 11
58 -> 11
59 -> 11
65 -> 11
66 -> 11
81 -> 11
95 -> 11
97 -> 11
106 -> 11
128 -> 11
16 -> 10
18 -> 10
20 -> 10
21 -> 10
30 -> 10
40 -> 10
51 -> 10
52 -> 10
54 -> 10
9 -> 9
22 -> 9
34 -> 9
38 -> 9
64 -> 9
70 -> 9
82 -> 9
88 -> 9
99 -> 9
108 -> 9
116 -> 9
12 -> 8
28 -> 8
33 -> 8
61 -> 8
71 -> 8
93 -> 8
105 -> 8
120 -> 8
37 -> 7
55 -> 7
60 -> 7
63 -> 7
68 -> 7
75 -> 7
76 -> 7
77 -> 7
94 -> 7
98 -> 7
104 -> 7
109 -> 7
112 -> 7
8 -> 6
23 -> 6
49 -> 6
67 -> 6
80 -> 6
85 -> 6
86 -> 6
87 -> 6
102 -> 6
110 -> 6
113 -> 6
119 -> 6
19 -> 5
24 -> 5
62 -> 5
69 -> 5
72 -> 5
73 -> 5
74 -> 5
78 -> 5
79 -> 5
100 -> 5
111 -> 5
114 -> 5
121 -> 5
126 -> 5
96 -> 4
115 -> 4
127 -> 4
89 -> 3
90 -> 3
117 -> 3
118 -> 3
123 -> 3
91 -> 2
101 -> 2
122 -> 2
124 -> 2
84 -> 1
125 -> 1
	----------------------
Instructions Retired: 600001 Cycle: 496668 Hearbeat IPC: 0.690934 Cumulative IPC: 1.208053
Cycle: 496668	Best offset: 1	Score: 0	Hit Rate: 0.130789
	---- Offset table ----
Offset -> Score
1 -> 31
6 -> 28
3 -> 27
14 -> 25
17 -> 25
4 -> 24
10 -> 24
25 -> 23
31 -> 23
92 -> 22
5 -> 21
11 -> 21
35 -> 21
56 -> 21
7 -> 20
32 -> 20
39 -> 20
57 -> 20
13 -> 19
42 -> 19
46 -> 19
2 -> 18
48 -> 18
103 -> 18
45 -> 17
83 -> 17
97 -> 17
15 -> 16
27 -> 16
29 -> 16
30 -> 16
53 -> 16
65 -> 16
128 -> 16
12 -> 15
16 -> 15
18 -> 15
38 -> 15
41 -> 15
47 -> 15
49 -> 15
61 -> 15
81 -> 15
99 -> 15
9 -> 14
21 -> 14
44 -> 14
51 -> 14
59 -> 14
70 -> 14
107 -> 14
19 -> 13
20 -> 13
36 -> 13
40 -> 13
50 -> 13
54 -> 13
60 -> 13
67 -> 13
68 -> 13
71 -> 13
88 -> 13
95 -> 13
106 -> 13
26 -> 12
33 -> 12
37 -> 12
43 -> 12
58 -> 12
64 -> 12
93 -> 12
114 -> 12
8 -> 11
22 -> 11
28 -> 11
34 -> 11
52 -> 11
55 -> 11
63 -> 11
66 -> 11
77 -> 11
82 -> 11
120 -> 11
23 -> 10
69 -> 10
74 -> 10
75 -> 10
84 -> 10
86 -> 10
89 -> 10
98 -> 10
116 -> 10
119 -> 10
121 -> 10
24 -> 9
62 -> 9
72 -> 9
76 -> 9
108 -> 9
111 -> 9
117 -> 9
78 -> 8
79 -> 8
80 -> 8
94 -> 8
96 -> 8
104 -> 8
105 -> 8
109 -> 8
113 -> 8
73 -> 7
87 -> 7
100 -> 7
102 -> 7
110 -> 7
112 -> 7
127 -> 7
85 -> 6
115 -> 6
123 -> 6
126 -> 6
91 -> 5
101 -> 4
118 -> 4
124 -> 4
90 -> 3
122 -> 3
125 -> 3
	----------------------
Instructions Retired: 700001 Cycle: 536145 Hearbeat IPC: 2.533121 Cumulative IPC: 1.305619
Cycle: 536145	Best offset: 1	Score: 0	Hit Rate: 0.167540
	---- Offset table ----
Offset -> Score
1 -> 31
3 -> 29
17 -> 29
6 -> 28
14 -> 28
10 -> 26
25 -> 26
31 -> 26
5 -> 25
4 -> 24
39 -> 24
11 -> 23
35 -> 23
92 -> 22
7 -> 21
13 -> 21
42 -> 21
56 -> 21
32 -> 20
57 -> 20
103 -> 20
29 -> 19
30 -> 19
46 -> 19
83 -> 19
2 -> 18
45 -> 18
48 -> 18
53 -> 18
12 -> 17
15 -> 17
38 -> 17
41 -> 17
97 -> 17
99 -> 17
27 -> 16
37 -> 16
61 -> 16
65 -> 16
128 -> 16
16 -> 15
18 -> 15
36 -> 15
47 -> 15
49 -> 15
68 -> 15
71 -> 15
81 -> 15
95 -> 15
9 -> 14
21 -> 14
26 -> 14
33 -> 14
44 -> 14
51 -> 14
59 -> 14
70 -> 14
75 -> 14
93 -> 14
107 -> 14
114 -> 14
8 -> 13
19 -> 13
20 -> 13
24 -> 13
34 -> 13
40 -> 13
43 -> 13
50 -> 13
54 -> 13
60 -> 13
63 -> 13
67 -> 13
88 -> 13
106 -> 13
58 -> 12
64 -> 12
89 -> 12
116 -> 12
119 -> 12
121 -> 12
22 -> 11
28 -> 11
52 -> 11
55 -> 11
62 -> 11
66 -> 11
77 -> 11
78 -> 11
79 -> 11
82 -> 11
102 -> 11
117 -> 11
120 -> 11
23 -> 10
69 -> 10
74 -> 10
84 -> 10
86 -> 10
98 -> 10
104 -> 10
105 -> 10
72 -> 9
76 -> 9
100 -> 9
108 -> 9
111 -> 9
127 -> 9
80 -> 8
94 -> 8
96 -> 8
109 -> 8
113 -> 8
118 -> 8
73 -> 7
87 -> 7
110 -> 7
112 -> 7
123 -> 7
85 -> 6
101 -> 6
115 -> 6
124 -> 6
126 -> 6
90 -> 5
91 -> 5
122 -> 3
125 -> 3
	----------------------
Instructions Retired: 800000 Cycle: 570606 Hearbeat IPC: 2.901802 Cumulative IPC: 1.402018
Cycle: 570606	Best offset: 1	Score: 0	Hit Rate: 0.207696
	---- Offset table ----
Offset -> Score
1 -> 35
10 -> 32
3 -> 31
6 -> 30
14 -> 30
17 -> 29
25 -> 28
31 -> 28
5 -> 27
11 -> 27
35 -> 27
4 -> 26
7 -> 25
39 -> 24
92 -> 24
13 -> 23
2 -> 22
57 -> 22
103 -> 22
12 -> 21
15 -> 21
42 -> 21
46 -> 21
56 -> 21
32 -> 20
48 -> 20
29 -> 19
30 -> 19
41 -> 19
83 -> 19
9 -> 18
45 -> 18
53 -> 18
65 -> 18
128 -> 18
16 -> 17
19 -> 17
36 -> 17
38 -> 17
97 -> 17
99 -> 17
26 -> 16
27 -> 16
37 -> 16
61 -> 16
8 -> 15
18 -> 15
24 -> 15
43 -> 15
47 -> 15
49 -> 15
50 -> 15
62 -> 15
63 -> 15
68 -> 15
71 -> 15
81 -> 15
88 -> 15
95 -> 15
106 -> 15
21 -> 14
33 -> 14
44 -> 14
51 -> 14
59 -> 14
64 -> 14
70 -> 14
75 -> 14
93 -> 14
107 -> 14
114 -> 14
116 -> 14
121 -> 14
20 -> 13
22 -> 13
34 -> 13
40 -> 13
54 -> 13
55 -> 13
60 -> 13
67 -> 13
79 -> 13
102 -> 13
23 -> 12
58 -> 12
89 -> 12
119 -> 12
28 -> 11
52 -> 11
66 -> 11
76 -> 11
77 -> 11
78 -> 11
82 -> 11
117 -> 11
120 -> 11
69 -> 10
74 -> 10
84 -> 10
86 -> 10
96 -> 10
98 -> 10
104 -> 10
105 -> 10
118 -> 10
72 -> 9
73 -> 9
100 -> 9
108 -> 9
111 -> 9
112 -> 9
127 -> 9
80 -> 8
94 -> 8
101 -> 8
109 -> 8
113 -> 8
115 -> 8
123 -> 8
124 -> 8
87 -> 7
110 -> 7
85 -> 6
126 -> 6
90 -> 5
91 -> 5
125 -> 5
122 -> 3
	----------------------
Instructions Retired: 900001 Cycle: 604701 Hearbeat IPC: 2.933011 Cumulative IPC: 1.488340
Cycle: 604701	Best offset: 1	Score: 0	Hit Rate: 0.225348
	---- Offset table ----
Offset -> Score
1 -> 38
3 -> 34
10 -> 33
17 -> 33
14 -> 32
6 -> 31
5 -> 30
25 -> 30
31 -> 30
4 -> 29
35 -> 29
11 -> 28
7 -> 26
92 -> 26
2 -> 25
13 -> 24
39 -> 24
103 -> 24
12 -> 22
15 -> 22
48 -> 22
57 -> 22
65 -> 22
9 -> 21
42 -> 21
46 -> 21
56 -> 21
16 -> 20
32 -> 20
83 -> 20
19 -> 19
29 -> 19
30 -> 19
41 -> 19
99 -> 19
45 -> 18
53 -> 18
128 -> 18
18 -> 17
20 -> 17
24 -> 17
26 -> 17
36 -> 17
38 -> 17
47 -> 17
62 -> 17
63 -> 17
88 -> 17
97 -> 17
106 -> 17
8 -> 16
21 -> 16
27 -> 16
37 -> 16
59 -> 16
61 -> 16
71 -> 16
81 -> 16
89 -> 16
107 -> 16
121 -> 16
22 -> 15
34 -> 15
43 -> 15
49 -> 15
50 -> 15
68 -> 15
79 -> 15
95 -> 15
23 -> 14
33 -> 14
44 -> 14
51 -> 14
64 -> 14
67 -> 14
70 -> 14
75 -> 14
93 -> 14
114 -> 14
116 -> 14
40 -> 13
52 -> 13
54 -> 13
55 -> 13
60 -> 13
72 -> 13
76 -> 13
78 -> 13
102 -> 13
58 -> 12
66 -> 12
74 -> 12
82 -> 12
104 -> 12
105 -> 12
119 -> 12
28 -> 11
73 -> 11
77 -> 11
84 -> 11
86 -> 11
117 -> 11
120 -> 11
69 -> 10
87 -> 10
96 -> 10
98 -> 10
115 -> 10
118 -> 10
80 -> 9
91 -> 9
100 -> 9
108 -> 9
111 -> 9
112 -> 9
127 -> 9
94 -> 8
101 -> 8
109 -> 8
113 -> 8
123 -> 8
124 -> 8
85 -> 7
90 -> 7
110 -> 7
122 -> 7
126 -> 6
125 -> 5
	----------------------
Instructions Retired: 1000002 Cycle: 636830 Hearbeat IPC: 3.112484 Cumulative IPC: 1.570281
Cycle: 636830	Best offset: 1	Score: 0	Hit Rate: 0.232648
	---- Offset table ----
Offset -> Score
1 -> 40
3 -> 34
10 -> 33
17 -> 33
14 -> 32
6 -> 31
5 -> 30
11 -> 30
25 -> 30
31 -> 30
4 -> 29
35 -> 29
7 -> 28
13 -> 26
92 -> 26
2 -> 25
39 -> 24
103 -> 24
12 -> 22
15 -> 22
48 -> 22
57 -> 22
65 -> 22
9 -> 21
42 -> 21
46 -> 21
56 -> 21
16 -> 20
32 -> 20
83 -> 20
19 -> 19
29 -> 19
30 -> 19
41 -> 19
99 -> 19
45 -> 18
53 -> 18
71 -> 18
128 -> 18
18 -> 17
20 -> 17
24 -> 17
26 -> 17
36 -> 17
38 -> 17
47 -> 17
62 -> 17
63 -> 17
88 -> 17
97 -> 17
106 -> 17
8 -> 16
21 -> 16
27 -> 16
37 -> 16
59 -> 16
61 -> 16
81 -> 16
89 -> 16
107 -> 16
121 -> 16
22 -> 15
34 -> 15
43 -> 15
49 -> 15
50 -> 15
54 -> 15
68 -> 15
79 -> 15
95 -> 15
23 -> 14
33 -> 14
44 -> 14
51 -> 14
64 -> 14
67 -> 14
70 -> 14
75 -> 14
93 -> 14
114 -> 14
116 -> 14
40 -> 13
52 -> 13
55 -> 13
60 -> 13
72 -> 13
76 -> 13
78 -> 13
102 -> 13
120 -> 13
58 -> 12
66 -> 12
74 -> 12
82 -> 12
104 -> 12
105 -> 12
119 -> 12
28 -> 11
73 -> 11
77 -> 11
84 -> 11
86 -> 11
117 -> 11
69 -> 10
87 -> 10
96 -> 10
98 -> 10
115 -> 10
118 -> 10
80 -> 9
91 -> 9
100 -> 9
108 -> 9
111 -> 9
112 -> 9
127 -> 9
94 -> 8
101 -> 8
109 -> 8
113 -> 8
123 -> 8
124 -> 8
85 -> 7
90 -> 7
110 -> 7
122 -> 7
126 -> 6
125 -> 5
	----------------------
Instructions Retired: 1100000 Cycle: 669182 Hearbeat IPC: 3.090937 Cumulative IPC: 1.643798
Cycle: 669182	Best offset: 1	Score: 0	Hit Rate: 0.238363
	---- Offset table ----
Offset -> Score
1 -> 40
17 -> 35
3 -> 34
10 -> 33
14 -> 32
6 -> 31
35 -> 31
5 -> 30
11 -> 30
25 -> 30
31 -> 30
4 -> 29
7 -> 28
13 -> 26
92 -> 26
2 -> 25
39 -> 24
103 -> 24
12 -> 22
15 -> 22
48 -> 22
57 -> 22
65 -> 22
9 -> 21
42 -> 21
46 -> 21
56 -> 21
16 -> 20
32 -> 20
83 -> 20
19 -> 19
24 -> 19
29 -> 19
30 -> 19
41 -> 19
62 -> 19
99 -> 19
45 -> 18
53 -> 18
71 -> 18
81 -> 18
128 -> 18
18 -> 17
20 -> 17
22 -> 17
26 -> 17
36 -> 17
38 -> 17
47 -> 17
63 -> 17
88 -> 17
97 -> 17
106 -> 17
8 -> 16
21 -> 16
27 -> 16
37 -> 16
43 -> 16
59 -> 16
61 -> 16
89 -> 16
107 -> 16
121 -> 16
34 -> 15
49 -> 15
50 -> 15
54 -> 15
68 -> 15
79 -> 15
95 -> 15
23 -> 14
33 -> 14
44 -> 14
51 -> 14
64 -> 14
66 -> 14
67 -> 14
70 -> 14
75 -> 14
93 -> 14
114 -> 14
116 -> 14
40 -> 13
52 -> 13
55 -> 13
60 -> 13
72 -> 13
76 -> 13
78 -> 13
102 -> 13
120 -> 13
58 -> 12
74 -> 12
82 -> 12
104 -> 12
105 -> 12
119 -> 12
28 -> 11
73 -> 11
77 -> 11
84 -> 11
86 -> 11
117 -> 11
69 -> 10
87 -> 10
96 -> 10
98 -> 10
115 -> 10
118 -> 10
80 -> 9
91 -> 9
100 -> 9
108 -> 9
111 -> 9
112 -> 9
127 -> 9
94 -> 8
101 -> 8
109 -> 8
113 -> 8
123 -> 8
124 -> 8
85 -> 7
90 -> 7
110 -> 7
122 -> 7
126 -> 6
125 -> 5
	----------------------
Offset switch to: 1	With score: 46
Instructions Retired: 1200000 Cycle: 746236 Hearbeat IPC: 1.297791 Cumulative IPC: 1.608070
Cycle: 746236	Best offset: 1	Score: 0	Hit Rate: 0.203984
	---- Offset table ----
Offset -> Score
3 -> 3
20 -> 3
23 -> 3
31 -> 3
43 -> 3
61 -> 3
71 -> 3
79 -> 3
105 -> 3
118 -> 3
1 -> 2
6 -> 2
7 -> 2
14 -> 2
19 -> 2
28 -> 2
32 -> 2
41 -> 2
45 -> 2
50 -> 2
52 -> 2
56 -> 2
62 -> 2
63 -> 2
66 -> 2
73 -> 2
87 -> 2
92 -> 2
97 -> 2
99 -> 2
127 -> 2
2 -> 1
8 -> 1
12 -> 1
13 -> 1
17 -> 1
18 -> 1
21 -> 1
25 -> 1
26 -> 1
30 -> 1
37 -> 1
39 -> 1
40 -> 1
44 -> 1
46 -> 1
47 -> 1
51 -> 1
53 -> 1
55 -> 1
57 -> 1
59 -> 1
65 -> 1
67 -> 1
68 -> 1
74 -> 1
77 -> 1
78 -> 1
82 -> 1
83 -> 1
86 -> 1
88 -> 1
89 -> 1
90 -> 1
91 -> 1
98 -> 1
104 -> 1
108 -> 1
112 -> 1
113 -> 1
114 -> 1
115 -> 1
116 -> 1
119 -> 1
126 -> 1
128 -> 1
4 -> 0
5 -> 0
9 -> 0
10 -> 0
11 -> 0
15 -> 0
16 -> 0
22 -> 0
24 -> 0
27 -> 0
29 -> 0
33 -> 0
34 -> 0
35 -> 0
36 -> 0
38 -> 0
42 -> 0
48 -> 0
49 -> 0
54 -> 0
58 -> 0
60 -> 0
64 -> 0
69 -> 0
70 -> 0
72 -> 0
75 -> 0
76 -> 0
80 -> 0
81 -> 0
84 -> 0
85 -> 0
93 -> 0
94 -> 0
95 -> 0
96 -> 0
100 -> 0
101 -> 0
102 -> 0
103 -> 0
106 -> 0
107 -> 0
109 -> 0
110 -> 0
111 -> 0
117 -> 0
120 -> 0
121 -> 0
122 -> 0
123 -> 0
124 -> 0
125 -> 0
	----------------------
Instructions Retired: 1300001 Cycle: 833231 Hearbeat IPC: 1.149503 Cumulative IPC: 1.560193
Cycle: 833231	Best offset: 1	Score: 0	Hit Rate: 0.178333
	---- Offset table ----
Offset -> Score
6 -> 17
1 -> 14
3 -> 13
92 -> 13
21 -> 12
46 -> 12
61 -> 12
64 -> 12
71 -> 12
2 -> 11
5 -> 11
11 -> 11
66 -> 11
127 -> 11
12 -> 10
23 -> 10
41 -> 10
44 -> 10
51 -> 10
63 -> 10
90 -> 10
13 -> 9
25 -> 9
27 -> 9
40 -> 9
43 -> 9
45 -> 9
48 -> 9
52 -> 9
57 -> 9
75 -> 9
86 -> 9
8 -> 8
14 -> 8
17 -> 8
26 -> 8
33 -> 8
50 -> 8
53 -> 8
54 -> 8
56 -> 8
60 -> 8
65 -> 8
73 -> 8
77 -> 8
89 -> 8
103 -> 8
118 -> 8
4 -> 7
7 -> 7
28 -> 7
29 -> 7
38 -> 7
39 -> 7
59 -> 7
67 -> 7
72 -> 7
97 -> 7
105 -> 7
124 -> 7
10 -> 6
15 -> 6
20 -> 6
24 -> 6
31 -> 6
35 -> 6
62 -> 6
69 -> 6
79 -> 6
82 -> 6
102 -> 6
114 -> 6
117 -> 6
120 -> 6
123 -> 6
128 -> 6
16 -> 5
18 -> 5
32 -> 5
36 -> 5
47 -> 5
70 -> 5
81 -> 5
84 -> 5
85 -> 5
88 -> 5
91 -> 5
95 -> 5
96 -> 5
98 -> 5
100 -> 5
104 -> 5
110 -> 5
113 -> 5
9 -> 4
19 -> 4
30 -> 4
34 -> 4
37 -> 4
49 -> 4
55 -> 4
68 -> 4
83 -> 4
87 -> 4
93 -> 4
106 -> 4
112 -> 4
119 -> 4
126 -> 4
22 -> 3
42 -> 3
58 -> 3
74 -> 3
78 -> 3
94 -> 3
99 -> 3
107 -> 3
109 -> 3
116 -> 3
76 -> 2
80 -> 2
101 -> 2
108 -> 2
111 -> 2
115 -> 2
121 -> 2
122 -> 2
125 -> 1
	----------------------
Instructions Retired: 1400000 Cycle: 868701 Hearbeat IPC: 2.819256 Cumulative IPC: 1.611602
Cycle: 868701	Best offset: 1	Score: 0	Hit Rate: 0.191892
	---- Offset table ----
Offset -> Score
6 -> 22
5 -> 17
1 -> 16
3 -> 15
11 -> 15
12 -> 14
64 -> 14
2 -> 13
7 -> 13
13 -> 13
92 -> 13
127 -> 13
8 -> 12
21 -> 12
23 -> 12
46 -> 12
61 -> 12
63 -> 12
71 -> 12
90 -> 12
4 -> 11
27 -> 11
41 -> 11
45 -> 11
48 -> 11
66 -> 11
10 -> 10
14 -> 10
17 -> 10
33 -> 10
44 -> 10
51 -> 10
54 -> 10
25 -> 9
28 -> 9
29 -> 9
40 -> 9
43 -> 9
52 -> 9
57 -> 9
75 -> 9
86 -> 9
20 -> 8
26 -> 8
31 -> 8
50 -> 8
53 -> 8
56 -> 8
60 -> 8
65 -> 8
73 -> 8
77 -> 8
89 -> 8
103 -> 8
118 -> 8
128 -> 8
18 -> 7
32 -> 7
35 -> 7
38 -> 7
39 -> 7
59 -> 7
67 -> 7
72 -> 7
85 -> 7
97 -> 7
105 -> 7
124 -> 7
9 -> 6
15 -> 6
19 -> 6
24 -> 6
30 -> 6
34 -> 6
62 -> 6
69 -> 6
79 -> 6
82 -> 6
96 -> 6
102 -> 6
114 -> 6
117 -> 6
120 -> 6
123 -> 6
16 -> 5
36 -> 5
47 -> 5
70 -> 5
81 -> 5
84 -> 5
88 -> 5
91 -> 5
95 -> 5
98 -> 5
100 -> 5
104 -> 5
109 -> 5
110 -> 5
113 -> 5
22 -> 4
37 -> 4
42 -> 4
49 -> 4
55 -> 4
68 -> 4
74 -> 4
83 -> 4
87 -> 4
93 -> 4
106 -> 4
112 -> 4
119 -> 4
122 -> 4
126 -> 4
58 -> 3
78 -> 3
94 -> 3
99 -> 3
107 -> 3
116 -> 3
121 -> 3
76 -> 2
80 -> 2
101 -> 2
108 -> 2
111 -> 2
115 -> 2
125 -> 2
	----------------------
Instructions Retired: 1500003 Cycle: 902777 Hearbeat IPC: 2.934705 Cumulative IPC: 1.661543
Cycle: 902777	Best offset: 1	Score: 0	Hit Rate: 0.210784
	---- Offset table ----
Offset -> Score
6 -> 24
2 -> 19
3 -> 19
5 -> 19
1 -> 18
8 -> 18
12 -> 18
11 -> 17
13 -> 17
21 -> 16
64 -> 16
4 -> 15
7 -> 15
92 -> 15
127 -> 15
14 -> 14
71 -> 14
25 -> 13
28 -> 13
29 -> 13
41 -> 13
43 -> 13
45 -> 13
48 -> 13
10 -> 12
17 -> 12
20 -> 12
23 -> 12
33 -> 12
44 -> 12
46 -> 12
54 -> 12
61 -> 12
63 -> 12
90 -> 12
118 -> 12
27 -> 11
40 -> 11
52 -> 11
57 -> 11
66 -> 11
69 -> 11
105 -> 11
15 -> 10
24 -> 10
26 -> 10
30 -> 10
31 -> 10
51 -> 10
53 -> 10
56 -> 10
65 -> 10
75 -> 10
77 -> 10
86 -> 10
117 -> 10
16 -> 9
18 -> 9
38 -> 9
39 -> 9
59 -> 9
67 -> 9
72 -> 9
9 -> 8
19 -> 8
22 -> 8
34 -> 8
50 -> 8
60 -> 8
73 -> 8
74 -> 8
82 -> 8
89 -> 8
96 -> 8
103 -> 8
114 -> 8
120 -> 8
128 -> 8
32 -> 7
35 -> 7
36 -> 7
58 -> 7
85 -> 7
97 -> 7
98 -> 7
104 -> 7
113 -> 7
124 -> 7
37 -> 6
42 -> 6
49 -> 6
55 -> 6
62 -> 6
68 -> 6
79 -> 6
83 -> 6
87 -> 6
102 -> 6
119 -> 6
123 -> 6
47 -> 5
70 -> 5
81 -> 5
84 -> 5
88 -> 5
91 -> 5
95 -> 5
100 -> 5
109 -> 5
110 -> 5
116 -> 5
93 -> 4
106 -> 4
111 -> 4
112 -> 4
122 -> 4
125 -> 4
126 -> 4
78 -> 3
94 -> 3
99 -> 3
107 -> 3
121 -> 3
76 -> 2
80 -> 2
101 -> 2
108 -> 2
115 -> 2
	----------------------
Instructions Retired: 1600000 Cycle: 937876 Hearbeat IPC: 2.848999 Cumulative IPC: 1.705982
Cycle: 937876	Best offset: 1	Score: 0	Hit Rate: 0.224018
	---- Offset table ----
Offset -> Score
6 -> 28
8 -> 22
12 -> 22
1 -> 21
3 -> 21
5 -> 21
2 -> 20
7 -> 19
13 -> 19
4 -> 17
11 -> 17
21 -> 17
23 -> 16
64 -> 16
10 -> 15
25 -> 15
45 -> 15
92 -> 15
127 -> 15
14 -> 14
20 -> 14
33 -> 14
41 -> 14
44 -> 14
61 -> 14
71 -> 14
28 -> 13
29 -> 13
43 -> 13
48 -> 13
17 -> 12
31 -> 12
40 -> 12
46 -> 12
53 -> 12
54 -> 12
56 -> 12
63 -> 12
65 -> 12
90 -> 12
118 -> 12
16 -> 11
27 -> 11
38 -> 11
39 -> 11
52 -> 11
57 -> 11
59 -> 11
66 -> 11
69 -> 11
105 -> 11
15 -> 10
24 -> 10
26 -> 10
30 -> 10
34 -> 10
51 -> 10
60 -> 10
74 -> 10
75 -> 10
77 -> 10
86 -> 10
117 -> 10
18 -> 9
32 -> 9
67 -> 9
72 -> 9
89 -> 9
97 -> 9
9 -> 8
19 -> 8
22 -> 8
49 -> 8
50 -> 8
62 -> 8
73 -> 8
82 -> 8
95 -> 8
96 -> 8
103 -> 8
114 -> 8
120 -> 8
128 -> 8
35 -> 7
36 -> 7
47 -> 7
58 -> 7
70 -> 7
85 -> 7
98 -> 7
104 -> 7
109 -> 7
113 -> 7
124 -> 7
37 -> 6
42 -> 6
55 -> 6
68 -> 6
79 -> 6
83 -> 6
87 -> 6
102 -> 6
106 -> 6
108 -> 6
119 -> 6
123 -> 6
81 -> 5
84 -> 5
88 -> 5
91 -> 5
100 -> 5
110 -> 5
116 -> 5
93 -> 4
111 -> 4
112 -> 4
115 -> 4
121 -> 4
122 -> 4
125 -> 4
126 -> 4
78 -> 3
94 -> 3
99 -> 3
101 -> 3
107 -> 3
76 -> 2
80 -> 2
	----------------------
Instructions Retired: 1700000 Cycle: 969944 Hearbeat IPC: 3.118373 Cumulative IPC: 1.752679
Cycle: 969944	Best offset: 1	Score: 0	Hit Rate: 0.227263
	---- Offset table ----
Offset -> Score
6 -> 28
3 -> 23
8 -> 22
12 -> 22
1 -> 21
5 -> 21
2 -> 20
7 -> 19
13 -> 19
4 -> 17
10 -> 17
11 -> 17
21 -> 17
23 -> 16
61 -> 16
64 -> 16
25 -> 15
28 -> 15
29 -> 15
45 -> 15
92 -> 15
127 -> 15
14 -> 14
20 -> 14
33 -> 14
40 -> 14
41 -> 14
44 -> 14
71 -> 14
27 -> 13
43 -> 13
48 -> 13
17 -> 12
30 -> 12
31 -> 12
46 -> 12
53 -> 12
54 -> 12
56 -> 12
63 -> 12
65 -> 12
90 -> 12
118 -> 12
16 -> 11
38 -> 11
39 -> 11
52 -> 11
57 -> 11
59 -> 11
66 -> 11
69 -> 11
105 -> 11
15 -> 10
24 -> 10
26 -> 10
34 -> 10
51 -> 10
60 -> 10
74 -> 10
75 -> 10
77 -> 10
86 -> 10
117 -> 10
18 -> 9
32 -> 9
67 -> 9
72 -> 9
89 -> 9
97 -> 9
9 -> 8
19 -> 8
22 -> 8
49 -> 8
50 -> 8
62 -> 8
73 -> 8
82 -> 8
95 -> 8
96 -> 8
103 -> 8
114 -> 8
120 -> 8
128 -> 8
35 -> 7
36 -> 7
47 -> 7
58 -> 7
70 -> 7
85 -> 7
98 -> 7
104 -> 7
109 -> 7
113 -> 7
124 -> 7
37 -> 6
42 -> 6
55 -> 6
68 -> 6
79 -> 6
83 -> 6
87 -> 6
102 -> 6
106 -> 6
108 -> 6
119 -> 6
123 -> 6
81 -> 5
84 -> 5
88 -> 5
91 -> 5
100 -> 5
110 -> 5
116 -> 5
93 -> 4
111 -> 4
112 -> 4
115 -> 4
121 -> 4
122 -> 4
125 -> 4
126 -> 4
78 -> 3
94 -> 3
99 -> 3
101 -> 3
107 -> 3
76 -> 2
80 -> 2
	----------------------
Instructions Retired: 1800000 Cycle: 1002244 Hearbeat IPC: 3.095975 Cumulative IPC: 1.795970
Cycle: 1002244	Best offset: 1	Score: 0	Hit Rate: 0.230607
	---- Offset table ----
Offset -> Score
6 -> 30
3 -> 23
2 -> 22
8 -> 22
12 -> 22
1 -> 21
5 -> 21
4 -> 19
7 -> 19
13 -> 19
10 -> 17
11 -> 17
21 -> 17
23 -> 16
61 -> 16
64 -> 16
25 -> 15
27 -> 15
28 -> 15
29 -> 15
45 -> 15
92 -> 15
127 -> 15
14 -> 14
20 -> 14
30 -> 14
33 -> 14
40 -> 14
41 -> 14
44 -> 14
71 -> 14
43 -> 13
48 -> 13
17 -> 12
26 -> 12
31 -> 12
46 -> 12
53 -> 12
54 -> 12
56 -> 12
63 -> 12
65 -> 12
90 -> 12
118 -> 12
16 -> 11
38 -> 11
39 -> 11
52 -> 11
57 -> 11
59 -> 11
66 -> 11
69 -> 11
97 -> 11
105 -> 11
15 -> 10
24 -> 10
34 -> 10
51 -> 10
60 -> 10
74 -> 10
75 -> 10
77 -> 10
86 -> 10
95 -> 10
103 -> 10
117 -> 10
18 -> 9
32 -> 9
67 -> 9
72 -> 9
89 -> 9
104 -> 9
9 -> 8
19 -> 8
22 -> 8
49 -> 8
50 -> 8
62 -> 8
73 -> 8
82 -> 8
96 -> 8
114 -> 8
120 -> 8
128 -> 8
35 -> 7
36 -> 7
47 -> 7
58 -> 7
70 -> 7
85 -> 7
98 -> 7
109 -> 7
113 -> 7
124 -> 7
37 -> 6
42 -> 6
55 -> 6
68 -> 6
79 -> 6
83 -> 6
87 -> 6
102 -> 6
106 -> 6
108 -> 6
119 -> 6
121 -> 6
122 -> 6
123 -> 6
81 -> 5
84 -> 5
88 -> 5
91 -> 5
94 -> 5
99 -> 5
100 -> 5
110 -> 5
116 -> 5
93 -> 4
111 -> 4
112 -> 4
115 -> 4
125 -> 4
126 -> 4
78 -> 3
101 -> 3
107 -> 3
76 -> 2
80 -> 2
	----------------------
Instructions Retired: 1900001 Cycle: 1062654 Hearbeat IPC: 1.655372 Cumulative IPC: 1.787977
Cycle: 1062654	Best offset: 1	Score: 0	Hit Rate: 0.218995
	---- Offset table ----
Offset -> Score
6 -> 36
3 -> 33
2 -> 32
7 -> 28
1 -> 27
4 -> 27
5 -> 25
8 -> 25
12 -> 24
29 -> 24
11 -> 23
13 -> 23
21 -> 21
45 -> 21
64 -> 21
71 -> 21
10 -> 20
23 -> 20
28 -> 20
56 -> 20
92 -> 20
127 -> 19
25 -> 18
27 -> 18
46 -> 18
61 -> 18
14 -> 17
33 -> 17
43 -> 17
44 -> 17
48 -> 17
74 -> 17
90 -> 17
20 -> 16
24 -> 16
31 -> 16
35 -> 16
40 -> 16
52 -> 16
54 -> 16
63 -> 16
75 -> 16
82 -> 16
17 -> 15
26 -> 15
30 -> 15
39 -> 15
41 -> 15
51 -> 15
57 -> 15
60 -> 15
16 -> 14
18 -> 14
38 -> 14
53 -> 14
59 -> 14
65 -> 14
67 -> 14
77 -> 14
105 -> 14
9 -> 13
22 -> 13
66 -> 13
69 -> 13
85 -> 13
95 -> 13
97 -> 13
103 -> 13
104 -> 13
15 -> 12
47 -> 12
50 -> 12
58 -> 12
86 -> 12
114 -> 12
118 -> 12
124 -> 12
34 -> 11
36 -> 11
62 -> 11
72 -> 11
117 -> 11
128 -> 11
19 -> 10
68 -> 10
79 -> 10
83 -> 10
102 -> 10
121 -> 10
32 -> 9
49 -> 9
55 -> 9
70 -> 9
73 -> 9
87 -> 9
89 -> 9
91 -> 9
96 -> 9
100 -> 9
110 -> 9
42 -> 8
88 -> 8
93 -> 8
106 -> 8
108 -> 8
109 -> 8
113 -> 8
120 -> 8
122 -> 8
37 -> 7
81 -> 7
94 -> 7
98 -> 7
99 -> 7
119 -> 7
123 -> 7
125 -> 7
76 -> 6
78 -> 6
84 -> 6
101 -> 6
112 -> 6
116 -> 6
126 -> 6
107 -> 5
111 -> 5
115 -> 4
80 -> 2
	----------------------
Offset switch to: 6	With score: 50
Instructions Retired: 2000004 Cycle: 1165891 Hearbeat IPC: 0.968674 Cumulative IPC: 1.715430
Cycle: 1165891	Best offset: 6	Score: 0	Hit Rate: 0.192635
	---- Offset table ----
Offset -> Score
4 -> 7
37 -> 6
1 -> 5
3 -> 5
7 -> 5
2 -> 4
6 -> 4
10 -> 4
23 -> 4
24 -> 4
27 -> 4
35 -> 4
118 -> 4
120 -> 4
11 -> 3
18 -> 3
19 -> 3
31 -> 3
40 -> 3
47 -> 3
48 -> 3
51 -> 3
63 -> 3
66 -> 3
85 -> 3
86 -> 3
99 -> 3
128 -> 3
13 -> 2
14 -> 2
20 -> 2
25 -> 2
26 -> 2
29 -> 2
30 -> 2
32 -> 2
34 -> 2
36 -> 2
38 -> 2
43 -> 2
50 -> 2
53 -> 2
57 -> 2
60 -> 2
64 -> 2
72 -> 2
83 -> 2
89 -> 2
93 -> 2
100 -> 2
101 -> 2
106 -> 2
109 -> 2
122 -> 2
126 -> 2
127 -> 2
5 -> 1
9 -> 1
12 -> 1
16 -> 1
17 -> 1
21 -> 1
28 -> 1
33 -> 1
39 -> 1
42 -> 1
45 -> 1
46 -> 1
49 -> 1
52 -> 1
55 -> 1
58 -> 1
59 -> 1
61 -> 1
62 -> 1
67 -> 1
69 -> 1
71 -> 1
73 -> 1
74 -> 1
76 -> 1
80 -> 1
90 -> 1
91 -> 1
94 -> 1
97 -> 1
102 -> 1
103 -> 1
104 -> 1
108 -> 1
113 -> 1
115 -> 1
121 -> 1
125 -> 1
8 -> 0
15 -> 0
22 -> 0
41 -> 0
44 -> 0
54 -> 0
56 -> 0
65 -> 0
68 -> 0
70 -> 0
75 -> 0
77 -> 0
78 -> 0
79 -> 0
81 -> 0
82 -> 0
84 -> 0
87 -> 0
88 -> 0
92 -> 0
95 -> 0
96 -> 0
98 -> 0
105 -> 0
107 -> 0
110 -> 0
111 -> 0
112 -> 0
114 -> 0
116 -> 0
117 -> 0
119 -> 0
123 -> 0
124 -> 0
	----------------------
Instructions Retired: 2100001 Cycle: 1200736 Hearbeat IPC: 2.869766 Cumulative IPC: 1.748928
Cycle: 1200736	Best offset: 6	Score: 0	Hit Rate: 0.197127
	---- Offset table ----
Offset -> Score
7 -> 8
4 -> 7
37 -> 7
6 -> 6
11 -> 6
23 -> 6
1 -> 5
3 -> 5
18 -> 5
99 -> 5
120 -> 5
128 -> 5
2 -> 4
9 -> 4
10 -> 4
13 -> 4
17 -> 4
20 -> 4
24 -> 4
26 -> 4
27 -> 4
35 -> 4
36 -> 4
39 -> 4
43 -> 4
46 -> 4
83 -> 4
118 -> 4
126 -> 4
19 -> 3
29 -> 3
30 -> 3
31 -> 3
40 -> 3
42 -> 3
47 -> 3
48 -> 3
51 -> 3
61 -> 3
63 -> 3
66 -> 3
72 -> 3
85 -> 3
86 -> 3
8 -> 2
14 -> 2
25 -> 2
32 -> 2
34 -> 2
38 -> 2
44 -> 2
50 -> 2
53 -> 2
57 -> 2
60 -> 2
64 -> 2
89 -> 2
93 -> 2
100 -> 2
101 -> 2
103 -> 2
106 -> 2
109 -> 2
121 -> 2
122 -> 2
123 -> 2
127 -> 2
5 -> 1
12 -> 1
16 -> 1
21 -> 1
28 -> 1
33 -> 1
45 -> 1
49 -> 1
52 -> 1
55 -> 1
58 -> 1
59 -> 1
62 -> 1
67 -> 1
69 -> 1
71 -> 1
73 -> 1
74 -> 1
76 -> 1
80 -> 1
84 -> 1
90 -> 1
91 -> 1
94 -> 1
97 -> 1
102 -> 1
104 -> 1
108 -> 1
110 -> 1
113 -> 1
115 -> 1
125 -> 1
15 -> 0
22 -> 0
41 -> 0
54 -> 0
56 -> 0
65 -> 0
68 -> 0
70 -> 0
75 -> 0
77 -> 0
78 -> 0
79 -> 0
81 -> 0
82 -> 0
87 -> 0
88 -> 0
92 -> 0
95 -> 0
96 -> 0
98 -> 0
105 -> 0
107 -> 0
111 -> 0
112 -> 0
114 -> 0
116 -> 0
117 -> 0
119 -> 0
124 -> 0
	----------------------
Instructions Retired: 2200000 Cycle: 1235625 Hearbeat IPC: 2.866204 Cumulative IPC: 1.780475
Cycle: 1235625	Best offset: 6	Score: 0	Hit Rate: 0.213944
	---- Offset table ----
Offset -> Score
37 -> 11
7 -> 10
11 -> 10
3 -> 9
4 -> 9
2 -> 8
23 -> 8
83 -> 8
13 -> 7
18 -> 7
63 -> 7
120 -> 7
6 -> 6
9 -> 6
10 -> 6
12 -> 6
24 -> 6
26 -> 6
35 -> 6
39 -> 6
114 -> 6
117 -> 6
122 -> 6
1 -> 5
31 -> 5
40 -> 5
48 -> 5
74 -> 5
80 -> 5
86 -> 5
99 -> 5
128 -> 5
14 -> 4
17 -> 4
20 -> 4
22 -> 4
25 -> 4
27 -> 4
32 -> 4
36 -> 4
38 -> 4
43 -> 4
46 -> 4
53 -> 4
54 -> 4
64 -> 4
89 -> 4
101 -> 4
106 -> 4
109 -> 4
111 -> 4
112 -> 4
118 -> 4
121 -> 4
123 -> 4
126 -> 4
19 -> 3
21 -> 3
28 -> 3
29 -> 3
30 -> 3
33 -> 3
42 -> 3
44 -> 3
45 -> 3
47 -> 3
51 -> 3
55 -> 3
58 -> 3
59 -> 3
61 -> 3
66 -> 3
67 -> 3
72 -> 3
85 -> 3
90 -> 3
94 -> 3
104 -> 3
108 -> 3
110 -> 3
113 -> 3
115 -> 3
125 -> 3
8 -> 2
34 -> 2
50 -> 2
57 -> 2
60 -> 2
75 -> 2
81 -> 2
82 -> 2
87 -> 2
93 -> 2
100 -> 2
103 -> 2
107 -> 2
116 -> 2
119 -> 2
124 -> 2
127 -> 2
5 -> 1
16 -> 1
49 -> 1
52 -> 1
62 -> 1
69 -> 1
71 -> 1
73 -> 1
76 -> 1
84 -> 1
91 -> 1
97 -> 1
102 -> 1
15 -> 0
41 -> 0
56 -> 0
65 -> 0
68 -> 0
70 -> 0
77 -> 0
78 -> 0
79 -> 0
88 -> 0
92 -> 0
95 -> 0
96 -> 0
98 -> 0
105 -> 0
	----------------------
Instructions Retired: 2300001 Cycle: 1270998 Hearbeat IPC: 2.827043 Cumulative IPC: 1.809602
Cycle: 1270998	Best offset: 6	Score: 0	Hit Rate: 0.224957
	---- Offset table ----
Offset -> Score
11 -> 14
4 -> 12
7 -> 12
3 -> 11
37 -> 11
2 -> 10
83 -> 10
13 -> 9
18 -> 9
40 -> 9
74 -> 9
117 -> 9
9 -> 8
10 -> 8
12 -> 8
20 -> 8
23 -> 8
39 -> 8
1 -> 7
63 -> 7
80 -> 7
110 -> 7
120 -> 7
121 -> 7
122 -> 7
123 -> 7
6 -> 6
8 -> 6
14 -> 6
24 -> 6
26 -> 6
27 -> 6
32 -> 6
35 -> 6
46 -> 6
53 -> 6
64 -> 6
103 -> 6
114 -> 6
19 -> 5
29 -> 5
31 -> 5
47 -> 5
48 -> 5
58 -> 5
66 -> 5
86 -> 5
90 -> 5
99 -> 5
104 -> 5
111 -> 5
113 -> 5
118 -> 5
124 -> 5
128 -> 5
17 -> 4
22 -> 4
25 -> 4
36 -> 4
38 -> 4
43 -> 4
54 -> 4
57 -> 4
60 -> 4
82 -> 4
88 -> 4
89 -> 4
101 -> 4
106 -> 4
109 -> 4
112 -> 4
125 -> 4
126 -> 4
5 -> 3
21 -> 3
28 -> 3
30 -> 3
33 -> 3
42 -> 3
44 -> 3
45 -> 3
51 -> 3
55 -> 3
59 -> 3
61 -> 3
67 -> 3
69 -> 3
72 -> 3
85 -> 3
91 -> 3
94 -> 3
102 -> 3
108 -> 3
115 -> 3
119 -> 3
34 -> 2
41 -> 2
50 -> 2
62 -> 2
68 -> 2
75 -> 2
77 -> 2
79 -> 2
81 -> 2
87 -> 2
92 -> 2
93 -> 2
98 -> 2
100 -> 2
107 -> 2
116 -> 2
127 -> 2
16 -> 1
49 -> 1
52 -> 1
71 -> 1
73 -> 1
76 -> 1
84 -> 1
97 -> 1
15 -> 0
56 -> 0
65 -> 0
70 -> 0
78 -> 0
95 -> 0
96 -> 0
105 -> 0
	----------------------
Instructions Retired: 2400001 Cycle: 1303055 Hearbeat IPC: 3.119443 Cumulative IPC: 1.841826
Cycle: 1303055	Best offset: 6	Score: 0	Hit Rate: 0.228027
	---- Offset table ----
Offset -> Score
11 -> 16
4 -> 12
7 -> 12
3 -> 11
13 -> 11
37 -> 11
2 -> 10
9 -> 10
12 -> 10
83 -> 10
18 -> 9
40 -> 9
74 -> 9
117 -> 9
10 -> 8
14 -> 8
20 -> 8
23 -> 8
24 -> 8
26 -> 8
39 -> 8
1 -> 7
31 -> 7
47 -> 7
48 -> 7
63 -> 7
80 -> 7
110 -> 7
120 -> 7
121 -> 7
122 -> 7
123 -> 7
6 -> 6
8 -> 6
17 -> 6
22 -> 6
25 -> 6
27 -> 6
32 -> 6
35 -> 6
46 -> 6
53 -> 6
64 -> 6
89 -> 6
103 -> 6
106 -> 6
114 -> 6
19 -> 5
29 -> 5
44 -> 5
51 -> 5
58 -> 5
66 -> 5
85 -> 5
86 -> 5
90 -> 5
99 -> 5
102 -> 5
104 -> 5
111 -> 5
113 -> 5
118 -> 5
124 -> 5
128 -> 5
36 -> 4
38 -> 4
41 -> 4
43 -> 4
54 -> 4
57 -> 4
60 -> 4
77 -> 4
82 -> 4
88 -> 4
101 -> 4
107 -> 4
109 -> 4
112 -> 4
125 -> 4
126 -> 4
5 -> 3
21 -> 3
28 -> 3
30 -> 3
33 -> 3
42 -> 3
45 -> 3
49 -> 3
55 -> 3
59 -> 3
61 -> 3
67 -> 3
69 -> 3
72 -> 3
91 -> 3
94 -> 3
108 -> 3
115 -> 3
119 -> 3
15 -> 2
34 -> 2
50 -> 2
62 -> 2
68 -> 2
75 -> 2
79 -> 2
81 -> 2
87 -> 2
92 -> 2
93 -> 2
95 -> 2
98 -> 2
100 -> 2
116 -> 2
127 -> 2
16 -> 1
52 -> 1
71 -> 1
73 -> 1
76 -> 1
84 -> 1
97 -> 1
56 -> 0
65 -> 0
70 -> 0
78 -> 0
96 -> 0
105 -> 0
	----------------------
Instructions Retired: 2500000 Cycle: 1335458 Hearbeat IPC: 3.086103 Cumulative IPC: 1.872017
Cycle: 1335458	Best offset: 6	Score: 0	Hit Rate: 0.232003
	---- Offset table ----
Offset -> Score
11 -> 16
7 -> 14
13 -> 13
4 -> 12
12 -> 12
3 -> 11
37 -> 11
2 -> 10
9 -> 10
23 -> 10
24 -> 10
26 -> 10
83 -> 10
18 -> 9
31 -> 9
40 -> 9
47 -> 9
74 -> 9
80 -> 9
117 -> 9
122 -> 9
123 -> 9
6 -> 8
8 -> 8
10 -> 8
14 -> 8
20 -> 8
22 -> 8
27 -> 8
39 -> 8
53 -> 8
114 -> 8
1 -> 7
19 -> 7
48 -> 7
63 -> 7
85 -> 7
110 -> 7
120 -> 7
121 -> 7
124 -> 7
17 -> 6
25 -> 6
32 -> 6
35 -> 6
36 -> 6
46 -> 6
64 -> 6
77 -> 6
89 -> 6
103 -> 6
106 -> 6
29 -> 5
44 -> 5
51 -> 5
58 -> 5
66 -> 5
86 -> 5
90 -> 5
99 -> 5
102 -> 5
104 -> 5
111 -> 5
113 -> 5
118 -> 5
128 -> 5
38 -> 4
41 -> 4
43 -> 4
45 -> 4
54 -> 4
57 -> 4
60 -> 4
79 -> 4
81 -> 4
82 -> 4
88 -> 4
101 -> 4
107 -> 4
109 -> 4
112 -> 4
125 -> 4
126 -> 4
127 -> 4
5 -> 3
21 -> 3
28 -> 3
30 -> 3
33 -> 3
42 -> 3
49 -> 3
55 -> 3
59 -> 3
61 -> 3
67 -> 3
69 -> 3
72 -> 3
91 -> 3
94 -> 3
108 -> 3
115 -> 3
119 -> 3
15 -> 2
34 -> 2
50 -> 2
62 -> 2
68 -> 2
75 -> 2
78 -> 2
87 -> 2
92 -> 2
93 -> 2
95 -> 2
98 -> 2
100 -> 2
116 -> 2
16 -> 1
52 -> 1
71 -> 1
73 -> 1
76 -> 1
84 -> 1
97 -> 1
56 -> 0
65 -> 0
70 -> 0
96 -> 0
105 -> 0
	----------------------
Instructions Retired: 2600000 Cycle: 1394221 Hearbeat IPC: 1.701751 Cumulative IPC: 1.864841
Cycle: 1394221	Best offset: 6	Score: 0	Hit Rate: 0.229371
	---- Offset table ----
Offset -> Score
7 -> 20
4 -> 18
13 -> 17
11 -> 16
3 -> 15
37 -> 14
12 -> 13
20 -> 13
14 -> 12
18 -> 12
19 -> 12
23 -> 12
40 -> 12
47 -> 12
53 -> 12
74 -> 12
1 -> 11
2 -> 11
8 -> 11
9 -> 11
17 -> 11
24 -> 11
26 -> 11
32 -> 11
83 -> 11
110 -> 11
22 -> 10
27 -> 10
31 -> 10
85 -> 10
114 -> 10
117 -> 10
122 -> 10
123 -> 10
6 -> 9
10 -> 9
39 -> 9
41 -> 9
46 -> 9
58 -> 9
64 -> 9
77 -> 9
80 -> 9
89 -> 9
120 -> 9
124 -> 9
25 -> 8
35 -> 8
36 -> 8
82 -> 8
103 -> 8
111 -> 8
5 -> 7
48 -> 7
51 -> 7
60 -> 7
63 -> 7
66 -> 7
86 -> 7
102 -> 7
106 -> 7
121 -> 7
128 -> 7
29 -> 6
33 -> 6
43 -> 6
44 -> 6
45 -> 6
55 -> 6
67 -> 6
88 -> 6
94 -> 6
99 -> 6
113 -> 6
118 -> 6
125 -> 6
126 -> 6
21 -> 5
30 -> 5
42 -> 5
49 -> 5
57 -> 5
59 -> 5
72 -> 5
81 -> 5
90 -> 5
101 -> 5
104 -> 5
107 -> 5
109 -> 5
112 -> 5
127 -> 5
28 -> 4
38 -> 4
54 -> 4
62 -> 4
70 -> 4
71 -> 4
79 -> 4
91 -> 4
92 -> 4
93 -> 4
108 -> 4
119 -> 4
15 -> 3
34 -> 3
50 -> 3
61 -> 3
68 -> 3
69 -> 3
73 -> 3
75 -> 3
78 -> 3
87 -> 3
98 -> 3
100 -> 3
115 -> 3
56 -> 2
95 -> 2
97 -> 2
116 -> 2
16 -> 1
52 -> 1
65 -> 1
76 -> 1
84 -> 1
96 -> 0
105 -> 0
	----------------------
Instructions Retired: 2700003 Cycle: 1612476 Hearbeat IPC: 0.458193 Cumulative IPC: 1.674445
Cycle: 1612476	Best offset: 6	Score: 0	Hit Rate: 0.193193
	---- Offset table ----
Offset -> Score
3 -> 42
4 -> 42
2 -> 36
7 -> 32
1 -> 25
11 -> 25
22 -> 25
45 -> 25
19 -> 24
32 -> 24
46 -> 24
12 -> 23
31 -> 23
57 -> 23
5 -> 22
6 -> 22
9 -> 22
13 -> 22
20 -> 22
39 -> 22
85 -> 22
102 -> 22
110 -> 22
10 -> 21
14 -> 21
18 -> 21
27 -> 21
37 -> 21
53 -> 21
8 -> 20
24 -> 20
26 -> 20
35 -> 20
58 -> 20
89 -> 20
92 -> 20
96 -> 20
103 -> 20
21 -> 19
23 -> 19
25 -> 19
40 -> 19
41 -> 19
74 -> 19
111 -> 19
29 -> 18
43 -> 18
64 -> 18
83 -> 18
117 -> 18
28 -> 17
38 -> 17
47 -> 17
63 -> 17
77 -> 17
80 -> 17
82 -> 17
86 -> 17
94 -> 17
99 -> 17
114 -> 17
120 -> 17
36 -> 16
42 -> 16
49 -> 16
60 -> 16
70 -> 16
81 -> 16
91 -> 16
93 -> 16
97 -> 16
113 -> 16
121 -> 16
122 -> 16
127 -> 16
128 -> 16
17 -> 15
98 -> 15
115 -> 15
123 -> 15
59 -> 14
71 -> 14
100 -> 14
101 -> 14
106 -> 14
33 -> 13
44 -> 13
50 -> 13
51 -> 13
67 -> 13
87 -> 13
88 -> 13
95 -> 13
124 -> 13
126 -> 13
56 -> 12
66 -> 12
108 -> 12
125 -> 12
16 -> 11
30 -> 11
34 -> 11
48 -> 11
54 -> 11
90 -> 11
109 -> 11
118 -> 11
55 -> 10
61 -> 10
78 -> 10
104 -> 10
107 -> 10
15 -> 9
62 -> 9
68 -> 9
69 -> 9
72 -> 9
73 -> 9
76 -> 9
79 -> 9
84 -> 9
112 -> 9
119 -> 9
116 -> 8
75 -> 7
105 -> 7
52 -> 6
65 -> 3
	----------------------
Instructions Retired: 2800001 Cycle: 1645268 Hearbeat IPC: 3.049463 Cumulative IPC: 1.701851
Cycle: 1645268	Best offset: 6	Score: 0	Hit Rate: 0.194697
	---- Offset table ----
Offset -> Score
3 -> 44
4 -> 44
2 -> 38
7 -> 34
1 -> 27
11 -> 25
12 -> 25
22 -> 25
31 -> 25
45 -> 25
5 -> 24
6 -> 24
19 -> 24
32 -> 24
46 -> 24
14 -> 23
27 -> 23
57 -> 23
9 -> 22
13 -> 22
20 -> 22
24 -> 22
26 -> 22
39 -> 22
85 -> 22
102 -> 22
110 -> 22
10 -> 21
18 -> 21
25 -> 21
37 -> 21
53 -> 21
8 -> 20
29 -> 20
35 -> 20
58 -> 20
89 -> 20
92 -> 20
96 -> 20
103 -> 20
21 -> 19
23 -> 19
28 -> 19
40 -> 19
41 -> 19
74 -> 19
111 -> 19
43 -> 18
60 -> 18
64 -> 18
83 -> 18
114 -> 18
117 -> 18
127 -> 18
128 -> 18
38 -> 17
47 -> 17
63 -> 17
77 -> 17
80 -> 17
82 -> 17
86 -> 17
94 -> 17
99 -> 17
120 -> 17
36 -> 16
42 -> 16
49 -> 16
70 -> 16
81 -> 16
91 -> 16
93 -> 16
97 -> 16
113 -> 16
121 -> 16
122 -> 16
17 -> 15
98 -> 15
106 -> 15
115 -> 15
123 -> 15
59 -> 14
71 -> 14
100 -> 14
101 -> 14
124 -> 14
16 -> 13
30 -> 13
33 -> 13
44 -> 13
50 -> 13
51 -> 13
67 -> 13
87 -> 13
88 -> 13
95 -> 13
126 -> 13
56 -> 12
61 -> 12
66 -> 12
108 -> 12
125 -> 12
34 -> 11
48 -> 11
54 -> 11
90 -> 11
109 -> 11
118 -> 11
55 -> 10
78 -> 10
104 -> 10
107 -> 10
15 -> 9
62 -> 9
68 -> 9
69 -> 9
72 -> 9
73 -> 9
76 -> 9
79 -> 9
84 -> 9
112 -> 9
119 -> 9
116 -> 8
52 -> 7
75 -> 7
105 -> 7
65 -> 3
	----------------------
Instructions Retired: 2900004 Cycle: 1683101 Hearbeat IPC: 2.643274 Cumulative IPC: 1.723012
Cycle: 1683101	Best offset: 6	Score: 0	Hit Rate: 0.207362
	---- Offset table ----
Offset -> Score
3 -> 47
4 -> 47
2 -> 40
7 -> 38
1 -> 32
11 -> 31
12 -> 28
5 -> 27
9 -> 27
22 -> 27
45 -> 27
6 -> 26
13 -> 26
14 -> 26
19 -> 26
31 -> 26
46 -> 26
10 -> 25
23 -> 25
25 -> 25
20 -> 24
32 -> 24
39 -> 24
57 -> 24
18 -> 23
27 -> 23
37 -> 23
53 -> 23
8 -> 22
24 -> 22
26 -> 22
29 -> 22
58 -> 22
60 -> 22
85 -> 22
96 -> 22
102 -> 22
110 -> 22
21 -> 21
41 -> 21
35 -> 20
43 -> 20
74 -> 20
83 -> 20
89 -> 20
92 -> 20
103 -> 20
120 -> 20
123 -> 20
28 -> 19
38 -> 19
40 -> 19
47 -> 19
80 -> 19
82 -> 19
111 -> 19
114 -> 19
117 -> 19
36 -> 18
42 -> 18
64 -> 18
81 -> 18
97 -> 18
98 -> 18
122 -> 18
127 -> 18
128 -> 18
17 -> 17
63 -> 17
77 -> 17
86 -> 17
93 -> 17
94 -> 17
99 -> 17
113 -> 17
121 -> 17
49 -> 16
56 -> 16
70 -> 16
91 -> 16
106 -> 16
115 -> 16
124 -> 16
30 -> 15
44 -> 15
87 -> 15
88 -> 15
59 -> 14
71 -> 14
100 -> 14
101 -> 14
118 -> 14
119 -> 14
16 -> 13
33 -> 13
34 -> 13
50 -> 13
51 -> 13
62 -> 13
67 -> 13
95 -> 13
126 -> 13
55 -> 12
61 -> 12
66 -> 12
78 -> 12
104 -> 12
108 -> 12
125 -> 12
48 -> 11
54 -> 11
68 -> 11
72 -> 11
73 -> 11
76 -> 11
84 -> 11
90 -> 11
109 -> 11
112 -> 11
15 -> 10
107 -> 10
116 -> 10
52 -> 9
69 -> 9
79 -> 9
105 -> 9
75 -> 7
65 -> 5
	----------------------
Offset switch to: 6	With score: 50
Instructions Retired: 3000000 Cycle: 1719310 Hearbeat IPC: 2.761634 Cumulative IPC: 1.744886
Cycle: 1719310	Best offset: 6	Score: 0	Hit Rate: 0.216027
	---- Offset table ----
Offset -> Score
21 -> 6
117 -> 6
1 -> 4
3 -> 4
63 -> 4
65 -> 4
86 -> 4
91 -> 4
92 -> 4
94 -> 4
97 -> 4
2 -> 2
4 -> 2
7 -> 2
9 -> 2
10 -> 2
11 -> 2
12 -> 2
14 -> 2
15 -> 2
17 -> 2
22 -> 2
23 -> 2
28 -> 2
29 -> 2
30 -> 2
31 -> 2
32 -> 2
34 -> 2
37 -> 2
38 -> 2
41 -> 2
44 -> 2
45 -> 2
46 -> 2
51 -> 2
57 -> 2
59 -> 2
60 -> 2
62 -> 2
64 -> 2
67 -> 2
73 -> 2
77 -> 2
78 -> 2
79 -> 2
84 -> 2
85 -> 2
87 -> 2
88 -> 2
95 -> 2
110 -> 2
112 -> 2
113 -> 2
118 -> 2
122 -> 1
5 -> 0
6 -> 0
8 -> 0
13 -> 0
16 -> 0
18 -> 0
19 -> 0
20 -> 0
24 -> 0
25 -> 0
26 -> 0
27 -> 0
33 -> 0
35 -> 0
36 -> 0
39 -> 0
40 -> 0
42 -> 0
43 -> 0
47 -> 0
48 -> 0
49 -> 0
50 -> 0
52 -> 0
53 -> 0
54 -> 0
55 -> 0
56 -> 0
58 -> 0
61 -> 0
66 -> 0
68 -> 0
69 -> 0
70 -> 0
71 -> 0
72 -> 0
74 -> 0
75 -> 0
76 -> 0
80 -> 0
81 -> 0
82 -> 0
83 -> 0
89 -> 0
90 -> 0
93 -> 0
96 -> 0
98 -> 0
99 -> 0
100 -> 0
101 -> 0
102 -> 0
103 -> 0
104 -> 0
105 -> 0
106 -> 0
107 -> 0
108 -> 0
109 -> 0
111 -> 0
114 -> 0
115 -> 0
116 -> 0
119 -> 0
120 -> 0
121 -> 0
123 -> 0
124 -> 0
125 -> 0
126 -> 0
127 -> 0
128 -> 0
	----------------------

Simulation complete. Instructions retired: 3099755 Cycles elapsed: 1751513 IPC: 1.769758

Prefetcher final stats
