
*** Data Prefetching Championship 2 Simulator ***

Warmup Instructions: 10000000
Simulation Instructions: 100000000
Scramble loads OFF
Using 1MB Last Level Cache
Using 12.8 GB/s DRAM bandwidth
Knobs visible from prefetcher: 0 0 0
Resetting history queue.
Resetting offset table
Setting initial offset to 1
Tag offset: 6
Ressetting hit rate
Offset switch to: 3	With score: 1
Offset switch to: 41	With score: 2
Offset switch to: 41	With score: 2
Instructions Retired: 100001 Cycle: 51384 Hearbeat IPC: 1.946151 Cumulative IPC: 1.946151
Cycle: 51384	Best offset: 41	Score: 2	Hit Rate: 0.355599
	---- Offset table ----
Offset -> Score
1 -> 0
2 -> 0
3 -> 0
4 -> 0
5 -> 0
6 -> 0
7 -> 0
8 -> 0
9 -> 0
10 -> 0
11 -> 0
12 -> 1
13 -> 1
14 -> 1
15 -> 1
16 -> 1
17 -> 1
18 -> 1
19 -> 0
20 -> 0
21 -> 0
22 -> 0
23 -> 0
24 -> 0
25 -> 0
26 -> 1
27 -> 0
28 -> 0
29 -> 1
30 -> 1
31 -> 1
32 -> 0
33 -> 1
34 -> 0
35 -> 0
36 -> 1
37 -> 1
38 -> 1
39 -> 1
40 -> 1
41 -> 2
42 -> 2
43 -> 2
44 -> 2
45 -> 2
46 -> 0
47 -> 2
48 -> 2
49 -> 2
50 -> 2
51 -> 2
52 -> 2
53 -> 2
54 -> 2
55 -> 0
56 -> 0
57 -> 2
58 -> 2
59 -> 1
60 -> 1
61 -> 0
62 -> 0
63 -> 1
64 -> 2
65 -> 2
66 -> 2
67 -> 2
68 -> 1
69 -> 1
70 -> 1
71 -> 1
72 -> 1
73 -> 1
74 -> 1
75 -> 1
76 -> 1
77 -> 1
78 -> 1
79 -> 1
80 -> 0
81 -> 0
82 -> 0
83 -> 0
84 -> 0
85 -> 0
86 -> 0
87 -> 0
88 -> 0
89 -> 0
90 -> 0
91 -> 0
92 -> 0
93 -> 0
94 -> 0
95 -> 0
96 -> 0
97 -> 0
98 -> 0
99 -> 0
100 -> 0
101 -> 0
102 -> 0
103 -> 0
104 -> 0
105 -> 0
106 -> 0
107 -> 0
108 -> 0
109 -> 0
110 -> 0
111 -> 0
112 -> 0
113 -> 0
114 -> 0
115 -> 0
116 -> 0
117 -> 0
118 -> 0
119 -> 0
120 -> 0
121 -> 0
122 -> 0
123 -> 0
124 -> 0
125 -> 0
126 -> 0
127 -> 0
128 -> 0
	----------------------
Instructions Retired: 200000 Cycle: 87300 Hearbeat IPC: 2.784247 Cumulative IPC: 2.290951
Cycle: 87300	Best offset: 41	Score: 0	Hit Rate: 0.497136
	---- Offset table ----
Offset -> Score
1 -> 0
2 -> 0
3 -> 0
4 -> 0
5 -> 0
6 -> 0
7 -> 0
8 -> 0
9 -> 0
10 -> 0
11 -> 0
12 -> 0
13 -> 0
14 -> 0
15 -> 0
16 -> 0
17 -> 0
18 -> 0
19 -> 0
20 -> 0
21 -> 0
22 -> 0
23 -> 0
24 -> 0
25 -> 0
26 -> 0
27 -> 0
28 -> 0
29 -> 0
30 -> 0
31 -> 0
32 -> 0
33 -> 0
34 -> 0
35 -> 0
36 -> 0
37 -> 0
38 -> 0
39 -> 0
40 -> 0
41 -> 0
42 -> 0
43 -> 0
44 -> 0
45 -> 0
46 -> 0
47 -> 0
48 -> 0
49 -> 0
50 -> 0
51 -> 0
52 -> 0
53 -> 0
54 -> 0
55 -> 0
56 -> 0
57 -> 0
58 -> 0
59 -> 0
60 -> 0
61 -> 0
62 -> 0
63 -> 0
64 -> 0
65 -> 0
66 -> 0
67 -> 0
68 -> 0
69 -> 0
70 -> 0
71 -> 0
72 -> 0
73 -> 0
74 -> 0
75 -> 0
76 -> 0
77 -> 0
78 -> 0
79 -> 0
80 -> 0
81 -> 0
82 -> 0
83 -> 0
84 -> 0
85 -> 0
86 -> 0
87 -> 0
88 -> 0
89 -> 0
90 -> 0
91 -> 0
92 -> 0
93 -> 0
94 -> 0
95 -> 0
96 -> 0
97 -> 0
98 -> 0
99 -> 0
100 -> 0
101 -> 0
102 -> 0
103 -> 0
104 -> 0
105 -> 0
106 -> 0
107 -> 0
108 -> 0
109 -> 0
110 -> 0
111 -> 0
112 -> 0
113 -> 0
114 -> 0
115 -> 0
116 -> 0
117 -> 0
118 -> 0
119 -> 0
120 -> 0
121 -> 0
122 -> 0
123 -> 0
124 -> 0
125 -> 0
126 -> 0
127 -> 0
128 -> 0
	----------------------
Instructions Retired: 300003 Cycle: 121283 Hearbeat IPC: 2.942736 Cumulative IPC: 2.473578
Cycle: 121283	Best offset: 41	Score: 0	Hit Rate: 0.515690
	---- Offset table ----
Offset -> Score
1 -> 0
2 -> 0
3 -> 0
4 -> 0
5 -> 0
6 -> 0
7 -> 0
8 -> 0
9 -> 0
10 -> 0
11 -> 0
12 -> 0
13 -> 0
14 -> 0
15 -> 0
16 -> 0
17 -> 0
18 -> 0
19 -> 0
20 -> 0
21 -> 0
22 -> 0
23 -> 0
24 -> 0
25 -> 0
26 -> 0
27 -> 0
28 -> 0
29 -> 0
30 -> 0
31 -> 0
32 -> 0
33 -> 0
34 -> 0
35 -> 0
36 -> 0
37 -> 0
38 -> 0
39 -> 0
40 -> 0
41 -> 0
42 -> 0
43 -> 0
44 -> 0
45 -> 0
46 -> 0
47 -> 0
48 -> 0
49 -> 0
50 -> 0
51 -> 0
52 -> 0
53 -> 0
54 -> 0
55 -> 0
56 -> 0
57 -> 0
58 -> 0
59 -> 0
60 -> 0
61 -> 0
62 -> 0
63 -> 0
64 -> 0
65 -> 0
66 -> 0
67 -> 0
68 -> 0
69 -> 0
70 -> 0
71 -> 0
72 -> 0
73 -> 0
74 -> 0
75 -> 0
76 -> 0
77 -> 0
78 -> 0
79 -> 0
80 -> 0
81 -> 0
82 -> 0
83 -> 0
84 -> 0
85 -> 0
86 -> 0
87 -> 0
88 -> 0
89 -> 0
90 -> 0
91 -> 0
92 -> 0
93 -> 0
94 -> 0
95 -> 0
96 -> 0
97 -> 0
98 -> 0
99 -> 0
100 -> 0
101 -> 0
102 -> 0
103 -> 0
104 -> 0
105 -> 0
106 -> 0
107 -> 0
108 -> 0
109 -> 0
110 -> 0
111 -> 0
112 -> 0
113 -> 0
114 -> 0
115 -> 0
116 -> 0
117 -> 0
118 -> 0
119 -> 0
120 -> 0
121 -> 0
122 -> 0
123 -> 0
124 -> 0
125 -> 0
126 -> 0
127 -> 0
128 -> 0
	----------------------
Instructions Retired: 400002 Cycle: 153462 Hearbeat IPC: 3.107586 Cumulative IPC: 2.606521
Cycle: 153462	Best offset: 41	Score: 0	Hit Rate: 0.531786
	---- Offset table ----
Offset -> Score
1 -> 0
2 -> 0
3 -> 0
4 -> 0
5 -> 0
6 -> 0
7 -> 0
8 -> 0
9 -> 0
10 -> 0
11 -> 0
12 -> 0
13 -> 0
14 -> 0
15 -> 0
16 -> 0
17 -> 0
18 -> 0
19 -> 0
20 -> 0
21 -> 0
22 -> 0
23 -> 0
24 -> 0
25 -> 0
26 -> 0
27 -> 0
28 -> 0
29 -> 0
30 -> 0
31 -> 0
32 -> 0
33 -> 0
34 -> 0
35 -> 0
36 -> 0
37 -> 0
38 -> 0
39 -> 0
40 -> 0
41 -> 0
42 -> 0
43 -> 0
44 -> 0
45 -> 0
46 -> 0
47 -> 0
48 -> 0
49 -> 0
50 -> 0
51 -> 0
52 -> 0
53 -> 0
54 -> 0
55 -> 0
56 -> 0
57 -> 0
58 -> 0
59 -> 0
60 -> 0
61 -> 0
62 -> 0
63 -> 0
64 -> 0
65 -> 0
66 -> 0
67 -> 0
68 -> 0
69 -> 0
70 -> 0
71 -> 0
72 -> 0
73 -> 0
74 -> 0
75 -> 0
76 -> 0
77 -> 0
78 -> 0
79 -> 0
80 -> 0
81 -> 0
82 -> 0
83 -> 0
84 -> 0
85 -> 0
86 -> 0
87 -> 0
88 -> 0
89 -> 0
90 -> 0
91 -> 0
92 -> 0
93 -> 0
94 -> 0
95 -> 0
96 -> 0
97 -> 0
98 -> 0
99 -> 0
100 -> 0
101 -> 0
102 -> 0
103 -> 0
104 -> 0
105 -> 0
106 -> 0
107 -> 0
108 -> 0
109 -> 0
110 -> 0
111 -> 0
112 -> 0
113 -> 0
114 -> 0
115 -> 0
116 -> 0
117 -> 0
118 -> 0
119 -> 0
120 -> 0
121 -> 0
122 -> 0
123 -> 0
124 -> 0
125 -> 0
126 -> 0
127 -> 0
128 -> 0
	----------------------
Offset switch to: 27	With score: 1
Offset switch to: 27	With score: 2
Offset switch to: 35	With score: 2
Offset switch to: 52	With score: 1
Offset switch to: 124	With score: 1
Offset switch to: 66	With score: 1
Offset switch to: 99	With score: 1
Offset switch to: 30	With score: 1
Offset switch to: 33	With score: 1
Offset switch to: 32	With score: 1
Offset switch to: 96	With score: 1
Offset switch to: 15	With score: 1
Offset switch to: 67	With score: 1
Instructions Retired: 500000 Cycle: 328555 Hearbeat IPC: 0.571114 Cumulative IPC: 1.521815
Cycle: 328555	Best offset: 67	Score: 0	Hit Rate: 0.143662
	---- Offset table ----
Offset -> Score
1 -> 0
2 -> 0
3 -> 0
4 -> 0
5 -> 0
6 -> 0
7 -> 0
8 -> 0
9 -> 0
10 -> 0
11 -> 0
12 -> 0
13 -> 0
14 -> 0
15 -> 0
16 -> 0
17 -> 0
18 -> 0
19 -> 0
20 -> 0
21 -> 0
22 -> 0
23 -> 0
24 -> 0
25 -> 0
26 -> 0
27 -> 0
28 -> 0
29 -> 0
30 -> 0
31 -> 0
32 -> 0
33 -> 0
34 -> 0
35 -> 0
36 -> 0
37 -> 0
38 -> 0
39 -> 0
40 -> 0
41 -> 0
42 -> 0
43 -> 0
44 -> 0
45 -> 0
46 -> 0
47 -> 0
48 -> 0
49 -> 0
50 -> 0
51 -> 0
52 -> 0
53 -> 0
54 -> 0
55 -> 0
56 -> 0
57 -> 0
58 -> 0
59 -> 0
60 -> 0
61 -> 0
62 -> 0
63 -> 0
64 -> 0
65 -> 0
66 -> 0
67 -> 0
68 -> 0
69 -> 0
70 -> 0
71 -> 0
72 -> 0
73 -> 0
74 -> 0
75 -> 0
76 -> 0
77 -> 0
78 -> 0
79 -> 0
80 -> 0
81 -> 0
82 -> 0
83 -> 0
84 -> 0
85 -> 0
86 -> 0
87 -> 0
88 -> 0
89 -> 0
90 -> 0
91 -> 0
92 -> 0
93 -> 0
94 -> 0
95 -> 0
96 -> 0
97 -> 0
98 -> 0
99 -> 0
100 -> 0
101 -> 0
102 -> 0
103 -> 0
104 -> 0
105 -> 0
106 -> 0
107 -> 0
108 -> 0
109 -> 0
110 -> 0
111 -> 0
112 -> 0
113 -> 0
114 -> 0
115 -> 0
116 -> 0
117 -> 0
118 -> 0
119 -> 0
120 -> 0
121 -> 0
122 -> 0
123 -> 0
124 -> 0
125 -> 0
126 -> 0
127 -> 0
128 -> 0
	----------------------
Offset switch to: 14	With score: 1
Offset switch to: 57	With score: 1
Offset switch to: 45	With score: 1
Offset switch to: 51	With score: 1
Offset switch to: 88	With score: 1
Offset switch to: 11	With score: 1
Instructions Retired: 600001 Cycle: 453807 Hearbeat IPC: 0.798398 Cumulative IPC: 1.322150
Cycle: 453807	Best offset: 11	Score: 0	Hit Rate: 0.108364
	---- Offset table ----
Offset -> Score
1 -> 0
2 -> 0
3 -> 0
4 -> 0
5 -> 0
6 -> 0
7 -> 0
8 -> 0
9 -> 0
10 -> 0
11 -> 0
12 -> 0
13 -> 0
14 -> 0
15 -> 0
16 -> 0
17 -> 0
18 -> 0
19 -> 0
20 -> 0
21 -> 0
22 -> 0
23 -> 0
24 -> 0
25 -> 0
26 -> 0
27 -> 0
28 -> 0
29 -> 0
30 -> 0
31 -> 0
32 -> 0
33 -> 0
34 -> 0
35 -> 0
36 -> 0
37 -> 0
38 -> 0
39 -> 0
40 -> 0
41 -> 0
42 -> 0
43 -> 0
44 -> 0
45 -> 0
46 -> 0
47 -> 0
48 -> 0
49 -> 0
50 -> 0
51 -> 0
52 -> 0
53 -> 0
54 -> 0
55 -> 0
56 -> 0
57 -> 0
58 -> 0
59 -> 0
60 -> 0
61 -> 0
62 -> 0
63 -> 0
64 -> 0
65 -> 0
66 -> 0
67 -> 0
68 -> 0
69 -> 0
70 -> 0
71 -> 0
72 -> 0
73 -> 0
74 -> 0
75 -> 0
76 -> 0
77 -> 0
78 -> 0
79 -> 0
80 -> 0
81 -> 0
82 -> 0
83 -> 0
84 -> 0
85 -> 0
86 -> 0
87 -> 0
88 -> 0
89 -> 0
90 -> 0
91 -> 0
92 -> 0
93 -> 0
94 -> 0
95 -> 0
96 -> 0
97 -> 0
98 -> 0
99 -> 0
100 -> 0
101 -> 0
102 -> 0
103 -> 0
104 -> 0
105 -> 0
106 -> 0
107 -> 0
108 -> 0
109 -> 0
110 -> 0
111 -> 0
112 -> 0
113 -> 0
114 -> 0
115 -> 0
116 -> 0
117 -> 0
118 -> 0
119 -> 0
120 -> 0
121 -> 0
122 -> 0
123 -> 0
124 -> 0
125 -> 0
126 -> 0
127 -> 0
128 -> 0
	----------------------
Offset switch to: 115	With score: 1
Instructions Retired: 700001 Cycle: 493408 Hearbeat IPC: 2.525189 Cumulative IPC: 1.418706
Cycle: 493408	Best offset: 115	Score: 0	Hit Rate: 0.132949
	---- Offset table ----
Offset -> Score
1 -> 0
2 -> 0
3 -> 0
4 -> 0
5 -> 0
6 -> 0
7 -> 0
8 -> 0
9 -> 0
10 -> 0
11 -> 0
12 -> 0
13 -> 0
14 -> 0
15 -> 0
16 -> 0
17 -> 0
18 -> 0
19 -> 0
20 -> 0
21 -> 0
22 -> 0
23 -> 0
24 -> 0
25 -> 0
26 -> 0
27 -> 0
28 -> 0
29 -> 0
30 -> 0
31 -> 0
32 -> 0
33 -> 0
34 -> 0
35 -> 0
36 -> 0
37 -> 0
38 -> 0
39 -> 0
40 -> 0
41 -> 0
42 -> 0
43 -> 0
44 -> 0
45 -> 0
46 -> 0
47 -> 0
48 -> 0
49 -> 0
50 -> 0
51 -> 0
52 -> 0
53 -> 0
54 -> 0
55 -> 0
56 -> 0
57 -> 0
58 -> 0
59 -> 0
60 -> 0
61 -> 0
62 -> 0
63 -> 0
64 -> 0
65 -> 0
66 -> 0
67 -> 0
68 -> 0
69 -> 0
70 -> 0
71 -> 0
72 -> 0
73 -> 0
74 -> 0
75 -> 0
76 -> 0
77 -> 0
78 -> 0
79 -> 0
80 -> 0
81 -> 0
82 -> 0
83 -> 0
84 -> 0
85 -> 0
86 -> 0
87 -> 0
88 -> 0
89 -> 0
90 -> 0
91 -> 0
92 -> 0
93 -> 0
94 -> 0
95 -> 0
96 -> 0
97 -> 0
98 -> 0
99 -> 0
100 -> 0
101 -> 0
102 -> 0
103 -> 0
104 -> 0
105 -> 0
106 -> 0
107 -> 0
108 -> 0
109 -> 0
110 -> 0
111 -> 0
112 -> 0
113 -> 0
114 -> 0
115 -> 0
116 -> 0
117 -> 0
118 -> 0
119 -> 0
120 -> 0
121 -> 0
122 -> 0
123 -> 0
124 -> 0
125 -> 0
126 -> 0
127 -> 0
128 -> 0
	----------------------
Offset switch to: 79	With score: 1
Offset switch to: 127	With score: 1
Instructions Retired: 800000 Cycle: 527773 Hearbeat IPC: 2.909908 Cumulative IPC: 1.515803
Cycle: 527773	Best offset: 127	Score: 1	Hit Rate: 0.165155
	---- Offset table ----
Offset -> Score
1 -> 0
2 -> 1
3 -> 1
4 -> 1
5 -> 1
6 -> 1
7 -> 1
8 -> 1
9 -> 1
10 -> 1
11 -> 1
12 -> 1
13 -> 0
14 -> 1
15 -> 1
16 -> 1
17 -> 1
18 -> 1
19 -> 1
20 -> 1
21 -> 1
22 -> 0
23 -> 1
24 -> 1
25 -> 1
26 -> 1
27 -> 1
28 -> 1
29 -> 1
30 -> 1
31 -> 1
32 -> 1
33 -> 1
34 -> 1
35 -> 1
36 -> 1
37 -> 1
38 -> 1
39 -> 1
40 -> 1
41 -> 1
42 -> 1
43 -> 1
44 -> 1
45 -> 1
46 -> 1
47 -> 1
48 -> 1
49 -> 0
50 -> 0
51 -> 0
52 -> 0
53 -> 0
54 -> 0
55 -> 0
56 -> 0
57 -> 0
58 -> 0
59 -> 0
60 -> 0
61 -> 0
62 -> 0
63 -> 0
64 -> 0
65 -> 0
66 -> 0
67 -> 0
68 -> 0
69 -> 0
70 -> 0
71 -> 0
72 -> 0
73 -> 0
74 -> 0
75 -> 0
76 -> 0
77 -> 0
78 -> 0
79 -> 0
80 -> 0
81 -> 0
82 -> 0
83 -> 0
84 -> 0
85 -> 0
86 -> 0
87 -> 0
88 -> 0
89 -> 0
90 -> 0
91 -> 0
92 -> 0
93 -> 0
94 -> 0
95 -> 0
96 -> 0
97 -> 0
98 -> 0
99 -> 0
100 -> 0
101 -> 0
102 -> 0
103 -> 0
104 -> 0
105 -> 0
106 -> 0
107 -> 0
108 -> 0
109 -> 0
110 -> 0
111 -> 0
112 -> 0
113 -> 0
114 -> 0
115 -> 0
116 -> 0
117 -> 0
118 -> 0
119 -> 0
120 -> 0
121 -> 0
122 -> 0
123 -> 0
124 -> 0
125 -> 0
126 -> 0
127 -> 1
128 -> 1
	----------------------
Instructions Retired: 900001 Cycle: 562456 Hearbeat IPC: 2.883286 Cumulative IPC: 1.600127
Cycle: 562456	Best offset: 127	Score: 0	Hit Rate: 0.181562
	---- Offset table ----
Offset -> Score
1 -> 0
2 -> 0
3 -> 0
4 -> 0
5 -> 0
6 -> 0
7 -> 0
8 -> 0
9 -> 0
10 -> 0
11 -> 0
12 -> 0
13 -> 0
14 -> 0
15 -> 0
16 -> 0
17 -> 0
18 -> 0
19 -> 0
20 -> 0
21 -> 0
22 -> 0
23 -> 0
24 -> 0
25 -> 0
26 -> 0
27 -> 0
28 -> 0
29 -> 0
30 -> 0
31 -> 0
32 -> 0
33 -> 0
34 -> 0
35 -> 0
36 -> 0
37 -> 0
38 -> 0
39 -> 0
40 -> 0
41 -> 0
42 -> 0
43 -> 0
44 -> 0
45 -> 0
46 -> 0
47 -> 0
48 -> 0
49 -> 0
50 -> 0
51 -> 0
52 -> 0
53 -> 0
54 -> 0
55 -> 0
56 -> 0
57 -> 0
58 -> 0
59 -> 0
60 -> 0
61 -> 0
62 -> 0
63 -> 0
64 -> 0
65 -> 0
66 -> 0
67 -> 0
68 -> 0
69 -> 0
70 -> 0
71 -> 0
72 -> 0
73 -> 0
74 -> 0
75 -> 0
76 -> 0
77 -> 0
78 -> 0
79 -> 0
80 -> 0
81 -> 0
82 -> 0
83 -> 0
84 -> 0
85 -> 0
86 -> 0
87 -> 0
88 -> 0
89 -> 0
90 -> 0
91 -> 0
92 -> 0
93 -> 0
94 -> 0
95 -> 0
96 -> 0
97 -> 0
98 -> 0
99 -> 0
100 -> 0
101 -> 0
102 -> 0
103 -> 0
104 -> 0
105 -> 0
106 -> 0
107 -> 0
108 -> 0
109 -> 0
110 -> 0
111 -> 0
112 -> 0
113 -> 0
114 -> 0
115 -> 0
116 -> 0
117 -> 0
118 -> 0
119 -> 0
120 -> 0
121 -> 0
122 -> 0
123 -> 0
124 -> 0
125 -> 0
126 -> 0
127 -> 0
128 -> 0
	----------------------
Instructions Retired: 1000002 Cycle: 594641 Hearbeat IPC: 3.107069 Cumulative IPC: 1.681690
Cycle: 594641	Best offset: 127	Score: 0	Hit Rate: 0.186624
	---- Offset table ----
Offset -> Score
1 -> 0
2 -> 0
3 -> 0
4 -> 0
5 -> 0
6 -> 0
7 -> 0
8 -> 0
9 -> 0
10 -> 0
11 -> 0
12 -> 0
13 -> 0
14 -> 0
15 -> 0
16 -> 0
17 -> 0
18 -> 0
19 -> 0
20 -> 0
21 -> 0
22 -> 0
23 -> 0
24 -> 0
25 -> 0
26 -> 0
27 -> 0
28 -> 0
29 -> 0
30 -> 0
31 -> 0
32 -> 0
33 -> 0
34 -> 0
35 -> 0
36 -> 0
37 -> 0
38 -> 0
39 -> 0
40 -> 0
41 -> 0
42 -> 0
43 -> 0
44 -> 0
45 -> 0
46 -> 0
47 -> 0
48 -> 0
49 -> 0
50 -> 0
51 -> 0
52 -> 0
53 -> 0
54 -> 0
55 -> 0
56 -> 0
57 -> 0
58 -> 0
59 -> 0
60 -> 0
61 -> 0
62 -> 0
63 -> 0
64 -> 0
65 -> 0
66 -> 0
67 -> 0
68 -> 0
69 -> 0
70 -> 0
71 -> 0
72 -> 0
73 -> 0
74 -> 0
75 -> 0
76 -> 0
77 -> 0
78 -> 0
79 -> 0
80 -> 0
81 -> 0
82 -> 0
83 -> 0
84 -> 0
85 -> 0
86 -> 0
87 -> 0
88 -> 0
89 -> 0
90 -> 0
91 -> 0
92 -> 0
93 -> 0
94 -> 0
95 -> 0
96 -> 0
97 -> 0
98 -> 0
99 -> 0
100 -> 0
101 -> 0
102 -> 0
103 -> 0
104 -> 0
105 -> 0
106 -> 0
107 -> 0
108 -> 0
109 -> 0
110 -> 0
111 -> 0
112 -> 0
113 -> 0
114 -> 0
115 -> 0
116 -> 0
117 -> 0
118 -> 0
119 -> 0
120 -> 0
121 -> 0
122 -> 0
123 -> 0
124 -> 0
125 -> 0
126 -> 0
127 -> 0
128 -> 0
	----------------------
Instructions Retired: 1100000 Cycle: 626655 Hearbeat IPC: 3.123571 Cumulative IPC: 1.755352
Cycle: 626655	Best offset: 127	Score: 0	Hit Rate: 0.190265
	---- Offset table ----
Offset -> Score
1 -> 0
2 -> 0
3 -> 0
4 -> 0
5 -> 0
6 -> 0
7 -> 0
8 -> 0
9 -> 0
10 -> 0
11 -> 0
12 -> 0
13 -> 0
14 -> 0
15 -> 0
16 -> 0
17 -> 0
18 -> 0
19 -> 0
20 -> 0
21 -> 0
22 -> 0
23 -> 0
24 -> 0
25 -> 0
26 -> 0
27 -> 0
28 -> 0
29 -> 0
30 -> 0
31 -> 0
32 -> 0
33 -> 0
34 -> 0
35 -> 0
36 -> 0
37 -> 0
38 -> 0
39 -> 0
40 -> 0
41 -> 0
42 -> 0
43 -> 0
44 -> 0
45 -> 0
46 -> 0
47 -> 0
48 -> 0
49 -> 0
50 -> 0
51 -> 0
52 -> 0
53 -> 0
54 -> 0
55 -> 0
56 -> 0
57 -> 0
58 -> 0
59 -> 0
60 -> 0
61 -> 0
62 -> 0
63 -> 0
64 -> 0
65 -> 0
66 -> 0
67 -> 0
68 -> 0
69 -> 0
70 -> 0
71 -> 0
72 -> 0
73 -> 0
74 -> 0
75 -> 0
76 -> 0
77 -> 0
78 -> 0
79 -> 0
80 -> 0
81 -> 0
82 -> 0
83 -> 0
84 -> 0
85 -> 0
86 -> 0
87 -> 0
88 -> 0
89 -> 0
90 -> 0
91 -> 0
92 -> 0
93 -> 0
94 -> 0
95 -> 0
96 -> 0
97 -> 0
98 -> 0
99 -> 0
100 -> 0
101 -> 0
102 -> 0
103 -> 0
104 -> 0
105 -> 0
106 -> 0
107 -> 0
108 -> 0
109 -> 0
110 -> 0
111 -> 0
112 -> 0
113 -> 0
114 -> 0
115 -> 0
116 -> 0
117 -> 0
118 -> 0
119 -> 0
120 -> 0
121 -> 0
122 -> 0
123 -> 0
124 -> 0
125 -> 0
126 -> 0
127 -> 0
128 -> 0
	----------------------
Offset switch to: 94	With score: 1
Offset switch to: 49	With score: 1
Offset switch to: 106	With score: 1
Offset switch to: 39	With score: 1
Offset switch to: 77	With score: 1
Instructions Retired: 1200000 Cycle: 677492 Hearbeat IPC: 1.967071 Cumulative IPC: 1.771239
Cycle: 677492	Best offset: 77	Score: 1	Hit Rate: 0.148612
	---- Offset table ----
Offset -> Score
1 -> 1
2 -> 0
3 -> 0
4 -> 0
5 -> 0
6 -> 0
7 -> 0
8 -> 0
9 -> 0
10 -> 0
11 -> 0
12 -> 0
13 -> 0
14 -> 0
15 -> 0
16 -> 0
17 -> 0
18 -> 0
19 -> 0
20 -> 0
21 -> 0
22 -> 0
23 -> 0
24 -> 0
25 -> 0
26 -> 0
27 -> 0
28 -> 0
29 -> 0
30 -> 0
31 -> 0
32 -> 0
33 -> 0
34 -> 0
35 -> 0
36 -> 0
37 -> 0
38 -> 0
39 -> 0
40 -> 0
41 -> 0
42 -> 0
43 -> 0
44 -> 0
45 -> 0
46 -> 0
47 -> 0
48 -> 0
49 -> 0
50 -> 0
51 -> 0
52 -> 0
53 -> 0
54 -> 0
55 -> 0
56 -> 0
57 -> 0
58 -> 0
59 -> 0
60 -> 0
61 -> 0
62 -> 0
63 -> 0
64 -> 0
65 -> 0
66 -> 0
67 -> 0
68 -> 0
69 -> 0
70 -> 0
71 -> 0
72 -> 0
73 -> 0
74 -> 0
75 -> 0
76 -> 0
77 -> 1
78 -> 0
79 -> 0
80 -> 0
81 -> 0
82 -> 0
83 -> 0
84 -> 0
85 -> 0
86 -> 0
87 -> 0
88 -> 0
89 -> 0
90 -> 0
91 -> 0
92 -> 0
93 -> 0
94 -> 0
95 -> 0
96 -> 0
97 -> 0
98 -> 0
99 -> 0
100 -> 0
101 -> 0
102 -> 0
103 -> 0
104 -> 0
105 -> 0
106 -> 0
107 -> 0
108 -> 0
109 -> 0
110 -> 0
111 -> 0
112 -> 0
113 -> 0
114 -> 0
115 -> 0
116 -> 0
117 -> 0
118 -> 0
119 -> 0
120 -> 0
121 -> 0
122 -> 0
123 -> 0
124 -> 0
125 -> 0
126 -> 0
127 -> 0
128 -> 0
	----------------------
Offset switch to: 108	With score: 1
Offset switch to: 31	With score: 1
Offset switch to: 43	With score: 1
Offset switch to: 19	With score: 1
Offset switch to: 8	With score: 1
Instructions Retired: 1300001 Cycle: 752850 Hearbeat IPC: 1.327012 Cumulative IPC: 1.726773
Cycle: 752850	Best offset: 8	Score: 0	Hit Rate: 0.121237
	---- Offset table ----
Offset -> Score
1 -> 0
2 -> 0
3 -> 0
4 -> 0
5 -> 0
6 -> 0
7 -> 0
8 -> 0
9 -> 0
10 -> 0
11 -> 0
12 -> 0
13 -> 0
14 -> 0
15 -> 0
16 -> 0
17 -> 0
18 -> 0
19 -> 0
20 -> 0
21 -> 0
22 -> 0
23 -> 0
24 -> 0
25 -> 0
26 -> 0
27 -> 0
28 -> 0
29 -> 0
30 -> 0
31 -> 0
32 -> 0
33 -> 0
34 -> 0
35 -> 0
36 -> 0
37 -> 0
38 -> 0
39 -> 0
40 -> 0
41 -> 0
42 -> 0
43 -> 0
44 -> 0
45 -> 0
46 -> 0
47 -> 0
48 -> 0
49 -> 0
50 -> 0
51 -> 0
52 -> 0
53 -> 0
54 -> 0
55 -> 0
56 -> 0
57 -> 0
58 -> 0
59 -> 0
60 -> 0
61 -> 0
62 -> 0
63 -> 0
64 -> 0
65 -> 0
66 -> 0
67 -> 0
68 -> 0
69 -> 0
70 -> 0
71 -> 0
72 -> 0
73 -> 0
74 -> 0
75 -> 0
76 -> 0
77 -> 0
78 -> 0
79 -> 0
80 -> 0
81 -> 0
82 -> 0
83 -> 0
84 -> 0
85 -> 0
86 -> 0
87 -> 0
88 -> 0
89 -> 0
90 -> 0
91 -> 0
92 -> 0
93 -> 0
94 -> 0
95 -> 0
96 -> 0
97 -> 0
98 -> 0
99 -> 0
100 -> 0
101 -> 0
102 -> 0
103 -> 0
104 -> 0
105 -> 0
106 -> 0
107 -> 0
108 -> 0
109 -> 0
110 -> 0
111 -> 0
112 -> 0
113 -> 0
114 -> 0
115 -> 0
116 -> 0
117 -> 0
118 -> 0
119 -> 0
120 -> 0
121 -> 0
122 -> 0
123 -> 0
124 -> 0
125 -> 0
126 -> 0
127 -> 0
128 -> 0
	----------------------
Offset switch to: 20	With score: 1
Instructions Retired: 1400000 Cycle: 787232 Hearbeat IPC: 2.908469 Cumulative IPC: 1.778383
Cycle: 787232	Best offset: 20	Score: 0	Hit Rate: 0.133937
	---- Offset table ----
Offset -> Score
1 -> 0
2 -> 0
3 -> 0
4 -> 0
5 -> 0
6 -> 0
7 -> 0
8 -> 0
9 -> 0
10 -> 0
11 -> 0
12 -> 0
13 -> 0
14 -> 0
15 -> 0
16 -> 0
17 -> 0
18 -> 0
19 -> 0
20 -> 0
21 -> 0
22 -> 0
23 -> 0
24 -> 0
25 -> 0
26 -> 0
27 -> 0
28 -> 0
29 -> 0
30 -> 0
31 -> 0
32 -> 0
33 -> 0
34 -> 0
35 -> 0
36 -> 0
37 -> 0
38 -> 0
39 -> 0
40 -> 0
41 -> 0
42 -> 0
43 -> 0
44 -> 0
45 -> 0
46 -> 0
47 -> 0
48 -> 0
49 -> 0
50 -> 0
51 -> 0
52 -> 0
53 -> 0
54 -> 0
55 -> 0
56 -> 0
57 -> 0
58 -> 0
59 -> 0
60 -> 0
61 -> 0
62 -> 0
63 -> 0
64 -> 0
65 -> 0
66 -> 0
67 -> 0
68 -> 0
69 -> 0
70 -> 0
71 -> 0
72 -> 0
73 -> 0
74 -> 0
75 -> 0
76 -> 0
77 -> 0
78 -> 0
79 -> 0
80 -> 0
81 -> 0
82 -> 0
83 -> 0
84 -> 0
85 -> 0
86 -> 0
87 -> 0
88 -> 0
89 -> 0
90 -> 0
91 -> 0
92 -> 0
93 -> 0
94 -> 0
95 -> 0
96 -> 0
97 -> 0
98 -> 0
99 -> 0
100 -> 0
101 -> 0
102 -> 0
103 -> 0
104 -> 0
105 -> 0
106 -> 0
107 -> 0
108 -> 0
109 -> 0
110 -> 0
111 -> 0
112 -> 0
113 -> 0
114 -> 0
115 -> 0
116 -> 0
117 -> 0
118 -> 0
119 -> 0
120 -> 0
121 -> 0
122 -> 0
123 -> 0
124 -> 0
125 -> 0
126 -> 0
127 -> 0
128 -> 0
	----------------------
Instructions Retired: 1500003 Cycle: 821451 Hearbeat IPC: 2.922441 Cumulative IPC: 1.826041
Cycle: 821451	Best offset: 20	Score: 0	Hit Rate: 0.153616
	---- Offset table ----
Offset -> Score
1 -> 0
2 -> 0
3 -> 0
4 -> 0
5 -> 0
6 -> 0
7 -> 0
8 -> 0
9 -> 0
10 -> 0
11 -> 0
12 -> 0
13 -> 0
14 -> 0
15 -> 0
16 -> 0
17 -> 0
18 -> 0
19 -> 0
20 -> 0
21 -> 0
22 -> 0
23 -> 0
24 -> 0
25 -> 0
26 -> 0
27 -> 0
28 -> 0
29 -> 0
30 -> 0
31 -> 0
32 -> 0
33 -> 0
34 -> 0
35 -> 0
36 -> 0
37 -> 0
38 -> 0
39 -> 0
40 -> 0
41 -> 0
42 -> 0
43 -> 0
44 -> 0
45 -> 0
46 -> 0
47 -> 0
48 -> 0
49 -> 0
50 -> 0
51 -> 0
52 -> 0
53 -> 0
54 -> 0
55 -> 0
56 -> 0
57 -> 0
58 -> 0
59 -> 0
60 -> 0
61 -> 0
62 -> 0
63 -> 0
64 -> 0
65 -> 0
66 -> 0
67 -> 0
68 -> 0
69 -> 0
70 -> 0
71 -> 0
72 -> 0
73 -> 0
74 -> 0
75 -> 0
76 -> 0
77 -> 0
78 -> 0
79 -> 0
80 -> 0
81 -> 0
82 -> 0
83 -> 0
84 -> 0
85 -> 0
86 -> 0
87 -> 0
88 -> 0
89 -> 0
90 -> 0
91 -> 0
92 -> 0
93 -> 0
94 -> 0
95 -> 0
96 -> 0
97 -> 0
98 -> 0
99 -> 0
100 -> 0
101 -> 0
102 -> 0
103 -> 0
104 -> 0
105 -> 0
106 -> 0
107 -> 0
108 -> 0
109 -> 0
110 -> 0
111 -> 0
112 -> 0
113 -> 0
114 -> 0
115 -> 0
116 -> 0
117 -> 0
118 -> 0
119 -> 0
120 -> 0
121 -> 0
122 -> 0
123 -> 0
124 -> 0
125 -> 0
126 -> 0
127 -> 0
128 -> 0
	----------------------
Instructions Retired: 1600000 Cycle: 856475 Hearbeat IPC: 2.855099 Cumulative IPC: 1.868122
Cycle: 856475	Best offset: 20	Score: 0	Hit Rate: 0.168174
	---- Offset table ----
Offset -> Score
1 -> 0
2 -> 0
3 -> 0
4 -> 0
5 -> 0
6 -> 0
7 -> 0
8 -> 0
9 -> 0
10 -> 0
11 -> 0
12 -> 0
13 -> 0
14 -> 0
15 -> 0
16 -> 0
17 -> 0
18 -> 0
19 -> 0
20 -> 0
21 -> 0
22 -> 0
23 -> 0
24 -> 0
25 -> 0
26 -> 0
27 -> 0
28 -> 0
29 -> 0
30 -> 0
31 -> 0
32 -> 0
33 -> 0
34 -> 0
35 -> 0
36 -> 0
37 -> 0
38 -> 0
39 -> 0
40 -> 0
41 -> 0
42 -> 0
43 -> 0
44 -> 0
45 -> 0
46 -> 0
47 -> 0
48 -> 0
49 -> 0
50 -> 0
51 -> 0
52 -> 0
53 -> 0
54 -> 0
55 -> 0
56 -> 0
57 -> 0
58 -> 0
59 -> 0
60 -> 0
61 -> 0
62 -> 0
63 -> 0
64 -> 0
65 -> 0
66 -> 0
67 -> 0
68 -> 0
69 -> 0
70 -> 0
71 -> 0
72 -> 0
73 -> 0
74 -> 0
75 -> 0
76 -> 0
77 -> 0
78 -> 0
79 -> 0
80 -> 0
81 -> 0
82 -> 0
83 -> 0
84 -> 0
85 -> 0
86 -> 0
87 -> 0
88 -> 0
89 -> 0
90 -> 0
91 -> 0
92 -> 0
93 -> 0
94 -> 0
95 -> 0
96 -> 0
97 -> 0
98 -> 0
99 -> 0
100 -> 0
101 -> 0
102 -> 0
103 -> 0
104 -> 0
105 -> 0
106 -> 0
107 -> 0
108 -> 0
109 -> 0
110 -> 0
111 -> 0
112 -> 0
113 -> 0
114 -> 0
115 -> 0
116 -> 0
117 -> 0
118 -> 0
119 -> 0
120 -> 0
121 -> 0
122 -> 0
123 -> 0
124 -> 0
125 -> 0
126 -> 0
127 -> 0
128 -> 0
	----------------------
Instructions Retired: 1700000 Cycle: 888493 Hearbeat IPC: 3.123243 Cumulative IPC: 1.913352
Cycle: 888493	Best offset: 20	Score: 0	Hit Rate: 0.171895
	---- Offset table ----
Offset -> Score
1 -> 0
2 -> 0
3 -> 0
4 -> 0
5 -> 0
6 -> 0
7 -> 0
8 -> 0
9 -> 0
10 -> 0
11 -> 0
12 -> 0
13 -> 0
14 -> 0
15 -> 0
16 -> 0
17 -> 0
18 -> 0
19 -> 0
20 -> 0
21 -> 0
22 -> 0
23 -> 0
24 -> 0
25 -> 0
26 -> 0
27 -> 0
28 -> 0
29 -> 0
30 -> 0
31 -> 0
32 -> 0
33 -> 0
34 -> 0
35 -> 0
36 -> 0
37 -> 0
38 -> 0
39 -> 0
40 -> 0
41 -> 0
42 -> 0
43 -> 0
44 -> 0
45 -> 0
46 -> 0
47 -> 0
48 -> 0
49 -> 0
50 -> 0
51 -> 0
52 -> 0
53 -> 0
54 -> 0
55 -> 0
56 -> 0
57 -> 0
58 -> 0
59 -> 0
60 -> 0
61 -> 0
62 -> 0
63 -> 0
64 -> 0
65 -> 0
66 -> 0
67 -> 0
68 -> 0
69 -> 0
70 -> 0
71 -> 0
72 -> 0
73 -> 0
74 -> 0
75 -> 0
76 -> 0
77 -> 0
78 -> 0
79 -> 0
80 -> 0
81 -> 0
82 -> 0
83 -> 0
84 -> 0
85 -> 0
86 -> 0
87 -> 0
88 -> 0
89 -> 0
90 -> 0
91 -> 0
92 -> 0
93 -> 0
94 -> 0
95 -> 0
96 -> 0
97 -> 0
98 -> 0
99 -> 0
100 -> 0
101 -> 0
102 -> 0
103 -> 0
104 -> 0
105 -> 0
106 -> 0
107 -> 0
108 -> 0
109 -> 0
110 -> 0
111 -> 0
112 -> 0
113 -> 0
114 -> 0
115 -> 0
116 -> 0
117 -> 0
118 -> 0
119 -> 0
120 -> 0
121 -> 0
122 -> 0
123 -> 0
124 -> 0
125 -> 0
126 -> 0
127 -> 0
128 -> 0
	----------------------
Instructions Retired: 1800000 Cycle: 920631 Hearbeat IPC: 3.111581 Cumulative IPC: 1.955181
Cycle: 920631	Best offset: 20	Score: 0	Hit Rate: 0.177761
	---- Offset table ----
Offset -> Score
1 -> 0
2 -> 0
3 -> 0
4 -> 0
5 -> 0
6 -> 0
7 -> 0
8 -> 0
9 -> 0
10 -> 0
11 -> 0
12 -> 0
13 -> 0
14 -> 0
15 -> 0
16 -> 0
17 -> 0
18 -> 0
19 -> 0
20 -> 0
21 -> 0
22 -> 0
23 -> 0
24 -> 0
25 -> 0
26 -> 0
27 -> 0
28 -> 0
29 -> 0
30 -> 0
31 -> 0
32 -> 0
33 -> 0
34 -> 0
35 -> 0
36 -> 0
37 -> 0
38 -> 0
39 -> 0
40 -> 0
41 -> 0
42 -> 0
43 -> 0
44 -> 0
45 -> 0
46 -> 0
47 -> 0
48 -> 0
49 -> 0
50 -> 0
51 -> 0
52 -> 0
53 -> 0
54 -> 0
55 -> 0
56 -> 0
57 -> 0
58 -> 0
59 -> 0
60 -> 0
61 -> 0
62 -> 0
63 -> 0
64 -> 0
65 -> 0
66 -> 0
67 -> 0
68 -> 0
69 -> 0
70 -> 0
71 -> 0
72 -> 0
73 -> 0
74 -> 0
75 -> 0
76 -> 0
77 -> 0
78 -> 0
79 -> 0
80 -> 0
81 -> 0
82 -> 0
83 -> 0
84 -> 0
85 -> 0
86 -> 0
87 -> 0
88 -> 0
89 -> 0
90 -> 0
91 -> 0
92 -> 0
93 -> 0
94 -> 0
95 -> 0
96 -> 0
97 -> 0
98 -> 0
99 -> 0
100 -> 0
101 -> 0
102 -> 0
103 -> 0
104 -> 0
105 -> 0
106 -> 0
107 -> 0
108 -> 0
109 -> 0
110 -> 0
111 -> 0
112 -> 0
113 -> 0
114 -> 0
115 -> 0
116 -> 0
117 -> 0
118 -> 0
119 -> 0
120 -> 0
121 -> 0
122 -> 0
123 -> 0
124 -> 0
125 -> 0
126 -> 0
127 -> 0
128 -> 0
	----------------------
Offset switch to: 13	With score: 1
Offset switch to: 43	With score: 1
Offset switch to: 124	With score: 1
Instructions Retired: 1900001 Cycle: 979897 Hearbeat IPC: 1.687325 Cumulative IPC: 1.938980
Cycle: 979897	Best offset: 124	Score: 1	Hit Rate: 0.167458
	---- Offset table ----
Offset -> Score
1 -> 1
2 -> 1
3 -> 0
4 -> 0
5 -> 0
6 -> 0
7 -> 0
8 -> 0
9 -> 0
10 -> 0
11 -> 0
12 -> 0
13 -> 0
14 -> 0
15 -> 0
16 -> 0
17 -> 0
18 -> 0
19 -> 0
20 -> 0
21 -> 0
22 -> 0
23 -> 0
24 -> 0
25 -> 0
26 -> 0
27 -> 0
28 -> 0
29 -> 0
30 -> 0
31 -> 0
32 -> 0
33 -> 0
34 -> 0
35 -> 0
36 -> 0
37 -> 0
38 -> 0
39 -> 0
40 -> 0
41 -> 0
42 -> 0
43 -> 0
44 -> 0
45 -> 0
46 -> 0
47 -> 0
48 -> 0
49 -> 0
50 -> 0
51 -> 0
52 -> 0
53 -> 0
54 -> 0
55 -> 0
56 -> 0
57 -> 0
58 -> 0
59 -> 0
60 -> 0
61 -> 0
62 -> 0
63 -> 0
64 -> 0
65 -> 0
66 -> 0
67 -> 0
68 -> 0
69 -> 0
70 -> 0
71 -> 0
72 -> 0
73 -> 0
74 -> 0
75 -> 0
76 -> 0
77 -> 0
78 -> 0
79 -> 0
80 -> 0
81 -> 0
82 -> 0
83 -> 0
84 -> 0
85 -> 0
86 -> 0
87 -> 0
88 -> 0
89 -> 0
90 -> 0
91 -> 0
92 -> 0
93 -> 0
94 -> 0
95 -> 0
96 -> 0
97 -> 0
98 -> 0
99 -> 0
100 -> 0
101 -> 0
102 -> 0
103 -> 0
104 -> 0
105 -> 0
106 -> 0
107 -> 0
108 -> 0
109 -> 0
110 -> 0
111 -> 0
112 -> 0
113 -> 0
114 -> 0
115 -> 0
116 -> 0
117 -> 0
118 -> 0
119 -> 0
120 -> 0
121 -> 0
122 -> 0
123 -> 0
124 -> 1
125 -> 1
126 -> 1
127 -> 1
128 -> 1
	----------------------
Offset switch to: 127	With score: 1
Offset switch to: 40	With score: 1
Offset switch to: 25	With score: 1
Offset switch to: 46	With score: 1
Instructions Retired: 2000004 Cycle: 1050226 Hearbeat IPC: 1.421931 Cumulative IPC: 1.904356
Cycle: 1050226	Best offset: 46	Score: 0	Hit Rate: 0.136341
	---- Offset table ----
Offset -> Score
1 -> 0
2 -> 0
3 -> 0
4 -> 0
5 -> 0
6 -> 0
7 -> 0
8 -> 0
9 -> 0
10 -> 0
11 -> 0
12 -> 0
13 -> 0
14 -> 0
15 -> 0
16 -> 0
17 -> 0
18 -> 0
19 -> 0
20 -> 0
21 -> 0
22 -> 0
23 -> 0
24 -> 0
25 -> 0
26 -> 0
27 -> 0
28 -> 0
29 -> 0
30 -> 0
31 -> 0
32 -> 0
33 -> 0
34 -> 0
35 -> 0
36 -> 0
37 -> 0
38 -> 0
39 -> 0
40 -> 0
41 -> 0
42 -> 0
43 -> 0
44 -> 0
45 -> 0
46 -> 0
47 -> 0
48 -> 0
49 -> 0
50 -> 0
51 -> 0
52 -> 0
53 -> 0
54 -> 0
55 -> 0
56 -> 0
57 -> 0
58 -> 0
59 -> 0
60 -> 0
61 -> 0
62 -> 0
63 -> 0
64 -> 0
65 -> 0
66 -> 0
67 -> 0
68 -> 0
69 -> 0
70 -> 0
71 -> 0
72 -> 0
73 -> 0
74 -> 0
75 -> 0
76 -> 0
77 -> 0
78 -> 0
79 -> 0
80 -> 0
81 -> 0
82 -> 0
83 -> 0
84 -> 0
85 -> 0
86 -> 0
87 -> 0
88 -> 0
89 -> 0
90 -> 0
91 -> 0
92 -> 0
93 -> 0
94 -> 0
95 -> 0
96 -> 0
97 -> 0
98 -> 0
99 -> 0
100 -> 0
101 -> 0
102 -> 0
103 -> 0
104 -> 0
105 -> 0
106 -> 0
107 -> 0
108 -> 0
109 -> 0
110 -> 0
111 -> 0
112 -> 0
113 -> 0
114 -> 0
115 -> 0
116 -> 0
117 -> 0
118 -> 0
119 -> 0
120 -> 0
121 -> 0
122 -> 0
123 -> 0
124 -> 0
125 -> 0
126 -> 0
127 -> 0
128 -> 0
	----------------------
Instructions Retired: 2100001 Cycle: 1083614 Hearbeat IPC: 2.994998 Cumulative IPC: 1.937960
Cycle: 1083614	Best offset: 46	Score: 0	Hit Rate: 0.139319
	---- Offset table ----
Offset -> Score
1 -> 0
2 -> 0
3 -> 0
4 -> 0
5 -> 0
6 -> 0
7 -> 0
8 -> 0
9 -> 0
10 -> 0
11 -> 0
12 -> 0
13 -> 0
14 -> 0
15 -> 0
16 -> 0
17 -> 0
18 -> 0
19 -> 0
20 -> 0
21 -> 0
22 -> 0
23 -> 0
24 -> 0
25 -> 0
26 -> 0
27 -> 0
28 -> 0
29 -> 0
30 -> 0
31 -> 0
32 -> 0
33 -> 0
34 -> 0
35 -> 0
36 -> 0
37 -> 0
38 -> 0
39 -> 0
40 -> 0
41 -> 0
42 -> 0
43 -> 0
44 -> 0
45 -> 0
46 -> 0
47 -> 0
48 -> 0
49 -> 0
50 -> 0
51 -> 0
52 -> 0
53 -> 0
54 -> 0
55 -> 0
56 -> 0
57 -> 0
58 -> 0
59 -> 0
60 -> 0
61 -> 0
62 -> 0
63 -> 0
64 -> 0
65 -> 0
66 -> 0
67 -> 0
68 -> 0
69 -> 0
70 -> 0
71 -> 0
72 -> 0
73 -> 0
74 -> 0
75 -> 0
76 -> 0
77 -> 0
78 -> 0
79 -> 0
80 -> 0
81 -> 0
82 -> 0
83 -> 0
84 -> 0
85 -> 0
86 -> 0
87 -> 0
88 -> 0
89 -> 0
90 -> 0
91 -> 0
92 -> 0
93 -> 0
94 -> 0
95 -> 0
96 -> 0
97 -> 0
98 -> 0
99 -> 0
100 -> 0
101 -> 0
102 -> 0
103 -> 0
104 -> 0
105 -> 0
106 -> 0
107 -> 0
108 -> 0
109 -> 0
110 -> 0
111 -> 0
112 -> 0
113 -> 0
114 -> 0
115 -> 0
116 -> 0
117 -> 0
118 -> 0
119 -> 0
120 -> 0
121 -> 0
122 -> 0
123 -> 0
124 -> 0
125 -> 0
126 -> 0
127 -> 0
128 -> 0
	----------------------
Instructions Retired: 2200000 Cycle: 1118016 Hearbeat IPC: 2.906779 Cumulative IPC: 1.967772
Cycle: 1118016	Best offset: 46	Score: 0	Hit Rate: 0.154396
	---- Offset table ----
Offset -> Score
1 -> 0
2 -> 0
3 -> 0
4 -> 0
5 -> 0
6 -> 0
7 -> 0
8 -> 0
9 -> 0
10 -> 0
11 -> 0
12 -> 0
13 -> 0
14 -> 0
15 -> 0
16 -> 0
17 -> 0
18 -> 0
19 -> 0
20 -> 0
21 -> 0
22 -> 0
23 -> 0
24 -> 0
25 -> 0
26 -> 0
27 -> 0
28 -> 0
29 -> 0
30 -> 0
31 -> 0
32 -> 0
33 -> 0
34 -> 0
35 -> 0
36 -> 0
37 -> 0
38 -> 0
39 -> 0
40 -> 0
41 -> 0
42 -> 0
43 -> 0
44 -> 0
45 -> 0
46 -> 0
47 -> 0
48 -> 0
49 -> 0
50 -> 0
51 -> 0
52 -> 0
53 -> 0
54 -> 0
55 -> 0
56 -> 0
57 -> 0
58 -> 0
59 -> 0
60 -> 0
61 -> 0
62 -> 0
63 -> 0
64 -> 0
65 -> 0
66 -> 0
67 -> 0
68 -> 0
69 -> 0
70 -> 0
71 -> 0
72 -> 0
73 -> 0
74 -> 0
75 -> 0
76 -> 0
77 -> 0
78 -> 0
79 -> 0
80 -> 0
81 -> 0
82 -> 0
83 -> 0
84 -> 0
85 -> 0
86 -> 0
87 -> 0
88 -> 0
89 -> 0
90 -> 0
91 -> 0
92 -> 0
93 -> 0
94 -> 0
95 -> 0
96 -> 0
97 -> 0
98 -> 0
99 -> 0
100 -> 0
101 -> 0
102 -> 0
103 -> 0
104 -> 0
105 -> 0
106 -> 0
107 -> 0
108 -> 0
109 -> 0
110 -> 0
111 -> 0
112 -> 0
113 -> 0
114 -> 0
115 -> 0
116 -> 0
117 -> 0
118 -> 0
119 -> 0
120 -> 0
121 -> 0
122 -> 0
123 -> 0
124 -> 0
125 -> 0
126 -> 0
127 -> 0
128 -> 0
	----------------------
Instructions Retired: 2300001 Cycle: 1153524 Hearbeat IPC: 2.816295 Cumulative IPC: 1.993891
Cycle: 1153524	Best offset: 46	Score: 0	Hit Rate: 0.163974
	---- Offset table ----
Offset -> Score
1 -> 0
2 -> 0
3 -> 0
4 -> 0
5 -> 0
6 -> 0
7 -> 0
8 -> 0
9 -> 0
10 -> 0
11 -> 0
12 -> 0
13 -> 0
14 -> 0
15 -> 0
16 -> 0
17 -> 0
18 -> 0
19 -> 0
20 -> 0
21 -> 0
22 -> 0
23 -> 0
24 -> 0
25 -> 0
26 -> 0
27 -> 0
28 -> 0
29 -> 0
30 -> 0
31 -> 0
32 -> 0
33 -> 0
34 -> 0
35 -> 0
36 -> 0
37 -> 0
38 -> 0
39 -> 0
40 -> 0
41 -> 0
42 -> 0
43 -> 0
44 -> 0
45 -> 0
46 -> 0
47 -> 0
48 -> 0
49 -> 0
50 -> 0
51 -> 0
52 -> 0
53 -> 0
54 -> 0
55 -> 0
56 -> 0
57 -> 0
58 -> 0
59 -> 0
60 -> 0
61 -> 0
62 -> 0
63 -> 0
64 -> 0
65 -> 0
66 -> 0
67 -> 0
68 -> 0
69 -> 0
70 -> 0
71 -> 0
72 -> 0
73 -> 0
74 -> 0
75 -> 0
76 -> 0
77 -> 0
78 -> 0
79 -> 0
80 -> 0
81 -> 0
82 -> 0
83 -> 0
84 -> 0
85 -> 0
86 -> 0
87 -> 0
88 -> 0
89 -> 0
90 -> 0
91 -> 0
92 -> 0
93 -> 0
94 -> 0
95 -> 0
96 -> 0
97 -> 0
98 -> 0
99 -> 0
100 -> 0
101 -> 0
102 -> 0
103 -> 0
104 -> 0
105 -> 0
106 -> 0
107 -> 0
108 -> 0
109 -> 0
110 -> 0
111 -> 0
112 -> 0
113 -> 0
114 -> 0
115 -> 0
116 -> 0
117 -> 0
118 -> 0
119 -> 0
120 -> 0
121 -> 0
122 -> 0
123 -> 0
124 -> 0
125 -> 0
126 -> 0
127 -> 0
128 -> 0
	----------------------
Instructions Retired: 2400001 Cycle: 1185614 Hearbeat IPC: 3.116235 Cumulative IPC: 2.024268
Cycle: 1185614	Best offset: 46	Score: 0	Hit Rate: 0.165729
	---- Offset table ----
Offset -> Score
1 -> 0
2 -> 0
3 -> 0
4 -> 0
5 -> 0
6 -> 0
7 -> 0
8 -> 0
9 -> 0
10 -> 0
11 -> 0
12 -> 0
13 -> 0
14 -> 0
15 -> 0
16 -> 0
17 -> 0
18 -> 0
19 -> 0
20 -> 0
21 -> 0
22 -> 0
23 -> 0
24 -> 0
25 -> 0
26 -> 0
27 -> 0
28 -> 0
29 -> 0
30 -> 0
31 -> 0
32 -> 0
33 -> 0
34 -> 0
35 -> 0
36 -> 0
37 -> 0
38 -> 0
39 -> 0
40 -> 0
41 -> 0
42 -> 0
43 -> 0
44 -> 0
45 -> 0
46 -> 0
47 -> 0
48 -> 0
49 -> 0
50 -> 0
51 -> 0
52 -> 0
53 -> 0
54 -> 0
55 -> 0
56 -> 0
57 -> 0
58 -> 0
59 -> 0
60 -> 0
61 -> 0
62 -> 0
63 -> 0
64 -> 0
65 -> 0
66 -> 0
67 -> 0
68 -> 0
69 -> 0
70 -> 0
71 -> 0
72 -> 0
73 -> 0
74 -> 0
75 -> 0
76 -> 0
77 -> 0
78 -> 0
79 -> 0
80 -> 0
81 -> 0
82 -> 0
83 -> 0
84 -> 0
85 -> 0
86 -> 0
87 -> 0
88 -> 0
89 -> 0
90 -> 0
91 -> 0
92 -> 0
93 -> 0
94 -> 0
95 -> 0
96 -> 0
97 -> 0
98 -> 0
99 -> 0
100 -> 0
101 -> 0
102 -> 0
103 -> 0
104 -> 0
105 -> 0
106 -> 0
107 -> 0
108 -> 0
109 -> 0
110 -> 0
111 -> 0
112 -> 0
113 -> 0
114 -> 0
115 -> 0
116 -> 0
117 -> 0
118 -> 0
119 -> 0
120 -> 0
121 -> 0
122 -> 0
123 -> 0
124 -> 0
125 -> 0
126 -> 0
127 -> 0
128 -> 0
	----------------------
Instructions Retired: 2500000 Cycle: 1217881 Hearbeat IPC: 3.099111 Cumulative IPC: 2.052746
Cycle: 1217881	Best offset: 46	Score: 0	Hit Rate: 0.168151
	---- Offset table ----
Offset -> Score
1 -> 0
2 -> 0
3 -> 0
4 -> 0
5 -> 0
6 -> 0
7 -> 0
8 -> 0
9 -> 0
10 -> 0
11 -> 0
12 -> 0
13 -> 0
14 -> 0
15 -> 0
16 -> 0
17 -> 0
18 -> 0
19 -> 0
20 -> 0
21 -> 0
22 -> 0
23 -> 0
24 -> 0
25 -> 0
26 -> 0
27 -> 0
28 -> 0
29 -> 0
30 -> 0
31 -> 0
32 -> 0
33 -> 0
34 -> 0
35 -> 0
36 -> 0
37 -> 0
38 -> 0
39 -> 0
40 -> 0
41 -> 0
42 -> 0
43 -> 0
44 -> 0
45 -> 0
46 -> 0
47 -> 0
48 -> 0
49 -> 0
50 -> 0
51 -> 0
52 -> 0
53 -> 0
54 -> 0
55 -> 0
56 -> 0
57 -> 0
58 -> 0
59 -> 0
60 -> 0
61 -> 0
62 -> 0
63 -> 0
64 -> 0
65 -> 0
66 -> 0
67 -> 0
68 -> 0
69 -> 0
70 -> 0
71 -> 0
72 -> 0
73 -> 0
74 -> 0
75 -> 0
76 -> 0
77 -> 0
78 -> 0
79 -> 0
80 -> 0
81 -> 0
82 -> 0
83 -> 0
84 -> 0
85 -> 0
86 -> 0
87 -> 0
88 -> 0
89 -> 0
90 -> 0
91 -> 0
92 -> 0
93 -> 0
94 -> 0
95 -> 0
96 -> 0
97 -> 0
98 -> 0
99 -> 0
100 -> 0
101 -> 0
102 -> 0
103 -> 0
104 -> 0
105 -> 0
106 -> 0
107 -> 0
108 -> 0
109 -> 0
110 -> 0
111 -> 0
112 -> 0
113 -> 0
114 -> 0
115 -> 0
116 -> 0
117 -> 0
118 -> 0
119 -> 0
120 -> 0
121 -> 0
122 -> 0
123 -> 0
124 -> 0
125 -> 0
126 -> 0
127 -> 0
128 -> 0
	----------------------
Offset switch to: 39	With score: 1
Offset switch to: 1	With score: 1
Instructions Retired: 2600000 Cycle: 1272050 Hearbeat IPC: 1.846074 Cumulative IPC: 2.043945
Cycle: 1272050	Best offset: 1	Score: 0	Hit Rate: 0.165651
	---- Offset table ----
Offset -> Score
1 -> 0
2 -> 0
3 -> 0
4 -> 0
5 -> 0
6 -> 0
7 -> 0
8 -> 0
9 -> 0
10 -> 0
11 -> 0
12 -> 0
13 -> 0
14 -> 0
15 -> 0
16 -> 0
17 -> 0
18 -> 0
19 -> 0
20 -> 0
21 -> 0
22 -> 0
23 -> 0
24 -> 0
25 -> 0
26 -> 0
27 -> 0
28 -> 0
29 -> 0
30 -> 0
31 -> 0
32 -> 0
33 -> 0
34 -> 0
35 -> 0
36 -> 0
37 -> 0
38 -> 0
39 -> 0
40 -> 0
41 -> 0
42 -> 0
43 -> 0
44 -> 0
45 -> 0
46 -> 0
47 -> 0
48 -> 0
49 -> 0
50 -> 0
51 -> 0
52 -> 0
53 -> 0
54 -> 0
55 -> 0
56 -> 0
57 -> 0
58 -> 0
59 -> 0
60 -> 0
61 -> 0
62 -> 0
63 -> 0
64 -> 0
65 -> 0
66 -> 0
67 -> 0
68 -> 0
69 -> 0
70 -> 0
71 -> 0
72 -> 0
73 -> 0
74 -> 0
75 -> 0
76 -> 0
77 -> 0
78 -> 0
79 -> 0
80 -> 0
81 -> 0
82 -> 0
83 -> 0
84 -> 0
85 -> 0
86 -> 0
87 -> 0
88 -> 0
89 -> 0
90 -> 0
91 -> 0
92 -> 0
93 -> 0
94 -> 0
95 -> 0
96 -> 0
97 -> 0
98 -> 0
99 -> 0
100 -> 0
101 -> 0
102 -> 0
103 -> 0
104 -> 0
105 -> 0
106 -> 0
107 -> 0
108 -> 0
109 -> 0
110 -> 0
111 -> 0
112 -> 0
113 -> 0
114 -> 0
115 -> 0
116 -> 0
117 -> 0
118 -> 0
119 -> 0
120 -> 0
121 -> 0
122 -> 0
123 -> 0
124 -> 0
125 -> 0
126 -> 0
127 -> 0
128 -> 0
	----------------------
Offset switch to: 99	With score: 1
Offset switch to: 15	With score: 1
Offset switch to: 123	With score: 1
Offset switch to: 23	With score: 1
Offset switch to: 16	With score: 1
Offset switch to: 86	With score: 1
Offset switch to: 67	With score: 1
Offset switch to: 8	With score: 1
Offset switch to: 28	With score: 1
Offset switch to: 13	With score: 1
Offset switch to: 57	With score: 1
Instructions Retired: 2700003 Cycle: 1423478 Hearbeat IPC: 0.660400 Cumulative IPC: 1.896765
Cycle: 1423478	Best offset: 57	Score: 0	Hit Rate: 0.137712
	---- Offset table ----
Offset -> Score
1 -> 0
2 -> 0
3 -> 0
4 -> 0
5 -> 0
6 -> 0
7 -> 0
8 -> 0
9 -> 0
10 -> 0
11 -> 0
12 -> 0
13 -> 0
14 -> 0
15 -> 0
16 -> 0
17 -> 0
18 -> 0
19 -> 0
20 -> 0
21 -> 0
22 -> 0
23 -> 0
24 -> 0
25 -> 0
26 -> 0
27 -> 0
28 -> 0
29 -> 0
30 -> 0
31 -> 0
32 -> 0
33 -> 0
34 -> 0
35 -> 0
36 -> 0
37 -> 0
38 -> 0
39 -> 0
40 -> 0
41 -> 0
42 -> 0
43 -> 0
44 -> 0
45 -> 0
46 -> 0
47 -> 0
48 -> 0
49 -> 0
50 -> 0
51 -> 0
52 -> 0
53 -> 0
54 -> 0
55 -> 0
56 -> 0
57 -> 0
58 -> 0
59 -> 0
60 -> 0
61 -> 0
62 -> 0
63 -> 0
64 -> 0
65 -> 0
66 -> 0
67 -> 0
68 -> 0
69 -> 0
70 -> 0
71 -> 0
72 -> 0
73 -> 0
74 -> 0
75 -> 0
76 -> 0
77 -> 0
78 -> 0
79 -> 0
80 -> 0
81 -> 0
82 -> 0
83 -> 0
84 -> 0
85 -> 0
86 -> 0
87 -> 0
88 -> 0
89 -> 0
90 -> 0
91 -> 0
92 -> 0
93 -> 0
94 -> 0
95 -> 0
96 -> 0
97 -> 0
98 -> 0
99 -> 0
100 -> 0
101 -> 0
102 -> 0
103 -> 0
104 -> 0
105 -> 0
106 -> 0
107 -> 0
108 -> 0
109 -> 0
110 -> 0
111 -> 0
112 -> 0
113 -> 0
114 -> 0
115 -> 0
116 -> 0
117 -> 0
118 -> 0
119 -> 0
120 -> 0
121 -> 0
122 -> 0
123 -> 0
124 -> 0
125 -> 0
126 -> 0
127 -> 0
128 -> 0
	----------------------
Instructions Retired: 2800002 Cycle: 1455775 Hearbeat IPC: 3.096232 Cumulative IPC: 1.923375
Cycle: 1455775	Best offset: 57	Score: 0	Hit Rate: 0.138295
	---- Offset table ----
Offset -> Score
1 -> 0
2 -> 0
3 -> 0
4 -> 0
5 -> 0
6 -> 0
7 -> 0
8 -> 0
9 -> 0
10 -> 0
11 -> 0
12 -> 0
13 -> 0
14 -> 0
15 -> 0
16 -> 0
17 -> 0
18 -> 0
19 -> 0
20 -> 0
21 -> 0
22 -> 0
23 -> 0
24 -> 0
25 -> 0
26 -> 0
27 -> 0
28 -> 0
29 -> 0
30 -> 0
31 -> 0
32 -> 0
33 -> 0
34 -> 0
35 -> 0
36 -> 0
37 -> 0
38 -> 0
39 -> 0
40 -> 0
41 -> 0
42 -> 0
43 -> 0
44 -> 0
45 -> 0
46 -> 0
47 -> 0
48 -> 0
49 -> 0
50 -> 0
51 -> 0
52 -> 0
53 -> 0
54 -> 0
55 -> 0
56 -> 0
57 -> 0
58 -> 0
59 -> 0
60 -> 0
61 -> 0
62 -> 0
63 -> 0
64 -> 0
65 -> 0
66 -> 0
67 -> 0
68 -> 0
69 -> 0
70 -> 0
71 -> 0
72 -> 0
73 -> 0
74 -> 0
75 -> 0
76 -> 0
77 -> 0
78 -> 0
79 -> 0
80 -> 0
81 -> 0
82 -> 0
83 -> 0
84 -> 0
85 -> 0
86 -> 0
87 -> 0
88 -> 0
89 -> 0
90 -> 0
91 -> 0
92 -> 0
93 -> 0
94 -> 0
95 -> 0
96 -> 0
97 -> 0
98 -> 0
99 -> 0
100 -> 0
101 -> 0
102 -> 0
103 -> 0
104 -> 0
105 -> 0
106 -> 0
107 -> 0
108 -> 0
109 -> 0
110 -> 0
111 -> 0
112 -> 0
113 -> 0
114 -> 0
115 -> 0
116 -> 0
117 -> 0
118 -> 0
119 -> 0
120 -> 0
121 -> 0
122 -> 0
123 -> 0
124 -> 0
125 -> 0
126 -> 0
127 -> 0
128 -> 0
	----------------------
Instructions Retired: 2900004 Cycle: 1492460 Hearbeat IPC: 2.725964 Cumulative IPC: 1.943103
Cycle: 1492460	Best offset: 57	Score: 0	Hit Rate: 0.148966
	---- Offset table ----
Offset -> Score
1 -> 0
2 -> 0
3 -> 0
4 -> 0
5 -> 0
6 -> 0
7 -> 0
8 -> 0
9 -> 0
10 -> 0
11 -> 0
12 -> 0
13 -> 0
14 -> 0
15 -> 0
16 -> 0
17 -> 0
18 -> 0
19 -> 0
20 -> 0
21 -> 0
22 -> 0
23 -> 0
24 -> 0
25 -> 0
26 -> 0
27 -> 0
28 -> 0
29 -> 0
30 -> 0
31 -> 0
32 -> 0
33 -> 0
34 -> 0
35 -> 0
36 -> 0
37 -> 0
38 -> 0
39 -> 0
40 -> 0
41 -> 0
42 -> 0
43 -> 0
44 -> 0
45 -> 0
46 -> 0
47 -> 0
48 -> 0
49 -> 0
50 -> 0
51 -> 0
52 -> 0
53 -> 0
54 -> 0
55 -> 0
56 -> 0
57 -> 0
58 -> 0
59 -> 0
60 -> 0
61 -> 0
62 -> 0
63 -> 0
64 -> 0
65 -> 0
66 -> 0
67 -> 0
68 -> 0
69 -> 0
70 -> 0
71 -> 0
72 -> 0
73 -> 0
74 -> 0
75 -> 0
76 -> 0
77 -> 0
78 -> 0
79 -> 0
80 -> 0
81 -> 0
82 -> 0
83 -> 0
84 -> 0
85 -> 0
86 -> 0
87 -> 0
88 -> 0
89 -> 0
90 -> 0
91 -> 0
92 -> 0
93 -> 0
94 -> 0
95 -> 0
96 -> 0
97 -> 0
98 -> 0
99 -> 0
100 -> 0
101 -> 0
102 -> 0
103 -> 0
104 -> 0
105 -> 0
106 -> 0
107 -> 0
108 -> 0
109 -> 0
110 -> 0
111 -> 0
112 -> 0
113 -> 0
114 -> 0
115 -> 0
116 -> 0
117 -> 0
118 -> 0
119 -> 0
120 -> 0
121 -> 0
122 -> 0
123 -> 0
124 -> 0
125 -> 0
126 -> 0
127 -> 0
128 -> 0
	----------------------
Instructions Retired: 3000000 Cycle: 1528459 Hearbeat IPC: 2.777744 Cumulative IPC: 1.962761
Cycle: 1528459	Best offset: 57	Score: 0	Hit Rate: 0.155702
	---- Offset table ----
Offset -> Score
1 -> 0
2 -> 0
3 -> 0
4 -> 0
5 -> 0
6 -> 0
7 -> 0
8 -> 0
9 -> 0
10 -> 0
11 -> 0
12 -> 0
13 -> 0
14 -> 0
15 -> 0
16 -> 0
17 -> 0
18 -> 0
19 -> 0
20 -> 0
21 -> 0
22 -> 0
23 -> 0
24 -> 0
25 -> 0
26 -> 0
27 -> 0
28 -> 0
29 -> 0
30 -> 0
31 -> 0
32 -> 0
33 -> 0
34 -> 0
35 -> 0
36 -> 0
37 -> 0
38 -> 0
39 -> 0
40 -> 0
41 -> 0
42 -> 0
43 -> 0
44 -> 0
45 -> 0
46 -> 0
47 -> 0
48 -> 0
49 -> 0
50 -> 0
51 -> 0
52 -> 0
53 -> 0
54 -> 0
55 -> 0
56 -> 0
57 -> 0
58 -> 0
59 -> 0
60 -> 0
61 -> 0
62 -> 0
63 -> 0
64 -> 0
65 -> 0
66 -> 0
67 -> 0
68 -> 0
69 -> 0
70 -> 0
71 -> 0
72 -> 0
73 -> 0
74 -> 0
75 -> 0
76 -> 0
77 -> 0
78 -> 0
79 -> 0
80 -> 0
81 -> 0
82 -> 0
83 -> 0
84 -> 0
85 -> 0
86 -> 0
87 -> 0
88 -> 0
89 -> 0
90 -> 0
91 -> 0
92 -> 0
93 -> 0
94 -> 0
95 -> 0
96 -> 0
97 -> 0
98 -> 0
99 -> 0
100 -> 0
101 -> 0
102 -> 0
103 -> 0
104 -> 0
105 -> 0
106 -> 0
107 -> 0
108 -> 0
109 -> 0
110 -> 0
111 -> 0
112 -> 0
113 -> 0
114 -> 0
115 -> 0
116 -> 0
117 -> 0
118 -> 0
119 -> 0
120 -> 0
121 -> 0
122 -> 0
123 -> 0
124 -> 0
125 -> 0
126 -> 0
127 -> 0
128 -> 0
	----------------------

Simulation complete. Instructions retired: 3099755 Cycles elapsed: 1560519 IPC: 1.986362

Prefetcher final stats
