
*** Data Prefetching Championship 2 Simulator ***

Warmup Instructions: 10000000
Simulation Instructions: 100000000
Scramble loads OFF
Using 1MB Last Level Cache
Using 12.8 GB/s DRAM bandwidth
Knobs visible from prefetcher: 0 0 0
Resetting history queue.
Resetting offset table
Setting initial offset to 1
Tag offset: 6
Ressetting hit rate
Offset switch to: 10	With score: 1
Offset switch to: 76	With score: 1
Offset switch to: 46	With score: 1
Offset switch to: 118	With score: 1
Offset switch to: 122	With score: 1
Offset switch to: 14	With score: 1
Offset switch to: 97	With score: 1
Offset switch to: 115	With score: 1
Offset switch to: 15	With score: 2
Offset switch to: 99	With score: 1
Offset switch to: 21	With score: 1
Offset switch to: 25	With score: 2
Offset switch to: 30	With score: 1
Offset switch to: 75	With score: 1
Offset switch to: 106	With score: 2
Offset switch to: 75	With score: 1
Offset switch to: 48	With score: 1
Offset switch to: 117	With score: 1
Offset switch to: 112	With score: 1
Offset switch to: 50	With score: 1
Offset switch to: 84	With score: 1
Instructions Retired: 100004 Cycle: 246485 Hearbeat IPC: 0.405720 Cumulative IPC: 0.405720
Cycle: 246485	Best offset: 84	Score: 0	Hit Rate: 0.456318
	---- Offset table ----
Offset -> Score
1 -> 0
2 -> 0
3 -> 0
4 -> 0
5 -> 0
6 -> 0
7 -> 0
8 -> 0
9 -> 0
10 -> 0
11 -> 0
12 -> 0
13 -> 0
14 -> 0
15 -> 0
16 -> 0
17 -> 0
18 -> 0
19 -> 0
20 -> 0
21 -> 0
22 -> 0
23 -> 0
24 -> 0
25 -> 0
26 -> 0
27 -> 0
28 -> 0
29 -> 0
30 -> 0
31 -> 0
32 -> 0
33 -> 0
34 -> 0
35 -> 0
36 -> 0
37 -> 0
38 -> 0
39 -> 0
40 -> 0
41 -> 0
42 -> 0
43 -> 0
44 -> 0
45 -> 0
46 -> 0
47 -> 0
48 -> 0
49 -> 0
50 -> 0
51 -> 0
52 -> 0
53 -> 0
54 -> 0
55 -> 0
56 -> 0
57 -> 0
58 -> 0
59 -> 0
60 -> 0
61 -> 0
62 -> 0
63 -> 0
64 -> 0
65 -> 0
66 -> 0
67 -> 0
68 -> 0
69 -> 0
70 -> 0
71 -> 0
72 -> 0
73 -> 0
74 -> 0
75 -> 0
76 -> 0
77 -> 0
78 -> 0
79 -> 0
80 -> 0
81 -> 0
82 -> 0
83 -> 0
84 -> 0
85 -> 0
86 -> 0
87 -> 0
88 -> 0
89 -> 0
90 -> 0
91 -> 0
92 -> 0
93 -> 0
94 -> 0
95 -> 0
96 -> 0
97 -> 0
98 -> 0
99 -> 0
100 -> 0
101 -> 0
102 -> 0
103 -> 0
104 -> 0
105 -> 0
106 -> 0
107 -> 0
108 -> 0
109 -> 0
110 -> 0
111 -> 0
112 -> 0
113 -> 0
114 -> 0
115 -> 0
116 -> 0
117 -> 0
118 -> 0
119 -> 0
120 -> 0
121 -> 0
122 -> 0
123 -> 0
124 -> 0
125 -> 0
126 -> 0
127 -> 0
128 -> 0
	----------------------
Offset switch to: 3	With score: 1
Instructions Retired: 200000 Cycle: 593252 Hearbeat IPC: 0.288367 Cumulative IPC: 0.337125
Cycle: 593252	Best offset: 3	Score: 0	Hit Rate: 0.416805
	---- Offset table ----
Offset -> Score
1 -> 0
2 -> 0
3 -> 0
4 -> 0
5 -> 0
6 -> 0
7 -> 0
8 -> 0
9 -> 0
10 -> 0
11 -> 0
12 -> 0
13 -> 0
14 -> 0
15 -> 0
16 -> 0
17 -> 0
18 -> 0
19 -> 0
20 -> 0
21 -> 0
22 -> 0
23 -> 0
24 -> 0
25 -> 0
26 -> 0
27 -> 0
28 -> 0
29 -> 0
30 -> 0
31 -> 0
32 -> 0
33 -> 0
34 -> 0
35 -> 0
36 -> 0
37 -> 0
38 -> 0
39 -> 0
40 -> 0
41 -> 0
42 -> 0
43 -> 0
44 -> 0
45 -> 0
46 -> 0
47 -> 0
48 -> 0
49 -> 0
50 -> 0
51 -> 0
52 -> 0
53 -> 0
54 -> 0
55 -> 0
56 -> 0
57 -> 0
58 -> 0
59 -> 0
60 -> 0
61 -> 0
62 -> 0
63 -> 0
64 -> 0
65 -> 0
66 -> 0
67 -> 0
68 -> 0
69 -> 0
70 -> 0
71 -> 0
72 -> 0
73 -> 0
74 -> 0
75 -> 0
76 -> 0
77 -> 0
78 -> 0
79 -> 0
80 -> 0
81 -> 0
82 -> 0
83 -> 0
84 -> 0
85 -> 0
86 -> 0
87 -> 0
88 -> 0
89 -> 0
90 -> 0
91 -> 0
92 -> 0
93 -> 0
94 -> 0
95 -> 0
96 -> 0
97 -> 0
98 -> 0
99 -> 0
100 -> 0
101 -> 0
102 -> 0
103 -> 0
104 -> 0
105 -> 0
106 -> 0
107 -> 0
108 -> 0
109 -> 0
110 -> 0
111 -> 0
112 -> 0
113 -> 0
114 -> 0
115 -> 0
116 -> 0
117 -> 0
118 -> 0
119 -> 0
120 -> 0
121 -> 0
122 -> 0
123 -> 0
124 -> 0
125 -> 0
126 -> 0
127 -> 0
128 -> 0
	----------------------
Offset switch to: 45	With score: 1
Offset switch to: 56	With score: 1
Instructions Retired: 300001 Cycle: 935392 Hearbeat IPC: 0.292281 Cumulative IPC: 0.320722
Cycle: 935392	Best offset: 56	Score: 0	Hit Rate: 0.389932
	---- Offset table ----
Offset -> Score
1 -> 0
2 -> 0
3 -> 0
4 -> 0
5 -> 0
6 -> 0
7 -> 0
8 -> 0
9 -> 0
10 -> 0
11 -> 0
12 -> 0
13 -> 0
14 -> 0
15 -> 0
16 -> 0
17 -> 0
18 -> 0
19 -> 0
20 -> 0
21 -> 0
22 -> 0
23 -> 0
24 -> 0
25 -> 0
26 -> 0
27 -> 0
28 -> 0
29 -> 0
30 -> 0
31 -> 0
32 -> 0
33 -> 0
34 -> 0
35 -> 0
36 -> 0
37 -> 0
38 -> 0
39 -> 0
40 -> 0
41 -> 0
42 -> 0
43 -> 0
44 -> 0
45 -> 0
46 -> 0
47 -> 0
48 -> 0
49 -> 0
50 -> 0
51 -> 0
52 -> 0
53 -> 0
54 -> 0
55 -> 0
56 -> 0
57 -> 0
58 -> 0
59 -> 0
60 -> 0
61 -> 0
62 -> 0
63 -> 0
64 -> 0
65 -> 0
66 -> 0
67 -> 0
68 -> 0
69 -> 0
70 -> 0
71 -> 0
72 -> 0
73 -> 0
74 -> 0
75 -> 0
76 -> 0
77 -> 0
78 -> 0
79 -> 0
80 -> 0
81 -> 0
82 -> 0
83 -> 0
84 -> 0
85 -> 0
86 -> 0
87 -> 0
88 -> 0
89 -> 0
90 -> 0
91 -> 0
92 -> 0
93 -> 0
94 -> 0
95 -> 0
96 -> 0
97 -> 0
98 -> 0
99 -> 0
100 -> 0
101 -> 0
102 -> 0
103 -> 0
104 -> 0
105 -> 0
106 -> 0
107 -> 0
108 -> 0
109 -> 0
110 -> 0
111 -> 0
112 -> 0
113 -> 0
114 -> 0
115 -> 0
116 -> 0
117 -> 0
118 -> 0
119 -> 0
120 -> 0
121 -> 0
122 -> 0
123 -> 0
124 -> 0
125 -> 0
126 -> 0
127 -> 0
128 -> 0
	----------------------
Offset switch to: 123	With score: 1
Offset switch to: 42	With score: 1
Offset switch to: 28	With score: 1
Instructions Retired: 400002 Cycle: 1128080 Hearbeat IPC: 0.518979 Cumulative IPC: 0.354587
Cycle: 1128080	Best offset: 28	Score: 0	Hit Rate: 0.400152
	---- Offset table ----
Offset -> Score
1 -> 0
2 -> 0
3 -> 0
4 -> 0
5 -> 0
6 -> 0
7 -> 0
8 -> 0
9 -> 0
10 -> 0
11 -> 0
12 -> 0
13 -> 0
14 -> 0
15 -> 0
16 -> 0
17 -> 0
18 -> 0
19 -> 0
20 -> 0
21 -> 0
22 -> 0
23 -> 0
24 -> 0
25 -> 0
26 -> 0
27 -> 0
28 -> 0
29 -> 0
30 -> 0
31 -> 0
32 -> 0
33 -> 0
34 -> 0
35 -> 0
36 -> 0
37 -> 0
38 -> 0
39 -> 0
40 -> 0
41 -> 0
42 -> 0
43 -> 0
44 -> 0
45 -> 0
46 -> 0
47 -> 0
48 -> 0
49 -> 0
50 -> 0
51 -> 0
52 -> 0
53 -> 0
54 -> 0
55 -> 0
56 -> 0
57 -> 0
58 -> 0
59 -> 0
60 -> 0
61 -> 0
62 -> 0
63 -> 0
64 -> 0
65 -> 0
66 -> 0
67 -> 0
68 -> 0
69 -> 0
70 -> 0
71 -> 0
72 -> 0
73 -> 0
74 -> 0
75 -> 0
76 -> 0
77 -> 0
78 -> 0
79 -> 0
80 -> 0
81 -> 0
82 -> 0
83 -> 0
84 -> 0
85 -> 0
86 -> 0
87 -> 0
88 -> 0
89 -> 0
90 -> 0
91 -> 0
92 -> 0
93 -> 0
94 -> 0
95 -> 0
96 -> 0
97 -> 0
98 -> 0
99 -> 0
100 -> 0
101 -> 0
102 -> 0
103 -> 0
104 -> 0
105 -> 0
106 -> 0
107 -> 0
108 -> 0
109 -> 0
110 -> 0
111 -> 0
112 -> 0
113 -> 0
114 -> 0
115 -> 0
116 -> 0
117 -> 0
118 -> 0
119 -> 0
120 -> 0
121 -> 0
122 -> 0
123 -> 0
124 -> 0
125 -> 0
126 -> 0
127 -> 0
128 -> 0
	----------------------
Offset switch to: 72	With score: 1
Instructions Retired: 500005 Cycle: 1480709 Hearbeat IPC: 0.283593 Cumulative IPC: 0.337679
Cycle: 1480709	Best offset: 72	Score: 0	Hit Rate: 0.337960
	---- Offset table ----
Offset -> Score
1 -> 0
2 -> 0
3 -> 0
4 -> 0
5 -> 0
6 -> 0
7 -> 0
8 -> 0
9 -> 0
10 -> 0
11 -> 0
12 -> 0
13 -> 0
14 -> 0
15 -> 0
16 -> 0
17 -> 0
18 -> 0
19 -> 0
20 -> 0
21 -> 0
22 -> 0
23 -> 0
24 -> 0
25 -> 0
26 -> 0
27 -> 0
28 -> 0
29 -> 0
30 -> 0
31 -> 0
32 -> 0
33 -> 0
34 -> 0
35 -> 0
36 -> 0
37 -> 0
38 -> 0
39 -> 0
40 -> 0
41 -> 0
42 -> 0
43 -> 0
44 -> 0
45 -> 0
46 -> 0
47 -> 0
48 -> 0
49 -> 0
50 -> 0
51 -> 0
52 -> 0
53 -> 0
54 -> 0
55 -> 0
56 -> 0
57 -> 0
58 -> 0
59 -> 0
60 -> 0
61 -> 0
62 -> 0
63 -> 0
64 -> 0
65 -> 0
66 -> 0
67 -> 0
68 -> 0
69 -> 0
70 -> 0
71 -> 0
72 -> 0
73 -> 0
74 -> 0
75 -> 0
76 -> 0
77 -> 0
78 -> 0
79 -> 0
80 -> 0
81 -> 0
82 -> 0
83 -> 0
84 -> 0
85 -> 0
86 -> 0
87 -> 0
88 -> 0
89 -> 0
90 -> 0
91 -> 0
92 -> 0
93 -> 0
94 -> 0
95 -> 0
96 -> 0
97 -> 0
98 -> 0
99 -> 0
100 -> 0
101 -> 0
102 -> 0
103 -> 0
104 -> 0
105 -> 0
106 -> 0
107 -> 0
108 -> 0
109 -> 0
110 -> 0
111 -> 0
112 -> 0
113 -> 0
114 -> 0
115 -> 0
116 -> 0
117 -> 0
118 -> 0
119 -> 0
120 -> 0
121 -> 0
122 -> 0
123 -> 0
124 -> 0
125 -> 0
126 -> 0
127 -> 0
128 -> 0
	----------------------
Instructions Retired: 600002 Cycle: 1752204 Hearbeat IPC: 0.368320 Cumulative IPC: 0.342427
Cycle: 1752204	Best offset: 72	Score: 0	Hit Rate: 0.299491
	---- Offset table ----
Offset -> Score
1 -> 0
2 -> 0
3 -> 0
4 -> 0
5 -> 0
6 -> 0
7 -> 0
8 -> 0
9 -> 0
10 -> 0
11 -> 0
12 -> 0
13 -> 0
14 -> 0
15 -> 0
16 -> 0
17 -> 0
18 -> 0
19 -> 0
20 -> 0
21 -> 0
22 -> 0
23 -> 0
24 -> 0
25 -> 0
26 -> 0
27 -> 0
28 -> 0
29 -> 0
30 -> 0
31 -> 0
32 -> 0
33 -> 0
34 -> 0
35 -> 0
36 -> 0
37 -> 0
38 -> 0
39 -> 0
40 -> 0
41 -> 0
42 -> 0
43 -> 0
44 -> 0
45 -> 0
46 -> 0
47 -> 0
48 -> 0
49 -> 0
50 -> 0
51 -> 0
52 -> 0
53 -> 0
54 -> 0
55 -> 0
56 -> 0
57 -> 0
58 -> 0
59 -> 0
60 -> 0
61 -> 0
62 -> 0
63 -> 0
64 -> 0
65 -> 0
66 -> 0
67 -> 0
68 -> 0
69 -> 0
70 -> 0
71 -> 0
72 -> 0
73 -> 0
74 -> 0
75 -> 0
76 -> 0
77 -> 0
78 -> 0
79 -> 0
80 -> 0
81 -> 0
82 -> 0
83 -> 0
84 -> 0
85 -> 0
86 -> 0
87 -> 0
88 -> 0
89 -> 0
90 -> 0
91 -> 0
92 -> 0
93 -> 0
94 -> 0
95 -> 0
96 -> 0
97 -> 0
98 -> 0
99 -> 0
100 -> 0
101 -> 0
102 -> 0
103 -> 0
104 -> 0
105 -> 0
106 -> 0
107 -> 0
108 -> 0
109 -> 0
110 -> 0
111 -> 0
112 -> 0
113 -> 0
114 -> 0
115 -> 0
116 -> 0
117 -> 0
118 -> 0
119 -> 0
120 -> 0
121 -> 0
122 -> 0
123 -> 0
124 -> 0
125 -> 0
126 -> 0
127 -> 0
128 -> 0
	----------------------
Offset switch to: 32	With score: 1
Offset switch to: 1	With score: 1
Offset switch to: 44	With score: 1
Offset switch to: 100	With score: 1
Offset switch to: 46	With score: 1
Instructions Retired: 700005 Cycle: 1997289 Hearbeat IPC: 0.408034 Cumulative IPC: 0.350478
Cycle: 1997289	Best offset: 46	Score: 0	Hit Rate: 0.285939
	---- Offset table ----
Offset -> Score
1 -> 0
2 -> 0
3 -> 0
4 -> 0
5 -> 0
6 -> 0
7 -> 0
8 -> 0
9 -> 0
10 -> 0
11 -> 0
12 -> 0
13 -> 0
14 -> 0
15 -> 0
16 -> 0
17 -> 0
18 -> 0
19 -> 0
20 -> 0
21 -> 0
22 -> 0
23 -> 0
24 -> 0
25 -> 0
26 -> 0
27 -> 0
28 -> 0
29 -> 0
30 -> 0
31 -> 0
32 -> 0
33 -> 0
34 -> 0
35 -> 0
36 -> 0
37 -> 0
38 -> 0
39 -> 0
40 -> 0
41 -> 0
42 -> 0
43 -> 0
44 -> 0
45 -> 0
46 -> 0
47 -> 0
48 -> 0
49 -> 0
50 -> 0
51 -> 0
52 -> 0
53 -> 0
54 -> 0
55 -> 0
56 -> 0
57 -> 0
58 -> 0
59 -> 0
60 -> 0
61 -> 0
62 -> 0
63 -> 0
64 -> 0
65 -> 0
66 -> 0
67 -> 0
68 -> 0
69 -> 0
70 -> 0
71 -> 0
72 -> 0
73 -> 0
74 -> 0
75 -> 0
76 -> 0
77 -> 0
78 -> 0
79 -> 0
80 -> 0
81 -> 0
82 -> 0
83 -> 0
84 -> 0
85 -> 0
86 -> 0
87 -> 0
88 -> 0
89 -> 0
90 -> 0
91 -> 0
92 -> 0
93 -> 0
94 -> 0
95 -> 0
96 -> 0
97 -> 0
98 -> 0
99 -> 0
100 -> 0
101 -> 0
102 -> 0
103 -> 0
104 -> 0
105 -> 0
106 -> 0
107 -> 0
108 -> 0
109 -> 0
110 -> 0
111 -> 0
112 -> 0
113 -> 0
114 -> 0
115 -> 0
116 -> 0
117 -> 0
118 -> 0
119 -> 0
120 -> 0
121 -> 0
122 -> 0
123 -> 0
124 -> 0
125 -> 0
126 -> 0
127 -> 0
128 -> 0
	----------------------
Instructions Retired: 800003 Cycle: 2251709 Hearbeat IPC: 0.393043 Cumulative IPC: 0.355287
Cycle: 2251709	Best offset: 46	Score: 0	Hit Rate: 0.276513
	---- Offset table ----
Offset -> Score
1 -> 0
2 -> 0
3 -> 0
4 -> 0
5 -> 0
6 -> 0
7 -> 0
8 -> 0
9 -> 0
10 -> 0
11 -> 0
12 -> 0
13 -> 0
14 -> 0
15 -> 0
16 -> 0
17 -> 0
18 -> 0
19 -> 0
20 -> 0
21 -> 0
22 -> 0
23 -> 0
24 -> 0
25 -> 0
26 -> 0
27 -> 0
28 -> 0
29 -> 0
30 -> 0
31 -> 0
32 -> 0
33 -> 0
34 -> 0
35 -> 0
36 -> 0
37 -> 0
38 -> 0
39 -> 0
40 -> 0
41 -> 0
42 -> 0
43 -> 0
44 -> 0
45 -> 0
46 -> 0
47 -> 0
48 -> 0
49 -> 0
50 -> 0
51 -> 0
52 -> 0
53 -> 0
54 -> 0
55 -> 0
56 -> 0
57 -> 0
58 -> 0
59 -> 0
60 -> 0
61 -> 0
62 -> 0
63 -> 0
64 -> 0
65 -> 0
66 -> 0
67 -> 0
68 -> 0
69 -> 0
70 -> 0
71 -> 0
72 -> 0
73 -> 0
74 -> 0
75 -> 0
76 -> 0
77 -> 0
78 -> 0
79 -> 0
80 -> 0
81 -> 0
82 -> 0
83 -> 0
84 -> 0
85 -> 0
86 -> 0
87 -> 0
88 -> 0
89 -> 0
90 -> 0
91 -> 0
92 -> 0
93 -> 0
94 -> 0
95 -> 0
96 -> 0
97 -> 0
98 -> 0
99 -> 0
100 -> 0
101 -> 0
102 -> 0
103 -> 0
104 -> 0
105 -> 0
106 -> 0
107 -> 0
108 -> 0
109 -> 0
110 -> 0
111 -> 0
112 -> 0
113 -> 0
114 -> 0
115 -> 0
116 -> 0
117 -> 0
118 -> 0
119 -> 0
120 -> 0
121 -> 0
122 -> 0
123 -> 0
124 -> 0
125 -> 0
126 -> 0
127 -> 0
128 -> 0
	----------------------
Offset switch to: 4	With score: 1
Offset switch to: 54	With score: 1
Offset switch to: 72	With score: 1
Offset switch to: 89	With score: 1
Offset switch to: 30	With score: 1
Offset switch to: 50	With score: 1
Offset switch to: 17	With score: 1
Offset switch to: 39	With score: 1
Instructions Retired: 900002 Cycle: 2573370 Hearbeat IPC: 0.310883 Cumulative IPC: 0.349737
Cycle: 2573370	Best offset: 39	Score: 0	Hit Rate: 0.265716
	---- Offset table ----
Offset -> Score
1 -> 0
2 -> 0
3 -> 0
4 -> 0
5 -> 0
6 -> 0
7 -> 0
8 -> 0
9 -> 0
10 -> 0
11 -> 0
12 -> 0
13 -> 0
14 -> 0
15 -> 0
16 -> 0
17 -> 0
18 -> 0
19 -> 0
20 -> 0
21 -> 0
22 -> 0
23 -> 0
24 -> 0
25 -> 0
26 -> 0
27 -> 0
28 -> 0
29 -> 0
30 -> 0
31 -> 0
32 -> 0
33 -> 0
34 -> 0
35 -> 0
36 -> 0
37 -> 0
38 -> 0
39 -> 0
40 -> 0
41 -> 0
42 -> 0
43 -> 0
44 -> 0
45 -> 0
46 -> 0
47 -> 0
48 -> 0
49 -> 0
50 -> 0
51 -> 0
52 -> 0
53 -> 0
54 -> 0
55 -> 0
56 -> 0
57 -> 0
58 -> 0
59 -> 0
60 -> 0
61 -> 0
62 -> 0
63 -> 0
64 -> 0
65 -> 0
66 -> 0
67 -> 0
68 -> 0
69 -> 0
70 -> 0
71 -> 0
72 -> 0
73 -> 0
74 -> 0
75 -> 0
76 -> 0
77 -> 0
78 -> 0
79 -> 0
80 -> 0
81 -> 0
82 -> 0
83 -> 0
84 -> 0
85 -> 0
86 -> 0
87 -> 0
88 -> 0
89 -> 0
90 -> 0
91 -> 0
92 -> 0
93 -> 0
94 -> 0
95 -> 0
96 -> 0
97 -> 0
98 -> 0
99 -> 0
100 -> 0
101 -> 0
102 -> 0
103 -> 0
104 -> 0
105 -> 0
106 -> 0
107 -> 0
108 -> 0
109 -> 0
110 -> 0
111 -> 0
112 -> 0
113 -> 0
114 -> 0
115 -> 0
116 -> 0
117 -> 0
118 -> 0
119 -> 0
120 -> 0
121 -> 0
122 -> 0
123 -> 0
124 -> 0
125 -> 0
126 -> 0
127 -> 0
128 -> 0
	----------------------
Offset switch to: 8	With score: 1
Offset switch to: 30	With score: 1
Offset switch to: 39	With score: 1
Offset switch to: 61	With score: 1
Instructions Retired: 1000005 Cycle: 2931139 Hearbeat IPC: 0.279518 Cumulative IPC: 0.341166
Cycle: 2931139	Best offset: 61	Score: 0	Hit Rate: 0.250144
	---- Offset table ----
Offset -> Score
1 -> 0
2 -> 0
3 -> 0
4 -> 0
5 -> 0
6 -> 0
7 -> 0
8 -> 0
9 -> 0
10 -> 0
11 -> 0
12 -> 0
13 -> 0
14 -> 0
15 -> 0
16 -> 0
17 -> 0
18 -> 0
19 -> 0
20 -> 0
21 -> 0
22 -> 0
23 -> 0
24 -> 0
25 -> 0
26 -> 0
27 -> 0
28 -> 0
29 -> 0
30 -> 0
31 -> 0
32 -> 0
33 -> 0
34 -> 0
35 -> 0
36 -> 0
37 -> 0
38 -> 0
39 -> 0
40 -> 0
41 -> 0
42 -> 0
43 -> 0
44 -> 0
45 -> 0
46 -> 0
47 -> 0
48 -> 0
49 -> 0
50 -> 0
51 -> 0
52 -> 0
53 -> 0
54 -> 0
55 -> 0
56 -> 0
57 -> 0
58 -> 0
59 -> 0
60 -> 0
61 -> 0
62 -> 0
63 -> 0
64 -> 0
65 -> 0
66 -> 0
67 -> 0
68 -> 0
69 -> 0
70 -> 0
71 -> 0
72 -> 0
73 -> 0
74 -> 0
75 -> 0
76 -> 0
77 -> 0
78 -> 0
79 -> 0
80 -> 0
81 -> 0
82 -> 0
83 -> 0
84 -> 0
85 -> 0
86 -> 0
87 -> 0
88 -> 0
89 -> 0
90 -> 0
91 -> 0
92 -> 0
93 -> 0
94 -> 0
95 -> 0
96 -> 0
97 -> 0
98 -> 0
99 -> 0
100 -> 0
101 -> 0
102 -> 0
103 -> 0
104 -> 0
105 -> 0
106 -> 0
107 -> 0
108 -> 0
109 -> 0
110 -> 0
111 -> 0
112 -> 0
113 -> 0
114 -> 0
115 -> 0
116 -> 0
117 -> 0
118 -> 0
119 -> 0
120 -> 0
121 -> 0
122 -> 0
123 -> 0
124 -> 0
125 -> 0
126 -> 0
127 -> 0
128 -> 0
	----------------------
Offset switch to: 22	With score: 1
Offset switch to: 66	With score: 1
Offset switch to: 46	With score: 1
Offset switch to: 3	With score: 1
Offset switch to: 27	With score: 1
Instructions Retired: 1100000 Cycle: 3608608 Hearbeat IPC: 0.147601 Cumulative IPC: 0.304827
Cycle: 3608608	Best offset: 27	Score: 0	Hit Rate: 0.217405
	---- Offset table ----
Offset -> Score
1 -> 0
2 -> 0
3 -> 0
4 -> 0
5 -> 0
6 -> 0
7 -> 0
8 -> 0
9 -> 0
10 -> 0
11 -> 0
12 -> 0
13 -> 0
14 -> 0
15 -> 0
16 -> 0
17 -> 0
18 -> 0
19 -> 0
20 -> 0
21 -> 0
22 -> 0
23 -> 0
24 -> 0
25 -> 0
26 -> 0
27 -> 0
28 -> 0
29 -> 0
30 -> 0
31 -> 0
32 -> 0
33 -> 0
34 -> 0
35 -> 0
36 -> 0
37 -> 0
38 -> 0
39 -> 0
40 -> 0
41 -> 0
42 -> 0
43 -> 0
44 -> 0
45 -> 0
46 -> 0
47 -> 0
48 -> 0
49 -> 0
50 -> 0
51 -> 0
52 -> 0
53 -> 0
54 -> 0
55 -> 0
56 -> 0
57 -> 0
58 -> 0
59 -> 0
60 -> 0
61 -> 0
62 -> 0
63 -> 0
64 -> 0
65 -> 0
66 -> 0
67 -> 0
68 -> 0
69 -> 0
70 -> 0
71 -> 0
72 -> 0
73 -> 0
74 -> 0
75 -> 0
76 -> 0
77 -> 0
78 -> 0
79 -> 0
80 -> 0
81 -> 0
82 -> 0
83 -> 0
84 -> 0
85 -> 0
86 -> 0
87 -> 0
88 -> 0
89 -> 0
90 -> 0
91 -> 0
92 -> 0
93 -> 0
94 -> 0
95 -> 0
96 -> 0
97 -> 0
98 -> 0
99 -> 0
100 -> 0
101 -> 0
102 -> 0
103 -> 0
104 -> 0
105 -> 0
106 -> 0
107 -> 0
108 -> 0
109 -> 0
110 -> 0
111 -> 0
112 -> 0
113 -> 0
114 -> 0
115 -> 0
116 -> 0
117 -> 0
118 -> 0
119 -> 0
120 -> 0
121 -> 0
122 -> 0
123 -> 0
124 -> 0
125 -> 0
126 -> 0
127 -> 0
128 -> 0
	----------------------
Offset switch to: 7	With score: 1
Offset switch to: 69	With score: 1
Offset switch to: 110	With score: 1
Offset switch to: 55	With score: 1
Offset switch to: 20	With score: 1
Offset switch to: 15	With score: 1
Offset switch to: 109	With score: 1
Offset switch to: 123	With score: 1
Offset switch to: 4	With score: 1
Offset switch to: 9	With score: 1
Offset switch to: 126	With score: 1
Offset switch to: 11	With score: 1
Offset switch to: 25	With score: 1
Offset switch to: 124	With score: 1
Offset switch to: 108	With score: 1
Offset switch to: 57	With score: 1
Offset switch to: 62	With score: 1
Instructions Retired: 1200000 Cycle: 4444803 Hearbeat IPC: 0.119589 Cumulative IPC: 0.269978
Cycle: 4444803	Best offset: 62	Score: 0	Hit Rate: 0.193153
	---- Offset table ----
Offset -> Score
1 -> 0
2 -> 0
3 -> 0
4 -> 0
5 -> 0
6 -> 0
7 -> 0
8 -> 0
9 -> 0
10 -> 0
11 -> 0
12 -> 0
13 -> 0
14 -> 0
15 -> 0
16 -> 0
17 -> 0
18 -> 0
19 -> 0
20 -> 0
21 -> 0
22 -> 0
23 -> 0
24 -> 0
25 -> 0
26 -> 0
27 -> 0
28 -> 0
29 -> 0
30 -> 0
31 -> 0
32 -> 0
33 -> 0
34 -> 0
35 -> 0
36 -> 0
37 -> 0
38 -> 0
39 -> 0
40 -> 0
41 -> 0
42 -> 0
43 -> 0
44 -> 0
45 -> 0
46 -> 0
47 -> 0
48 -> 0
49 -> 0
50 -> 0
51 -> 0
52 -> 0
53 -> 0
54 -> 0
55 -> 0
56 -> 0
57 -> 0
58 -> 0
59 -> 0
60 -> 0
61 -> 0
62 -> 0
63 -> 0
64 -> 0
65 -> 0
66 -> 0
67 -> 0
68 -> 0
69 -> 0
70 -> 0
71 -> 0
72 -> 0
73 -> 0
74 -> 0
75 -> 0
76 -> 0
77 -> 0
78 -> 0
79 -> 0
80 -> 0
81 -> 0
82 -> 0
83 -> 0
84 -> 0
85 -> 0
86 -> 0
87 -> 0
88 -> 0
89 -> 0
90 -> 0
91 -> 0
92 -> 0
93 -> 0
94 -> 0
95 -> 0
96 -> 0
97 -> 0
98 -> 0
99 -> 0
100 -> 0
101 -> 0
102 -> 0
103 -> 0
104 -> 0
105 -> 0
106 -> 0
107 -> 0
108 -> 0
109 -> 0
110 -> 0
111 -> 0
112 -> 0
113 -> 0
114 -> 0
115 -> 0
116 -> 0
117 -> 0
118 -> 0
119 -> 0
120 -> 0
121 -> 0
122 -> 0
123 -> 0
124 -> 0
125 -> 0
126 -> 0
127 -> 0
128 -> 0
	----------------------
Offset switch to: 71	With score: 1
Offset switch to: 37	With score: 1
Offset switch to: 93	With score: 1
Offset switch to: 20	With score: 1
Offset switch to: 19	With score: 1
Offset switch to: 106	With score: 1
Offset switch to: 41	With score: 1
Offset switch to: 31	With score: 1
Offset switch to: 101	With score: 1
Offset switch to: 93	With score: 1
Offset switch to: 116	With score: 1
Offset switch to: 12	With score: 1
Offset switch to: 34	With score: 1
Offset switch to: 13	With score: 1
Instructions Retired: 1300005 Cycle: 5159103 Hearbeat IPC: 0.140004 Cumulative IPC: 0.251983
Cycle: 5159103	Best offset: 13	Score: 0	Hit Rate: 0.178648
	---- Offset table ----
Offset -> Score
1 -> 0
2 -> 0
3 -> 0
4 -> 0
5 -> 0
6 -> 0
7 -> 0
8 -> 0
9 -> 0
10 -> 0
11 -> 0
12 -> 0
13 -> 0
14 -> 0
15 -> 0
16 -> 0
17 -> 0
18 -> 0
19 -> 0
20 -> 0
21 -> 0
22 -> 0
23 -> 0
24 -> 0
25 -> 0
26 -> 0
27 -> 0
28 -> 0
29 -> 0
30 -> 0
31 -> 0
32 -> 0
33 -> 0
34 -> 0
35 -> 0
36 -> 0
37 -> 0
38 -> 0
39 -> 0
40 -> 0
41 -> 0
42 -> 0
43 -> 0
44 -> 0
45 -> 0
46 -> 0
47 -> 0
48 -> 0
49 -> 0
50 -> 0
51 -> 0
52 -> 0
53 -> 0
54 -> 0
55 -> 0
56 -> 0
57 -> 0
58 -> 0
59 -> 0
60 -> 0
61 -> 0
62 -> 0
63 -> 0
64 -> 0
65 -> 0
66 -> 0
67 -> 0
68 -> 0
69 -> 0
70 -> 0
71 -> 0
72 -> 0
73 -> 0
74 -> 0
75 -> 0
76 -> 0
77 -> 0
78 -> 0
79 -> 0
80 -> 0
81 -> 0
82 -> 0
83 -> 0
84 -> 0
85 -> 0
86 -> 0
87 -> 0
88 -> 0
89 -> 0
90 -> 0
91 -> 0
92 -> 0
93 -> 0
94 -> 0
95 -> 0
96 -> 0
97 -> 0
98 -> 0
99 -> 0
100 -> 0
101 -> 0
102 -> 0
103 -> 0
104 -> 0
105 -> 0
106 -> 0
107 -> 0
108 -> 0
109 -> 0
110 -> 0
111 -> 0
112 -> 0
113 -> 0
114 -> 0
115 -> 0
116 -> 0
117 -> 0
118 -> 0
119 -> 0
120 -> 0
121 -> 0
122 -> 0
123 -> 0
124 -> 0
125 -> 0
126 -> 0
127 -> 0
128 -> 0
	----------------------
Offset switch to: 73	With score: 1
Offset switch to: 54	With score: 1
Offset switch to: 54	With score: 1
Offset switch to: 69	With score: 1
Offset switch to: 15	With score: 1
Offset switch to: 44	With score: 1
Offset switch to: 35	With score: 1
Offset switch to: 23	With score: 1
Offset switch to: 108	With score: 1
Offset switch to: 45	With score: 1
Instructions Retired: 1400001 Cycle: 5583524 Hearbeat IPC: 0.235606 Cumulative IPC: 0.250738
Cycle: 5583524	Best offset: 45	Score: 0	Hit Rate: 0.174825
	---- Offset table ----
Offset -> Score
1 -> 0
2 -> 0
3 -> 0
4 -> 0
5 -> 0
6 -> 0
7 -> 0
8 -> 0
9 -> 0
10 -> 0
11 -> 0
12 -> 0
13 -> 0
14 -> 0
15 -> 0
16 -> 0
17 -> 0
18 -> 0
19 -> 0
20 -> 0
21 -> 0
22 -> 0
23 -> 0
24 -> 0
25 -> 0
26 -> 0
27 -> 0
28 -> 0
29 -> 0
30 -> 0
31 -> 0
32 -> 0
33 -> 0
34 -> 0
35 -> 0
36 -> 0
37 -> 0
38 -> 0
39 -> 0
40 -> 0
41 -> 0
42 -> 0
43 -> 0
44 -> 0
45 -> 0
46 -> 0
47 -> 0
48 -> 0
49 -> 0
50 -> 0
51 -> 0
52 -> 0
53 -> 0
54 -> 0
55 -> 0
56 -> 0
57 -> 0
58 -> 0
59 -> 0
60 -> 0
61 -> 0
62 -> 0
63 -> 0
64 -> 0
65 -> 0
66 -> 0
67 -> 0
68 -> 0
69 -> 0
70 -> 0
71 -> 0
72 -> 0
73 -> 0
74 -> 0
75 -> 0
76 -> 0
77 -> 0
78 -> 0
79 -> 0
80 -> 0
81 -> 0
82 -> 0
83 -> 0
84 -> 0
85 -> 0
86 -> 0
87 -> 0
88 -> 0
89 -> 0
90 -> 0
91 -> 0
92 -> 0
93 -> 0
94 -> 0
95 -> 0
96 -> 0
97 -> 0
98 -> 0
99 -> 0
100 -> 0
101 -> 0
102 -> 0
103 -> 0
104 -> 0
105 -> 0
106 -> 0
107 -> 0
108 -> 0
109 -> 0
110 -> 0
111 -> 0
112 -> 0
113 -> 0
114 -> 0
115 -> 0
116 -> 0
117 -> 0
118 -> 0
119 -> 0
120 -> 0
121 -> 0
122 -> 0
123 -> 0
124 -> 0
125 -> 0
126 -> 0
127 -> 0
128 -> 0
	----------------------
Instructions Retired: 1500001 Cycle: 5784215 Hearbeat IPC: 0.498278 Cumulative IPC: 0.259327
Cycle: 5784215	Best offset: 45	Score: 0	Hit Rate: 0.176140
	---- Offset table ----
Offset -> Score
1 -> 0
2 -> 0
3 -> 0
4 -> 0
5 -> 0
6 -> 0
7 -> 0
8 -> 0
9 -> 0
10 -> 0
11 -> 0
12 -> 0
13 -> 0
14 -> 0
15 -> 0
16 -> 0
17 -> 0
18 -> 0
19 -> 0
20 -> 0
21 -> 0
22 -> 0
23 -> 0
24 -> 0
25 -> 0
26 -> 0
27 -> 0
28 -> 0
29 -> 0
30 -> 0
31 -> 0
32 -> 0
33 -> 0
34 -> 0
35 -> 0
36 -> 0
37 -> 0
38 -> 0
39 -> 0
40 -> 0
41 -> 0
42 -> 0
43 -> 0
44 -> 0
45 -> 0
46 -> 0
47 -> 0
48 -> 0
49 -> 0
50 -> 0
51 -> 0
52 -> 0
53 -> 0
54 -> 0
55 -> 0
56 -> 0
57 -> 0
58 -> 0
59 -> 0
60 -> 0
61 -> 0
62 -> 0
63 -> 0
64 -> 0
65 -> 0
66 -> 0
67 -> 0
68 -> 0
69 -> 0
70 -> 0
71 -> 0
72 -> 0
73 -> 0
74 -> 0
75 -> 0
76 -> 0
77 -> 0
78 -> 0
79 -> 0
80 -> 0
81 -> 0
82 -> 0
83 -> 0
84 -> 0
85 -> 0
86 -> 0
87 -> 0
88 -> 0
89 -> 0
90 -> 0
91 -> 0
92 -> 0
93 -> 0
94 -> 0
95 -> 0
96 -> 0
97 -> 0
98 -> 0
99 -> 0
100 -> 0
101 -> 0
102 -> 0
103 -> 0
104 -> 0
105 -> 0
106 -> 0
107 -> 0
108 -> 0
109 -> 0
110 -> 0
111 -> 0
112 -> 0
113 -> 0
114 -> 0
115 -> 0
116 -> 0
117 -> 0
118 -> 0
119 -> 0
120 -> 0
121 -> 0
122 -> 0
123 -> 0
124 -> 0
125 -> 0
126 -> 0
127 -> 0
128 -> 0
	----------------------
Instructions Retired: 1600004 Cycle: 6018786 Hearbeat IPC: 0.426323 Cumulative IPC: 0.265835
Cycle: 6018786	Best offset: 45	Score: 0	Hit Rate: 0.177273
	---- Offset table ----
Offset -> Score
1 -> 0
2 -> 0
3 -> 0
4 -> 0
5 -> 0
6 -> 0
7 -> 0
8 -> 0
9 -> 0
10 -> 0
11 -> 0
12 -> 0
13 -> 0
14 -> 0
15 -> 0
16 -> 0
17 -> 0
18 -> 0
19 -> 0
20 -> 0
21 -> 0
22 -> 0
23 -> 0
24 -> 0
25 -> 0
26 -> 0
27 -> 0
28 -> 0
29 -> 0
30 -> 0
31 -> 0
32 -> 0
33 -> 0
34 -> 0
35 -> 0
36 -> 0
37 -> 0
38 -> 0
39 -> 0
40 -> 0
41 -> 0
42 -> 0
43 -> 0
44 -> 0
45 -> 0
46 -> 0
47 -> 0
48 -> 0
49 -> 0
50 -> 0
51 -> 0
52 -> 0
53 -> 0
54 -> 0
55 -> 0
56 -> 0
57 -> 0
58 -> 0
59 -> 0
60 -> 0
61 -> 0
62 -> 0
63 -> 0
64 -> 0
65 -> 0
66 -> 0
67 -> 0
68 -> 0
69 -> 0
70 -> 0
71 -> 0
72 -> 0
73 -> 0
74 -> 0
75 -> 0
76 -> 0
77 -> 0
78 -> 0
79 -> 0
80 -> 0
81 -> 0
82 -> 0
83 -> 0
84 -> 0
85 -> 0
86 -> 0
87 -> 0
88 -> 0
89 -> 0
90 -> 0
91 -> 0
92 -> 0
93 -> 0
94 -> 0
95 -> 0
96 -> 0
97 -> 0
98 -> 0
99 -> 0
100 -> 0
101 -> 0
102 -> 0
103 -> 0
104 -> 0
105 -> 0
106 -> 0
107 -> 0
108 -> 0
109 -> 0
110 -> 0
111 -> 0
112 -> 0
113 -> 0
114 -> 0
115 -> 0
116 -> 0
117 -> 0
118 -> 0
119 -> 0
120 -> 0
121 -> 0
122 -> 0
123 -> 0
124 -> 0
125 -> 0
126 -> 0
127 -> 0
128 -> 0
	----------------------
Offset switch to: 29	With score: 1
Offset switch to: 95	With score: 1
Offset switch to: 118	With score: 1
Offset switch to: 21	With score: 1
Offset switch to: 3	With score: 1
Instructions Retired: 1700000 Cycle: 6286661 Hearbeat IPC: 0.373294 Cumulative IPC: 0.270414
Cycle: 6286661	Best offset: 3	Score: 0	Hit Rate: 0.179893
	---- Offset table ----
Offset -> Score
1 -> 0
2 -> 0
3 -> 0
4 -> 0
5 -> 0
6 -> 0
7 -> 0
8 -> 0
9 -> 0
10 -> 0
11 -> 0
12 -> 0
13 -> 0
14 -> 0
15 -> 0
16 -> 0
17 -> 0
18 -> 0
19 -> 0
20 -> 0
21 -> 0
22 -> 0
23 -> 0
24 -> 0
25 -> 0
26 -> 0
27 -> 0
28 -> 0
29 -> 0
30 -> 0
31 -> 0
32 -> 0
33 -> 0
34 -> 0
35 -> 0
36 -> 0
37 -> 0
38 -> 0
39 -> 0
40 -> 0
41 -> 0
42 -> 0
43 -> 0
44 -> 0
45 -> 0
46 -> 0
47 -> 0
48 -> 0
49 -> 0
50 -> 0
51 -> 0
52 -> 0
53 -> 0
54 -> 0
55 -> 0
56 -> 0
57 -> 0
58 -> 0
59 -> 0
60 -> 0
61 -> 0
62 -> 0
63 -> 0
64 -> 0
65 -> 0
66 -> 0
67 -> 0
68 -> 0
69 -> 0
70 -> 0
71 -> 0
72 -> 0
73 -> 0
74 -> 0
75 -> 0
76 -> 0
77 -> 0
78 -> 0
79 -> 0
80 -> 0
81 -> 0
82 -> 0
83 -> 0
84 -> 0
85 -> 0
86 -> 0
87 -> 0
88 -> 0
89 -> 0
90 -> 0
91 -> 0
92 -> 0
93 -> 0
94 -> 0
95 -> 0
96 -> 0
97 -> 0
98 -> 0
99 -> 0
100 -> 0
101 -> 0
102 -> 0
103 -> 0
104 -> 0
105 -> 0
106 -> 0
107 -> 0
108 -> 0
109 -> 0
110 -> 0
111 -> 0
112 -> 0
113 -> 0
114 -> 0
115 -> 0
116 -> 0
117 -> 0
118 -> 0
119 -> 0
120 -> 0
121 -> 0
122 -> 0
123 -> 0
124 -> 0
125 -> 0
126 -> 0
127 -> 0
128 -> 0
	----------------------
Instructions Retired: 1800004 Cycle: 6513737 Hearbeat IPC: 0.440399 Cumulative IPC: 0.276340
Cycle: 6513737	Best offset: 3	Score: 0	Hit Rate: 0.183529
	---- Offset table ----
Offset -> Score
1 -> 0
2 -> 0
3 -> 0
4 -> 0
5 -> 0
6 -> 0
7 -> 0
8 -> 0
9 -> 0
10 -> 0
11 -> 0
12 -> 0
13 -> 0
14 -> 0
15 -> 0
16 -> 0
17 -> 0
18 -> 0
19 -> 0
20 -> 0
21 -> 0
22 -> 0
23 -> 0
24 -> 0
25 -> 0
26 -> 0
27 -> 0
28 -> 0
29 -> 0
30 -> 0
31 -> 0
32 -> 0
33 -> 0
34 -> 0
35 -> 0
36 -> 0
37 -> 0
38 -> 0
39 -> 0
40 -> 0
41 -> 0
42 -> 0
43 -> 0
44 -> 0
45 -> 0
46 -> 0
47 -> 0
48 -> 0
49 -> 0
50 -> 0
51 -> 0
52 -> 0
53 -> 0
54 -> 0
55 -> 0
56 -> 0
57 -> 0
58 -> 0
59 -> 0
60 -> 0
61 -> 0
62 -> 0
63 -> 0
64 -> 0
65 -> 0
66 -> 0
67 -> 0
68 -> 0
69 -> 0
70 -> 0
71 -> 0
72 -> 0
73 -> 0
74 -> 0
75 -> 0
76 -> 0
77 -> 0
78 -> 0
79 -> 0
80 -> 0
81 -> 0
82 -> 0
83 -> 0
84 -> 0
85 -> 0
86 -> 0
87 -> 0
88 -> 0
89 -> 0
90 -> 0
91 -> 0
92 -> 0
93 -> 0
94 -> 0
95 -> 0
96 -> 0
97 -> 0
98 -> 0
99 -> 0
100 -> 0
101 -> 0
102 -> 0
103 -> 0
104 -> 0
105 -> 0
106 -> 0
107 -> 0
108 -> 0
109 -> 0
110 -> 0
111 -> 0
112 -> 0
113 -> 0
114 -> 0
115 -> 0
116 -> 0
117 -> 0
118 -> 0
119 -> 0
120 -> 0
121 -> 0
122 -> 0
123 -> 0
124 -> 0
125 -> 0
126 -> 0
127 -> 0
128 -> 0
	----------------------
Offset switch to: 65	With score: 1
Offset switch to: 87	With score: 1
Instructions Retired: 1900001 Cycle: 6891734 Hearbeat IPC: 0.264544 Cumulative IPC: 0.275693
Cycle: 6891734	Best offset: 87	Score: 0	Hit Rate: 0.192510
	---- Offset table ----
Offset -> Score
1 -> 0
2 -> 0
3 -> 0
4 -> 0
5 -> 0
6 -> 0
7 -> 0
8 -> 0
9 -> 0
10 -> 0
11 -> 0
12 -> 0
13 -> 0
14 -> 0
15 -> 0
16 -> 0
17 -> 0
18 -> 0
19 -> 0
20 -> 0
21 -> 0
22 -> 0
23 -> 0
24 -> 0
25 -> 0
26 -> 0
27 -> 0
28 -> 0
29 -> 0
30 -> 0
31 -> 0
32 -> 0
33 -> 0
34 -> 0
35 -> 0
36 -> 0
37 -> 0
38 -> 0
39 -> 0
40 -> 0
41 -> 0
42 -> 0
43 -> 0
44 -> 0
45 -> 0
46 -> 0
47 -> 0
48 -> 0
49 -> 0
50 -> 0
51 -> 0
52 -> 0
53 -> 0
54 -> 0
55 -> 0
56 -> 0
57 -> 0
58 -> 0
59 -> 0
60 -> 0
61 -> 0
62 -> 0
63 -> 0
64 -> 0
65 -> 0
66 -> 0
67 -> 0
68 -> 0
69 -> 0
70 -> 0
71 -> 0
72 -> 0
73 -> 0
74 -> 0
75 -> 0
76 -> 0
77 -> 0
78 -> 0
79 -> 0
80 -> 0
81 -> 0
82 -> 0
83 -> 0
84 -> 0
85 -> 0
86 -> 0
87 -> 0
88 -> 0
89 -> 0
90 -> 0
91 -> 0
92 -> 0
93 -> 0
94 -> 0
95 -> 0
96 -> 0
97 -> 0
98 -> 0
99 -> 0
100 -> 0
101 -> 0
102 -> 0
103 -> 0
104 -> 0
105 -> 0
106 -> 0
107 -> 0
108 -> 0
109 -> 0
110 -> 0
111 -> 0
112 -> 0
113 -> 0
114 -> 0
115 -> 0
116 -> 0
117 -> 0
118 -> 0
119 -> 0
120 -> 0
121 -> 0
122 -> 0
123 -> 0
124 -> 0
125 -> 0
126 -> 0
127 -> 0
128 -> 0
	----------------------
Instructions Retired: 2000001 Cycle: 7055765 Hearbeat IPC: 0.609641 Cumulative IPC: 0.283456
Cycle: 7055765	Best offset: 87	Score: 0	Hit Rate: 0.205055
	---- Offset table ----
Offset -> Score
1 -> 0
2 -> 0
3 -> 0
4 -> 0
5 -> 0
6 -> 0
7 -> 0
8 -> 0
9 -> 0
10 -> 0
11 -> 0
12 -> 0
13 -> 0
14 -> 0
15 -> 0
16 -> 0
17 -> 0
18 -> 0
19 -> 0
20 -> 0
21 -> 0
22 -> 0
23 -> 0
24 -> 0
25 -> 0
26 -> 0
27 -> 0
28 -> 0
29 -> 0
30 -> 0
31 -> 0
32 -> 0
33 -> 0
34 -> 0
35 -> 0
36 -> 0
37 -> 0
38 -> 0
39 -> 0
40 -> 0
41 -> 0
42 -> 0
43 -> 0
44 -> 0
45 -> 0
46 -> 0
47 -> 0
48 -> 0
49 -> 0
50 -> 0
51 -> 0
52 -> 0
53 -> 0
54 -> 0
55 -> 0
56 -> 0
57 -> 0
58 -> 0
59 -> 0
60 -> 0
61 -> 0
62 -> 0
63 -> 0
64 -> 0
65 -> 0
66 -> 0
67 -> 0
68 -> 0
69 -> 0
70 -> 0
71 -> 0
72 -> 0
73 -> 0
74 -> 0
75 -> 0
76 -> 0
77 -> 0
78 -> 0
79 -> 0
80 -> 0
81 -> 0
82 -> 0
83 -> 0
84 -> 0
85 -> 0
86 -> 0
87 -> 0
88 -> 0
89 -> 0
90 -> 0
91 -> 0
92 -> 0
93 -> 0
94 -> 0
95 -> 0
96 -> 0
97 -> 0
98 -> 0
99 -> 0
100 -> 0
101 -> 0
102 -> 0
103 -> 0
104 -> 0
105 -> 0
106 -> 0
107 -> 0
108 -> 0
109 -> 0
110 -> 0
111 -> 0
112 -> 0
113 -> 0
114 -> 0
115 -> 0
116 -> 0
117 -> 0
118 -> 0
119 -> 0
120 -> 0
121 -> 0
122 -> 0
123 -> 0
124 -> 0
125 -> 0
126 -> 0
127 -> 0
128 -> 0
	----------------------
Instructions Retired: 2100001 Cycle: 7352457 Hearbeat IPC: 0.337050 Cumulative IPC: 0.285619
Cycle: 7352457	Best offset: 87	Score: 0	Hit Rate: 0.210783
	---- Offset table ----
Offset -> Score
1 -> 0
2 -> 0
3 -> 0
4 -> 0
5 -> 0
6 -> 0
7 -> 0
8 -> 0
9 -> 0
10 -> 0
11 -> 0
12 -> 0
13 -> 0
14 -> 0
15 -> 0
16 -> 0
17 -> 0
18 -> 0
19 -> 0
20 -> 0
21 -> 0
22 -> 0
23 -> 0
24 -> 0
25 -> 0
26 -> 0
27 -> 0
28 -> 0
29 -> 0
30 -> 0
31 -> 0
32 -> 0
33 -> 0
34 -> 0
35 -> 0
36 -> 0
37 -> 0
38 -> 0
39 -> 0
40 -> 0
41 -> 0
42 -> 0
43 -> 0
44 -> 0
45 -> 0
46 -> 0
47 -> 0
48 -> 0
49 -> 0
50 -> 0
51 -> 0
52 -> 0
53 -> 0
54 -> 0
55 -> 0
56 -> 0
57 -> 0
58 -> 0
59 -> 0
60 -> 0
61 -> 0
62 -> 0
63 -> 0
64 -> 0
65 -> 0
66 -> 0
67 -> 0
68 -> 0
69 -> 0
70 -> 0
71 -> 0
72 -> 0
73 -> 0
74 -> 0
75 -> 0
76 -> 0
77 -> 0
78 -> 0
79 -> 0
80 -> 0
81 -> 0
82 -> 0
83 -> 0
84 -> 0
85 -> 0
86 -> 0
87 -> 0
88 -> 0
89 -> 0
90 -> 0
91 -> 0
92 -> 0
93 -> 0
94 -> 0
95 -> 0
96 -> 0
97 -> 0
98 -> 0
99 -> 0
100 -> 0
101 -> 0
102 -> 0
103 -> 0
104 -> 0
105 -> 0
106 -> 0
107 -> 0
108 -> 0
109 -> 0
110 -> 0
111 -> 0
112 -> 0
113 -> 0
114 -> 0
115 -> 0
116 -> 0
117 -> 0
118 -> 0
119 -> 0
120 -> 0
121 -> 0
122 -> 0
123 -> 0
124 -> 0
125 -> 0
126 -> 0
127 -> 0
128 -> 0
	----------------------
Instructions Retired: 2200004 Cycle: 7489516 Hearbeat IPC: 0.729635 Cumulative IPC: 0.293744
Cycle: 7489516	Best offset: 87	Score: 0	Hit Rate: 0.218865
	---- Offset table ----
Offset -> Score
1 -> 0
2 -> 0
3 -> 0
4 -> 0
5 -> 0
6 -> 0
7 -> 0
8 -> 0
9 -> 0
10 -> 0
11 -> 0
12 -> 0
13 -> 0
14 -> 0
15 -> 0
16 -> 0
17 -> 0
18 -> 0
19 -> 0
20 -> 0
21 -> 0
22 -> 0
23 -> 0
24 -> 0
25 -> 0
26 -> 0
27 -> 0
28 -> 0
29 -> 0
30 -> 0
31 -> 0
32 -> 0
33 -> 0
34 -> 0
35 -> 0
36 -> 0
37 -> 0
38 -> 0
39 -> 0
40 -> 0
41 -> 0
42 -> 0
43 -> 0
44 -> 0
45 -> 0
46 -> 0
47 -> 0
48 -> 0
49 -> 0
50 -> 0
51 -> 0
52 -> 0
53 -> 0
54 -> 0
55 -> 0
56 -> 0
57 -> 0
58 -> 0
59 -> 0
60 -> 0
61 -> 0
62 -> 0
63 -> 0
64 -> 0
65 -> 0
66 -> 0
67 -> 0
68 -> 0
69 -> 0
70 -> 0
71 -> 0
72 -> 0
73 -> 0
74 -> 0
75 -> 0
76 -> 0
77 -> 0
78 -> 0
79 -> 0
80 -> 0
81 -> 0
82 -> 0
83 -> 0
84 -> 0
85 -> 0
86 -> 0
87 -> 0
88 -> 0
89 -> 0
90 -> 0
91 -> 0
92 -> 0
93 -> 0
94 -> 0
95 -> 0
96 -> 0
97 -> 0
98 -> 0
99 -> 0
100 -> 0
101 -> 0
102 -> 0
103 -> 0
104 -> 0
105 -> 0
106 -> 0
107 -> 0
108 -> 0
109 -> 0
110 -> 0
111 -> 0
112 -> 0
113 -> 0
114 -> 0
115 -> 0
116 -> 0
117 -> 0
118 -> 0
119 -> 0
120 -> 0
121 -> 0
122 -> 0
123 -> 0
124 -> 0
125 -> 0
126 -> 0
127 -> 0
128 -> 0
	----------------------
Instructions Retired: 2300000 Cycle: 7589145 Hearbeat IPC: 1.003684 Cumulative IPC: 0.303064
Cycle: 7589145	Best offset: 87	Score: 0	Hit Rate: 0.230333
	---- Offset table ----
Offset -> Score
1 -> 0
2 -> 0
3 -> 0
4 -> 0
5 -> 0
6 -> 0
7 -> 0
8 -> 0
9 -> 0
10 -> 0
11 -> 0
12 -> 0
13 -> 0
14 -> 0
15 -> 0
16 -> 0
17 -> 0
18 -> 0
19 -> 0
20 -> 0
21 -> 0
22 -> 0
23 -> 0
24 -> 0
25 -> 0
26 -> 0
27 -> 0
28 -> 0
29 -> 0
30 -> 0
31 -> 0
32 -> 0
33 -> 0
34 -> 0
35 -> 0
36 -> 0
37 -> 0
38 -> 0
39 -> 0
40 -> 0
41 -> 0
42 -> 0
43 -> 0
44 -> 0
45 -> 0
46 -> 0
47 -> 0
48 -> 0
49 -> 0
50 -> 0
51 -> 0
52 -> 0
53 -> 0
54 -> 0
55 -> 0
56 -> 0
57 -> 0
58 -> 0
59 -> 0
60 -> 0
61 -> 0
62 -> 0
63 -> 0
64 -> 0
65 -> 0
66 -> 0
67 -> 0
68 -> 0
69 -> 0
70 -> 0
71 -> 0
72 -> 0
73 -> 0
74 -> 0
75 -> 0
76 -> 0
77 -> 0
78 -> 0
79 -> 0
80 -> 0
81 -> 0
82 -> 0
83 -> 0
84 -> 0
85 -> 0
86 -> 0
87 -> 0
88 -> 0
89 -> 0
90 -> 0
91 -> 0
92 -> 0
93 -> 0
94 -> 0
95 -> 0
96 -> 0
97 -> 0
98 -> 0
99 -> 0
100 -> 0
101 -> 0
102 -> 0
103 -> 0
104 -> 0
105 -> 0
106 -> 0
107 -> 0
108 -> 0
109 -> 0
110 -> 0
111 -> 0
112 -> 0
113 -> 0
114 -> 0
115 -> 0
116 -> 0
117 -> 0
118 -> 0
119 -> 0
120 -> 0
121 -> 0
122 -> 0
123 -> 0
124 -> 0
125 -> 0
126 -> 0
127 -> 0
128 -> 0
	----------------------
Instructions Retired: 2400004 Cycle: 7693558 Hearbeat IPC: 0.957773 Cumulative IPC: 0.311950
Cycle: 7693558	Best offset: 87	Score: 0	Hit Rate: 0.241210
	---- Offset table ----
Offset -> Score
1 -> 0
2 -> 0
3 -> 0
4 -> 0
5 -> 0
6 -> 0
7 -> 0
8 -> 0
9 -> 0
10 -> 0
11 -> 0
12 -> 0
13 -> 0
14 -> 0
15 -> 0
16 -> 0
17 -> 0
18 -> 0
19 -> 0
20 -> 0
21 -> 0
22 -> 0
23 -> 0
24 -> 0
25 -> 0
26 -> 0
27 -> 0
28 -> 0
29 -> 0
30 -> 0
31 -> 0
32 -> 0
33 -> 0
34 -> 0
35 -> 0
36 -> 0
37 -> 0
38 -> 0
39 -> 0
40 -> 0
41 -> 0
42 -> 0
43 -> 0
44 -> 0
45 -> 0
46 -> 0
47 -> 0
48 -> 0
49 -> 0
50 -> 0
51 -> 0
52 -> 0
53 -> 0
54 -> 0
55 -> 0
56 -> 0
57 -> 0
58 -> 0
59 -> 0
60 -> 0
61 -> 0
62 -> 0
63 -> 0
64 -> 0
65 -> 0
66 -> 0
67 -> 0
68 -> 0
69 -> 0
70 -> 0
71 -> 0
72 -> 0
73 -> 0
74 -> 0
75 -> 0
76 -> 0
77 -> 0
78 -> 0
79 -> 0
80 -> 0
81 -> 0
82 -> 0
83 -> 0
84 -> 0
85 -> 0
86 -> 0
87 -> 0
88 -> 0
89 -> 0
90 -> 0
91 -> 0
92 -> 0
93 -> 0
94 -> 0
95 -> 0
96 -> 0
97 -> 0
98 -> 0
99 -> 0
100 -> 0
101 -> 0
102 -> 0
103 -> 0
104 -> 0
105 -> 0
106 -> 0
107 -> 0
108 -> 0
109 -> 0
110 -> 0
111 -> 0
112 -> 0
113 -> 0
114 -> 0
115 -> 0
116 -> 0
117 -> 0
118 -> 0
119 -> 0
120 -> 0
121 -> 0
122 -> 0
123 -> 0
124 -> 0
125 -> 0
126 -> 0
127 -> 0
128 -> 0
	----------------------
Instructions Retired: 2500002 Cycle: 7814567 Hearbeat IPC: 0.826368 Cumulative IPC: 0.319916
Cycle: 7814567	Best offset: 87	Score: 0	Hit Rate: 0.251317
	---- Offset table ----
Offset -> Score
1 -> 0
2 -> 0
3 -> 0
4 -> 0
5 -> 0
6 -> 0
7 -> 0
8 -> 0
9 -> 0
10 -> 0
11 -> 0
12 -> 0
13 -> 0
14 -> 0
15 -> 0
16 -> 0
17 -> 0
18 -> 0
19 -> 0
20 -> 0
21 -> 0
22 -> 0
23 -> 0
24 -> 0
25 -> 0
26 -> 0
27 -> 0
28 -> 0
29 -> 0
30 -> 0
31 -> 0
32 -> 0
33 -> 0
34 -> 0
35 -> 0
36 -> 0
37 -> 0
38 -> 0
39 -> 0
40 -> 0
41 -> 0
42 -> 0
43 -> 0
44 -> 0
45 -> 0
46 -> 0
47 -> 0
48 -> 0
49 -> 0
50 -> 0
51 -> 0
52 -> 0
53 -> 0
54 -> 0
55 -> 0
56 -> 0
57 -> 0
58 -> 0
59 -> 0
60 -> 0
61 -> 0
62 -> 0
63 -> 0
64 -> 0
65 -> 0
66 -> 0
67 -> 0
68 -> 0
69 -> 0
70 -> 0
71 -> 0
72 -> 0
73 -> 0
74 -> 0
75 -> 0
76 -> 0
77 -> 0
78 -> 0
79 -> 0
80 -> 0
81 -> 0
82 -> 0
83 -> 0
84 -> 0
85 -> 0
86 -> 0
87 -> 0
88 -> 0
89 -> 0
90 -> 0
91 -> 0
92 -> 0
93 -> 0
94 -> 0
95 -> 0
96 -> 0
97 -> 0
98 -> 0
99 -> 0
100 -> 0
101 -> 0
102 -> 0
103 -> 0
104 -> 0
105 -> 0
106 -> 0
107 -> 0
108 -> 0
109 -> 0
110 -> 0
111 -> 0
112 -> 0
113 -> 0
114 -> 0
115 -> 0
116 -> 0
117 -> 0
118 -> 0
119 -> 0
120 -> 0
121 -> 0
122 -> 0
123 -> 0
124 -> 0
125 -> 0
126 -> 0
127 -> 0
128 -> 0
	----------------------
Instructions Retired: 2600000 Cycle: 7984556 Hearbeat IPC: 0.588262 Cumulative IPC: 0.325629
Cycle: 7984556	Best offset: 87	Score: 0	Hit Rate: 0.258751
	---- Offset table ----
Offset -> Score
1 -> 0
2 -> 0
3 -> 0
4 -> 0
5 -> 0
6 -> 0
7 -> 0
8 -> 0
9 -> 0
10 -> 0
11 -> 0
12 -> 0
13 -> 0
14 -> 0
15 -> 0
16 -> 0
17 -> 0
18 -> 0
19 -> 0
20 -> 0
21 -> 0
22 -> 0
23 -> 0
24 -> 0
25 -> 0
26 -> 0
27 -> 0
28 -> 0
29 -> 0
30 -> 0
31 -> 0
32 -> 0
33 -> 0
34 -> 0
35 -> 0
36 -> 0
37 -> 0
38 -> 0
39 -> 0
40 -> 0
41 -> 0
42 -> 0
43 -> 0
44 -> 0
45 -> 0
46 -> 0
47 -> 0
48 -> 0
49 -> 0
50 -> 0
51 -> 0
52 -> 0
53 -> 0
54 -> 0
55 -> 0
56 -> 0
57 -> 0
58 -> 0
59 -> 0
60 -> 0
61 -> 0
62 -> 0
63 -> 0
64 -> 0
65 -> 0
66 -> 0
67 -> 0
68 -> 0
69 -> 0
70 -> 0
71 -> 0
72 -> 0
73 -> 0
74 -> 0
75 -> 0
76 -> 0
77 -> 0
78 -> 0
79 -> 0
80 -> 0
81 -> 0
82 -> 0
83 -> 0
84 -> 0
85 -> 0
86 -> 0
87 -> 0
88 -> 0
89 -> 0
90 -> 0
91 -> 0
92 -> 0
93 -> 0
94 -> 0
95 -> 0
96 -> 0
97 -> 0
98 -> 0
99 -> 0
100 -> 0
101 -> 0
102 -> 0
103 -> 0
104 -> 0
105 -> 0
106 -> 0
107 -> 0
108 -> 0
109 -> 0
110 -> 0
111 -> 0
112 -> 0
113 -> 0
114 -> 0
115 -> 0
116 -> 0
117 -> 0
118 -> 0
119 -> 0
120 -> 0
121 -> 0
122 -> 0
123 -> 0
124 -> 0
125 -> 0
126 -> 0
127 -> 0
128 -> 0
	----------------------
Offset switch to: 71	With score: 1
Instructions Retired: 2700004 Cycle: 8153591 Hearbeat IPC: 0.591617 Cumulative IPC: 0.331143
Cycle: 8153591	Best offset: 71	Score: 0	Hit Rate: 0.263133
	---- Offset table ----
Offset -> Score
1 -> 0
2 -> 0
3 -> 0
4 -> 0
5 -> 0
6 -> 0
7 -> 0
8 -> 0
9 -> 0
10 -> 0
11 -> 0
12 -> 0
13 -> 0
14 -> 0
15 -> 0
16 -> 0
17 -> 0
18 -> 0
19 -> 0
20 -> 0
21 -> 0
22 -> 0
23 -> 0
24 -> 0
25 -> 0
26 -> 0
27 -> 0
28 -> 0
29 -> 0
30 -> 0
31 -> 0
32 -> 0
33 -> 0
34 -> 0
35 -> 0
36 -> 0
37 -> 0
38 -> 0
39 -> 0
40 -> 0
41 -> 0
42 -> 0
43 -> 0
44 -> 0
45 -> 0
46 -> 0
47 -> 0
48 -> 0
49 -> 0
50 -> 0
51 -> 0
52 -> 0
53 -> 0
54 -> 0
55 -> 0
56 -> 0
57 -> 0
58 -> 0
59 -> 0
60 -> 0
61 -> 0
62 -> 0
63 -> 0
64 -> 0
65 -> 0
66 -> 0
67 -> 0
68 -> 0
69 -> 0
70 -> 0
71 -> 0
72 -> 0
73 -> 0
74 -> 0
75 -> 0
76 -> 0
77 -> 0
78 -> 0
79 -> 0
80 -> 0
81 -> 0
82 -> 0
83 -> 0
84 -> 0
85 -> 0
86 -> 0
87 -> 0
88 -> 0
89 -> 0
90 -> 0
91 -> 0
92 -> 0
93 -> 0
94 -> 0
95 -> 0
96 -> 0
97 -> 0
98 -> 0
99 -> 0
100 -> 0
101 -> 0
102 -> 0
103 -> 0
104 -> 0
105 -> 0
106 -> 0
107 -> 0
108 -> 0
109 -> 0
110 -> 0
111 -> 0
112 -> 0
113 -> 0
114 -> 0
115 -> 0
116 -> 0
117 -> 0
118 -> 0
119 -> 0
120 -> 0
121 -> 0
122 -> 0
123 -> 0
124 -> 0
125 -> 0
126 -> 0
127 -> 0
128 -> 0
	----------------------
Instructions Retired: 2800001 Cycle: 8275441 Hearbeat IPC: 0.820657 Cumulative IPC: 0.338351
Cycle: 8275441	Best offset: 71	Score: 0	Hit Rate: 0.270257
	---- Offset table ----
Offset -> Score
1 -> 0
2 -> 0
3 -> 0
4 -> 0
5 -> 0
6 -> 0
7 -> 0
8 -> 0
9 -> 0
10 -> 0
11 -> 0
12 -> 0
13 -> 0
14 -> 0
15 -> 0
16 -> 0
17 -> 0
18 -> 0
19 -> 0
20 -> 0
21 -> 0
22 -> 0
23 -> 0
24 -> 0
25 -> 0
26 -> 0
27 -> 0
28 -> 0
29 -> 0
30 -> 0
31 -> 0
32 -> 0
33 -> 0
34 -> 0
35 -> 0
36 -> 0
37 -> 0
38 -> 0
39 -> 0
40 -> 0
41 -> 0
42 -> 0
43 -> 0
44 -> 0
45 -> 0
46 -> 0
47 -> 0
48 -> 0
49 -> 0
50 -> 0
51 -> 0
52 -> 0
53 -> 0
54 -> 0
55 -> 0
56 -> 0
57 -> 0
58 -> 0
59 -> 0
60 -> 0
61 -> 0
62 -> 0
63 -> 0
64 -> 0
65 -> 0
66 -> 0
67 -> 0
68 -> 0
69 -> 0
70 -> 0
71 -> 0
72 -> 0
73 -> 0
74 -> 0
75 -> 0
76 -> 0
77 -> 0
78 -> 0
79 -> 0
80 -> 0
81 -> 0
82 -> 0
83 -> 0
84 -> 0
85 -> 0
86 -> 0
87 -> 0
88 -> 0
89 -> 0
90 -> 0
91 -> 0
92 -> 0
93 -> 0
94 -> 0
95 -> 0
96 -> 0
97 -> 0
98 -> 0
99 -> 0
100 -> 0
101 -> 0
102 -> 0
103 -> 0
104 -> 0
105 -> 0
106 -> 0
107 -> 0
108 -> 0
109 -> 0
110 -> 0
111 -> 0
112 -> 0
113 -> 0
114 -> 0
115 -> 0
116 -> 0
117 -> 0
118 -> 0
119 -> 0
120 -> 0
121 -> 0
122 -> 0
123 -> 0
124 -> 0
125 -> 0
126 -> 0
127 -> 0
128 -> 0
	----------------------
Instructions Retired: 2900001 Cycle: 8458320 Hearbeat IPC: 0.546810 Cumulative IPC: 0.342858
Cycle: 8458320	Best offset: 71	Score: 0	Hit Rate: 0.275933
	---- Offset table ----
Offset -> Score
1 -> 0
2 -> 0
3 -> 0
4 -> 0
5 -> 0
6 -> 0
7 -> 0
8 -> 0
9 -> 0
10 -> 0
11 -> 0
12 -> 0
13 -> 0
14 -> 0
15 -> 0
16 -> 0
17 -> 0
18 -> 0
19 -> 0
20 -> 0
21 -> 0
22 -> 0
23 -> 0
24 -> 0
25 -> 0
26 -> 0
27 -> 0
28 -> 0
29 -> 0
30 -> 0
31 -> 0
32 -> 0
33 -> 0
34 -> 0
35 -> 0
36 -> 0
37 -> 0
38 -> 0
39 -> 0
40 -> 0
41 -> 0
42 -> 0
43 -> 0
44 -> 0
45 -> 0
46 -> 0
47 -> 0
48 -> 0
49 -> 0
50 -> 0
51 -> 0
52 -> 0
53 -> 0
54 -> 0
55 -> 0
56 -> 0
57 -> 0
58 -> 0
59 -> 0
60 -> 0
61 -> 0
62 -> 0
63 -> 0
64 -> 0
65 -> 0
66 -> 0
67 -> 0
68 -> 0
69 -> 0
70 -> 0
71 -> 0
72 -> 0
73 -> 0
74 -> 0
75 -> 0
76 -> 0
77 -> 0
78 -> 0
79 -> 0
80 -> 0
81 -> 0
82 -> 0
83 -> 0
84 -> 0
85 -> 0
86 -> 0
87 -> 0
88 -> 0
89 -> 0
90 -> 0
91 -> 0
92 -> 0
93 -> 0
94 -> 0
95 -> 0
96 -> 0
97 -> 0
98 -> 0
99 -> 0
100 -> 0
101 -> 0
102 -> 0
103 -> 0
104 -> 0
105 -> 0
106 -> 0
107 -> 0
108 -> 0
109 -> 0
110 -> 0
111 -> 0
112 -> 0
113 -> 0
114 -> 0
115 -> 0
116 -> 0
117 -> 0
118 -> 0
119 -> 0
120 -> 0
121 -> 0
122 -> 0
123 -> 0
124 -> 0
125 -> 0
126 -> 0
127 -> 0
128 -> 0
	----------------------
Instructions Retired: 3000001 Cycle: 8568914 Hearbeat IPC: 0.904208 Cumulative IPC: 0.350103
Cycle: 8568914	Best offset: 71	Score: 0	Hit Rate: 0.284533
	---- Offset table ----
Offset -> Score
1 -> 0
2 -> 0
3 -> 0
4 -> 0
5 -> 0
6 -> 0
7 -> 0
8 -> 0
9 -> 0
10 -> 0
11 -> 0
12 -> 0
13 -> 0
14 -> 0
15 -> 0
16 -> 0
17 -> 0
18 -> 0
19 -> 0
20 -> 0
21 -> 0
22 -> 0
23 -> 0
24 -> 0
25 -> 0
26 -> 0
27 -> 0
28 -> 0
29 -> 0
30 -> 0
31 -> 0
32 -> 0
33 -> 0
34 -> 0
35 -> 0
36 -> 0
37 -> 0
38 -> 0
39 -> 0
40 -> 0
41 -> 0
42 -> 0
43 -> 0
44 -> 0
45 -> 0
46 -> 0
47 -> 0
48 -> 0
49 -> 0
50 -> 0
51 -> 0
52 -> 0
53 -> 0
54 -> 0
55 -> 0
56 -> 0
57 -> 0
58 -> 0
59 -> 0
60 -> 0
61 -> 0
62 -> 0
63 -> 0
64 -> 0
65 -> 0
66 -> 0
67 -> 0
68 -> 0
69 -> 0
70 -> 0
71 -> 0
72 -> 0
73 -> 0
74 -> 0
75 -> 0
76 -> 0
77 -> 0
78 -> 0
79 -> 0
80 -> 0
81 -> 0
82 -> 0
83 -> 0
84 -> 0
85 -> 0
86 -> 0
87 -> 0
88 -> 0
89 -> 0
90 -> 0
91 -> 0
92 -> 0
93 -> 0
94 -> 0
95 -> 0
96 -> 0
97 -> 0
98 -> 0
99 -> 0
100 -> 0
101 -> 0
102 -> 0
103 -> 0
104 -> 0
105 -> 0
106 -> 0
107 -> 0
108 -> 0
109 -> 0
110 -> 0
111 -> 0
112 -> 0
113 -> 0
114 -> 0
115 -> 0
116 -> 0
117 -> 0
118 -> 0
119 -> 0
120 -> 0
121 -> 0
122 -> 0
123 -> 0
124 -> 0
125 -> 0
126 -> 0
127 -> 0
128 -> 0
	----------------------
Offset switch to: 49	With score: 1
Offset switch to: 75	With score: 1

Simulation complete. Instructions retired: 3099757 Cycles elapsed: 8672046 IPC: 0.357442

Prefetcher final stats
