
*** Data Prefetching Championship 2 Simulator ***

Warmup Instructions: 0
Simulation Instructions: 100000000
Scramble loads OFF
Using 1MB Last Level Cache
Using 12.8 GB/s DRAM bandwidth
Knobs visible from prefetcher: 0 0 0
Resetting history queue.
Setting up the minimum score
Resetting offset table
Setting initial offset to 1
Tag offset: 6
Resetting rable rounds
Resetting gauge

Warmup complete. Instructions retired: 1 Cycles elapsed: 2 IPC: 0.500000
Instructions Retired: 100001 Cycle: 49807 Hearbeat IPC: 2.007770 Cumulative IPC: 2.007770
Instructions Retired: 200000 Cycle: 84820 Hearbeat IPC: 2.856053 Cumulative IPC: 2.357934
Instructions Retired: 300003 Cycle: 118586 Hearbeat IPC: 2.961648 Cumulative IPC: 2.529835
Instructions Retired: 400002 Cycle: 150853 Hearbeat IPC: 3.099111 Cumulative IPC: 2.651601
Instructions Retired: 500000 Cycle: 352558 Hearbeat IPC: 0.495764 Cumulative IPC: 1.418206
Offset switch to: -25	With score: 19
Instructions Retired: 600001 Cycle: 487878 Hearbeat IPC: 0.738996 Cumulative IPC: 1.229818
Instructions Retired: 700001 Cycle: 526354 Hearbeat IPC: 2.599023 Cumulative IPC: 1.329905
Instructions Retired: 800000 Cycle: 561371 Hearbeat IPC: 2.855727 Cumulative IPC: 1.425083
Instructions Retired: 900001 Cycle: 596353 Hearbeat IPC: 2.858642 Cumulative IPC: 1.509175
Instructions Retired: 1000002 Cycle: 628652 Hearbeat IPC: 3.096102 Cumulative IPC: 1.590708
Instructions Retired: 1100000 Cycle: 660936 Hearbeat IPC: 3.097448 Cumulative IPC: 1.664306
Offset switch to: 9	With score: 22
Instructions Retired: 1200000 Cycle: 750364 Hearbeat IPC: 1.118218 Cumulative IPC: 1.599224
Instructions Retired: 1300001 Cycle: 876545 Hearbeat IPC: 0.792520 Cumulative IPC: 1.483097
Instructions Retired: 1400000 Cycle: 912799 Hearbeat IPC: 2.758289 Cumulative IPC: 1.533744
Instructions Retired: 1500003 Cycle: 946979 Hearbeat IPC: 2.925775 Cumulative IPC: 1.583988
Instructions Retired: 1600000 Cycle: 982594 Hearbeat IPC: 2.807721 Cumulative IPC: 1.628343
Instructions Retired: 1700000 Cycle: 1014735 Hearbeat IPC: 3.111291 Cumulative IPC: 1.675314
Offset switch to: 8	With score: 20
Instructions Retired: 1800000 Cycle: 1047090 Hearbeat IPC: 3.090712 Cumulative IPC: 1.719050
Instructions Retired: 1900001 Cycle: 1127011 Hearbeat IPC: 1.251248 Cumulative IPC: 1.685876
Offset switch to: -15	With score: 23
Instructions Retired: 2000004 Cycle: 1279187 Hearbeat IPC: 0.657154 Cumulative IPC: 1.563496
Instructions Retired: 2100001 Cycle: 1313883 Hearbeat IPC: 2.882090 Cumulative IPC: 1.598317
Instructions Retired: 2200000 Cycle: 1348649 Hearbeat IPC: 2.876345 Cumulative IPC: 1.631262
Instructions Retired: 2300001 Cycle: 1384440 Hearbeat IPC: 2.794026 Cumulative IPC: 1.661322
Instructions Retired: 2400001 Cycle: 1416713 Hearbeat IPC: 3.098565 Cumulative IPC: 1.694063
Instructions Retired: 2500000 Cycle: 1448903 Hearbeat IPC: 3.106524 Cumulative IPC: 1.725443
Instructions Retired: 2600000 Cycle: 1503212 Hearbeat IPC: 1.841315 Cumulative IPC: 1.729630
Offset switch to: 1	With score: 22
Instructions Retired: 2700003 Cycle: 1712203 Hearbeat IPC: 0.478504 Cumulative IPC: 1.576918
Instructions Retired: 2800001 Cycle: 1744853 Hearbeat IPC: 3.062726 Cumulative IPC: 1.604720
Offset switch to: -17	With score: 23
Instructions Retired: 2900004 Cycle: 1783056 Hearbeat IPC: 2.617674 Cumulative IPC: 1.626423
Instructions Retired: 3000000 Cycle: 1819735 Hearbeat IPC: 2.726247 Cumulative IPC: 1.648592

Simulation complete. Instructions retired: 3099754 Cycles elapsed: 1851979 IPC: 1.673752

