
*** Data Prefetching Championship 2 Simulator ***

Warmup Instructions: 10000000
Simulation Instructions: 100000000
Scramble loads OFF
Using 1MB Last Level Cache
Using 12.8 GB/s DRAM bandwidth
Knobs visible from prefetcher: 0 0 0
Resetting history queue.
Resetting offset table
Setting initial offset to 1
Tag offset: 6
Ressetting hit rate
Index 23
Index 6
Index 53
Index 53
Index 42
Index 15
Index 23
Index 8
Index 17
Index 35
Index 15
Index 45
Index 19
Index 7
Index 38
Index 9
Index 2
Index 2
Index 28
Index 12
Index 9
Index 53
Index 18
Index 58
Index 46
Index 7
Index 8
Index 11
Index 26
Index 21
Index 44
Index 44
Index 9
Index 26
Index 26
Index 44
Index 31
Index 0
Index 32
Index 43
Index 53
Index 15
Index 51
Index 5
Index 25
Index 8
Index 43
Index 16
Index 55
Index 7
Index 38
Index 24
Index 46
Index 26
Index 2
Index 2
Index 58
Index 46
Index 46
Index 10
Index 15
Index 40
Index 40
Index 10
Index 37
Index 11
Index 11
Index 11
Index 11
Index 11
Index 57
Index 56
Index 24
Index 11
Index 55
Instructions Retired: 100001 Cycle: 49818 Hearbeat IPC: 2.007327 Cumulative IPC: 2.007327
Cycle: 49818	Best offset: 1	Score: 0	Hit Rate: 0.451220
Index 28
Index 1
Index 1
Index 40
Index 18
Index 18
Index 34
Index 3
Index 13
Index 11
Index 40
Index 13
Index 12
Index 20
Index 2
Index 43
Index 9
Index 9
Index 63
Index 14
Index 59
Index 60
Index 33
Index 37
Index 37
Index 35
Index 35
Index 41
Index 36
Index 13
Index 60
Index 22
Index 5
Index 60
Index 36
Index 22
Index 35
Index 35
Index 21
Index 52
Index 15
Index 49
Index 46
Index 49
Index 46
Index 58
Instructions Retired: 200000 Cycle: 84749 Hearbeat IPC: 2.862758 Cumulative IPC: 2.359910
Cycle: 84749	Best offset: 1	Score: 0	Hit Rate: 0.590909
Index 26
Index 7
Index 62
Index 24
Index 15
Index 17
Index 42
Index 43
Index 24
Index 39
Index 7
Index 39
Index 32
Index 42
Index 42
Index 42
Index 5
Instructions Retired: 300003 Cycle: 118552 Hearbeat IPC: 2.958406 Cumulative IPC: 2.530560
Cycle: 118552	Best offset: 1	Score: 0	Hit Rate: 0.611842
Index 42
Index 11
Index 5
Index 5
Index 37
Index 38
Index 5
Index 7
Index 30
Instructions Retired: 400002 Cycle: 150786 Hearbeat IPC: 3.102283 Cumulative IPC: 2.652779
Cycle: 150786	Best offset: 1	Score: 0	Hit Rate: 0.632399
Index 21
Index 4
Index 38
Index 38
Index 38
Index 0
Index 63
Index 14
Index 45
Index 63
Index 0
Index 45
Index 56
Index 30
Index 22
Index 43
Index 23
Index 23
Index 51
Index 37
Index 37
Index 57
Index 35
Index 35
Index 63
Index 51
Index 49
Index 52
Index 47
Index 34
Index 43
Index 48
Index 62
Index 30
Index 48
Index 14
Index 62
Index 63
Index 7
Index 34
Index 27
Index 27
Index 53
Index 15
Index 42
Index 34
Index 35
Index 49
Index 48
Index 30
Index 45
Index 45
Index 0
Index 45
Index 53
Index 25
Index 25
Index 50
Index 49
Index 43
Index 32
Index 49
Index 36
Index 26
Index 28
Index 60
Index 27
Index 35
Index 29
Index 6
Offset switch to: 83	With score: 1
Index 42
Index 30
Index 59
Index 29
Index 58
Index 31
Index 56
Index 23
Index 23
Index 23
Index 3
Index 35
Index 9
Index 35
Index 24
Index 5
Index 45
Index 61
Index 4
Index 54
Index 36
Index 9
Index 31
Index 32
Index 40
Index 10
Index 29
Index 44
Index 53
Index 42
Index 58
Index 60
Index 32
Index 6
Index 20
Index 39
Index 30
Index 31
Index 52
Index 43
Index 20
Index 6
Index 39
Index 17
Index 59
Index 38
Index 56
Index 38
Index 31
Index 7
Index 3
Index 28
Index 50
Index 16
Index 28
Index 61
Index 17
Index 27
Index 43
Index 52
Index 55
Index 45
Index 46
Index 25
Index 25
Index 25
Index 10
Index 3
Index 52
Index 16
Index 42
Index 63
Index 11
Index 12
Index 23
Index 12
Index 11
Index 45
Index 61
Index 3
Index 51
Index 0
Index 30
Index 34
Index 19
Index 17
Index 9
Index 57
Index 16
Index 62
Index 20
Index 28
Index 27
Index 17
Index 39
Index 11
Index 53
Index 37
Index 28
Index 19
Index 25
Index 31
Index 26
Index 58
Index 16
Index 39
Index 58
Index 44
Index 37
Index 30
Index 23
Index 28
Index 36
Index 15
Index 31
Index 30
Index 4
Index 0
Index 15
Index 32
Index 60
Index 38
Index 5
Index 6
Index 50
Index 2
Index 31
Index 61
Index 26
Index 6
Index 16
Index 1
Index 22
Index 1
Index 51
Index 49
Index 61
Offset switch to: 75	With score: 1
Index 47
Index 63
Index 10
Index 38
Index 51
Index 26
Index 56
Index 61
Index 5
Index 2
Index 6
Index 54
Index 60
Index 6
Index 30
Index 37
Index 54
Index 54
Index 43
Index 15
Index 10
Index 58
Index 49
Index 21
Index 15
Index 19
Index 56
Index 50
Index 16
Index 1
Index 34
Index 16
Index 35
Index 57
Index 7
Index 16
Index 0
Index 33
Index 17
Index 6
Index 60
Index 23
Index 36
Index 26
Index 8
Index 25
Index 13
Index 26
Index 1
Index 48
Index 23
Index 23
Index 61
Index 10
Index 34
Index 63
Index 54
Index 27
Index 36
Index 38
Index 23
Index 43
Index 19
Index 51
Index 51
Index 39
Index 60
Index 36
Index 34
Index 43
Index 56
Index 43
Index 17
Index 53
Index 51
Index 62
Index 25
Index 38
Index 12
Index 43
Index 43
Index 43
Index 37
Index 0
Index 45
Index 44
Index 8
Index 30
Index 12
Index 16
Index 26
Index 60
Index 13
Index 49
Index 6
Index 33
Index 1
Index 2
Index 30
Index 13
Index 16
Index 53
Index 55
Index 60
Index 9
Index 39
Index 39
Index 39
Index 53
Index 18
Index 10
Index 15
Index 37
Index 41
Index 28
Index 9
Index 15
Index 8
Index 48
Index 11
Index 48
Index 48
Index 48
Index 48
Index 57
Index 38
Index 54
Index 54
Index 10
Index 8
Index 30
Index 33
Index 2
Index 11
Index 47
Index 6
Index 62
Index 63
Index 32
Index 34
Index 16
Index 5
Index 37
Index 16
Index 5
Index 19
Index 7
Index 34
Index 23
Index 28
Index 2
Index 59
Index 35
Index 50
Index 26
Index 27
Index 24
Index 16
Index 13
Index 14
Index 26
Index 25
Index 36
Index 21
Index 54
Index 12
Index 52
Index 26
Index 33
Index 9
Index 36
Index 34
Index 6
Index 35
Index 13
Index 28
Index 30
Index 43
Index 43
Index 43
Index 1
Index 41
Index 62
Index 26
Index 8
Index 14
Index 36
Index 26
Index 8
Index 14
Index 22
Index 37
Index 13
Index 38
Index 10
Index 20
Index 5
Index 50
Index 39
Index 36
Index 28
Index 55
Index 56
Index 12
Index 47
Index 24
Index 19
Index 19
Index 31
Index 60
Index 46
Index 42
Index 1
Index 32
Index 35
Index 24
Index 21
Index 25
Index 57
Index 38
Index 59
Index 63
Index 58
Index 29
Index 55
Index 62
Index 30
Index 22
Index 59
Index 32
Index 32
Index 40
Index 61
Index 13
Index 10
Index 15
Index 16
Index 41
Index 9
Index 32
Index 12
Index 56
Index 22
Index 7
Index 32
Index 21
Index 14
Index 5
Index 33
Index 24
Index 49
Index 42
Index 43
Index 40
Index 13
Index 30
Index 41
Index 20
Index 29
Index 0
Index 52
Index 41
Index 20
Index 21
Index 39
Index 0
Index 43
Index 14
Index 57
Index 42
Index 34
Index 20
Index 15
Index 6
Index 12
Index 48
Index 52
Index 18
Index 34
Index 3
Index 0
Index 16
Index 45
Index 20
Index 18
Index 5
Index 41
Index 48
Index 8
Index 40
Index 55
Index 46
Index 7
Index 21
Index 27
Index 24
Index 63
Index 45
Index 22
Index 42
Index 37
Index 42
Index 43
Index 9
Index 42
Index 19
Index 10
Index 12
Index 18
Index 18
Index 18
Index 19
Index 0
Index 44
Index 51
Index 61
Index 17
Index 15
Index 12
Index 27
Index 52
Index 54
Index 1
Index 49
Index 15
Index 34
Index 47
Index 21
Index 28
Index 13
Index 23
Index 24
Index 4
Index 56
Index 49
Index 39
Index 20
Index 39
Index 28
Index 28
Index 1
Index 27
Index 60
Index 30
Index 48
Index 17
Index 23
Index 24
Index 44
Index 8
Index 1
Index 46
Index 19
Index 51
Index 53
Index 17
Index 28
Index 14
Index 49
Index 31
Index 12
Index 19
Index 59
Index 17
Index 4
Index 50
Index 12
Index 1
Index 40
Index 9
Index 58
Index 33
Index 27
Index 62
Index 39
Index 16
Index 28
Index 19
Index 36
Index 40
Index 8
Index 27
Index 25
Index 19
Index 29
Index 17
Index 3
Index 42
Index 15
Index 15
Index 62
Index 50
Index 13
Index 23
Index 55
Index 29
Index 2
Index 44
Index 48
Index 25
Index 45
Index 0
Index 11
Index 18
Index 3
Index 45
Index 5
Index 54
Index 13
Index 15
Index 1
Index 42
Index 24
Index 12
Index 25
Index 25
Index 25
Index 60
Index 45
Index 12
Index 31
Index 56
Index 40
Index 32
Index 11
Index 54
Index 20
Index 57
Index 7
Index 38
Index 7
Index 53
Index 53
Index 53
Index 10
Index 7
Index 21
Index 28
Index 28
Index 42
Index 34
Index 15
Index 16
Index 54
Index 56
Index 50
Index 46
Index 14
Index 38
Index 54
Index 54
Index 0
Index 58
Index 15
Index 48
Index 47
Index 40
Index 12
Index 16
Index 9
Index 49
Index 49
Index 43
Index 12
Index 16
Index 20
Index 42
Index 60
Index 61
Index 0
Index 58
Index 46
Index 2
Index 16
Index 19
Index 61
Index 53
Index 17
Index 50
Index 48
Index 51
Index 62
Index 20
Index 30
Index 18
Index 57
Index 47
Index 47
Index 47
Index 47
Index 5
Index 5
Index 10
Index 45
Index 41
Index 5
Index 42
Index 9
Index 10
Index 12
Index 35
Index 54
Index 63
Index 49
Index 3
Index 52
Index 28
Index 15
Index 61
Index 40
Index 34
Index 43
Index 2
Index 39
Index 9
Index 52
Index 20
Index 42
Index 24
Index 17
Index 32
Index 40
Index 27
Index 17
Index 38
Index 28
Index 1
Index 23
Index 54
Index 44
Index 18
Index 12
Index 12
Index 12
Index 17
Instructions Retired: 500000 Cycle: 323887 Hearbeat IPC: 0.577686 Cumulative IPC: 1.543748
Cycle: 323887	Best offset: 75	Score: 0	Hit Rate: 0.140226
Index 47
Index 49
Index 18
Index 14
Index 31
Index 63
Index 27
Index 55
Index 16
Index 12
Index 4
Index 46
Index 46
Index 14
Index 10
Index 29
Index 10
Index 30
Index 30
Index 44
Index 0
Index 16
Index 35
Index 16
Index 3
Index 33
Index 4
Index 55
Index 26
Index 38
Index 11
Index 27
Index 54
Index 40
Index 24
Index 24
Index 12
Index 19
Index 14
Index 26
Index 26
Index 44
Index 47
Index 61
Index 44
Index 29
Index 6
Index 62
Index 53
Index 38
Index 43
Index 23
Index 31
Index 38
Index 46
Index 38
Index 13
Index 57
Index 15
Index 30
Index 2
Index 5
Index 15
Index 23
Index 13
Index 26
Index 55
Index 39
Index 31
Index 57
Index 20
Index 26
Index 2
Index 16
Index 50
Index 27
Index 18
Index 49
Index 19
Index 10
Index 27
Index 20
Index 3
Index 2
Index 15
Index 6
Index 25
Index 36
Index 56
Index 38
Index 61
Index 46
Index 32
Index 33
Index 22
Index 44
Index 12
Index 3
Index 7
Index 50
Index 18
Index 16
Index 2
Index 34
Index 30
Index 16
Index 44
Index 36
Index 55
Index 20
Index 11
Index 21
Index 48
Index 8
Index 8
Index 8
Index 62
Index 25
Index 35
Index 43
Index 23
Index 5
Index 38
Index 18
Index 14
Index 6
Index 2
Index 56
Index 32
Index 17
Index 22
Index 8
Index 57
Index 27
Index 8
Index 58
Index 59
Index 54
Index 37
Index 13
Index 41
Index 62
Index 0
Index 37
Index 36
Index 46
Index 34
Index 5
Index 24
Index 20
Index 2
Index 34
Offset switch to: 116	With score: 1
Index 51
Index 52
Index 38
Index 10
Index 35
Index 7
Index 12
Index 53
Index 31
Index 59
Index 55
Index 14
Index 17
Index 5
Index 36
Index 12
Index 23
Index 2
Index 35
Index 54
Index 7
Index 55
Index 32
Index 20
Index 44
Index 27
Index 5
Index 30
Index 32
Index 22
Index 62
Index 3
Index 63
Index 0
Index 37
Index 16
Index 53
Index 57
Index 15
Index 49
Index 35
Index 11
Index 28
Index 27
Index 45
Index 13
Index 59
Index 38
Index 46
Index 47
Index 33
Index 27
Index 27
Index 15
Index 42
Index 35
Index 32
Index 32
Index 18
Index 50
Index 62
Index 54
Index 42
Index 32
Index 40
Index 42
Index 48
Index 12
Index 1
Index 0
Index 3
Index 29
Index 25
Index 18
Index 58
Index 44
Index 59
Index 38
Index 38
Index 53
Index 13
Index 29
Index 2
Index 37
Index 57
Index 33
Index 54
Index 26
Index 8
Index 55
Index 32
Index 42
Index 17
Index 2
Index 31
Index 30
Index 58
Index 48
Index 6
Index 28
Index 54
Index 26
Index 33
Index 58
Index 56
Index 24
Index 22
Index 15
Index 49
Index 14
Index 45
Index 22
Index 63
Index 28
Index 31
Index 6
Index 4
Index 28
Index 29
Index 37
Index 44
Index 4
Index 13
Index 37
Index 4
Index 4
Index 3
Index 53
Index 62
Index 42
Index 5
Index 23
Index 19
Index 25
Index 56
Index 56
Index 25
Index 29
Index 10
Index 52
Index 41
Index 26
Index 7
Index 18
Index 44
Index 40
Index 37
Index 53
Index 20
Index 62
Index 39
Index 2
Index 48
Index 12
Index 55
Index 11
Index 39
Index 54
Index 55
Index 28
Index 28
Index 36
Index 31
Index 31
Index 11
Index 28
Index 27
Index 17
Index 15
Index 47
Index 49
Index 41
Index 58
Index 12
Index 10
Index 40
Index 13
Index 41
Index 50
Index 28
Index 35
Index 7
Index 7
Index 7
Index 53
Index 25
Index 56
Index 48
Index 55
Index 4
Index 49
Index 30
Index 18
Index 46
Index 52
Index 35
Index 4
Index 35
Index 29
Index 13
Index 24
Index 53
Index 11
Index 6
Index 6
Index 6
Index 27
Index 59
Index 9
Index 59
Index 51
Index 51
Index 53
Index 51
Index 11
Index 2
Index 53
Index 15
Index 15
Index 15
Index 44
Index 56
Index 41
Index 1
Index 15
Index 52
Index 2
Index 49
Index 14
Index 24
Index 63
Offset switch to: 105	With score: 1
Index 17
Index 60
Index 63
Index 2
Index 2
Index 28
Index 41
Index 56
Index 35
Index 30
Index 61
Index 62
Index 42
Index 37
Index 33
Index 22
Index 25
Index 5
Index 13
Index 9
Index 29
Index 30
Index 47
Index 9
Index 9
Index 25
Index 0
Index 8
Index 13
Index 1
Index 1
Index 6
Index 7
Index 33
Index 18
Index 22
Index 15
Index 15
Index 32
Index 10
Index 26
Index 26
Index 50
Index 31
Index 36
Index 30
Index 30
Index 6
Index 9
Index 57
Index 57
Index 25
Index 32
Index 63
Index 62
Index 56
Index 59
Index 11
Index 11
Index 8
Index 8
Index 7
Index 3
Index 56
Index 56
Index 54
Index 47
Index 47
Index 48
Index 46
Index 24
Index 22
Index 30
Index 58
Index 40
Index 45
Index 19
Index 3
Index 53
Instructions Retired: 600001 Cycle: 445403 Hearbeat IPC: 0.822945 Cumulative IPC: 1.347097
Cycle: 445403	Best offset: 105	Score: 0	Hit Rate: 0.095323
Index 63
Index 60
Index 53
Index 53
Index 53
Index 53
Index 53
Index 14
Index 4
Index 53
Index 7
Index 5
Index 4
Index 3
Index 53
Index 3
Index 48
Index 11
Index 6
Index 6
Index 46
Index 62
Index 46
Index 49
Index 32
Index 20
Index 46
Index 31
Index 44
Index 10
Index 34
Index 37
Index 45
Index 3
Index 4
Index 4
Index 45
Index 8
Index 8
Index 34
Index 30
Instructions Retired: 700001 Cycle: 484462 Hearbeat IPC: 2.560229 Cumulative IPC: 1.444904
Cycle: 484462	Best offset: 105	Score: 0	Hit Rate: 0.115835
Index 43
Index 12
Index 9
Index 18
Index 27
Index 16
Index 27
Index 15
Index 27
Index 2
Index 8
Index 4
Index 49
Index 46
Index 61
Index 13
Index 43
Index 33
Index 33
Index 7
Index 32
Index 44
Index 60
Index 4
Index 26
Index 16
Index 0
Index 37
Index 34
Index 14
Index 0
Index 62
Index 59
Index 60
Index 55
Index 55
Index 55
Index 56
Index 12
Index 54
Index 32
Index 32
Index 32
Index 54
Index 28
Index 21
Index 28
Index 33
Index 33
Index 62
Index 63
Index 39
Index 57
Index 51
Index 51
Index 53
Index 29
Index 63
Index 19
Index 8
Index 42
Index 42
Index 52
Index 52
Index 52
Index 52
Index 52
Index 31
Index 35
Index 35
Index 34
Index 32
Index 9
Index 10
Index 0
Index 1
Index 4
Index 37
Index 36
Index 4
Index 3
Instructions Retired: 800000 Cycle: 518645 Hearbeat IPC: 2.925401 Cumulative IPC: 1.542481
Cycle: 518645	Best offset: 105	Score: 0	Hit Rate: 0.147173
Index 3
Index 2
Index 1
Index 40
Index 39
Index 38
Index 38
Index 38
Index 37
Index 37
Index 37
Index 53
Index 53
Index 42
Index 37
Index 49
Index 49
Index 37
Index 18
Index 18
Index 29
Index 27
Index 51
Index 18
Index 54
Index 1
Index 54
Index 54
Index 50
Index 54
Index 62
Index 62
Index 60
Index 62
Index 60
Index 53
Index 7
Index 5
Index 52
Index 53
Index 7
Index 53
Index 53
Index 53
Index 45
Index 24
Index 33
Index 23
Index 53
Index 56
Index 27
Index 27
Index 27
Index 27
Index 51
Index 42
Index 55
Index 51
Index 47
Index 51
Index 16
Index 6
Index 57
Index 55
Instructions Retired: 900001 Cycle: 553428 Hearbeat IPC: 2.874996 Cumulative IPC: 1.626230
Cycle: 553428	Best offset: 105	Score: 0	Hit Rate: 0.163208
Index 8
Instructions Retired: 1000002 Cycle: 585614 Hearbeat IPC: 3.106972 Cumulative IPC: 1.707613
Cycle: 585614	Best offset: 105	Score: 0	Hit Rate: 0.168402
Index 32
Index 46
Index 1
Instructions Retired: 1100000 Cycle: 617568 Hearbeat IPC: 3.129436 Cumulative IPC: 1.781180
Cycle: 617568	Best offset: 105	Score: 0	Hit Rate: 0.172056
Index 15
Index 1
Index 18
Index 59
Index 59
Index 59
Index 52
Index 5
Index 42
Index 59
Index 52
Index 3
Index 28
Index 4
Index 19
Index 36
Index 35
Index 11
Index 37
Index 38
Index 58
Index 25
Index 46
Index 0
Index 26
Index 46
Index 45
Index 24
Index 31
Index 38
Index 35
Index 39
Index 23
Index 19
Index 61
Index 55
Index 11
Index 9
Index 16
Index 2
Index 26
Index 10
Index 8
Index 48
Index 26
Index 38
Index 42
Index 15
Index 4
Index 6
Index 7
Index 63
Index 5
Index 11
Index 53
Index 63
Index 4
Index 11
Index 51
Index 33
Index 34
Index 60
Index 40
Index 9
Index 44
Index 32
Index 58
Index 59
Index 22
Index 59
Index 23
Index 50
Index 48
Index 21
Index 11
Index 11
Index 7
Index 18
Index 56
Index 26
Index 46
Index 13
Index 48
Index 26
Index 40
Index 19
Index 33
Index 25
Index 39
Index 40
Index 16
Index 47
Index 12
Index 40
Index 63
Index 24
Index 14
Index 39
Index 57
Index 56
Index 25
Index 18
Index 25
Index 0
Index 57
Index 18
Index 59
Index 32
Index 52
Index 33
Index 11
Index 11
Index 11
Index 18
Index 23
Index 63
Index 32
Index 0
Index 40
Index 50
Index 17
Index 6
Index 50
Index 0
Index 45
Index 45
Index 0
Index 33
Index 13
Index 3
Index 8
Index 27
Index 30
Index 56
Index 54
Index 49
Index 57
Index 30
Index 6
Index 1
Index 28
Index 9
Index 53
Index 0
Index 36
Index 53
Index 10
Index 55
Index 42
Index 17
Index 24
Index 24
Index 36
Index 24
Index 44
Index 46
Index 35
Index 23
Index 24
Index 25
Index 16
Index 1
Index 1
Index 27
Index 14
Index 6
Index 43
Index 7
Index 8
Index 24
Index 48
Index 12
Index 39
Index 6
Index 33
Index 8
Index 60
Index 28
Index 46
Index 22
Index 41
Index 42
Index 60
Index 31
Index 7
Index 56
Index 20
Index 51
Index 38
Index 58
Index 62
Index 29
Index 13
Index 28
Index 54
Index 17
Index 46
Index 13
Index 10
Index 10
Index 54
Index 22
Index 20
Index 57
Index 2
Index 50
Index 47
Index 62
Index 19
Index 23
Index 1
Index 1
Index 8
Index 59
Index 40
Index 6
Index 9
Index 63
Index 24
Index 1
Index 24
Index 25
Index 15
Index 13
Index 58
Index 7
Index 34
Index 35
Index 1
Index 54
Index 41
Index 49
Index 33
Index 15
Index 45
Index 6
Index 20
Index 17
Index 10
Index 10
Index 48
Index 41
Index 20
Index 3
Index 39
Index 58
Index 35
Index 4
Index 43
Index 34
Index 6
Index 11
Index 22
Index 24
Index 23
Index 14
Index 28
Index 38
Index 20
Index 49
Index 18
Index 11
Index 3
Index 3
Index 3
Index 63
Index 46
Index 52
Index 58
Index 34
Index 15
Index 51
Index 27
Index 49
Index 14
Index 6
Index 36
Index 21
Index 38
Index 47
Index 58
Index 50
Index 14
Index 63
Index 59
Index 34
Index 34
Index 23
Index 29
Index 12
Index 40
Index 26
Index 6
Index 0
Index 49
Index 28
Index 18
Index 24
Index 21
Index 5
Index 18
Index 34
Index 31
Index 39
Index 30
Index 19
Index 39
Index 17
Index 51
Index 34
Index 2
Index 49
Index 33
Index 34
Index 18
Index 37
Index 25
Index 11
Index 12
Index 24
Index 33
Index 36
Index 61
Index 19
Index 36
Index 45
Index 40
Index 0
Index 47
Index 49
Index 21
Index 45
Index 1
Index 12
Index 62
Index 26
Index 57
Index 57
Index 18
Index 23
Index 8
Index 44
Index 30
Index 63
Index 60
Index 55
Index 46
Index 14
Index 14
Index 8
Index 8
Index 39
Index 22
Index 26
Index 41
Index 33
Index 41
Index 1
Index 9
Index 21
Index 6
Index 49
Index 0
Index 11
Index 60
Index 61
Index 36
Index 47
Index 59
Index 9
Index 47
Index 11
Index 32
Index 33
Index 35
Index 4
Index 39
Index 57
Index 29
Index 23
Index 5
Index 41
Index 27
Index 51
Index 11
Index 28
Index 19
Index 13
Index 25
Index 61
Index 17
Index 29
Index 30
Index 53
Index 34
Index 52
Index 6
Index 49
Index 32
Index 2
Index 59
Index 16
Index 53
Index 23
Index 2
Index 22
Index 36
Index 16
Index 10
Index 47
Index 40
Index 22
Index 33
Index 25
Index 23
Index 45
Index 24
Index 48
Index 22
Index 13
Index 37
Index 58
Index 41
Index 46
Index 40
Index 24
Index 14
Index 13
Index 53
Index 10
Index 9
Index 48
Index 5
Index 62
Index 41
Index 30
Index 63
Index 31
Index 4
Index 18
Index 38
Index 52
Index 54
Index 33
Index 8
Index 12
Index 4
Index 25
Index 42
Index 60
Index 45
Index 26
Index 27
Index 41
Index 10
Index 42
Index 57
Index 24
Index 48
Index 5
Index 24
Index 48
Index 26
Index 56
Index 34
Index 56
Index 31
Index 12
Index 24
Index 10
Index 18
Index 48
Index 41
Index 34
Index 55
Index 57
Index 15
Index 17
Index 53
Index 34
Index 34
Index 17
Index 53
Index 52
Index 35
Index 34
Index 2
Index 37
Index 33
Index 56
Index 56
Index 9
Index 10
Index 30
Index 62
Index 19
Index 30
Index 43
Index 59
Index 48
Index 56
Index 2
Index 33
Index 61
Index 7
Index 63
Index 26
Index 50
Index 0
Index 26
Index 44
Index 1
Index 46
Index 60
Index 49
Index 31
Index 13
Index 31
Index 7
Index 50
Index 34
Index 35
Index 36
Index 54
Index 49
Index 61
Index 33
Index 15
Index 40
Index 63
Index 33
Index 39
Index 26
Index 11
Index 24
Index 25
Index 34
Index 56
Index 37
Index 41
Index 17
Index 63
Index 41
Index 46
Index 4
Index 20
Index 34
Index 50
Index 42
Index 5
Index 7
Index 4
Index 16
Index 9
Index 52
Index 43
Index 20
Index 43
Index 23
Index 4
Index 18
Index 19
Index 42
Index 31
Index 22
Instructions Retired: 1200000 Cycle: 665971 Hearbeat IPC: 2.065988 Cumulative IPC: 1.801880
Cycle: 665971	Best offset: 105	Score: 0	Hit Rate: 0.133705
Index 0
Index 38
Index 39
Index 6
Index 28
Index 34
Index 21
Index 41
Index 9
Index 31
Index 24
Index 14
Index 28
Index 18
Index 61
Index 15
Index 11
Index 17
Index 22
Index 33
Index 23
Index 19
Index 60
Index 59
Index 9
Index 40
Index 47
Index 29
Index 44
Index 55
Index 63
Index 48
Index 27
Index 55
Index 1
Index 2
Index 5
Index 41
Index 27
Index 33
Index 26
Index 34
Index 8
Index 1
Index 11
Index 63
Index 2
Index 4
Index 23
Index 57
Index 1
Index 34
Index 22
Index 11
Index 12
Index 53
Index 41
Index 55
Index 44
Index 18
Index 29
Index 41
Index 36
Index 54
Index 3
Index 4
Index 39
Index 2
Index 39
Index 10
Index 39
Index 24
Index 28
Index 40
Index 35
Index 16
Index 17
Index 58
Index 60
Index 27
Index 0
Index 7
Index 16
Index 10
Index 30
Index 7
Index 28
Index 24
Index 9
Index 14
Index 63
Index 0
Index 0
Index 43
Index 12
Index 31
Index 38
Index 22
Index 28
Index 33
Index 54
Index 31
Index 12
Index 43
Index 6
Index 11
Index 0
Index 36
Index 52
Index 1
Index 25
Index 55
Index 23
Index 8
Index 26
Index 25
Index 28
Index 30
Index 48
Index 51
Index 20
Index 58
Index 21
Index 35
Index 43
Index 32
Index 4
Index 21
Index 62
Index 11
Index 9
Index 47
Index 13
Index 54
Index 9
Index 15
Index 13
Index 5
Index 18
Index 37
Index 23
Index 27
Index 59
Index 9
Index 61
Index 46
Index 19
Index 0
Index 45
Index 48
Index 15
Index 60
Index 10
Index 61
Index 6
Index 3
Index 47
Index 50
Index 31
Index 57
Index 39
Index 8
Index 27
Index 15
Index 53
Index 8
Index 31
Index 44
Index 24
Index 59
Index 52
Index 26
Index 10
Index 61
Index 15
Index 59
Index 27
Index 6
Index 20
Index 11
Index 46
Index 29
Index 14
Index 57
Index 44
Index 13
Index 3
Index 56
Index 40
Index 44
Index 15
Index 60
Index 34
Index 47
Index 15
Index 35
Index 35
Index 63
Index 25
Index 57
Index 7
Index 2
Index 5
Index 22
Index 6
Index 14
Index 1
Index 8
Index 33
Index 8
Index 25
Index 53
Index 41
Index 33
Index 15
Index 56
Index 49
Index 17
Index 11
Index 35
Index 11
Index 27
Index 27
Index 6
Index 51
Index 57
Index 44
Index 14
Index 62
Index 38
Index 40
Index 46
Index 13
Index 14
Index 56
Index 32
Index 55
Index 57
Index 5
Index 48
Index 4
Index 24
Index 2
Index 53
Index 51
Index 30
Index 54
Index 60
Index 52
Index 43
Index 43
Index 22
Index 40
Index 2
Index 28
Index 19
Index 11
Index 12
Index 42
Index 3
Index 30
Index 1
Index 8
Index 30
Index 43
Index 30
Index 11
Index 52
Index 42
Index 8
Index 49
Index 0
Index 8
Index 31
Index 61
Index 34
Index 30
Index 10
Index 56
Index 22
Index 49
Index 40
Index 44
Index 6
Index 8
Index 46
Index 5
Index 9
Index 34
Index 20
Index 9
Index 44
Index 3
Index 42
Index 54
Index 49
Index 49
Index 32
Index 6
Index 51
Index 54
Index 56
Index 37
Index 13
Index 51
Index 20
Index 32
Index 21
Index 37
Index 13
Index 55
Index 56
Index 15
Index 39
Index 31
Index 41
Index 21
Index 32
Index 21
Index 11
Index 29
Index 3
Index 54
Offset switch to: 127	With score: 1
Index 19
Index 9
Index 35
Index 12
Index 42
Index 51
Index 56
Index 15
Index 17
Index 6
Index 28
Index 53
Index 37
Index 39
Index 34
Index 0
Index 1
Index 41
Index 61
Index 8
Index 30
Index 14
Index 33
Index 48
Index 48
Index 48
Index 33
Index 28
Index 17
Index 45
Index 39
Index 41
Index 58
Index 20
Index 56
Index 13
Index 62
Index 9
Index 56
Index 5
Index 48
Index 23
Index 23
Index 36
Index 57
Index 29
Index 63
Index 21
Index 55
Index 0
Index 24
Index 6
Index 36
Index 24
Index 39
Index 44
Index 47
Index 34
Index 40
Index 38
Index 34
Index 27
Index 62
Index 3
Index 28
Index 0
Index 37
Index 58
Index 0
Index 9
Index 34
Index 39
Index 13
Index 17
Index 5
Index 46
Index 14
Index 23
Index 47
Index 20
Index 9
Index 16
Index 12
Index 53
Index 32
Index 58
Index 11
Index 42
Index 19
Index 52
Index 24
Index 25
Index 34
Index 44
Index 5
Index 39
Index 33
Index 23
Index 25
Index 63
Index 49
Index 28
Index 12
Index 20
Index 0
Index 9
Index 5
Index 34
Index 21
Index 0
Index 45
Index 34
Index 19
Index 19
Index 18
Index 42
Index 21
Index 55
Index 6
Index 16
Index 56
Index 60
Index 9
Index 57
Index 30
Index 4
Index 34
Index 35
Index 50
Index 43
Index 3
Index 45
Index 33
Index 34
Index 38
Index 35
Index 17
Index 48
Index 51
Index 48
Index 35
Index 55
Index 30
Index 45
Index 46
Index 28
Index 60
Index 33
Index 21
Index 58
Index 52
Index 43
Index 2
Index 25
Index 23
Index 46
Index 13
Index 34
Index 6
Index 10
Index 24
Index 7
Index 36
Index 7
Index 28
Index 6
Index 62
Index 46
Index 34
Index 41
Index 31
Index 52
Index 11
Index 28
Index 20
Index 46
Index 54
Index 28
Index 47
Index 44
Index 56
Index 27
Index 39
Index 12
Index 42
Index 63
Index 58
Index 6
Index 26
Index 39
Index 44
Index 33
Index 59
Index 2
Index 19
Index 16
Index 27
Index 51
Index 62
Index 28
Index 50
Index 46
Offset switch to: 27	With score: 1
Index 0
Index 63
Index 11
Index 51
Index 19
Index 41
Index 41
Index 6
Index 0
Index 36
Index 30
Index 56
Index 55
Index 11
Index 7
Index 30
Index 28
Index 34
Index 50
Index 13
Index 5
Index 15
Index 9
Index 16
Index 2
Index 43
Index 42
Index 35
Index 14
Index 34
Index 24
Index 0
Index 10
Index 61
Index 28
Index 36
Index 30
Index 12
Index 17
Index 20
Index 5
Index 48
Index 62
Index 54
Index 54
Index 31
Index 50
Index 32
Index 41
Index 50
Index 32
Index 52
Index 40
Index 56
Index 41
Index 63
Index 7
Index 2
Index 2
Index 45
Index 62
Index 60
Index 60
Index 15
Index 5
Index 5
Index 52
Index 40
Index 22
Index 17
Index 17
Index 4
Index 2
Index 3
Index 22
Index 24
Index 28
Index 13
Index 25
Index 28
Index 4
Index 4
Index 9
Index 0
Index 28
Index 22
Index 44
Index 14
Index 41
Index 43
Index 51
Index 8
Index 61
Index 6
Index 40
Index 39
Index 24
Index 0
Index 5
Index 8
Index 8
Index 8
Index 13
Index 16
Index 13
Index 23
Index 32
Index 29
Index 29
Index 29
Index 28
Index 52
Index 48
Index 46
Index 40
Index 28
Index 20
Index 27
Index 38
Index 34
Index 34
Index 28
Index 63
Index 5
Index 62
Index 53
Index 53
Index 56
Index 48
Index 26
Index 3
Instructions Retired: 1300001 Cycle: 722056 Hearbeat IPC: 1.783026 Cumulative IPC: 1.800416
Cycle: 722056	Best offset: 27	Score: 0	Hit Rate: 0.104757
Index 29
Index 26
Index 28
Index 50
Index 50
Index 19
Index 16
Index 39
Index 6
Index 12
Index 7
Index 21
Index 44
Index 48
Index 14
Index 63
Index 63
Index 30
Index 13
Index 60
Index 51
Index 53
Index 49
Index 52
Index 41
Index 42
Index 37
Index 25
Index 38
Index 59
Index 3
Index 25
Index 6
Index 60
Index 50
Index 50
Index 50
Index 50
Index 21
Index 39
Index 39
Index 39
Index 39
Index 39
Index 39
Index 39
Instructions Retired: 1400000 Cycle: 756186 Hearbeat IPC: 2.929944 Cumulative IPC: 1.851396
Cycle: 756186	Best offset: 27	Score: 0	Hit Rate: 0.117510
Index 25
Index 3
Index 9
Index 30
Index 25
Index 23
Index 21
Index 13
Index 13
Index 56
Index 41
Index 1
Index 15
Index 2
Index 19
Index 10
Index 22
Index 22
Index 0
Index 0
Index 44
Index 20
Index 43
Index 0
Index 48
Index 48
Index 4
Index 7
Index 18
Index 25
Index 33
Index 27
Index 27
Index 28
Index 31
Index 5
Index 33
Index 42
Index 42
Index 42
Index 37
Index 37
Index 63
Index 63
Index 63
Index 1
Index 1
Index 17
Index 0
Index 21
Index 19
Index 23
Index 2
Index 40
Index 42
Index 58
Index 55
Index 12
Index 16
Index 32
Index 60
Index 9
Instructions Retired: 1500001 Cycle: 790322 Hearbeat IPC: 2.929488 Cumulative IPC: 1.897962
Cycle: 790322	Best offset: 27	Score: 0	Hit Rate: 0.138491
Index 45
Index 42
Index 1
Index 6
Index 1
Index 29
Index 29
Index 27
Index 31
Index 63
Index 63
Index 63
Index 63
Index 0
Index 0
Index 0
Index 0
Index 0
Index 0
Index 1
Index 2
Index 3
Index 2
Index 1
Index 62
Index 62
Index 62
Index 1
Index 63
Index 61
Index 9
Index 60
Index 28
Index 38
Index 38
Index 34
Index 18
Index 9
Index 4
Index 0
Index 54
Index 51
Index 60
Index 57
Index 57
Index 57
Index 57
Index 24
Index 29
Index 28
Index 24
Index 24
Index 31
Index 28
Index 28
Index 24
Index 24
Index 32
Index 47
Index 25
Index 25
Index 57
Index 49
Index 39
Index 20
Index 7
Index 58
Index 52
Index 47
Index 60
Index 41
Index 55
Index 53
Index 53
Index 44
Index 49
Instructions Retired: 1600000 Cycle: 825809 Hearbeat IPC: 2.817905 Cumulative IPC: 1.937494
Cycle: 825809	Best offset: 27	Score: 0	Hit Rate: 0.153240
Index 63
Index 61
Index 55
Index 52
Index 23
Index 33
Index 34
Index 34
Index 58
Index 33
Index 33
Index 34
Index 8
Instructions Retired: 1700000 Cycle: 857827 Hearbeat IPC: 3.123243 Cumulative IPC: 1.981752
Cycle: 857827	Best offset: 27	Score: 0	Hit Rate: 0.156744
Index 52
Index 30
Index 1
Index 23
Index 9
Index 9
Index 16
Index 39
Index 9
Index 59
Index 39
Index 1
Index 12
Instructions Retired: 1800000 Cycle: 890004 Hearbeat IPC: 3.107810 Cumulative IPC: 2.022463
Cycle: 890004	Best offset: 27	Score: 0	Hit Rate: 0.161404
Index 0
Index 22
Index 37
Index 37
Index 9
Index 16
Index 11
Index 44
Index 26
Index 15
Index 50
Index 24
Index 55
Index 48
Index 2
Index 56
Index 51
Index 0
Index 25
Index 60
Index 13
Index 0
Index 24
Index 59
Index 2
Index 26
Index 60
Index 62
Index 26
Index 22
Index 5
Index 62
Index 24
Index 57
Index 40
Index 26
Index 13
Index 37
Index 28
Index 22
Index 48
Index 9
Index 46
Index 20
Index 8
Index 9
Index 12
Index 15
Index 2
Index 41
Index 44
Index 26
Index 57
Index 46
Index 54
Index 1
Index 55
Index 63
Index 28
Index 63
Index 0
Index 47
Index 5
Index 30
Index 8
Index 7
Index 2
Index 2
Index 21
Index 58
Index 57
Index 3
Index 0
Index 37
Index 41
Offset switch to: 100	With score: 1
Index 17
Index 55
Index 40
Index 55
Index 10
Index 19
Index 44
Index 25
Index 57
Index 19
Index 44
Index 9
Index 27
Index 43
Index 6
Index 28
Index 30
Index 56
Index 27
Index 12
Index 56
Index 12
Index 48
Index 3
Index 25
Index 8
Index 11
Index 25
Index 16
Index 1
Index 62
Index 9
Index 1
Index 7
Index 62
Index 30
Index 38
Index 50
Index 57
Index 2
Index 5
Index 38
Index 8
Index 31
Index 31
Index 1
Index 6
Index 17
Index 28
Index 8
Index 9
Index 33
Index 45
Index 15
Index 0
Index 26
Index 12
Index 39
Index 27
Index 10
Index 16
Index 41
Index 21
Index 9
Index 26
Index 3
Index 19
Index 3
Index 41
Index 18
Index 11
Index 48
Index 24
Index 41
Index 35
Index 45
Index 9
Index 7
Index 32
Index 36
Index 25
Index 33
Index 54
Index 15
Index 48
Index 23
Index 6
Index 1
Index 36
Index 13
Index 35
Index 56
Index 31
Index 31
Index 13
Index 0
Index 19
Index 36
Index 35
Index 47
Index 45
Index 28
Index 11
Index 13
Index 36
Index 5
Index 32
Index 3
Index 40
Index 3
Index 13
Index 55
Index 15
Index 10
Index 44
Index 34
Index 5
Index 1
Index 21
Index 13
Index 20
Index 51
Index 8
Index 60
Index 14
Index 28
Index 35
Index 47
Index 27
Index 47
Index 58
Index 31
Index 9
Index 44
Index 19
Index 54
Index 52
Index 20
Index 24
Index 9
Index 28
Index 20
Index 32
Index 26
Index 43
Index 22
Index 43
Index 37
Index 33
Index 24
Index 24
Index 21
Index 45
Index 46
Index 19
Index 33
Index 0
Index 10
Index 20
Index 52
Index 61
Index 22
Index 10
Index 21
Index 38
Index 27
Index 14
Index 14
Index 45
Index 37
Index 56
Index 41
Index 26
Index 3
Index 63
Index 14
Index 4
Index 5
Index 31
Index 38
Index 20
Index 5
Index 39
Index 24
Index 39
Index 46
Index 3
Index 30
Index 7
Index 21
Index 22
Index 33
Index 58
Index 26
Index 54
Index 23
Index 36
Index 34
Index 37
Index 9
Index 16
Index 33
Index 7
Index 34
Index 59
Index 44
Index 3
Index 52
Index 1
Index 21
Index 36
Index 30
Index 47
Index 13
Index 29
Index 24
Index 48
Index 62
Index 30
Index 45
Index 41
Index 57
Index 57
Index 32
Index 45
Index 29
Index 47
Index 19
Index 63
Index 47
Index 10
Index 54
Index 2
Index 28
Index 44
Index 13
Index 22
Index 43
Index 15
Index 43
Index 14
Index 10
Index 61
Index 31
Index 22
Index 35
Index 4
Index 18
Index 15
Index 46
Index 40
Index 15
Index 3
Index 31
Index 5
Index 9
Index 53
Index 54
Index 45
Index 54
Index 34
Index 35
Index 21
Index 7
Index 44
Index 25
Index 21
Index 62
Index 52
Index 62
Index 28
Index 57
Index 17
Index 49
Index 0
Index 42
Index 11
Index 12
Index 16
Index 0
Index 22
Index 0
Index 13
Index 48
Index 13
Index 55
Index 3
Index 57
Index 13
Index 49
Index 51
Index 46
Index 28
Index 40
Index 11
Index 42
Index 42
Index 22
Index 14
Index 40
Index 8
Index 40
Index 58
Index 35
Index 4
Index 20
Index 3
Index 46
Index 9
Index 19
Index 15
Instructions Retired: 1900001 Cycle: 930528 Hearbeat IPC: 2.467698 Cumulative IPC: 2.041852
Cycle: 930528	Best offset: 100	Score: 0	Hit Rate: 0.150768
Index 1
Index 51
Index 58
Index 34
Index 9
Index 9
Index 9
Index 61
Index 23
Index 2
Index 22
Index 52
Index 21
Index 31
Index 20
Index 0
Index 1
Index 17
Index 15
Index 53
Index 36
Index 26
Index 8
Index 51
Index 43
Index 0
Index 33
Index 35
Index 5
Index 60
Index 39
Index 24
Index 10
Index 29
Index 54
Index 39
Index 33
Index 23
Index 13
Index 10
Index 26
Index 33
Index 17
Index 22
Index 34
Index 41
Index 23
Index 20
Index 14
Index 23
Index 42
Index 31
Index 55
Index 49
Index 10
Index 54
Index 30
Index 4
Index 45
Index 23
Index 19
Index 0
Index 15
Index 17
Index 1
Index 19
Index 60
Index 50
Index 51
Index 57
Index 58
Index 20
Index 43
Index 46
Index 31
Index 32
Index 38
Index 22
Index 19
Index 52
Index 23
Index 33
Index 2
Index 21
Index 52
Index 25
Index 46
Index 10
Index 7
Index 44
Index 26
Index 23
Index 49
Index 25
Index 55
Index 51
Index 59
Index 48
Index 10
Index 50
Index 4
Index 51
Index 24
Index 31
Index 55
Index 44
Index 6
Index 18
Index 20
Index 60
Index 14
Index 34
Index 0
Index 28
Index 17
Index 62
Index 10
Index 33
Index 1
Index 49
Index 18
Index 15
Index 11
Index 16
Index 41
Index 52
Index 43
Index 59
Index 63
Index 45
Index 33
Index 13
Index 14
Index 18
Index 32
Index 40
Index 12
Index 6
Index 7
Index 8
Index 32
Index 18
Index 13
Index 42
Index 11
Index 16
Index 11
Index 12
Index 21
Index 27
Index 45
Index 58
Index 9
Index 32
Index 49
Index 36
Index 12
Index 15
Index 41
Index 18
Index 56
Index 60
Index 54
Index 53
Index 45
Index 42
Index 9
Index 34
Index 0
Index 25
Index 39
Index 25
Index 55
Index 0
Index 27
Index 37
Index 27
Index 37
Index 19
Offset switch to: 70	With score: 1
Index 51
Index 47
Index 27
Index 8
Index 26
Index 39
Index 56
Index 18
Index 34
Index 15
Index 50
Index 48
Index 33
Index 48
Index 52
Index 60
Index 6
Index 13
Index 49
Index 60
Index 46
Index 39
Index 7
Index 11
Index 15
Index 18
Index 26
Index 19
Index 56
Index 44
Index 17
Index 0
Index 57
Index 58
Index 10
Index 33
Index 35
Index 37
Index 43
Index 49
Index 25
Index 20
Index 27
Index 22
Index 53
Index 2
Index 50
Index 6
Index 55
Index 46
Index 29
Index 37
Index 19
Index 62
Index 63
Index 49
Index 28
Index 3
Index 46
Index 52
Index 22
Index 53
Index 15
Index 16
Index 8
Index 61
Index 39
Index 59
Index 12
Index 4
Index 26
Index 0
Index 24
Index 7
Index 3
Index 21
Index 14
Index 63
Index 41
Index 26
Index 13
Index 4
Index 1
Index 36
Index 57
Index 52
Index 23
Index 45
Index 17
Index 34
Index 11
Index 10
Index 56
Index 0
Index 38
Index 24
Index 29
Index 9
Index 22
Index 45
Index 49
Index 5
Index 45
Index 45
Index 0
Index 37
Index 32
Index 22
Index 6
Index 24
Index 57
Index 27
Index 1
Index 54
Index 59
Index 29
Index 52
Index 31
Index 34
Index 34
Index 18
Index 47
Index 6
Index 20
Index 8
Index 18
Index 10
Index 34
Index 20
Index 54
Index 8
Index 34
Index 3
Index 27
Index 25
Index 0
Index 6
Index 50
Index 35
Index 5
Index 40
Index 24
Index 16
Index 27
Index 33
Index 15
Index 8
Index 10
Index 8
Index 48
Index 15
Index 18
Index 13
Index 27
Index 49
Index 3
Index 4
Index 62
Index 35
Index 24
Index 21
Index 46
Index 14
Index 13
Index 34
Index 37
Index 59
Index 35
Index 11
Index 60
Index 13
Index 23
Index 45
Index 12
Index 11
Index 20
Index 32
Index 47
Index 33
Index 8
Index 22
Index 33
Index 1
Index 54
Index 37
Index 11
Index 2
Index 30
Index 3
Index 54
Index 14
Index 7
Index 49
Index 42
Index 6
Index 42
Index 25
Index 36
Index 6
Index 20
Index 46
Index 12
Index 28
Index 25
Index 52
Index 34
Index 12
Index 39
Index 4
Index 43
Index 41
Index 43
Index 62
Index 46
Index 7
Index 21
Index 16
Index 25
Index 10
Index 59
Index 18
Index 59
Index 56
Index 0
Index 61
Index 48
Index 20
Index 1
Index 17
Index 62
Index 6
Index 59
Index 18
Index 34
Index 31
Index 31
Index 19
Index 29
Index 0
Index 49
Index 39
Index 30
Index 18
Index 55
Index 27
Index 31
Index 57
Index 8
Index 51
Index 2
Index 53
Index 29
Index 5
Index 11
Index 59
Index 15
Index 32
Index 8
Index 33
Index 8
Index 10
Index 51
Index 31
Index 39
Index 47
Index 29
Index 10
Index 58
Index 33
Index 2
Index 14
Index 37
Index 44
Index 32
Index 17
Index 0
Index 36
Index 31
Index 55
Index 17
Index 10
Index 25
Index 6
Index 6
Index 49
Index 31
Index 57
Index 55
Index 43
Index 52
Index 3
Index 63
Index 45
Index 5
Index 28
Index 13
Index 52
Index 22
Index 55
Index 0
Index 28
Index 18
Index 58
Index 40
Index 54
Index 23
Index 25
Index 5
Index 31
Index 42
Index 61
Index 31
Index 42
Index 63
Index 0
Index 1
Index 28
Index 2
Index 29
Index 26
Index 3
Index 53
Index 46
Index 7
Index 36
Index 1
Index 53
Index 49
Index 23
Index 61
Index 8
Index 25
Index 62
Index 23
Index 4
Index 12
Index 18
Index 57
Index 25
Index 58
Index 61
Index 23
Index 20
Index 26
Index 15
Index 21
Index 9
Index 27
Index 21
Index 0
Index 31
Index 16
Index 19
Index 57
Index 53
Index 40
Index 21
Index 29
Index 46
Index 13
Index 31
Index 8
Index 5
Index 1
Index 1
Index 25
Index 43
Index 22
Index 20
Index 19
Index 49
Index 52
Index 25
Index 47
Index 42
Index 17
Index 20
Index 15
Index 12
Index 45
Index 36
Index 48
Index 32
Index 17
Index 48
Index 8
Index 6
Index 44
Index 46
Index 0
Index 54
Index 1
Index 28
Index 43
Index 13
Index 3
Index 20
Index 36
Index 21
Index 55
Index 47
Index 39
Index 25
Index 60
Index 33
Index 4
Index 23
Index 54
Index 21
Index 13
Index 6
Index 38
Index 1
Index 28
Index 46
Index 39
Index 25
Index 10
Index 28
Index 24
Index 58
Index 5
Index 26
Index 15
Index 37
Index 40
Index 33
Index 57
Index 7
Index 8
Index 37
Index 1
Index 28
Index 34
Index 5
Index 13
Index 54
Index 34
Index 23
Index 14
Index 10
Index 42
Index 6
Index 35
Index 14
Index 33
Index 61
Index 6
Index 49
Index 13
Index 2
Index 25
Index 36
Index 63
Index 32
Index 17
Index 40
Index 38
Index 31
Index 1
Index 61
Index 62
Index 61
Index 4
Index 50
Index 1
Index 28
Index 33
Index 26
Index 18
Index 7
Index 8
Index 23
Index 4
Index 59
Index 29
Index 15
Index 39
Index 53
Index 17
Index 2
Index 56
Index 2
Index 55
Index 15
Index 24
Index 13
Index 44
Index 17
Index 42
Index 13
Index 38
Index 23
Index 7
Index 18
Index 33
Index 6
Index 41
Index 13
Index 31
Index 27
Index 6
Index 41
Index 54
Index 53
Index 22
Index 15
Index 6
Index 11
Index 24
Index 31
Index 52
Index 8
Index 52
Index 30
Index 15
Index 23
Index 32
Index 19
Index 17
Index 33
Index 36
Index 26
Index 27
Index 8
Index 30
Index 55
Index 9
Index 57
Index 40
Index 54
Index 5
Index 59
Index 39
Index 44
Index 19
Index 53
Index 34
Index 55
Index 22
Index 18
Index 8
Index 29
Index 38
Index 31
Index 6
Index 0
Index 37
Index 4
Index 1
Index 38
Index 32
Index 57
Index 2
Index 13
Index 34
Index 55
Index 27
Index 39
Index 1
Index 50
Index 11
Index 30
Index 39
Index 47
Index 16
Index 45
Index 57
Index 15
Index 7
Index 43
Index 0
Index 37
Index 26
Index 9
Index 8
Index 0
Index 34
Index 32
Index 6
Index 27
Index 12
Index 17
Index 15
Index 40
Index 16
Index 62
Index 4
Index 4
Index 44
Index 41
Index 3
Index 3
Index 10
Index 22
Index 10
Index 57
Index 58
Index 63
Index 6
Index 55
Index 63
Index 48
Index 6
Index 52
Index 31
Index 0
Index 45
Index 6
Index 10
Index 51
Index 51
Index 6
Index 6
Index 2
Index 37
Index 32
Index 19
Index 15
Index 43
Index 23
Index 6
Index 9
Index 40
Index 9
Index 12
Index 7
Index 16
Index 50
Index 50
Index 51
Index 51
Index 42
Index 13
Index 7
Index 5
Index 44
Index 16
Index 45
Index 59
Index 6
Index 46
Index 3
Index 43
Index 43
Index 41
Index 43
Index 62
Index 13
Index 24
Index 54
Index 48
Index 46
Index 46
Index 41
Index 48
Index 36
Index 56
Index 33
Index 36
Index 13
Index 55
Index 53
Index 53
Index 35
Instructions Retired: 2000004 Cycle: 980232 Hearbeat IPC: 2.011971 Cumulative IPC: 2.040337
Cycle: 980232	Best offset: 70	Score: 0	Hit Rate: 0.121886
Index 44
Index 36
Index 21
Index 20
Index 20
Index 4
Index 28
Index 20
Index 42
Index 17
Index 45
Index 10
Index 10
Index 17
Index 11
Index 25
Index 25
Index 29
Index 13
Index 54
Index 47
Index 1
Index 1
Index 22
Instructions Retired: 2100001 Cycle: 1013422 Hearbeat IPC: 3.012865 Cumulative IPC: 2.072188
Cycle: 1013422	Best offset: 70	Score: 0	Hit Rate: 0.124225
Index 44
Index 31
Index 31
Index 43
Index 28
Index 28
Index 25
Index 22
Index 37
Index 27
Index 53
Index 39
Index 52
Index 5
Index 44
Index 22
Index 42
Index 15
Index 15
Index 38
Index 30
Index 28
Index 48
Index 17
Index 63
Index 51
Index 51
Index 2
Index 2
Index 42
Index 9
Index 21
Index 47
Index 24
Index 56
Index 8
Index 8
Index 36
Index 51
Index 20
Index 54
Index 62
Index 27
Index 40
Index 7
Index 22
Index 23
Index 46
Index 8
Index 18
Index 24
Index 24
Index 39
Index 40
Index 40
Index 40
Index 40
Index 0
Index 36
Index 33
Index 62
Index 49
Instructions Retired: 2200000 Cycle: 1047186 Hearbeat IPC: 2.961705 Cumulative IPC: 2.100868
Cycle: 1047186	Best offset: 70	Score: 0	Hit Rate: 0.137293
Index 0
Index 47
Index 37
Index 12
Index 30
Index 2
Index 53
Index 59
Index 27
Index 23
Index 12
Index 4
Index 27
Index 6
Index 22
Index 19
Index 1
Index 1
Index 13
Index 23
Index 23
Index 23
Index 53
Index 49
Index 60
Index 21
Index 47
Index 30
Index 40
Index 44
Index 1
Index 63
Index 0
Index 17
Index 46
Index 42
Instructions Retired: 2300001 Cycle: 1082265 Hearbeat IPC: 2.850737 Cumulative IPC: 2.125174
Cycle: 1082265	Best offset: 70	Score: 0	Hit Rate: 0.145566
Index 55
Index 9
Index 10
Index 50
Index 52
Index 19
Instructions Retired: 2400001 Cycle: 1114125 Hearbeat IPC: 3.138732 Cumulative IPC: 2.154158
Cycle: 1114125	Best offset: 70	Score: 0	Hit Rate: 0.146777
Index 23
Index 29
Index 29
Index 6
Index 7
Index 7
Index 52
Index 57
Index 32
Index 8
Instructions Retired: 2500000 Cycle: 1146070 Hearbeat IPC: 3.130349 Cumulative IPC: 2.181368
Cycle: 1146070	Best offset: 70	Score: 0	Hit Rate: 0.148686
Index 61
Index 61
Index 13
Index 11
Index 10
Index 63
Index 23
Index 16
Index 16
Index 5
Index 39
Index 25
Index 42
Index 62
Index 59
Index 28
Index 12
Index 6
Index 61
Index 16
Index 37
Index 63
Index 57
Index 2
Index 55
Index 1
Index 12
Index 19
Index 20
Index 38
Index 3
Index 51
Index 28
Index 8
Index 63
Index 34
Index 34
Index 52
Index 13
Index 12
Index 46
Index 11
Index 49
Index 10
Index 20
Index 22
Index 1
Index 33
Index 23
Index 31
Index 24
Index 26
Index 52
Index 28
Index 56
Index 0
Index 3
Index 6
Index 3
Index 4
Index 5
Index 15
Index 58
Index 20
Index 2
Index 1
Index 60
Index 29
Index 21
Index 22
Index 44
Index 45
Index 3
Index 9
Index 3
Index 0
Index 5
Index 1
Index 14
Index 28
Index 26
Index 42
Index 15
Index 15
Index 60
Index 31
Index 32
Index 39
Index 29
Index 57
Index 25
Index 1
Index 16
Index 30
Index 57
Index 16
Index 21
Index 35
Index 31
Index 29
Index 34
Index 5
Index 50
Index 12
Index 52
Index 12
Index 3
Index 48
Index 10
Index 28
Index 14
Index 49
Index 38
Index 36
Index 39
Index 24
Index 12
Index 43
Index 12
Index 29
Index 62
Index 40
Index 60
Index 28
Index 53
Index 61
Index 49
Index 9
Index 4
Index 42
Index 39
Index 28
Index 32
Index 22
Index 24
Index 57
Index 30
Index 45
Index 32
Index 52
Index 27
Index 36
Index 62
Index 51
Index 25
Index 48
Index 3
Index 53
Index 50
Index 16
Index 25
Index 35
Index 12
Index 26
Index 39
Index 62
Index 55
Index 8
Index 18
Index 31
Index 63
Index 50
Index 38
Index 20
Index 23
Index 16
Index 46
Index 26
Index 21
Index 38
Index 17
Index 7
Index 26
Index 3
Index 40
Index 45
Index 28
Index 3
Index 21
Index 42
Index 1
Index 44
Index 54
Index 36
Index 15
Index 32
Index 45
Index 18
Index 22
Index 35
Index 54
Index 55
Index 28
Index 44
Index 42
Index 42
Index 59
Index 5
Index 30
Index 53
Index 34
Index 10
Index 29
Index 36
Instructions Retired: 2600000 Cycle: 1181834 Hearbeat IPC: 2.796108 Cumulative IPC: 2.199970
Cycle: 1181834	Best offset: 70	Score: 0	Hit Rate: 0.145793
Index 5
Index 51
Index 47
Offset switch to: 78	With score: 1
Index 41
Index 2
Index 37
Index 40
Index 54
Index 62
Index 11
Index 26
Index 36
Index 56
Index 25
Index 9
Index 12
Index 13
Index 33
Index 46
Index 52
Index 35
Index 27
Index 30
Index 5
Index 13
Index 27
Index 31
Index 15
Index 17
Index 21
Index 40
Index 3
Index 56
Index 63
Index 0
Index 17
Index 61
Index 20
Index 35
Index 10
Index 57
Index 43
Index 21
Index 56
Index 54
Index 60
Index 30
Index 48
Index 52
Index 32
Index 47
Index 63
Index 45
Index 43
Index 18
Index 36
Index 45
Index 14
Index 29
Index 39
Index 56
Index 11
Index 40
Index 60
Index 51
Index 30
Index 39
Index 43
Index 1
Index 47
Index 11
Index 46
Index 47
Index 60
Index 16
Index 58
Index 19
Index 62
Index 17
Index 19
Index 40
Index 44
Index 53
Index 11
Index 41
Index 54
Index 62
Index 23
Index 38
Index 56
Index 26
Index 35
Index 1
Index 32
Index 26
Index 60
Index 3
Index 35
Index 31
Index 3
Index 32
Index 61
Index 0
Index 6
Index 34
Index 11
Index 22
Index 16
Index 19
Index 58
Index 30
Index 39
Index 51
Index 9
Index 48
Index 20
Index 2
Index 1
Index 15
Index 6
Index 0
Index 52
Index 5
Index 62
Index 37
Index 48
Index 2
Index 33
Index 5
Index 3
Index 40
Index 4
Index 5
Index 33
Index 11
Index 36
Index 39
Index 26
Index 47
Index 33
Index 18
Index 25
Index 7
Index 27
Index 10
Index 56
Index 16
Index 31
Index 30
Index 62
Index 44
Index 29
Index 51
Index 59
Index 45
Index 3
Index 23
Index 45
Index 35
Index 47
Index 31
Index 33
Index 40
Index 6
Index 62
Index 23
Index 56
Index 46
Index 20
Index 26
Index 39
Index 11
Index 2
Index 0
Index 20
Index 62
Index 40
Index 11
Index 47
Index 20
Index 1
Index 2
Index 5
Index 60
Index 62
Index 46
Index 14
Index 45
Index 56
Index 29
Index 54
Index 30
Index 63
Index 17
Index 14
Index 36
Index 1
Index 22
Index 19
Index 37
Index 15
Index 24
Index 36
Index 53
Index 51
Index 7
Index 46
Index 46
Index 34
Index 56
Index 20
Index 61
Index 45
Index 20
Index 43
Index 61
Index 44
Index 53
Index 14
Index 51
Index 53
Index 45
Index 60
Index 22
Index 3
Index 42
Index 16
Index 14
Index 9
Index 21
Index 59
Index 14
Index 35
Index 33
Index 22
Index 7
Index 30
Index 49
Index 25
Index 55
Index 61
Index 13
Index 14
Index 42
Index 11
Index 49
Index 38
Index 20
Index 57
Index 40
Index 28
Index 28
Index 11
Index 16
Index 58
Index 56
Index 38
Index 29
Index 43
Index 57
Index 42
Index 9
Index 63
Index 11
Index 40
Index 58
Index 43
Index 53
Index 12
Index 53
Index 3
Index 16
Index 25
Index 2
Index 36
Index 58
Index 20
Index 40
Index 4
Index 16
Index 17
Index 31
Index 13
Index 12
Index 20
Index 29
Index 22
Index 54
Index 5
Index 23
Index 40
Index 49
Index 18
Index 45
Index 0
Index 44
Index 9
Index 46
Index 26
Index 45
Index 41
Index 40
Index 3
Index 46
Index 0
Index 27
Index 13
Index 16
Index 29
Index 7
Index 43
Index 44
Index 49
Index 58
Index 31
Index 32
Index 9
Index 35
Index 1
Index 8
Index 51
Index 30
Index 45
Index 42
Index 10
Index 11
Index 28
Index 7
Index 38
Index 9
Index 60
Index 9
Index 41
Index 29
Index 53
Index 36
Index 41
Index 56
Index 1
Index 25
Index 22
Index 4
Index 27
Index 37
Index 55
Index 11
Index 49
Index 23
Index 12
Index 33
Index 52
Index 1
Index 2
Index 17
Index 12
Index 6
Index 51
Index 35
Index 57
Index 42
Index 2
Index 35
Index 51
Index 58
Index 44
Index 40
Index 41
Index 24
Index 25
Index 42
Index 41
Index 35
Index 9
Index 50
Index 29
Index 24
Index 10
Index 32
Index 3
Index 38
Index 19
Index 48
Index 8
Index 16
Index 32
Index 2
Index 24
Index 48
Index 17
Index 19
Index 24
Index 9
Index 41
Index 1
Index 1
Index 45
Index 37
Index 21
Index 31
Index 57
Index 28
Index 41
Index 5
Index 10
Index 11
Index 0
Index 31
Index 49
Index 25
Index 5
Index 49
Index 62
Index 63
Index 19
Index 4
Index 18
Index 54
Index 8
Index 24
Index 16
Index 9
Index 28
Index 19
Index 29
Index 40
Index 18
Index 45
Index 48
Index 61
Index 45
Index 31
Index 21
Index 24
Index 31
Index 23
Index 19
Index 57
Index 16
Index 45
Index 52
Index 24
Index 21
Index 7
Index 47
Index 28
Index 37
Index 57
Index 1
Index 56
Index 28
Index 13
Index 2
Index 26
Index 6
Index 14
Index 46
Index 62
Index 29
Index 50
Index 18
Index 28
Index 16
Index 24
Index 3
Index 46
Index 4
Index 37
Index 0
Index 38
Index 30
Index 3
Index 9
Index 10
Index 23
Index 34
Index 58
Index 26
Index 56
Index 11
Index 37
Index 7
Index 50
Index 30
Index 15
Index 12
Index 29
Index 24
Index 36
Index 1
Index 2
Index 51
Index 9
Index 24
Index 56
Index 47
Index 33
Index 7
Index 10
Index 38
Index 3
Index 51
Index 8
Index 9
Index 36
Index 54
Index 52
Index 39
Index 49
Index 15
Index 53
Index 31
Index 35
Index 44
Index 47
Index 52
Index 24
Index 12
Index 37
Index 38
Index 29
Index 61
Index 57
Index 30
Index 31
Index 30
Index 30
Index 12
Index 3
Index 35
Index 23
Index 14
Index 28
Index 34
Index 48
Index 6
Index 14
Index 42
Index 29
Index 59
Index 2
Index 41
Index 7
Index 60
Index 45
Index 60
Index 36
Index 0
Index 31
Index 17
Index 39
Index 40
Index 58
Index 9
Index 7
Index 31
Index 62
Index 35
Index 12
Index 18
Index 4
Index 8
Index 50
Index 16
Index 62
Index 7
Index 30
Index 28
Index 62
Index 12
Index 60
Index 58
Index 41
Index 62
Index 40
Index 16
Index 39
Index 41
Index 3
Index 47
Index 10
Index 17
Index 53
Index 23
Index 15
Index 37
Index 7
Index 48
Index 12
Index 38
Index 32
Index 63
Index 55
Index 41
Index 14
Index 4
Index 57
Index 44
Index 28
Index 3
Index 11
Index 20
Index 22
Index 51
Index 26
Index 28
Index 39
Index 4
Index 15
Index 15
Index 41
Index 14
Index 2
Index 1
Index 53
Index 4
Index 37
Index 28
Index 19
Index 24
Index 4
Index 3
Index 13
Index 10
Index 25
Index 45
Index 30
Index 45
Index 40
Index 39
Index 49
Index 56
Index 38
Index 31
Index 49
Index 40
Index 13
Index 25
Index 55
Index 59
Index 56
Index 58
Index 59
Index 54
Index 3
Index 13
Index 57
Index 53
Index 39
Index 54
Index 59
Index 56
Index 29
Index 59
Index 11
Index 38
Index 14
Index 16
Index 40
Index 50
Index 20
Index 42
Index 52
Index 22
Index 8
Index 59
Index 58
Index 58
Index 18
Index 2
Index 46
Index 12
Index 23
Index 25
Index 5
Index 25
Index 37
Index 46
Index 34
Index 3
Index 31
Index 58
Index 38
Index 0
Index 15
Index 13
Index 59
Index 14
Index 12
Index 48
Index 36
Index 47
Index 5
Index 7
Index 59
Index 33
Index 0
Index 23
Index 14
Index 32
Index 31
Index 53
Index 43
Index 47
Index 3
Index 50
Index 24
Index 16
Index 8
Index 14
Index 50
Index 28
Index 58
Index 29
Index 47
Index 43
Index 31
Index 29
Index 60
Index 16
Index 28
Index 47
Index 16
Index 11
Index 8
Index 46
Index 6
Index 34
Index 19
Index 15
Index 42
Index 59
Index 43
Index 15
Index 40
Index 51
Index 45
Index 4
Index 22
Index 35
Index 53
Index 19
Index 33
Index 46
Index 58
Index 48
Index 19
Index 17
Index 49
Index 57
Index 3
Index 50
Index 11
Index 52
Index 27
Index 37
Index 25
Index 28
Index 18
Index 10
Index 39
Index 10
Index 45
Index 15
Index 18
Index 8
Index 28
Index 23
Index 61
Index 34
Index 45
Index 56
Index 9
Index 36
Index 49
Index 15
Index 12
Index 48
Index 8
Index 24
Index 42
Index 32
Index 47
Index 17
Index 25
Index 20
Index 40
Index 11
Index 57
Index 60
Index 15
Index 54
Index 11
Index 37
Index 25
Index 48
Index 55
Index 38
Index 53
Index 40
Index 49
Index 29
Index 23
Index 32
Index 47
Index 62
Index 63
Index 16
Index 53
Index 27
Index 33
Index 19
Index 46
Index 27
Index 52
Index 5
Index 42
Index 62
Index 13
Index 28
Index 27
Index 47
Index 36
Index 46
Index 23
Index 46
Index 52
Index 62
Index 16
Index 32
Index 42
Index 50
Index 58
Index 45
Index 20
Index 28
Index 4
Index 5
Index 57
Index 47
Index 43
Index 30
Index 40
Index 27
Index 46
Index 37
Index 58
Index 45
Index 14
Index 38
Index 8
Index 25
Index 20
Index 54
Index 49
Index 34
Index 49
Index 62
Index 17
Index 20
Index 12
Index 29
Index 54
Index 49
Index 51
Index 29
Index 57
Index 19
Index 47
Index 63
Offset switch to: 43	With score: 1
Index 54
Index 22
Index 24
Index 49
Index 34
Index 37
Index 21
Index 21
Index 36
Index 14
Index 49
Index 49
Index 22
Index 47
Index 28
Index 28
Index 59
Index 32
Index 14
Index 5
Index 12
Index 5
Index 6
Index 36
Index 7
Index 16
Index 28
Index 37
Index 0
Index 47
Index 16
Index 24
Index 33
Index 30
Index 22
Index 43
Index 10
Index 62
Index 42
Index 22
Index 51
Index 49
Index 58
Index 28
Index 8
Offset switch to: 26	With score: 1
Index 35
Index 48
Index 57
Index 35
Index 1
Index 13
Index 5
Index 19
Index 19
Index 1
Index 3
Index 53
Index 58
Index 23
Index 21
Index 58
Index 27
Index 14
Index 43
Index 28
Index 28
Index 32
Index 32
Index 30
Index 26
Index 50
Index 1
Index 59
Index 0
Index 36
Index 16
Index 63
Index 61
Index 37
Index 37
Index 0
Index 63
Index 50
Index 8
Index 12
Index 24
Index 24
Index 40
Index 40
Index 40
Index 56
Index 56
Index 30
Index 30
Index 29
Index 10
Index 38
Index 8
Index 16
Index 16
Index 13
Index 45
Index 33
Index 29
Index 47
Index 47
Index 48
Index 22
Index 61
Index 3
Index 13
Index 23
Index 15
Index 15
Index 29
Index 45
Index 61
Index 1
Index 23
Index 23
Index 22
Index 48
Index 9
Index 58
Index 40
Index 45
Index 4
Index 59
Index 3
Index 14
Index 59
Index 7
Index 37
Index 42
Index 51
Index 56
Index 1
Index 6
Index 10
Index 32
Index 37
Index 39
Index 34
Index 38
Index 41
Index 45
Index 46
Index 41
Index 51
Index 48
Index 5
Index 9
Index 0
Index 1
Index 60
Index 2
Index 57
Index 62
Index 0
Index 31
Index 34
Index 31
Index 37
Index 34
Index 40
Index 37
Index 45
Index 40
Index 50
Index 52
Index 46
Index 5
Index 4
Index 56
Index 63
Index 30
Index 34
Index 40
Index 34
Index 37
Index 40
Index 42
Index 37
Index 49
Index 42
Index 59
Index 49
Index 53
Index 60
Index 57
Index 1
Index 29
Index 31
Index 34
Index 39
Index 36
Index 43
Index 47
Index 40
Index 43
Index 0
Index 4
Index 50
Index 0
Index 57
Index 63
Index 56
Index 60
Index 3
Index 29
Index 32
Index 37
Index 34
Index 40
Index 44
Index 38
Index 40
Index 52
Index 1
Index 48
Index 52
Index 60
Index 0
Index 31
Index 37
Index 34
Index 37
Index 42
Index 43
Index 48
Index 40
Index 58
Index 46
Index 50
Index 58
Index 3
Index 57
Index 1
Index 28
Index 31
Index 35
Index 38
Index 42
Index 36
Index 38
Index 49
Index 54
Index 46
Index 49
Index 1
Index 59
Index 61
Index 1
Index 30
Index 33
Index 37
Index 41
Index 42
Index 39
Index 49
Index 44
Index 55
Index 51
Index 60
Index 29
Index 35
Index 32
Index 35
Index 38
Index 41
Index 36
Index 40
Index 42
Index 46
Index 55
Index 54
Index 58
Index 3
Index 6
Index 21
Index 41
Index 41
Index 41
Index 26
Index 60
Index 3
Index 19
Index 18
Index 37
Index 49
Index 48
Index 3
Index 56
Index 35
Index 27
Index 49
Index 16
Index 26
Index 42
Index 54
Index 38
Index 61
Index 8
Index 3
Index 21
Index 44
Index 33
Index 33
Index 46
Index 26
Index 24
Index 22
Index 16
Index 54
Index 15
Index 15
Index 36
Index 35
Index 35
Index 35
Index 39
Index 39
Index 4
Index 17
Index 43
Index 60
Index 63
Index 3
Index 43
Index 35
Index 53
Index 17
Index 20
Index 20
Instructions Retired: 2700003 Cycle: 1279658 Hearbeat IPC: 1.022275 Cumulative IPC: 2.109941
Cycle: 1279658	Best offset: 26	Score: 0	Hit Rate: 0.121407
Index 36
Index 4
Index 0
Index 58
Index 62
Index 62
Index 59
Index 10
Index 24
Index 51
Index 62
Index 38
Index 21
Instructions Retired: 2800002 Cycle: 1311766 Hearbeat IPC: 3.114457 Cumulative IPC: 2.134529
Cycle: 1311766	Best offset: 26	Score: 0	Hit Rate: 0.122510
Index 30
Index 30
Index 26
Index 57
Index 30
Index 26
Index 21
Index 30
Index 33
Index 58
Index 58
Index 3
Index 22
Index 44
Index 26
Index 52
Index 62
Index 53
Index 54
Index 56
Index 44
Index 62
Index 32
Index 17
Index 0
Index 30
Index 14
Index 49
Index 53
Index 55
Index 3
Index 3
Index 3
Index 45
Index 59
Index 54
Index 54
Index 19
Index 36
Index 36
Index 36
Index 36
Index 36
Index 40
Index 40
Index 40
Index 40
Index 23
Index 44
Index 3
Index 46
Index 31
Index 31
Index 26
Index 24
Index 24
Index 14
Index 13
Index 59
Index 44
Index 5
Index 17
Index 21
Index 22
Index 21
Index 18
Index 8
Index 0
Index 32
Index 11
Index 4
Index 5
Index 28
Index 52
Index 52
Index 56
Index 21
Index 61
Index 38
Index 23
Index 38
Index 13
Index 13
Index 13
Index 63
Index 20
Index 20
Index 46
Index 36
Index 0
Index 55
Index 55
Index 55
Index 55
Index 55
Index 55
Index 55
Index 55
Index 2
Index 2
Index 2
Index 3
Index 38
Index 62
Index 62
Index 62
Index 45
Index 15
Index 15
Instructions Retired: 2900004 Cycle: 1348147 Hearbeat IPC: 2.748743 Cumulative IPC: 2.151104
Cycle: 1348147	Best offset: 26	Score: 0	Hit Rate: 0.136420
Index 6
Index 5
Index 62
Index 20
Index 48
Index 6
Index 14
Index 51
Index 2
Index 26
Index 29
Index 26
Index 26
Index 42
Index 15
Index 15
Index 37
Index 6
Index 60
Index 17
Index 17
Index 24
Index 22
Index 22
Index 7
Index 7
Index 6
Index 58
Index 42
Index 59
Index 2
Index 55
Index 13
Index 32
Index 11
Index 11
Index 20
Index 51
Index 19
Index 0
Index 56
Index 4
Index 0
Index 0
Index 0
Index 4
Index 4
Index 4
Index 59
Index 55
Index 63
Index 63
Index 63
Index 63
Index 63
Index 63
Index 63
Index 63
Index 2
Index 3
Index 12
Index 49
Index 3
Index 36
Instructions Retired: 3000000 Cycle: 1383312 Hearbeat IPC: 2.843623 Cumulative IPC: 2.168708
Cycle: 1383312	Best offset: 26	Score: 0	Hit Rate: 0.145343
Index 53
Index 32
Index 27
Index 55
Index 5
Index 46
Index 38
Index 28
Index 27
Index 27
Index 4
Index 4
Index 4
Index 40
Index 30
Index 36

Simulation complete. Instructions retired: 3099755 Cycles elapsed: 1415466 IPC: 2.189918

Prefetcher final stats
