
*** Data Prefetching Championship 2 Simulator ***

Warmup Instructions: 10000000
Simulation Instructions: 100000000
Scramble loads OFF
Using 1MB Last Level Cache
Using 12.8 GB/s DRAM bandwidth
ISB Lite, size: 170176 bits = 20.773438 KB
Knobs visible from prefetcher: 0 0 0
  add to prefetch queue
  add to prefetch queue
  add to prefetch queue
  add to prefetch queue
  add to prefetch queue
  add to prefetch queue
  add to prefetch queue
  add to prefetch queue
  add to prefetch queue
  add to prefetch queue
  add to prefetch queue
  add to prefetch queue
  add to prefetch queue
  add to prefetch queue
  add to prefetch queue
  add to prefetch queue
  add to prefetch queue
  add to prefetch queue
  add to prefetch queue
  add to prefetch queue
  add to prefetch queue
  add to prefetch queue
  add to prefetch queue
  add to prefetch queue
  add to prefetch queue
  add to prefetch queue
  add to prefetch queue
  add to prefetch queue
  add to prefetch queue
  add to prefetch queue
  add to prefetch queue
  add to prefetch queue
  add to prefetch queue
  add to prefetch queue
  add to prefetch queue
  add to prefetch queue
  add to prefetch queue
  add to prefetch queue
  add to prefetch queue
  add to prefetch queue
  add to prefetch queue
Instructions Retired: 100001 Cycle: 52450 Hearbeat IPC: 1.906597 Cumulative IPC: 1.906597
Prefetcher heartbeat stats
  add to prefetch queue
  add to prefetch queue
  add to prefetch queue
  add to prefetch queue
  add to prefetch queue
  add to prefetch queue
  add to prefetch queue
  add to prefetch queue
  add to prefetch queue
  add to prefetch queue
  add to prefetch queue
  add to prefetch queue
  add to prefetch queue
  add to prefetch queue
  add to prefetch queue
  add to prefetch queue
  add to prefetch queue
  add to prefetch queue
  add to prefetch queue
  add to prefetch queue
  add to prefetch queue
  add to prefetch queue
  add to prefetch queue
  add to prefetch queue
  add to prefetch queue
  add to prefetch queue
  add to prefetch queue
  add to prefetch queue
  add to prefetch queue
  add to prefetch queue
  add to prefetch queue
  add to prefetch queue
  add to prefetch queue
  add to prefetch queue
  add to prefetch queue
  add to prefetch queue
  add to prefetch queue
  add to prefetch queue
  add to prefetch queue
  add to prefetch queue
  add to prefetch queue
  add to prefetch queue
  add to prefetch queue
  add to prefetch queue
  add to prefetch queue
  add to prefetch queue
  add to prefetch queue
  add to prefetch queue
  add to prefetch queue
  add to prefetch queue
  add to prefetch queue
  add to prefetch queue
  add to prefetch queue
  add to prefetch queue
  add to prefetch queue
  add to prefetch queue
  add to prefetch queue
  add to prefetch queue
  add to prefetch queue
  add to prefetch queue
  add to prefetch queue
  add to prefetch queue
  add to prefetch queue
  add to prefetch queue
Instructions Retired: 200000 Cycle: 88570 Hearbeat IPC: 2.768522 Cumulative IPC: 2.258101
Prefetcher heartbeat stats
  add to prefetch queue
  add to prefetch queue
  add to prefetch queue
  add to prefetch queue
  add to prefetch queue
  add to prefetch queue
  add to prefetch queue
  add to prefetch queue
  add to prefetch queue
  add to prefetch queue
  add to prefetch queue
  add to prefetch queue
Instructions Retired: 300003 Cycle: 122440 Hearbeat IPC: 2.952554 Cumulative IPC: 2.450204
Prefetcher heartbeat stats
  add to prefetch queue
  add to prefetch queue
  add to prefetch queue
  add to prefetch queue
  add to prefetch queue
  add to prefetch queue
  add to prefetch queue
  add to prefetch queue
  add to prefetch queue
Instructions Retired: 400002 Cycle: 154592 Hearbeat IPC: 3.110195 Cumulative IPC: 2.587469
Prefetcher heartbeat stats
  add to prefetch queue
  add to prefetch queue
  add to prefetch queue
  add to prefetch queue
  add to prefetch queue
  add to prefetch queue
  add to prefetch queue
  add to prefetch queue
  add to prefetch queue
  add to prefetch queue
  add to prefetch queue
  add to prefetch queue
  add to prefetch queue
  add to prefetch queue
  add to prefetch queue
  add to prefetch queue
  add to prefetch queue
  add to prefetch queue
  add to prefetch queue
  add to prefetch queue
Instructions Retired: 500000 Cycle: 326045 Hearbeat IPC: 0.583239 Cumulative IPC: 1.533531
Prefetcher heartbeat stats
  add to prefetch queue
  add to prefetch queue
  add to prefetch queue
  add to prefetch queue
  add to prefetch queue
  add to prefetch queue
  add to prefetch queue
  add to prefetch queue
  add to prefetch queue
  add to prefetch queue
  add to prefetch queue
  add to prefetch queue
  add to prefetch queue
  add to prefetch queue
  add to prefetch queue
  add to prefetch queue
  add to prefetch queue
  add to prefetch queue
Instructions Retired: 600001 Cycle: 448079 Hearbeat IPC: 0.819452 Cumulative IPC: 1.339052
Prefetcher heartbeat stats
  add to prefetch queue
  add to prefetch queue
  add to prefetch queue
  add to prefetch queue
  add to prefetch queue
  add to prefetch queue
  add to prefetch queue
  add to prefetch queue
  add to prefetch queue
  add to prefetch queue
  add to prefetch queue
  add to prefetch queue
  add to prefetch queue
  add to prefetch queue
  add to prefetch queue
  add to prefetch queue
  add to prefetch queue
Instructions Retired: 700001 Cycle: 487465 Hearbeat IPC: 2.538973 Cumulative IPC: 1.436003
Prefetcher heartbeat stats
  add to prefetch queue
  add to prefetch queue
  add to prefetch queue
  add to prefetch queue
  add to prefetch queue
  add to prefetch queue
  add to prefetch queue
  add to prefetch queue
  add to prefetch queue
  add to prefetch queue
  add to prefetch queue
  add to prefetch queue
  add to prefetch queue
  add to prefetch queue
  add to prefetch queue
  add to prefetch queue
  add to prefetch queue
  add to prefetch queue
  add to prefetch queue
  add to prefetch queue
  add to prefetch queue
  add to prefetch queue
  add to prefetch queue
  add to prefetch queue
  add to prefetch queue
  add to prefetch queue
  add to prefetch queue
  add to prefetch queue
  add to prefetch queue
  add to prefetch queue
  add to prefetch queue
  add to prefetch queue
  add to prefetch queue
  add to prefetch queue
  add to prefetch queue
  add to prefetch queue
  add to prefetch queue
  add to prefetch queue
  add to prefetch queue
  add to prefetch queue
  add to prefetch queue
  add to prefetch queue
  add to prefetch queue
  add to prefetch queue
  add to prefetch queue
  add to prefetch queue
  add to prefetch queue
  add to prefetch queue
  add to prefetch queue
  add to prefetch queue
  add to prefetch queue
  add to prefetch queue
  add to prefetch queue
  add to prefetch queue
  add to prefetch queue
  add to prefetch queue
  add to prefetch queue
  add to prefetch queue
  add to prefetch queue
  add to prefetch queue
  add to prefetch queue
  add to prefetch queue
Instructions Retired: 800000 Cycle: 521829 Hearbeat IPC: 2.909993 Cumulative IPC: 1.533069
Prefetcher heartbeat stats
  add to prefetch queue
  add to prefetch queue
  add to prefetch queue
  add to prefetch queue
  add to prefetch queue
  add to prefetch queue
  add to prefetch queue
  add to prefetch queue
  add to prefetch queue
  add to prefetch queue
  add to prefetch queue
  add to prefetch queue
  add to prefetch queue
  add to prefetch queue
  add to prefetch queue
  add to prefetch queue
  add to prefetch queue
  add to prefetch queue
  add to prefetch queue
  add to prefetch queue
  add to prefetch queue
  add to prefetch queue
  add to prefetch queue
  add to prefetch queue
  add to prefetch queue
  add to prefetch queue
  add to prefetch queue
  add to prefetch queue
  add to prefetch queue
  add to prefetch queue
  add to prefetch queue
  add to prefetch queue
  add to prefetch queue
  add to prefetch queue
  add to prefetch queue
  add to prefetch queue
  add to prefetch queue
  add to prefetch queue
  add to prefetch queue
  add to prefetch queue
  add to prefetch queue
  add to prefetch queue
  add to prefetch queue
  add to prefetch queue
  add to prefetch queue
  add to prefetch queue
  add to prefetch queue
Instructions Retired: 900001 Cycle: 556967 Hearbeat IPC: 2.845950 Cumulative IPC: 1.615896
Prefetcher heartbeat stats
  add to prefetch queue
  add to prefetch queue
  add to prefetch queue
  add to prefetch queue
  add to prefetch queue
  add to prefetch queue
  add to prefetch queue
  add to prefetch queue
  add to prefetch queue
  add to prefetch queue
  add to prefetch queue
  add to prefetch queue
  add to prefetch queue
  add to prefetch queue
  add to prefetch queue
  add to prefetch queue
  add to prefetch queue
Instructions Retired: 1000002 Cycle: 589127 Hearbeat IPC: 3.109484 Cumulative IPC: 1.697430
Prefetcher heartbeat stats
  add to prefetch queue
  add to prefetch queue
  add to prefetch queue
  add to prefetch queue
  add to prefetch queue
  add to prefetch queue
  add to prefetch queue
  add to prefetch queue
  add to prefetch queue
  add to prefetch queue
  add to prefetch queue
Instructions Retired: 1100000 Cycle: 621087 Hearbeat IPC: 3.128849 Cumulative IPC: 1.771088
Prefetcher heartbeat stats
  add to prefetch queue
  add to prefetch queue
  add to prefetch queue
  add to prefetch queue
  add to prefetch queue
  add to prefetch queue
  add to prefetch queue
  add to prefetch queue
  add to prefetch queue
  add to prefetch queue
  add to prefetch queue
  add to prefetch queue
  add to prefetch queue
  add to prefetch queue
  add to prefetch queue
  add to prefetch queue
  add to prefetch queue
  add to prefetch queue
  add to prefetch queue
  add to prefetch queue
  add to prefetch queue
  add to prefetch queue
  add to prefetch queue
  add to prefetch queue
  add to prefetch queue
Instructions Retired: 1200000 Cycle: 669388 Hearbeat IPC: 2.070350 Cumulative IPC: 1.792682
Prefetcher heartbeat stats
  add to prefetch queue
  add to prefetch queue
  add to prefetch queue
  add to prefetch queue
  add to prefetch queue
  add to prefetch queue
  add to prefetch queue
  add to prefetch queue
  add to prefetch queue
  add to prefetch queue
  add to prefetch queue
  add to prefetch queue
  add to prefetch queue
  add to prefetch queue
  add to prefetch queue
  add to prefetch queue
  add to prefetch queue
  add to prefetch queue
  add to prefetch queue
  add to prefetch queue
  add to prefetch queue
  add to prefetch queue
  add to prefetch queue
Instructions Retired: 1300001 Cycle: 722680 Hearbeat IPC: 1.876473 Cumulative IPC: 1.798861
Prefetcher heartbeat stats
  add to prefetch queue
  add to prefetch queue
  add to prefetch queue
  add to prefetch queue
  add to prefetch queue
  add to prefetch queue
  add to prefetch queue
  add to prefetch queue
  add to prefetch queue
  add to prefetch queue
  add to prefetch queue
  add to prefetch queue
  add to prefetch queue
  add to prefetch queue
  add to prefetch queue
  add to prefetch queue
  add to prefetch queue
  add to prefetch queue
Instructions Retired: 1400000 Cycle: 756730 Hearbeat IPC: 2.936828 Cumulative IPC: 1.850065
Prefetcher heartbeat stats
  add to prefetch queue
  add to prefetch queue
  add to prefetch queue
  add to prefetch queue
  add to prefetch queue
  add to prefetch queue
  add to prefetch queue
  add to prefetch queue
  add to prefetch queue
  add to prefetch queue
  add to prefetch queue
  add to prefetch queue
  add to prefetch queue
  add to prefetch queue
  add to prefetch queue
  add to prefetch queue
  add to prefetch queue
  add to prefetch queue
  add to prefetch queue
  add to prefetch queue
  add to prefetch queue
  add to prefetch queue
  add to prefetch queue
  add to prefetch queue
  add to prefetch queue
  add to prefetch queue
  add to prefetch queue
  add to prefetch queue
  add to prefetch queue
  add to prefetch queue
  add to prefetch queue
  add to prefetch queue
  add to prefetch queue
  add to prefetch queue
  add to prefetch queue
  add to prefetch queue
  add to prefetch queue
  add to prefetch queue
  add to prefetch queue
  add to prefetch queue
  add to prefetch queue
  add to prefetch queue
  add to prefetch queue
  add to prefetch queue
  add to prefetch queue
  add to prefetch queue
  add to prefetch queue
  add to prefetch queue
  add to prefetch queue
  add to prefetch queue
  add to prefetch queue
  add to prefetch queue
  add to prefetch queue
  add to prefetch queue
  add to prefetch queue
  add to prefetch queue
  add to prefetch queue
  add to prefetch queue
  add to prefetch queue
  add to prefetch queue
  add to prefetch queue
  add to prefetch queue
Instructions Retired: 1500001 Cycle: 790527 Hearbeat IPC: 2.958872 Cumulative IPC: 1.897470
Prefetcher heartbeat stats
  add to prefetch queue
  add to prefetch queue
  add to prefetch queue
  add to prefetch queue
  add to prefetch queue
  add to prefetch queue
  add to prefetch queue
  add to prefetch queue
  add to prefetch queue
  add to prefetch queue
  add to prefetch queue
  add to prefetch queue
  add to prefetch queue
  add to prefetch queue
  add to prefetch queue
  add to prefetch queue
  add to prefetch queue
  add to prefetch queue
  add to prefetch queue
  add to prefetch queue
  add to prefetch queue
  add to prefetch queue
  add to prefetch queue
  add to prefetch queue
  add to prefetch queue
  add to prefetch queue
  add to prefetch queue
  add to prefetch queue
  add to prefetch queue
  add to prefetch queue
  add to prefetch queue
  add to prefetch queue
  add to prefetch queue
  add to prefetch queue
  add to prefetch queue
  add to prefetch queue
  add to prefetch queue
  add to prefetch queue
  add to prefetch queue
  add to prefetch queue
  add to prefetch queue
  add to prefetch queue
  add to prefetch queue
  add to prefetch queue
  add to prefetch queue
  add to prefetch queue
  add to prefetch queue
  add to prefetch queue
  add to prefetch queue
  add to prefetch queue
  add to prefetch queue
  add to prefetch queue
  add to prefetch queue
  add to prefetch queue
  add to prefetch queue
  add to prefetch queue
  add to prefetch queue
  add to prefetch queue
  add to prefetch queue
  add to prefetch queue
Instructions Retired: 1600000 Cycle: 826506 Hearbeat IPC: 2.779371 Cumulative IPC: 1.935860
Prefetcher heartbeat stats
  add to prefetch queue
  add to prefetch queue
  add to prefetch queue
  add to prefetch queue
  add to prefetch queue
  add to prefetch queue
  add to prefetch queue
  add to prefetch queue
  add to prefetch queue
  add to prefetch queue
  add to prefetch queue
  add to prefetch queue
  add to prefetch queue
  add to prefetch queue
  add to prefetch queue
  add to prefetch queue
Instructions Retired: 1700000 Cycle: 858477 Hearbeat IPC: 3.127835 Cumulative IPC: 1.980251
Prefetcher heartbeat stats
  add to prefetch queue
  add to prefetch queue
  add to prefetch queue
  add to prefetch queue
  add to prefetch queue
  add to prefetch queue
  add to prefetch queue
  add to prefetch queue
  add to prefetch queue
  add to prefetch queue
  add to prefetch queue
  add to prefetch queue
  add to prefetch queue
  add to prefetch queue
  add to prefetch queue
  add to prefetch queue
  add to prefetch queue
  add to prefetch queue
  add to prefetch queue
  add to prefetch queue
  add to prefetch queue
Instructions Retired: 1800000 Cycle: 890577 Hearbeat IPC: 3.115265 Cumulative IPC: 2.021162
Prefetcher heartbeat stats
  add to prefetch queue
  add to prefetch queue
  add to prefetch queue
  add to prefetch queue
  add to prefetch queue
  add to prefetch queue
  add to prefetch queue
  add to prefetch queue
  add to prefetch queue
  add to prefetch queue
  add to prefetch queue
  add to prefetch queue
  add to prefetch queue
  add to prefetch queue
  add to prefetch queue
  add to prefetch queue
  add to prefetch queue
  add to prefetch queue
  add to prefetch queue
  add to prefetch queue
  add to prefetch queue
  add to prefetch queue
  add to prefetch queue
  add to prefetch queue
  add to prefetch queue
  add to prefetch queue
  add to prefetch queue
  add to prefetch queue
  add to prefetch queue
  add to prefetch queue
  add to prefetch queue
Instructions Retired: 1900001 Cycle: 929130 Hearbeat IPC: 2.593858 Cumulative IPC: 2.044925
Prefetcher heartbeat stats
  add to prefetch queue
  add to prefetch queue
  add to prefetch queue
  add to prefetch queue
  add to prefetch queue
  add to prefetch queue
  add to prefetch queue
  add to prefetch queue
  add to prefetch queue
  add to prefetch queue
  add to prefetch queue
  add to prefetch queue
  add to prefetch queue
Instructions Retired: 2000004 Cycle: 977720 Hearbeat IPC: 2.058098 Cumulative IPC: 2.045579
Prefetcher heartbeat stats
  add to prefetch queue
  add to prefetch queue
  add to prefetch queue
  add to prefetch queue
  add to prefetch queue
  add to prefetch queue
  add to prefetch queue
  add to prefetch queue
  add to prefetch queue
  add to prefetch queue
  add to prefetch queue
  add to prefetch queue
  add to prefetch queue
  add to prefetch queue
  add to prefetch queue
  add to prefetch queue
  add to prefetch queue
  add to prefetch queue
Instructions Retired: 2100001 Cycle: 1011039 Hearbeat IPC: 3.001200 Cumulative IPC: 2.077072
Prefetcher heartbeat stats
  add to prefetch queue
  add to prefetch queue
  add to prefetch queue
  add to prefetch queue
  add to prefetch queue
  add to prefetch queue
  add to prefetch queue
  add to prefetch queue
  add to prefetch queue
  add to prefetch queue
  add to prefetch queue
  add to prefetch queue
  add to prefetch queue
  add to prefetch queue
  add to prefetch queue
  add to prefetch queue
  add to prefetch queue
  add to prefetch queue
  add to prefetch queue
  add to prefetch queue
  add to prefetch queue
  add to prefetch queue
  add to prefetch queue
  add to prefetch queue
  add to prefetch queue
  add to prefetch queue
  add to prefetch queue
  add to prefetch queue
  add to prefetch queue
  add to prefetch queue
  add to prefetch queue
  add to prefetch queue
  add to prefetch queue
  add to prefetch queue
  add to prefetch queue
  add to prefetch queue
  add to prefetch queue
  add to prefetch queue
  add to prefetch queue
  add to prefetch queue
  add to prefetch queue
  add to prefetch queue
  add to prefetch queue
  add to prefetch queue
  add to prefetch queue
  add to prefetch queue
  add to prefetch queue
  add to prefetch queue
  add to prefetch queue
  add to prefetch queue
  add to prefetch queue
  add to prefetch queue
  add to prefetch queue
  add to prefetch queue
  add to prefetch queue
  add to prefetch queue
  add to prefetch queue
  add to prefetch queue
  add to prefetch queue
  add to prefetch queue
  add to prefetch queue
  add to prefetch queue
  add to prefetch queue
  add to prefetch queue
  add to prefetch queue
Instructions Retired: 2200000 Cycle: 1044963 Hearbeat IPC: 2.947736 Cumulative IPC: 2.105338
Prefetcher heartbeat stats
  add to prefetch queue
  add to prefetch queue
  add to prefetch queue
  add to prefetch queue
  add to prefetch queue
  add to prefetch queue
  add to prefetch queue
  add to prefetch queue
  add to prefetch queue
  add to prefetch queue
  add to prefetch queue
  add to prefetch queue
  add to prefetch queue
  add to prefetch queue
  add to prefetch queue
  add to prefetch queue
  add to prefetch queue
  add to prefetch queue
  add to prefetch queue
  add to prefetch queue
  add to prefetch queue
  add to prefetch queue
  add to prefetch queue
  add to prefetch queue
  add to prefetch queue
  add to prefetch queue
  add to prefetch queue
  add to prefetch queue
  add to prefetch queue
  add to prefetch queue
  add to prefetch queue
  add to prefetch queue
  add to prefetch queue
  add to prefetch queue
  add to prefetch queue
  add to prefetch queue
  add to prefetch queue
  add to prefetch queue
  add to prefetch queue
  add to prefetch queue
  add to prefetch queue
  add to prefetch queue
  add to prefetch queue
  add to prefetch queue
  add to prefetch queue
  add to prefetch queue
  add to prefetch queue
  add to prefetch queue
  add to prefetch queue
  add to prefetch queue
  add to prefetch queue
  add to prefetch queue
  add to prefetch queue
  add to prefetch queue
  add to prefetch queue
  add to prefetch queue
  add to prefetch queue
  add to prefetch queue
  add to prefetch queue
  add to prefetch queue
  add to prefetch queue
  add to prefetch queue
  add to prefetch queue
  add to prefetch queue
  add to prefetch queue
  add to prefetch queue
  add to prefetch queue
  add to prefetch queue
  add to prefetch queue
  add to prefetch queue
  add to prefetch queue
  add to prefetch queue
  add to prefetch queue
  add to prefetch queue
  add to prefetch queue
  add to prefetch queue
  add to prefetch queue
  add to prefetch queue
  add to prefetch queue
  add to prefetch queue
  add to prefetch queue
Instructions Retired: 2300001 Cycle: 1080747 Hearbeat IPC: 2.794573 Cumulative IPC: 2.128159
Prefetcher heartbeat stats
  add to prefetch queue
  add to prefetch queue
  add to prefetch queue
  add to prefetch queue
  add to prefetch queue
  add to prefetch queue
  add to prefetch queue
  add to prefetch queue
  add to prefetch queue
  add to prefetch queue
  add to prefetch queue
  add to prefetch queue
  add to prefetch queue
  add to prefetch queue
  add to prefetch queue
  add to prefetch queue
  add to prefetch queue
  add to prefetch queue
  add to prefetch queue
  add to prefetch queue
  add to prefetch queue
  add to prefetch queue
  add to prefetch queue
Instructions Retired: 2400001 Cycle: 1112926 Hearbeat IPC: 3.107617 Cumulative IPC: 2.156478
Prefetcher heartbeat stats
  add to prefetch queue
  add to prefetch queue
  add to prefetch queue
  add to prefetch queue
  add to prefetch queue
  add to prefetch queue
  add to prefetch queue
  add to prefetch queue
  add to prefetch queue
  add to prefetch queue
  add to prefetch queue
  add to prefetch queue
  add to prefetch queue
  add to prefetch queue
  add to prefetch queue
  add to prefetch queue
  add to prefetch queue
  add to prefetch queue
  add to prefetch queue
  add to prefetch queue
  add to prefetch queue
  add to prefetch queue
  add to prefetch queue
Instructions Retired: 2500000 Cycle: 1144938 Hearbeat IPC: 3.123797 Cumulative IPC: 2.183524
Prefetcher heartbeat stats
  add to prefetch queue
  add to prefetch queue
  add to prefetch queue
  add to prefetch queue
  add to prefetch queue
  add to prefetch queue
  add to prefetch queue
  add to prefetch queue
  add to prefetch queue
  add to prefetch queue
  add to prefetch queue
  add to prefetch queue
  add to prefetch queue
  add to prefetch queue
  add to prefetch queue
  add to prefetch queue
  add to prefetch queue
  add to prefetch queue
  add to prefetch queue
  add to prefetch queue
Instructions Retired: 2600000 Cycle: 1180711 Hearbeat IPC: 2.795404 Cumulative IPC: 2.202063
Prefetcher heartbeat stats
  add to prefetch queue
  add to prefetch queue
  add to prefetch queue
  add to prefetch queue
  add to prefetch queue
  add to prefetch queue
  add to prefetch queue
  add to prefetch queue
  add to prefetch queue
  add to prefetch queue
  add to prefetch queue
Instructions Retired: 2700003 Cycle: 1279628 Hearbeat IPC: 1.010979 Cumulative IPC: 2.109991
Prefetcher heartbeat stats
  add to prefetch queue
  add to prefetch queue
  add to prefetch queue
  add to prefetch queue
  add to prefetch queue
  add to prefetch queue
Instructions Retired: 2800002 Cycle: 1311739 Hearbeat IPC: 3.114166 Cumulative IPC: 2.134573
Prefetcher heartbeat stats
  add to prefetch queue
  add to prefetch queue
  add to prefetch queue
  add to prefetch queue
  add to prefetch queue
  add to prefetch queue
  add to prefetch queue
  add to prefetch queue
  add to prefetch queue
  add to prefetch queue
  add to prefetch queue
  add to prefetch queue
  add to prefetch queue
  add to prefetch queue
  add to prefetch queue
  add to prefetch queue
  add to prefetch queue
  add to prefetch queue
  add to prefetch queue
  add to prefetch queue
  add to prefetch queue
  add to prefetch queue
  add to prefetch queue
  add to prefetch queue
  add to prefetch queue
  add to prefetch queue
  add to prefetch queue
  add to prefetch queue
  add to prefetch queue
  add to prefetch queue
  add to prefetch queue
  add to prefetch queue
  add to prefetch queue
  add to prefetch queue
  add to prefetch queue
  add to prefetch queue
  add to prefetch queue
  add to prefetch queue
  add to prefetch queue
  add to prefetch queue
  add to prefetch queue
  add to prefetch queue
  add to prefetch queue
  add to prefetch queue
  add to prefetch queue
  add to prefetch queue
  add to prefetch queue
  add to prefetch queue
  add to prefetch queue
  add to prefetch queue
  add to prefetch queue
  add to prefetch queue
  add to prefetch queue
  add to prefetch queue
  add to prefetch queue
  add to prefetch queue
  add to prefetch queue
Instructions Retired: 2900004 Cycle: 1347299 Hearbeat IPC: 2.812205 Cumulative IPC: 2.152458
Prefetcher heartbeat stats
  add to prefetch queue
  add to prefetch queue
  add to prefetch queue
  add to prefetch queue
  add to prefetch queue
  add to prefetch queue
  add to prefetch queue
  add to prefetch queue
  add to prefetch queue
  add to prefetch queue
  add to prefetch queue
  add to prefetch queue
  add to prefetch queue
  add to prefetch queue
  add to prefetch queue
  add to prefetch queue
  add to prefetch queue
  add to prefetch queue
  add to prefetch queue
  add to prefetch queue
  add to prefetch queue
  add to prefetch queue
  add to prefetch queue
  add to prefetch queue
  add to prefetch queue
  add to prefetch queue
  add to prefetch queue
  add to prefetch queue
  add to prefetch queue
  add to prefetch queue
  add to prefetch queue
  add to prefetch queue
  add to prefetch queue
  add to prefetch queue
  add to prefetch queue
  add to prefetch queue
  add to prefetch queue
  add to prefetch queue
  add to prefetch queue
  add to prefetch queue
  add to prefetch queue
  add to prefetch queue
  add to prefetch queue
  add to prefetch queue
  add to prefetch queue
  add to prefetch queue
  add to prefetch queue
  add to prefetch queue
  add to prefetch queue
  add to prefetch queue
  add to prefetch queue
  add to prefetch queue
  add to prefetch queue
  add to prefetch queue
  add to prefetch queue
  add to prefetch queue
  add to prefetch queue
  add to prefetch queue
  add to prefetch queue
  add to prefetch queue
  add to prefetch queue
  add to prefetch queue
  add to prefetch queue
  add to prefetch queue
  add to prefetch queue
  add to prefetch queue
  add to prefetch queue
  add to prefetch queue
  add to prefetch queue
  add to prefetch queue
  add to prefetch queue
  add to prefetch queue
  add to prefetch queue
  add to prefetch queue
  add to prefetch queue
  add to prefetch queue
Instructions Retired: 3000000 Cycle: 1383662 Hearbeat IPC: 2.749938 Cumulative IPC: 2.168159
Prefetcher heartbeat stats
  add to prefetch queue
  add to prefetch queue
  add to prefetch queue
  add to prefetch queue
  add to prefetch queue
  add to prefetch queue
  add to prefetch queue
  add to prefetch queue
  add to prefetch queue
  add to prefetch queue
  add to prefetch queue
  add to prefetch queue
  add to prefetch queue
  add to prefetch queue
  add to prefetch queue
  add to prefetch queue
  add to prefetch queue
  add to prefetch queue
  add to prefetch queue
  add to prefetch queue
  add to prefetch queue
  add to prefetch queue

Simulation complete. Instructions retired: 3099755 Cycles elapsed: 1415645 IPC: 2.189641

Prefetcher final stats
