
*** Data Prefetching Championship 2 Simulator ***

Warmup Instructions: 0
Simulation Instructions: 100000000
Scramble loads OFF
Using 256KB Last Level Cache
Using 12.8 GB/s DRAM bandwidth
AMPM Lite Prefetcher
Knobs visible from prefetcher: 0 1 0

Warmup complete. Instructions retired: 1 Cycles elapsed: 2 IPC: 0.500000
Prefetcher warmup complete stats

Instructions Retired: 100000 Cycle: 63590 Hearbeat IPC: 1.572574 Cumulative IPC: 1.572574
Prefetcher heartbeat stats
Instructions Retired: 200000 Cycle: 128107 Hearbeat IPC: 1.549979 Cumulative IPC: 1.561195
Prefetcher heartbeat stats
Instructions Retired: 300000 Cycle: 216148 Hearbeat IPC: 1.135834 Cumulative IPC: 1.387938
Prefetcher heartbeat stats
Instructions Retired: 400000 Cycle: 311685 Hearbeat IPC: 1.046715 Cumulative IPC: 1.283347
Prefetcher heartbeat stats
Instructions Retired: 500000 Cycle: 403527 Hearbeat IPC: 1.088826 Cumulative IPC: 1.239074
Prefetcher heartbeat stats
Instructions Retired: 600000 Cycle: 499320 Hearbeat IPC: 1.043918 Cumulative IPC: 1.201634
Prefetcher heartbeat stats
Instructions Retired: 700000 Cycle: 593988 Hearbeat IPC: 1.056323 Cumulative IPC: 1.178475
Prefetcher heartbeat stats
Instructions Retired: 800000 Cycle: 688171 Hearbeat IPC: 1.061763 Cumulative IPC: 1.162502
Prefetcher heartbeat stats
Instructions Retired: 900000 Cycle: 780771 Hearbeat IPC: 1.079914 Cumulative IPC: 1.152707
Prefetcher heartbeat stats
Instructions Retired: 1000000 Cycle: 876145 Hearbeat IPC: 1.048504 Cumulative IPC: 1.141364
Prefetcher heartbeat stats
Instructions Retired: 1100000 Cycle: 969418 Hearbeat IPC: 1.072122 Cumulative IPC: 1.134701
Prefetcher heartbeat stats
Instructions Retired: 1200000 Cycle: 1063094 Hearbeat IPC: 1.067509 Cumulative IPC: 1.128781
Prefetcher heartbeat stats
Instructions Retired: 1300000 Cycle: 1158070 Hearbeat IPC: 1.052898 Cumulative IPC: 1.122557
Prefetcher heartbeat stats
Instructions Retired: 1400000 Cycle: 1252799 Hearbeat IPC: 1.055643 Cumulative IPC: 1.117498
Prefetcher heartbeat stats
Instructions Retired: 1500003 Cycle: 1347363 Hearbeat IPC: 1.057517 Cumulative IPC: 1.113288
Prefetcher heartbeat stats
Instructions Retired: 1600000 Cycle: 1435377 Hearbeat IPC: 1.136149 Cumulative IPC: 1.114690
Prefetcher heartbeat stats
Instructions Retired: 1700000 Cycle: 1514584 Hearbeat IPC: 1.262515 Cumulative IPC: 1.122420
Prefetcher heartbeat stats
Instructions Retired: 1800000 Cycle: 1600078 Hearbeat IPC: 1.169673 Cumulative IPC: 1.124945
Prefetcher heartbeat stats
Instructions Retired: 1900000 Cycle: 1690531 Hearbeat IPC: 1.105546 Cumulative IPC: 1.123907
Prefetcher heartbeat stats
Instructions Retired: 2000000 Cycle: 1782638 Hearbeat IPC: 1.085694 Cumulative IPC: 1.121933
Prefetcher heartbeat stats
Instructions Retired: 2100000 Cycle: 1874195 Hearbeat IPC: 1.092216 Cumulative IPC: 1.120481
Prefetcher heartbeat stats
Instructions Retired: 2200000 Cycle: 1965823 Hearbeat IPC: 1.091370 Cumulative IPC: 1.119124
Prefetcher heartbeat stats
Instructions Retired: 2300000 Cycle: 2056262 Hearbeat IPC: 1.105718 Cumulative IPC: 1.118535
Prefetcher heartbeat stats
Instructions Retired: 2400000 Cycle: 2148022 Hearbeat IPC: 1.089800 Cumulative IPC: 1.117307
Prefetcher heartbeat stats
Instructions Retired: 2500002 Cycle: 2240534 Hearbeat IPC: 1.080962 Cumulative IPC: 1.115806
Prefetcher heartbeat stats
Instructions Retired: 2600000 Cycle: 2332306 Hearbeat IPC: 1.089635 Cumulative IPC: 1.114776
Prefetcher heartbeat stats
Instructions Retired: 2700000 Cycle: 2424246 Hearbeat IPC: 1.087666 Cumulative IPC: 1.113748
Prefetcher heartbeat stats
Instructions Retired: 2800000 Cycle: 2515943 Hearbeat IPC: 1.090548 Cumulative IPC: 1.112903
Prefetcher heartbeat stats
Instructions Retired: 2900000 Cycle: 2606780 Hearbeat IPC: 1.100873 Cumulative IPC: 1.112484
Prefetcher heartbeat stats
Instructions Retired: 3000004 Cycle: 2698382 Hearbeat IPC: 1.091723 Cumulative IPC: 1.111779
Prefetcher heartbeat stats

Simulation complete. Instructions retired: 3099753 Cycles elapsed: 2790310 IPC: 1.110899

Prefetcher final stats
