
*** Data Prefetching Championship 2 Simulator ***

Warmup Instructions: 10000000
Simulation Instructions: 100000000
Scramble loads OFF
Using 256KB Last Level Cache
Using 12.8 GB/s DRAM bandwidth
IP-based Stride Prefetcher
Knobs visible from prefetcher: 0 1 0
Instructions Retired: 100000 Cycle: 65770 Hearbeat IPC: 1.520450 Cumulative IPC: 1.520450
Prefetcher heartbeat stats
Instructions Retired: 200000 Cycle: 133383 Hearbeat IPC: 1.479006 Cumulative IPC: 1.499442
Prefetcher heartbeat stats
Instructions Retired: 300000 Cycle: 223680 Hearbeat IPC: 1.107456 Cumulative IPC: 1.341202
Prefetcher heartbeat stats
Instructions Retired: 400000 Cycle: 323743 Hearbeat IPC: 0.999370 Cumulative IPC: 1.235548
Prefetcher heartbeat stats
Instructions Retired: 500000 Cycle: 418353 Hearbeat IPC: 1.056971 Cumulative IPC: 1.195163
Prefetcher heartbeat stats
Instructions Retired: 600000 Cycle: 519118 Hearbeat IPC: 0.992408 Cumulative IPC: 1.155807
Prefetcher heartbeat stats
Instructions Retired: 700000 Cycle: 615930 Hearbeat IPC: 1.032930 Cumulative IPC: 1.136493
Prefetcher heartbeat stats
Instructions Retired: 800000 Cycle: 713653 Hearbeat IPC: 1.023301 Cumulative IPC: 1.120993
Prefetcher heartbeat stats
Instructions Retired: 900000 Cycle: 810942 Hearbeat IPC: 1.027865 Cumulative IPC: 1.109820
Prefetcher heartbeat stats
Instructions Retired: 1000000 Cycle: 910639 Hearbeat IPC: 1.003039 Cumulative IPC: 1.098130
Prefetcher heartbeat stats
Instructions Retired: 1100000 Cycle: 1008625 Hearbeat IPC: 1.020554 Cumulative IPC: 1.090594
Prefetcher heartbeat stats
Instructions Retired: 1200000 Cycle: 1103927 Hearbeat IPC: 1.049296 Cumulative IPC: 1.087028
Prefetcher heartbeat stats
Instructions Retired: 1300000 Cycle: 1201994 Hearbeat IPC: 1.019711 Cumulative IPC: 1.081536
Prefetcher heartbeat stats
Instructions Retired: 1400000 Cycle: 1300440 Hearbeat IPC: 1.015785 Cumulative IPC: 1.076559
Prefetcher heartbeat stats
Instructions Retired: 1500003 Cycle: 1399250 Hearbeat IPC: 1.012074 Cumulative IPC: 1.072005
Prefetcher heartbeat stats
Instructions Retired: 1600000 Cycle: 1490280 Hearbeat IPC: 1.098506 Cumulative IPC: 1.073624
Prefetcher heartbeat stats
Instructions Retired: 1700000 Cycle: 1569959 Hearbeat IPC: 1.255036 Cumulative IPC: 1.082831
Prefetcher heartbeat stats
Instructions Retired: 1800000 Cycle: 1655862 Hearbeat IPC: 1.164104 Cumulative IPC: 1.087047
Prefetcher heartbeat stats
Instructions Retired: 1900000 Cycle: 1750107 Hearbeat IPC: 1.061064 Cumulative IPC: 1.085648
Prefetcher heartbeat stats
Instructions Retired: 2000000 Cycle: 1845157 Hearbeat IPC: 1.052078 Cumulative IPC: 1.083919
Prefetcher heartbeat stats
Instructions Retired: 2100000 Cycle: 1941877 Hearbeat IPC: 1.033912 Cumulative IPC: 1.081428
Prefetcher heartbeat stats
Instructions Retired: 2200000 Cycle: 2036928 Hearbeat IPC: 1.052067 Cumulative IPC: 1.080058
Prefetcher heartbeat stats
Instructions Retired: 2300000 Cycle: 2132046 Hearbeat IPC: 1.051326 Cumulative IPC: 1.078776
Prefetcher heartbeat stats
Instructions Retired: 2400000 Cycle: 2228870 Hearbeat IPC: 1.032802 Cumulative IPC: 1.076779
Prefetcher heartbeat stats
Instructions Retired: 2500000 Cycle: 2326033 Hearbeat IPC: 1.029198 Cumulative IPC: 1.074791
Prefetcher heartbeat stats
Instructions Retired: 2600000 Cycle: 2421339 Hearbeat IPC: 1.049252 Cumulative IPC: 1.073786
Prefetcher heartbeat stats
Instructions Retired: 2700000 Cycle: 2517611 Hearbeat IPC: 1.038724 Cumulative IPC: 1.072445
Prefetcher heartbeat stats
Instructions Retired: 2800000 Cycle: 2614019 Hearbeat IPC: 1.037258 Cumulative IPC: 1.071148
Prefetcher heartbeat stats
Instructions Retired: 2900000 Cycle: 2709209 Hearbeat IPC: 1.050531 Cumulative IPC: 1.070423
Prefetcher heartbeat stats
Instructions Retired: 3000003 Cycle: 2805079 Hearbeat IPC: 1.043110 Cumulative IPC: 1.069490
Prefetcher heartbeat stats

Simulation complete. Instructions retired: 3099756 Cycles elapsed: 2900952 IPC: 1.068531

Prefetcher final stats
