
*** Data Prefetching Championship 2 Simulator ***

Warmup Instructions: 10000000
Simulation Instructions: 100000000
Scramble loads OFF
Using 256KB Last Level Cache
Using 12.8 GB/s DRAM bandwidth
Knobs visible from prefetcher: 0 1 0
Resetting history queue.
Resetting offset table
Setting initial offset to 1
Tag offset: 6
Instructions Retired: 100000 Cycle: 60765 Hearbeat IPC: 1.645684 Cumulative IPC: 1.645684
Prefetcher heartbeat stats
Instructions Retired: 200000 Cycle: 125140 Hearbeat IPC: 1.553398 Cumulative IPC: 1.598210
Prefetcher heartbeat stats
Instructions Retired: 300000 Cycle: 211761 Hearbeat IPC: 1.154454 Cumulative IPC: 1.416691
Prefetcher heartbeat stats
Instructions Retired: 400000 Cycle: 307039 Hearbeat IPC: 1.049560 Cumulative IPC: 1.302766
Prefetcher heartbeat stats
Instructions Retired: 500000 Cycle: 398551 Hearbeat IPC: 1.092753 Cumulative IPC: 1.254545
Prefetcher heartbeat stats
Instructions Retired: 600000 Cycle: 496008 Hearbeat IPC: 1.026094 Cumulative IPC: 1.209658
Prefetcher heartbeat stats
Instructions Retired: 700000 Cycle: 590288 Hearbeat IPC: 1.060670 Cumulative IPC: 1.185862
Prefetcher heartbeat stats
Instructions Retired: 800000 Cycle: 684933 Hearbeat IPC: 1.056580 Cumulative IPC: 1.167997
Prefetcher heartbeat stats
Instructions Retired: 900000 Cycle: 779286 Hearbeat IPC: 1.059850 Cumulative IPC: 1.154903
Prefetcher heartbeat stats
Instructions Retired: 1000000 Cycle: 876783 Hearbeat IPC: 1.025673 Cumulative IPC: 1.140533
Prefetcher heartbeat stats
Instructions Retired: 1100000 Cycle: 970957 Hearbeat IPC: 1.061864 Cumulative IPC: 1.132903
Prefetcher heartbeat stats
Instructions Retired: 1200000 Cycle: 1063189 Hearbeat IPC: 1.084222 Cumulative IPC: 1.128680
Prefetcher heartbeat stats
Instructions Retired: 1300000 Cycle: 1158565 Hearbeat IPC: 1.048482 Cumulative IPC: 1.122078
Prefetcher heartbeat stats
Instructions Retired: 1400000 Cycle: 1253954 Hearbeat IPC: 1.048339 Cumulative IPC: 1.116468
Prefetcher heartbeat stats
Instructions Retired: 1500000 Cycle: 1350450 Hearbeat IPC: 1.036312 Cumulative IPC: 1.110741
Prefetcher heartbeat stats
Instructions Retired: 1600000 Cycle: 1432280 Hearbeat IPC: 1.222046 Cumulative IPC: 1.117100
Prefetcher heartbeat stats
Instructions Retired: 1700000 Cycle: 1501088 Hearbeat IPC: 1.453319 Cumulative IPC: 1.132512
Prefetcher heartbeat stats
Instructions Retired: 1800000 Cycle: 1578467 Hearbeat IPC: 1.292340 Cumulative IPC: 1.140347
Prefetcher heartbeat stats
Instructions Retired: 1900000 Cycle: 1666323 Hearbeat IPC: 1.138226 Cumulative IPC: 1.140235
Prefetcher heartbeat stats
Instructions Retired: 2000000 Cycle: 1756157 Hearbeat IPC: 1.113164 Cumulative IPC: 1.138850
Prefetcher heartbeat stats
Instructions Retired: 2100000 Cycle: 1847406 Hearbeat IPC: 1.095902 Cumulative IPC: 1.136729
Prefetcher heartbeat stats
Instructions Retired: 2200000 Cycle: 1938119 Hearbeat IPC: 1.102378 Cumulative IPC: 1.135121
Prefetcher heartbeat stats
Instructions Retired: 2300000 Cycle: 2028387 Hearbeat IPC: 1.107812 Cumulative IPC: 1.133906
Prefetcher heartbeat stats
Instructions Retired: 2400000 Cycle: 2120611 Hearbeat IPC: 1.084316 Cumulative IPC: 1.131749
Prefetcher heartbeat stats
Instructions Retired: 2500004 Cycle: 2211766 Hearbeat IPC: 1.097076 Cumulative IPC: 1.130320
Prefetcher heartbeat stats
Instructions Retired: 2600000 Cycle: 2302333 Hearbeat IPC: 1.104111 Cumulative IPC: 1.129289
Prefetcher heartbeat stats
Instructions Retired: 2700000 Cycle: 2392899 Hearbeat IPC: 1.104167 Cumulative IPC: 1.128338
Prefetcher heartbeat stats
Instructions Retired: 2800000 Cycle: 2485797 Hearbeat IPC: 1.076449 Cumulative IPC: 1.126399
Prefetcher heartbeat stats
Instructions Retired: 2900000 Cycle: 2576538 Hearbeat IPC: 1.102038 Cumulative IPC: 1.125541
Prefetcher heartbeat stats
Instructions Retired: 3000004 Cycle: 2667139 Hearbeat IPC: 1.103785 Cumulative IPC: 1.124802
Prefetcher heartbeat stats

Simulation complete. Instructions retired: 3099754 Cycles elapsed: 2758052 IPC: 1.123893

Prefetcher final stats
