
*** Data Prefetching Championship 2 Simulator ***

Warmup Instructions: 0
Simulation Instructions: 100000000
Scramble loads OFF
Using 1MB Last Level Cache
Using 12.8 GB/s DRAM bandwidth
Knobs visible from prefetcher: 0 0 0
Resetting history queue.
Setting up the minimum score
Resetting offset table
Setting initial offset to 1
Tag offset: 6
Resetting rable rounds
Resetting gauge

Warmup complete. Instructions retired: 1 Cycles elapsed: 2 IPC: 0.500000
Instructions Retired: 100001 Cycle: 130279 Hearbeat IPC: 0.767591 Cumulative IPC: 0.767591
Instructions Retired: 200004 Cycle: 257817 Hearbeat IPC: 0.784104 Cumulative IPC: 0.775760
Offset switch to: 10	With score: 24
Offset switch to: 4	With score: 32
Instructions Retired: 300002 Cycle: 1037205 Hearbeat IPC: 0.128303 Cumulative IPC: 0.289241
Instructions Retired: 400000 Cycle: 1783590 Hearbeat IPC: 0.133976 Cumulative IPC: 0.224267
Instructions Retired: 500000 Cycle: 2511871 Hearbeat IPC: 0.137310 Cumulative IPC: 0.199055
Offset switch to: 6	With score: 30
Offset switch to: 2	With score: 32
Instructions Retired: 600003 Cycle: 3254868 Hearbeat IPC: 0.134594 Cumulative IPC: 0.184340
Offset switch to: 6	With score: 31
Instructions Retired: 700000 Cycle: 3989435 Hearbeat IPC: 0.136131 Cumulative IPC: 0.175463
Offset switch to: 2	With score: 32
Offset switch to: 4	With score: 32
Offset switch to: 2	With score: 32
Instructions Retired: 800003 Cycle: 4712300 Hearbeat IPC: 0.138343 Cumulative IPC: 0.169769
Instructions Retired: 900000 Cycle: 5444969 Hearbeat IPC: 0.136483 Cumulative IPC: 0.165290
Instructions Retired: 1000000 Cycle: 5597222 Hearbeat IPC: 0.656802 Cumulative IPC: 0.178660
Instructions Retired: 1100005 Cycle: 5773801 Hearbeat IPC: 0.566347 Cumulative IPC: 0.190517
Offset switch to: 4	With score: 26
Instructions Retired: 1200004 Cycle: 5947808 Hearbeat IPC: 0.574684 Cumulative IPC: 0.201756
Instructions Retired: 1300003 Cycle: 6117316 Hearbeat IPC: 0.589937 Cumulative IPC: 0.212512
Offset switch to: 9	With score: 24
Instructions Retired: 1400002 Cycle: 6291073 Hearbeat IPC: 0.575511 Cumulative IPC: 0.222538
Instructions Retired: 1500004 Cycle: 6478242 Hearbeat IPC: 0.534287 Cumulative IPC: 0.231545
Instructions Retired: 1600004 Cycle: 6664873 Hearbeat IPC: 0.535817 Cumulative IPC: 0.240065
Offset switch to: 2	With score: 31
Instructions Retired: 1700005 Cycle: 6835963 Hearbeat IPC: 0.584494 Cumulative IPC: 0.248686
Instructions Retired: 1800004 Cycle: 7005344 Hearbeat IPC: 0.590379 Cumulative IPC: 0.256947
Instructions Retired: 1900000 Cycle: 7172572 Hearbeat IPC: 0.597962 Cumulative IPC: 0.264898
Offset switch to: 1	With score: 26
Instructions Retired: 2000003 Cycle: 7335385 Hearbeat IPC: 0.614220 Cumulative IPC: 0.272651
Instructions Retired: 2100000 Cycle: 7503968 Hearbeat IPC: 0.593162 Cumulative IPC: 0.279852
Instructions Retired: 2200002 Cycle: 7676650 Hearbeat IPC: 0.579111 Cumulative IPC: 0.286584
Offset switch to: 5	With score: 27
Instructions Retired: 2300003 Cycle: 7843080 Hearbeat IPC: 0.600859 Cumulative IPC: 0.293253
Instructions Retired: 2400002 Cycle: 8007769 Hearbeat IPC: 0.607199 Cumulative IPC: 0.299709
Offset switch to: 4	With score: 28
Instructions Retired: 2500000 Cycle: 8166868 Hearbeat IPC: 0.628527 Cumulative IPC: 0.306115
Instructions Retired: 2600000 Cycle: 8339403 Hearbeat IPC: 0.579593 Cumulative IPC: 0.311773
Instructions Retired: 2700004 Cycle: 8495684 Hearbeat IPC: 0.639899 Cumulative IPC: 0.317809
Offset switch to: 1	With score: 29
Instructions Retired: 2800000 Cycle: 8658087 Hearbeat IPC: 0.615728 Cumulative IPC: 0.323397
Instructions Retired: 2900001 Cycle: 8823270 Hearbeat IPC: 0.605395 Cumulative IPC: 0.328676
Instructions Retired: 3000003 Cycle: 8989471 Hearbeat IPC: 0.601693 Cumulative IPC: 0.333724

Simulation complete. Instructions retired: 3099756 Cycles elapsed: 9152039 IPC: 0.338696

