
*** Data Prefetching Championship 2 Simulator ***

Warmup Instructions: 0
Simulation Instructions: 100000000
Scramble loads OFF
Using 1MB Last Level Cache
Using 3.2 GB/s DRAM bandwidth
Knobs visible from prefetcher: 0 0 1
Resetting history queue.
Setting up the minimum score
Resetting offset table
Setting initial offset to 1
Tag offset: 6
Ressetting hit rate
Resetting rable rounds
Resetting gauge

Warmup complete. Instructions retired: 4 Cycles elapsed: 2 IPC: 2.000000
Prefetcher warmup complete stats

Offset switch to: 6	With score: 32
Offset switch to: 22	With score: 32
Instructions Retired: 100004 Cycle: 393952 Hearbeat IPC: 0.253848 Cumulative IPC: 0.253848
Cycle: 393952	Best offset: 22	Score: 32	Hit Rate: 0.453513
	---- Offset table ----
Offset -> Score
10 -> 21
19 -> 21
35 -> 21
-2 -> 20
	----------------------
Offset switch to: -27	With score: 32
Offset switch to: 28	With score: 32
Offset switch to: -1	With score: 32
Instructions Retired: 200000 Cycle: 895505 Hearbeat IPC: 0.199373 Cumulative IPC: 0.223338
Cycle: 895505	Best offset: -1	Score: 32	Hit Rate: 0.405325
	---- Offset table ----
Offset -> Score
-3 -> 30
-5 -> 24
2 -> 24
34 -> 23
	----------------------
Offset switch to: -3	With score: 32
Offset switch to: 25	With score: 32
Offset switch to: -4	With score: 32
Offset switch to: 26	With score: 32
Instructions Retired: 300001 Cycle: 1398582 Hearbeat IPC: 0.198779 Cumulative IPC: 0.214504
Cycle: 1398582	Best offset: 26	Score: 32	Hit Rate: 0.380967
	---- Offset table ----
Offset -> Score
1 -> 3
2 -> 3
4 -> 3
5 -> 3
	----------------------
Offset switch to: -2	With score: 32
Offset switch to: -4	With score: 32
Instructions Retired: 400002 Cycle: 1651399 Hearbeat IPC: 0.395547 Cumulative IPC: 0.242220
Cycle: 1651399	Best offset: -4	Score: 32	Hit Rate: 0.381299
	---- Offset table ----
Offset -> Score
11 -> 31
8 -> 28
-23 -> 27
10 -> 27
	----------------------
Offset switch to: -23	With score: 32
Offset switch to: 20	With score: 32
Offset switch to: -2	With score: 32
Instructions Retired: 500005 Cycle: 2208253 Hearbeat IPC: 0.179586 Cumulative IPC: 0.226426
Cycle: 2208253	Best offset: -2	Score: 32	Hit Rate: 0.326115
	---- Offset table ----
Offset -> Score
1 -> 29
3 -> 29
6 -> 29
13 -> 29
	----------------------
Offset switch to: 13	With score: 32
Offset switch to: 6	With score: 32
Instructions Retired: 600002 Cycle: 2680540 Hearbeat IPC: 0.211729 Cumulative IPC: 0.223836
Cycle: 2680540	Best offset: 6	Score: 32	Hit Rate: 0.324498
	---- Offset table ----
Offset -> Score
15 -> 31
1 -> 30
7 -> 30
3 -> 29
	----------------------
Offset switch to: 15	With score: 32
Offset switch to: 8	With score: 32
Instructions Retired: 700001 Cycle: 3092952 Hearbeat IPC: 0.242474 Cumulative IPC: 0.226321
Cycle: 3092952	Best offset: 8	Score: 32	Hit Rate: 0.333743
	---- Offset table ----
Offset -> Score
2 -> 31
17 -> 29
6 -> 28
5 -> 27
	----------------------
Offset switch to: 2	With score: 32
Instructions Retired: 800003 Cycle: 3559543 Hearbeat IPC: 0.214325 Cumulative IPC: 0.224749
Cycle: 3559543	Best offset: 2	Score: 32	Hit Rate: 0.332584
	---- Offset table ----
Offset -> Score
6 -> 32
2 -> 31
12 -> 31
14 -> 31
	----------------------
Offset switch to: 6	With score: 32
Offset switch to: 3	With score: 32
Offset switch to: -2	With score: 32
Instructions Retired: 900005 Cycle: 4298317 Hearbeat IPC: 0.135362 Cumulative IPC: 0.209385
Cycle: 4298317	Best offset: -2	Score: 32	Hit Rate: 0.319352
	---- Offset table ----
Offset -> Score
12 -> 22
1 -> 21
6 -> 21
13 -> 21
	----------------------
Offset switch to: 12	With score: 32
Offset switch to: -21	With score: 32
Instructions Retired: 1000005 Cycle: 5021624 Hearbeat IPC: 0.138254 Cumulative IPC: 0.199140
Cycle: 5021624	Best offset: -21	Score: 32	Hit Rate: 0.302042
	---- Offset table ----
Offset -> Score
11 -> 32
4 -> 29
2 -> 28
5 -> 28
	----------------------
Offset switch to: 11	With score: 32
Offset switch to: 20	With score: 32
Offset switch to: -8	With score: 32
Offset switch to: -3	With score: 32
Offset switch to: -6	With score: 32
Instructions Retired: 1100000 Cycle: 6286281 Hearbeat IPC: 0.079069 Cumulative IPC: 0.174984
Cycle: 6286281	Best offset: -6	Score: 32	Hit Rate: 0.269220
	---- Offset table ----
Offset -> Score
-7 -> 25
-6 -> 25
3 -> 25
-31 -> 23
	----------------------
Offset switch to: -7	With score: 32
Offset switch to: 8	With score: 32
Offset switch to: 14	With score: 32
Offset switch to: -8	With score: 32
Offset switch to: 25	With score: 32
Offset switch to: 51	With score: 32
Offset switch to: 3	With score: 32
Instructions Retired: 1200003 Cycle: 7729045 Hearbeat IPC: 0.069313 Cumulative IPC: 0.155259
Cycle: 7729045	Best offset: 3	Score: 32	Hit Rate: 0.233293
	---- Offset table ----
Offset -> Score
2 -> 7
5 -> 7
10 -> 7
-55 -> 6
	----------------------
Offset switch to: -3	With score: 32
Offset switch to: 14	With score: 32
Offset switch to: 12	With score: 32
Offset switch to: -7	With score: 32
Offset switch to: -6	With score: 32
Offset switch to: 9	With score: 32
Offset switch to: -20	With score: 32
Instructions Retired: 1300005 Cycle: 9031761 Hearbeat IPC: 0.076764 Cumulative IPC: 0.143937
Cycle: 9031761	Best offset: -20	Score: 32	Hit Rate: 0.212766
	---- Offset table ----
Offset -> Score
7 -> 8
-10 -> 6
17 -> 6
31 -> 6
	----------------------
Offset switch to: -25	With score: 32
Offset switch to: 3	With score: 32
Offset switch to: -26	With score: 32
Instructions Retired: 1400000 Cycle: 9837969 Hearbeat IPC: 0.124031 Cumulative IPC: 0.142306
Cycle: 9837969	Best offset: -26	Score: 32	Hit Rate: 0.204706
	---- Offset table ----
Offset -> Score
1 -> 20
2 -> 19
3 -> 19
4 -> 19
	----------------------
Offset switch to: 1	With score: 32
Offset switch to: 9	With score: 32
Instructions Retired: 1500001 Cycle: 10216357 Hearbeat IPC: 0.264282 Cumulative IPC: 0.146823
Cycle: 10216357	Best offset: 9	Score: 32	Hit Rate: 0.205846
	---- Offset table ----
Offset -> Score
9 -> 11
57 -> 10
-20 -> 9
3 -> 9
	----------------------
Offset switch to: 5	With score: 32
Instructions Retired: 1600004 Cycle: 10634052 Hearbeat IPC: 0.239416 Cumulative IPC: 0.150460
Cycle: 10634052	Best offset: 5	Score: 32	Hit Rate: 0.212630
	---- Offset table ----
Offset -> Score
3 -> 14
5 -> 13
7 -> 12
19 -> 12
	----------------------
Instructions Retired: 1700003 Cycle: 11134463 Hearbeat IPC: 0.199834 Cumulative IPC: 0.152679
Cycle: 11134463	Best offset: 5	Score: 32	Hit Rate: 0.218107
	---- Offset table ----
Offset -> Score
2 -> 23
7 -> 23
8 -> 22
-22 -> 21
	----------------------
Offset switch to: 2	With score: 32
Offset switch to: 10	With score: 32
Instructions Retired: 1800004 Cycle: 11615996 Hearbeat IPC: 0.207672 Cumulative IPC: 0.154959
Cycle: 11615996	Best offset: 10	Score: 32	Hit Rate: 0.222776
	---- Offset table ----
Offset -> Score
3 -> 26
4 -> 26
12 -> 25
1 -> 24
	----------------------
Offset switch to: -25	With score: 32
Offset switch to: -6	With score: 32
Offset switch to: -15	With score: 32
Instructions Retired: 1900001 Cycle: 12242796 Hearbeat IPC: 0.159536 Cumulative IPC: 0.155193
Cycle: 12242796	Best offset: -15	Score: 32	Hit Rate: 0.228627
	---- Offset table ----
Offset -> Score
24 -> 25
7 -> 22
-14 -> 20
6 -> 20
	----------------------
Offset switch to: 24	With score: 32
Offset switch to: -29	With score: 32
Offset switch to: 7	With score: 32
Instructions Retired: 2000003 Cycle: 12485624 Hearbeat IPC: 0.411822 Cumulative IPC: 0.160184
Cycle: 12485624	Best offset: 7	Score: 32	Hit Rate: 0.237634
	---- Offset table ----
Offset -> Score
6 -> 13
9 -> 13
-21 -> 12
-16 -> 12
	----------------------
Offset switch to: -5	With score: 32
Offset switch to: -13	With score: 32
Offset switch to: -14	With score: 32
Instructions Retired: 2100001 Cycle: 12888746 Hearbeat IPC: 0.248059 Cumulative IPC: 0.162933
Cycle: 12888746	Best offset: -14	Score: 32	Hit Rate: 0.241522
	---- Offset table ----
Offset -> Score
-17 -> 17
-13 -> 17
-24 -> 15
-2 -> 15
	----------------------
Offset switch to: -13	With score: 32
Offset switch to: 28	With score: 32
Offset switch to: -1	With score: 32
Instructions Retired: 2200004 Cycle: 13072425 Hearbeat IPC: 0.544444 Cumulative IPC: 0.168293
Cycle: 13072425	Best offset: -1	Score: 32	Hit Rate: 0.247439
	---- Offset table ----
Offset -> Score
3 -> 13
26 -> 13
-21 -> 12
4 -> 12
	----------------------
Offset switch to: -16	With score: 32
Offset switch to: 6	With score: 32
Instructions Retired: 2300000 Cycle: 13218903 Hearbeat IPC: 0.682669 Cumulative IPC: 0.173993
Cycle: 13218903	Best offset: 6	Score: 32	Hit Rate: 0.256180
	---- Offset table ----
Offset -> Score
17 -> 30
-3 -> 29
-30 -> 26
25 -> 26
	----------------------
Offset switch to: 17	With score: 32
Offset switch to: 12	With score: 32
Offset switch to: 2	With score: 32
Instructions Retired: 2400001 Cycle: 13370332 Hearbeat IPC: 0.660382 Cumulative IPC: 0.179502
Cycle: 13370332	Best offset: 2	Score: 32	Hit Rate: 0.265315
	---- Offset table ----
Offset -> Score
-7 -> 20
1 -> 19
-33 -> 18
-3 -> 18
	----------------------
Offset switch to: -7	With score: 32
Offset switch to: -13	With score: 32
Offset switch to: -9	With score: 32
Instructions Retired: 2500002 Cycle: 13531028 Hearbeat IPC: 0.622299 Cumulative IPC: 0.184761
Cycle: 13531028	Best offset: -9	Score: 32	Hit Rate: 0.271739
	---- Offset table ----
Offset -> Score
11 -> 9
28 -> 9
40 -> 9
-54 -> 8
	----------------------
Offset switch to: -20	With score: 32
Offset switch to: 12	With score: 32
Offset switch to: 24	With score: 32
Instructions Retired: 2600000 Cycle: 13822071 Hearbeat IPC: 0.343585 Cumulative IPC: 0.188105
Cycle: 13822071	Best offset: 24	Score: 32	Hit Rate: 0.276558
	---- Offset table ----
Offset -> Score
2 -> 7
-56 -> 6
3 -> 6
4 -> 6
	----------------------
Offset switch to: 18	With score: 32
Offset switch to: -16	With score: 32
Instructions Retired: 2700004 Cycle: 14101692 Hearbeat IPC: 0.357641 Cumulative IPC: 0.191467
Cycle: 14101692	Best offset: -16	Score: 32	Hit Rate: 0.280514
	---- Offset table ----
Offset -> Score
4 -> 28
-47 -> 25
-10 -> 25
5 -> 25
	----------------------
Offset switch to: 4	With score: 32
Offset switch to: 13	With score: 32
Offset switch to: -13	With score: 32
Instructions Retired: 2800001 Cycle: 14274172 Hearbeat IPC: 0.579760 Cumulative IPC: 0.196159
Cycle: 14274172	Best offset: -13	Score: 32	Hit Rate: 0.286614
	---- Offset table ----
Offset -> Score
-14 -> 9
-21 -> 8
-13 -> 8
-6 -> 8
	----------------------
Offset switch to: 1	With score: 32
Offset switch to: 18	With score: 32
Instructions Retired: 2900001 Cycle: 14534949 Hearbeat IPC: 0.383469 Cumulative IPC: 0.199519
Cycle: 14534949	Best offset: 18	Score: 32	Hit Rate: 0.290284
	---- Offset table ----
Offset -> Score
-59 -> 29
-9 -> 27
12 -> 26
-33 -> 25
	----------------------
Offset switch to: -9	With score: 32
Offset switch to: -2	With score: 32
Offset switch to: 34	With score: 32
Instructions Retired: 3000001 Cycle: 14685799 Hearbeat IPC: 0.662910 Cumulative IPC: 0.204279
Cycle: 14685799	Best offset: 34	Score: 32	Hit Rate: 0.296353
	---- Offset table ----
Offset -> Score
28 -> 14
-62 -> 13
-27 -> 13
14 -> 13
	----------------------
Offset switch to: -8	With score: 32
Offset switch to: -21	With score: 32

Simulation complete. Instructions retired: 3099753 Cycles elapsed: 14820468 IPC: 0.209154

Prefetcher final stats
