
*** Data Prefetching Championship 2 Simulator ***

Warmup Instructions: 10000000
Simulation Instructions: 100000000
Scramble loads OFF
Using 1MB Last Level Cache
Using 3.2 GB/s DRAM bandwidth
No Prefetching
Knobs visible from prefetcher: 0 0 1
Instructions Retired: 100004 Cycle: 349722 Hearbeat IPC: 0.285953 Cumulative IPC: 0.285953
Prefetcher heartbeat stats
Instructions Retired: 200000 Cycle: 828079 Hearbeat IPC: 0.209041 Cumulative IPC: 0.241523
Prefetcher heartbeat stats
Instructions Retired: 300001 Cycle: 1375483 Hearbeat IPC: 0.182682 Cumulative IPC: 0.218106
Prefetcher heartbeat stats
Instructions Retired: 400003 Cycle: 1640952 Hearbeat IPC: 0.376699 Cumulative IPC: 0.243763
Prefetcher heartbeat stats
Instructions Retired: 500005 Cycle: 2144777 Hearbeat IPC: 0.198486 Cumulative IPC: 0.233127
Prefetcher heartbeat stats
Instructions Retired: 600002 Cycle: 2616350 Hearbeat IPC: 0.212050 Cumulative IPC: 0.229328
Prefetcher heartbeat stats
Instructions Retired: 700001 Cycle: 3057431 Hearbeat IPC: 0.226713 Cumulative IPC: 0.228951
Prefetcher heartbeat stats
Instructions Retired: 800002 Cycle: 3538789 Hearbeat IPC: 0.207748 Cumulative IPC: 0.226067
Prefetcher heartbeat stats
Instructions Retired: 900005 Cycle: 4218438 Hearbeat IPC: 0.147139 Cumulative IPC: 0.213350
Prefetcher heartbeat stats
Instructions Retired: 1000005 Cycle: 4876932 Hearbeat IPC: 0.151862 Cumulative IPC: 0.205048
Prefetcher heartbeat stats
Instructions Retired: 1100000 Cycle: 5862806 Hearbeat IPC: 0.101428 Cumulative IPC: 0.187623
Prefetcher heartbeat stats
Instructions Retired: 1200000 Cycle: 7016822 Hearbeat IPC: 0.086654 Cumulative IPC: 0.171018
Prefetcher heartbeat stats
Instructions Retired: 1300005 Cycle: 8016246 Hearbeat IPC: 0.100063 Cumulative IPC: 0.162171
Prefetcher heartbeat stats
Instructions Retired: 1400003 Cycle: 8705742 Hearbeat IPC: 0.145031 Cumulative IPC: 0.160814
Prefetcher heartbeat stats
Instructions Retired: 1500001 Cycle: 9102473 Hearbeat IPC: 0.252055 Cumulative IPC: 0.164790
Prefetcher heartbeat stats
Instructions Retired: 1600004 Cycle: 9558206 Hearbeat IPC: 0.219433 Cumulative IPC: 0.167396
Prefetcher heartbeat stats
Instructions Retired: 1700004 Cycle: 10090536 Hearbeat IPC: 0.187853 Cumulative IPC: 0.168475
Prefetcher heartbeat stats
Instructions Retired: 1800004 Cycle: 10554589 Hearbeat IPC: 0.215493 Cumulative IPC: 0.170542
Prefetcher heartbeat stats
Instructions Retired: 1900001 Cycle: 11109222 Hearbeat IPC: 0.180294 Cumulative IPC: 0.171029
Prefetcher heartbeat stats
Instructions Retired: 2000001 Cycle: 11352680 Hearbeat IPC: 0.410748 Cumulative IPC: 0.176170
Prefetcher heartbeat stats
Instructions Retired: 2100001 Cycle: 11783533 Hearbeat IPC: 0.232098 Cumulative IPC: 0.178215
Prefetcher heartbeat stats
Instructions Retired: 2200004 Cycle: 11960649 Hearbeat IPC: 0.564619 Cumulative IPC: 0.183937
Prefetcher heartbeat stats
Instructions Retired: 2300000 Cycle: 12096555 Hearbeat IPC: 0.735773 Cumulative IPC: 0.190137
Prefetcher heartbeat stats
Instructions Retired: 2400001 Cycle: 12232839 Hearbeat IPC: 0.733769 Cumulative IPC: 0.196193
Prefetcher heartbeat stats
Instructions Retired: 2500002 Cycle: 12391991 Hearbeat IPC: 0.628336 Cumulative IPC: 0.201743
Prefetcher heartbeat stats
Instructions Retired: 2600000 Cycle: 12605769 Hearbeat IPC: 0.467766 Cumulative IPC: 0.206255
Prefetcher heartbeat stats
Instructions Retired: 2700004 Cycle: 12829610 Hearbeat IPC: 0.446764 Cumulative IPC: 0.210451
Prefetcher heartbeat stats
Instructions Retired: 2800001 Cycle: 12993647 Hearbeat IPC: 0.609600 Cumulative IPC: 0.215490
Prefetcher heartbeat stats
Instructions Retired: 2900001 Cycle: 13231297 Hearbeat IPC: 0.420787 Cumulative IPC: 0.219177
Prefetcher heartbeat stats
Instructions Retired: 3000001 Cycle: 13376237 Hearbeat IPC: 0.689941 Cumulative IPC: 0.224278
Prefetcher heartbeat stats

Simulation complete. Instructions retired: 3099757 Cycles elapsed: 13505109 IPC: 0.229525

Prefetcher final stats
