
*** Data Prefetching Championship 2 Simulator ***

Warmup Instructions: 10000000
Simulation Instructions: 100000000
Scramble loads OFF
Using 1MB Last Level Cache
Using 3.2 GB/s DRAM bandwidth
Knobs visible from prefetcher: 0 0 1
Resetting history queue.
Resetting offset table
Setting initial offset to 1
Tag offset: 6
Instructions Retired: 100004 Cycle: 458831 Hearbeat IPC: 0.217954 Cumulative IPC: 0.217954
Prefetcher heartbeat stats
Instructions Retired: 200000 Cycle: 948112 Hearbeat IPC: 0.204373 Cumulative IPC: 0.210946
Prefetcher heartbeat stats
Instructions Retired: 300000 Cycle: 1462967 Hearbeat IPC: 0.194229 Cumulative IPC: 0.205063
Prefetcher heartbeat stats
Instructions Retired: 400002 Cycle: 1717369 Hearbeat IPC: 0.393087 Cumulative IPC: 0.232916
Prefetcher heartbeat stats
Instructions Retired: 500005 Cycle: 2295835 Hearbeat IPC: 0.172876 Cumulative IPC: 0.217788
Prefetcher heartbeat stats
Instructions Retired: 600000 Cycle: 2801595 Hearbeat IPC: 0.197712 Cumulative IPC: 0.214164
Prefetcher heartbeat stats
Instructions Retired: 700000 Cycle: 3207306 Hearbeat IPC: 0.246481 Cumulative IPC: 0.218252
Prefetcher heartbeat stats
Instructions Retired: 800003 Cycle: 3690638 Hearbeat IPC: 0.206903 Cumulative IPC: 0.216766
Prefetcher heartbeat stats
Instructions Retired: 900005 Cycle: 4466509 Hearbeat IPC: 0.128890 Cumulative IPC: 0.201501
Prefetcher heartbeat stats
Instructions Retired: 1000005 Cycle: 5215127 Hearbeat IPC: 0.133579 Cumulative IPC: 0.191751
Prefetcher heartbeat stats
Instructions Retired: 1100000 Cycle: 6711544 Hearbeat IPC: 0.066823 Cumulative IPC: 0.163897
Prefetcher heartbeat stats
Instructions Retired: 1200000 Cycle: 8422073 Hearbeat IPC: 0.058461 Cumulative IPC: 0.142483
Prefetcher heartbeat stats
Instructions Retired: 1300005 Cycle: 9875731 Hearbeat IPC: 0.068795 Cumulative IPC: 0.131636
Prefetcher heartbeat stats
Instructions Retired: 1400000 Cycle: 10766036 Hearbeat IPC: 0.112315 Cumulative IPC: 0.130039
Prefetcher heartbeat stats
Instructions Retired: 1500001 Cycle: 11135335 Hearbeat IPC: 0.270786 Cumulative IPC: 0.134706
Prefetcher heartbeat stats
Instructions Retired: 1600004 Cycle: 11591678 Hearbeat IPC: 0.219140 Cumulative IPC: 0.138030
Prefetcher heartbeat stats
Instructions Retired: 1700004 Cycle: 12156059 Hearbeat IPC: 0.177185 Cumulative IPC: 0.139848
Prefetcher heartbeat stats
Instructions Retired: 1800004 Cycle: 12662321 Hearbeat IPC: 0.197526 Cumulative IPC: 0.142154
Prefetcher heartbeat stats
Instructions Retired: 1900002 Cycle: 13322875 Hearbeat IPC: 0.151385 Cumulative IPC: 0.142612
Prefetcher heartbeat stats
Instructions Retired: 2000003 Cycle: 13560138 Hearbeat IPC: 0.421477 Cumulative IPC: 0.147491
Prefetcher heartbeat stats
Instructions Retired: 2100001 Cycle: 13968519 Hearbeat IPC: 0.244864 Cumulative IPC: 0.150338
Prefetcher heartbeat stats
Instructions Retired: 2200004 Cycle: 14154512 Hearbeat IPC: 0.537671 Cumulative IPC: 0.155428
Prefetcher heartbeat stats
Instructions Retired: 2300000 Cycle: 14298578 Hearbeat IPC: 0.694099 Cumulative IPC: 0.160855
Prefetcher heartbeat stats
Instructions Retired: 2400004 Cycle: 14448010 Hearbeat IPC: 0.669227 Cumulative IPC: 0.166113
Prefetcher heartbeat stats
Instructions Retired: 2500002 Cycle: 14611987 Hearbeat IPC: 0.609829 Cumulative IPC: 0.171093
Prefetcher heartbeat stats
Instructions Retired: 2600000 Cycle: 14898964 Hearbeat IPC: 0.348453 Cumulative IPC: 0.174509
Prefetcher heartbeat stats
Instructions Retired: 2700004 Cycle: 15197053 Hearbeat IPC: 0.335484 Cumulative IPC: 0.177666
Prefetcher heartbeat stats
Instructions Retired: 2800001 Cycle: 15374454 Hearbeat IPC: 0.563678 Cumulative IPC: 0.182120
Prefetcher heartbeat stats
Instructions Retired: 2900001 Cycle: 15642975 Hearbeat IPC: 0.372410 Cumulative IPC: 0.185387
Prefetcher heartbeat stats
Instructions Retired: 3000001 Cycle: 15794560 Hearbeat IPC: 0.659696 Cumulative IPC: 0.189939
Prefetcher heartbeat stats

Simulation complete. Instructions retired: 3099757 Cycles elapsed: 15937107 IPC: 0.194499

Prefetcher final stats
