
*** Data Prefetching Championship 2 Simulator ***

Warmup Instructions: 10000000
Simulation Instructions: 100000000
Scramble loads OFF
Using 1MB Last Level Cache
Using 3.2 GB/s DRAM bandwidth
AMPM Lite Prefetcher
Knobs visible from prefetcher: 0 0 1
Instructions Retired: 100000 Cycle: 44810 Hearbeat IPC: 2.231645 Cumulative IPC: 2.231645
Prefetcher heartbeat stats
Instructions Retired: 200000 Cycle: 90704 Hearbeat IPC: 2.178934 Cumulative IPC: 2.204974
Prefetcher heartbeat stats
Instructions Retired: 300001 Cycle: 126755 Hearbeat IPC: 2.773876 Cumulative IPC: 2.366778
Prefetcher heartbeat stats
Instructions Retired: 400004 Cycle: 151003 Hearbeat IPC: 4.124175 Cumulative IPC: 2.648980
Prefetcher heartbeat stats
Instructions Retired: 500003 Cycle: 168715 Hearbeat IPC: 5.645833 Cumulative IPC: 2.963595
Prefetcher heartbeat stats
Instructions Retired: 600000 Cycle: 190519 Hearbeat IPC: 4.586177 Cumulative IPC: 3.149292
Prefetcher heartbeat stats
Instructions Retired: 700003 Cycle: 226552 Hearbeat IPC: 2.775317 Cumulative IPC: 3.089812
Prefetcher heartbeat stats
Instructions Retired: 800003 Cycle: 253844 Hearbeat IPC: 3.664077 Cumulative IPC: 3.151554
Prefetcher heartbeat stats
Instructions Retired: 900000 Cycle: 286427 Hearbeat IPC: 3.068993 Cumulative IPC: 3.142162
Prefetcher heartbeat stats
Instructions Retired: 1000000 Cycle: 322742 Hearbeat IPC: 2.753683 Cumulative IPC: 3.098450
Prefetcher heartbeat stats
Instructions Retired: 1100005 Cycle: 362357 Hearbeat IPC: 2.524423 Cumulative IPC: 3.035694
Prefetcher heartbeat stats
Instructions Retired: 1200001 Cycle: 400958 Hearbeat IPC: 2.590503 Cumulative IPC: 2.992835
Prefetcher heartbeat stats
Instructions Retired: 1300000 Cycle: 437012 Hearbeat IPC: 2.773590 Cumulative IPC: 2.974747
Prefetcher heartbeat stats
Instructions Retired: 1400005 Cycle: 463242 Hearbeat IPC: 3.812619 Cumulative IPC: 3.022189
Prefetcher heartbeat stats
Instructions Retired: 1500001 Cycle: 496873 Hearbeat IPC: 2.973328 Cumulative IPC: 3.018882
Prefetcher heartbeat stats
Instructions Retired: 1600004 Cycle: 530932 Hearbeat IPC: 2.936170 Cumulative IPC: 3.013576
Prefetcher heartbeat stats
Instructions Retired: 1700003 Cycle: 548873 Hearbeat IPC: 5.573770 Cumulative IPC: 3.097261
Prefetcher heartbeat stats
Instructions Retired: 1800005 Cycle: 566300 Hearbeat IPC: 5.738337 Cumulative IPC: 3.178536
Prefetcher heartbeat stats
Instructions Retired: 1900003 Cycle: 596550 Hearbeat IPC: 3.305719 Cumulative IPC: 3.184985
Prefetcher heartbeat stats
Instructions Retired: 2000000 Cycle: 632602 Hearbeat IPC: 2.773688 Cumulative IPC: 3.161546
Prefetcher heartbeat stats
Instructions Retired: 2100001 Cycle: 656393 Hearbeat IPC: 4.203312 Cumulative IPC: 3.199304
Prefetcher heartbeat stats
Instructions Retired: 2200003 Cycle: 692460 Hearbeat IPC: 2.772673 Cumulative IPC: 3.177083
Prefetcher heartbeat stats
Instructions Retired: 2300005 Cycle: 730295 Hearbeat IPC: 2.643108 Cumulative IPC: 3.149419
Prefetcher heartbeat stats
Instructions Retired: 2400000 Cycle: 769905 Hearbeat IPC: 2.524489 Cumulative IPC: 3.117268
Prefetcher heartbeat stats
Instructions Retired: 2500000 Cycle: 806881 Hearbeat IPC: 2.704457 Cumulative IPC: 3.098350
Prefetcher heartbeat stats
Instructions Retired: 2600005 Cycle: 842936 Hearbeat IPC: 2.773679 Cumulative IPC: 3.084463
Prefetcher heartbeat stats
Instructions Retired: 2700000 Cycle: 866908 Hearbeat IPC: 4.171325 Cumulative IPC: 3.114517
Prefetcher heartbeat stats
Instructions Retired: 2800003 Cycle: 902926 Hearbeat IPC: 2.776473 Cumulative IPC: 3.101033
Prefetcher heartbeat stats
Instructions Retired: 2900000 Cycle: 928718 Hearbeat IPC: 3.877055 Cumulative IPC: 3.122584
Prefetcher heartbeat stats
Instructions Retired: 3000003 Cycle: 946438 Hearbeat IPC: 5.643510 Cumulative IPC: 3.169783
Prefetcher heartbeat stats

Simulation complete. Instructions retired: 3099757 Cycles elapsed: 966595 IPC: 3.206883

Prefetcher final stats
