
*** Data Prefetching Championship 2 Simulator ***

Warmup Instructions: 0
Simulation Instructions: 100000000
Scramble loads OFF
Using 1MB Last Level Cache
Using 3.2 GB/s DRAM bandwidth
Knobs visible from prefetcher: 0 0 1
Resetting history queue.
Setting up the minimum score
Resetting offset table
Setting initial offset to 1
Tag offset: 6
Resetting rable rounds
Resetting gauge

Warmup complete. Instructions retired: 2 Cycles elapsed: 2 IPC: 1.000000
Instructions Retired: 100000 Cycle: 47509 Hearbeat IPC: 2.104864 Cumulative IPC: 2.104864
Instructions Retired: 200000 Cycle: 92546 Hearbeat IPC: 2.220397 Cumulative IPC: 2.161088
Instructions Retired: 300001 Cycle: 128597 Hearbeat IPC: 2.773876 Cumulative IPC: 2.332877
Instructions Retired: 400004 Cycle: 152517 Hearbeat IPC: 4.180727 Cumulative IPC: 2.622685
Instructions Retired: 500003 Cycle: 169939 Hearbeat IPC: 5.739812 Cumulative IPC: 2.942250
Instructions Retired: 600000 Cycle: 191587 Hearbeat IPC: 4.619226 Cumulative IPC: 3.131737
Instructions Retired: 700003 Cycle: 227620 Hearbeat IPC: 2.775317 Cumulative IPC: 3.075314
Offset switch to: 2	With score: 32
Instructions Retired: 800001 Cycle: 254767 Hearbeat IPC: 3.683575 Cumulative IPC: 3.140128
Instructions Retired: 900000 Cycle: 287268 Hearbeat IPC: 3.076798 Cumulative IPC: 3.132963
Instructions Retired: 1000000 Cycle: 323463 Hearbeat IPC: 2.762813 Cumulative IPC: 3.091544
Instructions Retired: 1100005 Cycle: 362274 Hearbeat IPC: 2.576718 Cumulative IPC: 3.036390
Instructions Retired: 1200001 Cycle: 400339 Hearbeat IPC: 2.626980 Cumulative IPC: 2.997462
Instructions Retired: 1300000 Cycle: 436393 Hearbeat IPC: 2.773590 Cumulative IPC: 2.978966
Instructions Retired: 1400001 Cycle: 462464 Hearbeat IPC: 3.835718 Cumulative IPC: 3.027265
Instructions Retired: 1500001 Cycle: 496068 Hearbeat IPC: 2.975836 Cumulative IPC: 3.023781
Instructions Retired: 1600004 Cycle: 530027 Hearbeat IPC: 2.944816 Cumulative IPC: 3.018722
Offset switch to: 12	With score: 32
Instructions Retired: 1700000 Cycle: 547392 Hearbeat IPC: 5.758480 Cumulative IPC: 3.105635
Instructions Retired: 1800005 Cycle: 564573 Hearbeat IPC: 5.820674 Cumulative IPC: 3.188259
Instructions Retired: 1900003 Cycle: 594772 Hearbeat IPC: 3.311302 Cumulative IPC: 3.194506
Instructions Retired: 2000000 Cycle: 630824 Hearbeat IPC: 2.773688 Cumulative IPC: 3.170456
Instructions Retired: 2100001 Cycle: 654435 Hearbeat IPC: 4.235356 Cumulative IPC: 3.208876
Instructions Retired: 2200003 Cycle: 690502 Hearbeat IPC: 2.772673 Cumulative IPC: 3.186092
Instructions Retired: 2300005 Cycle: 730794 Hearbeat IPC: 2.481932 Cumulative IPC: 3.147269
Instructions Retired: 2400000 Cycle: 774454 Hearbeat IPC: 2.290312 Cumulative IPC: 3.098958
Instructions Retired: 2500000 Cycle: 812404 Hearbeat IPC: 2.635046 Cumulative IPC: 3.077287
Instructions Retired: 2600005 Cycle: 848459 Hearbeat IPC: 2.773679 Cumulative IPC: 3.064385
Offset switch to: 24	With score: 32
Instructions Retired: 2700000 Cycle: 872123 Hearbeat IPC: 4.225617 Cumulative IPC: 3.095894
Instructions Retired: 2800003 Cycle: 908141 Hearbeat IPC: 2.776473 Cumulative IPC: 3.083225
Instructions Retired: 2900000 Cycle: 933681 Hearbeat IPC: 3.915309 Cumulative IPC: 3.105986
Instructions Retired: 3000003 Cycle: 951049 Hearbeat IPC: 5.757888 Cumulative IPC: 3.154415

Simulation complete. Instructions retired: 3099755 Cycles elapsed: 970946 IPC: 3.192510

