
*** Data Prefetching Championship 2 Simulator ***

Warmup Instructions: 10000000
Simulation Instructions: 100000000
Scramble loads OFF
Using 1MB Last Level Cache
Using 3.2 GB/s DRAM bandwidth
Knobs visible from prefetcher: 0 0 1
Resetting history queue.
Resetting offset table
Setting initial offset to 1
Tag offset: 6
Ressetting hit rate
Index 63
Index 63
Index 63
Index 63
Index 63
Index 63
Index 63
Index 63
Index 63
Index 63
Index 63
Index 63
Index 63
Index 63
Index 63
Index 63
Index 63
Index 63
Index 63
Index 63
Index 63
Index 63
Index 63
Index 63
Index 63
Index 63
Index 63
Index 63
Index 63
Index 63
Index 63
Index 63
Index 63
Index 63
Index 63
Index 63
Index 63
Index 63
Index 63
Index 63
Index 63
Index 63
Index 63
Index 63
Index 63
Index 63
Index 63
Index 63
Index 63
Index 63
Index 63
Index 63
Index 63
Index 63
Index 63
Index 63
Index 63
Index 63
Index 63
Index 63
Index 63
Index 63
Index 63
Index 63
Index 63
Index 63
Index 63
Index 63
Index 63
Index 63
Index 63
Index 63
Index 63
Index 63
Index 63
Index 63
Index 63
Index 63
Index 63
Index 63
Index 63
Index 63
Index 63
Index 63
Index 63
Index 63
Index 63
Index 63
Index 63
Index 63
Index 63
Index 63
Index 63
Index 63
Index 63
Index 63
Index 63
Index 63
Index 63
Index 63
Index 63
Index 63
Index 63
Index 63
Index 63
Index 63
Index 63
Index 63
Index 63
Index 63
Index 63
Index 63
Index 63
Index 63
Index 63
Index 63
Index 43
Index 63
Index 63
Index 63
Index 63
Index 63
Index 63
Index 63
Index 63
Index 63
Index 63
Index 63
Index 63
Index 63
Index 63
Index 63
Index 63
Index 63
Index 63
Index 63
Instructions Retired: 100000 Cycle: 47573 Hearbeat IPC: 2.102033 Cumulative IPC: 2.102033
Cycle: 47573	Best offset: 1	Score: 0	Hit Rate: 0.000000
Index 63
Index 63
Index 63
Index 63
Index 63
Index 63
Index 63
Index 63
Index 63
Index 63
Index 63
Index 63
Index 63
Index 63
Index 63
Index 63
Index 63
Index 63
Index 63
Index 63
Index 63
Index 63
Index 63
Index 63
Index 63
Index 63
Index 63
Index 63
Index 63
Index 63
Index 63
Index 63
Index 63
Index 63
Index 63
Index 63
Index 63
Index 63
Index 63
Index 63
Index 63
Index 63
Index 63
Index 63
Index 63
Index 63
Index 63
Index 63
Index 63
Index 63
Index 63
Index 63
Index 63
Index 63
Index 63
Index 63
Index 63
Index 63
Index 63
Index 63
Index 63
Index 63
Index 63
Index 63
Index 63
Index 63
Index 63
Index 63
Index 63
Index 63
Index 63
Index 63
Index 63
Index 63
Index 63
Index 63
Index 63
Index 63
Index 63
Index 63
Index 63
Index 63
Index 63
Index 63
Index 63
Index 63
Index 63
Index 63
Index 0
Index 1
Index 1
Index 2
Index 2
Index 3
Index 3
Index 3
Index 3
Index 3
Index 4
Index 4
Index 4
Index 4
Index 5
Index 5
Index 5
Index 5
Index 5
Index 5
Index 5
Index 5
Index 6
Index 6
Index 6
Index 6
Index 6
Index 7
Index 7
Index 7
Index 7
Index 8
Index 8
Index 8
Index 8
Index 8
Index 9
Index 9
Index 9
Index 9
Index 63
Index 63
Index 63
Index 63
Index 0
Index 0
Index 0
Index 0
Index 1
Index 1
Index 1
Index 1
Index 1
Index 2
Index 2
Index 2
Index 2
Index 2
Index 3
Index 3
Index 3
Index 3
Index 3
Index 4
Index 4
Index 4
Index 4
Index 4
Index 5
Index 5
Index 5
Index 63
Index 0
Index 0
Index 0
Index 0
Index 0
Index 1
Index 1
Index 0
Index 1
Index 13
Index 2
Index 10
Index 3
Index 4
Index 12
Index 5
Index 13
Index 14
Index 15
Index 16
Index 17
Index 18
Index 19
Index 20
Index 21
Instructions Retired: 200000 Cycle: 92608 Hearbeat IPC: 2.220495 Cumulative IPC: 2.159641
Cycle: 92608	Best offset: 1	Score: 0	Hit Rate: 0.356164
Index 0
Index 1
Index 2
Index 3
Index 4
Index 5
Index 13
Index 14
Index 15
Index 16
Index 17
Index 18
Index 19
Index 20
Index 21
Index 45
Index 0
Index 1
Index 2
Index 3
Index 4
Index 5
Index 6
Index 7
Index 8
Index 9
Index 10
Index 11
Index 12
Index 13
Index 14
Instructions Retired: 300001 Cycle: 128659 Hearbeat IPC: 2.773876 Cumulative IPC: 2.331753
Cycle: 128659	Best offset: 1	Score: 0	Hit Rate: 0.450876
Index 0
Index 1
Index 2
Index 3
Index 4
Index 5
Index 6
Index 7
Index 8
Index 9
Index 10
Index 11
Index 12
Index 13
Index 14
Index 63
Index 0
Index 0
Index 1
Index 1
Index 2
Index 2
Index 2
Index 3
Index 3
Index 4
Index 4
Index 4
Index 5
Index 5
Index 6
Index 6
Index 6
Index 7
Index 7
Index 8
Index 8
Index 9
Index 9
Index 9
Index 22
Index 22
Index 23
Index 0
Index 0
Index 1
Index 1
Index 1
Index 2
Index 2
Index 2
Index 3
Index 3
Index 3
Index 4
Index 4
Index 5
Index 5
Index 5
Index 6
Index 6
Index 7
Index 7
Index 7
Index 8
Index 8
Index 9
Index 9
Index 9
Index 10
Index 10
Index 11
Index 11
Index 12
Index 12
Index 12
Index 63
Index 0
Index 0
Index 0
Index 1
Index 1
Index 2
Instructions Retired: 400004 Cycle: 152588 Hearbeat IPC: 4.179155 Cumulative IPC: 2.621464
Cycle: 152588	Best offset: 1	Score: 0	Hit Rate: 0.569705
Index 63
Index 0
Index 0
Index 0
Index 1
Index 1
Index 1
Index 2
Index 2
Index 3
Index 3
Index 3
Index 4
Index 4
Index 5
Index 5
Index 5
Index 6
Index 6
Index 6
Index 7
Index 7
Index 7
Index 8
Index 8
Index 9
Index 9
Index 9
Index 10
Index 10
Index 11
Index 63
Index 0
Index 0
Index 6
Index 6
Index 6
Index 7
Index 7
Index 8
Index 8
Index 9
Index 9
Index 9
Index 10
Index 10
Index 10
Index 11
Index 11
Index 12
Index 12
Index 12
Index 13
Index 13
Index 14
Index 63
Index 0
Index 0
Index 1
Index 1
Index 1
Index 2
Index 2
Index 3
Index 3
Index 3
Index 54
Index 16
Index 16
Index 16
Index 16
Index 63
Index 63
Index 63
Index 63
Index 0
Index 0
Index 0
Index 0
Index 0
Index 1
Index 1
Index 1
Index 1
Index 1
Index 2
Index 2
Index 2
Index 2
Index 3
Index 3
Index 3
Index 3
Index 3
Index 4
Index 4
Index 4
Index 4
Index 4
Index 5
Index 5
Index 5
Index 5
Index 6
Index 6
Index 6
Index 6
Index 6
Index 7
Index 7
Index 7
Index 7
Index 7
Index 8
Index 8
Index 8
Index 63
Index 63
Index 63
Index 63
Index 0
Index 0
Index 0
Index 0
Index 0
Index 1
Index 1
Index 1
Index 1
Index 2
Index 2
Index 2
Index 2
Index 2
Index 3
Index 3
Index 3
Index 3
Index 63
Index 0
Index 0
Index 63
Index 63
Index 0
Index 0
Index 0
Index 0
Index 1
Index 1
Index 8
Index 8
Index 8
Index 8
Index 9
Index 9
Index 9
Index 9
Index 10
Index 0
Index 0
Index 0
Index 0
Index 0
Index 1
Index 1
Index 1
Index 1
Index 1
Index 2
Index 2
Index 2
Index 2
Index 2
Index 3
Index 3
Index 3
Index 3
Index 4
Index 4
Index 4
Index 4
Index 5
Index 5
Index 5
Index 5
Index 5
Instructions Retired: 500003 Cycle: 170004 Hearbeat IPC: 5.741789 Cumulative IPC: 2.941125
Cycle: 170004	Best offset: 1	Score: 0	Hit Rate: 0.694444
Index 63
Index 63
Index 63
Index 63
Index 0
Index 0
Index 0
Index 0
Index 0
Index 1
Index 1
Index 1
Index 1
Index 1
Index 63
Index 0
Index 0
Index 0
Index 0
Index 1
Index 1
Index 1
Index 1
Index 1
Index 1
Index 2
Index 2
Index 2
Index 2
Index 2
Index 3
Index 3
Index 3
Index 3
Index 4
Index 4
Index 4
Index 4
Index 4
Index 5
Index 5
Index 5
Index 5
Index 5
Index 6
Index 6
Index 6
Index 6
Index 7
Index 7
Index 7
Index 7
Index 7
Index 0
Index 0
Index 0
Index 0
Index 1
Index 1
Index 1
Index 1
Index 1
Index 1
Index 1
Index 2
Index 2
Index 2
Index 2
Index 3
Index 3
Index 3
Index 3
Index 63
Index 63
Index 2
Index 2
Index 2
Index 2
Index 3
Index 3
Index 3
Index 3
Index 3
Index 3
Index 4
Index 4
Index 4
Index 4
Index 5
Index 5
Index 5
Index 5
Index 5
Index 6
Index 6
Index 6
Index 6
Index 7
Index 7
Index 7
Index 7
Index 8
Index 8
Index 8
Index 8
Index 8
Index 9
Index 63
Index 0
Index 0
Index 0
Index 0
Index 7
Index 7
Index 7
Index 7
Index 8
Index 8
Index 8
Index 8
Index 9
Index 9
Index 9
Index 9
Index 9
Index 10
Index 0
Index 0
Index 0
Index 0
Index 1
Index 1
Index 1
Index 1
Index 1
Index 2
Index 2
Index 2
Index 2
Index 3
Index 3
Index 3
Index 3
Index 3
Index 4
Index 4
Index 4
Index 4
Index 5
Index 5
Index 5
Index 5
Index 63
Index 63
Index 63
Index 0
Index 0
Index 0
Index 0
Index 1
Index 1
Index 1
Index 1
Index 1
Index 2
Index 2
Index 11
Index 11
Index 11
Index 11
Index 60
Index 56
Index 61
Index 63
Index 3
Index 4
Index 5
Index 6
Index 7
Index 8
Index 9
Index 10
Index 11
Index 12
Index 13
Index 14
Index 15
Index 16
Index 32
Index 33
Instructions Retired: 600000 Cycle: 191664 Hearbeat IPC: 4.616667 Cumulative IPC: 3.130478
Cycle: 191664	Best offset: 1	Score: 0	Hit Rate: 0.766222
Index 49
Index 50
Index 51
Index 52
Index 53
Index 54
Index 55
Index 56
Index 57
Index 58
Index 59
Index 60
Index 61
Index 62
Index 0
Index 2
Index 3
Index 4
Index 5
Index 6
Index 7
Index 8
Index 9
Index 10
Index 11
Index 12
Index 13
Index 14
Index 15
Index 16
Index 33
Index 49
Index 1
Index 0
Index 1
Index 2
Index 3
Index 4
Index 5
Index 6
Index 7
Index 8
Index 9
Index 20
Index 21
Index 22
Index 23
Index 24
Index 25
Index 42
Index 43
Index 44
Instructions Retired: 700003 Cycle: 227697 Hearbeat IPC: 2.775317 Cumulative IPC: 3.074274
Cycle: 227697	Best offset: 1	Score: 0	Hit Rate: 0.779953
Index 45
Index 46
Index 47
Index 48
Index 49
Index 50
Index 51
Index 0
Index 1
Index 2
Index 3
Index 4
Index 5
Index 6
Index 7
Index 8
Index 9
Index 20
Index 21
Index 22
Index 23
Index 24
Index 25
Index 42
Index 43
Index 44
Index 45
Index 46
Index 47
Index 48
Index 49
Index 50
Index 51
Index 63
Index 63
Index 63
Index 0
Index 0
Index 0
Index 0
Index 1
Index 1
Index 1
Index 1
Index 1
Index 2
Index 2
Index 2
Index 2
Index 3
Index 3
Index 3
Index 3
Index 3
Index 4
Index 4
Index 4
Index 4
Index 5
Index 5
Index 5
Index 5
Index 6
Index 6
Index 6
Index 6
Index 63
Index 63
Index 63
Index 0
Index 0
Index 0
Index 0
Index 1
Index 1
Index 1
Index 1
Index 1
Index 2
Index 2
Index 2
Index 2
Index 2
Index 2
Index 3
Index 3
Index 63
Index 0
Index 0
Index 0
Index 0
Index 5
Index 5
Index 5
Index 5
Index 5
Index 6
Index 6
Index 6
Index 6
Index 7
Index 7
Index 7
Index 7
Index 8
Index 8
Index 8
Index 8
Index 9
Index 9
Index 9
Index 9
Index 9
Index 9
Index 9
Index 9
Index 9
Index 9
Index 9
Index 9
Index 63
Index 0
Index 0
Index 0
Index 0
Index 1
Index 1
Index 1
Index 0
Index 0
Index 0
Index 0
Index 0
Index 1
Index 1
Index 1
Index 1
Index 2
Index 2
Index 2
Index 2
Index 3
Index 3
Index 3
Index 3
Index 4
Index 4
Index 4
Index 4
Index 5
Index 5
Index 5
Index 5
Index 5
Index 6
Index 6
Index 6
Index 6
Index 7
Index 7
Index 7
Index 7
Index 7
Index 8
Index 8
Index 8
Instructions Retired: 800001 Cycle: 254867 Hearbeat IPC: 3.680456 Cumulative IPC: 3.138896
Cycle: 254867	Best offset: 1	Score: 0	Hit Rate: 0.810310
Index 0
Index 0
Index 0
Index 0
Index 0
Index 1
Index 1
Index 1
Index 1
Index 1
Index 1
Index 2
Index 2
Index 2
Index 2
Index 3
Index 3
Index 3
Index 3
Index 5
Index 5
Index 5
Index 5
Index 5
Index 5
Index 5
Index 6
Index 6
Index 6
Index 6
Index 6
Index 6
Index 6
Index 8
Index 0
Index 1
Index 2
Index 3
Index 8
Index 9
Index 10
Index 11
Index 12
Index 13
Index 14
Index 15
Index 16
Index 17
Index 18
Index 19
Index 0
Index 1
Index 2
Index 3
Index 8
Index 9
Index 10
Index 11
Index 12
Index 13
Index 14
Index 15
Index 16
Index 17
Index 18
Index 19
Instructions Retired: 900000 Cycle: 287335 Hearbeat IPC: 3.079925 Cumulative IPC: 3.132232
Cycle: 287335	Best offset: 1	Score: 0	Hit Rate: 0.825662
Index 40
Index 41
Index 42
Index 61
Index 62
Index 0
Index 1
Index 2
Index 3
Index 4
Index 5
Index 6
Index 7
Index 8
Index 9
Index 10
Index 11
Index 12
Index 26
Index 27
Index 28
Index 61
Index 62
Index 0
Index 1
Index 2
Index 3
Index 4
Index 5
Index 6
Index 7
Index 8
Index 9
Index 10
Index 11
Index 12
Index 26
Index 27
Index 28
Instructions Retired: 1000000 Cycle: 323753 Hearbeat IPC: 2.745895 Cumulative IPC: 3.088774
Cycle: 323753	Best offset: 1	Score: 0	Hit Rate: 0.829542
Index 63
Index 63
Index 63
Index 63
Index 63
Index 63
Index 63
Index 63
Index 63
Index 63
Instructions Retired: 1100005 Cycle: 366291 Hearbeat IPC: 2.350957 Cumulative IPC: 3.003090
Cycle: 366291	Best offset: 1	Score: 0	Hit Rate: 0.758904
Index 63
Index 63
Index 63
Index 63
Index 63
Index 63
Index 0
Index 10
Index 1
Index 2
Index 11
Index 3
Index 4
Index 11
Index 12
Index 13
Index 14
Index 15
Instructions Retired: 1200001 Cycle: 406999 Hearbeat IPC: 2.456421 Cumulative IPC: 2.948413
Cycle: 406999	Best offset: 1	Score: 0	Hit Rate: 0.719296
Index 16
Index 17
Index 18
Index 19
Index 20
Index 0
Index 1
Index 2
Index 3
Index 4
Index 11
Index 12
Index 13
Index 14
Index 15
Index 16
Index 17
Index 18
Index 19
Index 20
Index 0
Index 1
Index 2
Index 3
Index 4
Index 11
Index 12
Index 13
Index 14
Index 15
Index 16
Index 17
Index 18
Index 19
Index 20
Instructions Retired: 1300000 Cycle: 443053 Hearbeat IPC: 2.773590 Cumulative IPC: 2.934186
Cycle: 443053	Best offset: 1	Score: 0	Hit Rate: 0.730017
Index 0
Index 1
Index 2
Index 3
Index 4
Index 11
Index 12
Index 13
Index 14
Index 15
Index 16
Index 17
Index 18
Index 19
Index 20
Index 63
Index 63
Index 0
Index 0
Index 0
Index 0
Index 1
Index 1
Index 1
Index 1
Index 2
Index 2
Index 2
Index 2
Index 2
Index 3
Index 3
Index 3
Index 3
Index 3
Index 3
Index 4
Index 4
Index 4
Index 4
Index 4
Index 4
Index 4
Index 4
Index 4
Index 4
Index 4
Index 5
Index 5
Index 5
Index 5
Index 63
Index 0
Index 0
Index 0
Index 0
Index 0
Index 0
Index 0
Index 0
Index 0
Index 0
Index 0
Index 0
Index 0
Index 1
Index 1
Index 1
Index 1
Index 1
Index 63
Index 0
Index 0
Index 0
Index 0
Index 7
Index 7
Index 7
Index 7
Index 7
Index 8
Index 63
Index 63
Index 63
Index 0
Index 0
Index 0
Index 0
Index 0
Index 0
Index 0
Index 0
Index 0
Index 0
Index 1
Index 1
Index 1
Index 1
Index 2
Index 2
Index 2
Index 2
Index 2
Index 2
Index 2
Index 2
Index 2
Index 2
Index 3
Index 3
Index 3
Index 3
Index 3
Index 3
Index 3
Index 3
Index 3
Index 3
Index 4
Index 4
Index 4
Index 4
Index 5
Index 5
Index 5
Index 5
Index 5
Index 63
Index 0
Index 0
Index 0
Index 0
Index 0
Index 0
Index 0
Index 0
Index 0
Index 0
Index 1
Index 1
Index 1
Index 1
Index 1
Index 1
Index 1
Index 1
Index 1
Index 1
Index 2
Index 2
Index 2
Index 2
Index 3
Index 3
Index 3
Index 3
Index 3
Index 63
Index 63
Index 63
Index 63
Index 63
Index 63
Index 63
Index 63
Index 63
Index 0
Index 0
Index 0
Index 0
Instructions Retired: 1400001 Cycle: 469057 Hearbeat IPC: 3.845601 Cumulative IPC: 2.984714
Cycle: 469057	Best offset: 1	Score: 0	Hit Rate: 0.756885
Index 1
Index 1
Index 1
Index 1
Index 1
Index 63
Index 63
Index 2
Index 2
Index 2
Index 2
Index 3
Index 3
Index 3
Index 3
Index 3
Index 14
Index 31
Index 35
Index 39
Index 38
Index 30
Index 33
Index 40
Index 51
Index 52
Index 53
Index 54
Index 55
Index 56
Index 57
Index 58
Index 59
Index 60
Index 61
Index 0
Index 1
Index 2
Index 3
Index 8
Index 9
Index 10
Index 11
Index 12
Index 13
Index 14
Index 15
Index 16
Index 17
Index 18
Index 19
Index 52
Index 53
Index 54
Index 55
Index 56
Index 57
Index 58
Index 59
Index 60
Index 61
Index 62
Index 0
Index 1
Index 2
Index 3
Index 8
Index 9
Index 10
Index 11
Index 12
Index 13
Index 14
Index 15
Index 16
Index 17
Index 18
Instructions Retired: 1500001 Cycle: 502629 Hearbeat IPC: 2.978673 Cumulative IPC: 2.984310
Cycle: 502629	Best offset: 1	Score: 0	Hit Rate: 0.768095
Index 19
Index 52
Index 53
Index 54
Index 55
Index 56
Index 57
Index 58
Index 59
Index 60
Index 61
Index 62
Index 0
Index 1
Index 2
Index 3
Index 8
Index 9
Index 10
Index 11
Index 12
Index 13
Index 14
Index 15
Index 16
Index 17
Index 18
Index 19
Index 52
Index 53
Index 54
Index 55
Index 56
Index 57
Index 58
Index 59
Index 60
Index 61
Index 62
Index 0
Index 1
Index 2
Index 3
Index 8
Index 9
Index 10
Index 11
Index 28
Index 28
Index 28
Index 34
Index 34
Index 35
Index 35
Index 35
Index 30
Index 30
Index 32
Index 32
Index 26
Index 26
Index 26
Index 25
Index 25
Index 31
Index 31
Index 31
Instructions Retired: 1600004 Cycle: 536624 Hearbeat IPC: 2.941697 Cumulative IPC: 2.981611
Cycle: 536624	Best offset: 1	Score: 0	Hit Rate: 0.776183
Index 0
Index 0
Index 1
Index 1
Index 1
Index 2
Index 2
Index 3
Index 3
Index 3
Index 4
Index 4
Index 5
Index 5
Index 5
Index 6
Index 6
Index 7
Index 7
Index 8
Index 8
Index 9
Index 9
Index 9
Index 10
Index 10
Index 11
Index 63
Index 63
Index 0
Index 0
Index 1
Index 5
Index 5
Index 6
Index 6
Index 6
Index 7
Index 7
Index 8
Index 8
Index 9
Index 9
Index 10
Index 10
Index 11
Index 11
Index 12
Index 12
Index 13
Index 13
Index 13
Index 14
Index 14
Index 0
Index 0
Index 1
Index 1
Index 1
Index 2
Index 2
Index 2
Index 3
Index 3
Index 14
Index 14
Index 15
Index 15
Index 15
Index 16
Index 16
Index 63
Index 0
Index 0
Index 0
Index 1
Index 1
Index 2
Index 2
Index 2
Index 3
Index 3
Index 4
Index 4
Index 4
Index 5
Index 5
Index 0
Index 0
Index 0
Index 1
Index 1
Index 1
Index 2
Index 2
Index 3
Index 3
Index 3
Index 4
Index 4
Index 5
Index 5
Index 6
Index 6
Index 6
Index 7
Index 7
Index 8
Index 8
Index 21
Index 21
Index 22
Index 22
Index 23
Index 23
Index 23
Index 24
Index 24
Index 25
Instructions Retired: 1700000 Cycle: 554069 Hearbeat IPC: 5.732072 Cumulative IPC: 3.068210
Cycle: 554069	Best offset: 1	Score: 0	Hit Rate: 0.790726
Index 0
Index 0
Index 0
Index 0
Index 1
Index 1
Index 1
Index 1
Index 1
Index 2
Index 2
Index 2
Index 2
Index 3
Index 3
Index 3
Index 3
Index 4
Index 4
Index 4
Index 4
Index 63
Index 63
Index 63
Index 0
Index 4
Index 4
Index 4
Index 4
Index 5
Index 5
Index 5
Index 5
Index 6
Index 6
Index 6
Index 6
Index 6
Index 7
Index 7
Index 7
Index 7
Index 7
Index 8
Index 8
Index 8
Index 8
Index 9
Index 9
Index 9
Index 9
Index 63
Index 63
Index 63
Index 0
Index 0
Index 0
Index 0
Index 1
Index 1
Index 1
Index 1
Index 1
Index 2
Index 2
Index 2
Index 2
Index 2
Index 3
Index 3
Index 3
Index 3
Index 4
Index 4
Index 4
Index 4
Index 5
Index 5
Index 5
Index 5
Index 6
Index 63
Index 0
Index 0
Index 0
Index 0
Index 1
Index 63
Index 63
Index 0
Index 0
Index 0
Index 0
Index 0
Index 0
Index 1
Index 1
Index 1
Index 1
Index 2
Index 2
Index 2
Index 2
Index 3
Index 3
Index 3
Index 3
Index 3
Index 4
Index 4
Index 4
Index 4
Index 4
Index 5
Index 5
Index 5
Index 5
Index 6
Index 6
Index 6
Index 6
Index 6
Index 6
Index 7
Index 63
Index 0
Index 0
Index 0
Index 0
Index 0
Index 1
Index 1
Index 1
Index 1
Index 2
Index 2
Index 2
Index 2
Index 11
Index 11
Index 11
Index 12
Index 63
Index 63
Index 63
Index 63
Index 63
Index 0
Index 0
Index 0
Index 0
Index 1
Index 1
Index 1
Index 1
Index 2
Index 2
Index 2
Index 2
Index 2
Index 3
Index 3
Index 3
Index 3
Index 15
Index 22
Index 22
Index 22
Index 22
Index 22
Index 63
Index 63
Index 63
Index 3
Index 3
Index 3
Index 3
Index 3
Index 4
Index 4
Index 4
Index 4
Index 5
Index 5
Index 5
Index 5
Index 5
Index 6
Index 6
Index 6
Index 6
Index 7
Index 7
Index 7
Index 7
Index 8
Index 8
Index 8
Index 8
Index 8
Index 9
Index 9
Index 9
Index 0
Index 0
Index 0
Index 0
Index 0
Index 1
Index 1
Index 1
Index 1
Index 1
Index 2
Index 2
Index 2
Index 2
Index 3
Index 3
Index 3
Index 3
Index 3
Index 4
Index 4
Index 4
Index 4
Index 4
Index 63
Index 63
Index 63
Index 0
Index 0
Index 0
Index 0
Index 1
Index 1
Index 1
Index 10
Index 10
Index 10
Index 10
Index 10
Instructions Retired: 1800003 Cycle: 571310 Hearbeat IPC: 5.800302 Cumulative IPC: 3.150659
Cycle: 571310	Best offset: 1	Score: 0	Hit Rate: 0.814544
Index 63
Index 63
Index 0
Index 0
Index 0
Index 0
Index 0
Index 1
Index 1
Index 1
Index 1
Index 2
Index 2
Index 2
Index 2
Index 3
Index 3
Index 3
Index 3
Index 3
Index 4
Index 4
Index 4
Index 4
Index 5
Index 5
Index 5
Index 5
Index 5
Index 6
Index 6
Index 6
Index 6
Index 63
Index 63
Index 63
Index 0
Index 0
Index 0
Index 0
Index 1
Index 1
Index 1
Index 1
Index 1
Index 2
Index 2
Index 2
Index 2
Index 2
Index 63
Index 63
Index 63
Index 0
Index 0
Index 0
Index 0
Index 0
Index 1
Index 1
Index 1
Index 1
Index 2
Index 2
Index 2
Index 2
Index 3
Index 3
Index 3
Index 3
Index 3
Index 4
Index 4
Index 4
Index 4
Index 5
Index 5
Index 5
Index 5
Index 5
Index 6
Index 6
Index 6
Index 6
Index 7
Index 7
Index 7
Index 7
Index 7
Index 0
Index 1
Index 2
Index 3
Index 4
Index 11
Index 5
Index 6
Index 7
Index 8
Index 19
Index 20
Index 21
Index 22
Index 23
Index 24
Index 0
Index 1
Index 2
Index 3
Index 4
Index 5
Index 6
Index 7
Index 8
Instructions Retired: 1900003 Cycle: 601565 Hearbeat IPC: 3.305239 Cumulative IPC: 3.158433
Cycle: 601565	Best offset: 1	Score: 0	Hit Rate: 0.823756
Index 19
Index 20
Index 21
Index 22
Index 23
Index 24
Index 0
Index 1
Index 2
Index 3
Index 4
Index 5
Index 6
Index 7
Index 8
Index 19
Index 20
Index 21
Index 22
Index 23
Index 24
Index 0
Index 1
Index 2
Index 3
Index 4
Index 5
Index 6
Index 7
Index 8
Index 19
Index 20
Index 21
Index 22
Index 23
Index 24
Instructions Retired: 2000000 Cycle: 637617 Hearbeat IPC: 2.773688 Cumulative IPC: 3.136679
Cycle: 637617	Best offset: 1	Score: 0	Hit Rate: 0.828041
Index 63
Index 63
Index 0
Index 0
Index 0
Index 0
Index 0
Index 1
Index 1
Index 1
Index 1
Index 2
Index 2
Index 2
Index 2
Index 3
Index 3
Index 3
Index 3
Index 4
Index 4
Index 4
Index 4
Index 5
Index 5
Index 5
Index 5
Index 5
Index 6
Index 6
Index 6
Index 6
Index 7
Index 7
Index 7
Index 7
Index 8
Index 8
Index 63
Index 63
Index 0
Index 0
Index 0
Index 0
Index 0
Index 1
Index 1
Index 1
Index 1
Index 2
Index 2
Index 2
Index 2
Index 3
Index 3
Index 3
Index 3
Index 4
Index 1
Index 1
Index 1
Index 1
Index 2
Index 2
Index 2
Index 2
Index 3
Index 3
Index 3
Index 3
Index 4
Index 4
Index 4
Index 4
Index 4
Index 5
Index 5
Index 5
Index 5
Index 5
Index 6
Index 6
Index 6
Index 6
Index 7
Index 7
Index 7
Index 7
Index 7
Index 8
Index 8
Index 8
Index 8
Index 9
Index 63
Index 63
Index 0
Index 0
Index 0
Index 0
Index 1
Index 1
Index 1
Index 1
Index 2
Index 2
Index 2
Index 2
Index 3
Index 3
Index 3
Index 3
Index 3
Index 4
Index 4
Index 4
Index 4
Index 5
Index 63
Index 63
Index 63
Index 63
Index 0
Index 5
Index 5
Index 5
Index 5
Index 6
Index 6
Index 6
Index 6
Index 7
Index 7
Index 7
Index 7
Index 7
Index 8
Index 8
Index 8
Index 8
Index 8
Index 9
Index 9
Index 9
Index 9
Index 10
Index 63
Index 63
Index 0
Index 0
Index 0
Index 0
Index 1
Index 1
Index 1
Index 1
Index 1
Index 2
Index 2
Index 2
Index 2
Index 3
Index 3
Index 3
Index 3
Index 4
Index 4
Index 4
Index 4
Index 5
Index 5
Index 5
Index 5
Index 5
Index 0
Index 1
Index 2
Index 3
Index 4
Index 5
Index 6
Index 7
Index 8
Index 9
Index 10
Index 11
Index 25
Index 26
Index 27
Instructions Retired: 2100001 Cycle: 661280 Hearbeat IPC: 4.226049 Cumulative IPC: 3.175661
Cycle: 661280	Best offset: 1	Score: 0	Hit Rate: 0.840131
Index 44
Index 45
Index 46
Index 47
Index 48
Index 49
Index 50
Index 51
Index 52
Index 53
Index 54
Index 55
Index 56
Index 0
Index 1
Index 2
Index 3
Index 4
Index 5
Index 6
Index 7
Index 8
Index 9
Index 10
Index 11
Index 25
Index 26
Index 27
Index 44
Index 45
Index 46
Index 47
Index 48
Index 49
Index 50
Index 51
Index 52
Index 53
Index 54
Index 55
Index 56
Index 0
Index 1
Index 2
Index 3
Index 4
Index 5
Index 6
Index 7
Index 8
Index 9
Index 10
Index 11
Index 25
Index 26
Index 27
Index 44
Index 45
Index 46
Index 47
Index 48
Index 49
Index 50
Index 51
Index 52
Index 53
Instructions Retired: 2200003 Cycle: 697347 Hearbeat IPC: 2.772673 Cumulative IPC: 3.154818
Cycle: 697347	Best offset: 1	Score: 0	Hit Rate: 0.843665
Index 54
Index 55
Index 56
Index 0
Index 1
Index 2
Index 3
Index 4
Index 5
Index 6
Index 7
Index 8
Index 9
Index 10
Index 11
Index 25
Index 26
Index 27
Index 44
Index 45
Index 46
Index 47
Index 48
Index 49
Index 50
Index 51
Index 56
Index 63
Index 63
Index 63
Index 63
Index 63
Index 63
Index 63
Index 63
Index 63
Index 63
Index 63
Index 63
Index 63
Index 63
Index 63
Index 63
Index 63
Index 63
Index 63
Index 63
Index 63
Index 63
Index 63
Index 63
Index 63
Index 63
Index 63
Index 63
Index 63
Index 63
Index 63
Index 63
Index 63
Index 63
Index 63
Index 63
Index 63
Index 63
Index 63
Index 63
Index 63
Index 63
Index 63
Index 63
Index 63
Index 63
Index 63
Index 63
Index 63
Index 63
Index 63
Index 63
Index 63
Index 63
Index 63
Index 63
Index 63
Index 63
Index 63
Index 63
Index 63
Index 63
Index 63
Index 63
Index 63
Index 63
Index 63
Index 63
Index 63
Index 63
Index 63
Index 63
Index 63
Index 63
Index 63
Index 63
Index 63
Index 63
Index 63
Index 63
Index 63
Index 63
Index 63
Index 63
Index 63
Index 63
Index 63
Index 63
Index 63
Index 63
Index 63
Index 63
Index 63
Index 63
Index 63
Index 63
Index 63
Index 63
Index 63
Index 63
Index 63
Index 63
Index 63
Index 63
Index 63
Index 63
Index 63
Index 63
Index 63
Index 63
Index 63
Index 63
Index 63
Index 63
Index 63
Index 63
Index 63
Index 63
Index 63
Index 63
Index 63
Index 63
Index 63
Index 63
Index 63
Index 63
Index 63
Index 63
Instructions Retired: 2300005 Cycle: 736634 Hearbeat IPC: 2.545422 Cumulative IPC: 3.122317
Cycle: 736634	Best offset: 1	Score: 0	Hit Rate: 0.826861
Index 63
Index 63
Index 63
Index 63
Index 63
Index 63
Index 63
Index 63
Index 63
Index 63
Index 63
Index 63
Index 63
Index 63
Index 63
Index 63
Index 63
Index 63
Index 63
Index 63
Index 63
Index 63
Index 63
Index 63
Index 63
Index 63
Index 63
Index 63
Index 63
Index 63
Index 63
Index 63
Index 63
Index 63
Index 63
Index 63
Index 63
Index 63
Index 63
Index 63
Index 63
Index 63
Index 63
Index 63
Index 63
Index 63
Index 63
Index 63
Index 63
Index 63
Index 63
Index 63
Index 63
Index 63
Index 63
Index 63
Index 63
Index 63
Index 63
Index 63
Index 63
Index 63
Index 63
Index 63
Index 63
Index 63
Index 63
Index 63
Index 63
Index 63
Index 63
Index 63
Index 63
Index 63
Index 63
Index 63
Index 63
Index 63
Index 63
Index 63
Index 63
Index 63
Index 63
Index 63
Index 63
Index 63
Index 63
Index 63
Index 63
Index 63
Index 63
Index 63
Index 63
Index 63
Index 63
Index 63
Index 63
Index 63
Index 63
Index 63
Index 63
Index 63
Index 63
Index 63
Index 63
Index 63
Index 63
Index 63
Index 63
Index 63
Index 63
Index 63
Index 63
Index 63
Index 63
Index 63
Index 63
Index 63
Index 63
Index 63
Index 63
Index 63
Index 63
Index 63
Index 63
Index 63
Index 63
Index 63
Index 63
Index 63
Index 63
Index 63
Index 63
Index 63
Index 63
Index 63
Index 63
Index 63
Index 63
Index 63
Index 63
Index 63
Index 63
Index 63
Index 63
Index 63
Index 63
Index 63
Index 63
Index 63
Index 63
Index 63
Index 63
Index 63
Index 63
Index 63
Index 63
Index 63
Index 63
Index 63
Index 63
Index 63
Index 63
Index 63
Index 63
Index 63
Index 63
Index 63
Index 63
Index 63
Index 63
Index 63
Index 63
Index 63
Index 63
Index 63
Index 63
Index 63
Index 63
Index 63
Index 63
Index 63
Index 63
Index 63
Index 63
Index 63
Index 63
Index 63
Index 63
Index 63
Index 63
Index 63
Index 63
Index 63
Index 63
Index 63
Index 63
Index 63
Index 63
Index 63
Index 63
Index 63
Index 63
Index 63
Index 63
Index 63
Index 63
Index 63
Index 63
Index 63
Index 63
Index 63
Index 63
Index 63
Index 63
Index 63
Index 63
Index 63
Index 63
Index 63
Index 63
Index 63
Instructions Retired: 2400000 Cycle: 779168 Hearbeat IPC: 2.350943 Cumulative IPC: 3.080209
Cycle: 779168	Best offset: 1	Score: 0	Hit Rate: 0.792919
Index 63
Index 63
Index 63
Index 63
Index 63
Index 63
Index 63
Index 63
Index 63
Index 63
Index 63
Index 63
Index 63
Index 63
Index 63
Index 63
Index 63
Index 63
Index 63
Index 63
Index 63
Index 63
Index 63
Index 63
Index 63
Index 63
Index 63
Index 63
Index 63
Index 63
Index 63
Index 63
Index 63
Index 63
Index 63
Index 63
Index 63
Index 63
Index 63
Index 63
Index 63
Index 63
Index 63
Index 63
Index 63
Index 63
Index 63
Index 63
Index 63
Index 63
Index 0
Index 1
Index 2
Index 3
Index 4
Index 5
Index 6
Index 7
Index 8
Index 9
Index 10
Index 11
Index 12
Index 27
Index 28
Index 45
Index 46
Index 47
Index 48
Index 49
Index 50
Index 51
Index 52
Index 53
Index 54
Index 55
Index 56
Index 57
Index 58
Index 0
Index 1
Index 2
Index 3
Index 4
Index 5
Index 6
Index 7
Index 8
Index 9
Index 10
Index 11
Index 12
Index 27
Index 28
Instructions Retired: 2500000 Cycle: 816901 Hearbeat IPC: 2.650200 Cumulative IPC: 3.060346
Cycle: 816901	Best offset: 1	Score: 0	Hit Rate: 0.788233
Index 45
Index 46
Index 47
Index 48
Index 49
Index 50
Index 51
Index 52
Index 53
Index 54
Index 55
Index 56
Index 57
Index 58
Index 0
Index 1
Index 2
Index 3
Index 4
Index 5
Index 6
Index 7
Index 8
Index 9
Index 10
Index 11
Index 12
Index 27
Index 28
Index 45
Index 46
Index 47
Index 48
Index 49
Index 50
Index 51
Index 52
Index 53
Index 54
Index 55
Index 56
Index 57
Index 58
Index 0
Index 1
Index 2
Index 3
Index 4
Index 5
Index 6
Index 7
Index 8
Index 9
Index 10
Index 11
Index 12
Index 27
Index 28
Index 45
Index 46
Index 47
Index 48
Index 49
Index 50
Index 51
Index 52
Instructions Retired: 2600005 Cycle: 852956 Hearbeat IPC: 2.773679 Cumulative IPC: 3.048229
Cycle: 852956	Best offset: 1	Score: 0	Hit Rate: 0.792203
Index 43
Index 63
Index 63
Index 0
Index 0
Index 0
Index 0
Index 0
Index 0
Index 1
Index 1
Index 1
Index 1
Index 2
Index 2
Index 2
Index 2
Index 3
Index 3
Index 3
Index 3
Index 4
Index 4
Index 4
Index 4
Index 5
Index 5
Index 5
Index 5
Index 6
Index 6
Index 6
Index 6
Index 63
Index 63
Index 63
Index 0
Index 0
Index 0
Index 0
Index 1
Index 1
Index 1
Index 1
Index 1
Index 2
Index 2
Index 2
Index 63
Index 63
Index 63
Index 0
Index 0
Index 0
Index 0
Index 1
Index 1
Index 1
Index 1
Index 1
Index 1
Index 2
Index 2
Index 2
Index 2
Index 2
Index 3
Index 3
Index 3
Index 3
Index 4
Index 4
Index 4
Index 4
Index 5
Index 5
Index 5
Index 5
Index 6
Index 6
Index 6
Index 6
Index 7
Index 7
Index 0
Index 0
Index 0
Index 0
Index 1
Index 1
Index 1
Index 1
Index 1
Index 2
Index 2
Index 2
Index 2
Index 2
Index 2
Index 2
Index 2
Index 2
Index 2
Index 63
Index 0
Index 0
Index 0
Index 0
Index 6
Index 6
Index 6
Index 6
Index 7
Index 7
Index 7
Index 7
Index 8
Index 8
Index 8
Index 8
Index 9
Index 9
Index 9
Index 9
Index 10
Index 10
Index 10
Index 63
Index 0
Index 0
Index 0
Index 0
Index 0
Index 0
Index 1
Index 1
Index 1
Index 1
Index 1
Index 2
Index 2
Index 2
Index 2
Index 2
Index 3
Index 3
Index 3
Index 3
Index 3
Index 4
Index 4
Index 4
Index 4
Index 5
Index 5
Index 5
Index 5
Index 5
Index 5
Index 63
Index 63
Index 63
Index 63
Index 63
Index 63
Index 63
Index 63
Index 63
Index 63
Index 0
Index 0
Index 0
Index 0
Index 0
Index 0
Index 0
Index 0
Index 0
Index 0
Index 0
Index 48
Index 60
Index 61
Index 0
Index 1
Index 2
Index 3
Index 4
Index 5
Index 6
Index 7
Index 8
Index 9
Index 10
Index 11
Instructions Retired: 2700000 Cycle: 876559 Hearbeat IPC: 4.236538 Cumulative IPC: 3.080226
Cycle: 876559	Best offset: 1	Score: 0	Hit Rate: 0.804629
Index 25
Index 26
Index 27
Index 60
Index 61
Index 62
Index 0
Index 1
Index 2
Index 3
Index 4
Index 5
Index 6
Index 7
Index 8
Index 9
Index 10
Index 11
Index 25
Index 26
Index 27
Index 60
Index 61
Index 62
Index 0
Index 1
Index 2
Index 3
Index 4
Index 5
Index 6
Index 7
Index 8
Index 9
Index 10
Index 11
Index 25
Index 26
Index 27
Instructions Retired: 2800003 Cycle: 912577 Hearbeat IPC: 2.776473 Cumulative IPC: 3.068238
Cycle: 912577	Best offset: 1	Score: 0	Hit Rate: 0.808157
Index 60
Index 61
Index 62
Index 0
Index 1
Index 2
Index 3
Index 4
Index 5
Index 6
Index 7
Index 8
Index 9
Index 10
Index 11
Index 26
Index 0
Index 0
Index 0
Index 1
Index 1
Index 2
Index 2
Index 2
Index 13
Index 13
Index 13
Index 14
Index 14
Index 15
Index 15
Index 15
Index 63
Index 0
Index 0
Index 0
Index 1
Index 1
Index 2
Index 2
Index 3
Index 3
Index 3
Index 4
Index 4
Index 4
Index 5
Index 5
Index 5
Index 19
Index 19
Index 19
Index 20
Index 20
Index 20
Index 21
Index 21
Index 0
Index 0
Index 1
Index 1
Index 2
Index 2
Index 3
Index 3
Index 4
Index 4
Index 5
Index 5
Index 5
Index 6
Index 6
Index 7
Index 7
Index 7
Instructions Retired: 2900000 Cycle: 938056 Hearbeat IPC: 3.924683 Cumulative IPC: 3.091500
Cycle: 938056	Best offset: 1	Score: 0	Hit Rate: 0.813810
Index 63
Index 0
Index 0
Index 0
Index 1
Index 1
Index 2
Index 2
Index 3
Index 3
Index 3
Index 4
Index 4
Index 5
Index 5
Index 5
Index 6
Index 6
Index 6
Index 7
Index 7
Index 8
Index 8
Index 8
Index 9
Index 9
Index 9
Index 10
Index 10
Index 10
Index 63
Index 63
Index 2
Index 2
Index 2
Index 3
Index 3
Index 3
Index 4
Index 4
Index 5
Index 5
Index 6
Index 6
Index 7
Index 7
Index 8
Index 8
Index 9
Index 9
Index 10
Index 10
Index 10
Index 11
Index 11
Index 11
Index 12
Index 12
Index 12
Index 13
Index 13
Index 0
Index 0
Index 0
Index 0
Index 1
Index 1
Index 1
Index 1
Index 2
Index 2
Index 2
Index 2
Index 3
Index 3
Index 3
Index 3
Index 4
Index 4
Index 4
Index 4
Index 4
Index 5
Index 5
Index 5
Index 5
Index 6
Index 6
Index 6
Index 6
Index 7
Index 7
Index 7
Index 7
Index 7
Index 63
Index 63
Index 63
Index 63
Index 0
Index 0
Index 0
Index 0
Index 1
Index 1
Index 1
Index 1
Index 1
Index 1
Index 1
Index 2
Index 2
Index 2
Index 2
Index 2
Index 3
Index 3
Index 3
Index 3
Index 63
Index 63
Index 63
Index 3
Index 3
Index 3
Index 3
Index 4
Index 4
Index 4
Index 4
Index 5
Index 5
Index 5
Index 5
Index 6
Index 6
Index 6
Index 6
Index 6
Index 7
Index 7
Index 7
Index 7
Index 7
Index 8
Index 8
Index 8
Index 8
Index 9
Index 9
Index 9
Index 9
Index 10
Index 63
Index 63
Index 0
Index 0
Index 0
Index 0
Index 1
Index 1
Index 1
Index 1
Index 2
Index 2
Index 2
Index 2
Index 2
Index 2
Index 2
Index 3
Index 3
Index 3
Index 3
Index 3
Index 4
Index 4
Index 4
Index 4
Index 5
Index 5
Index 5
Index 63
Index 0
Index 0
Index 0
Index 0
Index 0
Index 10
Index 10
Index 10
Index 10
Index 11
Index 11
Index 11
Index 11
Instructions Retired: 3000000 Cycle: 955329 Hearbeat IPC: 5.789382 Cumulative IPC: 3.140280
Cycle: 955329	Best offset: 1	Score: 0	Hit Rate: 0.823765
Index 0
Index 0
Index 0
Index 0
Index 0
Index 1
Index 1
Index 1
Index 1
Index 2
Index 2
Index 2
Index 2
Index 3
Index 3
Index 3
Index 3
Index 3
Index 4
Index 4
Index 4
Index 4
Index 4
Index 5
Index 5
Index 5
Index 5
Index 5
Index 6
Index 6
Index 6
Index 63
Index 63
Index 0
Index 0
Index 0
Index 0
Index 1
Index 1
Index 1
Index 1
Index 1
Index 2
Index 2
Index 63
Index 63
Index 63
Index 0
Index 0
Index 0
Index 0
Index 1
Index 1
Index 1
Index 1
Index 1
Index 2
Index 2
Index 2
Index 2
Index 3
Index 3
Index 3
Index 3
Index 3
Index 4
Index 4
Index 63
Index 63
Index 0
Index 0
Index 0
Index 0
Index 6
Index 6
Index 6
Index 6
Index 6
Index 7
Index 7
Index 7
Index 7
Index 8
Index 8
Index 8
Index 8
Index 8
Index 9
Index 9
Index 9
Index 9
Index 9
Index 63
Index 0
Index 0
Index 0
Index 0
Index 0
Index 1
Index 1
Index 1
Index 1
Index 1
Index 2
Index 2
Index 2
Index 2
Index 3
Index 3
Index 3
Index 3
Index 3
Index 4
Index 4
Index 4
Index 4
Index 5
Index 5
Index 5
Index 5
Index 5
Index 63
Index 63
Index 0
Index 0
Index 0
Index 0
Index 1
Index 1
Index 1
Index 1
Index 1
Index 11
Index 11
Index 11
Index 0
Index 0
Index 0
Index 0
Index 1
Index 1
Index 1
Index 1
Index 1
Index 2
Index 2
Index 2
Index 2
Index 3
Index 3
Index 3
Index 3
Index 3
Index 4
Index 4
Index 4
Index 4
Index 4
Index 5
Index 5
Index 5
Index 5
Index 6
Index 6
Index 6
Index 6
Index 6
Index 7
Index 7
Index 7
Index 7
Index 63
Index 63
Index 63
Index 0
Index 0
Index 0
Index 0
Index 0
Index 1
Index 1
Index 1
Index 1
Index 2
Index 2
Index 2
Index 2
Index 2
Index 3
Index 3
Index 0
Index 1
Index 2
Index 3
Index 4
Index 5
Index 6
Index 7

Simulation complete. Instructions retired: 3099757 Cycles elapsed: 975347 IPC: 3.178107

Prefetcher final stats
