
*** Data Prefetching Championship 2 Simulator ***

Warmup Instructions: 0
Simulation Instructions: 100000000
Scramble loads OFF
Using 1MB Last Level Cache
Using 3.2 GB/s DRAM bandwidth
Next-Line Prefetcher
Knobs visible from prefetcher: 0 0 1

Warmup complete. Instructions retired: 2 Cycles elapsed: 2 IPC: 1.000000
Prefetcher warmup complete stats

Instructions Retired: 100000 Cycle: 47573 Hearbeat IPC: 2.102033 Cumulative IPC: 2.102033
Prefetcher heartbeat stats
Instructions Retired: 200000 Cycle: 92608 Hearbeat IPC: 2.220495 Cumulative IPC: 2.159641
Prefetcher heartbeat stats
Instructions Retired: 300001 Cycle: 128659 Hearbeat IPC: 2.773876 Cumulative IPC: 2.331753
Prefetcher heartbeat stats
Instructions Retired: 400004 Cycle: 152588 Hearbeat IPC: 4.179155 Cumulative IPC: 2.621464
Prefetcher heartbeat stats
Instructions Retired: 500003 Cycle: 170004 Hearbeat IPC: 5.741789 Cumulative IPC: 2.941125
Prefetcher heartbeat stats
Instructions Retired: 600000 Cycle: 191664 Hearbeat IPC: 4.616667 Cumulative IPC: 3.130478
Prefetcher heartbeat stats
Instructions Retired: 700003 Cycle: 227697 Hearbeat IPC: 2.775317 Cumulative IPC: 3.074274
Prefetcher heartbeat stats
Instructions Retired: 800001 Cycle: 254867 Hearbeat IPC: 3.680456 Cumulative IPC: 3.138896
Prefetcher heartbeat stats
Instructions Retired: 900000 Cycle: 287335 Hearbeat IPC: 3.079925 Cumulative IPC: 3.132232
Prefetcher heartbeat stats
Instructions Retired: 1000000 Cycle: 323753 Hearbeat IPC: 2.745895 Cumulative IPC: 3.088774
Prefetcher heartbeat stats
Instructions Retired: 1100005 Cycle: 366291 Hearbeat IPC: 2.350957 Cumulative IPC: 3.003090
Prefetcher heartbeat stats
Instructions Retired: 1200001 Cycle: 406999 Hearbeat IPC: 2.456421 Cumulative IPC: 2.948413
Prefetcher heartbeat stats
Instructions Retired: 1300000 Cycle: 443053 Hearbeat IPC: 2.773590 Cumulative IPC: 2.934186
Prefetcher heartbeat stats
Instructions Retired: 1400001 Cycle: 469057 Hearbeat IPC: 3.845601 Cumulative IPC: 2.984714
Prefetcher heartbeat stats
Instructions Retired: 1500001 Cycle: 502629 Hearbeat IPC: 2.978673 Cumulative IPC: 2.984310
Prefetcher heartbeat stats
Instructions Retired: 1600004 Cycle: 536624 Hearbeat IPC: 2.941697 Cumulative IPC: 2.981611
Prefetcher heartbeat stats
Instructions Retired: 1700000 Cycle: 554069 Hearbeat IPC: 5.732072 Cumulative IPC: 3.068210
Prefetcher heartbeat stats
Instructions Retired: 1800003 Cycle: 571310 Hearbeat IPC: 5.800302 Cumulative IPC: 3.150659
Prefetcher heartbeat stats
Instructions Retired: 1900003 Cycle: 601565 Hearbeat IPC: 3.305239 Cumulative IPC: 3.158433
Prefetcher heartbeat stats
Instructions Retired: 2000000 Cycle: 637617 Hearbeat IPC: 2.773688 Cumulative IPC: 3.136679
Prefetcher heartbeat stats
Instructions Retired: 2100001 Cycle: 661280 Hearbeat IPC: 4.226049 Cumulative IPC: 3.175661
Prefetcher heartbeat stats
Instructions Retired: 2200003 Cycle: 697347 Hearbeat IPC: 2.772673 Cumulative IPC: 3.154818
Prefetcher heartbeat stats
Instructions Retired: 2300005 Cycle: 736634 Hearbeat IPC: 2.545422 Cumulative IPC: 3.122317
Prefetcher heartbeat stats
Instructions Retired: 2400000 Cycle: 779168 Hearbeat IPC: 2.350943 Cumulative IPC: 3.080209
Prefetcher heartbeat stats
Instructions Retired: 2500000 Cycle: 816901 Hearbeat IPC: 2.650200 Cumulative IPC: 3.060346
Prefetcher heartbeat stats
Instructions Retired: 2600005 Cycle: 852956 Hearbeat IPC: 2.773679 Cumulative IPC: 3.048229
Prefetcher heartbeat stats
Instructions Retired: 2700000 Cycle: 876559 Hearbeat IPC: 4.236538 Cumulative IPC: 3.080226
Prefetcher heartbeat stats
Instructions Retired: 2800003 Cycle: 912577 Hearbeat IPC: 2.776473 Cumulative IPC: 3.068238
Prefetcher heartbeat stats
Instructions Retired: 2900000 Cycle: 938056 Hearbeat IPC: 3.924683 Cumulative IPC: 3.091500
Prefetcher heartbeat stats
Instructions Retired: 3000000 Cycle: 955329 Hearbeat IPC: 5.789382 Cumulative IPC: 3.140280
Prefetcher heartbeat stats

Simulation complete. Instructions retired: 3099755 Cycles elapsed: 975345 IPC: 3.178111

Prefetcher final stats
