
*** Data Prefetching Championship 2 Simulator ***

Warmup Instructions: 0
Simulation Instructions: 100000000
Scramble loads OFF
Using 1MB Last Level Cache
Using 3.2 GB/s DRAM bandwidth
Streaming Prefetcher
Knobs visible from prefetcher: 0 0 1

Warmup complete. Instructions retired: 2 Cycles elapsed: 2 IPC: 1.000000
Prefetcher warmup complete stats

Instructions Retired: 100000 Cycle: 60173 Hearbeat IPC: 1.661875 Cumulative IPC: 1.661875
Prefetcher heartbeat stats
Instructions Retired: 200000 Cycle: 108660 Hearbeat IPC: 2.062408 Cumulative IPC: 1.840604
Prefetcher heartbeat stats
Instructions Retired: 300001 Cycle: 144711 Hearbeat IPC: 2.773876 Cumulative IPC: 2.073104
Prefetcher heartbeat stats
Instructions Retired: 400004 Cycle: 168901 Hearbeat IPC: 4.134064 Cumulative IPC: 2.368275
Prefetcher heartbeat stats
Instructions Retired: 500001 Cycle: 186598 Hearbeat IPC: 5.650506 Cumulative IPC: 2.679563
Prefetcher heartbeat stats
Instructions Retired: 600000 Cycle: 208407 Hearbeat IPC: 4.585217 Cumulative IPC: 2.878982
Prefetcher heartbeat stats
Instructions Retired: 700003 Cycle: 244440 Hearbeat IPC: 2.775317 Cumulative IPC: 2.863701
Prefetcher heartbeat stats
Instructions Retired: 800003 Cycle: 271732 Hearbeat IPC: 3.664077 Cumulative IPC: 2.944088
Prefetcher heartbeat stats
Instructions Retired: 900000 Cycle: 304315 Hearbeat IPC: 3.068993 Cumulative IPC: 2.957462
Prefetcher heartbeat stats
Instructions Retired: 1000000 Cycle: 341529 Hearbeat IPC: 2.687161 Cumulative IPC: 2.928009
Prefetcher heartbeat stats
Instructions Retired: 1100000 Cycle: 397095 Hearbeat IPC: 1.799662 Cumulative IPC: 2.770118
Prefetcher heartbeat stats
Instructions Retired: 1200001 Cycle: 447050 Hearbeat IPC: 2.001822 Cumulative IPC: 2.684266
Prefetcher heartbeat stats
Instructions Retired: 1300000 Cycle: 483104 Hearbeat IPC: 2.773590 Cumulative IPC: 2.690932
Prefetcher heartbeat stats
Instructions Retired: 1400005 Cycle: 509334 Hearbeat IPC: 3.812619 Cumulative IPC: 2.748697
Prefetcher heartbeat stats
Instructions Retired: 1500001 Cycle: 542965 Hearbeat IPC: 2.973328 Cumulative IPC: 2.762611
Prefetcher heartbeat stats
Instructions Retired: 1600004 Cycle: 577020 Hearbeat IPC: 2.936514 Cumulative IPC: 2.772874
Prefetcher heartbeat stats
Instructions Retired: 1700003 Cycle: 594961 Hearbeat IPC: 5.573770 Cumulative IPC: 2.857335
Prefetcher heartbeat stats
Instructions Retired: 1800005 Cycle: 612388 Hearbeat IPC: 5.738337 Cumulative IPC: 2.939321
Prefetcher heartbeat stats
Instructions Retired: 1900003 Cycle: 642638 Hearbeat IPC: 3.305719 Cumulative IPC: 2.956568
Prefetcher heartbeat stats
Instructions Retired: 2000000 Cycle: 678690 Hearbeat IPC: 2.773688 Cumulative IPC: 2.946853
Prefetcher heartbeat stats
Instructions Retired: 2100001 Cycle: 702481 Hearbeat IPC: 4.203312 Cumulative IPC: 2.989406
Prefetcher heartbeat stats
Instructions Retired: 2200003 Cycle: 738548 Hearbeat IPC: 2.772673 Cumulative IPC: 2.978822
Prefetcher heartbeat stats
Instructions Retired: 2300005 Cycle: 784321 Hearbeat IPC: 2.184738 Cumulative IPC: 2.932479
Prefetcher heartbeat stats
Instructions Retired: 2400000 Cycle: 839421 Hearbeat IPC: 1.814791 Cumulative IPC: 2.859114
Prefetcher heartbeat stats
Instructions Retired: 2500000 Cycle: 880284 Hearbeat IPC: 2.447202 Cumulative IPC: 2.839993
Prefetcher heartbeat stats
Instructions Retired: 2600005 Cycle: 916339 Hearbeat IPC: 2.773679 Cumulative IPC: 2.837383
Prefetcher heartbeat stats
Instructions Retired: 2700000 Cycle: 940146 Hearbeat IPC: 4.200235 Cumulative IPC: 2.871894
Prefetcher heartbeat stats
Instructions Retired: 2800003 Cycle: 976164 Hearbeat IPC: 2.776473 Cumulative IPC: 2.868374
Prefetcher heartbeat stats
Instructions Retired: 2900000 Cycle: 1001876 Hearbeat IPC: 3.889118 Cumulative IPC: 2.894570
Prefetcher heartbeat stats
Instructions Retired: 3000003 Cycle: 1019466 Hearbeat IPC: 5.685219 Cumulative IPC: 2.942720
Prefetcher heartbeat stats

Simulation complete. Instructions retired: 3099755 Cycles elapsed: 1039580 IPC: 2.981738

Prefetcher final stats
