
*** Data Prefetching Championship 2 Simulator ***

Warmup Instructions: 0
Simulation Instructions: 100000000
Scramble loads ON
Using 1MB Last Level Cache
Using 12.8 GB/s DRAM bandwidth
Knobs visible from prefetcher: 1 0 0
Resetting history queue.
Setting up the minimum score
Resetting offset table
Setting initial offset to 1
Tag offset: 6
Ressetting hit rate
Resetting rable rounds
Resetting gauge

Warmup complete. Instructions retired: 1 Cycles elapsed: 2 IPC: 0.500000
Prefetcher warmup complete stats

Instructions Retired: 100000 Cycle: 74617 Hearbeat IPC: 1.340177 Cumulative IPC: 1.340177
Cycle: 74617	Best offset: 1	Score: 1	Hit Rate: 0.061131
	---- Offset table ----
Offset -> Score
6 -> 17
42 -> 17
4 -> 16
5 -> 16
	----------------------
Offset switch to: 12	With score: 32
Instructions Retired: 200002 Cycle: 157064 Hearbeat IPC: 1.212925 Cumulative IPC: 1.273379
Cycle: 157064	Best offset: 12	Score: 32	Hit Rate: 0.053654
	---- Offset table ----
Offset -> Score
-1 -> 2
-10 -> 1
-7 -> 1
-6 -> 1
	----------------------
Instructions Retired: 300000 Cycle: 223760 Hearbeat IPC: 1.499310 Cumulative IPC: 1.340722
Cycle: 223760	Best offset: 12	Score: 32	Hit Rate: 0.181725
	---- Offset table ----
Offset -> Score
22 -> 28
21 -> 27
23 -> 26
20 -> 25
	----------------------
Offset switch to: 21	With score: 32
Instructions Retired: 400000 Cycle: 295251 Hearbeat IPC: 1.398777 Cumulative IPC: 1.354779
Cycle: 295251	Best offset: 21	Score: 32	Hit Rate: 0.232668
	---- Offset table ----
Offset -> Score
8 -> 20
2 -> 18
6 -> 18
7 -> 18
	----------------------
Offset switch to: 8	With score: 32
Instructions Retired: 500000 Cycle: 359657 Hearbeat IPC: 1.552650 Cumulative IPC: 1.390213
Cycle: 359657	Best offset: 8	Score: 32	Hit Rate: 0.268438
	---- Offset table ----
Offset -> Score
5 -> 15
6 -> 15
4 -> 13
2 -> 12
	----------------------
Offset switch to: 6	With score: 32
Instructions Retired: 600002 Cycle: 425900 Hearbeat IPC: 1.509624 Cumulative IPC: 1.408786
Cycle: 425900	Best offset: 6	Score: 32	Hit Rate: 0.292233
	---- Offset table ----
Offset -> Score
5 -> 9
9 -> 9
10 -> 9
11 -> 9
	----------------------
Offset switch to: 10	With score: 32
Instructions Retired: 700000 Cycle: 490132 Hearbeat IPC: 1.556825 Cumulative IPC: 1.428187
Cycle: 490132	Best offset: 10	Score: 32	Hit Rate: 0.305185
	---- Offset table ----
Offset -> Score
-18 -> 4
-1 -> 4
6 -> 4
22 -> 4
	----------------------
Instructions Retired: 800000 Cycle: 556006 Hearbeat IPC: 1.518050 Cumulative IPC: 1.438833
Cycle: 556006	Best offset: 10	Score: 32	Hit Rate: 0.319941
	---- Offset table ----
Offset -> Score
2 -> 27
1 -> 26
3 -> 26
22 -> 26
	----------------------
Offset switch to: 22	With score: 32
Instructions Retired: 900000 Cycle: 639793 Hearbeat IPC: 1.193503 Cumulative IPC: 1.406705
Cycle: 639793	Best offset: 22	Score: 32	Hit Rate: 0.328815
	---- Offset table ----
Offset -> Score
11 -> 21
3 -> 20
12 -> 20
2 -> 19
	----------------------
Offset switch to: 14	With score: 32
Instructions Retired: 1000000 Cycle: 743785 Hearbeat IPC: 0.961612 Cumulative IPC: 1.344475
Cycle: 743785	Best offset: 14	Score: 32	Hit Rate: 0.338390
	---- Offset table ----
Offset -> Score
26 -> 14
22 -> 13
23 -> 13
27 -> 13
	----------------------
Offset switch to: 22	With score: 32
Instructions Retired: 1100000 Cycle: 836817 Hearbeat IPC: 1.074899 Cumulative IPC: 1.314505
Cycle: 836817	Best offset: 22	Score: 32	Hit Rate: 0.345399
	---- Offset table ----
Offset -> Score
16 -> 6
5 -> 5
11 -> 5
13 -> 5
	----------------------
Instructions Retired: 1200000 Cycle: 933593 Hearbeat IPC: 1.033314 Cumulative IPC: 1.285357
Cycle: 933593	Best offset: 22	Score: 32	Hit Rate: 0.349831
	---- Offset table ----
Offset -> Score
11 -> 29
6 -> 28
9 -> 28
10 -> 28
	----------------------
Offset switch to: 11	With score: 32
Instructions Retired: 1300000 Cycle: 1034115 Hearbeat IPC: 0.994807 Cumulative IPC: 1.257114
Cycle: 1034115	Best offset: 11	Score: 32	Hit Rate: 0.357523
	---- Offset table ----
Offset -> Score
24 -> 23
11 -> 21
12 -> 21
13 -> 21
	----------------------
Offset switch to: 29	With score: 32
Instructions Retired: 1400000 Cycle: 1138854 Hearbeat IPC: 0.954754 Cumulative IPC: 1.229306
Cycle: 1138854	Best offset: 29	Score: 32	Hit Rate: 0.359308
	---- Offset table ----
Offset -> Score
14 -> 16
13 -> 15
26 -> 15
27 -> 15
	----------------------
Offset switch to: 33	With score: 32
Instructions Retired: 1500003 Cycle: 1235623 Hearbeat IPC: 1.033420 Cumulative IPC: 1.213965
Cycle: 1235623	Best offset: 33	Score: 32	Hit Rate: 0.357882
	---- Offset table ----
Offset -> Score
-7 -> 6
17 -> 6
22 -> 6
23 -> 6
	----------------------
Instructions Retired: 1600000 Cycle: 1340028 Hearbeat IPC: 0.957780 Cumulative IPC: 1.194005
Cycle: 1340028	Best offset: 33	Score: 32	Hit Rate: 0.358728
	---- Offset table ----
Offset -> Score
24 -> 29
26 -> 28
20 -> 26
52 -> 26
	----------------------
Offset switch to: 26	With score: 32
Instructions Retired: 1700000 Cycle: 1411895 Hearbeat IPC: 1.391459 Cumulative IPC: 1.204056
Cycle: 1411895	Best offset: 26	Score: 32	Hit Rate: 0.361592
	---- Offset table ----
Offset -> Score
-48 -> 17
13 -> 17
-47 -> 16
6 -> 16
	----------------------
Offset switch to: -48	With score: 32
Instructions Retired: 1800000 Cycle: 1508064 Hearbeat IPC: 1.039836 Cumulative IPC: 1.193583
Cycle: 1508064	Best offset: -48	Score: 32	Hit Rate: 0.356635
	---- Offset table ----
Offset -> Score
1 -> 7
3 -> 7
4 -> 7
6 -> 7
	----------------------
Instructions Retired: 1900000 Cycle: 1628329 Hearbeat IPC: 0.831497 Cumulative IPC: 1.166840
Cycle: 1628329	Best offset: -48	Score: 32	Hit Rate: 0.337863
	---- Offset table ----
Offset -> Score
3 -> 22
4 -> 22
6 -> 22
7 -> 22
	----------------------
Offset switch to: 8	With score: 32
Instructions Retired: 2000000 Cycle: 1717630 Hearbeat IPC: 1.119808 Cumulative IPC: 1.164395
Cycle: 1717630	Best offset: 8	Score: 32	Hit Rate: 0.327476
	---- Offset table ----
Offset -> Score
-55 -> 8
-12 -> 8
-61 -> 7
-59 -> 7
	----------------------
Instructions Retired: 2100000 Cycle: 1816943 Hearbeat IPC: 1.006917 Cumulative IPC: 1.155787
Cycle: 1816943	Best offset: 8	Score: 32	Hit Rate: 0.331601
	---- Offset table ----
Offset -> Score
2 -> 30
-56 -> 29
4 -> 29
-59 -> 28
	----------------------
Offset switch to: 2	With score: 32
Instructions Retired: 2200004 Cycle: 1910972 Hearbeat IPC: 1.063544 Cumulative IPC: 1.151249
Cycle: 1910972	Best offset: 2	Score: 32	Hit Rate: 0.321636
	---- Offset table ----
Offset -> Score
6 -> 17
5 -> 16
11 -> 16
1 -> 15
	----------------------
Offset switch to: 6	With score: 32
Instructions Retired: 2300000 Cycle: 1994887 Hearbeat IPC: 1.191634 Cumulative IPC: 1.152948
Cycle: 1994887	Best offset: 6	Score: 32	Hit Rate: 0.312728
	---- Offset table ----
Offset -> Score
-20 -> 4
-24 -> 3
-22 -> 3
-17 -> 3
	----------------------
Instructions Retired: 2400000 Cycle: 2100719 Hearbeat IPC: 0.944894 Cumulative IPC: 1.142466
Cycle: 2100719	Best offset: 6	Score: 32	Hit Rate: 0.315771
	---- Offset table ----
Offset -> Score
3 -> 25
8 -> 25
6 -> 24
-57 -> 23
	----------------------
Offset switch to: 8	With score: 32
Instructions Retired: 2500000 Cycle: 2191882 Hearbeat IPC: 1.096936 Cumulative IPC: 1.140572
Cycle: 2191882	Best offset: 8	Score: 32	Hit Rate: 0.318128
	---- Offset table ----
Offset -> Score
24 -> 16
-53 -> 14
-29 -> 14
6 -> 14
	----------------------
Offset switch to: 18	With score: 32
Instructions Retired: 2600000 Cycle: 2281181 Hearbeat IPC: 1.119833 Cumulative IPC: 1.139760
Cycle: 2281181	Best offset: 18	Score: 32	Hit Rate: 0.320118
	---- Offset table ----
Offset -> Score
3 -> 2
17 -> 2
18 -> 2
19 -> 2
	----------------------
Instructions Retired: 2700000 Cycle: 2379200 Hearbeat IPC: 1.020210 Cumulative IPC: 1.134835
Cycle: 2379200	Best offset: 18	Score: 32	Hit Rate: 0.323682
	---- Offset table ----
Offset -> Score
3 -> 25
4 -> 24
17 -> 23
-46 -> 22
	----------------------
Offset switch to: 3	With score: 32
Instructions Retired: 2800000 Cycle: 2475966 Hearbeat IPC: 1.033421 Cumulative IPC: 1.130872
Cycle: 2475966	Best offset: 3	Score: 32	Hit Rate: 0.324354
	---- Offset table ----
Offset -> Score
4 -> 15
-47 -> 14
2 -> 14
-48 -> 13
	----------------------
Offset switch to: -52	With score: 32
Instructions Retired: 2900000 Cycle: 2571162 Hearbeat IPC: 1.050464 Cumulative IPC: 1.127895
Cycle: 2571162	Best offset: -52	Score: 32	Hit Rate: 0.322714
	---- Offset table ----
Offset -> Score
2 -> 4
4 -> 4
6 -> 4
10 -> 4
	----------------------
Instructions Retired: 3000000 Cycle: 2684370 Hearbeat IPC: 0.883330 Cumulative IPC: 1.117581
Cycle: 2684370	Best offset: -52	Score: 32	Hit Rate: 0.311954
	---- Offset table ----
Offset -> Score
2 -> 19
4 -> 19
6 -> 19
3 -> 18
	----------------------
Offset switch to: 6	With score: 32

Simulation complete. Instructions retired: 3099755 Cycles elapsed: 2797378 IPC: 1.108093

Prefetcher final stats
