
*** Data Prefetching Championship 2 Simulator ***

Warmup Instructions: 10000000
Simulation Instructions: 100000000
Scramble loads ON
Using 1MB Last Level Cache
Using 12.8 GB/s DRAM bandwidth
Next-Line Prefetcher
Knobs visible from prefetcher: 1 0 0
Instructions Retired: 100000 Cycle: 61405 Hearbeat IPC: 1.628532 Cumulative IPC: 1.628532
Prefetcher heartbeat stats
Instructions Retired: 200000 Cycle: 126823 Hearbeat IPC: 1.528631 Cumulative IPC: 1.577001
Prefetcher heartbeat stats
Instructions Retired: 300000 Cycle: 190073 Hearbeat IPC: 1.581028 Cumulative IPC: 1.578341
Prefetcher heartbeat stats
Instructions Retired: 400000 Cycle: 255530 Hearbeat IPC: 1.527720 Cumulative IPC: 1.565374
Prefetcher heartbeat stats
Instructions Retired: 500000 Cycle: 315865 Hearbeat IPC: 1.657413 Cumulative IPC: 1.582955
Prefetcher heartbeat stats
Instructions Retired: 600000 Cycle: 382042 Hearbeat IPC: 1.511099 Cumulative IPC: 1.570508
Prefetcher heartbeat stats
Instructions Retired: 700000 Cycle: 444628 Hearbeat IPC: 1.597801 Cumulative IPC: 1.574350
Prefetcher heartbeat stats
Instructions Retired: 800000 Cycle: 508596 Hearbeat IPC: 1.563282 Cumulative IPC: 1.572958
Prefetcher heartbeat stats
Instructions Retired: 900000 Cycle: 588015 Hearbeat IPC: 1.259145 Cumulative IPC: 1.530573
Prefetcher heartbeat stats
Instructions Retired: 1000000 Cycle: 688085 Hearbeat IPC: 0.999300 Cumulative IPC: 1.453309
Prefetcher heartbeat stats
Instructions Retired: 1100000 Cycle: 779930 Hearbeat IPC: 1.088791 Cumulative IPC: 1.410383
Prefetcher heartbeat stats
Instructions Retired: 1200000 Cycle: 868815 Hearbeat IPC: 1.125049 Cumulative IPC: 1.381192
Prefetcher heartbeat stats
Instructions Retired: 1300000 Cycle: 969596 Hearbeat IPC: 0.992251 Cumulative IPC: 1.340765
Prefetcher heartbeat stats
Instructions Retired: 1400000 Cycle: 1068491 Hearbeat IPC: 1.011173 Cumulative IPC: 1.310259
Prefetcher heartbeat stats
Instructions Retired: 1500003 Cycle: 1159968 Hearbeat IPC: 1.093204 Cumulative IPC: 1.293142
Prefetcher heartbeat stats
Instructions Retired: 1600000 Cycle: 1257610 Hearbeat IPC: 1.024119 Cumulative IPC: 1.272254
Prefetcher heartbeat stats
Instructions Retired: 1700000 Cycle: 1318954 Hearbeat IPC: 1.630151 Cumulative IPC: 1.288900
Prefetcher heartbeat stats
Instructions Retired: 1800000 Cycle: 1404697 Hearbeat IPC: 1.166276 Cumulative IPC: 1.281415
Prefetcher heartbeat stats
Instructions Retired: 1900000 Cycle: 1503905 Hearbeat IPC: 1.007983 Cumulative IPC: 1.263378
Prefetcher heartbeat stats
Instructions Retired: 2000000 Cycle: 1577948 Hearbeat IPC: 1.350567 Cumulative IPC: 1.267469
Prefetcher heartbeat stats
Instructions Retired: 2100000 Cycle: 1677058 Hearbeat IPC: 1.008980 Cumulative IPC: 1.252193
Prefetcher heartbeat stats
Instructions Retired: 2200004 Cycle: 1767425 Hearbeat IPC: 1.106643 Cumulative IPC: 1.244751
Prefetcher heartbeat stats
Instructions Retired: 2300000 Cycle: 1849441 Hearbeat IPC: 1.219226 Cumulative IPC: 1.243619
Prefetcher heartbeat stats
Instructions Retired: 2400000 Cycle: 1952959 Hearbeat IPC: 0.966016 Cumulative IPC: 1.228904
Prefetcher heartbeat stats
Instructions Retired: 2500004 Cycle: 2043008 Hearbeat IPC: 1.110551 Cumulative IPC: 1.223688
Prefetcher heartbeat stats
Instructions Retired: 2600000 Cycle: 2129184 Hearbeat IPC: 1.160370 Cumulative IPC: 1.221125
Prefetcher heartbeat stats
Instructions Retired: 2700000 Cycle: 2226120 Hearbeat IPC: 1.031608 Cumulative IPC: 1.212873
Prefetcher heartbeat stats
Instructions Retired: 2800000 Cycle: 2320387 Hearbeat IPC: 1.060817 Cumulative IPC: 1.206695
Prefetcher heartbeat stats
Instructions Retired: 2900000 Cycle: 2409963 Hearbeat IPC: 1.116370 Cumulative IPC: 1.203338
Prefetcher heartbeat stats
Instructions Retired: 3000004 Cycle: 2503569 Hearbeat IPC: 1.068350 Cumulative IPC: 1.198291
Prefetcher heartbeat stats

Simulation complete. Instructions retired: 3099754 Cycles elapsed: 2599096 IPC: 1.192628

Prefetcher final stats
