
*** Data Prefetching Championship 2 Simulator ***

Warmup Instructions: 10000000
Simulation Instructions: 100000000
Scramble loads ON
Using 1MB Last Level Cache
Using 12.8 GB/s DRAM bandwidth
Knobs visible from prefetcher: 1 0 0
Resetting history queue.
Resetting offset table
Setting initial offset to 1
Tag offset: 6
Instructions Retired: 100000 Cycle: 61838 Hearbeat IPC: 1.617129 Cumulative IPC: 1.617129
Prefetcher heartbeat stats
Instructions Retired: 200000 Cycle: 127438 Hearbeat IPC: 1.524390 Cumulative IPC: 1.569391
Prefetcher heartbeat stats
Instructions Retired: 300000 Cycle: 189678 Hearbeat IPC: 1.606684 Cumulative IPC: 1.581628
Prefetcher heartbeat stats
Instructions Retired: 400000 Cycle: 254881 Hearbeat IPC: 1.533672 Cumulative IPC: 1.569360
Prefetcher heartbeat stats
Instructions Retired: 500000 Cycle: 315227 Hearbeat IPC: 1.657111 Cumulative IPC: 1.586159
Prefetcher heartbeat stats
Instructions Retired: 600000 Cycle: 380836 Hearbeat IPC: 1.524181 Cumulative IPC: 1.575481
Prefetcher heartbeat stats
Instructions Retired: 700000 Cycle: 443634 Hearbeat IPC: 1.592407 Cumulative IPC: 1.577877
Prefetcher heartbeat stats
Instructions Retired: 800000 Cycle: 507279 Hearbeat IPC: 1.571215 Cumulative IPC: 1.577041
Prefetcher heartbeat stats
Instructions Retired: 900000 Cycle: 586369 Hearbeat IPC: 1.264382 Cumulative IPC: 1.534870
Prefetcher heartbeat stats
Instructions Retired: 1000000 Cycle: 686907 Hearbeat IPC: 0.994649 Cumulative IPC: 1.455801
Prefetcher heartbeat stats
Instructions Retired: 1100000 Cycle: 777899 Hearbeat IPC: 1.098998 Cumulative IPC: 1.414065
Prefetcher heartbeat stats
Instructions Retired: 1200000 Cycle: 866502 Hearbeat IPC: 1.128630 Cumulative IPC: 1.384879
Prefetcher heartbeat stats
Instructions Retired: 1300000 Cycle: 966334 Hearbeat IPC: 1.001683 Cumulative IPC: 1.345291
Prefetcher heartbeat stats
Instructions Retired: 1400000 Cycle: 1065291 Hearbeat IPC: 1.010540 Cumulative IPC: 1.314195
Prefetcher heartbeat stats
Instructions Retired: 1500003 Cycle: 1155721 Hearbeat IPC: 1.105861 Cumulative IPC: 1.297894
Prefetcher heartbeat stats
Instructions Retired: 1600000 Cycle: 1253145 Hearbeat IPC: 1.026410 Cumulative IPC: 1.276788
Prefetcher heartbeat stats
Instructions Retired: 1700000 Cycle: 1314801 Hearbeat IPC: 1.621902 Cumulative IPC: 1.292971
Prefetcher heartbeat stats
Instructions Retired: 1800000 Cycle: 1400447 Hearbeat IPC: 1.167597 Cumulative IPC: 1.285304
Prefetcher heartbeat stats
Instructions Retired: 1900000 Cycle: 1500137 Hearbeat IPC: 1.003110 Cumulative IPC: 1.266551
Prefetcher heartbeat stats
Instructions Retired: 2000000 Cycle: 1574092 Hearbeat IPC: 1.352174 Cumulative IPC: 1.270574
Prefetcher heartbeat stats
Instructions Retired: 2100000 Cycle: 1672781 Hearbeat IPC: 1.013284 Cumulative IPC: 1.255394
Prefetcher heartbeat stats
Instructions Retired: 2200004 Cycle: 1763685 Hearbeat IPC: 1.100106 Cumulative IPC: 1.247391
Prefetcher heartbeat stats
Instructions Retired: 2300000 Cycle: 1844729 Hearbeat IPC: 1.233848 Cumulative IPC: 1.246796
Prefetcher heartbeat stats
Instructions Retired: 2400000 Cycle: 1949863 Hearbeat IPC: 0.951167 Cumulative IPC: 1.230856
Prefetcher heartbeat stats
Instructions Retired: 2500000 Cycle: 2038723 Hearbeat IPC: 1.125366 Cumulative IPC: 1.226258
Prefetcher heartbeat stats
Instructions Retired: 2600000 Cycle: 2125241 Hearbeat IPC: 1.155829 Cumulative IPC: 1.223391
Prefetcher heartbeat stats
Instructions Retired: 2700000 Cycle: 2221569 Hearbeat IPC: 1.038120 Cumulative IPC: 1.215357
Prefetcher heartbeat stats
Instructions Retired: 2800000 Cycle: 2315492 Hearbeat IPC: 1.064702 Cumulative IPC: 1.209246
Prefetcher heartbeat stats
Instructions Retired: 2900000 Cycle: 2405358 Hearbeat IPC: 1.112768 Cumulative IPC: 1.205642
Prefetcher heartbeat stats
Instructions Retired: 3000004 Cycle: 2498383 Hearbeat IPC: 1.075023 Cumulative IPC: 1.200778
Prefetcher heartbeat stats

Simulation complete. Instructions retired: 3099754 Cycles elapsed: 2593630 IPC: 1.195141

Prefetcher final stats
