
*** Data Prefetching Championship 2 Simulator ***

Warmup Instructions: 10000000
Simulation Instructions: 100000000
Scramble loads ON
Using 1MB Last Level Cache
Using 12.8 GB/s DRAM bandwidth
ISB Lite, size: 170176 bits = 20.773438 KB
Knobs visible from prefetcher: 1 0 0
Instructions Retired: 100000 Cycle: 82884 Hearbeat IPC: 1.206506 Cumulative IPC: 1.206506
Prefetcher heartbeat stats
Instructions Retired: 200000 Cycle: 168336 Hearbeat IPC: 1.170248 Cumulative IPC: 1.188100
Prefetcher heartbeat stats
Instructions Retired: 300000 Cycle: 252320 Hearbeat IPC: 1.190703 Cumulative IPC: 1.188966
Prefetcher heartbeat stats
Instructions Retired: 400000 Cycle: 339114 Hearbeat IPC: 1.152153 Cumulative IPC: 1.179544
Prefetcher heartbeat stats
Instructions Retired: 500000 Cycle: 420968 Hearbeat IPC: 1.221687 Cumulative IPC: 1.187739
Prefetcher heartbeat stats
Instructions Retired: 600000 Cycle: 506995 Hearbeat IPC: 1.162426 Cumulative IPC: 1.183444
Prefetcher heartbeat stats
Instructions Retired: 700000 Cycle: 590882 Hearbeat IPC: 1.192080 Cumulative IPC: 1.184670
Prefetcher heartbeat stats
Instructions Retired: 800000 Cycle: 675481 Hearbeat IPC: 1.182047 Cumulative IPC: 1.184341
Prefetcher heartbeat stats
Instructions Retired: 900000 Cycle: 775451 Hearbeat IPC: 1.000300 Cumulative IPC: 1.160615
Prefetcher heartbeat stats
Instructions Retired: 1000000 Cycle: 895786 Hearbeat IPC: 0.831013 Cumulative IPC: 1.116338
Prefetcher heartbeat stats
Instructions Retired: 1100000 Cycle: 1007311 Hearbeat IPC: 0.896660 Cumulative IPC: 1.092016
Prefetcher heartbeat stats
Instructions Retired: 1200000 Cycle: 1116810 Hearbeat IPC: 0.913250 Cumulative IPC: 1.074489
Prefetcher heartbeat stats
Instructions Retired: 1300000 Cycle: 1237307 Hearbeat IPC: 0.829896 Cumulative IPC: 1.050669
Prefetcher heartbeat stats
Instructions Retired: 1400000 Cycle: 1355739 Hearbeat IPC: 0.844366 Cumulative IPC: 1.032647
Prefetcher heartbeat stats
Instructions Retired: 1500003 Cycle: 1467914 Hearbeat IPC: 0.891491 Cumulative IPC: 1.021860
Prefetcher heartbeat stats
Instructions Retired: 1600000 Cycle: 1588898 Hearbeat IPC: 0.826531 Cumulative IPC: 1.006987
Prefetcher heartbeat stats
Instructions Retired: 1700000 Cycle: 1675471 Hearbeat IPC: 1.155095 Cumulative IPC: 1.014640
Prefetcher heartbeat stats
Instructions Retired: 1800000 Cycle: 1783971 Hearbeat IPC: 0.921659 Cumulative IPC: 1.008985
Prefetcher heartbeat stats
Instructions Retired: 1900000 Cycle: 1904014 Hearbeat IPC: 0.833035 Cumulative IPC: 0.997892
Prefetcher heartbeat stats
Instructions Retired: 2000000 Cycle: 1998446 Hearbeat IPC: 1.058963 Cumulative IPC: 1.000778
Prefetcher heartbeat stats
Instructions Retired: 2100000 Cycle: 2118786 Hearbeat IPC: 0.830979 Cumulative IPC: 0.991134
Prefetcher heartbeat stats
Instructions Retired: 2200000 Cycle: 2228298 Hearbeat IPC: 0.913142 Cumulative IPC: 0.987301
Prefetcher heartbeat stats
Instructions Retired: 2300000 Cycle: 2331242 Hearbeat IPC: 0.971402 Cumulative IPC: 0.986599
Prefetcher heartbeat stats
Instructions Retired: 2400000 Cycle: 2457640 Hearbeat IPC: 0.791152 Cumulative IPC: 0.976547
Prefetcher heartbeat stats
Instructions Retired: 2500000 Cycle: 2567417 Hearbeat IPC: 0.910938 Cumulative IPC: 0.973741
Prefetcher heartbeat stats
Instructions Retired: 2600000 Cycle: 2673850 Hearbeat IPC: 0.939558 Cumulative IPC: 0.972381
Prefetcher heartbeat stats
Instructions Retired: 2700000 Cycle: 2791013 Hearbeat IPC: 0.853512 Cumulative IPC: 0.967391
Prefetcher heartbeat stats
Instructions Retired: 2800000 Cycle: 2904321 Hearbeat IPC: 0.882550 Cumulative IPC: 0.964081
Prefetcher heartbeat stats
Instructions Retired: 2900000 Cycle: 3013612 Hearbeat IPC: 0.914988 Cumulative IPC: 0.962300
Prefetcher heartbeat stats
Instructions Retired: 3000004 Cycle: 3127376 Hearbeat IPC: 0.879048 Cumulative IPC: 0.959272
Prefetcher heartbeat stats

Simulation complete. Instructions retired: 3099756 Cycles elapsed: 3241545 IPC: 0.956259

Prefetcher final stats
