
*** Data Prefetching Championship 2 Simulator ***

Warmup Instructions: 10000000
Simulation Instructions: 100000000
Scramble loads OFF
Using 256KB Last Level Cache
Using 12.8 GB/s DRAM bandwidth
Next-Line Prefetcher
Knobs visible from prefetcher: 0 1 0
Instructions Retired: 100001 Cycle: 55894 Hearbeat IPC: 1.789119 Cumulative IPC: 1.789119
Prefetcher heartbeat stats
Instructions Retired: 200001 Cycle: 104484 Hearbeat IPC: 2.058037 Cumulative IPC: 1.914178
Prefetcher heartbeat stats
Instructions Retired: 300003 Cycle: 168871 Hearbeat IPC: 1.553140 Cumulative IPC: 1.776522
Prefetcher heartbeat stats
Instructions Retired: 400000 Cycle: 247329 Hearbeat IPC: 1.274529 Cumulative IPC: 1.617279
Prefetcher heartbeat stats
Instructions Retired: 500005 Cycle: 324370 Hearbeat IPC: 1.298075 Cumulative IPC: 1.541465
Prefetcher heartbeat stats
Instructions Retired: 600003 Cycle: 402738 Hearbeat IPC: 1.276006 Cumulative IPC: 1.489810
Prefetcher heartbeat stats
Instructions Retired: 700005 Cycle: 484696 Hearbeat IPC: 1.220162 Cumulative IPC: 1.444214
Prefetcher heartbeat stats
Instructions Retired: 800005 Cycle: 574369 Hearbeat IPC: 1.115163 Cumulative IPC: 1.392842
Prefetcher heartbeat stats
Instructions Retired: 900003 Cycle: 653473 Hearbeat IPC: 1.264133 Cumulative IPC: 1.377261
Prefetcher heartbeat stats
Instructions Retired: 1000001 Cycle: 720096 Hearbeat IPC: 1.500953 Cumulative IPC: 1.388705
Prefetcher heartbeat stats
Instructions Retired: 1100002 Cycle: 799329 Hearbeat IPC: 1.262113 Cumulative IPC: 1.376157
Prefetcher heartbeat stats
Instructions Retired: 1200004 Cycle: 874545 Hearbeat IPC: 1.329531 Cumulative IPC: 1.372147
Prefetcher heartbeat stats
Instructions Retired: 1300004 Cycle: 948408 Hearbeat IPC: 1.353858 Cumulative IPC: 1.370722
Prefetcher heartbeat stats
Instructions Retired: 1400003 Cycle: 1024355 Hearbeat IPC: 1.316694 Cumulative IPC: 1.366717
Prefetcher heartbeat stats
Instructions Retired: 1500002 Cycle: 1101454 Hearbeat IPC: 1.297021 Cumulative IPC: 1.361838
Prefetcher heartbeat stats
Instructions Retired: 1600001 Cycle: 1181185 Hearbeat IPC: 1.254205 Cumulative IPC: 1.354573
Prefetcher heartbeat stats
Instructions Retired: 1700004 Cycle: 1256408 Hearbeat IPC: 1.329421 Cumulative IPC: 1.353067
Prefetcher heartbeat stats
Instructions Retired: 1800004 Cycle: 1331270 Hearbeat IPC: 1.335791 Cumulative IPC: 1.352095
Prefetcher heartbeat stats
Instructions Retired: 1900000 Cycle: 1405596 Hearbeat IPC: 1.345370 Cumulative IPC: 1.351740
Prefetcher heartbeat stats
Instructions Retired: 2000004 Cycle: 1479126 Hearbeat IPC: 1.360044 Cumulative IPC: 1.352153
Prefetcher heartbeat stats
Instructions Retired: 2100001 Cycle: 1557152 Hearbeat IPC: 1.281586 Cumulative IPC: 1.348617
Prefetcher heartbeat stats
Instructions Retired: 2200004 Cycle: 1635807 Hearbeat IPC: 1.271413 Cumulative IPC: 1.344904
Prefetcher heartbeat stats
Instructions Retired: 2300005 Cycle: 1711102 Hearbeat IPC: 1.328123 Cumulative IPC: 1.344166
Prefetcher heartbeat stats
Instructions Retired: 2400004 Cycle: 1785715 Hearbeat IPC: 1.340236 Cumulative IPC: 1.344002
Prefetcher heartbeat stats
Instructions Retired: 2500000 Cycle: 1862017 Hearbeat IPC: 1.310529 Cumulative IPC: 1.342630
Prefetcher heartbeat stats
Instructions Retired: 2600003 Cycle: 1937610 Hearbeat IPC: 1.322914 Cumulative IPC: 1.341861
Prefetcher heartbeat stats
Instructions Retired: 2700000 Cycle: 2014948 Hearbeat IPC: 1.292987 Cumulative IPC: 1.339985
Prefetcher heartbeat stats
Instructions Retired: 2800004 Cycle: 2094717 Hearbeat IPC: 1.253670 Cumulative IPC: 1.336698
Prefetcher heartbeat stats
Instructions Retired: 2900000 Cycle: 2170489 Hearbeat IPC: 1.319696 Cumulative IPC: 1.336104
Prefetcher heartbeat stats
Instructions Retired: 3000001 Cycle: 2246802 Hearbeat IPC: 1.310406 Cumulative IPC: 1.335232
Prefetcher heartbeat stats

Simulation complete. Instructions retired: 3099757 Cycles elapsed: 2339865 IPC: 1.324759

Prefetcher final stats
