
*** Data Prefetching Championship 2 Simulator ***

Warmup Instructions: 10000000
Simulation Instructions: 100000000
Scramble loads OFF
Using 256KB Last Level Cache
Using 12.8 GB/s DRAM bandwidth
Streaming Prefetcher
Knobs visible from prefetcher: 0 1 0
Instructions Retired: 100001 Cycle: 84154 Hearbeat IPC: 1.188310 Cumulative IPC: 1.188310
Prefetcher heartbeat stats
Instructions Retired: 200002 Cycle: 164870 Hearbeat IPC: 1.238924 Cumulative IPC: 1.213089
Prefetcher heartbeat stats
Instructions Retired: 300004 Cycle: 258224 Hearbeat IPC: 1.071213 Cumulative IPC: 1.161798
Prefetcher heartbeat stats
Instructions Retired: 400001 Cycle: 365649 Hearbeat IPC: 0.930854 Cumulative IPC: 1.093948
Prefetcher heartbeat stats
Instructions Retired: 500005 Cycle: 470170 Hearbeat IPC: 0.956784 Cumulative IPC: 1.063456
Prefetcher heartbeat stats
Instructions Retired: 600003 Cycle: 578399 Hearbeat IPC: 0.923948 Cumulative IPC: 1.037351
Prefetcher heartbeat stats
Instructions Retired: 700005 Cycle: 688735 Hearbeat IPC: 0.906341 Cumulative IPC: 1.016363
Prefetcher heartbeat stats
Instructions Retired: 800005 Cycle: 810821 Hearbeat IPC: 0.819095 Cumulative IPC: 0.986660
Prefetcher heartbeat stats
Instructions Retired: 900003 Cycle: 919689 Hearbeat IPC: 0.918525 Cumulative IPC: 0.978595
Prefetcher heartbeat stats
Instructions Retired: 1000002 Cycle: 1013993 Hearbeat IPC: 1.060390 Cumulative IPC: 0.986202
Prefetcher heartbeat stats
Instructions Retired: 1100004 Cycle: 1123839 Hearbeat IPC: 0.910384 Cumulative IPC: 0.978791
Prefetcher heartbeat stats
Instructions Retired: 1200002 Cycle: 1223941 Hearbeat IPC: 0.998961 Cumulative IPC: 0.980441
Prefetcher heartbeat stats
Instructions Retired: 1300004 Cycle: 1324054 Hearbeat IPC: 0.998891 Cumulative IPC: 0.981836
Prefetcher heartbeat stats
Instructions Retired: 1400002 Cycle: 1430698 Hearbeat IPC: 0.937680 Cumulative IPC: 0.978545
Prefetcher heartbeat stats
Instructions Retired: 1500001 Cycle: 1539966 Hearbeat IPC: 0.915172 Cumulative IPC: 0.974048
Prefetcher heartbeat stats
Instructions Retired: 1600001 Cycle: 1646051 Hearbeat IPC: 0.942640 Cumulative IPC: 0.972024
Prefetcher heartbeat stats
Instructions Retired: 1700001 Cycle: 1748938 Hearbeat IPC: 0.971940 Cumulative IPC: 0.972019
Prefetcher heartbeat stats
Instructions Retired: 1800002 Cycle: 1851272 Hearbeat IPC: 0.977202 Cumulative IPC: 0.972306
Prefetcher heartbeat stats
Instructions Retired: 1900001 Cycle: 1952334 Hearbeat IPC: 0.989482 Cumulative IPC: 0.973195
Prefetcher heartbeat stats
Instructions Retired: 2000000 Cycle: 2057314 Hearbeat IPC: 0.952553 Cumulative IPC: 0.972141
Prefetcher heartbeat stats
Instructions Retired: 2100002 Cycle: 2164678 Hearbeat IPC: 0.931430 Cumulative IPC: 0.970122
Prefetcher heartbeat stats
Instructions Retired: 2200000 Cycle: 2277693 Hearbeat IPC: 0.884821 Cumulative IPC: 0.965890
Prefetcher heartbeat stats
Instructions Retired: 2300001 Cycle: 2379797 Hearbeat IPC: 0.979403 Cumulative IPC: 0.966469
Prefetcher heartbeat stats
Instructions Retired: 2400000 Cycle: 2483361 Hearbeat IPC: 0.965577 Cumulative IPC: 0.966432
Prefetcher heartbeat stats
Instructions Retired: 2500005 Cycle: 2584472 Hearbeat IPC: 0.989062 Cumulative IPC: 0.967318
Prefetcher heartbeat stats
Instructions Retired: 2600000 Cycle: 2688869 Hearbeat IPC: 0.957834 Cumulative IPC: 0.966949
Prefetcher heartbeat stats
Instructions Retired: 2700000 Cycle: 2795177 Hearbeat IPC: 0.940663 Cumulative IPC: 0.965950
Prefetcher heartbeat stats
Instructions Retired: 2800004 Cycle: 2905462 Hearbeat IPC: 0.906778 Cumulative IPC: 0.963704
Prefetcher heartbeat stats
Instructions Retired: 2900000 Cycle: 3009376 Hearbeat IPC: 0.962296 Cumulative IPC: 0.963655
Prefetcher heartbeat stats
Instructions Retired: 3000005 Cycle: 3110032 Hearbeat IPC: 0.993532 Cumulative IPC: 0.964622
Prefetcher heartbeat stats

Simulation complete. Instructions retired: 3099754 Cycles elapsed: 3231723 IPC: 0.959165

Prefetcher final stats
