
*** Data Prefetching Championship 2 Simulator ***

Warmup Instructions: 10000000
Simulation Instructions: 100000000
Scramble loads ON
Using 1MB Last Level Cache
Using 12.8 GB/s DRAM bandwidth
AMPM Lite Prefetcher
Knobs visible from prefetcher: 1 0 0
Instructions Retired: 100000 Cycle: 40268 Hearbeat IPC: 2.483361 Cumulative IPC: 2.483361
Prefetcher heartbeat stats
Instructions Retired: 200000 Cycle: 78588 Hearbeat IPC: 2.609603 Cumulative IPC: 2.544918
Prefetcher heartbeat stats
Instructions Retired: 300001 Cycle: 114639 Hearbeat IPC: 2.773876 Cumulative IPC: 2.616919
Prefetcher heartbeat stats
Instructions Retired: 400004 Cycle: 138887 Hearbeat IPC: 4.124175 Cumulative IPC: 2.880068
Prefetcher heartbeat stats
Instructions Retired: 500003 Cycle: 156599 Hearbeat IPC: 5.645833 Cumulative IPC: 3.192888
Prefetcher heartbeat stats
Instructions Retired: 600000 Cycle: 178403 Hearbeat IPC: 4.586177 Cumulative IPC: 3.363172
Prefetcher heartbeat stats
Instructions Retired: 700003 Cycle: 214436 Hearbeat IPC: 2.775317 Cumulative IPC: 3.264391
Prefetcher heartbeat stats
Instructions Retired: 800003 Cycle: 241728 Hearbeat IPC: 3.664077 Cumulative IPC: 3.309517
Prefetcher heartbeat stats
Instructions Retired: 900000 Cycle: 274311 Hearbeat IPC: 3.068993 Cumulative IPC: 3.280947
Prefetcher heartbeat stats
Instructions Retired: 1000000 Cycle: 310498 Hearbeat IPC: 2.763423 Cumulative IPC: 3.220633
Prefetcher heartbeat stats
Instructions Retired: 1100005 Cycle: 347926 Hearbeat IPC: 2.671930 Cumulative IPC: 3.161606
Prefetcher heartbeat stats
Instructions Retired: 1200001 Cycle: 384975 Hearbeat IPC: 2.699020 Cumulative IPC: 3.117088
Prefetcher heartbeat stats
Instructions Retired: 1300000 Cycle: 421029 Hearbeat IPC: 2.773590 Cumulative IPC: 3.087673
Prefetcher heartbeat stats
Instructions Retired: 1400005 Cycle: 447259 Hearbeat IPC: 3.812619 Cumulative IPC: 3.130188
Prefetcher heartbeat stats
Instructions Retired: 1500001 Cycle: 480890 Hearbeat IPC: 2.973328 Cumulative IPC: 3.119219
Prefetcher heartbeat stats
Instructions Retired: 1600004 Cycle: 514949 Hearbeat IPC: 2.936170 Cumulative IPC: 3.107112
Prefetcher heartbeat stats
Instructions Retired: 1700003 Cycle: 532890 Hearbeat IPC: 5.573770 Cumulative IPC: 3.190157
Prefetcher heartbeat stats
Instructions Retired: 1800003 Cycle: 550312 Hearbeat IPC: 5.739869 Cumulative IPC: 3.270877
Prefetcher heartbeat stats
Instructions Retired: 1900003 Cycle: 580566 Hearbeat IPC: 3.305348 Cumulative IPC: 3.272674
Prefetcher heartbeat stats
Instructions Retired: 2000000 Cycle: 616618 Hearbeat IPC: 2.773688 Cumulative IPC: 3.243499
Prefetcher heartbeat stats
Instructions Retired: 2100001 Cycle: 640409 Hearbeat IPC: 4.203312 Cumulative IPC: 3.279156
Prefetcher heartbeat stats
Instructions Retired: 2200003 Cycle: 676476 Hearbeat IPC: 2.772673 Cumulative IPC: 3.252152
Prefetcher heartbeat stats
Instructions Retired: 2300005 Cycle: 713184 Hearbeat IPC: 2.724256 Cumulative IPC: 3.224981
Prefetcher heartbeat stats
Instructions Retired: 2400000 Cycle: 750607 Hearbeat IPC: 2.672020 Cumulative IPC: 3.197412
Prefetcher heartbeat stats
Instructions Retired: 2500000 Cycle: 787030 Hearbeat IPC: 2.745518 Cumulative IPC: 3.176499
Prefetcher heartbeat stats
Instructions Retired: 2600005 Cycle: 823085 Hearbeat IPC: 2.773679 Cumulative IPC: 3.158854
Prefetcher heartbeat stats
Instructions Retired: 2700000 Cycle: 847057 Hearbeat IPC: 4.171325 Cumulative IPC: 3.187507
Prefetcher heartbeat stats
Instructions Retired: 2800003 Cycle: 883075 Hearbeat IPC: 2.776473 Cumulative IPC: 3.170742
Prefetcher heartbeat stats
Instructions Retired: 2900000 Cycle: 908867 Hearbeat IPC: 3.877055 Cumulative IPC: 3.190786
Prefetcher heartbeat stats
Instructions Retired: 3000003 Cycle: 926587 Hearbeat IPC: 5.643510 Cumulative IPC: 3.237692
Prefetcher heartbeat stats

Simulation complete. Instructions retired: 3099757 Cycles elapsed: 946744 IPC: 3.274124

Prefetcher final stats
