
*** Data Prefetching Championship 2 Simulator ***

Warmup Instructions: 0
Simulation Instructions: 100000000
Scramble loads ON
Using 1MB Last Level Cache
Using 12.8 GB/s DRAM bandwidth
Knobs visible from prefetcher: 1 0 0
Resetting history queue.
Setting up the minimum score
Resetting offset table
Setting initial offset to 1
Tag offset: 6
Resetting rable rounds
Resetting gauge

Warmup complete. Instructions retired: 2 Cycles elapsed: 2 IPC: 1.000000
Instructions Retired: 100000 Cycle: 39908 Hearbeat IPC: 2.505763 Cumulative IPC: 2.505763
Instructions Retired: 200000 Cycle: 77527 Hearbeat IPC: 2.658231 Cumulative IPC: 2.579746
Instructions Retired: 300001 Cycle: 113578 Hearbeat IPC: 2.773876 Cumulative IPC: 2.641365
Instructions Retired: 400004 Cycle: 137507 Hearbeat IPC: 4.179155 Cumulative IPC: 2.908972
Instructions Retired: 500005 Cycle: 154900 Hearbeat IPC: 5.749497 Cumulative IPC: 3.227921
Instructions Retired: 600000 Cycle: 176566 Hearbeat IPC: 4.615296 Cumulative IPC: 3.398163
Instructions Retired: 700003 Cycle: 212599 Hearbeat IPC: 2.775317 Cumulative IPC: 3.292598
Offset switch to: 2	With score: 32
Instructions Retired: 800001 Cycle: 239755 Hearbeat IPC: 3.682354 Cumulative IPC: 3.336744
Instructions Retired: 900000 Cycle: 272251 Hearbeat IPC: 3.077271 Cumulative IPC: 3.305773
Instructions Retired: 1000000 Cycle: 308341 Hearbeat IPC: 2.770851 Cumulative IPC: 3.243163
Instructions Retired: 1100005 Cycle: 345481 Hearbeat IPC: 2.692649 Cumulative IPC: 3.183981
Instructions Retired: 1200001 Cycle: 382338 Hearbeat IPC: 2.713080 Cumulative IPC: 3.138587
Instructions Retired: 1300000 Cycle: 418392 Hearbeat IPC: 2.773590 Cumulative IPC: 3.107134
Instructions Retired: 1400005 Cycle: 444441 Hearbeat IPC: 3.839111 Cumulative IPC: 3.150036
Instructions Retired: 1500001 Cycle: 478021 Hearbeat IPC: 2.977844 Cumulative IPC: 3.137939
Instructions Retired: 1600004 Cycle: 511980 Hearbeat IPC: 2.944816 Cumulative IPC: 3.125130
Offset switch to: 12	With score: 32
Instructions Retired: 1700003 Cycle: 529269 Hearbeat IPC: 5.783967 Cumulative IPC: 3.211983
Instructions Retired: 1800003 Cycle: 546467 Hearbeat IPC: 5.814630 Cumulative IPC: 3.293891
Instructions Retired: 1900003 Cycle: 576686 Hearbeat IPC: 3.309176 Cumulative IPC: 3.294693
Instructions Retired: 2000000 Cycle: 612738 Hearbeat IPC: 2.773688 Cumulative IPC: 3.264038
Instructions Retired: 2100001 Cycle: 636419 Hearbeat IPC: 4.222837 Cumulative IPC: 3.299715
Instructions Retired: 2200003 Cycle: 672486 Hearbeat IPC: 2.772673 Cumulative IPC: 3.271448
Instructions Retired: 2300005 Cycle: 710466 Hearbeat IPC: 2.633017 Cumulative IPC: 3.237319
Instructions Retired: 2400000 Cycle: 750226 Hearbeat IPC: 2.514965 Cumulative IPC: 3.199036
Instructions Retired: 2500000 Cycle: 787188 Hearbeat IPC: 2.705481 Cumulative IPC: 3.175861
Instructions Retired: 2600005 Cycle: 823243 Hearbeat IPC: 2.773679 Cumulative IPC: 3.158247
Offset switch to: 1	With score: 32
Instructions Retired: 2700000 Cycle: 846884 Hearbeat IPC: 4.229728 Cumulative IPC: 3.188158
Instructions Retired: 2800003 Cycle: 882902 Hearbeat IPC: 2.776473 Cumulative IPC: 3.171363
Instructions Retired: 2900000 Cycle: 908381 Hearbeat IPC: 3.924683 Cumulative IPC: 3.192493
Instructions Retired: 3000000 Cycle: 925638 Hearbeat IPC: 5.794750 Cumulative IPC: 3.241008

Simulation complete. Instructions retired: 3099755 Cycles elapsed: 945434 IPC: 3.278658

