
*** Data Prefetching Championship 2 Simulator ***

Warmup Instructions: 10000000
Simulation Instructions: 100000000
Scramble loads ON
Using 1MB Last Level Cache
Using 12.8 GB/s DRAM bandwidth
Knobs visible from prefetcher: 1 0 0
Resetting history queue.
Resetting offset table
Setting initial offset to 1
Tag offset: 6
Ressetting hit rate
Index 63
Index 63
Index 63
Index 63
Index 63
Index 63
Index 63
Index 63
Index 63
Index 63
Index 63
Index 63
Index 63
Index 63
Index 63
Index 63
Index 63
Index 63
Index 63
Index 63
Index 63
Index 63
Index 63
Index 63
Index 63
Index 63
Index 63
Index 63
Index 63
Index 63
Index 63
Index 63
Index 63
Index 63
Index 63
Index 63
Index 63
Index 63
Index 63
Index 63
Index 63
Index 63
Index 63
Index 63
Index 63
Index 63
Index 63
Index 63
Index 63
Index 63
Index 63
Index 63
Index 63
Index 63
Index 63
Index 63
Index 63
Index 63
Index 63
Index 63
Index 63
Index 63
Index 63
Index 63
Index 63
Index 63
Index 63
Index 63
Index 63
Index 63
Index 63
Index 63
Index 63
Index 63
Index 63
Index 63
Index 63
Index 63
Index 63
Index 63
Index 63
Index 63
Index 63
Index 63
Index 63
Index 63
Index 63
Index 63
Index 63
Index 63
Index 63
Index 63
Index 63
Index 63
Index 63
Index 63
Index 63
Index 63
Index 63
Index 63
Index 63
Index 63
Index 63
Index 63
Index 63
Index 63
Index 63
Index 63
Index 63
Index 63
Index 63
Index 63
Index 63
Index 63
Index 63
Index 63
Index 43
Index 63
Index 63
Index 63
Index 63
Index 63
Index 63
Index 63
Index 63
Index 63
Index 63
Index 63
Index 63
Index 63
Index 63
Index 63
Index 63
Index 63
Index 63
Index 63
Instructions Retired: 100000 Cycle: 39908 Hearbeat IPC: 2.505763 Cumulative IPC: 2.505763
Cycle: 39908	Best offset: 1	Score: 0	Hit Rate: 0.000000
Index 63
Index 63
Index 63
Index 63
Index 63
Index 63
Index 63
Index 63
Index 63
Index 63
Index 63
Index 63
Index 63
Index 63
Index 63
Index 63
Index 63
Index 63
Index 63
Index 63
Index 63
Index 63
Index 63
Index 63
Index 63
Index 63
Index 63
Index 63
Index 63
Index 63
Index 63
Index 63
Index 63
Index 63
Index 63
Index 63
Index 63
Index 63
Index 63
Index 63
Index 63
Index 63
Index 63
Index 63
Index 63
Index 63
Index 63
Index 63
Index 63
Index 63
Index 63
Index 63
Index 63
Index 63
Index 63
Index 63
Index 63
Index 63
Index 63
Index 63
Index 63
Index 63
Index 63
Index 63
Index 63
Index 63
Index 63
Index 63
Index 63
Index 63
Index 63
Index 63
Index 63
Index 63
Index 63
Index 63
Index 63
Index 63
Index 63
Index 63
Index 63
Index 63
Index 63
Index 63
Index 63
Index 63
Index 63
Index 63
Index 0
Index 1
Index 1
Index 2
Index 2
Index 3
Index 3
Index 3
Index 3
Index 3
Index 4
Index 4
Index 4
Index 4
Index 5
Index 5
Index 5
Index 5
Index 5
Index 5
Index 5
Index 5
Index 6
Index 6
Index 6
Index 6
Index 6
Index 7
Index 7
Index 7
Index 7
Index 8
Index 8
Index 8
Index 8
Index 8
Index 9
Index 9
Index 9
Index 9
Index 63
Index 63
Index 63
Index 63
Index 0
Index 0
Index 0
Index 0
Index 1
Index 1
Index 1
Index 1
Index 1
Index 2
Index 2
Index 2
Index 2
Index 2
Index 3
Index 3
Index 3
Index 3
Index 3
Index 4
Index 4
Index 4
Index 4
Index 4
Index 5
Index 5
Index 5
Index 63
Index 0
Index 0
Index 0
Index 0
Index 0
Index 1
Index 1
Index 0
Index 1
Index 13
Index 2
Index 10
Index 3
Index 4
Index 12
Index 5
Index 13
Index 14
Index 15
Index 16
Index 17
Index 18
Index 19
Index 20
Index 21
Instructions Retired: 200000 Cycle: 77527 Hearbeat IPC: 2.658231 Cumulative IPC: 2.579746
Cycle: 77527	Best offset: 1	Score: 0	Hit Rate: 0.356164
Index 0
Index 1
Index 2
Index 3
Index 4
Index 5
Index 13
Index 14
Index 15
Index 16
Index 17
Index 18
Index 19
Index 20
Index 21
Index 45
Index 0
Index 1
Index 2
Index 3
Index 4
Index 5
Index 6
Index 7
Index 8
Index 9
Index 10
Index 11
Index 12
Index 13
Index 14
Instructions Retired: 300001 Cycle: 113578 Hearbeat IPC: 2.773876 Cumulative IPC: 2.641365
Cycle: 113578	Best offset: 1	Score: 0	Hit Rate: 0.450876
Index 0
Index 1
Index 2
Index 3
Index 4
Index 5
Index 6
Index 7
Index 8
Index 9
Index 10
Index 11
Index 12
Index 13
Index 14
Index 63
Index 0
Index 0
Index 1
Index 1
Index 2
Index 2
Index 2
Index 3
Index 3
Index 4
Index 4
Index 4
Index 5
Index 5
Index 6
Index 6
Index 6
Index 7
Index 7
Index 8
Index 8
Index 9
Index 9
Index 9
Index 22
Index 22
Index 23
Index 0
Index 0
Index 1
Index 1
Index 1
Index 2
Index 2
Index 2
Index 3
Index 3
Index 3
Index 4
Index 4
Index 5
Index 5
Index 5
Index 6
Index 6
Index 7
Index 7
Index 7
Index 8
Index 8
Index 9
Index 9
Index 9
Index 10
Index 10
Index 11
Index 11
Index 12
Index 12
Index 12
Index 63
Index 0
Index 0
Index 0
Index 1
Index 1
Index 2
Instructions Retired: 400004 Cycle: 137507 Hearbeat IPC: 4.179155 Cumulative IPC: 2.908972
Cycle: 137507	Best offset: 1	Score: 0	Hit Rate: 0.569705
Index 63
Index 0
Index 0
Index 0
Index 1
Index 1
Index 1
Index 2
Index 2
Index 3
Index 3
Index 3
Index 4
Index 4
Index 5
Index 5
Index 5
Index 6
Index 6
Index 6
Index 7
Index 7
Index 7
Index 8
Index 8
Index 9
Index 9
Index 9
Index 10
Index 10
Index 11
Index 63
Index 0
Index 0
Index 6
Index 6
Index 6
Index 7
Index 7
Index 8
Index 8
Index 9
Index 9
Index 9
Index 10
Index 10
Index 10
Index 11
Index 11
Index 12
Index 12
Index 12
Index 13
Index 13
Index 14
Index 63
Index 0
Index 0
Index 1
Index 1
Index 1
Index 2
Index 2
Index 3
Index 3
Index 3
Index 55
Index 16
Index 16
Index 16
Index 16
Index 63
Index 63
Index 0
Index 0
Index 0
Index 0
Index 0
Index 1
Index 1
Index 1
Index 1
Index 2
Index 2
Index 2
Index 2
Index 2
Index 3
Index 3
Index 3
Index 3
Index 3
Index 4
Index 4
Index 4
Index 4
Index 5
Index 5
Index 5
Index 5
Index 6
Index 6
Index 6
Index 6
Index 6
Index 7
Index 7
Index 7
Index 7
Index 7
Index 0
Index 0
Index 0
Index 0
Index 1
Index 1
Index 1
Index 1
Index 1
Index 2
Index 2
Index 2
Index 2
Index 3
Index 3
Index 3
Index 3
Index 4
Index 4
Index 63
Index 63
Index 0
Index 0
Index 0
Index 63
Index 0
Index 0
Index 0
Index 0
Index 10
Index 10
Index 10
Index 63
Index 63
Index 0
Index 0
Index 0
Index 0
Index 0
Index 1
Index 1
Index 1
Index 1
Index 2
Index 2
Index 2
Index 2
Index 2
Index 3
Index 3
Index 3
Index 3
Index 3
Index 4
Index 4
Index 4
Index 4
Index 5
Index 5
Index 5
Index 5
Index 5
Index 6
Index 6
Index 6
Index 6
Instructions Retired: 500005 Cycle: 154900 Hearbeat IPC: 5.749497 Cumulative IPC: 3.227921
Cycle: 154900	Best offset: 1	Score: 0	Hit Rate: 0.694444
Index 63
Index 0
Index 0
Index 0
Index 0
Index 0
Index 1
Index 1
Index 1
Index 1
Index 2
Index 2
Index 2
Index 63
Index 63
Index 0
Index 0
Index 0
Index 0
Index 1
Index 1
Index 1
Index 1
Index 2
Index 2
Index 2
Index 2
Index 2
Index 3
Index 3
Index 3
Index 3
Index 4
Index 4
Index 4
Index 4
Index 5
Index 5
Index 5
Index 5
Index 6
Index 6
Index 6
Index 6
Index 6
Index 7
Index 7
Index 7
Index 7
Index 8
Index 8
Index 8
Index 63
Index 63
Index 63
Index 0
Index 0
Index 0
Index 0
Index 1
Index 1
Index 1
Index 1
Index 2
Index 2
Index 2
Index 2
Index 2
Index 3
Index 3
Index 3
Index 3
Index 3
Index 4
Index 4
Index 63
Index 0
Index 0
Index 0
Index 4
Index 4
Index 4
Index 4
Index 5
Index 5
Index 5
Index 5
Index 5
Index 5
Index 6
Index 6
Index 6
Index 6
Index 6
Index 7
Index 7
Index 7
Index 7
Index 8
Index 8
Index 8
Index 8
Index 8
Index 9
Index 9
Index 9
Index 9
Index 63
Index 0
Index 0
Index 0
Index 0
Index 0
Index 10
Index 10
Index 63
Index 0
Index 0
Index 0
Index 0
Index 0
Index 1
Index 1
Index 1
Index 1
Index 2
Index 2
Index 2
Index 2
Index 3
Index 3
Index 3
Index 3
Index 3
Index 4
Index 4
Index 4
Index 4
Index 5
Index 5
Index 5
Index 5
Index 5
Index 5
Index 5
Index 6
Index 6
Index 6
Index 63
Index 0
Index 0
Index 0
Index 0
Index 0
Index 1
Index 1
Index 1
Index 1
Index 2
Index 2
Index 2
Index 2
Index 11
Index 12
Index 12
Index 12
Index 12
Index 1
Index 2
Index 6
Index 7
Index 8
Index 9
Index 10
Index 11
Index 12
Index 13
Index 14
Index 15
Index 16
Index 17
Index 34
Index 35
Instructions Retired: 600000 Cycle: 176566 Hearbeat IPC: 4.615296 Cumulative IPC: 3.398163
Cycle: 176566	Best offset: 1	Score: 0	Hit Rate: 0.766380
Index 36
Index 50
Index 51
Index 52
Index 53
Index 54
Index 55
Index 56
Index 57
Index 58
Index 59
Index 60
Index 61
Index 62
Index 0
Index 1
Index 5
Index 6
Index 7
Index 8
Index 9
Index 10
Index 11
Index 12
Index 13
Index 14
Index 15
Index 16
Index 17
Index 34
Index 35
Index 36
Index 50
Index 51
Index 2
Index 3
Index 4
Index 0
Index 1
Index 2
Index 3
Index 4
Index 5
Index 6
Index 7
Index 8
Index 9
Index 10
Index 23
Index 24
Index 25
Index 26
Index 43
Index 44
Index 45
Index 46
Instructions Retired: 700003 Cycle: 212599 Hearbeat IPC: 2.775317 Cumulative IPC: 3.292598
Cycle: 212599	Best offset: 1	Score: 0	Hit Rate: 0.780094
Index 47
Index 48
Index 49
Index 50
Index 51
Index 52
Index 53
Index 54
Index 0
Index 1
Index 2
Index 3
Index 4
Index 5
Index 6
Index 7
Index 8
Index 9
Index 10
Index 23
Index 24
Index 25
Index 26
Index 43
Index 44
Index 45
Index 46
Index 47
Index 48
Index 49
Index 50
Index 51
Index 52
Index 53
Index 54
Index 63
Index 63
Index 0
Index 0
Index 0
Index 0
Index 1
Index 1
Index 1
Index 1
Index 2
Index 2
Index 2
Index 2
Index 3
Index 3
Index 3
Index 3
Index 3
Index 3
Index 3
Index 3
Index 3
Index 3
Index 4
Index 4
Index 4
Index 4
Index 4
Index 5
Index 5
Index 5
Index 5
Index 6
Index 6
Index 6
Index 6
Index 7
Index 7
Index 7
Index 63
Index 63
Index 0
Index 0
Index 0
Index 0
Index 1
Index 1
Index 1
Index 1
Index 2
Index 2
Index 2
Index 2
Index 2
Index 2
Index 3
Index 3
Index 3
Index 3
Index 4
Index 4
Index 0
Index 0
Index 0
Index 0
Index 8
Index 8
Index 8
Index 8
Index 9
Index 9
Index 9
Index 9
Index 9
Index 9
Index 9
Index 9
Index 9
Index 9
Index 9
Index 9
Index 0
Index 0
Index 0
Index 0
Index 1
Index 1
Index 1
Index 1
Index 1
Index 2
Index 2
Index 2
Index 63
Index 63
Index 63
Index 0
Index 0
Index 0
Index 0
Index 0
Index 1
Index 1
Index 1
Index 1
Index 1
Index 2
Index 2
Index 2
Index 2
Index 3
Index 3
Index 3
Index 3
Index 4
Index 4
Index 4
Index 4
Index 5
Index 5
Index 5
Index 5
Index 6
Index 6
Index 6
Index 6
Index 6
Index 7
Index 7
Index 7
Index 7
Index 8
Index 8
Index 8
Instructions Retired: 800001 Cycle: 239769 Hearbeat IPC: 3.680456 Cumulative IPC: 3.336549
Cycle: 239769	Best offset: 1	Score: 0	Hit Rate: 0.810414
Index 63
Index 63
Index 63
Index 0
Index 0
Index 0
Index 0
Index 1
Index 1
Index 1
Index 1
Index 1
Index 2
Index 2
Index 2
Index 2
Index 2
Index 2
Index 3
Index 3
Index 3
Index 3
Index 4
Index 63
Index 63
Index 63
Index 0
Index 0
Index 0
Index 0
Index 0
Index 0
Index 9
Index 1
Index 2
Index 11
Index 3
Index 4
Index 11
Index 12
Index 13
Index 14
Index 15
Index 16
Index 17
Index 18
Index 19
Index 20
Index 0
Index 1
Index 2
Index 3
Index 4
Index 11
Index 12
Index 13
Index 14
Index 15
Index 16
Index 17
Index 18
Index 19
Index 20
Instructions Retired: 900000 Cycle: 272237 Hearbeat IPC: 3.079925 Cumulative IPC: 3.305943
Cycle: 272237	Best offset: 1	Score: 0	Hit Rate: 0.825750
Index 43
Index 44
Index 62
Index 0
Index 1
Index 2
Index 3
Index 4
Index 5
Index 6
Index 7
Index 8
Index 9
Index 10
Index 11
Index 12
Index 13
Index 29
Index 62
Index 0
Index 1
Index 2
Index 3
Index 4
Index 5
Index 6
Index 7
Index 8
Index 9
Index 10
Index 11
Index 12
Index 13
Index 29
Instructions Retired: 1000000 Cycle: 308366 Hearbeat IPC: 2.767860 Cumulative IPC: 3.242900
Cycle: 308366	Best offset: 1	Score: 0	Hit Rate: 0.829624
Index 63
Index 63
Index 63
Index 63
Index 63
Index 63
Index 63
Index 63
Index 63
Index 63
Index 63
Index 63
Index 63
Index 63
Index 63
Index 63
Index 63
Index 63
Index 63
Index 63
Index 63
Index 63
Index 63
Index 63
Index 63
Instructions Retired: 1100005 Cycle: 345506 Hearbeat IPC: 2.692649 Cumulative IPC: 3.183751
Cycle: 345506	Best offset: 1	Score: 0	Hit Rate: 0.759010
Index 63
Index 63
Index 63
Index 63
Index 63
Index 63
Index 63
Index 63
Index 63
Index 63
Index 63
Index 63
Index 63
Index 63
Index 63
Index 8
Index 0
Index 1
Index 2
Index 3
Index 13
Index 4
Index 5
Index 14
Index 6
Index 14
Index 15
Index 16
Instructions Retired: 1200001 Cycle: 382363 Hearbeat IPC: 2.713080 Cumulative IPC: 3.138381
Cycle: 382363	Best offset: 1	Score: 0	Hit Rate: 0.719411
Index 17
Index 18
Index 19
Index 20
Index 21
Index 22
Index 0
Index 1
Index 2
Index 3
Index 4
Index 5
Index 6
Index 14
Index 15
Index 16
Index 17
Index 18
Index 19
Index 20
Index 21
Index 22
Index 0
Index 1
Index 2
Index 3
Index 4
Index 5
Index 6
Index 14
Index 15
Index 16
Index 17
Index 18
Index 19
Index 20
Index 21
Index 22
Instructions Retired: 1300000 Cycle: 418417 Hearbeat IPC: 2.773590 Cumulative IPC: 3.106948
Cycle: 418417	Best offset: 1	Score: 0	Hit Rate: 0.730123
Index 0
Index 1
Index 2
Index 3
Index 4
Index 5
Index 6
Index 14
Index 15
Index 16
Index 17
Index 18
Index 19
Index 20
Index 21
Index 22
Index 0
Index 0
Index 0
Index 0
Index 1
Index 1
Index 1
Index 1
Index 2
Index 2
Index 2
Index 2
Index 3
Index 3
Index 3
Index 3
Index 3
Index 4
Index 4
Index 4
Index 4
Index 4
Index 4
Index 5
Index 5
Index 5
Index 5
Index 6
Index 6
Index 6
Index 6
Index 0
Index 0
Index 0
Index 0
Index 0
Index 0
Index 0
Index 0
Index 0
Index 0
Index 0
Index 0
Index 0
Index 1
Index 1
Index 1
Index 1
Index 1
Index 1
Index 1
Index 2
Index 2
Index 2
Index 2
Index 2
Index 63
Index 63
Index 63
Index 63
Index 0
Index 0
Index 0
Index 0
Index 1
Index 1
Index 1
Index 1
Index 1
Index 63
Index 63
Index 0
Index 0
Index 0
Index 0
Index 1
Index 1
Index 1
Index 1
Index 1
Index 1
Index 1
Index 1
Index 1
Index 1
Index 2
Index 2
Index 2
Index 2
Index 2
Index 2
Index 2
Index 2
Index 2
Index 2
Index 3
Index 3
Index 3
Index 3
Index 4
Index 4
Index 4
Index 4
Index 4
Index 4
Index 4
Index 4
Index 4
Index 4
Index 5
Index 5
Index 5
Index 5
Index 0
Index 0
Index 0
Index 0
Index 0
Index 0
Index 0
Index 0
Index 0
Index 0
Index 1
Index 1
Index 1
Index 1
Index 2
Index 2
Index 2
Index 2
Index 2
Index 2
Index 2
Index 2
Index 2
Index 2
Index 3
Index 3
Index 3
Index 3
Index 63
Index 63
Index 0
Index 0
Index 0
Index 0
Index 0
Index 0
Index 0
Index 0
Index 0
Index 0
Index 1
Index 1
Index 1
Index 1
Instructions Retired: 1400001 Cycle: 444421 Hearbeat IPC: 3.845601 Cumulative IPC: 3.150168
Cycle: 444421	Best offset: 1	Score: 0	Hit Rate: 0.756971
Index 15
Index 35
Index 38
Index 42
Index 41
Index 33
Index 36
Index 43
Index 53
Index 54
Index 55
Index 56
Index 57
Index 58
Index 59
Index 60
Index 61
Index 0
Index 1
Index 2
Index 3
Index 4
Index 11
Index 12
Index 13
Index 14
Index 15
Index 16
Index 17
Index 18
Index 19
Index 20
Index 53
Index 54
Index 55
Index 56
Index 57
Index 58
Index 59
Index 60
Index 61
Index 62
Index 0
Index 1
Index 2
Index 3
Index 4
Index 11
Index 12
Index 13
Index 14
Index 15
Index 16
Index 17
Index 18
Index 19
Instructions Retired: 1500001 Cycle: 477993 Hearbeat IPC: 2.978673 Cumulative IPC: 3.138123
Cycle: 477993	Best offset: 1	Score: 0	Hit Rate: 0.768173
Index 20
Index 53
Index 54
Index 55
Index 56
Index 57
Index 58
Index 59
Index 60
Index 61
Index 62
Index 0
Index 1
Index 2
Index 3
Index 4
Index 11
Index 12
Index 13
Index 14
Index 15
Index 16
Index 17
Index 18
Index 19
Index 20
Index 53
Index 54
Index 55
Index 56
Index 57
Index 58
Index 59
Index 60
Index 61
Index 62
Index 0
Index 1
Index 2
Index 3
Index 4
Index 11
Index 12
Index 29
Index 19
Index 31
Index 31
Index 37
Index 37
Index 38
Index 38
Index 38
Index 33
Index 33
Index 35
Index 35
Index 35
Index 29
Index 29
Index 29
Instructions Retired: 1600004 Cycle: 511988 Hearbeat IPC: 2.941697 Cumulative IPC: 3.125081
Cycle: 511988	Best offset: 1	Score: 0	Hit Rate: 0.776256
Index 0
Index 0
Index 1
Index 1
Index 2
Index 2
Index 3
Index 3
Index 4
Index 4
Index 4
Index 5
Index 5
Index 6
Index 6
Index 6
Index 7
Index 7
Index 8
Index 8
Index 8
Index 9
Index 9
Index 10
Index 10
Index 10
Index 11
Index 11
Index 12
Index 63
Index 63
Index 0
Index 0
Index 0
Index 1
Index 1
Index 8
Index 8
Index 9
Index 9
Index 10
Index 10
Index 11
Index 11
Index 12
Index 12
Index 12
Index 13
Index 13
Index 14
Index 14
Index 14
Index 63
Index 0
Index 0
Index 1
Index 1
Index 2
Index 2
Index 2
Index 3
Index 3
Index 3
Index 4
Index 4
Index 17
Index 17
Index 63
Index 0
Index 0
Index 0
Index 1
Index 1
Index 2
Index 2
Index 3
Index 3
Index 3
Index 4
Index 4
Index 4
Index 5
Index 5
Index 5
Index 6
Index 6
Index 0
Index 0
Index 1
Index 1
Index 1
Index 2
Index 2
Index 2
Index 3
Index 3
Index 4
Index 4
Index 4
Index 5
Index 5
Index 6
Index 6
Index 7
Index 7
Index 7
Index 8
Index 8
Index 8
Index 9
Index 9
Index 22
Index 22
Index 23
Index 23
Index 24
Index 24
Instructions Retired: 1700000 Cycle: 529433 Hearbeat IPC: 5.732072 Cumulative IPC: 3.210982
Cycle: 529433	Best offset: 1	Score: 0	Hit Rate: 0.790790
Index 63
Index 63
Index 63
Index 0
Index 0
Index 0
Index 0
Index 0
Index 0
Index 1
Index 1
Index 1
Index 1
Index 2
Index 2
Index 2
Index 2
Index 2
Index 3
Index 3
Index 3
Index 3
Index 4
Index 4
Index 4
Index 4
Index 63
Index 63
Index 0
Index 0
Index 0
Index 0
Index 1
Index 7
Index 7
Index 7
Index 7
Index 7
Index 8
Index 8
Index 8
Index 8
Index 8
Index 9
Index 9
Index 9
Index 9
Index 63
Index 0
Index 0
Index 0
Index 0
Index 0
Index 1
Index 1
Index 1
Index 1
Index 1
Index 2
Index 2
Index 2
Index 2
Index 2
Index 3
Index 3
Index 3
Index 3
Index 4
Index 4
Index 4
Index 4
Index 5
Index 5
Index 5
Index 5
Index 6
Index 63
Index 63
Index 63
Index 63
Index 0
Index 0
Index 0
Index 0
Index 1
Index 1
Index 1
Index 1
Index 1
Index 1
Index 2
Index 63
Index 0
Index 0
Index 0
Index 0
Index 1
Index 1
Index 1
Index 1
Index 2
Index 2
Index 2
Index 2
Index 2
Index 3
Index 3
Index 3
Index 3
Index 4
Index 4
Index 4
Index 4
Index 4
Index 5
Index 5
Index 5
Index 5
Index 6
Index 6
Index 6
Index 6
Index 6
Index 6
Index 7
Index 63
Index 63
Index 63
Index 63
Index 0
Index 0
Index 0
Index 0
Index 0
Index 1
Index 1
Index 1
Index 1
Index 1
Index 2
Index 2
Index 2
Index 2
Index 3
Index 3
Index 3
Index 3
Index 12
Index 63
Index 63
Index 0
Index 0
Index 0
Index 0
Index 0
Index 0
Index 1
Index 1
Index 1
Index 1
Index 2
Index 2
Index 2
Index 2
Index 2
Index 3
Index 3
Index 3
Index 3
Index 25
Index 25
Index 25
Index 25
Index 25
Index 63
Index 63
Index 0
Index 0
Index 0
Index 0
Index 6
Index 6
Index 6
Index 6
Index 7
Index 7
Index 7
Index 7
Index 7
Index 8
Index 8
Index 8
Index 8
Index 9
Index 9
Index 9
Index 9
Index 9
Index 63
Index 63
Index 63
Index 0
Index 0
Index 0
Index 0
Index 1
Index 1
Index 1
Index 1
Index 1
Index 2
Index 2
Index 2
Index 2
Index 2
Index 3
Index 3
Index 3
Index 3
Index 3
Index 4
Index 4
Index 4
Index 4
Index 4
Index 5
Index 5
Index 5
Index 5
Index 5
Index 63
Index 0
Index 0
Index 0
Index 0
Index 0
Index 1
Index 1
Index 1
Instructions Retired: 1800003 Cycle: 546674 Hearbeat IPC: 5.800302 Cumulative IPC: 3.292644
Cycle: 546674	Best offset: 1	Score: 0	Hit Rate: 0.814595
Index 63
Index 0
Index 0
Index 0
Index 0
Index 1
Index 1
Index 1
Index 1
Index 2
Index 2
Index 2
Index 2
Index 3
Index 3
Index 3
Index 3
Index 4
Index 4
Index 4
Index 4
Index 4
Index 5
Index 5
Index 5
Index 5
Index 5
Index 6
Index 6
Index 6
Index 6
Index 7
Index 7
Index 63
Index 0
Index 0
Index 0
Index 0
Index 0
Index 1
Index 1
Index 1
Index 1
Index 1
Index 2
Index 2
Index 2
Index 2
Index 2
Index 63
Index 63
Index 0
Index 0
Index 0
Index 0
Index 1
Index 1
Index 1
Index 1
Index 1
Index 2
Index 2
Index 2
Index 2
Index 3
Index 3
Index 3
Index 3
Index 4
Index 4
Index 4
Index 4
Index 4
Index 5
Index 5
Index 5
Index 5
Index 6
Index 6
Index 6
Index 6
Index 7
Index 7
Index 7
Index 7
Index 7
Index 8
Index 8
Index 8
Index 8
Index 0
Index 1
Index 2
Index 3
Index 4
Index 5
Index 6
Index 7
Index 8
Index 9
Index 10
Index 22
Index 23
Index 24
Index 25
Index 26
Index 0
Index 1
Index 2
Index 3
Index 4
Index 5
Index 6
Index 7
Index 8
Index 9
Index 10
Instructions Retired: 1900003 Cycle: 576929 Hearbeat IPC: 3.305239 Cumulative IPC: 3.293305
Cycle: 576929	Best offset: 1	Score: 0	Hit Rate: 0.823801
Index 22
Index 23
Index 24
Index 25
Index 26
Index 0
Index 1
Index 2
Index 3
Index 4
Index 5
Index 6
Index 7
Index 8
Index 9
Index 10
Index 22
Index 23
Index 24
Index 25
Index 26
Index 0
Index 1
Index 2
Index 3
Index 4
Index 5
Index 6
Index 7
Index 8
Index 9
Index 10
Index 22
Index 23
Index 24
Index 25
Index 26
Instructions Retired: 2000000 Cycle: 612981 Hearbeat IPC: 2.773688 Cumulative IPC: 3.262744
Cycle: 612981	Best offset: 1	Score: 0	Hit Rate: 0.828085
Index 63
Index 0
Index 0
Index 0
Index 0
Index 1
Index 1
Index 1
Index 1
Index 2
Index 2
Index 2
Index 2
Index 2
Index 3
Index 3
Index 3
Index 3
Index 4
Index 4
Index 4
Index 4
Index 5
Index 5
Index 5
Index 5
Index 5
Index 6
Index 6
Index 6
Index 6
Index 7
Index 7
Index 7
Index 7
Index 7
Index 8
Index 8
Index 8
Index 8
Index 9
Index 9
Index 63
Index 0
Index 0
Index 0
Index 0
Index 1
Index 1
Index 1
Index 1
Index 2
Index 2
Index 2
Index 2
Index 2
Index 3
Index 3
Index 3
Index 3
Index 4
Index 4
Index 4
Index 4
Index 63
Index 63
Index 63
Index 0
Index 4
Index 4
Index 4
Index 4
Index 4
Index 5
Index 5
Index 5
Index 5
Index 6
Index 6
Index 6
Index 6
Index 6
Index 7
Index 7
Index 7
Index 7
Index 8
Index 8
Index 8
Index 8
Index 9
Index 9
Index 9
Index 9
Index 10
Index 63
Index 0
Index 0
Index 0
Index 0
Index 1
Index 1
Index 1
Index 1
Index 2
Index 2
Index 2
Index 2
Index 2
Index 3
Index 3
Index 3
Index 3
Index 4
Index 4
Index 4
Index 4
Index 4
Index 5
Index 63
Index 63
Index 0
Index 0
Index 0
Index 0
Index 0
Index 1
Index 8
Index 8
Index 8
Index 8
Index 9
Index 9
Index 9
Index 9
Index 9
Index 10
Index 10
Index 10
Index 10
Index 0
Index 0
Index 0
Index 0
Index 1
Index 1
Index 1
Index 1
Index 1
Index 2
Index 2
Index 2
Index 2
Index 3
Index 3
Index 3
Index 3
Index 4
Index 4
Index 4
Index 4
Index 5
Index 5
Index 5
Index 5
Index 5
Index 6
Index 0
Index 1
Index 2
Index 3
Index 4
Index 5
Index 6
Index 7
Index 8
Index 9
Index 10
Index 11
Index 12
Index 13
Index 28
Index 29
Instructions Retired: 2100001 Cycle: 636644 Hearbeat IPC: 4.226049 Cumulative IPC: 3.298548
Cycle: 636644	Best offset: 1	Score: 0	Hit Rate: 0.840168
Index 46
Index 47
Index 48
Index 49
Index 50
Index 51
Index 52
Index 53
Index 54
Index 55
Index 56
Index 57
Index 58
Index 59
Index 0
Index 1
Index 2
Index 3
Index 4
Index 5
Index 6
Index 7
Index 8
Index 9
Index 10
Index 11
Index 12
Index 13
Index 28
Index 29
Index 46
Index 47
Index 48
Index 49
Index 50
Index 51
Index 52
Index 53
Index 54
Index 55
Index 56
Index 57
Index 58
Index 59
Index 0
Index 1
Index 2
Index 3
Index 4
Index 5
Index 6
Index 7
Index 8
Index 9
Index 10
Index 11
Index 12
Index 13
Index 28
Index 29
Index 46
Index 47
Index 48
Index 49
Index 50
Index 51
Index 52
Index 53
Index 54
Instructions Retired: 2200003 Cycle: 672711 Hearbeat IPC: 2.772673 Cumulative IPC: 3.270354
Cycle: 672711	Best offset: 1	Score: 0	Hit Rate: 0.843700
Index 55
Index 56
Index 57
Index 58
Index 59
Index 0
Index 1
Index 2
Index 3
Index 4
Index 5
Index 6
Index 7
Index 8
Index 9
Index 10
Index 11
Index 12
Index 13
Index 28
Index 29
Index 46
Index 47
Index 48
Index 49
Index 50
Index 51
Index 52
Index 53
Index 63
Index 63
Index 63
Index 63
Index 63
Index 63
Index 63
Index 63
Index 63
Index 63
Index 63
Index 63
Index 63
Index 63
Index 63
Index 63
Index 63
Index 63
Index 63
Index 63
Index 63
Index 63
Index 63
Index 63
Index 63
Index 63
Index 63
Index 63
Index 63
Index 63
Index 63
Index 63
Index 63
Index 63
Index 63
Index 63
Index 63
Index 63
Index 63
Index 63
Index 63
Index 63
Index 63
Index 63
Index 63
Index 63
Index 63
Index 63
Index 63
Index 63
Index 63
Index 63
Index 63
Index 63
Index 63
Index 63
Index 63
Index 63
Index 63
Index 63
Index 63
Index 63
Index 63
Index 63
Index 63
Index 63
Index 63
Index 63
Index 63
Index 63
Index 63
Index 63
Index 63
Index 63
Index 63
Index 63
Index 63
Index 63
Index 63
Index 63
Index 63
Index 63
Index 63
Index 63
Index 63
Index 63
Index 63
Index 63
Index 63
Index 63
Index 63
Index 63
Index 63
Index 63
Index 63
Index 63
Index 63
Index 63
Index 63
Index 63
Index 63
Index 63
Index 63
Index 63
Index 63
Index 63
Index 63
Index 63
Index 63
Index 63
Index 63
Index 63
Index 63
Index 63
Index 63
Index 63
Index 63
Index 63
Index 63
Index 63
Index 63
Index 63
Index 63
Index 63
Index 63
Index 63
Index 63
Index 63
Index 63
Index 63
Index 63
Index 63
Index 63
Index 63
Index 63
Index 63
Index 63
Instructions Retired: 2300005 Cycle: 709244 Hearbeat IPC: 2.737306 Cumulative IPC: 3.242897
Cycle: 709244	Best offset: 1	Score: 0	Hit Rate: 0.826899
Index 63
Index 63
Index 63
Index 63
Index 63
Index 63
Index 63
Index 63
Index 63
Index 63
Index 63
Index 63
Index 63
Index 63
Index 63
Index 63
Index 63
Index 63
Index 63
Index 63
Index 63
Index 63
Index 63
Index 63
Index 63
Index 63
Index 63
Index 63
Index 63
Index 63
Index 63
Index 63
Index 63
Index 63
Index 63
Index 63
Index 63
Index 63
Index 63
Index 63
Index 63
Index 63
Index 63
Index 63
Index 63
Index 63
Index 63
Index 63
Index 63
Index 63
Index 63
Index 63
Index 63
Index 63
Index 63
Index 63
Index 63
Index 63
Index 63
Index 63
Index 63
Index 63
Index 63
Index 63
Index 63
Index 63
Index 63
Index 63
Index 63
Index 63
Index 63
Index 63
Index 63
Index 63
Index 63
Index 63
Index 63
Index 63
Index 63
Index 63
Index 63
Index 63
Index 63
Index 63
Index 63
Index 63
Index 63
Index 63
Index 63
Index 63
Index 63
Index 63
Index 63
Index 63
Index 63
Index 63
Index 63
Index 63
Index 63
Index 63
Index 63
Index 63
Index 63
Index 63
Index 63
Index 63
Index 63
Index 63
Index 63
Index 63
Index 63
Index 63
Index 63
Index 63
Index 63
Index 63
Index 63
Index 63
Index 63
Index 63
Index 63
Index 63
Index 63
Index 63
Index 63
Index 63
Index 63
Index 63
Index 63
Index 63
Index 63
Index 63
Index 63
Index 63
Index 63
Index 63
Index 63
Index 63
Index 63
Index 63
Index 63
Index 63
Index 63
Index 63
Index 63
Index 63
Index 63
Index 63
Index 63
Index 63
Index 63
Index 63
Index 63
Index 63
Index 63
Index 63
Index 63
Index 63
Index 63
Index 63
Index 63
Index 63
Index 63
Index 63
Index 63
Index 63
Index 63
Index 63
Index 63
Index 63
Index 63
Index 63
Index 63
Index 63
Index 63
Index 63
Index 63
Index 63
Index 63
Index 63
Index 63
Index 63
Index 63
Index 63
Index 63
Index 63
Index 63
Index 63
Index 63
Index 63
Index 63
Index 63
Index 63
Index 63
Index 63
Index 63
Index 63
Index 63
Index 63
Index 63
Index 63
Index 63
Index 63
Index 63
Index 63
Index 63
Index 63
Index 63
Index 63
Index 63
Index 63
Index 63
Index 63
Index 63
Index 63
Index 63
Index 63
Index 63
Index 63
Index 63
Index 63
Index 63
Index 63
Index 63
Index 63
Index 63
Index 63
Index 63
Index 63
Index 63
Index 63
Index 63
Index 63
Index 63
Instructions Retired: 2400000 Cycle: 746379 Hearbeat IPC: 2.692743 Cumulative IPC: 3.215524
Cycle: 746379	Best offset: 1	Score: 0	Hit Rate: 0.792962
Index 63
Index 63
Index 63
Index 63
Index 63
Index 63
Index 63
Index 63
Index 63
Index 63
Index 63
Index 63
Index 63
Index 63
Index 63
Index 63
Index 63
Index 63
Index 63
Index 63
Index 63
Index 63
Index 63
Index 63
Index 63
Index 63
Index 63
Index 63
Index 63
Index 63
Index 63
Index 63
Index 63
Index 63
Index 63
Index 63
Index 63
Index 63
Index 63
Index 63
Index 63
Index 63
Index 63
Index 63
Index 63
Index 63
Index 63
Index 63
Index 63
Index 63
Index 63
Index 63
Index 63
Index 0
Index 1
Index 2
Index 3
Index 4
Index 5
Index 6
Index 7
Index 8
Index 9
Index 10
Index 11
Index 12
Index 13
Index 14
Index 30
Index 47
Index 48
Index 49
Index 50
Index 51
Index 52
Index 53
Index 54
Index 55
Index 56
Index 57
Index 58
Index 59
Index 60
Index 61
Index 0
Index 1
Index 2
Index 3
Index 4
Index 5
Index 6
Index 7
Index 8
Index 9
Index 10
Index 11
Index 12
Index 13
Index 14
Index 30
Instructions Retired: 2500000 Cycle: 782727 Hearbeat IPC: 2.751183 Cumulative IPC: 3.193962
Cycle: 782727	Best offset: 1	Score: 0	Hit Rate: 0.788277
Index 47
Index 48
Index 49
Index 50
Index 51
Index 52
Index 53
Index 54
Index 55
Index 56
Index 57
Index 58
Index 59
Index 60
Index 61
Index 0
Index 1
Index 2
Index 3
Index 4
Index 5
Index 6
Index 7
Index 8
Index 9
Index 10
Index 11
Index 12
Index 13
Index 14
Index 30
Index 47
Index 48
Index 49
Index 50
Index 51
Index 52
Index 53
Index 54
Index 55
Index 56
Index 57
Index 58
Index 59
Index 60
Index 61
Index 0
Index 1
Index 2
Index 3
Index 4
Index 5
Index 6
Index 7
Index 8
Index 9
Index 10
Index 11
Index 12
Index 13
Index 14
Index 30
Index 47
Index 48
Index 49
Index 50
Index 51
Index 52
Index 53
Index 54
Instructions Retired: 2600005 Cycle: 818782 Hearbeat IPC: 2.773679 Cumulative IPC: 3.175455
Cycle: 818782	Best offset: 1	Score: 0	Hit Rate: 0.792245
Index 63
Index 0
Index 0
Index 0
Index 0
Index 1
Index 1
Index 1
Index 1
Index 2
Index 2
Index 2
Index 2
Index 2
Index 3
Index 3
Index 3
Index 3
Index 4
Index 4
Index 4
Index 4
Index 5
Index 5
Index 5
Index 5
Index 6
Index 6
Index 6
Index 6
Index 63
Index 63
Index 0
Index 0
Index 0
Index 0
Index 1
Index 1
Index 1
Index 1
Index 2
Index 2
Index 2
Index 63
Index 63
Index 0
Index 0
Index 0
Index 0
Index 1
Index 1
Index 1
Index 1
Index 2
Index 2
Index 2
Index 2
Index 2
Index 3
Index 3
Index 3
Index 3
Index 4
Index 4
Index 4
Index 4
Index 5
Index 5
Index 5
Index 5
Index 6
Index 6
Index 6
Index 6
Index 7
Index 7
Index 7
Index 7
Index 8
Index 8
Index 63
Index 63
Index 63
Index 0
Index 0
Index 0
Index 0
Index 1
Index 1
Index 1
Index 1
Index 2
Index 2
Index 2
Index 2
Index 2
Index 63
Index 63
Index 63
Index 63
Index 0
Index 0
Index 0
Index 0
Index 1
Index 9
Index 9
Index 9
Index 9
Index 10
Index 10
Index 10
Index 10
Index 11
Index 11
Index 11
Index 0
Index 0
Index 0
Index 0
Index 0
Index 0
Index 1
Index 1
Index 1
Index 1
Index 2
Index 2
Index 2
Index 2
Index 2
Index 3
Index 3
Index 3
Index 3
Index 3
Index 4
Index 4
Index 4
Index 4
Index 5
Index 5
Index 5
Index 5
Index 5
Index 5
Index 63
Index 63
Index 0
Index 0
Index 0
Index 0
Index 0
Index 0
Index 0
Index 0
Index 0
Index 0
Index 0
Index 1
Index 1
Index 1
Index 1
Index 1
Index 1
Index 1
Index 1
Index 1
Index 1
Index 1
Index 51
Index 61
Index 0
Index 1
Index 2
Index 3
Index 4
Index 5
Index 6
Index 7
Index 8
Index 9
Index 10
Index 11
Index 12
Index 13
Instructions Retired: 2700000 Cycle: 842385 Hearbeat IPC: 4.236538 Cumulative IPC: 3.205185
Cycle: 842385	Best offset: 1	Score: 0	Hit Rate: 0.804666
Index 28
Index 29
Index 62
Index 0
Index 1
Index 2
Index 3
Index 4
Index 5
Index 6
Index 7
Index 8
Index 9
Index 10
Index 11
Index 12
Index 13
Index 28
Index 29
Index 62
Index 0
Index 1
Index 2
Index 3
Index 4
Index 5
Index 6
Index 7
Index 8
Index 9
Index 10
Index 11
Index 12
Index 13
Index 28
Index 29
Instructions Retired: 2800003 Cycle: 878403 Hearbeat IPC: 2.776473 Cumulative IPC: 3.187606
Cycle: 878403	Best offset: 1	Score: 0	Hit Rate: 0.808193
Index 62
Index 0
Index 1
Index 2
Index 3
Index 4
Index 5
Index 6
Index 7
Index 8
Index 9
Index 10
Index 11
Index 12
Index 13
Index 63
Index 0
Index 0
Index 1
Index 1
Index 1
Index 2
Index 2
Index 3
Index 3
Index 16
Index 16
Index 16
Index 0
Index 0
Index 1
Index 1
Index 1
Index 2
Index 2
Index 3
Index 3
Index 4
Index 4
Index 5
Index 5
Index 5
Index 6
Index 6
Index 6
Index 20
Index 20
Index 20
Index 21
Index 21
Index 21
Index 22
Index 22
Index 22
Index 23
Index 23
Index 23
Index 24
Index 24
Index 63
Index 0
Index 0
Index 1
Index 1
Index 2
Index 2
Index 3
Index 3
Index 4
Index 4
Index 5
Index 5
Index 6
Index 6
Index 6
Index 7
Index 7
Index 8
Index 8
Index 8
Instructions Retired: 2900000 Cycle: 903882 Hearbeat IPC: 3.924683 Cumulative IPC: 3.208383
Cycle: 903882	Best offset: 1	Score: 0	Hit Rate: 0.813844
Index 63
Index 63
Index 0
Index 0
Index 1
Index 1
Index 1
Index 2
Index 2
Index 3
Index 3
Index 4
Index 4
Index 5
Index 5
Index 6
Index 6
Index 6
Index 7
Index 7
Index 8
Index 8
Index 9
Index 9
Index 9
Index 10
Index 10
Index 10
Index 11
Index 11
Index 11
Index 63
Index 63
Index 0
Index 0
Index 0
Index 5
Index 5
Index 6
Index 6
Index 7
Index 7
Index 8
Index 8
Index 9
Index 9
Index 10
Index 10
Index 11
Index 11
Index 11
Index 12
Index 12
Index 13
Index 13
Index 13
Index 14
Index 14
Index 63
Index 63
Index 63
Index 0
Index 0
Index 0
Index 0
Index 0
Index 0
Index 1
Index 1
Index 1
Index 1
Index 2
Index 2
Index 2
Index 2
Index 3
Index 3
Index 3
Index 3
Index 4
Index 4
Index 4
Index 4
Index 4
Index 5
Index 5
Index 5
Index 5
Index 6
Index 6
Index 6
Index 6
Index 7
Index 7
Index 7
Index 7
Index 8
Index 8
Index 8
Index 8
Index 8
Index 63
Index 0
Index 0
Index 0
Index 0
Index 0
Index 0
Index 1
Index 1
Index 1
Index 1
Index 1
Index 1
Index 1
Index 2
Index 2
Index 2
Index 2
Index 2
Index 3
Index 3
Index 3
Index 3
Index 63
Index 0
Index 0
Index 0
Index 0
Index 0
Index 6
Index 6
Index 6
Index 6
Index 6
Index 7
Index 7
Index 7
Index 7
Index 8
Index 8
Index 8
Index 8
Index 8
Index 9
Index 9
Index 9
Index 9
Index 10
Index 0
Index 0
Index 0
Index 0
Index 1
Index 1
Index 1
Index 1
Index 2
Index 2
Index 2
Index 2
Index 2
Index 3
Index 3
Index 3
Index 3
Index 3
Index 3
Index 3
Index 4
Index 4
Index 4
Index 4
Index 4
Index 5
Index 5
Index 5
Index 0
Index 0
Index 0
Index 0
Index 0
Index 1
Index 1
Index 1
Index 1
Index 1
Index 1
Index 10
Index 10
Index 10
Index 10
Index 11
Index 11
Index 11
Instructions Retired: 3000000 Cycle: 921155 Hearbeat IPC: 5.789382 Cumulative IPC: 3.256781
Cycle: 921155	Best offset: 1	Score: 0	Hit Rate: 0.823795
Index 63
Index 63
Index 63
Index 0
Index 0
Index 0
Index 0
Index 1
Index 1
Index 1
Index 1
Index 1
Index 2
Index 2
Index 2
Index 2
Index 3
Index 3
Index 3
Index 3
Index 3
Index 4
Index 4
Index 4
Index 4
Index 4
Index 4
Index 4
Index 5
Index 5
Index 5
Index 5
Index 5
Index 6
Index 6
Index 6
Index 6
Index 6
Index 63
Index 0
Index 0
Index 0
Index 0
Index 1
Index 1
Index 1
Index 1
Index 1
Index 2
Index 2
Index 2
Index 2
Index 2
Index 2
Index 2
Index 3
Index 3
Index 63
Index 0
Index 0
Index 0
Index 0
Index 0
Index 1
Index 1
Index 1
Index 1
Index 1
Index 2
Index 2
Index 2
Index 2
Index 3
Index 3
Index 3
Index 3
Index 3
Index 4
Index 4
Index 4
Index 4
Index 4
Index 5
Index 5
Index 0
Index 0
Index 0
Index 0
Index 9
Index 9
Index 9
Index 9
Index 9
Index 10
Index 10
Index 63
Index 63
Index 63
Index 63
Index 0
Index 0
Index 0
Index 0
Index 0
Index 1
Index 1
Index 1
Index 1
Index 2
Index 2
Index 2
Index 2
Index 2
Index 3
Index 3
Index 3
Index 3
Index 4
Index 4
Index 4
Index 4
Index 5
Index 5
Index 5
Index 5
Index 5
Index 6
Index 6
Index 6
Index 6
Index 0
Index 0
Index 0
Index 0
Index 1
Index 1
Index 1
Index 1
Index 1
Index 2
Index 2
Index 2
Index 2
Index 11
Index 11
Index 11
Index 11
Index 12
Index 63
Index 63
Index 63
Index 0
Index 0
Index 0
Index 0
Index 0
Index 1
Index 1
Index 1
Index 1
Index 2
Index 2
Index 2
Index 2
Index 2
Index 3
Index 3
Index 3
Index 3
Index 3
Index 4
Index 4
Index 4
Index 4
Index 4
Index 5
Index 5
Index 5
Index 5
Index 5
Index 6
Index 6
Index 6
Index 6
Index 7
Index 7
Index 7
Index 7
Index 7
Index 63
Index 63
Index 0
Index 0
Index 0
Index 0
Index 1
Index 1
Index 1
Index 1
Index 1
Index 2
Index 2
Index 2
Index 2
Index 2
Index 3
Index 3
Index 3
Index 3
Index 3
Index 4
Index 4
Index 0
Index 1
Index 2
Index 3
Index 4
Index 5
Index 6
Index 7
Index 8
Index 9

Simulation complete. Instructions retired: 3099757 Cycles elapsed: 941173 IPC: 3.293504

Prefetcher final stats
