
*** Data Prefetching Championship 2 Simulator ***

Warmup Instructions: 0
Simulation Instructions: 100000000
Scramble loads ON
Using 1MB Last Level Cache
Using 12.8 GB/s DRAM bandwidth
Streaming Prefetcher
Knobs visible from prefetcher: 1 0 0

Warmup complete. Instructions retired: 2 Cycles elapsed: 2 IPC: 1.000000
Prefetcher warmup complete stats

Instructions Retired: 100000 Cycle: 46891 Hearbeat IPC: 2.132605 Cumulative IPC: 2.132605
Prefetcher heartbeat stats
Instructions Retired: 200000 Cycle: 86926 Hearbeat IPC: 2.497814 Cumulative IPC: 2.300807
Prefetcher heartbeat stats
Instructions Retired: 300001 Cycle: 122977 Hearbeat IPC: 2.773876 Cumulative IPC: 2.439489
Prefetcher heartbeat stats
Instructions Retired: 400004 Cycle: 147167 Hearbeat IPC: 4.134064 Cumulative IPC: 2.718028
Prefetcher heartbeat stats
Instructions Retired: 500001 Cycle: 164864 Hearbeat IPC: 5.650506 Cumulative IPC: 3.032809
Prefetcher heartbeat stats
Instructions Retired: 600000 Cycle: 186673 Hearbeat IPC: 4.585217 Cumulative IPC: 3.214177
Prefetcher heartbeat stats
Instructions Retired: 700003 Cycle: 222706 Hearbeat IPC: 2.775317 Cumulative IPC: 3.143171
Prefetcher heartbeat stats
Instructions Retired: 800003 Cycle: 249998 Hearbeat IPC: 3.664077 Cumulative IPC: 3.200038
Prefetcher heartbeat stats
Instructions Retired: 900000 Cycle: 282581 Hearbeat IPC: 3.068993 Cumulative IPC: 3.184927
Prefetcher heartbeat stats
Instructions Retired: 1000000 Cycle: 319097 Hearbeat IPC: 2.738526 Cumulative IPC: 3.133843
Prefetcher heartbeat stats
Instructions Retired: 1100000 Cycle: 362953 Hearbeat IPC: 2.280190 Cumulative IPC: 3.030695
Prefetcher heartbeat stats
Instructions Retired: 1200001 Cycle: 404528 Hearbeat IPC: 2.405316 Cumulative IPC: 2.966423
Prefetcher heartbeat stats
Instructions Retired: 1300000 Cycle: 440582 Hearbeat IPC: 2.773590 Cumulative IPC: 2.950643
Prefetcher heartbeat stats
Instructions Retired: 1400003 Cycle: 466839 Hearbeat IPC: 3.808622 Cumulative IPC: 2.998899
Prefetcher heartbeat stats
Instructions Retired: 1500001 Cycle: 500469 Hearbeat IPC: 2.973476 Cumulative IPC: 2.997191
Prefetcher heartbeat stats
Instructions Retired: 1600004 Cycle: 534524 Hearbeat IPC: 2.936514 Cumulative IPC: 2.993325
Prefetcher heartbeat stats
Instructions Retired: 1700003 Cycle: 552465 Hearbeat IPC: 5.573770 Cumulative IPC: 3.077123
Prefetcher heartbeat stats
Instructions Retired: 1800003 Cycle: 569887 Hearbeat IPC: 5.739869 Cumulative IPC: 3.158526
Prefetcher heartbeat stats
Instructions Retired: 1900003 Cycle: 600141 Hearbeat IPC: 3.305348 Cumulative IPC: 3.165928
Prefetcher heartbeat stats
Instructions Retired: 2000000 Cycle: 636193 Hearbeat IPC: 2.773688 Cumulative IPC: 3.143700
Prefetcher heartbeat stats
Instructions Retired: 2100001 Cycle: 659984 Hearbeat IPC: 4.203312 Cumulative IPC: 3.181897
Prefetcher heartbeat stats
Instructions Retired: 2200003 Cycle: 696051 Hearbeat IPC: 2.772673 Cumulative IPC: 3.160692
Prefetcher heartbeat stats
Instructions Retired: 2300005 Cycle: 736067 Hearbeat IPC: 2.499050 Cumulative IPC: 3.124722
Prefetcher heartbeat stats
Instructions Retired: 2400000 Cycle: 779891 Hearbeat IPC: 2.281741 Cumulative IPC: 3.077353
Prefetcher heartbeat stats
Instructions Retired: 2500000 Cycle: 817903 Hearbeat IPC: 2.630748 Cumulative IPC: 3.056597
Prefetcher heartbeat stats
Instructions Retired: 2600005 Cycle: 853958 Hearbeat IPC: 2.773679 Cumulative IPC: 3.044652
Prefetcher heartbeat stats
Instructions Retired: 2700000 Cycle: 877768 Hearbeat IPC: 4.199706 Cumulative IPC: 3.075984
Prefetcher heartbeat stats
Instructions Retired: 2800003 Cycle: 913786 Hearbeat IPC: 2.776473 Cumulative IPC: 3.064178
Prefetcher heartbeat stats
Instructions Retired: 2900000 Cycle: 939498 Hearbeat IPC: 3.889118 Cumulative IPC: 3.086755
Prefetcher heartbeat stats
Instructions Retired: 3000003 Cycle: 957088 Hearbeat IPC: 5.685219 Cumulative IPC: 3.134511
Prefetcher heartbeat stats

Simulation complete. Instructions retired: 3099755 Cycles elapsed: 977167 IPC: 3.172186

Prefetcher final stats
