
*** Data Prefetching Championship 2 Simulator ***

Warmup Instructions: 10000000
Simulation Instructions: 100000000
Scramble loads OFF
Using 1MB Last Level Cache
Using 3.2 GB/s DRAM bandwidth
No Prefetching
Knobs visible from prefetcher: 0 0 1
Instructions Retired: 100001 Cycle: 202922 Hearbeat IPC: 0.492805 Cumulative IPC: 0.492805
Prefetcher heartbeat stats
Instructions Retired: 200004 Cycle: 407454 Hearbeat IPC: 0.488936 Cumulative IPC: 0.490863
Prefetcher heartbeat stats
Instructions Retired: 300002 Cycle: 1723706 Hearbeat IPC: 0.075972 Cumulative IPC: 0.174045
Prefetcher heartbeat stats
Instructions Retired: 400000 Cycle: 3198635 Hearbeat IPC: 0.067799 Cumulative IPC: 0.125053
Prefetcher heartbeat stats
Instructions Retired: 500000 Cycle: 4656235 Hearbeat IPC: 0.068606 Cumulative IPC: 0.107383
Prefetcher heartbeat stats
Instructions Retired: 600003 Cycle: 6106543 Hearbeat IPC: 0.068953 Cumulative IPC: 0.098256
Prefetcher heartbeat stats
Instructions Retired: 700000 Cycle: 7551375 Hearbeat IPC: 0.069210 Cumulative IPC: 0.092698
Prefetcher heartbeat stats
Instructions Retired: 800003 Cycle: 9031821 Hearbeat IPC: 0.067549 Cumulative IPC: 0.088576
Prefetcher heartbeat stats
Instructions Retired: 900000 Cycle: 10477472 Hearbeat IPC: 0.069171 Cumulative IPC: 0.085899
Prefetcher heartbeat stats
Instructions Retired: 1000000 Cycle: 10708526 Hearbeat IPC: 0.432799 Cumulative IPC: 0.093384
Prefetcher heartbeat stats
Instructions Retired: 1100005 Cycle: 10989273 Hearbeat IPC: 0.356210 Cumulative IPC: 0.100098
Prefetcher heartbeat stats
Instructions Retired: 1200004 Cycle: 11272364 Hearbeat IPC: 0.353240 Cumulative IPC: 0.106455
Prefetcher heartbeat stats
Instructions Retired: 1300003 Cycle: 11557779 Hearbeat IPC: 0.350363 Cumulative IPC: 0.112479
Prefetcher heartbeat stats
Instructions Retired: 1400002 Cycle: 11845442 Hearbeat IPC: 0.347626 Cumulative IPC: 0.118189
Prefetcher heartbeat stats
Instructions Retired: 1500004 Cycle: 12135814 Hearbeat IPC: 0.344393 Cumulative IPC: 0.123601
Prefetcher heartbeat stats
Instructions Retired: 1600004 Cycle: 12433100 Hearbeat IPC: 0.336376 Cumulative IPC: 0.128689
Prefetcher heartbeat stats
Instructions Retired: 1700005 Cycle: 12715165 Hearbeat IPC: 0.354532 Cumulative IPC: 0.133699
Prefetcher heartbeat stats
Instructions Retired: 1800004 Cycle: 12999976 Hearbeat IPC: 0.351107 Cumulative IPC: 0.138462
Prefetcher heartbeat stats
Instructions Retired: 1900000 Cycle: 13288966 Hearbeat IPC: 0.346019 Cumulative IPC: 0.142976
Prefetcher heartbeat stats
Instructions Retired: 2000004 Cycle: 13568988 Hearbeat IPC: 0.357129 Cumulative IPC: 0.147395
Prefetcher heartbeat stats
Instructions Retired: 2100000 Cycle: 13858821 Hearbeat IPC: 0.345012 Cumulative IPC: 0.151528
Prefetcher heartbeat stats
Instructions Retired: 2200002 Cycle: 14141743 Hearbeat IPC: 0.353461 Cumulative IPC: 0.155568
Prefetcher heartbeat stats
Instructions Retired: 2300003 Cycle: 14423955 Hearbeat IPC: 0.354347 Cumulative IPC: 0.159457
Prefetcher heartbeat stats
Instructions Retired: 2400002 Cycle: 14704237 Hearbeat IPC: 0.356780 Cumulative IPC: 0.163218
Prefetcher heartbeat stats
Instructions Retired: 2500000 Cycle: 14988478 Hearbeat IPC: 0.351807 Cumulative IPC: 0.166795
Prefetcher heartbeat stats
Instructions Retired: 2600003 Cycle: 15277234 Hearbeat IPC: 0.346324 Cumulative IPC: 0.170188
Prefetcher heartbeat stats
Instructions Retired: 2700004 Cycle: 15559855 Hearbeat IPC: 0.353834 Cumulative IPC: 0.173524
Prefetcher heartbeat stats
Instructions Retired: 2800000 Cycle: 15845899 Hearbeat IPC: 0.349583 Cumulative IPC: 0.176702
Prefetcher heartbeat stats
Instructions Retired: 2900001 Cycle: 16134642 Hearbeat IPC: 0.346332 Cumulative IPC: 0.179738
Prefetcher heartbeat stats
Instructions Retired: 3000003 Cycle: 16416974 Hearbeat IPC: 0.354200 Cumulative IPC: 0.182738
Prefetcher heartbeat stats

Simulation complete. Instructions retired: 3099757 Cycles elapsed: 16695240 IPC: 0.185667

Prefetcher final stats
