
*** Data Prefetching Championship 2 Simulator ***

Warmup Instructions: 10000000
Simulation Instructions: 100000000
Scramble loads OFF
Using 1MB Last Level Cache
Using 3.2 GB/s DRAM bandwidth
Streaming Prefetcher
Knobs visible from prefetcher: 0 0 1
Instructions Retired: 100001 Cycle: 221970 Hearbeat IPC: 0.450516 Cumulative IPC: 0.450516
Prefetcher heartbeat stats
Instructions Retired: 200004 Cycle: 448469 Hearbeat IPC: 0.441516 Cumulative IPC: 0.445971
Prefetcher heartbeat stats
Instructions Retired: 300002 Cycle: 2573979 Hearbeat IPC: 0.047047 Cumulative IPC: 0.116552
Prefetcher heartbeat stats
Instructions Retired: 400000 Cycle: 4783984 Hearbeat IPC: 0.045248 Cumulative IPC: 0.083612
Prefetcher heartbeat stats
Instructions Retired: 500000 Cycle: 6872659 Hearbeat IPC: 0.047877 Cumulative IPC: 0.072752
Prefetcher heartbeat stats
Instructions Retired: 600003 Cycle: 8837337 Hearbeat IPC: 0.050900 Cumulative IPC: 0.067894
Prefetcher heartbeat stats
Instructions Retired: 700000 Cycle: 10818059 Hearbeat IPC: 0.050485 Cumulative IPC: 0.064707
Prefetcher heartbeat stats
Instructions Retired: 800003 Cycle: 12778917 Hearbeat IPC: 0.051000 Cumulative IPC: 0.062603
Prefetcher heartbeat stats
Instructions Retired: 900000 Cycle: 14734128 Hearbeat IPC: 0.051144 Cumulative IPC: 0.061083
Prefetcher heartbeat stats
Instructions Retired: 1000000 Cycle: 14961064 Hearbeat IPC: 0.440653 Cumulative IPC: 0.066840
Prefetcher heartbeat stats
Instructions Retired: 1100005 Cycle: 15240077 Hearbeat IPC: 0.358424 Cumulative IPC: 0.072178
Prefetcher heartbeat stats
Instructions Retired: 1200004 Cycle: 15520832 Hearbeat IPC: 0.356179 Cumulative IPC: 0.077316
Prefetcher heartbeat stats
Instructions Retired: 1300003 Cycle: 15801079 Hearbeat IPC: 0.356825 Cumulative IPC: 0.082273
Prefetcher heartbeat stats
Instructions Retired: 1400002 Cycle: 16093166 Hearbeat IPC: 0.342360 Cumulative IPC: 0.086994
Prefetcher heartbeat stats
Instructions Retired: 1500004 Cycle: 16388363 Hearbeat IPC: 0.338764 Cumulative IPC: 0.091529
Prefetcher heartbeat stats
Instructions Retired: 1600004 Cycle: 16682568 Hearbeat IPC: 0.339899 Cumulative IPC: 0.095909
Prefetcher heartbeat stats
Instructions Retired: 1700005 Cycle: 16967997 Hearbeat IPC: 0.350353 Cumulative IPC: 0.100189
Prefetcher heartbeat stats
Instructions Retired: 1800004 Cycle: 17253441 Hearbeat IPC: 0.350328 Cumulative IPC: 0.104327
Prefetcher heartbeat stats
Instructions Retired: 1900000 Cycle: 17532228 Hearbeat IPC: 0.358682 Cumulative IPC: 0.108372
Prefetcher heartbeat stats
Instructions Retired: 2000005 Cycle: 17807145 Hearbeat IPC: 0.363764 Cumulative IPC: 0.112315
Prefetcher heartbeat stats
Instructions Retired: 2100000 Cycle: 18090841 Hearbeat IPC: 0.352472 Cumulative IPC: 0.116081
Prefetcher heartbeat stats
Instructions Retired: 2200002 Cycle: 18377512 Hearbeat IPC: 0.348839 Cumulative IPC: 0.119712
Prefetcher heartbeat stats
Instructions Retired: 2300003 Cycle: 18663675 Hearbeat IPC: 0.349455 Cumulative IPC: 0.123234
Prefetcher heartbeat stats
Instructions Retired: 2400002 Cycle: 18944902 Hearbeat IPC: 0.355581 Cumulative IPC: 0.126683
Prefetcher heartbeat stats
Instructions Retired: 2500000 Cycle: 19226809 Hearbeat IPC: 0.354720 Cumulative IPC: 0.130027
Prefetcher heartbeat stats
Instructions Retired: 2600003 Cycle: 19512119 Hearbeat IPC: 0.350506 Cumulative IPC: 0.133251
Prefetcher heartbeat stats
Instructions Retired: 2700004 Cycle: 19791525 Hearbeat IPC: 0.357906 Cumulative IPC: 0.136422
Prefetcher heartbeat stats
Instructions Retired: 2800001 Cycle: 20076254 Hearbeat IPC: 0.351201 Cumulative IPC: 0.139468
Prefetcher heartbeat stats
Instructions Retired: 2900001 Cycle: 20354236 Hearbeat IPC: 0.359736 Cumulative IPC: 0.142477
Prefetcher heartbeat stats
Instructions Retired: 3000003 Cycle: 20632193 Hearbeat IPC: 0.359775 Cumulative IPC: 0.145404
Prefetcher heartbeat stats

Simulation complete. Instructions retired: 3099757 Cycles elapsed: 20909531 IPC: 0.148246

Prefetcher final stats
