
*** Data Prefetching Championship 2 Simulator ***

Warmup Instructions: 10000000
Simulation Instructions: 100000000
Scramble loads ON
Using 1MB Last Level Cache
Using 12.8 GB/s DRAM bandwidth
No Prefetching
Knobs visible from prefetcher: 1 0 0
Instructions Retired: 100001 Cycle: 52427 Hearbeat IPC: 1.907433 Cumulative IPC: 1.907433
Prefetcher heartbeat stats
Instructions Retired: 200000 Cycle: 88661 Hearbeat IPC: 2.759811 Cumulative IPC: 2.255783
Prefetcher heartbeat stats
Instructions Retired: 300003 Cycle: 122588 Hearbeat IPC: 2.947593 Cumulative IPC: 2.447246
Prefetcher heartbeat stats
Instructions Retired: 400002 Cycle: 154763 Hearbeat IPC: 3.107972 Cumulative IPC: 2.584610
Prefetcher heartbeat stats
Instructions Retired: 500000 Cycle: 311236 Hearbeat IPC: 0.639075 Cumulative IPC: 1.606498
Prefetcher heartbeat stats
Instructions Retired: 600001 Cycle: 423229 Hearbeat IPC: 0.892922 Cumulative IPC: 1.417675
Prefetcher heartbeat stats
Instructions Retired: 700001 Cycle: 462626 Hearbeat IPC: 2.538264 Cumulative IPC: 1.513103
Prefetcher heartbeat stats
Instructions Retired: 800000 Cycle: 497005 Hearbeat IPC: 2.908723 Cumulative IPC: 1.609642
Prefetcher heartbeat stats
Instructions Retired: 900001 Cycle: 532145 Hearbeat IPC: 2.845788 Cumulative IPC: 1.691270
Prefetcher heartbeat stats
Instructions Retired: 1000002 Cycle: 564265 Hearbeat IPC: 3.113356 Cumulative IPC: 1.772220
Prefetcher heartbeat stats
Instructions Retired: 1100000 Cycle: 596209 Hearbeat IPC: 3.130416 Cumulative IPC: 1.844991
Prefetcher heartbeat stats
Instructions Retired: 1200000 Cycle: 644048 Hearbeat IPC: 2.090345 Cumulative IPC: 1.863215
Prefetcher heartbeat stats
Instructions Retired: 1300001 Cycle: 695597 Hearbeat IPC: 1.939921 Cumulative IPC: 1.868900
Prefetcher heartbeat stats
Instructions Retired: 1400000 Cycle: 729689 Hearbeat IPC: 2.933210 Cumulative IPC: 1.918626
Prefetcher heartbeat stats
Instructions Retired: 1500001 Cycle: 763288 Hearbeat IPC: 2.976309 Cumulative IPC: 1.965183
Prefetcher heartbeat stats
Instructions Retired: 1600000 Cycle: 799310 Hearbeat IPC: 2.776053 Cumulative IPC: 2.001726
Prefetcher heartbeat stats
Instructions Retired: 1700000 Cycle: 831307 Hearbeat IPC: 3.125293 Cumulative IPC: 2.044973
Prefetcher heartbeat stats
Instructions Retired: 1800000 Cycle: 863363 Hearbeat IPC: 3.119541 Cumulative IPC: 2.084870
Prefetcher heartbeat stats
Instructions Retired: 1900001 Cycle: 902120 Hearbeat IPC: 2.580205 Cumulative IPC: 2.106151
Prefetcher heartbeat stats
Instructions Retired: 2000004 Cycle: 950846 Hearbeat IPC: 2.052354 Cumulative IPC: 2.103394
Prefetcher heartbeat stats
Instructions Retired: 2100001 Cycle: 984185 Hearbeat IPC: 2.999400 Cumulative IPC: 2.133746
Prefetcher heartbeat stats
Instructions Retired: 2200000 Cycle: 1018171 Hearbeat IPC: 2.942359 Cumulative IPC: 2.160737
Prefetcher heartbeat stats
Instructions Retired: 2300001 Cycle: 1053846 Hearbeat IPC: 2.803111 Cumulative IPC: 2.182483
Prefetcher heartbeat stats
Instructions Retired: 2400001 Cycle: 1085939 Hearbeat IPC: 3.115944 Cumulative IPC: 2.210070
Prefetcher heartbeat stats
Instructions Retired: 2500000 Cycle: 1117900 Hearbeat IPC: 3.128782 Cumulative IPC: 2.236336
Prefetcher heartbeat stats
Instructions Retired: 2600000 Cycle: 1153785 Hearbeat IPC: 2.786680 Cumulative IPC: 2.253453
Prefetcher heartbeat stats
Instructions Retired: 2700003 Cycle: 1242930 Hearbeat IPC: 1.121802 Cumulative IPC: 2.172289
Prefetcher heartbeat stats
Instructions Retired: 2800002 Cycle: 1275126 Hearbeat IPC: 3.105945 Cumulative IPC: 2.195863
Prefetcher heartbeat stats
Instructions Retired: 2900002 Cycle: 1310904 Hearbeat IPC: 2.795014 Cumulative IPC: 2.212215
Prefetcher heartbeat stats
Instructions Retired: 3000000 Cycle: 1347387 Hearbeat IPC: 2.740948 Cumulative IPC: 2.226532
Prefetcher heartbeat stats

Simulation complete. Instructions retired: 3099755 Cycles elapsed: 1379510 IPC: 2.246997

Prefetcher final stats
