
*** Data Prefetching Championship 2 Simulator ***

Warmup Instructions: 10000000
Simulation Instructions: 100000000
Scramble loads OFF
Using 1MB Last Level Cache
Using 12.8 GB/s DRAM bandwidth
Knobs visible from prefetcher: 0 0 0
Resetting history queue.
Resetting offset table
Setting initial offset to 1
Tag offset: 6
Offset switch to: 9	With score: 1
Offset switch to: 21	With score: 1
Offset switch to: 22	With score: 2
Instructions Retired: 100001 Cycle: 68719 Hearbeat IPC: 1.455216 Cumulative IPC: 1.455216
Cycle: 68719	Best offset: 22	Score: 236
Instructions Retired: 200001 Cycle: 122454 Hearbeat IPC: 1.860984 Cumulative IPC: 1.633275
Cycle: 122454	Best offset: 22	Score: 210
Instructions Retired: 300004 Cycle: 180872 Hearbeat IPC: 1.711853 Cumulative IPC: 1.658654
Cycle: 180872	Best offset: 22	Score: 184
Instructions Retired: 400003 Cycle: 235980 Hearbeat IPC: 1.814600 Cumulative IPC: 1.695072
Cycle: 235980	Best offset: 22	Score: 158
Instructions Retired: 500005 Cycle: 292473 Hearbeat IPC: 1.770166 Cumulative IPC: 1.709577
Cycle: 292473	Best offset: 22	Score: 132
Instructions Retired: 600003 Cycle: 347095 Hearbeat IPC: 1.830728 Cumulative IPC: 1.728642
Cycle: 347095	Best offset: 22	Score: 106
Instructions Retired: 700005 Cycle: 409776 Hearbeat IPC: 1.595412 Cumulative IPC: 1.708263
Cycle: 409776	Best offset: 22	Score: 79
Instructions Retired: 800005 Cycle: 483767 Hearbeat IPC: 1.351516 Cumulative IPC: 1.653699
Cycle: 483767	Best offset: 22	Score: 53
Instructions Retired: 900004 Cycle: 540078 Hearbeat IPC: 1.775834 Cumulative IPC: 1.666433
Cycle: 540078	Best offset: 22	Score: 26
Instructions Retired: 1000000 Cycle: 594784 Hearbeat IPC: 1.827880 Cumulative IPC: 1.681283
Cycle: 594784	Best offset: 22	Score: 0
Instructions Retired: 1100005 Cycle: 662883 Hearbeat IPC: 1.468524 Cumulative IPC: 1.659426
Cycle: 662883	Best offset: 22	Score: 230
Instructions Retired: 1200005 Cycle: 742013 Hearbeat IPC: 1.263743 Cumulative IPC: 1.617229
Cycle: 742013	Best offset: 22	Score: 204
Instructions Retired: 1300004 Cycle: 812638 Hearbeat IPC: 1.415915 Cumulative IPC: 1.599733
Cycle: 812638	Best offset: 22	Score: 179
Instructions Retired: 1400002 Cycle: 894278 Hearbeat IPC: 1.224865 Cumulative IPC: 1.565511
Cycle: 894278	Best offset: 22	Score: 153
Instructions Retired: 1500005 Cycle: 980116 Hearbeat IPC: 1.165020 Cumulative IPC: 1.530436
Cycle: 980116	Best offset: 22	Score: 128
Instructions Retired: 1600003 Cycle: 1053505 Hearbeat IPC: 1.362575 Cumulative IPC: 1.518743
Cycle: 1053505	Best offset: 22	Score: 102
Instructions Retired: 1700001 Cycle: 1126713 Hearbeat IPC: 1.365944 Cumulative IPC: 1.508815
Cycle: 1126713	Best offset: 22	Score: 76
Instructions Retired: 1800002 Cycle: 1205973 Hearbeat IPC: 1.261683 Cumulative IPC: 1.492572
Cycle: 1205973	Best offset: 22	Score: 49
Instructions Retired: 1900002 Cycle: 1288420 Hearbeat IPC: 1.212900 Cumulative IPC: 1.474676
Cycle: 1288420	Best offset: 22	Score: 24
Instructions Retired: 2000005 Cycle: 1358888 Hearbeat IPC: 1.419126 Cumulative IPC: 1.471795
Cycle: 1358888	Best offset: 22	Score: 254
Instructions Retired: 2100004 Cycle: 1444088 Hearbeat IPC: 1.173697 Cumulative IPC: 1.454208
Cycle: 1444088	Best offset: 22	Score: 228
Instructions Retired: 2200003 Cycle: 1522073 Hearbeat IPC: 1.282285 Cumulative IPC: 1.445399
Cycle: 1522073	Best offset: 22	Score: 202
Instructions Retired: 2300001 Cycle: 1602349 Hearbeat IPC: 1.245677 Cumulative IPC: 1.435393
Cycle: 1602349	Best offset: 22	Score: 176
Instructions Retired: 2400002 Cycle: 1681599 Hearbeat IPC: 1.261842 Cumulative IPC: 1.427214
Cycle: 1681599	Best offset: 22	Score: 151
Instructions Retired: 2500000 Cycle: 1763157 Hearbeat IPC: 1.226097 Cumulative IPC: 1.417911
Cycle: 1763157	Best offset: 22	Score: 125
Instructions Retired: 2600002 Cycle: 1840987 Hearbeat IPC: 1.284877 Cumulative IPC: 1.412287
Cycle: 1840987	Best offset: 22	Score: 100
Instructions Retired: 2700000 Cycle: 1924921 Hearbeat IPC: 1.191388 Cumulative IPC: 1.402655
Cycle: 1924921	Best offset: 22	Score: 74
Instructions Retired: 2800000 Cycle: 2008239 Hearbeat IPC: 1.200221 Cumulative IPC: 1.394256
Cycle: 2008239	Best offset: 22	Score: 48
Instructions Retired: 2900001 Cycle: 2075183 Hearbeat IPC: 1.493801 Cumulative IPC: 1.397468
Cycle: 2075183	Best offset: 22	Score: 22
Instructions Retired: 3000001 Cycle: 2157829 Hearbeat IPC: 1.209980 Cumulative IPC: 1.390287
Cycle: 2157829	Best offset: 22	Score: 252

Simulation complete. Instructions retired: 3099757 Cycles elapsed: 2262557 IPC: 1.370024

Prefetcher final stats
