
*** Data Prefetching Championship 2 Simulator ***

Warmup Instructions: 10000000
Simulation Instructions: 100000000
Scramble loads OFF
Using 1MB Last Level Cache
Using 12.8 GB/s DRAM bandwidth
Knobs visible from prefetcher: 0 0 0
Resetting history queue.
Resetting offset table
Setting initial offset to 1
Tag offset: 6
Ressetting hit rate
Offset switch to: 9	With score: 1
Offset switch to: 20	With score: 2
Offset switch to: 51	With score: 1
Offset switch to: 19	With score: 1
Offset switch to: 110	With score: 1
Offset switch to: 21	With score: 2
Offset switch to: 13	With score: 1
Offset switch to: 87	With score: 1
Offset switch to: 112	With score: 1
Instructions Retired: 100001 Cycle: 68006 Hearbeat IPC: 1.470473 Cumulative IPC: 1.470473
Cycle: 68006	Best offset: 112	Score: 0	Hit Rate: 0.686391
	---- Offset table ----
Offset -> Score
1 -> 0
2 -> 0
3 -> 0
4 -> 0
5 -> 0
6 -> 0
7 -> 0
8 -> 0
9 -> 0
10 -> 0
11 -> 0
12 -> 0
13 -> 0
14 -> 0
15 -> 0
16 -> 0
17 -> 0
18 -> 0
19 -> 0
20 -> 0
21 -> 0
22 -> 0
23 -> 0
24 -> 0
25 -> 0
26 -> 0
27 -> 0
28 -> 0
29 -> 0
30 -> 0
31 -> 0
32 -> 0
33 -> 0
34 -> 0
35 -> 0
36 -> 0
37 -> 0
38 -> 0
39 -> 0
40 -> 0
41 -> 0
42 -> 0
43 -> 0
44 -> 0
45 -> 0
46 -> 0
47 -> 0
48 -> 0
49 -> 0
50 -> 0
51 -> 0
52 -> 0
53 -> 0
54 -> 0
55 -> 0
56 -> 0
57 -> 0
58 -> 0
59 -> 0
60 -> 0
61 -> 0
62 -> 0
63 -> 0
64 -> 0
65 -> 0
66 -> 0
67 -> 0
68 -> 0
69 -> 0
70 -> 0
71 -> 0
72 -> 0
73 -> 0
74 -> 0
75 -> 0
76 -> 0
77 -> 0
78 -> 0
79 -> 0
80 -> 0
81 -> 0
82 -> 0
83 -> 0
84 -> 0
85 -> 0
86 -> 0
87 -> 0
88 -> 0
89 -> 0
90 -> 0
91 -> 0
92 -> 0
93 -> 0
94 -> 0
95 -> 0
96 -> 0
97 -> 0
98 -> 0
99 -> 0
100 -> 0
101 -> 0
102 -> 0
103 -> 0
104 -> 0
105 -> 0
106 -> 0
107 -> 0
108 -> 0
109 -> 0
110 -> 0
111 -> 0
112 -> 0
113 -> 0
114 -> 0
115 -> 0
116 -> 0
117 -> 0
118 -> 0
119 -> 0
120 -> 0
121 -> 0
122 -> 0
123 -> 0
124 -> 0
125 -> 0
126 -> 0
127 -> 0
128 -> 0
	----------------------
Offset switch to: 2	With score: 1
Offset switch to: 112	With score: 1
Offset switch to: 6	With score: 1
Instructions Retired: 200001 Cycle: 126179 Hearbeat IPC: 1.719011 Cumulative IPC: 1.585058
Cycle: 126179	Best offset: 6	Score: 0	Hit Rate: 0.688237
	---- Offset table ----
Offset -> Score
1 -> 0
2 -> 0
3 -> 0
4 -> 0
5 -> 0
6 -> 0
7 -> 0
8 -> 0
9 -> 0
10 -> 0
11 -> 0
12 -> 0
13 -> 0
14 -> 0
15 -> 0
16 -> 0
17 -> 0
18 -> 0
19 -> 0
20 -> 0
21 -> 0
22 -> 0
23 -> 0
24 -> 0
25 -> 0
26 -> 0
27 -> 0
28 -> 0
29 -> 0
30 -> 0
31 -> 0
32 -> 0
33 -> 0
34 -> 0
35 -> 0
36 -> 0
37 -> 0
38 -> 0
39 -> 0
40 -> 0
41 -> 0
42 -> 0
43 -> 0
44 -> 0
45 -> 0
46 -> 0
47 -> 0
48 -> 0
49 -> 0
50 -> 0
51 -> 0
52 -> 0
53 -> 0
54 -> 0
55 -> 0
56 -> 0
57 -> 0
58 -> 0
59 -> 0
60 -> 0
61 -> 0
62 -> 0
63 -> 0
64 -> 0
65 -> 0
66 -> 0
67 -> 0
68 -> 0
69 -> 0
70 -> 0
71 -> 0
72 -> 0
73 -> 0
74 -> 0
75 -> 0
76 -> 0
77 -> 0
78 -> 0
79 -> 0
80 -> 0
81 -> 0
82 -> 0
83 -> 0
84 -> 0
85 -> 0
86 -> 0
87 -> 0
88 -> 0
89 -> 0
90 -> 0
91 -> 0
92 -> 0
93 -> 0
94 -> 0
95 -> 0
96 -> 0
97 -> 0
98 -> 0
99 -> 0
100 -> 0
101 -> 0
102 -> 0
103 -> 0
104 -> 0
105 -> 0
106 -> 0
107 -> 0
108 -> 0
109 -> 0
110 -> 0
111 -> 0
112 -> 0
113 -> 0
114 -> 0
115 -> 0
116 -> 0
117 -> 0
118 -> 0
119 -> 0
120 -> 0
121 -> 0
122 -> 0
123 -> 0
124 -> 0
125 -> 0
126 -> 0
127 -> 0
128 -> 0
	----------------------
Instructions Retired: 300005 Cycle: 169668 Hearbeat IPC: 2.299524 Cumulative IPC: 1.768188
Cycle: 169668	Best offset: 6	Score: 0	Hit Rate: 0.711967
	---- Offset table ----
Offset -> Score
1 -> 0
2 -> 0
3 -> 0
4 -> 0
5 -> 0
6 -> 0
7 -> 0
8 -> 0
9 -> 0
10 -> 0
11 -> 0
12 -> 0
13 -> 0
14 -> 0
15 -> 0
16 -> 0
17 -> 0
18 -> 0
19 -> 0
20 -> 0
21 -> 0
22 -> 0
23 -> 0
24 -> 0
25 -> 0
26 -> 0
27 -> 0
28 -> 0
29 -> 0
30 -> 0
31 -> 0
32 -> 0
33 -> 0
34 -> 0
35 -> 0
36 -> 0
37 -> 0
38 -> 0
39 -> 0
40 -> 0
41 -> 0
42 -> 0
43 -> 0
44 -> 0
45 -> 0
46 -> 0
47 -> 0
48 -> 0
49 -> 0
50 -> 0
51 -> 0
52 -> 0
53 -> 0
54 -> 0
55 -> 0
56 -> 0
57 -> 0
58 -> 0
59 -> 0
60 -> 0
61 -> 0
62 -> 0
63 -> 0
64 -> 0
65 -> 0
66 -> 0
67 -> 0
68 -> 0
69 -> 0
70 -> 0
71 -> 0
72 -> 0
73 -> 0
74 -> 0
75 -> 0
76 -> 0
77 -> 0
78 -> 0
79 -> 0
80 -> 0
81 -> 0
82 -> 0
83 -> 0
84 -> 0
85 -> 0
86 -> 0
87 -> 0
88 -> 0
89 -> 0
90 -> 0
91 -> 0
92 -> 0
93 -> 0
94 -> 0
95 -> 0
96 -> 0
97 -> 0
98 -> 0
99 -> 0
100 -> 0
101 -> 0
102 -> 0
103 -> 0
104 -> 0
105 -> 0
106 -> 0
107 -> 0
108 -> 0
109 -> 0
110 -> 0
111 -> 0
112 -> 0
113 -> 0
114 -> 0
115 -> 0
116 -> 0
117 -> 0
118 -> 0
119 -> 0
120 -> 0
121 -> 0
122 -> 0
123 -> 0
124 -> 0
125 -> 0
126 -> 0
127 -> 0
128 -> 0
	----------------------
Instructions Retired: 400003 Cycle: 212042 Hearbeat IPC: 2.359890 Cumulative IPC: 1.886433
Cycle: 212042	Best offset: 6	Score: 0	Hit Rate: 0.728527
	---- Offset table ----
Offset -> Score
1 -> 0
2 -> 0
3 -> 0
4 -> 0
5 -> 0
6 -> 0
7 -> 0
8 -> 0
9 -> 0
10 -> 0
11 -> 0
12 -> 0
13 -> 0
14 -> 0
15 -> 0
16 -> 0
17 -> 0
18 -> 0
19 -> 0
20 -> 0
21 -> 0
22 -> 0
23 -> 0
24 -> 0
25 -> 0
26 -> 0
27 -> 0
28 -> 0
29 -> 0
30 -> 0
31 -> 0
32 -> 0
33 -> 0
34 -> 0
35 -> 0
36 -> 0
37 -> 0
38 -> 0
39 -> 0
40 -> 0
41 -> 0
42 -> 0
43 -> 0
44 -> 0
45 -> 0
46 -> 0
47 -> 0
48 -> 0
49 -> 0
50 -> 0
51 -> 0
52 -> 0
53 -> 0
54 -> 0
55 -> 0
56 -> 0
57 -> 0
58 -> 0
59 -> 0
60 -> 0
61 -> 0
62 -> 0
63 -> 0
64 -> 0
65 -> 0
66 -> 0
67 -> 0
68 -> 0
69 -> 0
70 -> 0
71 -> 0
72 -> 0
73 -> 0
74 -> 0
75 -> 0
76 -> 0
77 -> 0
78 -> 0
79 -> 0
80 -> 0
81 -> 0
82 -> 0
83 -> 0
84 -> 0
85 -> 0
86 -> 0
87 -> 0
88 -> 0
89 -> 0
90 -> 0
91 -> 0
92 -> 0
93 -> 0
94 -> 0
95 -> 0
96 -> 0
97 -> 0
98 -> 0
99 -> 0
100 -> 0
101 -> 0
102 -> 0
103 -> 0
104 -> 0
105 -> 0
106 -> 0
107 -> 0
108 -> 0
109 -> 0
110 -> 0
111 -> 0
112 -> 0
113 -> 0
114 -> 0
115 -> 0
116 -> 0
117 -> 0
118 -> 0
119 -> 0
120 -> 0
121 -> 0
122 -> 0
123 -> 0
124 -> 0
125 -> 0
126 -> 0
127 -> 0
128 -> 0
	----------------------
Instructions Retired: 500005 Cycle: 252310 Hearbeat IPC: 2.483411 Cumulative IPC: 1.981709
Cycle: 252310	Best offset: 6	Score: 0	Hit Rate: 0.743351
	---- Offset table ----
Offset -> Score
1 -> 0
2 -> 0
3 -> 0
4 -> 0
5 -> 0
6 -> 0
7 -> 0
8 -> 0
9 -> 0
10 -> 0
11 -> 0
12 -> 0
13 -> 0
14 -> 0
15 -> 0
16 -> 0
17 -> 0
18 -> 0
19 -> 0
20 -> 0
21 -> 0
22 -> 0
23 -> 0
24 -> 0
25 -> 0
26 -> 0
27 -> 0
28 -> 0
29 -> 0
30 -> 0
31 -> 0
32 -> 0
33 -> 0
34 -> 0
35 -> 0
36 -> 0
37 -> 0
38 -> 0
39 -> 0
40 -> 0
41 -> 0
42 -> 0
43 -> 0
44 -> 0
45 -> 0
46 -> 0
47 -> 0
48 -> 0
49 -> 0
50 -> 0
51 -> 0
52 -> 0
53 -> 0
54 -> 0
55 -> 0
56 -> 0
57 -> 0
58 -> 0
59 -> 0
60 -> 0
61 -> 0
62 -> 0
63 -> 0
64 -> 0
65 -> 0
66 -> 0
67 -> 0
68 -> 0
69 -> 0
70 -> 0
71 -> 0
72 -> 0
73 -> 0
74 -> 0
75 -> 0
76 -> 0
77 -> 0
78 -> 0
79 -> 0
80 -> 0
81 -> 0
82 -> 0
83 -> 0
84 -> 0
85 -> 0
86 -> 0
87 -> 0
88 -> 0
89 -> 0
90 -> 0
91 -> 0
92 -> 0
93 -> 0
94 -> 0
95 -> 0
96 -> 0
97 -> 0
98 -> 0
99 -> 0
100 -> 0
101 -> 0
102 -> 0
103 -> 0
104 -> 0
105 -> 0
106 -> 0
107 -> 0
108 -> 0
109 -> 0
110 -> 0
111 -> 0
112 -> 0
113 -> 0
114 -> 0
115 -> 0
116 -> 0
117 -> 0
118 -> 0
119 -> 0
120 -> 0
121 -> 0
122 -> 0
123 -> 0
124 -> 0
125 -> 0
126 -> 0
127 -> 0
128 -> 0
	----------------------
Instructions Retired: 600003 Cycle: 295328 Hearbeat IPC: 2.324562 Cumulative IPC: 2.031650
Cycle: 295328	Best offset: 6	Score: 0	Hit Rate: 0.755864
	---- Offset table ----
Offset -> Score
1 -> 0
2 -> 0
3 -> 0
4 -> 0
5 -> 0
6 -> 0
7 -> 0
8 -> 0
9 -> 0
10 -> 0
11 -> 0
12 -> 0
13 -> 0
14 -> 0
15 -> 0
16 -> 0
17 -> 0
18 -> 0
19 -> 0
20 -> 0
21 -> 0
22 -> 0
23 -> 0
24 -> 0
25 -> 0
26 -> 0
27 -> 0
28 -> 0
29 -> 0
30 -> 0
31 -> 0
32 -> 0
33 -> 0
34 -> 0
35 -> 0
36 -> 0
37 -> 0
38 -> 0
39 -> 0
40 -> 0
41 -> 0
42 -> 0
43 -> 0
44 -> 0
45 -> 0
46 -> 0
47 -> 0
48 -> 0
49 -> 0
50 -> 0
51 -> 0
52 -> 0
53 -> 0
54 -> 0
55 -> 0
56 -> 0
57 -> 0
58 -> 0
59 -> 0
60 -> 0
61 -> 0
62 -> 0
63 -> 0
64 -> 0
65 -> 0
66 -> 0
67 -> 0
68 -> 0
69 -> 0
70 -> 0
71 -> 0
72 -> 0
73 -> 0
74 -> 0
75 -> 0
76 -> 0
77 -> 0
78 -> 0
79 -> 0
80 -> 0
81 -> 0
82 -> 0
83 -> 0
84 -> 0
85 -> 0
86 -> 0
87 -> 0
88 -> 0
89 -> 0
90 -> 0
91 -> 0
92 -> 0
93 -> 0
94 -> 0
95 -> 0
96 -> 0
97 -> 0
98 -> 0
99 -> 0
100 -> 0
101 -> 0
102 -> 0
103 -> 0
104 -> 0
105 -> 0
106 -> 0
107 -> 0
108 -> 0
109 -> 0
110 -> 0
111 -> 0
112 -> 0
113 -> 0
114 -> 0
115 -> 0
116 -> 0
117 -> 0
118 -> 0
119 -> 0
120 -> 0
121 -> 0
122 -> 0
123 -> 0
124 -> 0
125 -> 0
126 -> 0
127 -> 0
128 -> 0
	----------------------
Instructions Retired: 700005 Cycle: 346038 Hearbeat IPC: 1.972037 Cumulative IPC: 2.022914
Cycle: 346038	Best offset: 6	Score: 0	Hit Rate: 0.758639
	---- Offset table ----
Offset -> Score
1 -> 0
2 -> 0
3 -> 0
4 -> 0
5 -> 0
6 -> 0
7 -> 0
8 -> 0
9 -> 0
10 -> 0
11 -> 0
12 -> 0
13 -> 0
14 -> 0
15 -> 0
16 -> 0
17 -> 0
18 -> 0
19 -> 0
20 -> 0
21 -> 0
22 -> 0
23 -> 0
24 -> 0
25 -> 0
26 -> 0
27 -> 0
28 -> 0
29 -> 0
30 -> 0
31 -> 0
32 -> 0
33 -> 0
34 -> 0
35 -> 0
36 -> 0
37 -> 0
38 -> 0
39 -> 0
40 -> 0
41 -> 0
42 -> 0
43 -> 0
44 -> 0
45 -> 0
46 -> 0
47 -> 0
48 -> 0
49 -> 0
50 -> 0
51 -> 0
52 -> 0
53 -> 0
54 -> 0
55 -> 0
56 -> 0
57 -> 0
58 -> 0
59 -> 0
60 -> 0
61 -> 0
62 -> 0
63 -> 0
64 -> 0
65 -> 0
66 -> 0
67 -> 0
68 -> 0
69 -> 0
70 -> 0
71 -> 0
72 -> 0
73 -> 0
74 -> 0
75 -> 0
76 -> 0
77 -> 0
78 -> 0
79 -> 0
80 -> 0
81 -> 0
82 -> 0
83 -> 0
84 -> 0
85 -> 0
86 -> 0
87 -> 0
88 -> 0
89 -> 0
90 -> 0
91 -> 0
92 -> 0
93 -> 0
94 -> 0
95 -> 0
96 -> 0
97 -> 0
98 -> 0
99 -> 0
100 -> 0
101 -> 0
102 -> 0
103 -> 0
104 -> 0
105 -> 0
106 -> 0
107 -> 0
108 -> 0
109 -> 0
110 -> 0
111 -> 0
112 -> 0
113 -> 0
114 -> 0
115 -> 0
116 -> 0
117 -> 0
118 -> 0
119 -> 0
120 -> 0
121 -> 0
122 -> 0
123 -> 0
124 -> 0
125 -> 0
126 -> 0
127 -> 0
128 -> 0
	----------------------
Instructions Retired: 800001 Cycle: 393268 Hearbeat IPC: 2.117214 Cumulative IPC: 2.034239
Cycle: 393268	Best offset: 6	Score: 0	Hit Rate: 0.755942
	---- Offset table ----
Offset -> Score
1 -> 0
2 -> 0
3 -> 0
4 -> 0
5 -> 0
6 -> 0
7 -> 0
8 -> 0
9 -> 0
10 -> 0
11 -> 0
12 -> 0
13 -> 0
14 -> 0
15 -> 0
16 -> 0
17 -> 0
18 -> 0
19 -> 0
20 -> 0
21 -> 0
22 -> 0
23 -> 0
24 -> 0
25 -> 0
26 -> 0
27 -> 0
28 -> 0
29 -> 0
30 -> 0
31 -> 0
32 -> 0
33 -> 0
34 -> 0
35 -> 0
36 -> 0
37 -> 0
38 -> 0
39 -> 0
40 -> 0
41 -> 0
42 -> 0
43 -> 0
44 -> 0
45 -> 0
46 -> 0
47 -> 0
48 -> 0
49 -> 0
50 -> 0
51 -> 0
52 -> 0
53 -> 0
54 -> 0
55 -> 0
56 -> 0
57 -> 0
58 -> 0
59 -> 0
60 -> 0
61 -> 0
62 -> 0
63 -> 0
64 -> 0
65 -> 0
66 -> 0
67 -> 0
68 -> 0
69 -> 0
70 -> 0
71 -> 0
72 -> 0
73 -> 0
74 -> 0
75 -> 0
76 -> 0
77 -> 0
78 -> 0
79 -> 0
80 -> 0
81 -> 0
82 -> 0
83 -> 0
84 -> 0
85 -> 0
86 -> 0
87 -> 0
88 -> 0
89 -> 0
90 -> 0
91 -> 0
92 -> 0
93 -> 0
94 -> 0
95 -> 0
96 -> 0
97 -> 0
98 -> 0
99 -> 0
100 -> 0
101 -> 0
102 -> 0
103 -> 0
104 -> 0
105 -> 0
106 -> 0
107 -> 0
108 -> 0
109 -> 0
110 -> 0
111 -> 0
112 -> 0
113 -> 0
114 -> 0
115 -> 0
116 -> 0
117 -> 0
118 -> 0
119 -> 0
120 -> 0
121 -> 0
122 -> 0
123 -> 0
124 -> 0
125 -> 0
126 -> 0
127 -> 0
128 -> 0
	----------------------
Offset switch to: 65	With score: 1
Offset switch to: 65	With score: 2
Offset switch to: 113	With score: 1
Offset switch to: 114	With score: 1
Offset switch to: 49	With score: 1
Instructions Retired: 900001 Cycle: 444331 Hearbeat IPC: 1.958365 Cumulative IPC: 2.025519
Cycle: 444331	Best offset: 49	Score: 1	Hit Rate: 0.755587
	---- Offset table ----
Offset -> Score
1 -> 0
2 -> 0
3 -> 0
4 -> 0
5 -> 0
6 -> 0
7 -> 0
8 -> 0
9 -> 0
10 -> 0
11 -> 0
12 -> 0
13 -> 0
14 -> 0
15 -> 0
16 -> 0
17 -> 0
18 -> 0
19 -> 0
20 -> 0
21 -> 0
22 -> 0
23 -> 0
24 -> 0
25 -> 0
26 -> 0
27 -> 0
28 -> 0
29 -> 0
30 -> 0
31 -> 0
32 -> 0
33 -> 0
34 -> 0
35 -> 0
36 -> 0
37 -> 0
38 -> 0
39 -> 0
40 -> 0
41 -> 0
42 -> 0
43 -> 0
44 -> 0
45 -> 0
46 -> 0
47 -> 0
48 -> 0
49 -> 1
50 -> 0
51 -> 0
52 -> 0
53 -> 0
54 -> 0
55 -> 0
56 -> 0
57 -> 0
58 -> 0
59 -> 0
60 -> 0
61 -> 0
62 -> 0
63 -> 0
64 -> 0
65 -> 1
66 -> 0
67 -> 0
68 -> 0
69 -> 0
70 -> 0
71 -> 0
72 -> 0
73 -> 0
74 -> 0
75 -> 0
76 -> 0
77 -> 0
78 -> 0
79 -> 0
80 -> 0
81 -> 0
82 -> 0
83 -> 0
84 -> 0
85 -> 0
86 -> 0
87 -> 0
88 -> 0
89 -> 0
90 -> 0
91 -> 0
92 -> 0
93 -> 0
94 -> 0
95 -> 0
96 -> 0
97 -> 0
98 -> 0
99 -> 0
100 -> 0
101 -> 0
102 -> 0
103 -> 0
104 -> 0
105 -> 0
106 -> 0
107 -> 0
108 -> 0
109 -> 0
110 -> 0
111 -> 0
112 -> 0
113 -> 0
114 -> 0
115 -> 0
116 -> 0
117 -> 0
118 -> 0
119 -> 0
120 -> 0
121 -> 0
122 -> 0
123 -> 0
124 -> 0
125 -> 0
126 -> 0
127 -> 0
128 -> 0
	----------------------
Offset switch to: 1	With score: 1
Offset switch to: 80	With score: 1
Offset switch to: 21	With score: 1
Instructions Retired: 1000000 Cycle: 513359 Hearbeat IPC: 1.448673 Cumulative IPC: 1.947955
Cycle: 513359	Best offset: 21	Score: 0	Hit Rate: 0.755297
	---- Offset table ----
Offset -> Score
1 -> 0
2 -> 0
3 -> 0
4 -> 0
5 -> 0
6 -> 0
7 -> 0
8 -> 0
9 -> 0
10 -> 0
11 -> 0
12 -> 0
13 -> 0
14 -> 0
15 -> 0
16 -> 0
17 -> 0
18 -> 0
19 -> 0
20 -> 0
21 -> 0
22 -> 0
23 -> 0
24 -> 0
25 -> 0
26 -> 0
27 -> 0
28 -> 0
29 -> 0
30 -> 0
31 -> 0
32 -> 0
33 -> 0
34 -> 0
35 -> 0
36 -> 0
37 -> 0
38 -> 0
39 -> 0
40 -> 0
41 -> 0
42 -> 0
43 -> 0
44 -> 0
45 -> 0
46 -> 0
47 -> 0
48 -> 0
49 -> 0
50 -> 0
51 -> 0
52 -> 0
53 -> 0
54 -> 0
55 -> 0
56 -> 0
57 -> 0
58 -> 0
59 -> 0
60 -> 0
61 -> 0
62 -> 0
63 -> 0
64 -> 0
65 -> 0
66 -> 0
67 -> 0
68 -> 0
69 -> 0
70 -> 0
71 -> 0
72 -> 0
73 -> 0
74 -> 0
75 -> 0
76 -> 0
77 -> 0
78 -> 0
79 -> 0
80 -> 0
81 -> 0
82 -> 0
83 -> 0
84 -> 0
85 -> 0
86 -> 0
87 -> 0
88 -> 0
89 -> 0
90 -> 0
91 -> 0
92 -> 0
93 -> 0
94 -> 0
95 -> 0
96 -> 0
97 -> 0
98 -> 0
99 -> 0
100 -> 0
101 -> 0
102 -> 0
103 -> 0
104 -> 0
105 -> 0
106 -> 0
107 -> 0
108 -> 0
109 -> 0
110 -> 0
111 -> 0
112 -> 0
113 -> 0
114 -> 0
115 -> 0
116 -> 0
117 -> 0
118 -> 0
119 -> 0
120 -> 0
121 -> 0
122 -> 0
123 -> 0
124 -> 0
125 -> 0
126 -> 0
127 -> 0
128 -> 0
	----------------------
Offset switch to: 125	With score: 1
Offset switch to: 28	With score: 1
Offset switch to: 35	With score: 1
Offset switch to: 110	With score: 1
Offset switch to: 2	With score: 1
Offset switch to: 58	With score: 1
Offset switch to: 98	With score: 1
Offset switch to: 18	With score: 1
Instructions Retired: 1100004 Cycle: 585005 Hearbeat IPC: 1.395807 Cumulative IPC: 1.880333
Cycle: 585005	Best offset: 18	Score: 0	Hit Rate: 0.755901
	---- Offset table ----
Offset -> Score
1 -> 0
2 -> 0
3 -> 0
4 -> 0
5 -> 0
6 -> 0
7 -> 0
8 -> 0
9 -> 0
10 -> 0
11 -> 0
12 -> 0
13 -> 0
14 -> 0
15 -> 0
16 -> 0
17 -> 0
18 -> 0
19 -> 0
20 -> 0
21 -> 0
22 -> 0
23 -> 0
24 -> 0
25 -> 0
26 -> 0
27 -> 0
28 -> 0
29 -> 0
30 -> 0
31 -> 0
32 -> 0
33 -> 0
34 -> 0
35 -> 0
36 -> 0
37 -> 0
38 -> 0
39 -> 0
40 -> 0
41 -> 0
42 -> 0
43 -> 0
44 -> 0
45 -> 0
46 -> 0
47 -> 0
48 -> 0
49 -> 0
50 -> 0
51 -> 0
52 -> 0
53 -> 0
54 -> 0
55 -> 0
56 -> 0
57 -> 0
58 -> 0
59 -> 0
60 -> 0
61 -> 0
62 -> 0
63 -> 0
64 -> 0
65 -> 0
66 -> 0
67 -> 0
68 -> 0
69 -> 0
70 -> 0
71 -> 0
72 -> 0
73 -> 0
74 -> 0
75 -> 0
76 -> 0
77 -> 0
78 -> 0
79 -> 0
80 -> 0
81 -> 0
82 -> 0
83 -> 0
84 -> 0
85 -> 0
86 -> 0
87 -> 0
88 -> 0
89 -> 0
90 -> 0
91 -> 0
92 -> 0
93 -> 0
94 -> 0
95 -> 0
96 -> 0
97 -> 0
98 -> 0
99 -> 0
100 -> 0
101 -> 0
102 -> 0
103 -> 0
104 -> 0
105 -> 0
106 -> 0
107 -> 0
108 -> 0
109 -> 0
110 -> 0
111 -> 0
112 -> 0
113 -> 0
114 -> 0
115 -> 0
116 -> 0
117 -> 0
118 -> 0
119 -> 0
120 -> 0
121 -> 0
122 -> 0
123 -> 0
124 -> 0
125 -> 0
126 -> 0
127 -> 0
128 -> 0
	----------------------
Instructions Retired: 1200003 Cycle: 659522 Hearbeat IPC: 1.341962 Cumulative IPC: 1.819504
Cycle: 659522	Best offset: 18	Score: 0	Hit Rate: 0.762040
	---- Offset table ----
Offset -> Score
1 -> 0
2 -> 0
3 -> 0
4 -> 0
5 -> 0
6 -> 0
7 -> 0
8 -> 0
9 -> 0
10 -> 0
11 -> 0
12 -> 0
13 -> 0
14 -> 0
15 -> 0
16 -> 0
17 -> 0
18 -> 0
19 -> 0
20 -> 0
21 -> 0
22 -> 0
23 -> 0
24 -> 0
25 -> 0
26 -> 0
27 -> 0
28 -> 0
29 -> 0
30 -> 0
31 -> 0
32 -> 0
33 -> 0
34 -> 0
35 -> 0
36 -> 0
37 -> 0
38 -> 0
39 -> 0
40 -> 0
41 -> 0
42 -> 0
43 -> 0
44 -> 0
45 -> 0
46 -> 0
47 -> 0
48 -> 0
49 -> 0
50 -> 0
51 -> 0
52 -> 0
53 -> 0
54 -> 0
55 -> 0
56 -> 0
57 -> 0
58 -> 0
59 -> 0
60 -> 0
61 -> 0
62 -> 0
63 -> 0
64 -> 0
65 -> 0
66 -> 0
67 -> 0
68 -> 0
69 -> 0
70 -> 0
71 -> 0
72 -> 0
73 -> 0
74 -> 0
75 -> 0
76 -> 0
77 -> 0
78 -> 0
79 -> 0
80 -> 0
81 -> 0
82 -> 0
83 -> 0
84 -> 0
85 -> 0
86 -> 0
87 -> 0
88 -> 0
89 -> 0
90 -> 0
91 -> 0
92 -> 0
93 -> 0
94 -> 0
95 -> 0
96 -> 0
97 -> 0
98 -> 0
99 -> 0
100 -> 0
101 -> 0
102 -> 0
103 -> 0
104 -> 0
105 -> 0
106 -> 0
107 -> 0
108 -> 0
109 -> 0
110 -> 0
111 -> 0
112 -> 0
113 -> 0
114 -> 0
115 -> 0
116 -> 0
117 -> 0
118 -> 0
119 -> 0
120 -> 0
121 -> 0
122 -> 0
123 -> 0
124 -> 0
125 -> 0
126 -> 0
127 -> 0
128 -> 0
	----------------------
Instructions Retired: 1300001 Cycle: 729239 Hearbeat IPC: 1.434342 Cumulative IPC: 1.782682
Cycle: 729239	Best offset: 18	Score: 0	Hit Rate: 0.768862
	---- Offset table ----
Offset -> Score
1 -> 0
2 -> 0
3 -> 0
4 -> 0
5 -> 0
6 -> 0
7 -> 0
8 -> 0
9 -> 0
10 -> 0
11 -> 0
12 -> 0
13 -> 0
14 -> 0
15 -> 0
16 -> 0
17 -> 0
18 -> 0
19 -> 0
20 -> 0
21 -> 0
22 -> 0
23 -> 0
24 -> 0
25 -> 0
26 -> 0
27 -> 0
28 -> 0
29 -> 0
30 -> 0
31 -> 0
32 -> 0
33 -> 0
34 -> 0
35 -> 0
36 -> 0
37 -> 0
38 -> 0
39 -> 0
40 -> 0
41 -> 0
42 -> 0
43 -> 0
44 -> 0
45 -> 0
46 -> 0
47 -> 0
48 -> 0
49 -> 0
50 -> 0
51 -> 0
52 -> 0
53 -> 0
54 -> 0
55 -> 0
56 -> 0
57 -> 0
58 -> 0
59 -> 0
60 -> 0
61 -> 0
62 -> 0
63 -> 0
64 -> 0
65 -> 0
66 -> 0
67 -> 0
68 -> 0
69 -> 0
70 -> 0
71 -> 0
72 -> 0
73 -> 0
74 -> 0
75 -> 0
76 -> 0
77 -> 0
78 -> 0
79 -> 0
80 -> 0
81 -> 0
82 -> 0
83 -> 0
84 -> 0
85 -> 0
86 -> 0
87 -> 0
88 -> 0
89 -> 0
90 -> 0
91 -> 0
92 -> 0
93 -> 0
94 -> 0
95 -> 0
96 -> 0
97 -> 0
98 -> 0
99 -> 0
100 -> 0
101 -> 0
102 -> 0
103 -> 0
104 -> 0
105 -> 0
106 -> 0
107 -> 0
108 -> 0
109 -> 0
110 -> 0
111 -> 0
112 -> 0
113 -> 0
114 -> 0
115 -> 0
116 -> 0
117 -> 0
118 -> 0
119 -> 0
120 -> 0
121 -> 0
122 -> 0
123 -> 0
124 -> 0
125 -> 0
126 -> 0
127 -> 0
128 -> 0
	----------------------
Instructions Retired: 1400001 Cycle: 808023 Hearbeat IPC: 1.269293 Cumulative IPC: 1.732625
Cycle: 808023	Best offset: 18	Score: 0	Hit Rate: 0.773851
	---- Offset table ----
Offset -> Score
1 -> 0
2 -> 0
3 -> 0
4 -> 0
5 -> 0
6 -> 0
7 -> 0
8 -> 0
9 -> 0
10 -> 0
11 -> 0
12 -> 0
13 -> 0
14 -> 0
15 -> 0
16 -> 0
17 -> 0
18 -> 0
19 -> 0
20 -> 0
21 -> 0
22 -> 0
23 -> 0
24 -> 0
25 -> 0
26 -> 0
27 -> 0
28 -> 0
29 -> 0
30 -> 0
31 -> 0
32 -> 0
33 -> 0
34 -> 0
35 -> 0
36 -> 0
37 -> 0
38 -> 0
39 -> 0
40 -> 0
41 -> 0
42 -> 0
43 -> 0
44 -> 0
45 -> 0
46 -> 0
47 -> 0
48 -> 0
49 -> 0
50 -> 0
51 -> 0
52 -> 0
53 -> 0
54 -> 0
55 -> 0
56 -> 0
57 -> 0
58 -> 0
59 -> 0
60 -> 0
61 -> 0
62 -> 0
63 -> 0
64 -> 0
65 -> 0
66 -> 0
67 -> 0
68 -> 0
69 -> 0
70 -> 0
71 -> 0
72 -> 0
73 -> 0
74 -> 0
75 -> 0
76 -> 0
77 -> 0
78 -> 0
79 -> 0
80 -> 0
81 -> 0
82 -> 0
83 -> 0
84 -> 0
85 -> 0
86 -> 0
87 -> 0
88 -> 0
89 -> 0
90 -> 0
91 -> 0
92 -> 0
93 -> 0
94 -> 0
95 -> 0
96 -> 0
97 -> 0
98 -> 0
99 -> 0
100 -> 0
101 -> 0
102 -> 0
103 -> 0
104 -> 0
105 -> 0
106 -> 0
107 -> 0
108 -> 0
109 -> 0
110 -> 0
111 -> 0
112 -> 0
113 -> 0
114 -> 0
115 -> 0
116 -> 0
117 -> 0
118 -> 0
119 -> 0
120 -> 0
121 -> 0
122 -> 0
123 -> 0
124 -> 0
125 -> 0
126 -> 0
127 -> 0
128 -> 0
	----------------------
Instructions Retired: 1500005 Cycle: 889042 Hearbeat IPC: 1.234328 Cumulative IPC: 1.687215
Cycle: 889042	Best offset: 18	Score: 0	Hit Rate: 0.776970
	---- Offset table ----
Offset -> Score
1 -> 0
2 -> 0
3 -> 0
4 -> 0
5 -> 0
6 -> 0
7 -> 0
8 -> 0
9 -> 0
10 -> 0
11 -> 0
12 -> 0
13 -> 0
14 -> 0
15 -> 0
16 -> 0
17 -> 0
18 -> 0
19 -> 0
20 -> 0
21 -> 0
22 -> 0
23 -> 0
24 -> 0
25 -> 0
26 -> 0
27 -> 0
28 -> 0
29 -> 0
30 -> 0
31 -> 0
32 -> 0
33 -> 0
34 -> 0
35 -> 0
36 -> 0
37 -> 0
38 -> 0
39 -> 0
40 -> 0
41 -> 0
42 -> 0
43 -> 0
44 -> 0
45 -> 0
46 -> 0
47 -> 0
48 -> 0
49 -> 0
50 -> 0
51 -> 0
52 -> 0
53 -> 0
54 -> 0
55 -> 0
56 -> 0
57 -> 0
58 -> 0
59 -> 0
60 -> 0
61 -> 0
62 -> 0
63 -> 0
64 -> 0
65 -> 0
66 -> 0
67 -> 0
68 -> 0
69 -> 0
70 -> 0
71 -> 0
72 -> 0
73 -> 0
74 -> 0
75 -> 0
76 -> 0
77 -> 0
78 -> 0
79 -> 0
80 -> 0
81 -> 0
82 -> 0
83 -> 0
84 -> 0
85 -> 0
86 -> 0
87 -> 0
88 -> 0
89 -> 0
90 -> 0
91 -> 0
92 -> 0
93 -> 0
94 -> 0
95 -> 0
96 -> 0
97 -> 0
98 -> 0
99 -> 0
100 -> 0
101 -> 0
102 -> 0
103 -> 0
104 -> 0
105 -> 0
106 -> 0
107 -> 0
108 -> 0
109 -> 0
110 -> 0
111 -> 0
112 -> 0
113 -> 0
114 -> 0
115 -> 0
116 -> 0
117 -> 0
118 -> 0
119 -> 0
120 -> 0
121 -> 0
122 -> 0
123 -> 0
124 -> 0
125 -> 0
126 -> 0
127 -> 0
128 -> 0
	----------------------
Instructions Retired: 1600005 Cycle: 956661 Hearbeat IPC: 1.478874 Cumulative IPC: 1.672489
Cycle: 956661	Best offset: 18	Score: 0	Hit Rate: 0.781478
	---- Offset table ----
Offset -> Score
1 -> 0
2 -> 0
3 -> 0
4 -> 0
5 -> 0
6 -> 0
7 -> 0
8 -> 0
9 -> 0
10 -> 0
11 -> 0
12 -> 0
13 -> 0
14 -> 0
15 -> 0
16 -> 0
17 -> 0
18 -> 0
19 -> 0
20 -> 0
21 -> 0
22 -> 0
23 -> 0
24 -> 0
25 -> 0
26 -> 0
27 -> 0
28 -> 0
29 -> 0
30 -> 0
31 -> 0
32 -> 0
33 -> 0
34 -> 0
35 -> 0
36 -> 0
37 -> 0
38 -> 0
39 -> 0
40 -> 0
41 -> 0
42 -> 0
43 -> 0
44 -> 0
45 -> 0
46 -> 0
47 -> 0
48 -> 0
49 -> 0
50 -> 0
51 -> 0
52 -> 0
53 -> 0
54 -> 0
55 -> 0
56 -> 0
57 -> 0
58 -> 0
59 -> 0
60 -> 0
61 -> 0
62 -> 0
63 -> 0
64 -> 0
65 -> 0
66 -> 0
67 -> 0
68 -> 0
69 -> 0
70 -> 0
71 -> 0
72 -> 0
73 -> 0
74 -> 0
75 -> 0
76 -> 0
77 -> 0
78 -> 0
79 -> 0
80 -> 0
81 -> 0
82 -> 0
83 -> 0
84 -> 0
85 -> 0
86 -> 0
87 -> 0
88 -> 0
89 -> 0
90 -> 0
91 -> 0
92 -> 0
93 -> 0
94 -> 0
95 -> 0
96 -> 0
97 -> 0
98 -> 0
99 -> 0
100 -> 0
101 -> 0
102 -> 0
103 -> 0
104 -> 0
105 -> 0
106 -> 0
107 -> 0
108 -> 0
109 -> 0
110 -> 0
111 -> 0
112 -> 0
113 -> 0
114 -> 0
115 -> 0
116 -> 0
117 -> 0
118 -> 0
119 -> 0
120 -> 0
121 -> 0
122 -> 0
123 -> 0
124 -> 0
125 -> 0
126 -> 0
127 -> 0
128 -> 0
	----------------------
Instructions Retired: 1700001 Cycle: 1028991 Hearbeat IPC: 1.382497 Cumulative IPC: 1.652105
Cycle: 1028991	Best offset: 18	Score: 0	Hit Rate: 0.785899
	---- Offset table ----
Offset -> Score
1 -> 0
2 -> 0
3 -> 0
4 -> 0
5 -> 0
6 -> 0
7 -> 0
8 -> 0
9 -> 0
10 -> 0
11 -> 0
12 -> 0
13 -> 0
14 -> 0
15 -> 0
16 -> 0
17 -> 0
18 -> 0
19 -> 0
20 -> 0
21 -> 0
22 -> 0
23 -> 0
24 -> 0
25 -> 0
26 -> 0
27 -> 0
28 -> 0
29 -> 0
30 -> 0
31 -> 0
32 -> 0
33 -> 0
34 -> 0
35 -> 0
36 -> 0
37 -> 0
38 -> 0
39 -> 0
40 -> 0
41 -> 0
42 -> 0
43 -> 0
44 -> 0
45 -> 0
46 -> 0
47 -> 0
48 -> 0
49 -> 0
50 -> 0
51 -> 0
52 -> 0
53 -> 0
54 -> 0
55 -> 0
56 -> 0
57 -> 0
58 -> 0
59 -> 0
60 -> 0
61 -> 0
62 -> 0
63 -> 0
64 -> 0
65 -> 0
66 -> 0
67 -> 0
68 -> 0
69 -> 0
70 -> 0
71 -> 0
72 -> 0
73 -> 0
74 -> 0
75 -> 0
76 -> 0
77 -> 0
78 -> 0
79 -> 0
80 -> 0
81 -> 0
82 -> 0
83 -> 0
84 -> 0
85 -> 0
86 -> 0
87 -> 0
88 -> 0
89 -> 0
90 -> 0
91 -> 0
92 -> 0
93 -> 0
94 -> 0
95 -> 0
96 -> 0
97 -> 0
98 -> 0
99 -> 0
100 -> 0
101 -> 0
102 -> 0
103 -> 0
104 -> 0
105 -> 0
106 -> 0
107 -> 0
108 -> 0
109 -> 0
110 -> 0
111 -> 0
112 -> 0
113 -> 0
114 -> 0
115 -> 0
116 -> 0
117 -> 0
118 -> 0
119 -> 0
120 -> 0
121 -> 0
122 -> 0
123 -> 0
124 -> 0
125 -> 0
126 -> 0
127 -> 0
128 -> 0
	----------------------
Instructions Retired: 1800002 Cycle: 1109108 Hearbeat IPC: 1.248187 Cumulative IPC: 1.622928
Cycle: 1109108	Best offset: 18	Score: 0	Hit Rate: 0.788830
	---- Offset table ----
Offset -> Score
1 -> 0
2 -> 0
3 -> 0
4 -> 0
5 -> 0
6 -> 0
7 -> 0
8 -> 0
9 -> 0
10 -> 0
11 -> 0
12 -> 0
13 -> 0
14 -> 0
15 -> 0
16 -> 0
17 -> 0
18 -> 0
19 -> 0
20 -> 0
21 -> 0
22 -> 0
23 -> 0
24 -> 0
25 -> 0
26 -> 0
27 -> 0
28 -> 0
29 -> 0
30 -> 0
31 -> 0
32 -> 0
33 -> 0
34 -> 0
35 -> 0
36 -> 0
37 -> 0
38 -> 0
39 -> 0
40 -> 0
41 -> 0
42 -> 0
43 -> 0
44 -> 0
45 -> 0
46 -> 0
47 -> 0
48 -> 0
49 -> 0
50 -> 0
51 -> 0
52 -> 0
53 -> 0
54 -> 0
55 -> 0
56 -> 0
57 -> 0
58 -> 0
59 -> 0
60 -> 0
61 -> 0
62 -> 0
63 -> 0
64 -> 0
65 -> 0
66 -> 0
67 -> 0
68 -> 0
69 -> 0
70 -> 0
71 -> 0
72 -> 0
73 -> 0
74 -> 0
75 -> 0
76 -> 0
77 -> 0
78 -> 0
79 -> 0
80 -> 0
81 -> 0
82 -> 0
83 -> 0
84 -> 0
85 -> 0
86 -> 0
87 -> 0
88 -> 0
89 -> 0
90 -> 0
91 -> 0
92 -> 0
93 -> 0
94 -> 0
95 -> 0
96 -> 0
97 -> 0
98 -> 0
99 -> 0
100 -> 0
101 -> 0
102 -> 0
103 -> 0
104 -> 0
105 -> 0
106 -> 0
107 -> 0
108 -> 0
109 -> 0
110 -> 0
111 -> 0
112 -> 0
113 -> 0
114 -> 0
115 -> 0
116 -> 0
117 -> 0
118 -> 0
119 -> 0
120 -> 0
121 -> 0
122 -> 0
123 -> 0
124 -> 0
125 -> 0
126 -> 0
127 -> 0
128 -> 0
	----------------------
Offset switch to: 34	With score: 1
Offset switch to: 75	With score: 1
Offset switch to: 1	With score: 1
Offset switch to: 34	With score: 1
Offset switch to: 84	With score: 1
Instructions Retired: 1900002 Cycle: 1190593 Hearbeat IPC: 1.227220 Cumulative IPC: 1.595845
Cycle: 1190593	Best offset: 84	Score: 1	Hit Rate: 0.788238
	---- Offset table ----
Offset -> Score
1 -> 0
2 -> 1
3 -> 0
4 -> 0
5 -> 0
6 -> 0
7 -> 0
8 -> 0
9 -> 0
10 -> 0
11 -> 0
12 -> 0
13 -> 0
14 -> 0
15 -> 0
16 -> 0
17 -> 0
18 -> 0
19 -> 0
20 -> 0
21 -> 0
22 -> 0
23 -> 0
24 -> 0
25 -> 0
26 -> 0
27 -> 0
28 -> 0
29 -> 0
30 -> 0
31 -> 0
32 -> 0
33 -> 0
34 -> 0
35 -> 0
36 -> 0
37 -> 0
38 -> 0
39 -> 0
40 -> 0
41 -> 0
42 -> 0
43 -> 0
44 -> 0
45 -> 0
46 -> 0
47 -> 0
48 -> 0
49 -> 0
50 -> 0
51 -> 0
52 -> 0
53 -> 0
54 -> 0
55 -> 0
56 -> 0
57 -> 0
58 -> 0
59 -> 0
60 -> 0
61 -> 0
62 -> 0
63 -> 0
64 -> 0
65 -> 0
66 -> 0
67 -> 0
68 -> 0
69 -> 0
70 -> 0
71 -> 0
72 -> 0
73 -> 0
74 -> 0
75 -> 0
76 -> 0
77 -> 0
78 -> 0
79 -> 0
80 -> 0
81 -> 0
82 -> 0
83 -> 0
84 -> 1
85 -> 0
86 -> 0
87 -> 0
88 -> 0
89 -> 0
90 -> 0
91 -> 0
92 -> 0
93 -> 0
94 -> 0
95 -> 0
96 -> 0
97 -> 0
98 -> 0
99 -> 0
100 -> 0
101 -> 0
102 -> 0
103 -> 0
104 -> 0
105 -> 0
106 -> 0
107 -> 0
108 -> 0
109 -> 0
110 -> 0
111 -> 0
112 -> 0
113 -> 0
114 -> 0
115 -> 0
116 -> 0
117 -> 0
118 -> 0
119 -> 0
120 -> 0
121 -> 0
122 -> 0
123 -> 0
124 -> 0
125 -> 0
126 -> 0
127 -> 0
128 -> 0
	----------------------
Offset switch to: 2	With score: 1
Offset switch to: 112	With score: 1
Offset switch to: 114	With score: 1
Instructions Retired: 2000003 Cycle: 1268260 Hearbeat IPC: 1.287561 Cumulative IPC: 1.576966
Cycle: 1268260	Best offset: 114	Score: 0	Hit Rate: 0.783817
	---- Offset table ----
Offset -> Score
1 -> 0
2 -> 0
3 -> 0
4 -> 0
5 -> 0
6 -> 0
7 -> 0
8 -> 0
9 -> 0
10 -> 0
11 -> 0
12 -> 0
13 -> 0
14 -> 0
15 -> 0
16 -> 0
17 -> 0
18 -> 0
19 -> 0
20 -> 0
21 -> 0
22 -> 0
23 -> 0
24 -> 0
25 -> 0
26 -> 0
27 -> 0
28 -> 0
29 -> 0
30 -> 0
31 -> 0
32 -> 0
33 -> 0
34 -> 0
35 -> 0
36 -> 0
37 -> 0
38 -> 0
39 -> 0
40 -> 0
41 -> 0
42 -> 0
43 -> 0
44 -> 0
45 -> 0
46 -> 0
47 -> 0
48 -> 0
49 -> 0
50 -> 0
51 -> 0
52 -> 0
53 -> 0
54 -> 0
55 -> 0
56 -> 0
57 -> 0
58 -> 0
59 -> 0
60 -> 0
61 -> 0
62 -> 0
63 -> 0
64 -> 0
65 -> 0
66 -> 0
67 -> 0
68 -> 0
69 -> 0
70 -> 0
71 -> 0
72 -> 0
73 -> 0
74 -> 0
75 -> 0
76 -> 0
77 -> 0
78 -> 0
79 -> 0
80 -> 0
81 -> 0
82 -> 0
83 -> 0
84 -> 0
85 -> 0
86 -> 0
87 -> 0
88 -> 0
89 -> 0
90 -> 0
91 -> 0
92 -> 0
93 -> 0
94 -> 0
95 -> 0
96 -> 0
97 -> 0
98 -> 0
99 -> 0
100 -> 0
101 -> 0
102 -> 0
103 -> 0
104 -> 0
105 -> 0
106 -> 0
107 -> 0
108 -> 0
109 -> 0
110 -> 0
111 -> 0
112 -> 0
113 -> 0
114 -> 0
115 -> 0
116 -> 0
117 -> 0
118 -> 0
119 -> 0
120 -> 0
121 -> 0
122 -> 0
123 -> 0
124 -> 0
125 -> 0
126 -> 0
127 -> 0
128 -> 0
	----------------------
Offset switch to: 60	With score: 1
Offset switch to: 31	With score: 1
Offset switch to: 43	With score: 1
Offset switch to: 43	With score: 2
Offset switch to: 25	With score: 3
Instructions Retired: 2100004 Cycle: 1376940 Hearbeat IPC: 0.920142 Cumulative IPC: 1.525124
Cycle: 1376940	Best offset: 25	Score: 0	Hit Rate: 0.781937
	---- Offset table ----
Offset -> Score
1 -> 0
2 -> 0
3 -> 0
4 -> 0
5 -> 0
6 -> 0
7 -> 0
8 -> 0
9 -> 0
10 -> 0
11 -> 0
12 -> 0
13 -> 0
14 -> 0
15 -> 0
16 -> 0
17 -> 0
18 -> 0
19 -> 0
20 -> 0
21 -> 0
22 -> 0
23 -> 0
24 -> 0
25 -> 0
26 -> 0
27 -> 0
28 -> 0
29 -> 0
30 -> 0
31 -> 0
32 -> 0
33 -> 0
34 -> 0
35 -> 0
36 -> 0
37 -> 0
38 -> 0
39 -> 0
40 -> 0
41 -> 0
42 -> 0
43 -> 0
44 -> 0
45 -> 0
46 -> 0
47 -> 0
48 -> 0
49 -> 0
50 -> 0
51 -> 0
52 -> 0
53 -> 0
54 -> 0
55 -> 0
56 -> 0
57 -> 0
58 -> 0
59 -> 0
60 -> 0
61 -> 0
62 -> 0
63 -> 0
64 -> 0
65 -> 0
66 -> 0
67 -> 0
68 -> 0
69 -> 0
70 -> 0
71 -> 0
72 -> 0
73 -> 0
74 -> 0
75 -> 0
76 -> 0
77 -> 0
78 -> 0
79 -> 0
80 -> 0
81 -> 0
82 -> 0
83 -> 0
84 -> 0
85 -> 0
86 -> 0
87 -> 0
88 -> 0
89 -> 0
90 -> 0
91 -> 0
92 -> 0
93 -> 0
94 -> 0
95 -> 0
96 -> 0
97 -> 0
98 -> 0
99 -> 0
100 -> 0
101 -> 0
102 -> 0
103 -> 0
104 -> 0
105 -> 0
106 -> 0
107 -> 0
108 -> 0
109 -> 0
110 -> 0
111 -> 0
112 -> 0
113 -> 0
114 -> 0
115 -> 0
116 -> 0
117 -> 0
118 -> 0
119 -> 0
120 -> 0
121 -> 0
122 -> 0
123 -> 0
124 -> 0
125 -> 0
126 -> 0
127 -> 0
128 -> 0
	----------------------
Instructions Retired: 2200004 Cycle: 1454866 Hearbeat IPC: 1.283269 Cumulative IPC: 1.512169
Cycle: 1454866	Best offset: 25	Score: 0	Hit Rate: 0.784430
	---- Offset table ----
Offset -> Score
1 -> 0
2 -> 0
3 -> 0
4 -> 0
5 -> 0
6 -> 0
7 -> 0
8 -> 0
9 -> 0
10 -> 0
11 -> 0
12 -> 0
13 -> 0
14 -> 0
15 -> 0
16 -> 0
17 -> 0
18 -> 0
19 -> 0
20 -> 0
21 -> 0
22 -> 0
23 -> 0
24 -> 0
25 -> 0
26 -> 0
27 -> 0
28 -> 0
29 -> 0
30 -> 0
31 -> 0
32 -> 0
33 -> 0
34 -> 0
35 -> 0
36 -> 0
37 -> 0
38 -> 0
39 -> 0
40 -> 0
41 -> 0
42 -> 0
43 -> 0
44 -> 0
45 -> 0
46 -> 0
47 -> 0
48 -> 0
49 -> 0
50 -> 0
51 -> 0
52 -> 0
53 -> 0
54 -> 0
55 -> 0
56 -> 0
57 -> 0
58 -> 0
59 -> 0
60 -> 0
61 -> 0
62 -> 0
63 -> 0
64 -> 0
65 -> 0
66 -> 0
67 -> 0
68 -> 0
69 -> 0
70 -> 0
71 -> 0
72 -> 0
73 -> 0
74 -> 0
75 -> 0
76 -> 0
77 -> 0
78 -> 0
79 -> 0
80 -> 0
81 -> 0
82 -> 0
83 -> 0
84 -> 0
85 -> 0
86 -> 0
87 -> 0
88 -> 0
89 -> 0
90 -> 0
91 -> 0
92 -> 0
93 -> 0
94 -> 0
95 -> 0
96 -> 0
97 -> 0
98 -> 0
99 -> 0
100 -> 0
101 -> 0
102 -> 0
103 -> 0
104 -> 0
105 -> 0
106 -> 0
107 -> 0
108 -> 0
109 -> 0
110 -> 0
111 -> 0
112 -> 0
113 -> 0
114 -> 0
115 -> 0
116 -> 0
117 -> 0
118 -> 0
119 -> 0
120 -> 0
121 -> 0
122 -> 0
123 -> 0
124 -> 0
125 -> 0
126 -> 0
127 -> 0
128 -> 0
	----------------------
Instructions Retired: 2300001 Cycle: 1535380 Hearbeat IPC: 1.241983 Cumulative IPC: 1.498001
Cycle: 1535380	Best offset: 25	Score: 0	Hit Rate: 0.785797
	---- Offset table ----
Offset -> Score
1 -> 0
2 -> 0
3 -> 0
4 -> 0
5 -> 0
6 -> 0
7 -> 0
8 -> 0
9 -> 0
10 -> 0
11 -> 0
12 -> 0
13 -> 0
14 -> 0
15 -> 0
16 -> 0
17 -> 0
18 -> 0
19 -> 0
20 -> 0
21 -> 0
22 -> 0
23 -> 0
24 -> 0
25 -> 0
26 -> 0
27 -> 0
28 -> 0
29 -> 0
30 -> 0
31 -> 0
32 -> 0
33 -> 0
34 -> 0
35 -> 0
36 -> 0
37 -> 0
38 -> 0
39 -> 0
40 -> 0
41 -> 0
42 -> 0
43 -> 0
44 -> 0
45 -> 0
46 -> 0
47 -> 0
48 -> 0
49 -> 0
50 -> 0
51 -> 0
52 -> 0
53 -> 0
54 -> 0
55 -> 0
56 -> 0
57 -> 0
58 -> 0
59 -> 0
60 -> 0
61 -> 0
62 -> 0
63 -> 0
64 -> 0
65 -> 0
66 -> 0
67 -> 0
68 -> 0
69 -> 0
70 -> 0
71 -> 0
72 -> 0
73 -> 0
74 -> 0
75 -> 0
76 -> 0
77 -> 0
78 -> 0
79 -> 0
80 -> 0
81 -> 0
82 -> 0
83 -> 0
84 -> 0
85 -> 0
86 -> 0
87 -> 0
88 -> 0
89 -> 0
90 -> 0
91 -> 0
92 -> 0
93 -> 0
94 -> 0
95 -> 0
96 -> 0
97 -> 0
98 -> 0
99 -> 0
100 -> 0
101 -> 0
102 -> 0
103 -> 0
104 -> 0
105 -> 0
106 -> 0
107 -> 0
108 -> 0
109 -> 0
110 -> 0
111 -> 0
112 -> 0
113 -> 0
114 -> 0
115 -> 0
116 -> 0
117 -> 0
118 -> 0
119 -> 0
120 -> 0
121 -> 0
122 -> 0
123 -> 0
124 -> 0
125 -> 0
126 -> 0
127 -> 0
128 -> 0
	----------------------
Instructions Retired: 2400002 Cycle: 1617638 Hearbeat IPC: 1.215699 Cumulative IPC: 1.483646
Cycle: 1617638	Best offset: 25	Score: 0	Hit Rate: 0.788295
	---- Offset table ----
Offset -> Score
1 -> 0
2 -> 0
3 -> 0
4 -> 0
5 -> 0
6 -> 0
7 -> 0
8 -> 0
9 -> 0
10 -> 0
11 -> 0
12 -> 0
13 -> 0
14 -> 0
15 -> 0
16 -> 0
17 -> 0
18 -> 0
19 -> 0
20 -> 0
21 -> 0
22 -> 0
23 -> 0
24 -> 0
25 -> 0
26 -> 0
27 -> 0
28 -> 0
29 -> 0
30 -> 0
31 -> 0
32 -> 0
33 -> 0
34 -> 0
35 -> 0
36 -> 0
37 -> 0
38 -> 0
39 -> 0
40 -> 0
41 -> 0
42 -> 0
43 -> 0
44 -> 0
45 -> 0
46 -> 0
47 -> 0
48 -> 0
49 -> 0
50 -> 0
51 -> 0
52 -> 0
53 -> 0
54 -> 0
55 -> 0
56 -> 0
57 -> 0
58 -> 0
59 -> 0
60 -> 0
61 -> 0
62 -> 0
63 -> 0
64 -> 0
65 -> 0
66 -> 0
67 -> 0
68 -> 0
69 -> 0
70 -> 0
71 -> 0
72 -> 0
73 -> 0
74 -> 0
75 -> 0
76 -> 0
77 -> 0
78 -> 0
79 -> 0
80 -> 0
81 -> 0
82 -> 0
83 -> 0
84 -> 0
85 -> 0
86 -> 0
87 -> 0
88 -> 0
89 -> 0
90 -> 0
91 -> 0
92 -> 0
93 -> 0
94 -> 0
95 -> 0
96 -> 0
97 -> 0
98 -> 0
99 -> 0
100 -> 0
101 -> 0
102 -> 0
103 -> 0
104 -> 0
105 -> 0
106 -> 0
107 -> 0
108 -> 0
109 -> 0
110 -> 0
111 -> 0
112 -> 0
113 -> 0
114 -> 0
115 -> 0
116 -> 0
117 -> 0
118 -> 0
119 -> 0
120 -> 0
121 -> 0
122 -> 0
123 -> 0
124 -> 0
125 -> 0
126 -> 0
127 -> 0
128 -> 0
	----------------------
Instructions Retired: 2500000 Cycle: 1698306 Hearbeat IPC: 1.239624 Cumulative IPC: 1.472055
Cycle: 1698306	Best offset: 25	Score: 0	Hit Rate: 0.790156
	---- Offset table ----
Offset -> Score
1 -> 0
2 -> 0
3 -> 0
4 -> 0
5 -> 0
6 -> 0
7 -> 0
8 -> 0
9 -> 0
10 -> 0
11 -> 0
12 -> 0
13 -> 0
14 -> 0
15 -> 0
16 -> 0
17 -> 0
18 -> 0
19 -> 0
20 -> 0
21 -> 0
22 -> 0
23 -> 0
24 -> 0
25 -> 0
26 -> 0
27 -> 0
28 -> 0
29 -> 0
30 -> 0
31 -> 0
32 -> 0
33 -> 0
34 -> 0
35 -> 0
36 -> 0
37 -> 0
38 -> 0
39 -> 0
40 -> 0
41 -> 0
42 -> 0
43 -> 0
44 -> 0
45 -> 0
46 -> 0
47 -> 0
48 -> 0
49 -> 0
50 -> 0
51 -> 0
52 -> 0
53 -> 0
54 -> 0
55 -> 0
56 -> 0
57 -> 0
58 -> 0
59 -> 0
60 -> 0
61 -> 0
62 -> 0
63 -> 0
64 -> 0
65 -> 0
66 -> 0
67 -> 0
68 -> 0
69 -> 0
70 -> 0
71 -> 0
72 -> 0
73 -> 0
74 -> 0
75 -> 0
76 -> 0
77 -> 0
78 -> 0
79 -> 0
80 -> 0
81 -> 0
82 -> 0
83 -> 0
84 -> 0
85 -> 0
86 -> 0
87 -> 0
88 -> 0
89 -> 0
90 -> 0
91 -> 0
92 -> 0
93 -> 0
94 -> 0
95 -> 0
96 -> 0
97 -> 0
98 -> 0
99 -> 0
100 -> 0
101 -> 0
102 -> 0
103 -> 0
104 -> 0
105 -> 0
106 -> 0
107 -> 0
108 -> 0
109 -> 0
110 -> 0
111 -> 0
112 -> 0
113 -> 0
114 -> 0
115 -> 0
116 -> 0
117 -> 0
118 -> 0
119 -> 0
120 -> 0
121 -> 0
122 -> 0
123 -> 0
124 -> 0
125 -> 0
126 -> 0
127 -> 0
128 -> 0
	----------------------
Instructions Retired: 2600002 Cycle: 1779147 Hearbeat IPC: 1.237021 Cumulative IPC: 1.461376
Cycle: 1779147	Best offset: 25	Score: 0	Hit Rate: 0.791336
	---- Offset table ----
Offset -> Score
1 -> 0
2 -> 0
3 -> 0
4 -> 0
5 -> 0
6 -> 0
7 -> 0
8 -> 0
9 -> 0
10 -> 0
11 -> 0
12 -> 0
13 -> 0
14 -> 0
15 -> 0
16 -> 0
17 -> 0
18 -> 0
19 -> 0
20 -> 0
21 -> 0
22 -> 0
23 -> 0
24 -> 0
25 -> 0
26 -> 0
27 -> 0
28 -> 0
29 -> 0
30 -> 0
31 -> 0
32 -> 0
33 -> 0
34 -> 0
35 -> 0
36 -> 0
37 -> 0
38 -> 0
39 -> 0
40 -> 0
41 -> 0
42 -> 0
43 -> 0
44 -> 0
45 -> 0
46 -> 0
47 -> 0
48 -> 0
49 -> 0
50 -> 0
51 -> 0
52 -> 0
53 -> 0
54 -> 0
55 -> 0
56 -> 0
57 -> 0
58 -> 0
59 -> 0
60 -> 0
61 -> 0
62 -> 0
63 -> 0
64 -> 0
65 -> 0
66 -> 0
67 -> 0
68 -> 0
69 -> 0
70 -> 0
71 -> 0
72 -> 0
73 -> 0
74 -> 0
75 -> 0
76 -> 0
77 -> 0
78 -> 0
79 -> 0
80 -> 0
81 -> 0
82 -> 0
83 -> 0
84 -> 0
85 -> 0
86 -> 0
87 -> 0
88 -> 0
89 -> 0
90 -> 0
91 -> 0
92 -> 0
93 -> 0
94 -> 0
95 -> 0
96 -> 0
97 -> 0
98 -> 0
99 -> 0
100 -> 0
101 -> 0
102 -> 0
103 -> 0
104 -> 0
105 -> 0
106 -> 0
107 -> 0
108 -> 0
109 -> 0
110 -> 0
111 -> 0
112 -> 0
113 -> 0
114 -> 0
115 -> 0
116 -> 0
117 -> 0
118 -> 0
119 -> 0
120 -> 0
121 -> 0
122 -> 0
123 -> 0
124 -> 0
125 -> 0
126 -> 0
127 -> 0
128 -> 0
	----------------------
Instructions Retired: 2700000 Cycle: 1867962 Hearbeat IPC: 1.125913 Cumulative IPC: 1.445426
Cycle: 1867962	Best offset: 25	Score: 0	Hit Rate: 0.792499
	---- Offset table ----
Offset -> Score
1 -> 0
2 -> 0
3 -> 0
4 -> 0
5 -> 0
6 -> 0
7 -> 0
8 -> 0
9 -> 0
10 -> 0
11 -> 0
12 -> 0
13 -> 0
14 -> 0
15 -> 0
16 -> 0
17 -> 0
18 -> 0
19 -> 0
20 -> 0
21 -> 0
22 -> 0
23 -> 0
24 -> 0
25 -> 0
26 -> 0
27 -> 0
28 -> 0
29 -> 0
30 -> 0
31 -> 0
32 -> 0
33 -> 0
34 -> 0
35 -> 0
36 -> 0
37 -> 0
38 -> 0
39 -> 0
40 -> 0
41 -> 0
42 -> 0
43 -> 0
44 -> 0
45 -> 0
46 -> 0
47 -> 0
48 -> 0
49 -> 0
50 -> 0
51 -> 0
52 -> 0
53 -> 0
54 -> 0
55 -> 0
56 -> 0
57 -> 0
58 -> 0
59 -> 0
60 -> 0
61 -> 0
62 -> 0
63 -> 0
64 -> 0
65 -> 0
66 -> 0
67 -> 0
68 -> 0
69 -> 0
70 -> 0
71 -> 0
72 -> 0
73 -> 0
74 -> 0
75 -> 0
76 -> 0
77 -> 0
78 -> 0
79 -> 0
80 -> 0
81 -> 0
82 -> 0
83 -> 0
84 -> 0
85 -> 0
86 -> 0
87 -> 0
88 -> 0
89 -> 0
90 -> 0
91 -> 0
92 -> 0
93 -> 0
94 -> 0
95 -> 0
96 -> 0
97 -> 0
98 -> 0
99 -> 0
100 -> 0
101 -> 0
102 -> 0
103 -> 0
104 -> 0
105 -> 0
106 -> 0
107 -> 0
108 -> 0
109 -> 0
110 -> 0
111 -> 0
112 -> 0
113 -> 0
114 -> 0
115 -> 0
116 -> 0
117 -> 0
118 -> 0
119 -> 0
120 -> 0
121 -> 0
122 -> 0
123 -> 0
124 -> 0
125 -> 0
126 -> 0
127 -> 0
128 -> 0
	----------------------
Instructions Retired: 2800000 Cycle: 1950145 Hearbeat IPC: 1.216797 Cumulative IPC: 1.435791
Cycle: 1950145	Best offset: 25	Score: 0	Hit Rate: 0.794654
	---- Offset table ----
Offset -> Score
1 -> 0
2 -> 0
3 -> 0
4 -> 0
5 -> 0
6 -> 0
7 -> 0
8 -> 0
9 -> 0
10 -> 0
11 -> 0
12 -> 0
13 -> 0
14 -> 0
15 -> 0
16 -> 0
17 -> 0
18 -> 0
19 -> 0
20 -> 0
21 -> 0
22 -> 0
23 -> 0
24 -> 0
25 -> 0
26 -> 0
27 -> 0
28 -> 0
29 -> 0
30 -> 0
31 -> 0
32 -> 0
33 -> 0
34 -> 0
35 -> 0
36 -> 0
37 -> 0
38 -> 0
39 -> 0
40 -> 0
41 -> 0
42 -> 0
43 -> 0
44 -> 0
45 -> 0
46 -> 0
47 -> 0
48 -> 0
49 -> 0
50 -> 0
51 -> 0
52 -> 0
53 -> 0
54 -> 0
55 -> 0
56 -> 0
57 -> 0
58 -> 0
59 -> 0
60 -> 0
61 -> 0
62 -> 0
63 -> 0
64 -> 0
65 -> 0
66 -> 0
67 -> 0
68 -> 0
69 -> 0
70 -> 0
71 -> 0
72 -> 0
73 -> 0
74 -> 0
75 -> 0
76 -> 0
77 -> 0
78 -> 0
79 -> 0
80 -> 0
81 -> 0
82 -> 0
83 -> 0
84 -> 0
85 -> 0
86 -> 0
87 -> 0
88 -> 0
89 -> 0
90 -> 0
91 -> 0
92 -> 0
93 -> 0
94 -> 0
95 -> 0
96 -> 0
97 -> 0
98 -> 0
99 -> 0
100 -> 0
101 -> 0
102 -> 0
103 -> 0
104 -> 0
105 -> 0
106 -> 0
107 -> 0
108 -> 0
109 -> 0
110 -> 0
111 -> 0
112 -> 0
113 -> 0
114 -> 0
115 -> 0
116 -> 0
117 -> 0
118 -> 0
119 -> 0
120 -> 0
121 -> 0
122 -> 0
123 -> 0
124 -> 0
125 -> 0
126 -> 0
127 -> 0
128 -> 0
	----------------------
Instructions Retired: 2900001 Cycle: 2022911 Hearbeat IPC: 1.374282 Cumulative IPC: 1.433578
Cycle: 2022911	Best offset: 25	Score: 0	Hit Rate: 0.796125
	---- Offset table ----
Offset -> Score
1 -> 0
2 -> 0
3 -> 0
4 -> 0
5 -> 0
6 -> 0
7 -> 0
8 -> 0
9 -> 0
10 -> 0
11 -> 0
12 -> 0
13 -> 0
14 -> 0
15 -> 0
16 -> 0
17 -> 0
18 -> 0
19 -> 0
20 -> 0
21 -> 0
22 -> 0
23 -> 0
24 -> 0
25 -> 0
26 -> 0
27 -> 0
28 -> 0
29 -> 0
30 -> 0
31 -> 0
32 -> 0
33 -> 0
34 -> 0
35 -> 0
36 -> 0
37 -> 0
38 -> 0
39 -> 0
40 -> 0
41 -> 0
42 -> 0
43 -> 0
44 -> 0
45 -> 0
46 -> 0
47 -> 0
48 -> 0
49 -> 0
50 -> 0
51 -> 0
52 -> 0
53 -> 0
54 -> 0
55 -> 0
56 -> 0
57 -> 0
58 -> 0
59 -> 0
60 -> 0
61 -> 0
62 -> 0
63 -> 0
64 -> 0
65 -> 0
66 -> 0
67 -> 0
68 -> 0
69 -> 0
70 -> 0
71 -> 0
72 -> 0
73 -> 0
74 -> 0
75 -> 0
76 -> 0
77 -> 0
78 -> 0
79 -> 0
80 -> 0
81 -> 0
82 -> 0
83 -> 0
84 -> 0
85 -> 0
86 -> 0
87 -> 0
88 -> 0
89 -> 0
90 -> 0
91 -> 0
92 -> 0
93 -> 0
94 -> 0
95 -> 0
96 -> 0
97 -> 0
98 -> 0
99 -> 0
100 -> 0
101 -> 0
102 -> 0
103 -> 0
104 -> 0
105 -> 0
106 -> 0
107 -> 0
108 -> 0
109 -> 0
110 -> 0
111 -> 0
112 -> 0
113 -> 0
114 -> 0
115 -> 0
116 -> 0
117 -> 0
118 -> 0
119 -> 0
120 -> 0
121 -> 0
122 -> 0
123 -> 0
124 -> 0
125 -> 0
126 -> 0
127 -> 0
128 -> 0
	----------------------
Instructions Retired: 3000002 Cycle: 2105854 Hearbeat IPC: 1.205659 Cumulative IPC: 1.424601
Cycle: 2105854	Best offset: 25	Score: 0	Hit Rate: 0.796771
	---- Offset table ----
Offset -> Score
1 -> 0
2 -> 0
3 -> 0
4 -> 0
5 -> 0
6 -> 0
7 -> 0
8 -> 0
9 -> 0
10 -> 0
11 -> 0
12 -> 0
13 -> 0
14 -> 0
15 -> 0
16 -> 0
17 -> 0
18 -> 0
19 -> 0
20 -> 0
21 -> 0
22 -> 0
23 -> 0
24 -> 0
25 -> 0
26 -> 0
27 -> 0
28 -> 0
29 -> 0
30 -> 0
31 -> 0
32 -> 0
33 -> 0
34 -> 0
35 -> 0
36 -> 0
37 -> 0
38 -> 0
39 -> 0
40 -> 0
41 -> 0
42 -> 0
43 -> 0
44 -> 0
45 -> 0
46 -> 0
47 -> 0
48 -> 0
49 -> 0
50 -> 0
51 -> 0
52 -> 0
53 -> 0
54 -> 0
55 -> 0
56 -> 0
57 -> 0
58 -> 0
59 -> 0
60 -> 0
61 -> 0
62 -> 0
63 -> 0
64 -> 0
65 -> 0
66 -> 0
67 -> 0
68 -> 0
69 -> 0
70 -> 0
71 -> 0
72 -> 0
73 -> 0
74 -> 0
75 -> 0
76 -> 0
77 -> 0
78 -> 0
79 -> 0
80 -> 0
81 -> 0
82 -> 0
83 -> 0
84 -> 0
85 -> 0
86 -> 0
87 -> 0
88 -> 0
89 -> 0
90 -> 0
91 -> 0
92 -> 0
93 -> 0
94 -> 0
95 -> 0
96 -> 0
97 -> 0
98 -> 0
99 -> 0
100 -> 0
101 -> 0
102 -> 0
103 -> 0
104 -> 0
105 -> 0
106 -> 0
107 -> 0
108 -> 0
109 -> 0
110 -> 0
111 -> 0
112 -> 0
113 -> 0
114 -> 0
115 -> 0
116 -> 0
117 -> 0
118 -> 0
119 -> 0
120 -> 0
121 -> 0
122 -> 0
123 -> 0
124 -> 0
125 -> 0
126 -> 0
127 -> 0
128 -> 0
	----------------------

Simulation complete. Instructions retired: 3099754 Cycles elapsed: 2220077 IPC: 1.396237

Prefetcher final stats
