
*** Data Prefetching Championship 2 Simulator ***

Warmup Instructions: 10000000
Simulation Instructions: 100000000
Scramble loads OFF
Using 256KB Last Level Cache
Using 12.8 GB/s DRAM bandwidth
AMPM Lite Prefetcher
Knobs visible from prefetcher: 0 1 0
Instructions Retired: 100001 Cycle: 51286 Hearbeat IPC: 1.949869 Cumulative IPC: 1.949869
Prefetcher heartbeat stats
Instructions Retired: 200000 Cycle: 86267 Hearbeat IPC: 2.858666 Cumulative IPC: 2.318384
Prefetcher heartbeat stats
Instructions Retired: 300003 Cycle: 119693 Hearbeat IPC: 2.991773 Cumulative IPC: 2.506437
Prefetcher heartbeat stats
Instructions Retired: 400002 Cycle: 151826 Hearbeat IPC: 3.112034 Cumulative IPC: 2.634608
Prefetcher heartbeat stats
Instructions Retired: 500000 Cycle: 316010 Hearbeat IPC: 0.609061 Cumulative IPC: 1.582228
Prefetcher heartbeat stats
Instructions Retired: 600001 Cycle: 445994 Hearbeat IPC: 0.769333 Cumulative IPC: 1.345312
Prefetcher heartbeat stats
Instructions Retired: 700001 Cycle: 485011 Hearbeat IPC: 2.562985 Cumulative IPC: 1.443268
Prefetcher heartbeat stats
Instructions Retired: 800000 Cycle: 519757 Hearbeat IPC: 2.878000 Cumulative IPC: 1.539181
Prefetcher heartbeat stats
Instructions Retired: 900001 Cycle: 555159 Hearbeat IPC: 2.824728 Cumulative IPC: 1.621159
Prefetcher heartbeat stats
Instructions Retired: 1000002 Cycle: 587203 Hearbeat IPC: 3.120740 Cumulative IPC: 1.702992
Prefetcher heartbeat stats
Instructions Retired: 1100000 Cycle: 619437 Hearbeat IPC: 3.102252 Cumulative IPC: 1.775806
Prefetcher heartbeat stats
Instructions Retired: 1200000 Cycle: 751537 Hearbeat IPC: 0.757002 Cumulative IPC: 1.596728
Prefetcher heartbeat stats
Instructions Retired: 1300001 Cycle: 916865 Hearbeat IPC: 0.604864 Cumulative IPC: 1.417876
Prefetcher heartbeat stats
Instructions Retired: 1400000 Cycle: 955667 Hearbeat IPC: 2.577161 Cumulative IPC: 1.464945
Prefetcher heartbeat stats
Instructions Retired: 1500003 Cycle: 989822 Hearbeat IPC: 2.927917 Cumulative IPC: 1.515427
Prefetcher heartbeat stats
Instructions Retired: 1600000 Cycle: 1026227 Hearbeat IPC: 2.746793 Cumulative IPC: 1.559109
Prefetcher heartbeat stats
Instructions Retired: 1700000 Cycle: 1058143 Hearbeat IPC: 3.133225 Cumulative IPC: 1.606588
Prefetcher heartbeat stats
Instructions Retired: 1800000 Cycle: 1090490 Hearbeat IPC: 3.091477 Cumulative IPC: 1.650634
Prefetcher heartbeat stats
Instructions Retired: 1900001 Cycle: 1188024 Hearbeat IPC: 1.025294 Cumulative IPC: 1.599295
Prefetcher heartbeat stats
Instructions Retired: 2000004 Cycle: 1387896 Hearbeat IPC: 0.500335 Cumulative IPC: 1.441033
Prefetcher heartbeat stats
Instructions Retired: 2100001 Cycle: 1425581 Hearbeat IPC: 2.653496 Cumulative IPC: 1.473084
Prefetcher heartbeat stats
Instructions Retired: 2200000 Cycle: 1460371 Hearbeat IPC: 2.874361 Cumulative IPC: 1.506467
Prefetcher heartbeat stats
Instructions Retired: 2300001 Cycle: 1496184 Hearbeat IPC: 2.792310 Cumulative IPC: 1.537245
Prefetcher heartbeat stats
Instructions Retired: 2400001 Cycle: 1528072 Hearbeat IPC: 3.135976 Cumulative IPC: 1.570607
Prefetcher heartbeat stats
Instructions Retired: 2500000 Cycle: 1560352 Hearbeat IPC: 3.097862 Cumulative IPC: 1.602203
Prefetcher heartbeat stats
Instructions Retired: 2600000 Cycle: 1623769 Hearbeat IPC: 1.576864 Cumulative IPC: 1.601213
Prefetcher heartbeat stats
Instructions Retired: 2700003 Cycle: 1912605 Hearbeat IPC: 0.346228 Cumulative IPC: 1.411689
Prefetcher heartbeat stats
Instructions Retired: 2800002 Cycle: 1946178 Hearbeat IPC: 2.978554 Cumulative IPC: 1.438718
Prefetcher heartbeat stats
Instructions Retired: 2900004 Cycle: 1986630 Hearbeat IPC: 2.472115 Cumulative IPC: 1.459761
Prefetcher heartbeat stats
Instructions Retired: 3000000 Cycle: 2023663 Hearbeat IPC: 2.700186 Cumulative IPC: 1.482460
Prefetcher heartbeat stats

Simulation complete. Instructions retired: 3099755 Cycles elapsed: 2055689 IPC: 1.507891

Prefetcher final stats
