
*** Data Prefetching Championship 2 Simulator ***

Warmup Instructions: 0
Simulation Instructions: 100000000
Scramble loads OFF
Using 256KB Last Level Cache
Using 12.8 GB/s DRAM bandwidth
IP-based Stride Prefetcher
Knobs visible from prefetcher: 0 1 0

Warmup complete. Instructions retired: 1 Cycles elapsed: 2 IPC: 0.500000
Prefetcher warmup complete stats

Instructions Retired: 100001 Cycle: 51401 Hearbeat IPC: 1.945507 Cumulative IPC: 1.945507
Prefetcher heartbeat stats
Instructions Retired: 200000 Cycle: 87212 Hearbeat IPC: 2.792410 Cumulative IPC: 2.293262
Prefetcher heartbeat stats
Instructions Retired: 300003 Cycle: 121004 Hearbeat IPC: 2.959369 Cumulative IPC: 2.479282
Prefetcher heartbeat stats
Instructions Retired: 400002 Cycle: 153162 Hearbeat IPC: 3.109615 Cumulative IPC: 2.611627
Prefetcher heartbeat stats
Instructions Retired: 500000 Cycle: 321824 Hearbeat IPC: 0.592890 Cumulative IPC: 1.553644
Prefetcher heartbeat stats
Instructions Retired: 600001 Cycle: 455257 Hearbeat IPC: 0.749447 Cumulative IPC: 1.317939
Prefetcher heartbeat stats
Instructions Retired: 700001 Cycle: 495321 Hearbeat IPC: 2.496006 Cumulative IPC: 1.413227
Prefetcher heartbeat stats
Instructions Retired: 800000 Cycle: 530984 Hearbeat IPC: 2.803998 Cumulative IPC: 1.506637
Prefetcher heartbeat stats
Instructions Retired: 900001 Cycle: 567616 Hearbeat IPC: 2.729881 Cumulative IPC: 1.585581
Prefetcher heartbeat stats
Instructions Retired: 1000002 Cycle: 599675 Hearbeat IPC: 3.119280 Cumulative IPC: 1.667573
Prefetcher heartbeat stats
Instructions Retired: 1100000 Cycle: 631930 Hearbeat IPC: 3.100233 Cumulative IPC: 1.740699
Prefetcher heartbeat stats
Instructions Retired: 1200000 Cycle: 767166 Hearbeat IPC: 0.739448 Cumulative IPC: 1.564199
Prefetcher heartbeat stats
Instructions Retired: 1300001 Cycle: 933862 Hearbeat IPC: 0.599900 Cumulative IPC: 1.392070
Prefetcher heartbeat stats
Instructions Retired: 1400000 Cycle: 973902 Hearbeat IPC: 2.497478 Cumulative IPC: 1.437516
Prefetcher heartbeat stats
Instructions Retired: 1500003 Cycle: 1008281 Hearbeat IPC: 2.908840 Cumulative IPC: 1.487684
Prefetcher heartbeat stats
Instructions Retired: 1600000 Cycle: 1045751 Hearbeat IPC: 2.668722 Cumulative IPC: 1.530001
Prefetcher heartbeat stats
Instructions Retired: 1700000 Cycle: 1077684 Hearbeat IPC: 3.131557 Cumulative IPC: 1.577457
Prefetcher heartbeat stats
Instructions Retired: 1800000 Cycle: 1109936 Hearbeat IPC: 3.100583 Cumulative IPC: 1.621715
Prefetcher heartbeat stats
Instructions Retired: 1900001 Cycle: 1207973 Hearbeat IPC: 1.020033 Cumulative IPC: 1.572884
Prefetcher heartbeat stats
Instructions Retired: 2000004 Cycle: 1412212 Hearbeat IPC: 0.489637 Cumulative IPC: 1.416221
Prefetcher heartbeat stats
Instructions Retired: 2100001 Cycle: 1450567 Hearbeat IPC: 2.607144 Cumulative IPC: 1.447710
Prefetcher heartbeat stats
Instructions Retired: 2200000 Cycle: 1486014 Hearbeat IPC: 2.821085 Cumulative IPC: 1.480471
Prefetcher heartbeat stats
Instructions Retired: 2300001 Cycle: 1523785 Hearbeat IPC: 2.647560 Cumulative IPC: 1.509400
Prefetcher heartbeat stats
Instructions Retired: 2400001 Cycle: 1555679 Hearbeat IPC: 3.135386 Cumulative IPC: 1.542735
Prefetcher heartbeat stats
Instructions Retired: 2500000 Cycle: 1587902 Hearbeat IPC: 3.103342 Cumulative IPC: 1.574404
Prefetcher heartbeat stats
Instructions Retired: 2600000 Cycle: 1652782 Hearbeat IPC: 1.541307 Cumulative IPC: 1.573105
Prefetcher heartbeat stats
Instructions Retired: 2700003 Cycle: 1955853 Hearbeat IPC: 0.329966 Cumulative IPC: 1.380473
Prefetcher heartbeat stats
Instructions Retired: 2800001 Cycle: 1990091 Hearbeat IPC: 2.920673 Cumulative IPC: 1.406971
Prefetcher heartbeat stats
Instructions Retired: 2900004 Cycle: 2031681 Hearbeat IPC: 2.404496 Cumulative IPC: 1.427391
Prefetcher heartbeat stats
Instructions Retired: 3000000 Cycle: 2070127 Hearbeat IPC: 2.600947 Cumulative IPC: 1.449186
Prefetcher heartbeat stats

Simulation complete. Instructions retired: 3099754 Cycles elapsed: 2102183 IPC: 1.474541

Prefetcher final stats
