
*** Data Prefetching Championship 2 Simulator ***

Warmup Instructions: 0
Simulation Instructions: 100000000
Scramble loads OFF
Using 256KB Last Level Cache
Using 12.8 GB/s DRAM bandwidth
Knobs visible from prefetcher: 0 1 0
Resetting history queue.
Setting up the minimum score
Resetting offset table
Setting initial offset to 1
Tag offset: 6
Resetting rable rounds
Resetting gauge

Warmup complete. Instructions retired: 1 Cycles elapsed: 2 IPC: 0.500000
Instructions Retired: 100001 Cycle: 49807 Hearbeat IPC: 2.007770 Cumulative IPC: 2.007770
Instructions Retired: 200000 Cycle: 84820 Hearbeat IPC: 2.856053 Cumulative IPC: 2.357934
Instructions Retired: 300003 Cycle: 118586 Hearbeat IPC: 2.961648 Cumulative IPC: 2.529835
Instructions Retired: 400002 Cycle: 150853 Hearbeat IPC: 3.099111 Cumulative IPC: 2.651601
Instructions Retired: 500000 Cycle: 358192 Hearbeat IPC: 0.482292 Cumulative IPC: 1.395899
Offset switch to: -11	With score: 20
Instructions Retired: 600001 Cycle: 509838 Hearbeat IPC: 0.659437 Cumulative IPC: 1.176846
Instructions Retired: 700001 Cycle: 549129 Hearbeat IPC: 2.545112 Cumulative IPC: 1.274748
Instructions Retired: 800000 Cycle: 585178 Hearbeat IPC: 2.773974 Cumulative IPC: 1.367105
Instructions Retired: 900001 Cycle: 621661 Hearbeat IPC: 2.741030 Cumulative IPC: 1.447736
Instructions Retired: 1000002 Cycle: 653960 Hearbeat IPC: 3.096102 Cumulative IPC: 1.529149
Instructions Retired: 1100000 Cycle: 686427 Hearbeat IPC: 3.079989 Cumulative IPC: 1.602501
Offset switch to: 1	With score: 22
Instructions Retired: 1200000 Cycle: 852206 Hearbeat IPC: 0.603213 Cumulative IPC: 1.408110
Instructions Retired: 1300001 Cycle: 1046640 Hearbeat IPC: 0.514318 Cumulative IPC: 1.242071
Instructions Retired: 1400000 Cycle: 1086836 Hearbeat IPC: 2.487785 Cumulative IPC: 1.288143
Instructions Retired: 1500003 Cycle: 1120953 Hearbeat IPC: 2.931178 Cumulative IPC: 1.338150
Instructions Retired: 1600000 Cycle: 1157110 Hearbeat IPC: 2.765633 Cumulative IPC: 1.382755
Instructions Retired: 1700000 Cycle: 1189151 Hearbeat IPC: 3.121001 Cumulative IPC: 1.429591
Instructions Retired: 1800000 Cycle: 1221433 Hearbeat IPC: 3.097702 Cumulative IPC: 1.473679
Instructions Retired: 1900001 Cycle: 1346865 Hearbeat IPC: 0.797253 Cumulative IPC: 1.410684
Offset switch to: 5	With score: 19
Instructions Retired: 2000004 Cycle: 1587898 Hearbeat IPC: 0.414893 Cumulative IPC: 1.259529
Instructions Retired: 2100001 Cycle: 1626688 Hearbeat IPC: 2.577907 Cumulative IPC: 1.290967
Instructions Retired: 2200000 Cycle: 1662642 Hearbeat IPC: 2.781304 Cumulative IPC: 1.323195
Instructions Retired: 2300001 Cycle: 1699370 Hearbeat IPC: 2.722746 Cumulative IPC: 1.353443
Instructions Retired: 2400001 Cycle: 1731399 Hearbeat IPC: 3.122170 Cumulative IPC: 1.386163
Instructions Retired: 2500000 Cycle: 1763641 Hearbeat IPC: 3.101514 Cumulative IPC: 1.417522
Instructions Retired: 2600000 Cycle: 1836223 Hearbeat IPC: 1.377752 Cumulative IPC: 1.415950
Offset switch to: 1	With score: 26
Instructions Retired: 2700003 Cycle: 2187816 Hearbeat IPC: 0.284428 Cumulative IPC: 1.234109
Instructions Retired: 2800001 Cycle: 2221114 Hearbeat IPC: 3.003123 Cumulative IPC: 1.260629
Instructions Retired: 2900004 Cycle: 2262956 Hearbeat IPC: 2.390015 Cumulative IPC: 1.281511
Offset switch to: -25	With score: 27
Instructions Retired: 3000000 Cycle: 2299323 Hearbeat IPC: 2.749636 Cumulative IPC: 1.304732

Simulation complete. Instructions retired: 3099754 Cycles elapsed: 2331429 IPC: 1.329551

