
*** Data Prefetching Championship 2 Simulator ***

Warmup Instructions: 10000000
Simulation Instructions: 100000000
Scramble loads OFF
Using 256KB Last Level Cache
Using 12.8 GB/s DRAM bandwidth
Knobs visible from prefetcher: 0 1 0
Resetting history queue.
Resetting offset table
Setting initial offset to 1
Tag offset: 6
Ressetting hit rate
Index 23
Index 6
Index 53
Index 53
Index 42
Index 15
Index 23
Index 8
Index 17
Index 35
Index 15
Index 45
Index 19
Index 7
Index 38
Index 9
Index 2
Index 2
Index 28
Index 12
Index 9
Index 53
Index 18
Index 58
Index 46
Index 7
Index 8
Index 11
Index 26
Index 21
Index 44
Index 44
Index 9
Index 26
Index 26
Index 44
Index 31
Index 0
Index 32
Index 43
Index 53
Index 15
Index 51
Index 5
Index 25
Index 8
Index 43
Index 16
Index 55
Index 7
Index 38
Index 24
Index 46
Index 26
Index 2
Index 2
Index 58
Index 46
Index 46
Index 10
Index 15
Index 40
Index 40
Index 10
Index 37
Index 11
Index 11
Index 11
Index 11
Index 11
Index 57
Index 56
Index 24
Index 11
Index 55
Instructions Retired: 100001 Cycle: 49818 Hearbeat IPC: 2.007327 Cumulative IPC: 2.007327
Cycle: 49818	Best offset: 1	Score: 0	Hit Rate: 0.451220
Index 28
Index 1
Index 1
Index 40
Index 18
Index 18
Index 34
Index 3
Index 13
Index 11
Index 40
Index 13
Index 12
Index 20
Index 2
Index 43
Index 9
Index 9
Index 63
Index 14
Index 59
Index 60
Index 33
Index 37
Index 37
Index 35
Index 35
Index 41
Index 36
Index 13
Index 60
Index 22
Index 5
Index 60
Index 36
Index 22
Index 35
Index 35
Index 21
Index 52
Index 15
Index 49
Index 46
Index 49
Index 46
Index 58
Instructions Retired: 200000 Cycle: 84749 Hearbeat IPC: 2.862758 Cumulative IPC: 2.359910
Cycle: 84749	Best offset: 1	Score: 0	Hit Rate: 0.590909
Index 26
Index 7
Index 62
Index 24
Index 15
Index 17
Index 42
Index 43
Index 24
Index 39
Index 7
Index 39
Index 32
Index 42
Index 42
Index 42
Index 5
Instructions Retired: 300003 Cycle: 118552 Hearbeat IPC: 2.958406 Cumulative IPC: 2.530560
Cycle: 118552	Best offset: 1	Score: 0	Hit Rate: 0.611842
Index 42
Index 11
Index 5
Index 5
Index 37
Index 38
Index 5
Index 7
Index 30
Instructions Retired: 400002 Cycle: 150786 Hearbeat IPC: 3.102283 Cumulative IPC: 2.652779
Cycle: 150786	Best offset: 1	Score: 0	Hit Rate: 0.632399
Index 21
Index 4
Index 38
Index 38
Index 38
Index 0
Index 63
Index 14
Index 45
Index 63
Index 0
Index 45
Index 56
Index 30
Index 22
Index 43
Index 23
Index 23
Index 51
Index 37
Index 37
Index 57
Index 35
Index 35
Index 63
Index 51
Index 49
Index 52
Index 47
Index 34
Index 43
Index 48
Index 62
Index 30
Index 48
Index 14
Index 62
Index 63
Index 7
Index 34
Index 27
Index 27
Index 53
Index 15
Index 42
Index 34
Index 35
Index 49
Index 48
Index 30
Index 45
Index 45
Index 0
Index 45
Index 53
Index 25
Index 25
Index 50
Index 49
Index 43
Index 32
Index 49
Index 36
Index 26
Index 28
Index 60
Index 27
Index 35
Index 29
Index 6
Offset switch to: 83	With score: 1
Index 42
Index 30
Index 59
Index 29
Index 58
Index 31
Index 56
Index 23
Index 23
Index 23
Index 3
Index 35
Index 9
Index 35
Index 24
Index 5
Index 45
Index 61
Index 4
Index 54
Index 36
Index 9
Index 31
Index 32
Index 40
Index 10
Index 29
Index 44
Index 53
Index 42
Index 58
Index 60
Index 32
Index 6
Index 20
Index 39
Index 30
Index 31
Index 52
Index 43
Index 20
Index 6
Index 39
Index 17
Index 59
Index 38
Index 56
Index 38
Index 31
Index 7
Index 3
Index 28
Index 50
Index 16
Index 28
Index 61
Index 17
Index 27
Index 43
Index 52
Index 55
Index 45
Index 46
Index 25
Index 25
Index 25
Index 10
Index 3
Index 52
Index 16
Index 42
Index 63
Index 11
Index 12
Index 23
Index 12
Index 11
Index 45
Index 61
Index 3
Index 51
Index 0
Index 30
Index 34
Index 19
Index 17
Index 9
Index 57
Index 16
Index 62
Index 20
Index 28
Index 27
Index 17
Index 39
Index 11
Index 53
Index 37
Index 28
Index 19
Index 25
Index 31
Index 26
Index 58
Index 16
Index 39
Index 58
Index 44
Index 37
Index 30
Index 23
Index 28
Index 36
Index 15
Index 31
Index 30
Index 4
Index 0
Index 15
Index 32
Index 60
Index 38
Index 5
Index 6
Index 50
Index 2
Index 31
Index 61
Index 26
Index 6
Index 16
Index 1
Index 22
Index 1
Index 51
Index 49
Index 61
Offset switch to: 75	With score: 1
Index 47
Index 63
Index 10
Index 38
Index 51
Index 26
Index 56
Index 61
Index 5
Index 2
Index 6
Index 54
Index 60
Index 6
Index 30
Index 37
Index 54
Index 54
Index 43
Index 15
Index 10
Index 58
Index 49
Index 21
Index 15
Index 19
Index 56
Index 50
Index 16
Index 1
Index 34
Index 16
Index 35
Index 57
Index 7
Index 16
Index 0
Index 33
Index 17
Index 6
Index 60
Index 23
Index 36
Index 26
Index 8
Index 25
Index 13
Index 26
Index 1
Index 48
Index 23
Index 23
Index 61
Index 10
Index 34
Index 63
Index 54
Index 27
Index 36
Index 38
Index 23
Index 43
Index 19
Index 51
Index 51
Index 39
Index 60
Index 36
Index 34
Index 43
Index 56
Index 43
Index 17
Index 53
Index 51
Index 62
Index 25
Index 38
Index 12
Index 43
Index 43
Index 43
Index 37
Index 0
Index 45
Index 44
Index 8
Index 30
Index 12
Index 16
Index 26
Index 60
Index 13
Index 49
Index 6
Index 33
Index 1
Index 2
Index 30
Index 13
Index 16
Index 53
Index 55
Index 60
Index 9
Index 39
Index 39
Index 39
Index 53
Index 18
Index 10
Index 15
Index 37
Index 41
Index 28
Index 9
Index 15
Index 8
Index 48
Index 11
Index 48
Index 48
Index 48
Index 48
Index 57
Index 38
Index 54
Index 54
Index 10
Index 8
Index 30
Index 33
Index 2
Index 11
Index 47
Index 6
Index 62
Index 63
Index 32
Index 34
Index 16
Index 5
Index 37
Index 16
Index 5
Index 19
Index 7
Index 34
Index 23
Index 28
Index 2
Index 59
Index 35
Index 50
Index 26
Index 27
Index 24
Index 16
Index 13
Index 14
Index 26
Index 25
Index 36
Index 21
Index 54
Index 12
Index 52
Index 26
Index 33
Index 9
Index 36
Index 34
Index 6
Index 35
Index 13
Index 28
Index 30
Index 43
Index 43
Index 43
Index 1
Index 41
Index 62
Index 26
Index 8
Index 14
Index 36
Index 26
Index 8
Index 14
Index 22
Index 37
Index 13
Index 38
Index 10
Index 20
Index 5
Index 50
Index 39
Index 36
Index 28
Index 55
Index 56
Index 12
Index 47
Index 24
Index 19
Index 19
Index 31
Index 60
Index 46
Index 42
Index 1
Index 32
Index 35
Index 24
Index 21
Index 25
Index 57
Index 38
Index 59
Index 63
Index 58
Index 29
Index 55
Index 62
Index 30
Index 22
Index 59
Index 32
Index 32
Index 40
Index 61
Index 13
Index 10
Index 15
Index 16
Index 41
Index 9
Index 32
Index 12
Index 56
Index 22
Index 7
Index 32
Index 21
Index 14
Index 5
Index 33
Index 24
Index 49
Index 43
Index 55
Index 19
Index 57
Index 63
Index 21
Index 18
Index 42
Index 14
Index 21
Index 40
Index 63
Index 57
Index 4
Index 5
Index 11
Index 45
Index 14
Index 9
Index 28
Index 35
Index 32
Index 58
Index 0
Index 20
Index 5
Index 15
Index 33
Index 53
Index 1
Index 0
Index 44
Index 20
Index 18
Index 5
Index 41
Index 48
Index 8
Index 40
Index 55
Index 46
Index 7
Index 21
Index 36
Index 51
Index 12
Index 36
Index 47
Index 13
Index 14
Index 24
Index 9
Index 38
Index 59
Index 18
Index 18
Index 18
Index 38
Index 32
Index 21
Index 11
Index 53
Index 19
Index 8
Index 12
Index 63
Index 44
Index 45
Index 44
Index 14
Index 49
Index 11
Index 27
Index 52
Index 3
Index 46
Index 16
Index 50
Index 36
Index 26
Index 1
Index 18
Index 53
Index 15
Index 38
Index 4
Index 40
Index 22
Index 39
Index 22
Index 39
Index 27
Index 40
Index 46
Index 28
Index 6
Index 38
Index 45
Index 34
Index 48
Index 18
Index 36
Index 44
Index 9
Index 48
Index 10
Index 28
Index 33
Index 34
Index 16
Index 14
Index 50
Index 62
Index 28
Index 48
Index 16
Index 62
Index 34
Index 1
Index 40
Index 9
Index 58
Index 33
Index 53
Index 43
Index 50
Index 17
Index 20
Index 41
Index 1
Index 36
Index 60
Index 38
Index 40
Index 2
Index 18
Index 56
Index 0
Index 56
Index 30
Index 53
Index 4
Index 62
Index 0
Index 9
Index 28
Index 28
Index 60
Index 54
Index 43
Index 14
Index 42
Index 1
Index 12
Index 2
Index 30
Index 10
Index 11
Index 23
Index 21
Index 28
Index 54
Index 34
Index 36
Index 42
Index 57
Index 16
Index 63
Index 57
Index 8
Index 35
Index 50
Index 21
Index 21
Index 21
Index 55
Index 52
Index 43
Index 25
Index 23
Index 23
Index 34
Index 16
Index 46
Index 14
Index 56
Index 26
Index 4
Index 53
Index 60
Index 10
Index 39
Index 9
Index 61
Index 15
Index 44
Index 53
Index 48
Index 29
Index 0
Index 3
Index 12
Index 45
Index 17
Index 58
Index 62
Index 11
Index 12
Index 12
Index 18
Index 18
Index 29
Index 33
Index 59
Index 10
Index 13
Index 33
Index 28
Index 28
Index 17
Index 56
Index 37
Index 16
Index 0
Index 52
Index 24
Index 26
Index 21
Index 32
Index 50
Index 50
Index 50
Index 41
Index 4
Index 39
Index 44
Index 43
Index 58
Index 58
Index 13
Index 52
Index 31
Index 37
Index 27
Index 45
Index 0
Index 44
Index 22
Index 10
Index 49
Index 3
Index 28
Index 14
Index 54
Index 5
Index 0
Index 3
Index 45
Index 61
Index 3
Index 3
Index 3
Index 41
Index 46
Index 30
Index 6
Index 18
Index 61
Index 13
Index 11
Index 11
Index 15
Index 54
Index 55
Index 12
Index 12
Instructions Retired: 500000 Cycle: 329467 Hearbeat IPC: 0.559645 Cumulative IPC: 1.517603
Cycle: 329467	Best offset: 75	Score: 0	Hit Rate: 0.140380
Index 63
Index 28
Index 27
Index 52
Index 7
Index 33
Index 40
Index 11
Index 22
Index 62
Index 43
Index 8
Index 8
Index 8
Index 16
Index 40
Index 6
Index 40
Index 6
Index 6
Index 6
Index 51
Index 18
Index 46
Index 19
Index 57
Index 28
Index 13
Index 49
Index 4
Index 26
Index 26
Index 26
Index 12
Index 21
Index 0
Index 38
Index 20
Index 40
Index 56
Index 56
Index 26
Index 31
Index 58
Index 4
Index 2
Index 32
Index 43
Index 37
Index 5
Index 24
Index 19
Index 9
Index 11
Index 22
Index 6
Index 49
Index 37
Index 53
Index 10
Index 56
Index 34
Index 56
Index 48
Index 52
Index 56
Index 26
Index 60
Index 35
Index 48
Index 4
Index 4
Index 50
Index 33
Index 18
Index 0
Index 35
Index 36
Index 0
Index 19
Index 44
Index 31
Index 55
Index 40
Index 48
Index 48
Index 25
Index 16
Index 41
Index 22
Index 18
Index 39
Index 16
Index 14
Index 63
Index 5
Index 21
Index 13
Index 35
Index 44
Index 59
Index 35
Index 37
Index 16
Index 8
Index 59
Index 59
Index 36
Index 55
Index 30
Index 24
Index 40
Index 16
Index 59
Index 59
Index 19
Index 41
Index 61
Index 61
Index 61
Index 49
Index 1
Index 46
Index 4
Index 33
Index 35
Index 51
Index 53
Index 18
Index 40
Index 14
Index 14
Index 14
Index 49
Index 18
Index 50
Index 45
Index 50
Index 43
Index 62
Index 23
Offset switch to: 98	With score: 1
Index 22
Index 51
Index 30
Index 30
Index 24
Index 30
Index 35
Index 11
Index 16
Index 36
Index 14
Index 8
Index 46
Index 39
Index 11
Index 42
Index 14
Index 24
Index 62
Index 60
Index 52
Index 24
Index 23
Index 7
Index 58
Index 62
Index 0
Index 20
Index 46
Index 3
Index 4
Index 51
Index 49
Index 19
Index 1
Index 33
Index 30
Index 61
Index 29
Index 12
Index 28
Index 6
Index 39
Index 21
Index 44
Index 8
Index 62
Index 34
Index 30
Index 23
Index 1
Index 42
Index 5
Index 29
Index 62
Index 56
Index 7
Index 58
Index 23
Index 26
Index 4
Index 18
Index 12
Index 3
Index 62
Index 4
Index 20
Index 27
Index 63
Index 27
Index 44
Index 10
Index 43
Index 43
Index 22
Index 17
Index 56
Index 59
Index 30
Index 39
Index 3
Index 44
Index 13
Index 14
Index 27
Index 2
Index 38
Index 21
Index 6
Index 26
Index 1
Index 62
Index 0
Index 0
Index 0
Index 59
Index 28
Index 7
Index 51
Index 62
Index 33
Index 55
Index 32
Index 62
Index 51
Index 39
Index 40
Index 30
Index 43
Index 0
Index 50
Index 38
Index 7
Index 8
Index 55
Index 53
Index 17
Index 50
Index 49
Index 29
Index 49
Index 42
Index 25
Index 8
Index 8
Index 51
Index 3
Index 17
Index 17
Index 17
Index 33
Index 25
Index 11
Index 19
Index 35
Index 35
Index 39
Index 20
Index 16
Index 0
Index 37
Index 53
Index 18
Index 19
Index 57
Index 42
Index 0
Index 1
Index 23
Index 27
Index 61
Index 47
Index 47
Index 0
Index 36
Index 45
Index 20
Index 16
Index 13
Index 15
Index 14
Index 59
Index 41
Index 18
Index 18
Index 18
Index 23
Index 61
Index 1
Index 19
Index 61
Index 46
Index 32
Index 16
Index 26
Index 21
Index 22
Index 16
Index 4
Index 26
Index 1
Index 15
Index 34
Index 40
Index 18
Index 42
Index 15
Index 1
Index 33
Index 55
Index 47
Index 47
Index 61
Index 48
Index 23
Index 19
Index 54
Index 41
Index 34
Index 55
Index 28
Index 17
Index 18
Index 11
Index 40
Index 30
Index 29
Index 10
Index 11
Index 46
Index 3
Index 41
Index 40
Index 41
Index 47
Index 47
Index 47
Index 29
Index 1
Index 62
Index 10
Index 12
Index 2
Index 59
Index 23
Index 31
Index 40
Index 63
Index 22
Index 31
Index 3
Index 11
Index 4
Index 19
Index 18
Index 41
Index 60
Index 7
Index 49
Index 49
Index 23
Index 16
Index 11
Index 63
Index 43
Index 30
Index 31
Index 59
Index 39
Index 53
Index 34
Index 34
Index 34
Index 41
Index 28
Index 42
Index 14
Index 45
Index 62
Index 36
Index 37
Index 36
Offset switch to: 76	With score: 1
Index 29
Index 43
Index 34
Index 8
Index 53
Index 37
Index 37
Index 37
Index 44
Index 45
Index 6
Index 23
Index 37
Index 18
Index 54
Index 43
Index 24
Index 57
Index 57
Index 35
Index 35
Index 13
Index 3
Index 54
Index 17
Index 16
Index 29
Index 29
Index 4
Index 10
Index 10
Index 44
Index 26
Index 56
Index 1
Index 18
Index 1
Index 20
Index 27
Index 62
Index 57
Index 35
Index 26
Index 1
Index 63
Index 63
Index 63
Index 60
Index 60
Index 60
Index 4
Index 58
Index 58
Index 60
Index 60
Index 29
Index 29
Index 18
Index 18
Index 18
Index 7
Index 11
Index 11
Index 26
Index 34
Index 40
Index 31
Index 9
Index 13
Index 25
Index 29
Index 8
Index 8
Index 8
Index 8
Index 8
Index 8
Index 63
Index 39
Index 40
Index 61
Index 32
Index 32
Index 4
Index 34
Index 59
Index 33
Instructions Retired: 600001 Cycle: 467880 Hearbeat IPC: 0.722483 Cumulative IPC: 1.282382
Cycle: 467880	Best offset: 76	Score: 0	Hit Rate: 0.095176
Index 62
Index 62
Index 62
Index 60
Index 60
Index 60
Index 60
Index 60
Index 51
Index 8
Index 1
Index 19
Index 6
Index 9
Index 2
Index 7
Index 2
Index 2
Index 6
Index 60
Index 7
Index 29
Index 48
Index 40
Index 54
Index 54
Index 19
Index 19
Index 8
Index 6
Index 2
Index 48
Index 19
Index 63
Index 60
Index 39
Index 11
Index 9
Index 57
Index 57
Index 57
Index 55
Index 19
Index 23
Index 40
Index 49
Index 37
Index 34
Index 47
Index 18
Index 25
Index 19
Index 32
Index 0
Index 33
Index 31
Index 31
Index 27
Index 21
Index 21
Index 63
Index 2
Index 32
Index 31
Index 46
Index 27
Index 0
Index 4
Index 4
Index 4
Index 2
Index 2
Index 57
Index 18
Index 20
Index 6
Index 63
Index 34
Index 26
Index 25
Index 24
Index 24
Index 21
Index 4
Index 38
Index 38
Instructions Retired: 700001 Cycle: 509185 Hearbeat IPC: 2.421014 Cumulative IPC: 1.374748
Cycle: 509185	Best offset: 76	Score: 0	Hit Rate: 0.114881
Index 41
Index 39
Index 62
Index 3
Index 55
Index 14
Index 3
Index 3
Index 3
Index 19
Index 63
Index 6
Index 19
Index 61
Index 19
Index 63
Index 44
Index 2
Index 1
Index 13
Index 57
Index 55
Index 19
Index 35
Index 23
Index 29
Index 29
Index 15
Index 48
Index 43
Index 15
Index 24
Index 48
Index 21
Index 21
Index 24
Index 29
Index 24
Index 57
Index 26
Index 24
Index 54
Index 5
Index 51
Index 42
Index 1
Index 1
Index 61
Index 61
Index 39
Index 13
Index 35
Index 48
Index 16
Index 25
Index 59
Index 4
Index 56
Index 0
Index 45
Index 48
Index 52
Index 52
Index 51
Index 12
Index 56
Index 16
Index 19
Index 7
Index 4
Index 61
Index 52
Index 35
Index 35
Index 36
Index 40
Index 61
Index 43
Instructions Retired: 800000 Cycle: 544942 Hearbeat IPC: 2.796627 Cumulative IPC: 1.468046
Cycle: 544942	Best offset: 76	Score: 0	Hit Rate: 0.146421
Index 59
Index 56
Index 57
Index 56
Index 5
Index 5
Index 5
Index 52
Index 2
Index 2
Index 2
Index 1
Index 51
Index 54
Index 50
Index 51
Index 35
Index 35
Index 33
Index 33
Index 33
Index 49
Index 15
Index 19
Index 8
Index 8
Index 10
Index 10
Index 10
Index 10
Index 11
Index 11
Index 55
Index 11
Index 11
Index 8
Index 10
Index 11
Index 11
Index 61
Index 49
Index 1
Index 49
Index 1
Index 30
Index 52
Index 23
Index 2
Index 2
Index 2
Index 2
Index 2
Index 2
Index 2
Index 2
Index 2
Index 12
Index 56
Index 38
Index 47
Index 50
Index 37
Index 38
Index 1
Index 1
Index 2
Index 2
Index 3
Index 3
Index 2
Index 1
Index 0
Index 39
Index 63
Index 62
Index 44
Index 50
Instructions Retired: 900001 Cycle: 581397 Hearbeat IPC: 2.743135 Cumulative IPC: 1.547997
Cycle: 581397	Best offset: 76	Score: 0	Hit Rate: 0.162661
Index 61
Index 48
Instructions Retired: 1000002 Cycle: 613508 Hearbeat IPC: 3.114229 Cumulative IPC: 1.629974
Cycle: 613508	Best offset: 76	Score: 0	Hit Rate: 0.167692
Index 6
Index 33
Index 44
Index 24
Instructions Retired: 1100000 Cycle: 645729 Hearbeat IPC: 3.103504 Cumulative IPC: 1.703501
Cycle: 645729	Best offset: 76	Score: 0	Hit Rate: 0.171268
Index 1
Index 2
Index 5
Index 55
Index 55
Index 55
Index 50
Index 7
Index 20
Index 44
Index 44
Index 42
Index 40
Index 10
Index 9
Index 11
Index 7
Index 37
Index 55
Index 27
Index 37
Index 36
Index 14
Index 14
Index 44
Index 62
Index 27
Index 27
Index 19
Index 11
Index 30
Index 51
Index 33
Index 20
Index 22
Index 22
Index 56
Index 7
Index 42
Index 29
Index 1
Index 24
Index 23
Index 13
Index 24
Index 13
Index 2
Index 2
Index 44
Index 8
Index 2
Index 42
Index 27
Index 48
Index 39
Offset switch to: 11	With score: 1
Index 13
Index 44
Index 46
Index 36
Index 34
Index 34
Index 34
Index 62
Index 16
Index 18
Index 47
Index 8
Index 32
Index 30
Index 31
Index 1
Index 27
Index 16
Index 31
Index 5
Index 62
Index 31
Index 26
Index 13
Index 13
Index 57
Index 28
Index 6
Index 39
Index 36
Index 49
Index 6
Index 17
Index 19
Index 30
Index 9
Index 20
Index 56
Index 38
Index 7
Index 20
Index 4
Index 15
Index 2
Index 0
Index 62
Index 42
Index 38
Index 26
Index 63
Index 61
Index 63
Index 38
Index 38
Index 14
Index 15
Index 29
Index 7
Index 17
Index 20
Index 63
Index 21
Index 13
Index 18
Index 40
Index 4
Index 5
Index 39
Index 53
Index 55
Index 30
Index 10
Index 50
Index 51
Index 56
Index 52
Index 50
Index 10
Index 38
Index 48
Index 37
Index 39
Index 17
Index 59
Index 31
Index 31
Index 13
Index 47
Index 38
Index 42
Index 44
Index 61
Index 63
Index 35
Index 0
Index 31
Index 3
Index 2
Index 43
Index 58
Index 7
Index 6
Index 40
Index 0
Index 13
Index 21
Index 9
Index 20
Index 11
Index 35
Index 56
Index 39
Index 13
Index 33
Index 37
Index 23
Index 32
Index 20
Index 10
Index 41
Index 2
Index 52
Index 24
Index 44
Index 57
Index 40
Index 45
Index 52
Index 14
Index 3
Index 43
Index 62
Index 7
Index 7
Index 39
Index 39
Index 30
Index 18
Index 40
Index 22
Index 13
Index 48
Index 58
Index 47
Index 21
Index 31
Index 32
Offset switch to: 23	With score: 1
Index 33
Index 61
Index 11
Index 22
Index 26
Index 28
Index 14
Index 22
Index 19
Index 21
Index 41
Index 43
Index 57
Index 58
Index 5
Index 36
Index 46
Index 30
Index 31
Index 13
Index 57
Index 33
Index 8
Index 10
Index 16
Index 30
Index 45
Index 31
Index 17
Index 0
Index 0
Index 49
Index 23
Index 62
Index 33
Index 7
Index 35
Index 33
Index 21
Index 36
Index 55
Index 44
Index 2
Index 35
Index 47
Index 60
Index 12
Index 8
Index 51
Index 13
Index 36
Index 0
Index 29
Index 59
Index 18
Index 18
Index 54
Index 54
Index 5
Index 44
Index 34
Index 27
Index 45
Index 57
Index 43
Index 25
Index 25
Index 22
Index 41
Index 38
Index 44
Index 60
Index 54
Index 39
Index 33
Index 45
Index 43
Index 2
Index 39
Index 32
Index 3
Index 32
Index 50
Index 22
Index 43
Index 16
Index 13
Index 13
Index 49
Index 37
Index 8
Index 39
Index 11
Index 56
Index 19
Index 28
Index 18
Index 38
Index 38
Index 30
Index 39
Index 53
Index 33
Index 33
Index 36
Index 24
Index 31
Index 22
Index 29
Index 48
Index 32
Index 38
Index 47
Index 46
Index 48
Index 13
Index 42
Index 14
Index 16
Index 46
Index 58
Index 28
Index 13
Index 44
Index 20
Index 51
Index 16
Index 22
Index 12
Index 8
Index 7
Index 50
Index 32
Index 35
Index 38
Index 58
Index 56
Index 39
Index 14
Index 8
Index 60
Index 60
Index 29
Index 33
Index 15
Index 3
Index 44
Index 8
Index 10
Index 47
Index 55
Index 43
Index 21
Index 21
Index 47
Index 40
Index 53
Index 34
Index 8
Index 8
Index 8
Index 57
Index 2
Index 38
Index 11
Index 62
Index 20
Index 59
Index 36
Index 19
Index 18
Index 45
Index 30
Index 28
Index 28
Index 23
Index 29
Index 0
Index 0
Index 23
Index 55
Index 10
Index 39
Index 13
Index 6
Index 15
Index 13
Index 52
Index 60
Index 35
Index 13
Index 16
Index 4
Index 28
Index 52
Index 59
Index 60
Index 4
Index 63
Index 44
Index 2
Index 62
Index 30
Index 63
Index 17
Index 57
Index 2
Index 16
Index 40
Index 8
Index 19
Index 30
Index 57
Index 32
Index 41
Index 48
Index 55
Index 9
Index 48
Index 49
Index 26
Index 16
Index 3
Index 59
Index 6
Index 55
Index 46
Index 28
Index 47
Index 31
Index 50
Index 53
Index 22
Index 60
Index 56
Index 8
Index 42
Index 15
Index 59
Index 30
Index 2
Index 60
Index 16
Index 53
Index 63
Index 51
Index 46
Index 24
Index 1
Index 15
Index 48
Index 25
Index 20
Index 17
Index 52
Index 25
Index 54
Index 54
Index 17
Index 52
Index 4
Index 36
Index 21
Index 60
Index 44
Index 38
Index 24
Index 42
Index 37
Index 28
Index 58
Index 53
Index 40
Index 27
Index 46
Index 12
Index 28
Index 1
Index 9
Index 50
Index 54
Index 26
Index 60
Index 3
Index 7
Index 61
Index 61
Index 17
Index 51
Index 62
Index 0
Index 33
Index 31
Index 35
Index 17
Index 17
Index 35
Index 33
Index 39
Index 39
Index 32
Index 1
Index 31
Index 34
Index 42
Index 43
Index 3
Index 37
Index 41
Index 13
Index 20
Index 14
Index 12
Index 42
Index 37
Index 41
Index 13
Index 34
Index 59
Index 12
Index 48
Index 4
Index 55
Index 51
Index 44
Index 45
Index 15
Index 19
Index 0
Index 7
Index 45
Index 31
Index 51
Index 22
Index 25
Index 9
Index 27
Index 31
Index 60
Index 10
Index 4
Index 4
Index 62
Index 43
Index 22
Index 14
Index 9
Index 9
Index 19
Index 4
Index 58
Index 54
Index 12
Index 61
Index 43
Index 55
Index 36
Index 10
Index 22
Index 4
Instructions Retired: 1200000 Cycle: 799238 Hearbeat IPC: 0.651428 Cumulative IPC: 1.501430
Cycle: 799238	Best offset: 23	Score: 0	Hit Rate: 0.147118
Index 46
Index 23
Index 0
Index 3
Index 35
Index 28
Index 15
Index 28
Index 59
Index 19
Index 19
Index 37
Index 20
Index 61
Index 41
Index 24
Index 38
Index 32
Index 63
Index 7
Index 48
Index 3
Index 62
Index 63
Index 35
Index 58
Index 36
Index 31
Index 32
Index 0
Index 34
Index 27
Index 43
Index 1
Index 19
Index 36
Index 16
Index 49
Index 32
Index 17
Index 49
Index 50
Index 51
Index 36
Index 55
Index 9
Index 55
Index 50
Index 37
Index 24
Index 48
Index 14
Index 4
Index 25
Index 14
Index 29
Index 13
Index 13
Index 7
Index 1
Index 5
Index 52
Index 44
Index 2
Index 44
Index 51
Index 17
Index 15
Index 4
Index 16
Index 39
Index 57
Index 11
Index 37
Index 58
Index 21
Index 40
Index 20
Index 63
Index 63
Index 50
Index 53
Index 23
Index 55
Index 39
Index 9
Index 6
Index 55
Index 21
Index 40
Index 61
Index 34
Index 34
Index 0
Index 57
Index 61
Index 16
Index 35
Index 16
Index 3
Index 40
Index 21
Index 61
Index 4
Index 46
Index 12
Index 54
Index 40
Index 3
Index 12
Index 12
Index 57
Index 42
Index 13
Index 61
Index 6
Index 6
Index 49
Index 31
Index 38
Index 9
Index 61
Index 61
Index 36
Index 9
Index 2
Index 34
Index 24
Index 24
Index 35
Index 8
Index 33
Index 44
Index 6
Index 54
Index 42
Index 29
Index 45
Index 56
Index 24
Index 36
Index 53
Index 22
Index 55
Index 44
Index 28
Index 18
Index 19
Index 23
Index 27
Index 9
Index 28
Index 48
Index 17
Index 29
Index 32
Index 59
Index 58
Index 12
Index 13
Index 50
Index 25
Index 47
Index 63
Index 33
Index 31
Index 6
Index 2
Index 24
Index 53
Index 11
Index 36
Index 25
Index 36
Index 17
Index 23
Index 33
Index 17
Index 17
Index 37
Index 26
Index 26
Index 7
Index 27
Index 59
Index 48
Index 6
Index 10
Index 40
Index 49
Index 34
Index 41
Index 61
Index 56
Index 47
Index 38
Index 58
Index 58
Index 9
Index 23
Index 31
Index 23
Index 5
Index 53
Index 53
Index 17
Index 46
Index 5
Index 7
Index 12
Index 43
Index 43
Index 29
Index 33
Index 0
Index 30
Index 43
Index 34
Index 35
Index 53
Index 38
Index 17
Index 24
Index 16
Index 14
Index 15
Index 4
Index 51
Index 50
Index 20
Index 44
Index 29
Index 18
Index 44
Index 51
Index 27
Index 40
Index 3
Index 38
Index 51
Index 46
Index 48
Index 63
Index 29
Index 35
Index 26
Index 39
Index 61
Index 63
Index 56
Index 40
Index 38
Index 46
Index 36
Index 30
Index 40
Index 3
Index 41
Index 30
Index 19
Index 29
Index 51
Index 2
Index 20
Index 14
Index 56
Index 6
Index 11
Index 2
Index 61
Index 42
Index 27
Index 27
Index 27
Index 6
Index 52
Index 40
Index 28
Index 28
Index 62
Index 9
Index 18
Index 61
Index 14
Index 41
Index 39
Index 22
Index 47
Index 51
Index 24
Index 0
Index 21
Index 60
Index 44
Index 62
Index 53
Index 41
Index 19
Index 62
Index 7
Index 20
Index 5
Index 35
Index 54
Index 29
Index 60
Index 40
Index 21
Index 39
Index 27
Index 39
Index 40
Index 58
Index 60
Index 8
Index 14
Index 26
Index 43
Index 43
Index 0
Index 37
Index 5
Index 34
Index 39
Index 10
Index 21
Index 40
Index 19
Index 2
Index 16
Index 47
Index 34
Index 0
Index 8
Index 53
Index 11
Index 24
Index 11
Index 13
Index 2
Index 1
Index 54
Index 19
Index 25
Index 43
Index 14
Index 7
Index 52
Index 48
Index 5
Index 25
Offset switch to: 45	With score: 1
Index 36
Index 63
Index 54
Index 4
Index 56
Index 5
Index 12
Index 30
Index 19
Index 22
Index 42
Index 60
Index 42
Index 21
Index 28
Index 7
Index 21
Index 50
Index 0
Index 2
Index 26
Index 38
Index 46
Index 38
Index 39
Index 47
Index 46
Index 46
Index 38
Index 39
Index 22
Index 3
Index 60
Index 43
Index 43
Index 43
Index 57
Index 18
Index 28
Index 20
Index 2
Index 20
Index 5
Index 46
Index 40
Index 35
Index 62
Index 52
Index 53
Index 3
Index 23
Index 43
Index 31
Index 10
Index 27
Index 29
Index 21
Index 4
Index 20
Index 5
Index 40
Index 22
Index 14
Index 19
Index 29
Index 21
Index 16
Index 0
Index 9
Index 1
Index 35
Index 51
Index 21
Index 26
Index 36
Index 32
Index 11
Index 17
Index 24
Index 47
Index 16
Index 12
Index 15
Index 21
Index 3
Index 15
Index 48
Index 30
Index 38
Index 59
Index 33
Index 11
Index 10
Index 61
Index 62
Index 52
Index 7
Index 14
Index 34
Index 60
Index 0
Index 24
Index 19
Index 1
Index 25
Index 30
Index 5
Index 51
Index 34
Index 14
Index 18
Index 26
Index 54
Index 46
Index 24
Index 2
Index 58
Index 21
Index 35
Index 63
Index 47
Index 0
Index 62
Index 17
Index 16
Index 28
Index 29
Index 56
Index 35
Index 42
Index 42
Index 45
Index 51
Index 53
Index 11
Index 58
Index 51
Index 29
Index 4
Index 4
Index 18
Index 62
Index 28
Index 29
Index 50
Index 32
Index 36
Index 5
Index 5
Index 1
Index 44
Index 58
Index 30
Index 11
Index 33
Index 55
Index 0
Index 3
Index 27
Index 59
Index 34
Index 36
Index 46
Index 33
Index 40
Index 1
Index 34
Index 17
Index 30
Index 2
Index 2
Index 53
Index 41
Index 20
Index 36
Index 38
Index 20
Index 20
Index 39
Index 12
Index 13
Index 1
Index 11
Index 25
Index 0
Index 8
Index 63
Index 16
Index 29
Index 4
Index 29
Index 8
Index 62
Index 24
Index 59
Index 31
Index 1
Index 36
Index 13
Index 49
Index 11
Index 13
Index 62
Index 43
Index 43
Index 43
Index 13
Index 56
Index 6
Index 28
Index 5
Index 55
Index 8
Index 15
Index 50
Index 53
Index 53
Index 46
Index 12
Index 38
Index 38
Index 23
Index 15
Index 40
Index 12
Index 49
Index 14
Index 22
Index 54
Index 27
Index 53
Index 48
Index 3
Index 30
Index 8
Index 8
Index 19
Index 8
Index 25
Index 12
Index 40
Index 42
Index 19
Index 29
Index 16
Index 16
Index 52
Index 60
Offset switch to: 13	With score: 1
Index 15
Index 59
Index 52
Index 7
Index 4
Index 1
Index 61
Index 48
Index 46
Index 17
Index 19
Index 58
Index 51
Index 54
Index 16
Index 31
Index 48
Index 5
Index 27
Index 52
Index 52
Index 40
Index 25
Index 25
Index 9
Index 32
Index 53
Index 55
Index 55
Index 15
Index 24
Index 28
Index 17
Index 10
Index 10
Index 15
Index 17
Index 17
Index 33
Index 25
Index 21
Index 21
Index 50
Index 20
Index 51
Index 59
Index 18
Index 21
Index 25
Index 25
Index 28
Index 31
Index 31
Index 31
Index 30
Index 30
Index 30
Index 30
Index 33
Index 30
Index 39
Index 39
Index 55
Index 39
Index 42
Index 39
Index 29
Index 47
Index 0
Index 52
Index 53
Index 53
Index 54
Index 51
Index 50
Index 6
Index 48
Index 48
Index 61
Index 20
Index 18
Index 29
Index 30
Index 60
Index 49
Index 40
Index 18
Index 54
Index 54
Index 59
Index 1
Index 10
Index 0
Index 54
Index 33
Index 52
Index 47
Index 50
Index 45
Index 47
Index 40
Index 33
Instructions Retired: 1300001 Cycle: 974353 Hearbeat IPC: 0.571059 Cumulative IPC: 1.334220
Cycle: 974353	Best offset: 13	Score: 0	Hit Rate: 0.126561
Index 19
Index 40
Index 51
Index 39
Index 52
Index 9
Index 22
Index 38
Index 38
Index 63
Index 1
Index 23
Index 34
Index 21
Index 63
Index 11
Index 34
Index 35
Index 35
Index 35
Index 34
Index 18
Index 26
Index 6
Index 34
Index 11
Index 36
Index 4
Index 34
Index 34
Index 29
Index 58
Index 14
Index 11
Index 53
Index 56
Index 50
Index 45
Index 35
Index 51
Index 9
Index 5
Index 40
Index 41
Index 41
Index 41
Index 41
Index 6
Index 17
Index 22
Index 30
Instructions Retired: 1400000 Cycle: 1015756 Hearbeat IPC: 2.415260 Cumulative IPC: 1.378284
Cycle: 1015756	Best offset: 13	Score: 0	Hit Rate: 0.137959
Index 14
Index 59
Index 53
Index 21
Index 57
Index 18
Index 18
Index 14
Index 25
Index 15
Index 53
Index 35
Index 35
Index 28
Index 27
Index 18
Index 18
Index 15
Index 52
Index 38
Index 37
Index 9
Index 1
Index 63
Index 63
Index 3
Index 63
Index 15
Index 3
Index 16
Index 18
Index 13
Index 7
Index 7
Index 57
Index 4
Index 23
Index 31
Index 23
Index 46
Index 12
Index 31
Index 6
Index 25
Index 3
Index 3
Index 3
Index 3
Index 37
Index 10
Index 10
Index 14
Index 14
Index 16
Index 12
Index 12
Index 19
Index 15
Index 22
Index 22
Index 34
Index 19
Index 38
Index 38
Index 3
Index 18
Index 40
Index 40
Index 40
Index 52
Index 28
Index 22
Index 1
Index 15
Index 31
Index 31
Index 0
Index 35
Index 48
Index 46
Index 5
Index 16
Index 16
Instructions Retired: 1500003 Cycle: 1050857 Hearbeat IPC: 2.849007 Cumulative IPC: 1.427409
Cycle: 1050857	Best offset: 13	Score: 0	Hit Rate: 0.158494
Index 16
Index 53
Index 35
Index 35
Index 3
Index 9
Index 48
Index 26
Index 6
Index 57
Index 12
Index 31
Index 36
Index 63
Index 60
Index 0
Index 23
Index 23
Index 23
Index 61
Index 5
Index 11
Index 17
Index 16
Index 17
Index 57
Index 3
Index 14
Index 49
Index 58
Index 14
Index 0
Index 22
Index 3
Index 26
Index 35
Index 35
Index 34
Index 30
Index 58
Index 55
Index 62
Index 62
Index 53
Index 55
Index 55
Index 6
Index 4
Index 4
Index 5
Index 58
Index 5
Index 5
Index 58
Index 5
Index 58
Index 59
Index 6
Index 62
Index 20
Index 36
Index 55
Index 20
Index 34
Index 9
Index 28
Index 24
Index 22
Index 60
Index 48
Index 37
Index 37
Index 18
Index 35
Index 48
Index 49
Instructions Retired: 1600000 Cycle: 1087813 Hearbeat IPC: 2.705839 Cumulative IPC: 1.470841
Cycle: 1087813	Best offset: 13	Score: 0	Hit Rate: 0.174204
Index 63
Index 46
Index 37
Index 37
Index 31
Index 5
Index 54
Index 52
Index 6
Instructions Retired: 1700000 Cycle: 1119884 Hearbeat IPC: 3.118082 Cumulative IPC: 1.518014
Cycle: 1119884	Best offset: 13	Score: 0	Hit Rate: 0.178051
Index 49
Index 47
Index 35
Index 44
Index 55
Index 43
Index 6
Index 36
Index 34
Index 32
Index 24
Index 27
Instructions Retired: 1800000 Cycle: 1152147 Hearbeat IPC: 3.099526 Cumulative IPC: 1.562301
Cycle: 1152147	Best offset: 13	Score: 0	Hit Rate: 0.183691
Index 62
Index 53
Index 51
Index 17
Index 0
Index 18
Index 0
Index 36
Index 49
Index 49
Index 21
Index 12
Index 7
Index 8
Index 61
Index 32
Index 9
Index 38
Index 8
Index 51
Index 31
Index 31
Index 14
Index 5
Index 0
Index 37
Index 12
Index 19
Index 59
Index 31
Index 5
Index 40
Index 36
Index 28
Index 29
Index 25
Index 33
Index 34
Index 17
Index 25
Index 56
Index 14
Index 52
Index 48
Index 47
Index 45
Index 44
Index 53
Index 22
Index 5
Index 45
Index 12
Index 6
Index 62
Index 13
Index 9
Index 28
Index 10
Index 52
Index 52
Index 29
Index 12
Index 24
Index 18
Index 55
Index 4
Index 13
Index 56
Index 0
Index 25
Index 23
Index 38
Index 50
Index 63
Index 55
Index 39
Index 14
Index 4
Index 62
Index 57
Index 20
Index 40
Index 19
Index 13
Index 45
Index 45
Index 57
Index 40
Index 7
Index 42
Index 10
Index 25
Index 25
Index 17
Index 44
Index 3
Index 3
Index 7
Index 51
Index 0
Index 36
Index 42
Index 61
Index 54
Index 23
Index 35
Index 31
Index 14
Index 60
Index 48
Index 53
Index 23
Index 23
Index 54
Index 24
Index 6
Index 57
Index 36
Index 4
Index 30
Index 9
Index 54
Index 23
Index 17
Index 59
Index 35
Index 15
Index 32
Index 34
Index 47
Index 21
Index 56
Index 30
Index 29
Index 40
Index 36
Index 23
Index 5
Index 10
Index 4
Index 5
Index 13
Index 12
Index 17
Index 52
Index 6
Index 60
Index 21
Index 9
Index 10
Index 3
Index 30
Index 59
Index 11
Index 4
Index 36
Index 58
Index 41
Index 61
Index 32
Index 44
Index 31
Index 7
Index 56
Index 29
Index 46
Index 30
Index 12
Index 19
Index 6
Index 48
Index 3
Index 19
Index 19
Index 0
Index 19
Index 7
Index 57
Index 62
Index 14
Index 17
Index 56
Index 55
Index 41
Index 16
Index 15
Index 36
Index 51
Index 4
Index 23
Index 3
Index 1
Index 43
Index 43
Index 37
Index 26
Index 5
Index 20
Index 33
Index 34
Index 34
Index 4
Index 12
Index 53
Index 14
Index 25
Index 61
Index 16
Index 35
Index 51
Index 2
Index 51
Index 28
Index 46
Index 27
Index 33
Index 44
Index 43
Index 31
Index 33
Index 8
Index 31
Index 5
Index 12
Index 63
Index 20
Index 49
Index 9
Index 21
Index 44
Index 50
Index 34
Index 55
Index 56
Index 63
Index 0
Index 56
Index 24
Index 47
Index 41
Index 49
Index 32
Index 2
Index 10
Index 16
Index 12
Index 12
Index 4
Index 13
Index 20
Index 59
Index 0
Index 38
Index 38
Index 31
Index 12
Index 14
Index 25
Index 25
Index 32
Index 44
Index 36
Index 5
Index 63
Index 15
Index 6
Index 21
Index 62
Index 19
Index 62
Index 39
Index 35
Index 32
Index 39
Index 21
Index 19
Index 26
Index 1
Index 1
Index 33
Index 46
Index 35
Index 6
Index 6
Index 45
Index 2
Index 27
Index 29
Index 44
Index 48
Index 41
Index 42
Index 43
Index 39
Index 39
Index 21
Index 58
Index 30
Index 43
Index 30
Index 44
Index 5
Index 6
Index 34
Index 13
Index 10
Index 29
Index 33
Index 58
Index 51
Index 18
Index 1
Index 42
Index 44
Index 5
Index 26
Index 26
Index 9
Index 49
Index 35
Index 63
Index 16
Index 29
Index 37
Index 58
Index 61
Index 24
Index 41
Index 42
Index 36
Index 19
Index 19
Index 24
Index 14
Index 15
Index 32
Index 18
Index 61
Index 0
Index 29
Index 40
Index 53
Index 41
Index 16
Index 44
Index 18
Index 18
Index 24
Index 57
Instructions Retired: 1900001 Cycle: 1268098 Hearbeat IPC: 0.862442 Cumulative IPC: 1.498308
Cycle: 1268098	Best offset: 13	Score: 0	Hit Rate: 0.177550
Index 54
Index 8
Index 44
Index 2
Index 32
Index 53
Index 36
Index 23
Index 52
Index 28
Index 14
Index 36
Index 37
Index 38
Index 54
Index 58
Index 40
Index 57
Index 48
Index 7
Index 59
Index 63
Index 45
Index 16
Index 33
Index 27
Index 32
Index 22
Index 59
Index 31
Index 24
Index 6
Index 43
Index 47
Index 21
Index 23
Index 6
Index 63
Index 55
Index 48
Index 49
Index 40
Index 24
Index 21
Index 3
Index 6
Index 20
Index 56
Index 1
Index 36
Index 12
Index 8
Index 57
Index 58
Index 37
Index 1
Index 61
Index 61
Index 62
Index 54
Index 6
Index 25
Index 51
Index 28
Index 42
Index 29
Index 29
Index 29
Index 45
Index 36
Index 52
Index 6
Index 48
Index 42
Index 31
Index 2
Index 9
Index 49
Index 47
Index 40
Index 41
Index 37
Index 53
Index 27
Index 26
Index 6
Index 12
Index 10
Index 18
Index 10
Index 19
Index 51
Index 33
Index 51
Index 58
Index 49
Index 44
Index 49
Index 20
Index 29
Index 24
Index 22
Index 30
Index 14
Index 30
Index 57
Index 58
Index 32
Index 58
Index 47
Index 1
Index 32
Index 49
Index 24
Index 47
Index 25
Index 39
Index 8
Index 8
Index 24
Index 29
Index 41
Index 6
Index 4
Index 53
Index 1
Index 41
Index 12
Index 53
Index 50
Index 8
Index 8
Index 0
Index 54
Index 60
Index 7
Index 63
Index 51
Index 18
Index 17
Index 53
Index 32
Index 53
Index 16
Index 5
Index 33
Index 15
Index 59
Index 23
Index 32
Index 55
Index 32
Index 14
Index 4
Index 11
Index 61
Index 17
Index 19
Index 33
Index 23
Index 10
Index 18
Index 1
Index 49
Index 47
Index 6
Index 55
Index 1
Index 43
Index 36
Index 10
Index 16
Index 16
Index 56
Index 62
Index 19
Index 10
Index 14
Index 28
Index 53
Index 22
Index 32
Index 3
Index 12
Index 17
Index 2
Index 30
Index 21
Index 63
Index 9
Index 30
Index 19
Index 1
Index 61
Index 4
Index 0
Index 24
Index 11
Index 51
Index 53
Index 4
Index 4
Index 42
Index 9
Index 49
Index 17
Index 38
Index 41
Index 43
Index 44
Index 0
Index 22
Index 22
Index 4
Index 14
Index 15
Index 57
Index 28
Index 0
Index 18
Index 47
Index 15
Index 43
Index 47
Index 20
Index 3
Index 20
Index 16
Index 49
Index 30
Index 34
Index 46
Index 1
Index 8
Index 58
Index 57
Index 56
Index 10
Index 57
Index 32
Index 33
Index 51
Index 42
Index 15
Index 6
Index 57
Index 38
Index 9
Index 52
Index 31
Index 8
Index 14
Index 26
Index 28
Index 18
Index 43
Index 19
Index 2
Index 52
Index 52
Index 15
Index 28
Index 3
Index 14
Index 63
Index 62
Index 51
Index 35
Index 62
Index 50
Index 34
Index 50
Index 57
Index 6
Index 6
Index 5
Index 9
Index 22
Index 20
Index 38
Index 10
Index 12
Index 12
Index 36
Index 23
Index 45
Index 62
Index 18
Index 11
Index 48
Index 6
Index 13
Index 54
Index 26
Index 12
Index 2
Index 21
Index 16
Index 40
Index 15
Index 8
Index 11
Index 59
Index 63
Index 12
Index 39
Index 40
Index 1
Index 2
Index 44
Index 5
Index 35
Index 29
Index 29
Index 2
Index 24
Index 27
Index 18
Index 19
Index 41
Index 14
Index 42
Index 42
Index 42
Index 32
Index 36
Index 62
Index 21
Index 18
Index 44
Index 55
Index 41
Index 15
Index 15
Index 8
Index 15
Index 61
Index 21
Index 36
Index 33
Index 2
Index 37
Index 12
Index 33
Index 63
Index 45
Index 0
Index 52
Index 16
Index 34
Index 34
Index 2
Index 55
Index 1
Index 20
Index 30
Index 10
Index 26
Index 38
Index 9
Index 17
Index 41
Index 57
Index 23
Index 50
Index 43
Index 2
Index 29
Index 36
Index 15
Index 23
Index 47
Index 11
Index 61
Index 40
Index 26
Index 61
Index 26
Index 4
Index 8
Index 51
Index 34
Index 18
Index 15
Index 61
Index 17
Index 1
Index 43
Index 62
Index 63
Index 4
Index 54
Index 15
Index 47
Index 13
Index 35
Index 7
Index 6
Index 57
Index 34
Index 57
Index 53
Index 6
Index 54
Index 29
Index 16
Index 16
Index 39
Index 43
Index 55
Index 54
Index 8
Index 43
Index 54
Index 60
Index 33
Index 55
Index 58
Index 11
Index 9
Index 57
Index 48
Index 9
Index 45
Index 30
Index 18
Index 1
Index 2
Index 27
Index 45
Index 18
Index 48
Index 24
Index 56
Index 56
Index 48
Index 18
Index 10
Index 58
Index 47
Index 46
Index 46
Index 35
Index 49
Index 11
Index 24
Index 29
Index 58
Index 43
Index 2
Index 28
Index 26
Index 26
Index 32
Index 18
Index 17
Index 63
Index 0
Index 0
Index 18
Index 27
Index 6
Index 37
Index 19
Index 63
Index 21
Index 16
Index 0
Index 36
Index 42
Index 58
Index 5
Index 17
Index 61
Index 60
Index 11
Index 63
Index 19
Index 53
Index 61
Index 56
Index 11
Index 34
Index 21
Index 37
Index 53
Index 51
Index 55
Index 22
Index 33
Index 34
Index 3
Index 25
Index 55
Index 56
Index 37
Index 24
Index 38
Index 8
Index 33
Index 39
Index 51
Index 61
Index 20
Index 19
Index 57
Index 1
Index 20
Index 14
Index 5
Index 4
Index 8
Index 16
Index 47
Index 47
Index 7
Index 24
Index 6
Index 17
Index 33
Index 36
Index 21
Index 28
Index 63
Index 19
Offset switch to: 92	With score: 1
Index 35
Index 1
Index 10
Index 10
Index 10
Index 43
Index 1
Index 33
Index 6
Index 53
Index 19
Index 5
Index 27
Index 21
Index 47
Index 41
Index 19
Index 22
Index 35
Index 3
Index 8
Index 6
Index 40
Index 5
Index 25
Index 35
Index 55
Index 33
Index 34
Index 56
Index 35
Index 28
Index 9
Index 48
Index 34
Index 2
Index 5
Index 51
Index 29
Index 27
Index 37
Index 9
Index 10
Index 48
Index 46
Index 2
Index 59
Index 49
Index 9
Index 8
Index 28
Index 1
Index 27
Index 12
Index 10
Index 10
Index 17
Index 29
Index 35
Index 56
Index 18
Index 0
Index 63
Index 19
Index 28
Index 61
Index 32
Index 36
Index 40
Index 14
Index 28
Index 40
Index 17
Index 52
Index 15
Index 27
Index 16
Index 22
Index 14
Index 45
Index 2
Index 30
Index 27
Index 44
Index 44
Index 4
Index 11
Index 10
Index 40
Index 2
Index 19
Index 0
Index 25
Index 2
Index 41
Index 47
Index 24
Index 1
Index 3
Index 22
Index 26
Index 26
Index 26
Index 48
Index 8
Index 18
Index 11
Index 54
Index 40
Index 60
Index 22
Index 39
Index 9
Index 37
Index 17
Index 63
Index 0
Index 12
Index 38
Index 19
Index 63
Index 44
Index 33
Index 24
Index 39
Index 10
Index 20
Index 21
Index 48
Index 23
Index 16
Index 29
Index 14
Index 20
Index 8
Index 20
Index 60
Index 59
Index 16
Index 21
Index 21
Index 40
Index 56
Index 43
Index 6
Index 28
Index 37
Index 34
Index 6
Index 18
Index 55
Index 2
Index 28
Index 52
Index 32
Index 55
Index 23
Index 57
Index 29
Index 57
Index 57
Index 32
Index 9
Index 57
Index 22
Index 18
Index 33
Index 55
Index 32
Index 10
Index 47
Index 55
Index 45
Index 12
Index 43
Index 5
Index 6
Index 15
Index 16
Index 55
Index 8
Index 21
Index 33
Index 8
Index 54
Index 18
Index 31
Index 23
Index 55
Index 8
Index 13
Index 49
Index 13
Index 56
Index 54
Index 1
Index 48
Index 55
Index 41
Offset switch to: 72	With score: 1
Index 49
Index 17
Index 60
Index 0
Index 55
Index 5
Index 25
Index 29
Index 50
Index 50
Index 40
Index 29
Index 21
Index 60
Index 43
Index 52
Index 53
Index 45
Index 16
Index 61
Index 10
Index 60
Index 34
Index 37
Index 32
Index 2
Index 53
Index 37
Index 38
Index 47
Index 37
Index 53
Index 27
Index 20
Index 20
Index 26
Index 55
Index 32
Index 8
Index 18
Index 19
Index 51
Index 34
Index 8
Index 59
Index 21
Index 21
Index 24
Index 29
Index 41
Index 47
Index 45
Index 45
Index 45
Index 48
Index 24
Index 4
Index 7
Index 10
Index 3
Index 61
Index 7
Index 8
Index 63
Index 0
Index 3
Index 33
Index 43
Index 23
Index 56
Index 44
Index 19
Index 44
Index 27
Index 15
Index 42
Index 21
Index 15
Index 2
Index 2
Index 4
Index 27
Index 61
Index 9
Index 30
Index 4
Index 7
Index 1
Index 55
Index 45
Index 45
Index 2
Index 8
Index 48
Index 21
Index 23
Index 23
Index 24
Index 1
Index 27
Index 23
Index 54
Index 36
Index 27
Index 45
Index 49
Index 27
Index 27
Index 15
Index 37
Index 37
Index 37
Index 55
Index 55
Index 55
Index 33
Index 33
Index 43
Index 37
Index 35
Index 35
Index 35
Index 16
Index 31
Index 58
Instructions Retired: 2000004 Cycle: 1483110 Hearbeat IPC: 0.465104 Cumulative IPC: 1.348520
Cycle: 1483110	Best offset: 72	Score: 0	Hit Rate: 0.152769
Index 8
Index 4
Index 32
Index 43
Index 25
Index 27
Index 37
Index 18
Index 36
Index 10
Index 10
Index 61
Index 12
Index 18
Index 50
Index 61
Index 48
Index 3
Index 18
Index 19
Index 7
Index 51
Index 7
Index 3
Index 1
Index 0
Index 0
Index 0
Index 0
Index 36
Index 36
Index 9
Index 0
Index 9
Index 9
Index 9
Instructions Retired: 2100001 Cycle: 1522401 Hearbeat IPC: 2.545036 Cumulative IPC: 1.379401
Cycle: 1522401	Best offset: 72	Score: 0	Hit Rate: 0.154710
Index 9
Index 7
Index 22
Index 58
Index 19
Index 19
Index 4
Index 10
Index 37
Index 54
Index 0
Index 50
Index 51
Index 0
Index 35
Index 31
Index 31
Index 31
Index 5
Index 7
Index 8
Index 24
Index 8
Index 8
Index 8
Index 8
Index 4
Index 4
Index 12
Index 21
Index 10
Index 17
Index 29
Index 21
Index 19
Index 16
Index 14
Index 10
Index 9
Index 36
Index 30
Index 37
Index 45
Index 11
Index 62
Index 52
Index 52
Index 51
Index 1
Index 14
Index 52
Index 16
Index 14
Index 14
Index 14
Index 14
Index 14
Index 45
Index 61
Index 61
Index 61
Index 61
Index 60
Index 59
Index 56
Index 2
Index 2
Index 58
Index 1
Index 55
Index 33
Index 30
Index 33
Index 30
Index 51
Index 16
Index 41
Index 10
Index 12
Index 29
Index 20
Index 30
Index 11
Index 54
Index 19
Index 53
Index 34
Index 54
Index 15
Index 58
Index 58
Index 50
Index 32
Index 21
Index 48
Index 34
Index 34
Index 4
Index 30
Index 30
Index 40
Instructions Retired: 2200000 Cycle: 1558078 Hearbeat IPC: 2.802898 Cumulative IPC: 1.411996
Cycle: 1558078	Best offset: 72	Score: 0	Hit Rate: 0.166866
Index 9
Index 55
Index 50
Index 53
Index 53
Index 54
Index 54
Index 54
Index 49
Index 49
Index 49
Index 43
Index 43
Index 43
Index 40
Index 18
Index 29
Index 53
Index 9
Index 42
Index 28
Index 29
Index 29
Index 11
Index 11
Index 9
Index 39
Index 57
Index 55
Index 22
Index 50
Index 50
Index 43
Index 43
Index 8
Index 7
Index 46
Index 46
Index 15
Index 37
Index 44
Index 34
Index 33
Index 13
Index 51
Index 62
Index 63
Index 15
Index 15
Index 53
Index 53
Index 40
Index 2
Index 34
Index 21
Index 22
Index 22
Index 32
Index 46
Index 29
Index 29
Index 29
Index 29
Index 29
Index 29
Index 29
Index 29
Index 54
Index 62
Index 30
Index 53
Index 60
Index 52
Index 59
Index 59
Index 59
Index 50
Index 57
Index 42
Index 56
Index 37
Index 50
Instructions Retired: 2300001 Cycle: 1595847 Hearbeat IPC: 2.647701 Cumulative IPC: 1.441242
Cycle: 1595847	Best offset: 72	Score: 0	Hit Rate: 0.174604
Index 53
Index 53
Index 50
Index 29
Index 48
Instructions Retired: 2400001 Cycle: 1627848 Hearbeat IPC: 3.124902 Cumulative IPC: 1.474340
Cycle: 1627848	Best offset: 72	Score: 0	Hit Rate: 0.175781
Index 31
Index 16
Index 16
Index 14
Index 23
Index 23
Index 23
Index 30
Index 26
Instructions Retired: 2500000 Cycle: 1660004 Hearbeat IPC: 3.109808 Cumulative IPC: 1.506020
Cycle: 1660004	Best offset: 72	Score: 0	Hit Rate: 0.177665
Index 31
Index 22
Index 14
Index 35
Index 0
Index 59
Index 15
Index 47
Index 62
Index 32
Index 2
Index 47
Index 8
Index 19
Index 5
Index 48
Index 28
Index 52
Index 19
Index 5
Index 55
Index 21
Index 52
Index 27
Index 11
Index 47
Index 59
Index 26
Index 8
Index 2
Index 2
Index 2
Index 38
Index 39
Index 18
Index 1
Index 9
Index 62
Index 15
Index 15
Index 5
Index 37
Index 33
Index 61
Index 19
Index 23
Index 39
Index 60
Index 34
Index 35
Index 57
Index 27
Index 23
Index 24
Index 60
Index 36
Index 1
Index 32
Index 33
Index 40
Index 48
Index 53
Index 27
Index 36
Offset switch to: 17	With score: 1
Index 34
Index 27
Index 25
Index 9
Index 0
Index 56
Index 8
Index 59
Index 24
Index 60
Index 14
Index 56
Index 11
Index 22
Index 25
Index 55
Index 63
Index 63
Index 47
Index 54
Index 4
Index 20
Index 38
Index 39
Index 14
Index 25
Index 3
Index 44
Index 1
Index 21
Index 54
Index 7
Index 0
Index 4
Index 61
Index 1
Index 44
Index 13
Index 45
Index 54
Index 63
Index 4
Index 60
Index 50
Index 63
Index 13
Index 36
Index 10
Index 38
Index 34
Index 24
Index 8
Index 36
Index 15
Index 2
Index 45
Index 40
Index 60
Index 30
Index 43
Index 45
Index 38
Index 0
Index 12
Index 14
Index 6
Index 29
Index 42
Index 48
Index 44
Index 15
Index 40
Index 44
Index 54
Index 30
Index 1
Index 27
Index 9
Index 25
Index 52
Index 19
Index 46
Index 46
Index 46
Index 28
Index 8
Index 45
Index 40
Index 49
Index 54
Index 58
Index 10
Index 48
Index 37
Index 63
Index 1
Index 58
Index 58
Index 57
Index 4
Index 18
Index 17
Index 43
Index 44
Index 61
Index 51
Index 63
Index 36
Index 44
Index 32
Index 55
Index 30
Index 41
Index 57
Index 60
Index 42
Index 39
Index 40
Index 12
Index 38
Index 57
Index 42
Index 7
Index 24
Index 53
Index 40
Index 15
Index 40
Index 42
Index 49
Index 39
Index 54
Index 15
Index 3
Index 5
Index 46
Index 26
Instructions Retired: 2600000 Cycle: 1731111 Hearbeat IPC: 1.406331 Cumulative IPC: 1.501926
Cycle: 1731111	Best offset: 17	Score: 0	Hit Rate: 0.175127
Index 24
Index 23
Index 29
Offset switch to: 110	With score: 1
Index 30
Index 63
Index 14
Index 1
Index 39
Index 44
Index 39
Index 26
Index 57
Index 5
Index 38
Index 41
Index 27
Index 40
Index 37
Index 41
Index 35
Index 2
Index 50
Index 54
Index 50
Index 31
Index 33
Index 62
Index 34
Index 3
Index 7
Index 32
Index 62
Index 22
Index 51
Index 23
Index 38
Index 24
Index 50
Index 62
Index 14
Index 2
Index 3
Index 43
Index 23
Index 17
Index 40
Index 61
Index 9
Index 34
Index 54
Index 53
Index 54
Index 54
Index 25
Index 10
Index 55
Index 7
Index 47
Index 61
Index 18
Index 41
Index 16
Index 7
Index 7
Index 7
Index 43
Index 11
Index 52
Index 51
Index 53
Index 27
Index 44
Index 44
Index 11
Index 10
Index 7
Index 16
Index 48
Index 18
Index 63
Index 30
Index 63
Index 46
Index 53
Index 19
Index 3
Index 5
Index 51
Index 33
Index 45
Index 14
Index 7
Index 12
Index 55
Index 38
Index 22
Index 17
Index 4
Index 6
Index 31
Index 33
Index 39
Index 25
Index 34
Index 20
Index 10
Index 61
Index 58
Index 25
Index 1
Index 32
Index 43
Index 35
Index 35
Index 33
Index 7
Index 30
Index 49
Index 5
Index 4
Index 37
Index 24
Index 24
Index 11
Index 52
Index 17
Index 8
Index 29
Index 5
Index 57
Index 0
Index 3
Index 9
Index 13
Index 14
Index 47
Index 15
Index 20
Index 36
Index 6
Index 38
Index 38
Index 12
Index 33
Index 11
Index 55
Index 34
Index 51
Index 5
Index 55
Index 56
Index 57
Index 48
Index 34
Index 8
Index 46
Index 5
Index 8
Index 5
Index 15
Index 10
Index 5
Index 6
Index 15
Index 42
Index 10
Index 39
Index 1
Index 33
Index 8
Index 40
Index 15
Index 15
Index 7
Index 0
Index 39
Index 21
Index 41
Index 40
Index 31
Index 18
Index 60
Index 17
Index 40
Index 5
Index 47
Index 32
Index 63
Index 23
Index 15
Index 22
Index 10
Index 5
Index 46
Index 23
Index 27
Index 10
Index 42
Index 21
Index 57
Index 17
Index 18
Index 7
Index 33
Index 14
Index 39
Index 44
Index 61
Index 43
Index 43
Index 22
Index 23
Index 43
Index 31
Index 62
Index 8
Index 12
Index 41
Index 11
Index 62
Index 11
Index 27
Index 1
Index 46
Index 54
Index 33
Index 41
Index 21
Index 30
Index 61
Index 1
Index 13
Index 32
Index 54
Index 0
Index 1
Index 52
Index 2
Index 27
Index 32
Index 21
Index 23
Index 0
Index 8
Index 37
Index 39
Index 13
Index 20
Index 27
Index 13
Index 54
Index 7
Index 34
Index 22
Index 44
Index 55
Index 31
Index 11
Index 27
Index 19
Index 36
Index 42
Index 48
Index 63
Index 18
Index 52
Index 40
Index 34
Index 58
Index 62
Index 49
Index 32
Index 16
Index 28
Index 5
Index 13
Index 19
Index 18
Index 56
Index 15
Index 47
Index 54
Index 51
Index 50
Index 44
Index 54
Index 10
Index 40
Index 45
Index 38
Index 27
Index 47
Index 29
Index 62
Index 31
Index 55
Index 30
Index 24
Index 24
Index 9
Index 10
Index 18
Index 21
Index 12
Index 59
Index 59
Index 55
Index 37
Index 56
Index 30
Index 55
Index 1
Index 7
Index 25
Index 16
Index 39
Index 0
Index 35
Index 6
Index 17
Index 16
Index 5
Index 8
Index 6
Index 9
Index 50
Index 4
Index 7
Index 50
Index 6
Index 3
Index 39
Index 60
Index 16
Index 50
Index 38
Index 7
Index 14
Index 60
Index 23
Index 54
Index 22
Index 56
Index 14
Index 9
Index 44
Index 47
Index 0
Index 6
Index 7
Index 4
Index 48
Index 30
Index 63
Index 18
Index 18
Index 29
Index 20
Index 3
Index 63
Index 14
Index 30
Index 0
Index 27
Index 18
Index 10
Index 42
Index 7
Index 62
Index 17
Index 27
Index 47
Index 22
Index 56
Index 16
Index 18
Index 33
Index 55
Index 10
Index 0
Index 25
Index 8
Index 49
Index 40
Index 36
Index 20
Index 19
Index 43
Index 16
Index 9
Index 32
Index 37
Index 31
Index 6
Index 13
Index 42
Index 40
Index 60
Index 17
Index 40
Index 36
Index 0
Index 31
Index 29
Index 34
Index 32
Index 24
Index 39
Index 58
Index 40
Index 43
Index 32
Index 33
Index 9
Index 14
Index 11
Index 15
Index 51
Index 9
Index 36
Index 15
Index 1
Index 35
Index 42
Index 43
Index 23
Index 13
Index 1
Index 40
Index 40
Index 0
Index 2
Index 58
Index 22
Index 57
Index 5
Index 52
Index 26
Index 22
Index 30
Index 25
Index 41
Index 60
Index 48
Index 30
Index 57
Index 55
Index 12
Index 12
Index 12
Index 34
Index 58
Index 2
Index 5
Index 36
Index 32
Index 33
Index 49
Index 34
Index 32
Index 0
Index 35
Index 35
Index 62
Index 62
Index 35
Index 24
Index 40
Index 28
Index 18
Index 6
Index 15
Index 49
Index 36
Index 3
Index 15
Index 15
Index 8
Index 56
Index 37
Index 48
Index 18
Index 29
Index 36
Index 7
Index 25
Index 25
Index 4
Index 21
Index 38
Index 30
Offset switch to: 9	With score: 1
Index 54
Index 55
Index 49
Index 41
Index 17
Index 6
Index 12
Index 13
Index 4
Index 29
Index 45
Index 63
Index 61
Index 13
Index 26
Index 62
Index 2
Index 41
Index 41
Index 25
Index 55
Index 46
Index 52
Index 11
Index 45
Index 17
Index 16
Index 30
Index 0
Index 23
Index 20
Index 21
Index 21
Index 55
Index 23
Index 0
Index 0
Index 22
Index 30
Index 8
Index 43
Index 54
Index 34
Index 22
Index 32
Index 33
Index 22
Index 25
Index 26
Index 14
Index 14
Index 40
Index 60
Index 59
Index 35
Index 10
Index 10
Index 22
Index 10
Index 5
Index 5
Index 49
Index 22
Index 4
Index 61
Index 32
Index 61
Index 0
Index 55
Index 45
Index 48
Index 26
Index 7
Index 15
Index 2
Index 48
Index 34
Index 52
Index 50
Index 25
Index 25
Index 14
Index 57
Index 50
Index 51
Index 27
Index 19
Index 60
Index 48
Index 3
Index 58
Index 35
Index 55
Index 10
Index 46
Index 13
Index 50
Index 47
Index 47
Index 58
Index 59
Index 24
Index 63
Index 8
Index 46
Index 20
Index 12
Index 46
Index 56
Index 34
Index 5
Index 13
Index 5
Index 33
Index 22
Index 34
Index 26
Index 4
Index 44
Index 54
Index 32
Index 33
Index 35
Index 36
Index 8
Index 23
Index 44
Index 44
Index 42
Index 29
Index 45
Index 32
Index 37
Index 10
Index 1
Index 45
Index 1
Index 15
Index 43
Index 53
Index 21
Index 15
Index 55
Index 61
Index 46
Index 48
Index 48
Index 37
Index 54
Index 23
Index 8
Index 45
Index 43
Index 19
Index 29
Index 58
Index 0
Index 30
Index 2
Index 48
Index 32
Index 21
Index 57
Index 39
Index 1
Index 3
Index 42
Index 26
Index 26
Index 9
Index 40
Index 36
Index 8
Index 47
Index 38
Index 26
Index 23
Index 62
Index 22
Index 27
Index 40
Index 50
Index 30
Index 27
Index 18
Index 3
Offset switch to: 15	With score: 1
Index 36
Index 33
Index 52
Index 49
Index 9
Index 13
Index 36
Index 11
Index 59
Index 59
Index 34
Index 59
Index 61
Index 2
Index 6
Index 32
Index 8
Index 32
Index 55
Index 43
Index 39
Index 26
Index 37
Index 14
Index 41
Index 24
Index 47
Index 46
Index 20
Index 21
Index 40
Index 38
Index 61
Index 60
Index 61
Index 56
Index 57
Index 45
Index 30
Index 63
Index 27
Index 27
Index 58
Index 14
Index 59
Index 0
Index 8
Index 47
Index 44
Index 20
Index 4
Index 44
Index 61
Index 8
Index 14
Index 33
Index 33
Index 23
Index 15
Index 59
Index 8
Index 57
Index 55
Index 30
Index 63
Index 63
Index 58
Index 35
Index 22
Index 46
Index 12
Index 15
Index 18
Index 29
Index 52
Index 26
Index 34
Index 29
Index 16
Index 32
Index 7
Index 45
Index 1
Index 41
Index 25
Index 32
Index 7
Index 20
Index 24
Index 27
Index 60
Index 62
Index 49
Index 60
Index 16
Index 54
Index 5
Index 0
Index 38
Index 35
Index 23
Index 32
Index 54
Index 14
Index 32
Index 30
Index 31
Index 15
Index 20
Index 59
Index 22
Index 32
Index 53
Index 53
Index 53
Index 60
Index 5
Index 7
Index 17
Index 22
Index 52
Index 55
Index 12
Index 18
Index 17
Index 15
Index 11
Index 24
Index 44
Index 22
Index 22
Index 28
Index 55
Index 20
Index 41
Index 38
Index 13
Index 48
Index 7
Index 63
Index 63
Index 49
Index 31
Index 38
Index 49
Index 27
Index 4
Index 52
Index 3
Index 33
Index 34
Index 42
Index 56
Index 59
Index 29
Index 12
Index 5
Index 22
Index 39
Index 23
Index 24
Index 28
Index 47
Index 51
Index 58
Index 43
Index 52
Index 31
Index 25
Index 17
Index 33
Index 14
Index 56
Index 47
Index 14
Index 36
Index 43
Index 46
Index 32
Index 48
Index 26
Index 26
Index 31
Index 28
Index 20
Index 14
Index 8
Index 53
Index 40
Index 5
Index 45
Index 45
Index 4
Index 1
Index 1
Index 44
Index 1
Index 53
Index 40
Index 38
Index 9
Index 51
Index 62
Index 27
Index 14
Index 57
Offset switch to: 14	With score: 1
Index 11
Index 33
Index 23
Index 60
Index 26
Index 34
Index 1
Index 62
Index 30
Index 14
Index 11
Index 48
Index 15
Index 18
Index 14
Index 58
Index 30
Index 6
Index 45
Index 56
Index 41
Index 47
Index 56
Index 45
Index 32
Index 23
Index 36
Index 36
Index 9
Index 19
Index 44
Index 44
Index 38
Index 48
Index 10
Index 4
Index 12
Index 9
Index 8
Index 15
Index 59
Index 43
Index 53
Index 2
Index 28
Index 9
Index 2
Index 2
Index 47
Index 50
Index 27
Index 40
Index 9
Index 18
Index 15
Index 7
Index 44
Index 2
Index 61
Offset switch to: 55	With score: 1
Index 37
Index 17
Index 24
Index 41
Index 62
Index 62
Index 5
Index 49
Index 63
Index 50
Index 15
Index 25
Index 10
Index 29
Index 29
Index 20
Index 28
Index 57
Index 23
Index 58
Index 49
Index 49
Index 57
Index 26
Index 24
Index 63
Index 21
Index 3
Index 7
Index 31
Index 29
Index 43
Index 11
Index 32
Index 37
Index 35
Index 35
Index 15
Index 15
Index 4
Index 4
Index 19
Index 19
Index 19
Index 50
Index 33
Index 33
Index 39
Index 50
Index 7
Index 7
Index 8
Index 13
Index 16
Index 36
Index 25
Index 21
Index 22
Index 22
Index 39
Index 9
Index 40
Index 28
Index 28
Index 5
Index 31
Index 33
Index 61
Index 52
Index 24
Index 36
Index 39
Index 54
Index 54
Index 62
Index 4
Index 21
Index 33
Index 63
Index 32
Index 37
Index 58
Index 50
Index 3
Index 31
Index 36
Index 42
Index 22
Index 53
Index 60
Index 3
Index 8
Index 12
Index 31
Index 35
Index 32
Index 38
Index 41
Index 39
Index 43
Index 38
Index 41
Index 50
Index 63
Index 57
Index 59
Index 1
Index 3
Index 5
Index 25
Index 27
Index 30
Index 33
Index 38
Index 55
Index 22
Index 28
Index 22
Index 31
Index 28
Index 34
Index 31
Index 36
Index 34
Index 36
Index 59
Index 7
Index 55
Index 61
Index 3
Index 58
Index 0
Index 57
Index 63
Index 57
Index 63
Index 57
Index 63
Index 57
Index 63
Index 57
Index 63
Index 5
Index 8
Index 29
Index 12
Index 20
Index 30
Index 43
Index 9
Index 61
Index 28
Index 3
Index 31
Index 10
Index 9
Index 46
Index 26
Index 57
Index 1
Index 12
Index 15
Index 15
Index 16
Index 32
Index 19
Index 20
Index 60
Index 48
Index 26
Index 30
Index 58
Index 58
Index 17
Index 5
Index 9
Index 52
Index 58
Index 35
Index 51
Index 29
Index 58
Index 0
Index 29
Index 50
Index 16
Index 16
Index 63
Index 63
Index 63
Index 63
Index 63
Index 63
Instructions Retired: 2700003 Cycle: 2061122 Hearbeat IPC: 0.303029 Cumulative IPC: 1.309968
Cycle: 2061122	Best offset: 55	Score: 0	Hit Rate: 0.149184
Index 62
Index 2
Index 42
Index 11
Instructions Retired: 2800002 Cycle: 2095719 Hearbeat IPC: 2.890395 Cumulative IPC: 1.336058
Cycle: 2095719	Best offset: 55	Score: 0	Hit Rate: 0.149940
Index 45
Index 45
Index 45
Index 42
Index 42
Index 42
Index 24
Index 23
Index 23
Index 23
Index 28
Index 56
Index 42
Index 12
Index 12
Index 38
Index 30
Index 2
Index 0
Index 7
Index 25
Index 25
Index 25
Index 25
Index 45
Index 12
Index 25
Index 63
Index 57
Index 37
Index 15
Index 2
Index 2
Index 57
Index 43
Index 36
Index 36
Index 9
Index 30
Index 28
Index 26
Index 62
Index 48
Index 52
Index 46
Index 19
Index 20
Index 52
Index 52
Index 62
Index 9
Index 21
Index 21
Index 24
Index 36
Index 12
Index 5
Index 5
Index 24
Index 51
Index 5
Index 33
Index 33
Index 33
Index 61
Index 63
Index 57
Index 24
Index 2
Index 9
Index 14
Index 31
Index 21
Index 25
Index 25
Index 4
Index 6
Index 0
Index 44
Index 9
Index 13
Index 14
Index 14
Index 14
Index 13
Index 58
Instructions Retired: 2900004 Cycle: 2138807 Hearbeat IPC: 2.320878 Cumulative IPC: 1.355898
Cycle: 2138807	Best offset: 55	Score: 0	Hit Rate: 0.160512
Index 43
Index 17
Index 26
Index 31
Index 57
Index 47
Index 45
Index 60
Index 59
Index 59
Index 59
Index 18
Index 58
Index 32
Index 20
Index 36
Index 52
Index 33
Index 41
Index 9
Index 9
Index 9
Index 18
Index 7
Index 21
Index 5
Index 6
Index 1
Index 6
Index 5
Index 7
Index 5
Index 3
Index 53
Index 52
Index 52
Index 51
Index 51
Index 62
Index 42
Index 42
Index 10
Index 14
Index 44
Index 1
Index 35
Index 54
Index 54
Index 54
Index 56
Index 54
Index 16
Index 23
Index 23
Index 19
Index 19
Index 19
Index 18
Index 15
Index 31
Index 54
Index 16
Index 47
Index 20
Index 59
Index 29
Instructions Retired: 3000000 Cycle: 2177337 Hearbeat IPC: 2.595276 Cumulative IPC: 1.377830
Cycle: 2177337	Best offset: 55	Score: 0	Hit Rate: 0.167457
Index 11
Index 61
Index 26
Index 26
Index 10
Index 59
Index 27
Index 58
Index 53
Index 53
Index 56
Index 7
Index 55
Index 4
Index 27
Index 2
Index 53
Index 0
Index 0
Index 62
Index 62
Index 62
Index 50
Index 30
Index 57
Index 47
Index 36
Index 48
Index 41

Simulation complete. Instructions retired: 3099755 Cycles elapsed: 2209383 IPC: 1.402996

Prefetcher final stats
