
*** Data Prefetching Championship 2 Simulator ***

Warmup Instructions: 10000000
Simulation Instructions: 100000000
Scramble loads OFF
Using 256KB Last Level Cache
Using 12.8 GB/s DRAM bandwidth
ISB Lite, size: 170176 bits = 20.773438 KB
Knobs visible from prefetcher: 0 1 0
  add to prefetch queue
  add to prefetch queue
  add to prefetch queue
  add to prefetch queue
  add to prefetch queue
  add to prefetch queue
  add to prefetch queue
  add to prefetch queue
  add to prefetch queue
  add to prefetch queue
  add to prefetch queue
  add to prefetch queue
  add to prefetch queue
  add to prefetch queue
  add to prefetch queue
  add to prefetch queue
  add to prefetch queue
  add to prefetch queue
  add to prefetch queue
  add to prefetch queue
  add to prefetch queue
  add to prefetch queue
  add to prefetch queue
  add to prefetch queue
  add to prefetch queue
  add to prefetch queue
  add to prefetch queue
  add to prefetch queue
  add to prefetch queue
  add to prefetch queue
  add to prefetch queue
  add to prefetch queue
  add to prefetch queue
  add to prefetch queue
  add to prefetch queue
  add to prefetch queue
  add to prefetch queue
  add to prefetch queue
  add to prefetch queue
  add to prefetch queue
  add to prefetch queue
Instructions Retired: 100001 Cycle: 52450 Hearbeat IPC: 1.906597 Cumulative IPC: 1.906597
Prefetcher heartbeat stats
  add to prefetch queue
  add to prefetch queue
  add to prefetch queue
  add to prefetch queue
  add to prefetch queue
  add to prefetch queue
  add to prefetch queue
  add to prefetch queue
  add to prefetch queue
  add to prefetch queue
  add to prefetch queue
  add to prefetch queue
  add to prefetch queue
  add to prefetch queue
  add to prefetch queue
  add to prefetch queue
  add to prefetch queue
  add to prefetch queue
  add to prefetch queue
  add to prefetch queue
  add to prefetch queue
  add to prefetch queue
  add to prefetch queue
  add to prefetch queue
  add to prefetch queue
  add to prefetch queue
  add to prefetch queue
  add to prefetch queue
  add to prefetch queue
  add to prefetch queue
  add to prefetch queue
  add to prefetch queue
  add to prefetch queue
  add to prefetch queue
  add to prefetch queue
  add to prefetch queue
  add to prefetch queue
  add to prefetch queue
  add to prefetch queue
  add to prefetch queue
  add to prefetch queue
  add to prefetch queue
  add to prefetch queue
  add to prefetch queue
  add to prefetch queue
  add to prefetch queue
  add to prefetch queue
  add to prefetch queue
  add to prefetch queue
  add to prefetch queue
  add to prefetch queue
  add to prefetch queue
  add to prefetch queue
  add to prefetch queue
  add to prefetch queue
  add to prefetch queue
  add to prefetch queue
  add to prefetch queue
  add to prefetch queue
  add to prefetch queue
  add to prefetch queue
  add to prefetch queue
  add to prefetch queue
  add to prefetch queue
Instructions Retired: 200000 Cycle: 88570 Hearbeat IPC: 2.768522 Cumulative IPC: 2.258101
Prefetcher heartbeat stats
  add to prefetch queue
  add to prefetch queue
  add to prefetch queue
  add to prefetch queue
  add to prefetch queue
  add to prefetch queue
  add to prefetch queue
  add to prefetch queue
  add to prefetch queue
  add to prefetch queue
  add to prefetch queue
  add to prefetch queue
Instructions Retired: 300003 Cycle: 122440 Hearbeat IPC: 2.952554 Cumulative IPC: 2.450204
Prefetcher heartbeat stats
  add to prefetch queue
  add to prefetch queue
  add to prefetch queue
  add to prefetch queue
  add to prefetch queue
  add to prefetch queue
  add to prefetch queue
  add to prefetch queue
  add to prefetch queue
Instructions Retired: 400002 Cycle: 154592 Hearbeat IPC: 3.110195 Cumulative IPC: 2.587469
Prefetcher heartbeat stats
  add to prefetch queue
  add to prefetch queue
  add to prefetch queue
  add to prefetch queue
  add to prefetch queue
  add to prefetch queue
  add to prefetch queue
  add to prefetch queue
  add to prefetch queue
  add to prefetch queue
  add to prefetch queue
  add to prefetch queue
  add to prefetch queue
  add to prefetch queue
  add to prefetch queue
  add to prefetch queue
  add to prefetch queue
  add to prefetch queue
  add to prefetch queue
  add to prefetch queue
Instructions Retired: 500000 Cycle: 330738 Hearbeat IPC: 0.567700 Cumulative IPC: 1.511771
Prefetcher heartbeat stats
  add to prefetch queue
  add to prefetch queue
  add to prefetch queue
  add to prefetch queue
  add to prefetch queue
  add to prefetch queue
  add to prefetch queue
  add to prefetch queue
  add to prefetch queue
  add to prefetch queue
  add to prefetch queue
  add to prefetch queue
  add to prefetch queue
  add to prefetch queue
  add to prefetch queue
  add to prefetch queue
  add to prefetch queue
  add to prefetch queue
  add to prefetch queue
  add to prefetch queue
  add to prefetch queue
Instructions Retired: 600001 Cycle: 469828 Hearbeat IPC: 0.718966 Cumulative IPC: 1.277065
Prefetcher heartbeat stats
  add to prefetch queue
  add to prefetch queue
  add to prefetch queue
  add to prefetch queue
  add to prefetch queue
  add to prefetch queue
  add to prefetch queue
  add to prefetch queue
  add to prefetch queue
  add to prefetch queue
  add to prefetch queue
  add to prefetch queue
  add to prefetch queue
  add to prefetch queue
  add to prefetch queue
Instructions Retired: 700001 Cycle: 511019 Hearbeat IPC: 2.427715 Cumulative IPC: 1.369814
Prefetcher heartbeat stats
  add to prefetch queue
  add to prefetch queue
  add to prefetch queue
  add to prefetch queue
  add to prefetch queue
  add to prefetch queue
  add to prefetch queue
  add to prefetch queue
  add to prefetch queue
  add to prefetch queue
  add to prefetch queue
  add to prefetch queue
  add to prefetch queue
  add to prefetch queue
  add to prefetch queue
  add to prefetch queue
  add to prefetch queue
  add to prefetch queue
  add to prefetch queue
  add to prefetch queue
  add to prefetch queue
  add to prefetch queue
  add to prefetch queue
  add to prefetch queue
  add to prefetch queue
  add to prefetch queue
  add to prefetch queue
  add to prefetch queue
  add to prefetch queue
  add to prefetch queue
  add to prefetch queue
  add to prefetch queue
  add to prefetch queue
  add to prefetch queue
  add to prefetch queue
  add to prefetch queue
  add to prefetch queue
  add to prefetch queue
  add to prefetch queue
  add to prefetch queue
  add to prefetch queue
  add to prefetch queue
  add to prefetch queue
  add to prefetch queue
  add to prefetch queue
  add to prefetch queue
  add to prefetch queue
  add to prefetch queue
  add to prefetch queue
  add to prefetch queue
  add to prefetch queue
  add to prefetch queue
  add to prefetch queue
  add to prefetch queue
  add to prefetch queue
  add to prefetch queue
  add to prefetch queue
Instructions Retired: 800000 Cycle: 547002 Hearbeat IPC: 2.779062 Cumulative IPC: 1.462517
Prefetcher heartbeat stats
  add to prefetch queue
  add to prefetch queue
  add to prefetch queue
  add to prefetch queue
  add to prefetch queue
  add to prefetch queue
  add to prefetch queue
  add to prefetch queue
  add to prefetch queue
  add to prefetch queue
  add to prefetch queue
  add to prefetch queue
  add to prefetch queue
  add to prefetch queue
  add to prefetch queue
  add to prefetch queue
  add to prefetch queue
  add to prefetch queue
  add to prefetch queue
  add to prefetch queue
  add to prefetch queue
  add to prefetch queue
  add to prefetch queue
  add to prefetch queue
  add to prefetch queue
  add to prefetch queue
  add to prefetch queue
  add to prefetch queue
  add to prefetch queue
  add to prefetch queue
  add to prefetch queue
  add to prefetch queue
  add to prefetch queue
  add to prefetch queue
  add to prefetch queue
  add to prefetch queue
  add to prefetch queue
  add to prefetch queue
  add to prefetch queue
  add to prefetch queue
  add to prefetch queue
  add to prefetch queue
  add to prefetch queue
  add to prefetch queue
Instructions Retired: 900001 Cycle: 583555 Hearbeat IPC: 2.735781 Cumulative IPC: 1.542273
Prefetcher heartbeat stats
  add to prefetch queue
  add to prefetch queue
  add to prefetch queue
  add to prefetch queue
  add to prefetch queue
  add to prefetch queue
  add to prefetch queue
  add to prefetch queue
  add to prefetch queue
  add to prefetch queue
  add to prefetch queue
  add to prefetch queue
  add to prefetch queue
  add to prefetch queue
  add to prefetch queue
  add to prefetch queue
  add to prefetch queue
  add to prefetch queue
  add to prefetch queue
  add to prefetch queue
  add to prefetch queue
Instructions Retired: 1000002 Cycle: 615775 Hearbeat IPC: 3.103693 Cumulative IPC: 1.623973
Prefetcher heartbeat stats
  add to prefetch queue
  add to prefetch queue
  add to prefetch queue
  add to prefetch queue
  add to prefetch queue
  add to prefetch queue
  add to prefetch queue
  add to prefetch queue
  add to prefetch queue
  add to prefetch queue
  add to prefetch queue
  add to prefetch queue
  add to prefetch queue
  add to prefetch queue
  add to prefetch queue
  add to prefetch queue
  add to prefetch queue
  add to prefetch queue
  add to prefetch queue
Instructions Retired: 1100000 Cycle: 648110 Hearbeat IPC: 3.092562 Cumulative IPC: 1.697243
Prefetcher heartbeat stats
  add to prefetch queue
  add to prefetch queue
  add to prefetch queue
  add to prefetch queue
  add to prefetch queue
  add to prefetch queue
  add to prefetch queue
  add to prefetch queue
  add to prefetch queue
  add to prefetch queue
  add to prefetch queue
  add to prefetch queue
  add to prefetch queue
  add to prefetch queue
  add to prefetch queue
  add to prefetch queue
  add to prefetch queue
  add to prefetch queue
  add to prefetch queue
  add to prefetch queue
  add to prefetch queue
  add to prefetch queue
  add to prefetch queue
  add to prefetch queue
  add to prefetch queue
  add to prefetch queue
  add to prefetch queue
  add to prefetch queue
  add to prefetch queue
  add to prefetch queue
  add to prefetch queue
  add to prefetch queue
  add to prefetch queue
  add to prefetch queue
  add to prefetch queue
  add to prefetch queue
Instructions Retired: 1200000 Cycle: 790087 Hearbeat IPC: 0.704339 Cumulative IPC: 1.518820
Prefetcher heartbeat stats
  add to prefetch queue
  add to prefetch queue
  add to prefetch queue
  add to prefetch queue
  add to prefetch queue
  add to prefetch queue
  add to prefetch queue
  add to prefetch queue
  add to prefetch queue
  add to prefetch queue
  add to prefetch queue
  add to prefetch queue
  add to prefetch queue
  add to prefetch queue
  add to prefetch queue
  add to prefetch queue
  add to prefetch queue
  add to prefetch queue
Instructions Retired: 1300001 Cycle: 963245 Hearbeat IPC: 0.577513 Cumulative IPC: 1.349606
Prefetcher heartbeat stats
  add to prefetch queue
  add to prefetch queue
  add to prefetch queue
  add to prefetch queue
  add to prefetch queue
  add to prefetch queue
  add to prefetch queue
  add to prefetch queue
  add to prefetch queue
  add to prefetch queue
  add to prefetch queue
  add to prefetch queue
  add to prefetch queue
  add to prefetch queue
  add to prefetch queue
  add to prefetch queue
  add to prefetch queue
  add to prefetch queue
  add to prefetch queue
Instructions Retired: 1400000 Cycle: 1004829 Hearbeat IPC: 2.404747 Cumulative IPC: 1.393272
Prefetcher heartbeat stats
  add to prefetch queue
  add to prefetch queue
  add to prefetch queue
  add to prefetch queue
  add to prefetch queue
  add to prefetch queue
  add to prefetch queue
  add to prefetch queue
  add to prefetch queue
  add to prefetch queue
  add to prefetch queue
  add to prefetch queue
  add to prefetch queue
  add to prefetch queue
  add to prefetch queue
  add to prefetch queue
  add to prefetch queue
  add to prefetch queue
  add to prefetch queue
  add to prefetch queue
  add to prefetch queue
  add to prefetch queue
  add to prefetch queue
  add to prefetch queue
  add to prefetch queue
  add to prefetch queue
  add to prefetch queue
  add to prefetch queue
  add to prefetch queue
  add to prefetch queue
  add to prefetch queue
  add to prefetch queue
  add to prefetch queue
  add to prefetch queue
  add to prefetch queue
  add to prefetch queue
  add to prefetch queue
  add to prefetch queue
  add to prefetch queue
  add to prefetch queue
  add to prefetch queue
  add to prefetch queue
  add to prefetch queue
  add to prefetch queue
  add to prefetch queue
  add to prefetch queue
  add to prefetch queue
  add to prefetch queue
  add to prefetch queue
  add to prefetch queue
  add to prefetch queue
  add to prefetch queue
Instructions Retired: 1500001 Cycle: 1039574 Hearbeat IPC: 2.878141 Cumulative IPC: 1.442900
Prefetcher heartbeat stats
  add to prefetch queue
  add to prefetch queue
  add to prefetch queue
  add to prefetch queue
  add to prefetch queue
  add to prefetch queue
  add to prefetch queue
  add to prefetch queue
  add to prefetch queue
  add to prefetch queue
  add to prefetch queue
  add to prefetch queue
  add to prefetch queue
  add to prefetch queue
  add to prefetch queue
  add to prefetch queue
  add to prefetch queue
  add to prefetch queue
  add to prefetch queue
  add to prefetch queue
  add to prefetch queue
  add to prefetch queue
  add to prefetch queue
  add to prefetch queue
  add to prefetch queue
  add to prefetch queue
  add to prefetch queue
  add to prefetch queue
  add to prefetch queue
  add to prefetch queue
  add to prefetch queue
  add to prefetch queue
  add to prefetch queue
  add to prefetch queue
  add to prefetch queue
  add to prefetch queue
  add to prefetch queue
  add to prefetch queue
  add to prefetch queue
  add to prefetch queue
  add to prefetch queue
  add to prefetch queue
  add to prefetch queue
  add to prefetch queue
  add to prefetch queue
  add to prefetch queue
  add to prefetch queue
  add to prefetch queue
  add to prefetch queue
  add to prefetch queue
  add to prefetch queue
  add to prefetch queue
  add to prefetch queue
  add to prefetch queue
  add to prefetch queue
  add to prefetch queue
  add to prefetch queue
  add to prefetch queue
  add to prefetch queue
  add to prefetch queue
  add to prefetch queue
  add to prefetch queue
  add to prefetch queue
  add to prefetch queue
  add to prefetch queue
Instructions Retired: 1600000 Cycle: 1077275 Hearbeat IPC: 2.652423 Cumulative IPC: 1.485229
Prefetcher heartbeat stats
  add to prefetch queue
  add to prefetch queue
  add to prefetch queue
  add to prefetch queue
  add to prefetch queue
  add to prefetch queue
  add to prefetch queue
  add to prefetch queue
  add to prefetch queue
  add to prefetch queue
  add to prefetch queue
  add to prefetch queue
  add to prefetch queue
  add to prefetch queue
  add to prefetch queue
  add to prefetch queue
Instructions Retired: 1700000 Cycle: 1109333 Hearbeat IPC: 3.119346 Cumulative IPC: 1.532452
Prefetcher heartbeat stats
  add to prefetch queue
  add to prefetch queue
  add to prefetch queue
  add to prefetch queue
  add to prefetch queue
  add to prefetch queue
  add to prefetch queue
  add to prefetch queue
  add to prefetch queue
  add to prefetch queue
  add to prefetch queue
  add to prefetch queue
  add to prefetch queue
Instructions Retired: 1800000 Cycle: 1141625 Hearbeat IPC: 3.096742 Cumulative IPC: 1.576700
Prefetcher heartbeat stats
  add to prefetch queue
  add to prefetch queue
  add to prefetch queue
  add to prefetch queue
  add to prefetch queue
  add to prefetch queue
  add to prefetch queue
  add to prefetch queue
  add to prefetch queue
  add to prefetch queue
  add to prefetch queue
  add to prefetch queue
  add to prefetch queue
  add to prefetch queue
  add to prefetch queue
  add to prefetch queue
  add to prefetch queue
  add to prefetch queue
  add to prefetch queue
  add to prefetch queue
  add to prefetch queue
  add to prefetch queue
  add to prefetch queue
  add to prefetch queue
Instructions Retired: 1900001 Cycle: 1244788 Hearbeat IPC: 0.969350 Cumulative IPC: 1.526365
Prefetcher heartbeat stats
  add to prefetch queue
  add to prefetch queue
  add to prefetch queue
  add to prefetch queue
  add to prefetch queue
  add to prefetch queue
  add to prefetch queue
  add to prefetch queue
  add to prefetch queue
  add to prefetch queue
  add to prefetch queue
  add to prefetch queue
  add to prefetch queue
Instructions Retired: 2000004 Cycle: 1456610 Hearbeat IPC: 0.472109 Cumulative IPC: 1.373054
Prefetcher heartbeat stats
  add to prefetch queue
  add to prefetch queue
  add to prefetch queue
  add to prefetch queue
  add to prefetch queue
  add to prefetch queue
  add to prefetch queue
  add to prefetch queue
  add to prefetch queue
  add to prefetch queue
  add to prefetch queue
  add to prefetch queue
  add to prefetch queue
  add to prefetch queue
  add to prefetch queue
  add to prefetch queue
Instructions Retired: 2100001 Cycle: 1496202 Hearbeat IPC: 2.525687 Cumulative IPC: 1.403554
Prefetcher heartbeat stats
  add to prefetch queue
  add to prefetch queue
  add to prefetch queue
  add to prefetch queue
  add to prefetch queue
  add to prefetch queue
  add to prefetch queue
  add to prefetch queue
  add to prefetch queue
  add to prefetch queue
  add to prefetch queue
  add to prefetch queue
  add to prefetch queue
  add to prefetch queue
  add to prefetch queue
  add to prefetch queue
  add to prefetch queue
  add to prefetch queue
  add to prefetch queue
  add to prefetch queue
  add to prefetch queue
  add to prefetch queue
  add to prefetch queue
  add to prefetch queue
  add to prefetch queue
  add to prefetch queue
  add to prefetch queue
  add to prefetch queue
  add to prefetch queue
  add to prefetch queue
  add to prefetch queue
  add to prefetch queue
  add to prefetch queue
  add to prefetch queue
  add to prefetch queue
  add to prefetch queue
  add to prefetch queue
  add to prefetch queue
  add to prefetch queue
  add to prefetch queue
  add to prefetch queue
  add to prefetch queue
  add to prefetch queue
  add to prefetch queue
  add to prefetch queue
  add to prefetch queue
  add to prefetch queue
  add to prefetch queue
  add to prefetch queue
  add to prefetch queue
  add to prefetch queue
  add to prefetch queue
  add to prefetch queue
  add to prefetch queue
  add to prefetch queue
  add to prefetch queue
  add to prefetch queue
  add to prefetch queue
  add to prefetch queue
  add to prefetch queue
  add to prefetch queue
  add to prefetch queue
  add to prefetch queue
  add to prefetch queue
  add to prefetch queue
Instructions Retired: 2200000 Cycle: 1531686 Hearbeat IPC: 2.818143 Cumulative IPC: 1.436326
Prefetcher heartbeat stats
  add to prefetch queue
  add to prefetch queue
  add to prefetch queue
  add to prefetch queue
  add to prefetch queue
  add to prefetch queue
  add to prefetch queue
  add to prefetch queue
  add to prefetch queue
  add to prefetch queue
  add to prefetch queue
  add to prefetch queue
  add to prefetch queue
  add to prefetch queue
  add to prefetch queue
  add to prefetch queue
  add to prefetch queue
  add to prefetch queue
  add to prefetch queue
  add to prefetch queue
  add to prefetch queue
  add to prefetch queue
  add to prefetch queue
  add to prefetch queue
  add to prefetch queue
  add to prefetch queue
  add to prefetch queue
  add to prefetch queue
  add to prefetch queue
  add to prefetch queue
  add to prefetch queue
  add to prefetch queue
  add to prefetch queue
  add to prefetch queue
  add to prefetch queue
  add to prefetch queue
  add to prefetch queue
  add to prefetch queue
  add to prefetch queue
  add to prefetch queue
  add to prefetch queue
  add to prefetch queue
  add to prefetch queue
  add to prefetch queue
  add to prefetch queue
  add to prefetch queue
  add to prefetch queue
  add to prefetch queue
  add to prefetch queue
  add to prefetch queue
  add to prefetch queue
  add to prefetch queue
  add to prefetch queue
  add to prefetch queue
  add to prefetch queue
  add to prefetch queue
  add to prefetch queue
  add to prefetch queue
  add to prefetch queue
  add to prefetch queue
  add to prefetch queue
  add to prefetch queue
  add to prefetch queue
  add to prefetch queue
  add to prefetch queue
  add to prefetch queue
  add to prefetch queue
  add to prefetch queue
  add to prefetch queue
  add to prefetch queue
  add to prefetch queue
Instructions Retired: 2300001 Cycle: 1569683 Hearbeat IPC: 2.631813 Cumulative IPC: 1.465265
Prefetcher heartbeat stats
  add to prefetch queue
  add to prefetch queue
  add to prefetch queue
  add to prefetch queue
  add to prefetch queue
  add to prefetch queue
  add to prefetch queue
  add to prefetch queue
  add to prefetch queue
  add to prefetch queue
  add to prefetch queue
  add to prefetch queue
  add to prefetch queue
  add to prefetch queue
  add to prefetch queue
Instructions Retired: 2400001 Cycle: 1601816 Hearbeat IPC: 3.112066 Cumulative IPC: 1.498300
Prefetcher heartbeat stats
  add to prefetch queue
  add to prefetch queue
  add to prefetch queue
  add to prefetch queue
  add to prefetch queue
  add to prefetch queue
  add to prefetch queue
  add to prefetch queue
  add to prefetch queue
  add to prefetch queue
  add to prefetch queue
  add to prefetch queue
  add to prefetch queue
  add to prefetch queue
  add to prefetch queue
  add to prefetch queue
  add to prefetch queue
Instructions Retired: 2500000 Cycle: 1634085 Hearbeat IPC: 3.098918 Cumulative IPC: 1.529908
Prefetcher heartbeat stats
  add to prefetch queue
  add to prefetch queue
  add to prefetch queue
  add to prefetch queue
  add to prefetch queue
  add to prefetch queue
  add to prefetch queue
  add to prefetch queue
  add to prefetch queue
  add to prefetch queue
  add to prefetch queue
  add to prefetch queue
  add to prefetch queue
  add to prefetch queue
  add to prefetch queue
  add to prefetch queue
  add to prefetch queue
  add to prefetch queue
  add to prefetch queue
  add to prefetch queue
  add to prefetch queue
  add to prefetch queue
  add to prefetch queue
  add to prefetch queue
  add to prefetch queue
  add to prefetch queue
Instructions Retired: 2600000 Cycle: 1700841 Hearbeat IPC: 1.497993 Cumulative IPC: 1.528656
Prefetcher heartbeat stats
  add to prefetch queue
  add to prefetch queue
  add to prefetch queue
  add to prefetch queue
  add to prefetch queue
  add to prefetch queue
  add to prefetch queue
  add to prefetch queue
  add to prefetch queue
  add to prefetch queue
  add to prefetch queue
  add to prefetch queue
Instructions Retired: 2700003 Cycle: 2011630 Hearbeat IPC: 0.321771 Cumulative IPC: 1.342197
Prefetcher heartbeat stats
  add to prefetch queue
  add to prefetch queue
  add to prefetch queue
  add to prefetch queue
  add to prefetch queue
Instructions Retired: 2800002 Cycle: 2046314 Hearbeat IPC: 2.883145 Cumulative IPC: 1.368315
Prefetcher heartbeat stats
  add to prefetch queue
  add to prefetch queue
  add to prefetch queue
  add to prefetch queue
  add to prefetch queue
  add to prefetch queue
  add to prefetch queue
  add to prefetch queue
  add to prefetch queue
  add to prefetch queue
  add to prefetch queue
  add to prefetch queue
  add to prefetch queue
  add to prefetch queue
  add to prefetch queue
  add to prefetch queue
  add to prefetch queue
  add to prefetch queue
  add to prefetch queue
  add to prefetch queue
  add to prefetch queue
  add to prefetch queue
  add to prefetch queue
  add to prefetch queue
  add to prefetch queue
  add to prefetch queue
  add to prefetch queue
  add to prefetch queue
  add to prefetch queue
  add to prefetch queue
  add to prefetch queue
  add to prefetch queue
  add to prefetch queue
  add to prefetch queue
  add to prefetch queue
  add to prefetch queue
  add to prefetch queue
  add to prefetch queue
  add to prefetch queue
  add to prefetch queue
  add to prefetch queue
  add to prefetch queue
  add to prefetch queue
  add to prefetch queue
  add to prefetch queue
  add to prefetch queue
  add to prefetch queue
  add to prefetch queue
  add to prefetch queue
  add to prefetch queue
  add to prefetch queue
  add to prefetch queue
  add to prefetch queue
  add to prefetch queue
  add to prefetch queue
  add to prefetch queue
  add to prefetch queue
  add to prefetch queue
  add to prefetch queue
  add to prefetch queue
  add to prefetch queue
  add to prefetch queue
Instructions Retired: 2900004 Cycle: 2089161 Hearbeat IPC: 2.333932 Cumulative IPC: 1.388119
Prefetcher heartbeat stats
  add to prefetch queue
  add to prefetch queue
  add to prefetch queue
  add to prefetch queue
  add to prefetch queue
  add to prefetch queue
  add to prefetch queue
  add to prefetch queue
  add to prefetch queue
  add to prefetch queue
  add to prefetch queue
  add to prefetch queue
  add to prefetch queue
  add to prefetch queue
  add to prefetch queue
  add to prefetch queue
  add to prefetch queue
  add to prefetch queue
  add to prefetch queue
  add to prefetch queue
  add to prefetch queue
  add to prefetch queue
  add to prefetch queue
  add to prefetch queue
  add to prefetch queue
  add to prefetch queue
  add to prefetch queue
  add to prefetch queue
  add to prefetch queue
  add to prefetch queue
  add to prefetch queue
  add to prefetch queue
  add to prefetch queue
  add to prefetch queue
  add to prefetch queue
  add to prefetch queue
  add to prefetch queue
  add to prefetch queue
  add to prefetch queue
  add to prefetch queue
  add to prefetch queue
  add to prefetch queue
  add to prefetch queue
  add to prefetch queue
  add to prefetch queue
  add to prefetch queue
  add to prefetch queue
  add to prefetch queue
  add to prefetch queue
  add to prefetch queue
  add to prefetch queue
  add to prefetch queue
  add to prefetch queue
  add to prefetch queue
  add to prefetch queue
  add to prefetch queue
  add to prefetch queue
  add to prefetch queue
  add to prefetch queue
  add to prefetch queue
  add to prefetch queue
  add to prefetch queue
  add to prefetch queue
  add to prefetch queue
  add to prefetch queue
  add to prefetch queue
  add to prefetch queue
Instructions Retired: 3000000 Cycle: 2127557 Hearbeat IPC: 2.604334 Cumulative IPC: 1.410068
Prefetcher heartbeat stats
  add to prefetch queue
  add to prefetch queue
  add to prefetch queue
  add to prefetch queue
  add to prefetch queue
  add to prefetch queue
  add to prefetch queue
  add to prefetch queue
  add to prefetch queue
  add to prefetch queue
  add to prefetch queue
  add to prefetch queue
  add to prefetch queue
  add to prefetch queue
  add to prefetch queue
  add to prefetch queue
  add to prefetch queue
  add to prefetch queue
  add to prefetch queue
  add to prefetch queue
  add to prefetch queue
  add to prefetch queue
  add to prefetch queue
  add to prefetch queue
  add to prefetch queue
  add to prefetch queue
  add to prefetch queue
  add to prefetch queue
  add to prefetch queue

Simulation complete. Instructions retired: 3099755 Cycles elapsed: 2159592 IPC: 1.435343

Prefetcher final stats
