
*** Data Prefetching Championship 2 Simulator ***

Warmup Instructions: 10000000
Simulation Instructions: 100000000
Scramble loads OFF
Using 256KB Last Level Cache
Using 12.8 GB/s DRAM bandwidth
Streaming Prefetcher
Knobs visible from prefetcher: 0 1 0
Instructions Retired: 100001 Cycle: 51454 Hearbeat IPC: 1.943503 Cumulative IPC: 1.943503
Prefetcher heartbeat stats
Instructions Retired: 200000 Cycle: 87119 Hearbeat IPC: 2.803841 Cumulative IPC: 2.295711
Prefetcher heartbeat stats
Instructions Retired: 300003 Cycle: 121062 Hearbeat IPC: 2.946204 Cumulative IPC: 2.478094
Prefetcher heartbeat stats
Instructions Retired: 400002 Cycle: 153251 Hearbeat IPC: 3.106620 Cumulative IPC: 2.610110
Prefetcher heartbeat stats
Instructions Retired: 500000 Cycle: 326147 Hearbeat IPC: 0.578371 Cumulative IPC: 1.533051
Prefetcher heartbeat stats
Instructions Retired: 600001 Cycle: 463279 Hearbeat IPC: 0.729232 Cumulative IPC: 1.295118
Prefetcher heartbeat stats
Instructions Retired: 700001 Cycle: 504263 Hearbeat IPC: 2.439977 Cumulative IPC: 1.388167
Prefetcher heartbeat stats
Instructions Retired: 800000 Cycle: 539777 Hearbeat IPC: 2.815763 Cumulative IPC: 1.482094
Prefetcher heartbeat stats
Instructions Retired: 900001 Cycle: 576205 Hearbeat IPC: 2.745168 Cumulative IPC: 1.561946
Prefetcher heartbeat stats
Instructions Retired: 1000002 Cycle: 608226 Hearbeat IPC: 3.122982 Cumulative IPC: 1.644129
Prefetcher heartbeat stats
Instructions Retired: 1100000 Cycle: 640615 Hearbeat IPC: 3.087406 Cumulative IPC: 1.717100
Prefetcher heartbeat stats
Instructions Retired: 1200000 Cycle: 779657 Hearbeat IPC: 0.719207 Cumulative IPC: 1.539138
Prefetcher heartbeat stats
Instructions Retired: 1300001 Cycle: 952818 Hearbeat IPC: 0.577503 Cumulative IPC: 1.364375
Prefetcher heartbeat stats
Instructions Retired: 1400000 Cycle: 993881 Hearbeat IPC: 2.435258 Cumulative IPC: 1.408619
Prefetcher heartbeat stats
Instructions Retired: 1500003 Cycle: 1028305 Hearbeat IPC: 2.905037 Cumulative IPC: 1.458714
Prefetcher heartbeat stats
Instructions Retired: 1600000 Cycle: 1065227 Hearbeat IPC: 2.708331 Cumulative IPC: 1.502027
Prefetcher heartbeat stats
Instructions Retired: 1700000 Cycle: 1097257 Hearbeat IPC: 3.122073 Cumulative IPC: 1.549318
Prefetcher heartbeat stats
Instructions Retired: 1800000 Cycle: 1129590 Hearbeat IPC: 3.092815 Cumulative IPC: 1.593498
Prefetcher heartbeat stats
Instructions Retired: 1900001 Cycle: 1230947 Hearbeat IPC: 0.986622 Cumulative IPC: 1.543528
Prefetcher heartbeat stats
Instructions Retired: 2000004 Cycle: 1438424 Hearbeat IPC: 0.481996 Cumulative IPC: 1.390413
Prefetcher heartbeat stats
Instructions Retired: 2100001 Cycle: 1477893 Hearbeat IPC: 2.533558 Cumulative IPC: 1.420943
Prefetcher heartbeat stats
Instructions Retired: 2200000 Cycle: 1513397 Hearbeat IPC: 2.816556 Cumulative IPC: 1.453683
Prefetcher heartbeat stats
Instructions Retired: 2300001 Cycle: 1550562 Hearbeat IPC: 2.690731 Cumulative IPC: 1.483334
Prefetcher heartbeat stats
Instructions Retired: 2400001 Cycle: 1582791 Hearbeat IPC: 3.102796 Cumulative IPC: 1.516309
Prefetcher heartbeat stats
Instructions Retired: 2500000 Cycle: 1615170 Hearbeat IPC: 3.088391 Cumulative IPC: 1.547825
Prefetcher heartbeat stats
Instructions Retired: 2600000 Cycle: 1680903 Hearbeat IPC: 1.521306 Cumulative IPC: 1.546788
Prefetcher heartbeat stats
Instructions Retired: 2700003 Cycle: 1985925 Hearbeat IPC: 0.327855 Cumulative IPC: 1.359569
Prefetcher heartbeat stats
Instructions Retired: 2800002 Cycle: 2020105 Hearbeat IPC: 2.925658 Cumulative IPC: 1.386068
Prefetcher heartbeat stats
Instructions Retired: 2900004 Cycle: 2062579 Hearbeat IPC: 2.354429 Cumulative IPC: 1.406009
Prefetcher heartbeat stats
Instructions Retired: 3000000 Cycle: 2100169 Hearbeat IPC: 2.660176 Cumulative IPC: 1.428456
Prefetcher heartbeat stats

Simulation complete. Instructions retired: 3099755 Cycles elapsed: 2132225 IPC: 1.453765

Prefetcher final stats
