
*** Data Prefetching Championship 2 Simulator ***

Warmup Instructions: 10000000
Simulation Instructions: 100000000
Scramble loads OFF
Using 1MB Last Level Cache
Using 3.2 GB/s DRAM bandwidth
AMPM Lite Prefetcher
Knobs visible from prefetcher: 0 0 1
Instructions Retired: 100000 Cycle: 128473 Hearbeat IPC: 0.778374 Cumulative IPC: 0.778374
Prefetcher heartbeat stats
Instructions Retired: 200000 Cycle: 254518 Hearbeat IPC: 0.793367 Cumulative IPC: 0.785799
Prefetcher heartbeat stats
Instructions Retired: 300000 Cycle: 381898 Hearbeat IPC: 0.785053 Cumulative IPC: 0.785550
Prefetcher heartbeat stats
Instructions Retired: 400000 Cycle: 508512 Hearbeat IPC: 0.789802 Cumulative IPC: 0.786609
Prefetcher heartbeat stats
Instructions Retired: 500000 Cycle: 636006 Hearbeat IPC: 0.784351 Cumulative IPC: 0.786156
Prefetcher heartbeat stats
Instructions Retired: 600000 Cycle: 763886 Hearbeat IPC: 0.781983 Cumulative IPC: 0.785457
Prefetcher heartbeat stats
Instructions Retired: 700000 Cycle: 891099 Hearbeat IPC: 0.786083 Cumulative IPC: 0.785547
Prefetcher heartbeat stats
Instructions Retired: 800000 Cycle: 1017752 Hearbeat IPC: 0.789559 Cumulative IPC: 0.786046
Prefetcher heartbeat stats
Instructions Retired: 900000 Cycle: 1170742 Hearbeat IPC: 0.653637 Cumulative IPC: 0.768743
Prefetcher heartbeat stats
Instructions Retired: 1000000 Cycle: 1348690 Hearbeat IPC: 0.561962 Cumulative IPC: 0.741460
Prefetcher heartbeat stats
Instructions Retired: 1100000 Cycle: 1516712 Hearbeat IPC: 0.595160 Cumulative IPC: 0.725253
Prefetcher heartbeat stats
Instructions Retired: 1200000 Cycle: 1687958 Hearbeat IPC: 0.583955 Cumulative IPC: 0.710918
Prefetcher heartbeat stats
Instructions Retired: 1300000 Cycle: 1869821 Hearbeat IPC: 0.549864 Cumulative IPC: 0.695254
Prefetcher heartbeat stats
Instructions Retired: 1400000 Cycle: 2048886 Hearbeat IPC: 0.558456 Cumulative IPC: 0.683298
Prefetcher heartbeat stats
Instructions Retired: 1500003 Cycle: 2211561 Hearbeat IPC: 0.614741 Cumulative IPC: 0.678255
Prefetcher heartbeat stats
Instructions Retired: 1600000 Cycle: 2406381 Hearbeat IPC: 0.513279 Cumulative IPC: 0.664899
Prefetcher heartbeat stats
Instructions Retired: 1700000 Cycle: 2562932 Hearbeat IPC: 0.638769 Cumulative IPC: 0.663303
Prefetcher heartbeat stats
Instructions Retired: 1800000 Cycle: 2738357 Hearbeat IPC: 0.570044 Cumulative IPC: 0.657328
Prefetcher heartbeat stats
Instructions Retired: 1900000 Cycle: 2927628 Hearbeat IPC: 0.528343 Cumulative IPC: 0.648990
Prefetcher heartbeat stats
Instructions Retired: 2000000 Cycle: 3079947 Hearbeat IPC: 0.656517 Cumulative IPC: 0.649362
Prefetcher heartbeat stats
Instructions Retired: 2100000 Cycle: 3265450 Hearbeat IPC: 0.539075 Cumulative IPC: 0.643097
Prefetcher heartbeat stats
Instructions Retired: 2200004 Cycle: 3440427 Hearbeat IPC: 0.571527 Cumulative IPC: 0.639457
Prefetcher heartbeat stats
Instructions Retired: 2300000 Cycle: 3603035 Hearbeat IPC: 0.614951 Cumulative IPC: 0.638351
Prefetcher heartbeat stats
Instructions Retired: 2400000 Cycle: 3796083 Hearbeat IPC: 0.518006 Cumulative IPC: 0.632231
Prefetcher heartbeat stats
Instructions Retired: 2500004 Cycle: 3970340 Hearbeat IPC: 0.573888 Cumulative IPC: 0.629670
Prefetcher heartbeat stats
Instructions Retired: 2600000 Cycle: 4135938 Hearbeat IPC: 0.603848 Cumulative IPC: 0.628636
Prefetcher heartbeat stats
Instructions Retired: 2700000 Cycle: 4313888 Hearbeat IPC: 0.561956 Cumulative IPC: 0.625885
Prefetcher heartbeat stats
Instructions Retired: 2800000 Cycle: 4490832 Hearbeat IPC: 0.565151 Cumulative IPC: 0.623492
Prefetcher heartbeat stats
Instructions Retired: 2900000 Cycle: 4660879 Hearbeat IPC: 0.588073 Cumulative IPC: 0.622200
Prefetcher heartbeat stats
Instructions Retired: 3000004 Cycle: 4835828 Hearbeat IPC: 0.571618 Cumulative IPC: 0.620370
Prefetcher heartbeat stats

Simulation complete. Instructions retired: 3099754 Cycles elapsed: 5013941 IPC: 0.618227

Prefetcher final stats
