
*** Data Prefetching Championship 2 Simulator ***

Warmup Instructions: 0
Simulation Instructions: 100000000
Scramble loads OFF
Using 1MB Last Level Cache
Using 3.2 GB/s DRAM bandwidth
Knobs visible from prefetcher: 0 0 1
Resetting history queue.
Setting up the minimum score
Resetting offset table
Setting initial offset to 1
Tag offset: 6
Ressetting hit rate
Resetting rable rounds
Resetting gauge

Warmup complete. Instructions retired: 1 Cycles elapsed: 2 IPC: 0.500000
Prefetcher warmup complete stats

Instructions Retired: 100000 Cycle: 137504 Hearbeat IPC: 0.727252 Cumulative IPC: 0.727252
Cycle: 137504	Best offset: 1	Score: 1	Hit Rate: 0.005094
	---- Offset table ----
Offset -> Score
2 -> 15
3 -> 15
4 -> 15
5 -> 15
	----------------------
Instructions Retired: 200000 Cycle: 279308 Hearbeat IPC: 0.705199 Cumulative IPC: 0.716055
Cycle: 279308	Best offset: 1	Score: 1	Hit Rate: 0.003321
	---- Offset table ----
Offset -> Score
2 -> 30
3 -> 30
4 -> 30
5 -> 30
	----------------------
Offset switch to: 28	With score: 32
Instructions Retired: 300000 Cycle: 414552 Hearbeat IPC: 0.739404 Cumulative IPC: 0.723673
Cycle: 414552	Best offset: 28	Score: 32	Hit Rate: 0.049088
	---- Offset table ----
Offset -> Score
28 -> 19
29 -> 19
30 -> 17
1 -> 16
	----------------------
Offset switch to: 29	With score: 32
Instructions Retired: 400000 Cycle: 548824 Hearbeat IPC: 0.744757 Cumulative IPC: 0.728831
Cycle: 548824	Best offset: 29	Score: 32	Hit Rate: 0.076864
	---- Offset table ----
Offset -> Score
8 -> 5
9 -> 5
10 -> 5
11 -> 5
	----------------------
Instructions Retired: 500000 Cycle: 681406 Hearbeat IPC: 0.754250 Cumulative IPC: 0.733777
Cycle: 681406	Best offset: 29	Score: 32	Hit Rate: 0.092407
	---- Offset table ----
Offset -> Score
24 -> 24
25 -> 24
27 -> 24
29 -> 24
	----------------------
Instructions Retired: 600002 Cycle: 816979 Hearbeat IPC: 0.737625 Cumulative IPC: 0.734415
Cycle: 816979	Best offset: 29	Score: 32	Hit Rate: 0.104136
	---- Offset table ----
Offset -> Score
25 -> 14
26 -> 13
7 -> 12
24 -> 12
	----------------------
Offset switch to: 25	With score: 32
Instructions Retired: 700002 Cycle: 949966 Hearbeat IPC: 0.751953 Cumulative IPC: 0.736871
Cycle: 949966	Best offset: 25	Score: 32	Hit Rate: 0.111948
	---- Offset table ----
Offset -> Score
55 -> 4
-6 -> 3
-5 -> 3
-1 -> 3
	----------------------
Instructions Retired: 800000 Cycle: 1081471 Hearbeat IPC: 0.760412 Cumulative IPC: 0.739733
Cycle: 1081471	Best offset: 25	Score: 32	Hit Rate: 0.121257
	---- Offset table ----
Offset -> Score
11 -> 25
29 -> 24
31 -> 24
1 -> 23
	----------------------
Offset switch to: 31	With score: 32
Instructions Retired: 900000 Cycle: 1239518 Hearbeat IPC: 0.632723 Cumulative IPC: 0.726089
Cycle: 1239518	Best offset: 31	Score: 32	Hit Rate: 0.131726
	---- Offset table ----
Offset -> Score
18 -> 14
21 -> 14
19 -> 13
22 -> 13
	----------------------
Offset switch to: 18	With score: 32
Instructions Retired: 1000000 Cycle: 1426782 Hearbeat IPC: 0.534005 Cumulative IPC: 0.700878
Cycle: 1426782	Best offset: 18	Score: 32	Hit Rate: 0.141957
	---- Offset table ----
Offset -> Score
6 -> 4
8 -> 4
9 -> 4
1 -> 3
	----------------------
Instructions Retired: 1100000 Cycle: 1599852 Hearbeat IPC: 0.577801 Cumulative IPC: 0.687564
Cycle: 1599852	Best offset: 18	Score: 32	Hit Rate: 0.156446
	---- Offset table ----
Offset -> Score
9 -> 25
15 -> 25
18 -> 25
6 -> 24
	----------------------
Offset switch to: 9	With score: 32
Instructions Retired: 1200000 Cycle: 1771892 Hearbeat IPC: 0.581260 Cumulative IPC: 0.677242
Cycle: 1771892	Best offset: 9	Score: 32	Hit Rate: 0.165656
	---- Offset table ----
Offset -> Score
2 -> 16
25 -> 15
3 -> 14
5 -> 14
	----------------------
Offset switch to: 25	With score: 32
Instructions Retired: 1300000 Cycle: 1956949 Hearbeat IPC: 0.540374 Cumulative IPC: 0.664299
Cycle: 1956949	Best offset: 25	Score: 32	Hit Rate: 0.174336
	---- Offset table ----
Offset -> Score
1 -> 8
2 -> 7
9 -> 7
13 -> 7
	----------------------
Instructions Retired: 1400000 Cycle: 2141539 Hearbeat IPC: 0.541741 Cumulative IPC: 0.653735
Cycle: 2141539	Best offset: 25	Score: 32	Hit Rate: 0.182952
	---- Offset table ----
Offset -> Score
30 -> 29
1 -> 28
-44 -> 27
29 -> 27
	----------------------
Offset switch to: 30	With score: 32
Instructions Retired: 1500003 Cycle: 2314306 Hearbeat IPC: 0.578832 Cumulative IPC: 0.648144
Cycle: 2314306	Best offset: 30	Score: 32	Hit Rate: 0.185946
	---- Offset table ----
Offset -> Score
24 -> 18
17 -> 17
21 -> 17
22 -> 17
	----------------------
Offset switch to: 22	With score: 32
Instructions Retired: 1600000 Cycle: 2517110 Hearbeat IPC: 0.493072 Cumulative IPC: 0.635650
Cycle: 2517110	Best offset: 22	Score: 32	Hit Rate: 0.194110
	---- Offset table ----
Offset -> Score
3 -> 11
-64 -> 8
-57 -> 8
-44 -> 8
	----------------------
Instructions Retired: 1700000 Cycle: 2670675 Hearbeat IPC: 0.651190 Cumulative IPC: 0.636543
Cycle: 2670675	Best offset: 22	Score: 32	Hit Rate: 0.194162
	---- Offset table ----
Offset -> Score
3 -> 28
33 -> 27
-57 -> 26
2 -> 26
	----------------------
Offset switch to: 3	With score: 32
Instructions Retired: 1800000 Cycle: 2850668 Hearbeat IPC: 0.555577 Cumulative IPC: 0.631431
Cycle: 2850668	Best offset: 3	Score: 32	Hit Rate: 0.197780
	---- Offset table ----
Offset -> Score
2 -> 15
8 -> 15
11 -> 15
16 -> 15
	----------------------
Instructions Retired: 1900000 Cycle: 3040334 Hearbeat IPC: 0.527243 Cumulative IPC: 0.624931
Cycle: 3040334	Best offset: 3	Score: 32	Hit Rate: 0.195459
	---- Offset table ----
Offset -> Score
2 -> 32
6 -> 32
5 -> 31
8 -> 31
	----------------------
Offset switch to: 6	With score: 32
Instructions Retired: 2000000 Cycle: 3191322 Hearbeat IPC: 0.662304 Cumulative IPC: 0.626700
Cycle: 3191322	Best offset: 6	Score: 32	Hit Rate: 0.194077
	---- Offset table ----
Offset -> Score
-52 -> 19
17 -> 19
-56 -> 17
-49 -> 17
	----------------------
Offset switch to: 17	With score: 32
Instructions Retired: 2100000 Cycle: 3382441 Hearbeat IPC: 0.523234 Cumulative IPC: 0.620853
Cycle: 3382441	Best offset: 17	Score: 32	Hit Rate: 0.196145
	---- Offset table ----
Offset -> Score
-60 -> 8
20 -> 8
-59 -> 7
-9 -> 7
	----------------------
Instructions Retired: 2200004 Cycle: 3560504 Hearbeat IPC: 0.561621 Cumulative IPC: 0.617891
Cycle: 3560504	Best offset: 17	Score: 32	Hit Rate: 0.198566
	---- Offset table ----
Offset -> Score
6 -> 27
-60 -> 26
-55 -> 26
10 -> 26
	----------------------
Offset switch to: -60	With score: 32
Instructions Retired: 2300000 Cycle: 3730676 Hearbeat IPC: 0.587617 Cumulative IPC: 0.616510
Cycle: 3730676	Best offset: -60	Score: 32	Hit Rate: 0.193826
	---- Offset table ----
Offset -> Score
4 -> 14
5 -> 13
11 -> 13
12 -> 13
	----------------------
Instructions Retired: 2400000 Cycle: 3938764 Hearbeat IPC: 0.480566 Cumulative IPC: 0.609328
Cycle: 3938764	Best offset: -60	Score: 32	Hit Rate: 0.185754
	---- Offset table ----
Offset -> Score
4 -> 29
2 -> 27
3 -> 27
5 -> 27
	----------------------
Offset switch to: 4	With score: 32
Instructions Retired: 2500000 Cycle: 4113047 Hearbeat IPC: 0.573779 Cumulative IPC: 0.607822
Cycle: 4113047	Best offset: 4	Score: 32	Hit Rate: 0.183623
	---- Offset table ----
Offset -> Score
2 -> 16
1 -> 15
8 -> 15
12 -> 15
	----------------------
Instructions Retired: 2600004 Cycle: 4281363 Hearbeat IPC: 0.594144 Cumulative IPC: 0.607284
Cycle: 4281363	Best offset: 4	Score: 32	Hit Rate: 0.183183
	---- Offset table ----
Offset -> Score
9 -> 32
16 -> 32
-60 -> 31
1 -> 31
	----------------------
Offset switch to: -60	With score: 32
Instructions Retired: 2700000 Cycle: 4472904 Hearbeat IPC: 0.522061 Cumulative IPC: 0.603635
Cycle: 4472904	Best offset: -60	Score: 32	Hit Rate: 0.176906
	---- Offset table ----
Offset -> Score
6 -> 16
7 -> 16
13 -> 16
8 -> 15
	----------------------
Instructions Retired: 2800000 Cycle: 4660253 Hearbeat IPC: 0.533763 Cumulative IPC: 0.600826
Cycle: 4660253	Best offset: -60	Score: 32	Hit Rate: 0.170588
	---- Offset table ----
Offset -> Score
1 -> 29
2 -> 29
6 -> 29
7 -> 29
	----------------------
Offset switch to: 13	With score: 32
Instructions Retired: 2900000 Cycle: 4834955 Hearbeat IPC: 0.572403 Cumulative IPC: 0.599799
Cycle: 4834955	Best offset: 13	Score: 32	Hit Rate: 0.173249
	---- Offset table ----
Offset -> Score
-27 -> 17
11 -> 17
-59 -> 16
12 -> 16
	----------------------
Offset switch to: 3	With score: 32
Instructions Retired: 3000000 Cycle: 5012282 Hearbeat IPC: 0.563930 Cumulative IPC: 0.598530
Cycle: 5012282	Best offset: 3	Score: 32	Hit Rate: 0.177691
	---- Offset table ----
Offset -> Score
5 -> 9
4 -> 7
12 -> 7
-62 -> 6
	----------------------

Simulation complete. Instructions retired: 3099753 Cycles elapsed: 5191804 IPC: 0.597047

Prefetcher final stats
