
*** Data Prefetching Championship 2 Simulator ***

Warmup Instructions: 0
Simulation Instructions: 100000000
Scramble loads OFF
Using 1MB Last Level Cache
Using 3.2 GB/s DRAM bandwidth
AMPM Lite Prefetcher
Knobs visible from prefetcher: 0 0 1

Warmup complete. Instructions retired: 4 Cycles elapsed: 297 IPC: 0.013468
Prefetcher warmup complete stats

Instructions Retired: 100001 Cycle: 128160 Hearbeat IPC: 0.780282 Cumulative IPC: 0.780282
Prefetcher heartbeat stats
Instructions Retired: 200001 Cycle: 223681 Hearbeat IPC: 1.046890 Cumulative IPC: 0.894135
Prefetcher heartbeat stats
Instructions Retired: 300005 Cycle: 317187 Hearbeat IPC: 1.069493 Cumulative IPC: 0.945830
Prefetcher heartbeat stats
Instructions Retired: 400004 Cycle: 413562 Hearbeat IPC: 1.037603 Cumulative IPC: 0.967217
Prefetcher heartbeat stats
Instructions Retired: 500005 Cycle: 509577 Hearbeat IPC: 1.041514 Cumulative IPC: 0.981216
Prefetcher heartbeat stats
Instructions Retired: 600003 Cycle: 604729 Hearbeat IPC: 1.050929 Cumulative IPC: 0.992185
Prefetcher heartbeat stats
Instructions Retired: 700005 Cycle: 709276 Hearbeat IPC: 0.956527 Cumulative IPC: 0.986929
Prefetcher heartbeat stats
Instructions Retired: 800003 Cycle: 825192 Hearbeat IPC: 0.862676 Cumulative IPC: 0.969475
Prefetcher heartbeat stats
Instructions Retired: 900005 Cycle: 922925 Hearbeat IPC: 1.023216 Cumulative IPC: 0.975166
Prefetcher heartbeat stats
Instructions Retired: 1000002 Cycle: 1020584 Hearbeat IPC: 1.023940 Cumulative IPC: 0.979833
Prefetcher heartbeat stats
Instructions Retired: 1100004 Cycle: 1144515 Hearbeat IPC: 0.806917 Cumulative IPC: 0.961109
Prefetcher heartbeat stats
Instructions Retired: 1200000 Cycle: 1290987 Hearbeat IPC: 0.682697 Cumulative IPC: 0.929521
Prefetcher heartbeat stats
Instructions Retired: 1300004 Cycle: 1440097 Hearbeat IPC: 0.670673 Cumulative IPC: 0.902720
Prefetcher heartbeat stats
Instructions Retired: 1400003 Cycle: 1591274 Hearbeat IPC: 0.661470 Cumulative IPC: 0.879800
Prefetcher heartbeat stats
Instructions Retired: 1500003 Cycle: 1747651 Hearbeat IPC: 0.639480 Cumulative IPC: 0.858297
Prefetcher heartbeat stats
Instructions Retired: 1600004 Cycle: 1896377 Hearbeat IPC: 0.672384 Cumulative IPC: 0.843716
Prefetcher heartbeat stats
Instructions Retired: 1700003 Cycle: 2041553 Hearbeat IPC: 0.688812 Cumulative IPC: 0.832701
Prefetcher heartbeat stats
Instructions Retired: 1800004 Cycle: 2194483 Hearbeat IPC: 0.653901 Cumulative IPC: 0.820241
Prefetcher heartbeat stats
Instructions Retired: 1900000 Cycle: 2351483 Hearbeat IPC: 0.636917 Cumulative IPC: 0.808001
Prefetcher heartbeat stats
Instructions Retired: 2000003 Cycle: 2498786 Hearbeat IPC: 0.678893 Cumulative IPC: 0.800390
Prefetcher heartbeat stats
Instructions Retired: 2100004 Cycle: 2658593 Hearbeat IPC: 0.625761 Cumulative IPC: 0.789893
Prefetcher heartbeat stats
Instructions Retired: 2200004 Cycle: 2803458 Hearbeat IPC: 0.690298 Cumulative IPC: 0.784747
Prefetcher heartbeat stats
Instructions Retired: 2300001 Cycle: 2957493 Hearbeat IPC: 0.649184 Cumulative IPC: 0.777686
Prefetcher heartbeat stats
Instructions Retired: 2400002 Cycle: 3116163 Hearbeat IPC: 0.630245 Cumulative IPC: 0.770179
Prefetcher heartbeat stats
Instructions Retired: 2500000 Cycle: 3269526 Hearbeat IPC: 0.652035 Cumulative IPC: 0.764637
Prefetcher heartbeat stats
Instructions Retired: 2600001 Cycle: 3423278 Hearbeat IPC: 0.650405 Cumulative IPC: 0.759506
Prefetcher heartbeat stats
Instructions Retired: 2700000 Cycle: 3585133 Hearbeat IPC: 0.617831 Cumulative IPC: 0.753110
Prefetcher heartbeat stats
Instructions Retired: 2800000 Cycle: 3738508 Hearbeat IPC: 0.651997 Cumulative IPC: 0.748962
Prefetcher heartbeat stats
Instructions Retired: 2900001 Cycle: 3875487 Hearbeat IPC: 0.730046 Cumulative IPC: 0.748293
Prefetcher heartbeat stats
Instructions Retired: 3000003 Cycle: 4036299 Hearbeat IPC: 0.621857 Cumulative IPC: 0.743256
Prefetcher heartbeat stats

Simulation complete. Instructions retired: 3099749 Cycles elapsed: 4247012 IPC: 0.729866

Prefetcher final stats
