
*** Data Prefetching Championship 2 Simulator ***

Warmup Instructions: 0
Simulation Instructions: 100000000
Scramble loads OFF
Using 1MB Last Level Cache
Using 3.2 GB/s DRAM bandwidth
No Prefetching
Knobs visible from prefetcher: 0 0 1

Warmup complete. Instructions retired: 4 Cycles elapsed: 297 IPC: 0.013468
Prefetcher warmup complete stats

Instructions Retired: 100000 Cycle: 146856 Hearbeat IPC: 0.680939 Cumulative IPC: 0.680939
Prefetcher heartbeat stats
Instructions Retired: 200001 Cycle: 274955 Hearbeat IPC: 0.780654 Cumulative IPC: 0.727395
Prefetcher heartbeat stats
Instructions Retired: 300004 Cycle: 405606 Hearbeat IPC: 0.765421 Cumulative IPC: 0.739644
Prefetcher heartbeat stats
Instructions Retired: 400003 Cycle: 535791 Hearbeat IPC: 0.768130 Cumulative IPC: 0.746565
Prefetcher heartbeat stats
Instructions Retired: 500005 Cycle: 665065 Hearbeat IPC: 0.773566 Cumulative IPC: 0.751814
Prefetcher heartbeat stats
Instructions Retired: 600003 Cycle: 788397 Hearbeat IPC: 0.810803 Cumulative IPC: 0.761042
Prefetcher heartbeat stats
Instructions Retired: 700005 Cycle: 918740 Hearbeat IPC: 0.767222 Cumulative IPC: 0.761918
Prefetcher heartbeat stats
Instructions Retired: 800005 Cycle: 1065738 Hearbeat IPC: 0.680281 Cumulative IPC: 0.750658
Prefetcher heartbeat stats
Instructions Retired: 900003 Cycle: 1192123 Hearbeat IPC: 0.791217 Cumulative IPC: 0.754958
Prefetcher heartbeat stats
Instructions Retired: 1000000 Cycle: 1318412 Hearbeat IPC: 0.791811 Cumulative IPC: 0.758488
Prefetcher heartbeat stats
Instructions Retired: 1100004 Cycle: 1471108 Hearbeat IPC: 0.654922 Cumulative IPC: 0.747738
Prefetcher heartbeat stats
Instructions Retired: 1200004 Cycle: 1637096 Hearbeat IPC: 0.602453 Cumulative IPC: 0.733008
Prefetcher heartbeat stats
Instructions Retired: 1300004 Cycle: 1815921 Hearbeat IPC: 0.559206 Cumulative IPC: 0.715892
Prefetcher heartbeat stats
Instructions Retired: 1400001 Cycle: 1998201 Hearbeat IPC: 0.548590 Cumulative IPC: 0.700631
Prefetcher heartbeat stats
Instructions Retired: 1500005 Cycle: 2187934 Hearbeat IPC: 0.527077 Cumulative IPC: 0.685581
Prefetcher heartbeat stats
Instructions Retired: 1600002 Cycle: 2364743 Hearbeat IPC: 0.565565 Cumulative IPC: 0.676607
Prefetcher heartbeat stats
Instructions Retired: 1700001 Cycle: 2536229 Hearbeat IPC: 0.583132 Cumulative IPC: 0.670287
Prefetcher heartbeat stats
Instructions Retired: 1800002 Cycle: 2722140 Hearbeat IPC: 0.537897 Cumulative IPC: 0.661245
Prefetcher heartbeat stats
Instructions Retired: 1900000 Cycle: 2905641 Hearbeat IPC: 0.544945 Cumulative IPC: 0.653900
Prefetcher heartbeat stats
Instructions Retired: 2000001 Cycle: 3086536 Hearbeat IPC: 0.552812 Cumulative IPC: 0.647976
Prefetcher heartbeat stats
Instructions Retired: 2100002 Cycle: 3274442 Hearbeat IPC: 0.532186 Cumulative IPC: 0.641331
Prefetcher heartbeat stats
Instructions Retired: 2200004 Cycle: 3455867 Hearbeat IPC: 0.551203 Cumulative IPC: 0.636600
Prefetcher heartbeat stats
Instructions Retired: 2300001 Cycle: 3629139 Hearbeat IPC: 0.577110 Cumulative IPC: 0.633759
Prefetcher heartbeat stats
Instructions Retired: 2400003 Cycle: 3809922 Hearbeat IPC: 0.553160 Cumulative IPC: 0.629935
Prefetcher heartbeat stats
Instructions Retired: 2500000 Cycle: 3998836 Hearbeat IPC: 0.529325 Cumulative IPC: 0.625182
Prefetcher heartbeat stats
Instructions Retired: 2600002 Cycle: 4181985 Hearbeat IPC: 0.546014 Cumulative IPC: 0.621715
Prefetcher heartbeat stats
Instructions Retired: 2700000 Cycle: 4369605 Hearbeat IPC: 0.532982 Cumulative IPC: 0.617905
Prefetcher heartbeat stats
Instructions Retired: 2800004 Cycle: 4553525 Hearbeat IPC: 0.543736 Cumulative IPC: 0.614909
Prefetcher heartbeat stats
Instructions Retired: 2900000 Cycle: 4728495 Hearbeat IPC: 0.571504 Cumulative IPC: 0.613303
Prefetcher heartbeat stats
Instructions Retired: 3000003 Cycle: 4908975 Hearbeat IPC: 0.554095 Cumulative IPC: 0.611126
Prefetcher heartbeat stats

Simulation complete. Instructions retired: 3099750 Cycles elapsed: 5130566 IPC: 0.604173

Prefetcher final stats
