
*** Data Prefetching Championship 2 Simulator ***

Warmup Instructions: 10000000
Simulation Instructions: 100000000
Scramble loads OFF
Using 1MB Last Level Cache
Using 3.2 GB/s DRAM bandwidth
Knobs visible from prefetcher: 0 0 1
Resetting history queue.
Resetting offset table
Setting initial offset to 1
Tag offset: 6
Instructions Retired: 100000 Cycle: 120801 Hearbeat IPC: 0.827808 Cumulative IPC: 0.827808
Prefetcher heartbeat stats
Instructions Retired: 200001 Cycle: 218117 Hearbeat IPC: 1.027591 Cumulative IPC: 0.916944
Prefetcher heartbeat stats
Instructions Retired: 300004 Cycle: 317410 Hearbeat IPC: 1.007151 Cumulative IPC: 0.945162
Prefetcher heartbeat stats
Instructions Retired: 400000 Cycle: 415755 Hearbeat IPC: 1.016788 Cumulative IPC: 0.962105
Prefetcher heartbeat stats
Instructions Retired: 500005 Cycle: 513661 Hearbeat IPC: 1.021439 Cumulative IPC: 0.973414
Prefetcher heartbeat stats
Instructions Retired: 600003 Cycle: 613323 Hearbeat IPC: 1.003371 Cumulative IPC: 0.978282
Prefetcher heartbeat stats
Instructions Retired: 700005 Cycle: 718498 Hearbeat IPC: 0.950815 Cumulative IPC: 0.974262
Prefetcher heartbeat stats
Instructions Retired: 800002 Cycle: 831304 Hearbeat IPC: 0.886451 Cumulative IPC: 0.962346
Prefetcher heartbeat stats
Instructions Retired: 900004 Cycle: 931113 Hearbeat IPC: 1.001934 Cumulative IPC: 0.966589
Prefetcher heartbeat stats
Instructions Retired: 1000000 Cycle: 1031124 Hearbeat IPC: 0.999850 Cumulative IPC: 0.969815
Prefetcher heartbeat stats
Instructions Retired: 1100001 Cycle: 1154454 Hearbeat IPC: 0.810841 Cumulative IPC: 0.952832
Prefetcher heartbeat stats
Instructions Retired: 1200005 Cycle: 1301675 Hearbeat IPC: 0.679278 Cumulative IPC: 0.921893
Prefetcher heartbeat stats
Instructions Retired: 1300004 Cycle: 1453263 Hearbeat IPC: 0.659676 Cumulative IPC: 0.894541
Prefetcher heartbeat stats
Instructions Retired: 1400003 Cycle: 1608049 Hearbeat IPC: 0.646047 Cumulative IPC: 0.870622
Prefetcher heartbeat stats
Instructions Retired: 1500005 Cycle: 1767972 Hearbeat IPC: 0.625313 Cumulative IPC: 0.848433
Prefetcher heartbeat stats
Instructions Retired: 1600005 Cycle: 1920264 Hearbeat IPC: 0.656633 Cumulative IPC: 0.833221
Prefetcher heartbeat stats
Instructions Retired: 1700001 Cycle: 2064875 Hearbeat IPC: 0.691483 Cumulative IPC: 0.823295
Prefetcher heartbeat stats
Instructions Retired: 1800004 Cycle: 2228893 Hearbeat IPC: 0.609707 Cumulative IPC: 0.807578
Prefetcher heartbeat stats
Instructions Retired: 1900003 Cycle: 2384753 Hearbeat IPC: 0.641595 Cumulative IPC: 0.796729
Prefetcher heartbeat stats
Instructions Retired: 2000005 Cycle: 2535508 Hearbeat IPC: 0.663341 Cumulative IPC: 0.788799
Prefetcher heartbeat stats
Instructions Retired: 2100002 Cycle: 2700151 Hearbeat IPC: 0.607357 Cumulative IPC: 0.777735
Prefetcher heartbeat stats
Instructions Retired: 2200000 Cycle: 2853362 Hearbeat IPC: 0.652682 Cumulative IPC: 0.771020
Prefetcher heartbeat stats
Instructions Retired: 2300005 Cycle: 3003369 Hearbeat IPC: 0.666669 Cumulative IPC: 0.765808
Prefetcher heartbeat stats
Instructions Retired: 2400003 Cycle: 3163108 Hearbeat IPC: 0.626009 Cumulative IPC: 0.758748
Prefetcher heartbeat stats
Instructions Retired: 2500000 Cycle: 3326749 Hearbeat IPC: 0.611075 Cumulative IPC: 0.751484
Prefetcher heartbeat stats
Instructions Retired: 2600003 Cycle: 3479969 Hearbeat IPC: 0.652676 Cumulative IPC: 0.747134
Prefetcher heartbeat stats
Instructions Retired: 2700000 Cycle: 3641561 Hearbeat IPC: 0.618824 Cumulative IPC: 0.741440
Prefetcher heartbeat stats
Instructions Retired: 2800005 Cycle: 3799562 Hearbeat IPC: 0.632939 Cumulative IPC: 0.736928
Prefetcher heartbeat stats
Instructions Retired: 2900000 Cycle: 3947747 Hearbeat IPC: 0.674798 Cumulative IPC: 0.734596
Prefetcher heartbeat stats
Instructions Retired: 3000003 Cycle: 4103194 Hearbeat IPC: 0.643325 Cumulative IPC: 0.731138
Prefetcher heartbeat stats

Simulation complete. Instructions retired: 3099755 Cycles elapsed: 4302338 IPC: 0.720482

Prefetcher final stats
