
*** Data Prefetching Championship 2 Simulator ***

Warmup Instructions: 0
Simulation Instructions: 100000000
Scramble loads OFF
Using 1MB Last Level Cache
Using 3.2 GB/s DRAM bandwidth
Streaming Prefetcher
Knobs visible from prefetcher: 0 0 1

Warmup complete. Instructions retired: 4 Cycles elapsed: 297 IPC: 0.013468
Prefetcher warmup complete stats

Instructions Retired: 100000 Cycle: 141666 Hearbeat IPC: 0.705886 Cumulative IPC: 0.705886
Prefetcher heartbeat stats
Instructions Retired: 200001 Cycle: 265070 Hearbeat IPC: 0.810355 Cumulative IPC: 0.754521
Prefetcher heartbeat stats
Instructions Retired: 300004 Cycle: 391484 Hearbeat IPC: 0.791075 Cumulative IPC: 0.766325
Prefetcher heartbeat stats
Instructions Retired: 400002 Cycle: 516179 Hearbeat IPC: 0.801941 Cumulative IPC: 0.774929
Prefetcher heartbeat stats
Instructions Retired: 500005 Cycle: 638664 Hearbeat IPC: 0.816451 Cumulative IPC: 0.782892
Prefetcher heartbeat stats
Instructions Retired: 600003 Cycle: 759827 Hearbeat IPC: 0.825318 Cumulative IPC: 0.789657
Prefetcher heartbeat stats
Instructions Retired: 700005 Cycle: 891736 Hearbeat IPC: 0.758114 Cumulative IPC: 0.784991
Prefetcher heartbeat stats
Instructions Retired: 800002 Cycle: 1031582 Hearbeat IPC: 0.715051 Cumulative IPC: 0.775510
Prefetcher heartbeat stats
Instructions Retired: 900003 Cycle: 1154089 Hearbeat IPC: 0.816288 Cumulative IPC: 0.779838
Prefetcher heartbeat stats
Instructions Retired: 1000001 Cycle: 1278497 Hearbeat IPC: 0.803791 Cumulative IPC: 0.782169
Prefetcher heartbeat stats
Instructions Retired: 1100004 Cycle: 1428402 Hearbeat IPC: 0.667109 Cumulative IPC: 0.770094
Prefetcher heartbeat stats
Instructions Retired: 1200004 Cycle: 1593862 Hearbeat IPC: 0.604376 Cumulative IPC: 0.752891
Prefetcher heartbeat stats
Instructions Retired: 1300004 Cycle: 1761733 Hearbeat IPC: 0.595695 Cumulative IPC: 0.737912
Prefetcher heartbeat stats
Instructions Retired: 1400002 Cycle: 1938962 Hearbeat IPC: 0.564230 Cumulative IPC: 0.722037
Prefetcher heartbeat stats
Instructions Retired: 1500005 Cycle: 2125000 Hearbeat IPC: 0.537541 Cumulative IPC: 0.705885
Prefetcher heartbeat stats
Instructions Retired: 1600001 Cycle: 2295054 Hearbeat IPC: 0.588025 Cumulative IPC: 0.697152
Prefetcher heartbeat stats
Instructions Retired: 1700001 Cycle: 2459857 Hearbeat IPC: 0.606785 Cumulative IPC: 0.691097
Prefetcher heartbeat stats
Instructions Retired: 1800002 Cycle: 2641891 Hearbeat IPC: 0.549353 Cumulative IPC: 0.681331
Prefetcher heartbeat stats
Instructions Retired: 1900000 Cycle: 2818264 Hearbeat IPC: 0.566969 Cumulative IPC: 0.674174
Prefetcher heartbeat stats
Instructions Retired: 2000003 Cycle: 2990977 Hearbeat IPC: 0.579013 Cumulative IPC: 0.668679
Prefetcher heartbeat stats
Instructions Retired: 2100002 Cycle: 3176080 Hearbeat IPC: 0.540234 Cumulative IPC: 0.661193
Prefetcher heartbeat stats
Instructions Retired: 2200003 Cycle: 3354524 Hearbeat IPC: 0.560405 Cumulative IPC: 0.655832
Prefetcher heartbeat stats
Instructions Retired: 2300001 Cycle: 3524509 Hearbeat IPC: 0.588275 Cumulative IPC: 0.652573
Prefetcher heartbeat stats
Instructions Retired: 2400000 Cycle: 3701705 Hearbeat IPC: 0.564341 Cumulative IPC: 0.648350
Prefetcher heartbeat stats
Instructions Retired: 2500000 Cycle: 3886080 Hearbeat IPC: 0.542373 Cumulative IPC: 0.643322
Prefetcher heartbeat stats
Instructions Retired: 2600000 Cycle: 4061433 Hearbeat IPC: 0.570278 Cumulative IPC: 0.640168
Prefetcher heartbeat stats
Instructions Retired: 2700005 Cycle: 4243145 Hearbeat IPC: 0.550349 Cumulative IPC: 0.636322
Prefetcher heartbeat stats
Instructions Retired: 2800004 Cycle: 4424000 Hearbeat IPC: 0.552924 Cumulative IPC: 0.632912
Prefetcher heartbeat stats
Instructions Retired: 2900000 Cycle: 4591563 Hearbeat IPC: 0.596767 Cumulative IPC: 0.631593
Prefetcher heartbeat stats
Instructions Retired: 3000005 Cycle: 4769721 Hearbeat IPC: 0.561328 Cumulative IPC: 0.628969
Prefetcher heartbeat stats

Simulation complete. Instructions retired: 3099750 Cycles elapsed: 4994894 IPC: 0.620584

Prefetcher final stats
