
*** Data Prefetching Championship 2 Simulator ***

Warmup Instructions: 0
Simulation Instructions: 100000000
Scramble loads ON
Using 1MB Last Level Cache
Using 12.8 GB/s DRAM bandwidth
AMPM Lite Prefetcher
Knobs visible from prefetcher: 1 0 0

Warmup complete. Instructions retired: 1 Cycles elapsed: 2 IPC: 0.500000
Prefetcher warmup complete stats

Instructions Retired: 100001 Cycle: 38485 Hearbeat IPC: 2.598441 Cumulative IPC: 2.598441
Prefetcher heartbeat stats
Instructions Retired: 200002 Cycle: 67349 Hearbeat IPC: 3.464558 Cumulative IPC: 2.969636
Prefetcher heartbeat stats
Instructions Retired: 300003 Cycle: 95862 Hearbeat IPC: 3.507207 Cumulative IPC: 3.129530
Prefetcher heartbeat stats
Instructions Retired: 400000 Cycle: 124537 Hearbeat IPC: 3.487254 Cumulative IPC: 3.211897
Prefetcher heartbeat stats
Instructions Retired: 500003 Cycle: 153125 Hearbeat IPC: 3.498076 Cumulative IPC: 3.265326
Prefetcher heartbeat stats
Instructions Retired: 600001 Cycle: 181778 Hearbeat IPC: 3.489966 Cumulative IPC: 3.300735
Prefetcher heartbeat stats
Instructions Retired: 700000 Cycle: 210432 Hearbeat IPC: 3.489879 Cumulative IPC: 3.326490
Prefetcher heartbeat stats
Instructions Retired: 800001 Cycle: 239060 Hearbeat IPC: 3.493119 Cumulative IPC: 3.346444
Prefetcher heartbeat stats
Instructions Retired: 900003 Cycle: 267704 Hearbeat IPC: 3.491202 Cumulative IPC: 3.361933
Prefetcher heartbeat stats
Instructions Retired: 1000004 Cycle: 296451 Hearbeat IPC: 3.478659 Cumulative IPC: 3.373252
Prefetcher heartbeat stats
Instructions Retired: 1100000 Cycle: 325400 Hearbeat IPC: 3.454213 Cumulative IPC: 3.380455
Prefetcher heartbeat stats
Instructions Retired: 1200002 Cycle: 354306 Hearbeat IPC: 3.459558 Cumulative IPC: 3.386909
Prefetcher heartbeat stats
Instructions Retired: 1300000 Cycle: 383286 Hearbeat IPC: 3.450587 Cumulative IPC: 3.391723
Prefetcher heartbeat stats
Instructions Retired: 1400005 Cycle: 412393 Hearbeat IPC: 3.435771 Cumulative IPC: 3.394832
Prefetcher heartbeat stats
Instructions Retired: 1500000 Cycle: 441437 Hearbeat IPC: 3.442880 Cumulative IPC: 3.397993
Prefetcher heartbeat stats
Instructions Retired: 1600005 Cycle: 470363 Hearbeat IPC: 3.457270 Cumulative IPC: 3.401639
Prefetcher heartbeat stats
Instructions Retired: 1700002 Cycle: 499506 Hearbeat IPC: 3.431253 Cumulative IPC: 3.403367
Prefetcher heartbeat stats
Instructions Retired: 1800001 Cycle: 528390 Hearbeat IPC: 3.462090 Cumulative IPC: 3.406577
Prefetcher heartbeat stats
Instructions Retired: 1900001 Cycle: 557198 Hearbeat IPC: 3.471258 Cumulative IPC: 3.409921
Prefetcher heartbeat stats
Instructions Retired: 2000005 Cycle: 586051 Hearbeat IPC: 3.465983 Cumulative IPC: 3.412681
Prefetcher heartbeat stats
Instructions Retired: 2100001 Cycle: 615056 Hearbeat IPC: 3.447544 Cumulative IPC: 3.414325
Prefetcher heartbeat stats
Instructions Retired: 2200005 Cycle: 644187 Hearbeat IPC: 3.432907 Cumulative IPC: 3.415165
Prefetcher heartbeat stats
Instructions Retired: 2300004 Cycle: 673149 Hearbeat IPC: 3.452766 Cumulative IPC: 3.416783
Prefetcher heartbeat stats
Instructions Retired: 2400002 Cycle: 702036 Hearbeat IPC: 3.461696 Cumulative IPC: 3.418631
Prefetcher heartbeat stats
Instructions Retired: 2500003 Cycle: 731960 Hearbeat IPC: 3.341833 Cumulative IPC: 3.415491
Prefetcher heartbeat stats
Instructions Retired: 2600000 Cycle: 760897 Hearbeat IPC: 3.455680 Cumulative IPC: 3.417020
Prefetcher heartbeat stats
Instructions Retired: 2700002 Cycle: 789909 Hearbeat IPC: 3.446918 Cumulative IPC: 3.418118
Prefetcher heartbeat stats
Instructions Retired: 2800003 Cycle: 818850 Hearbeat IPC: 3.455340 Cumulative IPC: 3.419433
Prefetcher heartbeat stats
Instructions Retired: 2900000 Cycle: 847830 Hearbeat IPC: 3.450552 Cumulative IPC: 3.420497
Prefetcher heartbeat stats
Instructions Retired: 3000002 Cycle: 876790 Hearbeat IPC: 3.453108 Cumulative IPC: 3.421574
Prefetcher heartbeat stats

Simulation complete. Instructions retired: 3099757 Cycles elapsed: 905766 IPC: 3.422249

Prefetcher final stats
