
*** Data Prefetching Championship 2 Simulator ***

Warmup Instructions: 10000000
Simulation Instructions: 100000000
Scramble loads ON
Using 1MB Last Level Cache
Using 12.8 GB/s DRAM bandwidth
IP-based Stride Prefetcher
Knobs visible from prefetcher: 1 0 0
Instructions Retired: 100001 Cycle: 38417 Hearbeat IPC: 2.603040 Cumulative IPC: 2.603040
Prefetcher heartbeat stats
Instructions Retired: 200002 Cycle: 67272 Hearbeat IPC: 3.465639 Cumulative IPC: 2.973035
Prefetcher heartbeat stats
Instructions Retired: 300003 Cycle: 95592 Hearbeat IPC: 3.531109 Cumulative IPC: 3.138369
Prefetcher heartbeat stats
Instructions Retired: 400000 Cycle: 124236 Hearbeat IPC: 3.491028 Cumulative IPC: 3.219679
Prefetcher heartbeat stats
Instructions Retired: 500003 Cycle: 152782 Hearbeat IPC: 3.503223 Cumulative IPC: 3.272656
Prefetcher heartbeat stats
Instructions Retired: 600001 Cycle: 181512 Hearbeat IPC: 3.480613 Cumulative IPC: 3.305572
Prefetcher heartbeat stats
Instructions Retired: 700000 Cycle: 210274 Hearbeat IPC: 3.476775 Cumulative IPC: 3.328990
Prefetcher heartbeat stats
Instructions Retired: 800001 Cycle: 238823 Hearbeat IPC: 3.502785 Cumulative IPC: 3.349765
Prefetcher heartbeat stats
Instructions Retired: 900003 Cycle: 267420 Hearbeat IPC: 3.496940 Cumulative IPC: 3.365504
Prefetcher heartbeat stats
Instructions Retired: 1000002 Cycle: 296278 Hearbeat IPC: 3.465209 Cumulative IPC: 3.375215
Prefetcher heartbeat stats
Instructions Retired: 1100000 Cycle: 325152 Hearbeat IPC: 3.463254 Cumulative IPC: 3.383033
Prefetcher heartbeat stats
Instructions Retired: 1200002 Cycle: 353905 Hearbeat IPC: 3.477968 Cumulative IPC: 3.390746
Prefetcher heartbeat stats
Instructions Retired: 1300000 Cycle: 382842 Hearbeat IPC: 3.455714 Cumulative IPC: 3.395657
Prefetcher heartbeat stats
Instructions Retired: 1400005 Cycle: 411937 Hearbeat IPC: 3.437189 Cumulative IPC: 3.398590
Prefetcher heartbeat stats
Instructions Retired: 1500000 Cycle: 440784 Hearbeat IPC: 3.466392 Cumulative IPC: 3.403027
Prefetcher heartbeat stats
Instructions Retired: 1600005 Cycle: 469879 Hearbeat IPC: 3.437189 Cumulative IPC: 3.405143
Prefetcher heartbeat stats
Instructions Retired: 1700002 Cycle: 499083 Hearbeat IPC: 3.424086 Cumulative IPC: 3.406251
Prefetcher heartbeat stats
Instructions Retired: 1800004 Cycle: 528018 Hearbeat IPC: 3.456091 Cumulative IPC: 3.408982
Prefetcher heartbeat stats
Instructions Retired: 1900003 Cycle: 556844 Hearbeat IPC: 3.469056 Cumulative IPC: 3.412092
Prefetcher heartbeat stats
Instructions Retired: 2000005 Cycle: 585690 Hearbeat IPC: 3.466754 Cumulative IPC: 3.414784
Prefetcher heartbeat stats
Instructions Retired: 2100001 Cycle: 614779 Hearbeat IPC: 3.437588 Cumulative IPC: 3.415863
Prefetcher heartbeat stats
Instructions Retired: 2200005 Cycle: 644000 Hearbeat IPC: 3.422333 Cumulative IPC: 3.416157
Prefetcher heartbeat stats
Instructions Retired: 2300004 Cycle: 673079 Hearbeat IPC: 3.438874 Cumulative IPC: 3.417138
Prefetcher heartbeat stats
Instructions Retired: 2400002 Cycle: 702059 Hearbeat IPC: 3.450587 Cumulative IPC: 3.418519
Prefetcher heartbeat stats
Instructions Retired: 2500003 Cycle: 731970 Hearbeat IPC: 3.343285 Cumulative IPC: 3.415445
Prefetcher heartbeat stats
Instructions Retired: 2600000 Cycle: 760998 Hearbeat IPC: 3.444846 Cumulative IPC: 3.416566
Prefetcher heartbeat stats
Instructions Retired: 2700002 Cycle: 789977 Hearbeat IPC: 3.450844 Cumulative IPC: 3.417824
Prefetcher heartbeat stats
Instructions Retired: 2800000 Cycle: 818868 Hearbeat IPC: 3.461216 Cumulative IPC: 3.419354
Prefetcher heartbeat stats
Instructions Retired: 2900000 Cycle: 847889 Hearbeat IPC: 3.445781 Cumulative IPC: 3.420259
Prefetcher heartbeat stats
Instructions Retired: 3000002 Cycle: 876920 Hearbeat IPC: 3.444663 Cumulative IPC: 3.421067
Prefetcher heartbeat stats

Simulation complete. Instructions retired: 3099758 Cycles elapsed: 905969 IPC: 3.421484

Prefetcher final stats
