
*** Data Prefetching Championship 2 Simulator ***

Warmup Instructions: 0
Simulation Instructions: 100000000
Scramble loads ON
Using 1MB Last Level Cache
Using 12.8 GB/s DRAM bandwidth
Knobs visible from prefetcher: 1 0 0
Resetting history queue.
Setting up the minimum score
Resetting offset table
Setting initial offset to 1
Tag offset: 6
Ressetting hit rate
Resetting rable rounds
Resetting gauge

Warmup complete. Instructions retired: 1 Cycles elapsed: 2 IPC: 0.500000
Prefetcher warmup complete stats

Instructions Retired: 100001 Cycle: 38428 Hearbeat IPC: 2.602295 Cumulative IPC: 2.602295
Cycle: 38428	Best offset: 1	Score: 1	Hit Rate: 0.514412
	---- Offset table ----
Offset -> Score
7 -> 6
-2 -> 5
56 -> 5
-50 -> 4
	----------------------
Instructions Retired: 200002 Cycle: 67620 Hearbeat IPC: 3.425630 Cumulative IPC: 2.957734
Cycle: 67620	Best offset: 1	Score: 1	Hit Rate: 0.728059
	---- Offset table ----
Offset -> Score
1 -> 9
-64 -> 7
23 -> 7
56 -> 7
	----------------------
Instructions Retired: 300003 Cycle: 96162 Hearbeat IPC: 3.503644 Cumulative IPC: 3.119767
Cycle: 96162	Best offset: 1	Score: 1	Hit Rate: 0.811321
	---- Offset table ----
Offset -> Score
1 -> 15
37 -> 10
-64 -> 9
-45 -> 9
	----------------------
Instructions Retired: 400000 Cycle: 125023 Hearbeat IPC: 3.464779 Cumulative IPC: 3.199411
Cycle: 125023	Best offset: 1	Score: 1	Hit Rate: 0.854690
	---- Offset table ----
Offset -> Score
1 -> 17
-1 -> 14
64 -> 14
-38 -> 12
	----------------------
Instructions Retired: 500003 Cycle: 153886 Hearbeat IPC: 3.464747 Cumulative IPC: 3.249178
Cycle: 153886	Best offset: 1	Score: 1	Hit Rate: 0.882353
	---- Offset table ----
Offset -> Score
1 -> 21
-1 -> 16
64 -> 16
32 -> 14
	----------------------
Instructions Retired: 600001 Cycle: 182865 Hearbeat IPC: 3.450706 Cumulative IPC: 3.281115
Cycle: 182865	Best offset: 1	Score: 1	Hit Rate: 0.900946
	---- Offset table ----
Offset -> Score
1 -> 25
-1 -> 18
64 -> 18
-64 -> 17
	----------------------
Instructions Retired: 700000 Cycle: 211941 Hearbeat IPC: 3.439228 Cumulative IPC: 3.302806
Cycle: 211941	Best offset: 1	Score: 1	Hit Rate: 0.914663
	---- Offset table ----
Offset -> Score
1 -> 27
-1 -> 20
64 -> 20
32 -> 18
	----------------------
Instructions Retired: 800001 Cycle: 240792 Hearbeat IPC: 3.466119 Cumulative IPC: 3.322374
Cycle: 240792	Best offset: 1	Score: 1	Hit Rate: 0.923796
	---- Offset table ----
Offset -> Score
1 -> 27
-1 -> 22
32 -> 22
64 -> 20
	----------------------
Instructions Retired: 900003 Cycle: 269733 Hearbeat IPC: 3.455375 Cumulative IPC: 3.336644
Cycle: 269733	Best offset: 1	Score: 1	Hit Rate: 0.931110
	---- Offset table ----
Offset -> Score
1 -> 31
-1 -> 26
32 -> 26
33 -> 23
	----------------------
Instructions Retired: 1000004 Cycle: 298780 Hearbeat IPC: 3.442731 Cumulative IPC: 3.346958
Cycle: 298780	Best offset: 1	Score: 1	Hit Rate: 0.937341
	---- Offset table ----
Offset -> Score
1 -> 31
-1 -> 30
32 -> 28
-64 -> 25
	----------------------
Offset switch to: 32	With score: 32
Instructions Retired: 1100000 Cycle: 327797 Hearbeat IPC: 3.446118 Cumulative IPC: 3.355735
Cycle: 327797	Best offset: 32	Score: 32	Hit Rate: 0.942463
	---- Offset table ----
Offset -> Score
1 -> 2
-64 -> 0
-63 -> 0
-62 -> 0
	----------------------
Instructions Retired: 1200002 Cycle: 356658 Hearbeat IPC: 3.464953 Cumulative IPC: 3.364573
Cycle: 356658	Best offset: 32	Score: 32	Hit Rate: 0.945175
	---- Offset table ----
Offset -> Score
42 -> 4
43 -> 4
-59 -> 2
-57 -> 2
	----------------------
Instructions Retired: 1300000 Cycle: 385683 Hearbeat IPC: 3.445237 Cumulative IPC: 3.370644
Cycle: 385683	Best offset: 32	Score: 32	Hit Rate: 0.947331
	---- Offset table ----
Offset -> Score
43 -> 6
-52 -> 4
-35 -> 4
-32 -> 4
	----------------------
Instructions Retired: 1400005 Cycle: 414799 Hearbeat IPC: 3.434710 Cumulative IPC: 3.375141
Cycle: 414799	Best offset: 32	Score: 32	Hit Rate: 0.949341
	---- Offset table ----
Offset -> Score
43 -> 8
-32 -> 6
40 -> 6
42 -> 6
	----------------------
Instructions Retired: 1500000 Cycle: 443834 Hearbeat IPC: 3.443947 Cumulative IPC: 3.379642
Cycle: 443834	Best offset: 32	Score: 32	Hit Rate: 0.951098
	---- Offset table ----
Offset -> Score
43 -> 10
-32 -> 8
-22 -> 6
22 -> 6
	----------------------
Instructions Retired: 1600005 Cycle: 472787 Hearbeat IPC: 3.454046 Cumulative IPC: 3.384198
Cycle: 472787	Best offset: 32	Score: 32	Hit Rate: 0.953151
	---- Offset table ----
Offset -> Score
-32 -> 10
42 -> 10
43 -> 10
-22 -> 8
	----------------------
Instructions Retired: 1700002 Cycle: 501864 Hearbeat IPC: 3.439041 Cumulative IPC: 3.387376
Cycle: 501864	Best offset: 32	Score: 32	Hit Rate: 0.955005
	---- Offset table ----
Offset -> Score
-32 -> 14
43 -> 12
-64 -> 10
42 -> 10
	----------------------
Instructions Retired: 1800004 Cycle: 530812 Hearbeat IPC: 3.454539 Cumulative IPC: 3.391039
Cycle: 530812	Best offset: 32	Score: 32	Hit Rate: 0.956588
	---- Offset table ----
Offset -> Score
-32 -> 16
-64 -> 14
43 -> 12
-22 -> 10
	----------------------
Instructions Retired: 1900001 Cycle: 559782 Hearbeat IPC: 3.451743 Cumulative IPC: 3.394180
Cycle: 559782	Best offset: 32	Score: 32	Hit Rate: 0.958151
	---- Offset table ----
Offset -> Score
-32 -> 18
-64 -> 14
-22 -> 12
42 -> 12
	----------------------
Instructions Retired: 2000005 Cycle: 588877 Hearbeat IPC: 3.437154 Cumulative IPC: 3.396303
Cycle: 588877	Best offset: 32	Score: 32	Hit Rate: 0.959266
	---- Offset table ----
Offset -> Score
-32 -> 20
-64 -> 14
42 -> 14
-22 -> 12
	----------------------
Instructions Retired: 2100001 Cycle: 618134 Hearbeat IPC: 3.417849 Cumulative IPC: 3.397323
Cycle: 618134	Best offset: 32	Score: 32	Hit Rate: 0.960551
	---- Offset table ----
Offset -> Score
-32 -> 22
-64 -> 14
32 -> 14
42 -> 14
	----------------------
Instructions Retired: 2200005 Cycle: 647463 Hearbeat IPC: 3.409731 Cumulative IPC: 3.397885
Cycle: 647463	Best offset: 32	Score: 32	Hit Rate: 0.961675
	---- Offset table ----
Offset -> Score
-32 -> 24
32 -> 16
-64 -> 14
-22 -> 14
	----------------------
Instructions Retired: 2300004 Cycle: 676605 Hearbeat IPC: 3.431439 Cumulative IPC: 3.399330
Cycle: 676605	Best offset: 32	Score: 32	Hit Rate: 0.962865
	---- Offset table ----
Offset -> Score
-32 -> 28
32 -> 18
-64 -> 16
42 -> 16
	----------------------
Instructions Retired: 2400002 Cycle: 705885 Hearbeat IPC: 3.415232 Cumulative IPC: 3.399990
Cycle: 705885	Best offset: 32	Score: 32	Hit Rate: 0.963952
	---- Offset table ----
Offset -> Score
-32 -> 30
32 -> 20
-64 -> 16
42 -> 16
	----------------------
Offset switch to: -32	With score: 32
Instructions Retired: 2500003 Cycle: 736029 Hearbeat IPC: 3.317443 Cumulative IPC: 3.396609
Cycle: 736029	Best offset: -32	Score: 32	Hit Rate: 0.963727
	---- Offset table ----
Offset -> Score
29 -> 2
53 -> 2
1 -> 1
22 -> 1
	----------------------
Instructions Retired: 2600000 Cycle: 765315 Hearbeat IPC: 3.414498 Cumulative IPC: 3.397294
Cycle: 765315	Best offset: -32	Score: 32	Hit Rate: 0.964458
	---- Offset table ----
Offset -> Score
-42 -> 3
22 -> 3
-64 -> 2
-46 -> 2
	----------------------
Instructions Retired: 2700002 Cycle: 794643 Hearbeat IPC: 3.409779 Cumulative IPC: 3.397755
Cycle: 794643	Best offset: -32	Score: 32	Hit Rate: 0.965055
	---- Offset table ----
Offset -> Score
64 -> 6
-42 -> 3
22 -> 3
-64 -> 2
	----------------------
Instructions Retired: 2800003 Cycle: 823715 Hearbeat IPC: 3.439770 Cumulative IPC: 3.399238
Cycle: 823715	Best offset: -32	Score: 32	Hit Rate: 0.965799
	---- Offset table ----
Offset -> Score
64 -> 8
-64 -> 6
22 -> 5
-56 -> 4
	----------------------
Instructions Retired: 2900000 Cycle: 852892 Hearbeat IPC: 3.427254 Cumulative IPC: 3.400196
Cycle: 852892	Best offset: -32	Score: 32	Hit Rate: 0.966492
	---- Offset table ----
Offset -> Score
64 -> 10
-64 -> 6
-42 -> 5
22 -> 5
	----------------------
Instructions Retired: 3000002 Cycle: 882113 Hearbeat IPC: 3.422265 Cumulative IPC: 3.400927
Cycle: 882113	Best offset: -32	Score: 32	Hit Rate: 0.966876
	---- Offset table ----
Offset -> Score
64 -> 12
-32 -> 8
-64 -> 6
-50 -> 6
	----------------------

Simulation complete. Instructions retired: 3099757 Cycles elapsed: 911318 IPC: 3.401400

Prefetcher final stats
