
*** Data Prefetching Championship 2 Simulator ***

Warmup Instructions: 10000000
Simulation Instructions: 100000000
Scramble loads ON
Using 1MB Last Level Cache
Using 12.8 GB/s DRAM bandwidth
Knobs visible from prefetcher: 1 0 0
Resetting history queue.
Resetting offset table
Setting initial offset to 1
Tag offset: 6
Ressetting hit rate
Index 0
Index 0
Index 2
Index 12
Index 30
Index 18
Index 32
Index 19
Index 3
Index 9
Index 8
Index 45
Index 51
Index 44
Index 29
Index 1
Index 39
Index 34
Index 6
Index 49
Index 51
Index 0
Index 51
Index 45
Index 3
Index 63
Index 57
Index 50
Index 30
Index 38
Index 59
Index 5
Index 24
Index 25
Index 17
Index 18
Index 20
Index 29
Index 20
Index 26
Index 40
Index 52
Index 18
Index 20
Instructions Retired: 100001 Cycle: 38156 Hearbeat IPC: 2.620846 Cumulative IPC: 2.620846
Cycle: 38156	Best offset: 1	Score: 0	Hit Rate: 0.560268
Index 48
Index 35
Index 55
Index 22
Index 44
Index 48
Index 38
Index 10
Index 7
Index 28
Index 1
Index 3
Index 18
Index 34
Index 58
Index 17
Index 37
Index 37
Index 28
Index 19
Index 39
Index 35
Index 14
Index 13
Index 21
Index 9
Index 23
Index 13
Index 3
Index 3
Index 19
Index 38
Index 43
Index 14
Index 28
Instructions Retired: 200002 Cycle: 67142 Hearbeat IPC: 3.449976 Cumulative IPC: 2.978791
Cycle: 67142	Best offset: 1	Score: 0	Hit Rate: 0.733784
Index 39
Index 12
Index 28
Index 28
Index 37
Index 51
Index 20
Index 36
Index 39
Index 15
Index 17
Index 3
Index 40
Index 52
Index 8
Index 0
Index 45
Index 45
Index 53
Index 5
Index 15
Index 45
Index 4
Index 5
Index 57
Index 46
Index 26
Index 44
Index 28
Index 41
Index 14
Index 0
Index 63
Index 15
Index 27
Index 31
Index 36
Instructions Retired: 300001 Cycle: 95810 Hearbeat IPC: 3.488175 Cumulative IPC: 3.131208
Cycle: 95810	Best offset: 1	Score: 0	Hit Rate: 0.808366
Index 40
Index 22
Index 11
Index 7
Index 29
Index 62
Index 2
Index 21
Index 27
Index 30
Index 30
Index 37
Index 28
Index 21
Index 29
Index 29
Index 62
Index 9
Index 4
Index 4
Index 6
Index 14
Index 23
Index 28
Index 36
Index 38
Index 3
Index 1
Index 46
Index 61
Index 29
Index 25
Index 13
Index 39
Index 57
Index 46
Index 16
Index 42
Index 42
Index 0
Index 0
Index 2
Index 1
Index 38
Instructions Retired: 400000 Cycle: 124644 Hearbeat IPC: 3.468093 Cumulative IPC: 3.209140
Cycle: 124644	Best offset: 1	Score: 0	Hit Rate: 0.850418
Index 13
Index 57
Index 15
Index 38
Index 11
Index 3
Index 10
Index 34
Index 15
Index 23
Index 63
Index 17
Index 22
Index 12
Index 19
Index 17
Index 52
Index 35
Index 17
Index 43
Index 55
Index 55
Index 39
Index 44
Index 33
Index 47
Index 26
Index 0
Index 47
Index 6
Index 62
Index 39
Index 32
Index 0
Index 34
Instructions Retired: 500003 Cycle: 153399 Hearbeat IPC: 3.477760 Cumulative IPC: 3.259493
Cycle: 153399	Best offset: 1	Score: 0	Hit Rate: 0.877105
Index 57
Index 29
Index 1
Index 34
Index 4
Index 27
Index 41
Index 43
Index 9
Index 10
Index 17
Index 1
Index 59
Index 16
Index 58
Index 26
Index 36
Index 6
Index 23
Index 15
Index 13
Index 25
Index 47
Index 50
Index 2
Index 7
Index 43
Index 44
Index 38
Index 2
Instructions Retired: 600001 Cycle: 182384 Hearbeat IPC: 3.449991 Cumulative IPC: 3.289768
Cycle: 182384	Best offset: 1	Score: 0	Hit Rate: 0.895546
Index 1
Index 4
Index 3
Index 14
Index 0
Index 61
Index 54
Index 19
Index 51
Index 57
Index 30
Index 46
Index 28
Index 44
Index 33
Index 28
Index 12
Index 3
Index 55
Index 60
Index 39
Index 39
Index 7
Index 16
Index 59
Instructions Retired: 700000 Cycle: 211351 Hearbeat IPC: 3.452170 Cumulative IPC: 3.312026
Cycle: 211351	Best offset: 1	Score: 0	Hit Rate: 0.909799
Index 38
Index 36
Index 14
Index 14
Index 3
Index 50
Index 12
Index 13
Index 10
Index 16
Index 7
Index 16
Index 7
Index 2
Index 5
Index 10
Index 41
Index 50
Index 15
Index 2
Index 48
Index 49
Index 50
Index 5
Index 0
Index 39
Index 35
Index 35
Index 5
Instructions Retired: 800001 Cycle: 240177 Hearbeat IPC: 3.469125 Cumulative IPC: 3.330881
Cycle: 240177	Best offset: 1	Score: 0	Hit Rate: 0.919063
Index 4
Index 31
Index 34
Index 57
Index 16
Index 12
Index 34
Index 62
Index 28
Index 17
Index 42
Index 54
Index 37
Index 43
Index 6
Index 12
Index 2
Index 40
Index 33
Index 17
Index 10
Index 15
Index 19
Index 55
Index 20
Index 16
Index 19
Index 35
Index 17
Index 31
Index 52
Index 39
Index 54
Index 58
Index 45
Index 58
Index 17
Index 35
Instructions Retired: 900003 Cycle: 269007 Hearbeat IPC: 3.468678 Cumulative IPC: 3.345649
Cycle: 269007	Best offset: 1	Score: 0	Hit Rate: 0.926667
Index 2
Index 48
Index 25
Index 37
Index 2
Index 5
Index 4
Index 4
Index 59
Index 61
Index 59
Index 59
Index 60
Index 13
Index 50
Index 3
Index 2
Index 60
Index 10
Index 14
Index 62
Index 27
Index 1
Index 2
Index 5
Index 6
Index 0
Index 50
Index 2
Index 14
Index 15
Index 48
Index 21
Index 30
Index 30
Index 50
Index 16
Index 37
Index 20
Index 41
Index 1
Index 30
Index 22
Index 14
Index 26
Instructions Retired: 1000004 Cycle: 297781 Hearbeat IPC: 3.475394 Cumulative IPC: 3.358186
Cycle: 297781	Best offset: 1	Score: 0	Hit Rate: 0.933624
Index 12
Index 45
Index 18
Index 44
Index 6
Index 2
Index 23
Index 18
Index 32
Index 6
Index 31
Index 27
Index 10
Index 21
Index 9
Index 6
Index 4
Index 53
Index 59
Index 55
Index 6
Index 20
Index 15
Index 34
Index 15
Index 63
Index 4
Index 32
Index 33
Index 38
Instructions Retired: 1100000 Cycle: 326833 Hearbeat IPC: 3.441966 Cumulative IPC: 3.365633
Cycle: 326833	Best offset: 1	Score: 0	Hit Rate: 0.938375
Index 13
Index 3
Index 7
Index 4
Index 37
Index 33
Index 6
Index 2
Index 12
Index 55
Index 63
Index 22
Index 38
Index 19
Index 18
Index 22
Index 4
Index 62
Index 9
Index 2
Index 30
Index 16
Index 7
Instructions Retired: 1200002 Cycle: 355660 Hearbeat IPC: 3.469039 Cumulative IPC: 3.374015
Cycle: 355660	Best offset: 1	Score: 0	Hit Rate: 0.942358
Index 19
Index 0
Index 38
Index 20
Index 17
Index 8
Index 63
Index 7
Index 26
Index 18
Index 7
Index 7
Index 3
Index 54
Index 16
Index 10
Index 14
Index 24
Index 5
Index 12
Index 16
Index 50
Index 50
Instructions Retired: 1300000 Cycle: 384699 Hearbeat IPC: 3.443576 Cumulative IPC: 3.379265
Cycle: 384699	Best offset: 1	Score: 0	Hit Rate: 0.945872
Index 15
Index 12
Index 25
Index 21
Index 1
Index 0
Index 3
Index 34
Index 43
Index 44
Index 26
Index 26
Index 20
Index 16
Index 31
Index 23
Index 23
Index 4
Index 61
Index 4
Index 9
Index 20
Index 20
Index 26
Index 46
Index 6
Instructions Retired: 1400005 Cycle: 413751 Hearbeat IPC: 3.442276 Cumulative IPC: 3.383690
Cycle: 413751	Best offset: 1	Score: 0	Hit Rate: 0.949192
Index 2
Index 36
Index 19
Index 38
Index 37
Index 8
Index 63
Index 11
Index 10
Index 59
Index 3
Index 27
Index 44
Index 1
Index 62
Index 1
Index 8
Index 7
Index 18
Index 51
Instructions Retired: 1500004 Cycle: 442732 Hearbeat IPC: 3.450502 Cumulative IPC: 3.388063
Cycle: 442732	Best offset: 1	Score: 0	Hit Rate: 0.952012
Index 40
Index 27
Index 19
Index 31
Index 13
Index 49
Index 10
Index 50
Index 12
Index 12
Index 16
Index 15
Index 4
Index 11
Instructions Retired: 1600005 Cycle: 471777 Hearbeat IPC: 3.442968 Cumulative IPC: 3.391443
Cycle: 471777	Best offset: 1	Score: 0	Hit Rate: 0.954441
Index 37
Index 21
Index 58
Index 11
Index 1
Index 10
Index 39
Index 33
Index 41
Index 23
Index 23
Index 50
Index 12
Index 12
Index 14
Index 5
Index 37
Index 49
Index 53
Index 60
Index 10
Index 14
Index 35
Index 23
Index 23
Index 17
Instructions Retired: 1700002 Cycle: 500898 Hearbeat IPC: 3.433845 Cumulative IPC: 3.393909
Cycle: 500898	Best offset: 1	Score: 0	Hit Rate: 0.956759
Index 21
Index 19
Index 5
Index 2
Index 20
Index 2
Index 24
Index 24
Index 53
Index 2
Index 6
Index 1
Index 21
Index 27
Index 13
Index 24
Index 13
Index 9
Index 5
Index 52
Index 3
Index 46
Index 22
Index 31
Index 6
Index 23
Index 5
Instructions Retired: 1800004 Cycle: 530017 Hearbeat IPC: 3.434253 Cumulative IPC: 3.396125
Cycle: 530017	Best offset: 1	Score: 0	Hit Rate: 0.958759
Index 50
Index 50
Index 21
Index 18
Index 20
Index 46
Index 1
Index 1
Index 20
Index 56
Index 41
Index 46
Index 0
Index 24
Index 50
Index 0
Index 18
Index 0
Index 40
Index 2
Index 14
Index 19
Instructions Retired: 1900001 Cycle: 558988 Hearbeat IPC: 3.451624 Cumulative IPC: 3.399001
Cycle: 558988	Best offset: 1	Score: 0	Hit Rate: 0.960542
Index 14
Index 0
Index 26
Index 6
Index 3
Index 53
Index 20
Index 20
Index 26
Index 9
Index 34
Index 30
Index 20
Index 25
Index 1
Index 35
Instructions Retired: 2000005 Cycle: 588035 Hearbeat IPC: 3.442834 Cumulative IPC: 3.401167
Cycle: 588035	Best offset: 1	Score: 0	Hit Rate: 0.962199
Index 23
Index 7
Index 34
Index 54
Index 6
Index 1
Index 52
Index 32
Index 32
Index 23
Index 5
Index 36
Index 6
Index 45
Index 3
Index 3
Index 3
Index 0
Index 23
Index 10
Index 6
Index 51
Index 7
Index 12
Instructions Retired: 2100001 Cycle: 617285 Hearbeat IPC: 3.418667 Cumulative IPC: 3.401996
Cycle: 617285	Best offset: 1	Score: 0	Hit Rate: 0.963693
Index 14
Index 54
Index 1
Index 30
Index 32
Index 34
Index 2
Index 31
Index 29
Index 29
Index 40
Index 37
Index 19
Index 45
Index 7
Index 25
Index 0
Index 6
Index 44
Index 8
Index 43
Index 2
Index 43
Index 46
Index 33
Index 10
Index 10
Instructions Retired: 2200005 Cycle: 646559 Hearbeat IPC: 3.416137 Cumulative IPC: 3.402636
Cycle: 646559	Best offset: 1	Score: 0	Hit Rate: 0.965427
Index 10
Index 23
Index 9
Index 16
Index 23
Index 28
Index 9
Index 1
Index 55
Index 19
Index 19
Index 3
Index 51
Index 0
Index 36
Index 39
Index 4
Index 3
Index 41
Index 36
Index 11
Index 14
Index 46
Index 17
Index 9
Index 62
Index 8
Instructions Retired: 2300004 Cycle: 675634 Hearbeat IPC: 3.439347 Cumulative IPC: 3.404216
Cycle: 675634	Best offset: 1	Score: 0	Hit Rate: 0.966555
Index 7
Index 9
Index 13
Index 2
Index 3
Index 37
Index 37
Index 26
Index 14
Index 3
Index 32
Index 37
Index 32
Index 2
Index 32
Index 19
Index 19
Instructions Retired: 2400002 Cycle: 704726 Hearbeat IPC: 3.437302 Cumulative IPC: 3.405582
Cycle: 704726	Best offset: 1	Score: 0	Hit Rate: 0.967622
Index 27
Index 16
Index 27
Index 8
Index 25
Index 59
Index 59
Index 57
Index 58
Index 21
Index 52
Index 21
Index 2
Index 6
Index 19
Index 38
Index 43
Index 18
Index 18
Index 44
Index 20
Index 12
Index 61
Index 20
Index 36
Index 40
Instructions Retired: 2500003 Cycle: 734724 Hearbeat IPC: 3.333589 Cumulative IPC: 3.402642
Cycle: 734724	Best offset: 1	Score: 0	Hit Rate: 0.967772
Index 8
Index 9
Index 5
Index 30
Index 34
Index 31
Index 32
Index 15
Index 54
Index 60
Index 59
Index 2
Index 39
Index 57
Index 57
Index 15
Index 53
Index 11
Index 42
Index 34
Index 23
Index 37
Index 37
Index 16
Index 23
Index 46
Instructions Retired: 2600000 Cycle: 763828 Hearbeat IPC: 3.435851 Cumulative IPC: 3.403908
Cycle: 763828	Best offset: 1	Score: 0	Hit Rate: 0.969013
Index 30
Index 8
Index 3
Index 63
Index 19
Index 25
Index 26
Index 32
Index 0
Index 43
Index 63
Index 22
Index 43
Index 6
Index 18
Index 13
Index 3
Index 28
Index 34
Index 24
Index 0
Index 39
Index 46
Index 47
Index 28
Index 9
Index 4
Index 16
Instructions Retired: 2700002 Cycle: 793084 Hearbeat IPC: 3.418171 Cumulative IPC: 3.404434
Cycle: 793084	Best offset: 1	Score: 0	Hit Rate: 0.970266
Index 63
Index 7
Index 3
Index 45
Index 45
Index 3
Index 37
Index 15
Index 57
Index 32
Index 18
Index 0
Index 13
Index 12
Index 12
Index 17
Index 28
Index 17
Index 2
Index 6
Index 51
Index 54
Index 34
Index 0
Index 55
Index 43
Index 23
Index 60
Index 7
Instructions Retired: 2800000 Cycle: 822299 Hearbeat IPC: 3.422831 Cumulative IPC: 3.405087
Cycle: 822299	Best offset: 1	Score: 0	Hit Rate: 0.971409
Index 11
Index 2
Index 4
Index 25
Index 25
Index 18
Index 14
Index 39
Index 21
Index 21
Index 24
Index 17
Index 26
Index 0
Index 5
Index 22
Index 17
Index 3
Index 26
Index 31
Index 16
Index 20
Index 1
Index 49
Index 45
Index 28
Index 12
Index 8
Index 16
Index 9
Instructions Retired: 2900000 Cycle: 851503 Hearbeat IPC: 3.424188 Cumulative IPC: 3.405743
Cycle: 851503	Best offset: 1	Score: 0	Hit Rate: 0.972271
Index 12
Index 5
Index 44
Index 10
Index 15
Index 23
Index 25
Index 24
Index 9
Index 6
Index 11
Index 5
Index 52
Index 17
Index 11
Index 21
Index 8
Index 17
Index 25
Index 5
Index 19
Index 17
Index 35
Index 47
Index 18
Index 18
Index 20
Index 54
Instructions Retired: 3000002 Cycle: 880673 Hearbeat IPC: 3.428248 Cumulative IPC: 3.406488
Cycle: 880673	Best offset: 1	Score: 0	Hit Rate: 0.973058
Index 29
Index 34
Index 38
Index 4
Index 38
Index 29
Index 14
Index 10
Index 16
Index 18
Index 55
Index 11
Index 27
Index 28
Index 22
Index 38
Index 34
Index 22
Index 20
Index 4
Index 37
Index 54
Index 5
Index 19
Index 32
Index 3

Simulation complete. Instructions retired: 3099758 Cycles elapsed: 909814 IPC: 3.407024

Prefetcher final stats
