
*** Data Prefetching Championship 2 Simulator ***

Warmup Instructions: 10000000
Simulation Instructions: 100000000
Scramble loads ON
Using 1MB Last Level Cache
Using 12.8 GB/s DRAM bandwidth
No Prefetching
Knobs visible from prefetcher: 1 0 0
Instructions Retired: 100001 Cycle: 38513 Hearbeat IPC: 2.596552 Cumulative IPC: 2.596552
Prefetcher heartbeat stats
Instructions Retired: 200002 Cycle: 67465 Hearbeat IPC: 3.454027 Cumulative IPC: 2.964530
Prefetcher heartbeat stats
Instructions Retired: 300003 Cycle: 95996 Hearbeat IPC: 3.504995 Cumulative IPC: 3.125161
Prefetcher heartbeat stats
Instructions Retired: 400000 Cycle: 124792 Hearbeat IPC: 3.472600 Cumulative IPC: 3.205334
Prefetcher heartbeat stats
Instructions Retired: 500003 Cycle: 153449 Hearbeat IPC: 3.489654 Cumulative IPC: 3.258431
Prefetcher heartbeat stats
Instructions Retired: 600001 Cycle: 182173 Hearbeat IPC: 3.481340 Cumulative IPC: 3.293578
Prefetcher heartbeat stats
Instructions Retired: 700000 Cycle: 211069 Hearbeat IPC: 3.460652 Cumulative IPC: 3.316451
Prefetcher heartbeat stats
Instructions Retired: 800001 Cycle: 239808 Hearbeat IPC: 3.479627 Cumulative IPC: 3.336006
Prefetcher heartbeat stats
Instructions Retired: 900003 Cycle: 268668 Hearbeat IPC: 3.465073 Cumulative IPC: 3.349870
Prefetcher heartbeat stats
Instructions Retired: 1000002 Cycle: 297689 Hearbeat IPC: 3.445746 Cumulative IPC: 3.359217
Prefetcher heartbeat stats
Instructions Retired: 1100000 Cycle: 326654 Hearbeat IPC: 3.452374 Cumulative IPC: 3.367477
Prefetcher heartbeat stats
Instructions Retired: 1200002 Cycle: 355647 Hearbeat IPC: 3.449178 Cumulative IPC: 3.374138
Prefetcher heartbeat stats
Instructions Retired: 1300000 Cycle: 384901 Hearbeat IPC: 3.418267 Cumulative IPC: 3.377492
Prefetcher heartbeat stats
Instructions Retired: 1400005 Cycle: 414052 Hearbeat IPC: 3.430586 Cumulative IPC: 3.381230
Prefetcher heartbeat stats
Instructions Retired: 1500000 Cycle: 443073 Hearbeat IPC: 3.445608 Cumulative IPC: 3.385447
Prefetcher heartbeat stats
Instructions Retired: 1600005 Cycle: 472172 Hearbeat IPC: 3.436716 Cumulative IPC: 3.388606
Prefetcher heartbeat stats
Instructions Retired: 1700002 Cycle: 501304 Hearbeat IPC: 3.432548 Cumulative IPC: 3.391160
Prefetcher heartbeat stats
Instructions Retired: 1800004 Cycle: 530311 Hearbeat IPC: 3.447513 Cumulative IPC: 3.394242
Prefetcher heartbeat stats
Instructions Retired: 1900001 Cycle: 559140 Hearbeat IPC: 3.468625 Cumulative IPC: 3.398077
Prefetcher heartbeat stats
Instructions Retired: 2000005 Cycle: 588092 Hearbeat IPC: 3.454131 Cumulative IPC: 3.400837
Prefetcher heartbeat stats
Instructions Retired: 2100001 Cycle: 617343 Hearbeat IPC: 3.418550 Cumulative IPC: 3.401676
Prefetcher heartbeat stats
Instructions Retired: 2200005 Cycle: 646483 Hearbeat IPC: 3.431846 Cumulative IPC: 3.403036
Prefetcher heartbeat stats
Instructions Retired: 2300004 Cycle: 675459 Hearbeat IPC: 3.451097 Cumulative IPC: 3.405098
Prefetcher heartbeat stats
Instructions Retired: 2400002 Cycle: 704464 Hearbeat IPC: 3.447613 Cumulative IPC: 3.406848
Prefetcher heartbeat stats
Instructions Retired: 2500003 Cycle: 734417 Hearbeat IPC: 3.338597 Cumulative IPC: 3.404065
Prefetcher heartbeat stats
Instructions Retired: 2600000 Cycle: 763445 Hearbeat IPC: 3.444846 Cumulative IPC: 3.405615
Prefetcher heartbeat stats
Instructions Retired: 2700002 Cycle: 792507 Hearbeat IPC: 3.440988 Cumulative IPC: 3.406913
Prefetcher heartbeat stats
Instructions Retired: 2800005 Cycle: 821399 Hearbeat IPC: 3.461270 Cumulative IPC: 3.408824
Prefetcher heartbeat stats
Instructions Retired: 2900000 Cycle: 850410 Hearbeat IPC: 3.446796 Cumulative IPC: 3.410120
Prefetcher heartbeat stats
Instructions Retired: 3000002 Cycle: 879471 Hearbeat IPC: 3.441107 Cumulative IPC: 3.411144
Prefetcher heartbeat stats

Simulation complete. Instructions retired: 3099758 Cycles elapsed: 908545 IPC: 3.411783

Prefetcher final stats
