
*** Data Prefetching Championship 2 Simulator ***

Warmup Instructions: 10000000
Simulation Instructions: 100000000
Scramble loads ON
Using 1MB Last Level Cache
Using 12.8 GB/s DRAM bandwidth
Knobs visible from prefetcher: 1 0 0
Resetting history queue.
Resetting offset table
Setting initial offset to 1
Tag offset: 6
Instructions Retired: 100001 Cycle: 38156 Hearbeat IPC: 2.620846 Cumulative IPC: 2.620846
Prefetcher heartbeat stats
Instructions Retired: 200002 Cycle: 67142 Hearbeat IPC: 3.449976 Cumulative IPC: 2.978791
Prefetcher heartbeat stats
Instructions Retired: 300001 Cycle: 95810 Hearbeat IPC: 3.488175 Cumulative IPC: 3.131208
Prefetcher heartbeat stats
Instructions Retired: 400000 Cycle: 124644 Hearbeat IPC: 3.468093 Cumulative IPC: 3.209140
Prefetcher heartbeat stats
Instructions Retired: 500003 Cycle: 153399 Hearbeat IPC: 3.477760 Cumulative IPC: 3.259493
Prefetcher heartbeat stats
Instructions Retired: 600001 Cycle: 182384 Hearbeat IPC: 3.449991 Cumulative IPC: 3.289768
Prefetcher heartbeat stats
Instructions Retired: 700000 Cycle: 211351 Hearbeat IPC: 3.452170 Cumulative IPC: 3.312026
Prefetcher heartbeat stats
Instructions Retired: 800001 Cycle: 240177 Hearbeat IPC: 3.469125 Cumulative IPC: 3.330881
Prefetcher heartbeat stats
Instructions Retired: 900003 Cycle: 269007 Hearbeat IPC: 3.468678 Cumulative IPC: 3.345649
Prefetcher heartbeat stats
Instructions Retired: 1000004 Cycle: 297781 Hearbeat IPC: 3.475394 Cumulative IPC: 3.358186
Prefetcher heartbeat stats
Instructions Retired: 1100000 Cycle: 326833 Hearbeat IPC: 3.441966 Cumulative IPC: 3.365633
Prefetcher heartbeat stats
Instructions Retired: 1200002 Cycle: 355660 Hearbeat IPC: 3.469039 Cumulative IPC: 3.374015
Prefetcher heartbeat stats
Instructions Retired: 1300000 Cycle: 384699 Hearbeat IPC: 3.443576 Cumulative IPC: 3.379265
Prefetcher heartbeat stats
Instructions Retired: 1400005 Cycle: 413751 Hearbeat IPC: 3.442276 Cumulative IPC: 3.383690
Prefetcher heartbeat stats
Instructions Retired: 1500004 Cycle: 442732 Hearbeat IPC: 3.450502 Cumulative IPC: 3.388063
Prefetcher heartbeat stats
Instructions Retired: 1600005 Cycle: 471777 Hearbeat IPC: 3.442968 Cumulative IPC: 3.391443
Prefetcher heartbeat stats
Instructions Retired: 1700002 Cycle: 500898 Hearbeat IPC: 3.433845 Cumulative IPC: 3.393909
Prefetcher heartbeat stats
Instructions Retired: 1800004 Cycle: 530017 Hearbeat IPC: 3.434253 Cumulative IPC: 3.396125
Prefetcher heartbeat stats
Instructions Retired: 1900001 Cycle: 558988 Hearbeat IPC: 3.451624 Cumulative IPC: 3.399001
Prefetcher heartbeat stats
Instructions Retired: 2000005 Cycle: 588035 Hearbeat IPC: 3.442834 Cumulative IPC: 3.401167
Prefetcher heartbeat stats
Instructions Retired: 2100001 Cycle: 617285 Hearbeat IPC: 3.418667 Cumulative IPC: 3.401996
Prefetcher heartbeat stats
Instructions Retired: 2200005 Cycle: 646559 Hearbeat IPC: 3.416137 Cumulative IPC: 3.402636
Prefetcher heartbeat stats
Instructions Retired: 2300004 Cycle: 675634 Hearbeat IPC: 3.439347 Cumulative IPC: 3.404216
Prefetcher heartbeat stats
Instructions Retired: 2400002 Cycle: 704726 Hearbeat IPC: 3.437302 Cumulative IPC: 3.405582
Prefetcher heartbeat stats
Instructions Retired: 2500003 Cycle: 734724 Hearbeat IPC: 3.333589 Cumulative IPC: 3.402642
Prefetcher heartbeat stats
Instructions Retired: 2600000 Cycle: 763828 Hearbeat IPC: 3.435851 Cumulative IPC: 3.403908
Prefetcher heartbeat stats
Instructions Retired: 2700002 Cycle: 793084 Hearbeat IPC: 3.418171 Cumulative IPC: 3.404434
Prefetcher heartbeat stats
Instructions Retired: 2800000 Cycle: 822299 Hearbeat IPC: 3.422831 Cumulative IPC: 3.405087
Prefetcher heartbeat stats
Instructions Retired: 2900000 Cycle: 851503 Hearbeat IPC: 3.424188 Cumulative IPC: 3.405743
Prefetcher heartbeat stats
Instructions Retired: 3000002 Cycle: 880673 Hearbeat IPC: 3.428248 Cumulative IPC: 3.406488
Prefetcher heartbeat stats

Simulation complete. Instructions retired: 3099758 Cycles elapsed: 909814 IPC: 3.407024

Prefetcher final stats
