
*** Data Prefetching Championship 2 Simulator ***

Warmup Instructions: 10000000
Simulation Instructions: 100000000
Scramble loads ON
Using 1MB Last Level Cache
Using 12.8 GB/s DRAM bandwidth
ISB Lite, size: 170176 bits = 20.773438 KB
Knobs visible from prefetcher: 1 0 0
  add to prefetch queue
  add to prefetch queue
  add to prefetch queue
  add to prefetch queue
  add to prefetch queue
  add to prefetch queue
  add to prefetch queue
  add to prefetch queue
  add to prefetch queue
  add to prefetch queue
  add to prefetch queue
Instructions Retired: 100001 Cycle: 38437 Hearbeat IPC: 2.601686 Cumulative IPC: 2.601686
Prefetcher heartbeat stats
  add to prefetch queue
  add to prefetch queue
  add to prefetch queue
  add to prefetch queue
  add to prefetch queue
  add to prefetch queue
  add to prefetch queue
  add to prefetch queue
  add to prefetch queue
  add to prefetch queue
  add to prefetch queue
  add to prefetch queue
  add to prefetch queue
Instructions Retired: 200002 Cycle: 67170 Hearbeat IPC: 3.480354 Cumulative IPC: 2.977550
Prefetcher heartbeat stats
  add to prefetch queue
  add to prefetch queue
  add to prefetch queue
  add to prefetch queue
  add to prefetch queue
  add to prefetch queue
  add to prefetch queue
  add to prefetch queue
  add to prefetch queue
  add to prefetch queue
  add to prefetch queue
Instructions Retired: 300003 Cycle: 95565 Hearbeat IPC: 3.521782 Cumulative IPC: 3.139256
Prefetcher heartbeat stats
  add to prefetch queue
  add to prefetch queue
  add to prefetch queue
  add to prefetch queue
  add to prefetch queue
  add to prefetch queue
  add to prefetch queue
  add to prefetch queue
  add to prefetch queue
  add to prefetch queue
  add to prefetch queue
  add to prefetch queue
  add to prefetch queue
  add to prefetch queue
  add to prefetch queue
  add to prefetch queue
  add to prefetch queue
  add to prefetch queue
Instructions Retired: 400000 Cycle: 124241 Hearbeat IPC: 3.487132 Cumulative IPC: 3.219549
Prefetcher heartbeat stats
  add to prefetch queue
  add to prefetch queue
  add to prefetch queue
  add to prefetch queue
  add to prefetch queue
  add to prefetch queue
  add to prefetch queue
  add to prefetch queue
  add to prefetch queue
  add to prefetch queue
  add to prefetch queue
  add to prefetch queue
  add to prefetch queue
  add to prefetch queue
  add to prefetch queue
  add to prefetch queue
  add to prefetch queue
  add to prefetch queue
  add to prefetch queue
Instructions Retired: 500003 Cycle: 152950 Hearbeat IPC: 3.483333 Cumulative IPC: 3.269062
Prefetcher heartbeat stats
  add to prefetch queue
  add to prefetch queue
  add to prefetch queue
  add to prefetch queue
  add to prefetch queue
  add to prefetch queue
  add to prefetch queue
  add to prefetch queue
  add to prefetch queue
  add to prefetch queue
  add to prefetch queue
  add to prefetch queue
  add to prefetch queue
  add to prefetch queue
  add to prefetch queue
  add to prefetch queue
  add to prefetch queue
Instructions Retired: 600001 Cycle: 181702 Hearbeat IPC: 3.477949 Cumulative IPC: 3.302115
Prefetcher heartbeat stats
  add to prefetch queue
  add to prefetch queue
  add to prefetch queue
  add to prefetch queue
  add to prefetch queue
  add to prefetch queue
  add to prefetch queue
  add to prefetch queue
  add to prefetch queue
  add to prefetch queue
  add to prefetch queue
  add to prefetch queue
  add to prefetch queue
  add to prefetch queue
Instructions Retired: 700000 Cycle: 210490 Hearbeat IPC: 3.473635 Cumulative IPC: 3.325574
Prefetcher heartbeat stats
  add to prefetch queue
  add to prefetch queue
  add to prefetch queue
  add to prefetch queue
  add to prefetch queue
  add to prefetch queue
  add to prefetch queue
  add to prefetch queue
  add to prefetch queue
  add to prefetch queue
Instructions Retired: 800001 Cycle: 239129 Hearbeat IPC: 3.491777 Cumulative IPC: 3.345479
Prefetcher heartbeat stats
  add to prefetch queue
  add to prefetch queue
  add to prefetch queue
  add to prefetch queue
  add to prefetch queue
  add to prefetch queue
  add to prefetch queue
  add to prefetch queue
  add to prefetch queue
  add to prefetch queue
  add to prefetch queue
  add to prefetch queue
Instructions Retired: 900003 Cycle: 267992 Hearbeat IPC: 3.464713 Cumulative IPC: 3.358320
Prefetcher heartbeat stats
  add to prefetch queue
  add to prefetch queue
  add to prefetch queue
  add to prefetch queue
  add to prefetch queue
  add to prefetch queue
  add to prefetch queue
  add to prefetch queue
  add to prefetch queue
  add to prefetch queue
Instructions Retired: 1000002 Cycle: 296795 Hearbeat IPC: 3.471826 Cumulative IPC: 3.369336
Prefetcher heartbeat stats
  add to prefetch queue
  add to prefetch queue
  add to prefetch queue
  add to prefetch queue
  add to prefetch queue
  add to prefetch queue
  add to prefetch queue
Instructions Retired: 1100000 Cycle: 325665 Hearbeat IPC: 3.463734 Cumulative IPC: 3.377704
Prefetcher heartbeat stats
  add to prefetch queue
  add to prefetch queue
  add to prefetch queue
  add to prefetch queue
  add to prefetch queue
  add to prefetch queue
  add to prefetch queue
  add to prefetch queue
  add to prefetch queue
  add to prefetch queue
Instructions Retired: 1200002 Cycle: 354437 Hearbeat IPC: 3.475671 Cumulative IPC: 3.385657
Prefetcher heartbeat stats
  add to prefetch queue
  add to prefetch queue
  add to prefetch queue
  add to prefetch queue
  add to prefetch queue
  add to prefetch queue
  add to prefetch queue
  add to prefetch queue
  add to prefetch queue
Instructions Retired: 1300000 Cycle: 383357 Hearbeat IPC: 3.457746 Cumulative IPC: 3.391095
Prefetcher heartbeat stats
  add to prefetch queue
  add to prefetch queue
  add to prefetch queue
  add to prefetch queue
  add to prefetch queue
  add to prefetch queue
  add to prefetch queue
  add to prefetch queue
  add to prefetch queue
Instructions Retired: 1400005 Cycle: 412360 Hearbeat IPC: 3.448092 Cumulative IPC: 3.395104
Prefetcher heartbeat stats
  add to prefetch queue
  add to prefetch queue
  add to prefetch queue
  add to prefetch queue
  add to prefetch queue
  add to prefetch queue
  add to prefetch queue
  add to prefetch queue
  add to prefetch queue
  add to prefetch queue
  add to prefetch queue
  add to prefetch queue
Instructions Retired: 1500000 Cycle: 441257 Hearbeat IPC: 3.460394 Cumulative IPC: 3.399379
Prefetcher heartbeat stats
  add to prefetch queue
  add to prefetch queue
  add to prefetch queue
  add to prefetch queue
  add to prefetch queue
  add to prefetch queue
  add to prefetch queue
  add to prefetch queue
  add to prefetch queue
  add to prefetch queue
  add to prefetch queue
  add to prefetch queue
  add to prefetch queue
  add to prefetch queue
  add to prefetch queue
  add to prefetch queue
  add to prefetch queue
  add to prefetch queue
  add to prefetch queue
Instructions Retired: 1600005 Cycle: 470097 Hearbeat IPC: 3.467580 Cumulative IPC: 3.403563
Prefetcher heartbeat stats
  add to prefetch queue
  add to prefetch queue
  add to prefetch queue
  add to prefetch queue
  add to prefetch queue
  add to prefetch queue
  add to prefetch queue
  add to prefetch queue
  add to prefetch queue
  add to prefetch queue
  add to prefetch queue
  add to prefetch queue
  add to prefetch queue
  add to prefetch queue
  add to prefetch queue
  add to prefetch queue
Instructions Retired: 1700002 Cycle: 499088 Hearbeat IPC: 3.449243 Cumulative IPC: 3.406217
Prefetcher heartbeat stats
  add to prefetch queue
  add to prefetch queue
  add to prefetch queue
  add to prefetch queue
  add to prefetch queue
  add to prefetch queue
  add to prefetch queue
  add to prefetch queue
  add to prefetch queue
  add to prefetch queue
  add to prefetch queue
  add to prefetch queue
  add to prefetch queue
  add to prefetch queue
  add to prefetch queue
  add to prefetch queue
  add to prefetch queue
  add to prefetch queue
  add to prefetch queue
  add to prefetch queue
  add to prefetch queue
Instructions Retired: 1800001 Cycle: 527932 Hearbeat IPC: 3.466891 Cumulative IPC: 3.409532
Prefetcher heartbeat stats
  add to prefetch queue
  add to prefetch queue
  add to prefetch queue
  add to prefetch queue
  add to prefetch queue
  add to prefetch queue
  add to prefetch queue
  add to prefetch queue
  add to prefetch queue
  add to prefetch queue
  add to prefetch queue
  add to prefetch queue
  add to prefetch queue
  add to prefetch queue
  add to prefetch queue
  add to prefetch queue
  add to prefetch queue
  add to prefetch queue
  add to prefetch queue
  add to prefetch queue
  add to prefetch queue
Instructions Retired: 1900001 Cycle: 556688 Hearbeat IPC: 3.477535 Cumulative IPC: 3.413045
Prefetcher heartbeat stats
  add to prefetch queue
  add to prefetch queue
  add to prefetch queue
  add to prefetch queue
  add to prefetch queue
  add to prefetch queue
  add to prefetch queue
  add to prefetch queue
  add to prefetch queue
  add to prefetch queue
  add to prefetch queue
  add to prefetch queue
  add to prefetch queue
  add to prefetch queue
  add to prefetch queue
  add to prefetch queue
  add to prefetch queue
  add to prefetch queue
  add to prefetch queue
  add to prefetch queue
  add to prefetch queue
  add to prefetch queue
  add to prefetch queue
  add to prefetch queue
Instructions Retired: 2000005 Cycle: 585586 Hearbeat IPC: 3.460586 Cumulative IPC: 3.415391
Prefetcher heartbeat stats
  add to prefetch queue
  add to prefetch queue
  add to prefetch queue
  add to prefetch queue
  add to prefetch queue
  add to prefetch queue
  add to prefetch queue
  add to prefetch queue
  add to prefetch queue
  add to prefetch queue
  add to prefetch queue
  add to prefetch queue
  add to prefetch queue
  add to prefetch queue
  add to prefetch queue
  add to prefetch queue
  add to prefetch queue
  add to prefetch queue
  add to prefetch queue
  add to prefetch queue
  add to prefetch queue
  add to prefetch queue
  add to prefetch queue
  add to prefetch queue
  add to prefetch queue
  add to prefetch queue
  add to prefetch queue
  add to prefetch queue
  add to prefetch queue
  add to prefetch queue
  add to prefetch queue
  add to prefetch queue
Instructions Retired: 2100001 Cycle: 614569 Hearbeat IPC: 3.450161 Cumulative IPC: 3.417031
Prefetcher heartbeat stats
  add to prefetch queue
  add to prefetch queue
  add to prefetch queue
  add to prefetch queue
  add to prefetch queue
  add to prefetch queue
  add to prefetch queue
  add to prefetch queue
  add to prefetch queue
  add to prefetch queue
  add to prefetch queue
  add to prefetch queue
  add to prefetch queue
  add to prefetch queue
  add to prefetch queue
  add to prefetch queue
  add to prefetch queue
  add to prefetch queue
  add to prefetch queue
  add to prefetch queue
  add to prefetch queue
  add to prefetch queue
  add to prefetch queue
  add to prefetch queue
  add to prefetch queue
  add to prefetch queue
  add to prefetch queue
  add to prefetch queue
  add to prefetch queue
  add to prefetch queue
  add to prefetch queue
Instructions Retired: 2200005 Cycle: 643787 Hearbeat IPC: 3.422685 Cumulative IPC: 3.417287
Prefetcher heartbeat stats
  add to prefetch queue
  add to prefetch queue
  add to prefetch queue
  add to prefetch queue
  add to prefetch queue
  add to prefetch queue
  add to prefetch queue
  add to prefetch queue
  add to prefetch queue
  add to prefetch queue
  add to prefetch queue
  add to prefetch queue
  add to prefetch queue
  add to prefetch queue
  add to prefetch queue
  add to prefetch queue
  add to prefetch queue
  add to prefetch queue
  add to prefetch queue
  add to prefetch queue
  add to prefetch queue
  add to prefetch queue
  add to prefetch queue
  add to prefetch queue
  add to prefetch queue
  add to prefetch queue
  add to prefetch queue
  add to prefetch queue
  add to prefetch queue
  add to prefetch queue
Instructions Retired: 2300004 Cycle: 672757 Hearbeat IPC: 3.451812 Cumulative IPC: 3.418774
Prefetcher heartbeat stats
  add to prefetch queue
  add to prefetch queue
  add to prefetch queue
  add to prefetch queue
  add to prefetch queue
  add to prefetch queue
  add to prefetch queue
  add to prefetch queue
  add to prefetch queue
  add to prefetch queue
  add to prefetch queue
  add to prefetch queue
  add to prefetch queue
  add to prefetch queue
  add to prefetch queue
  add to prefetch queue
  add to prefetch queue
  add to prefetch queue
  add to prefetch queue
  add to prefetch queue
  add to prefetch queue
  add to prefetch queue
  add to prefetch queue
  add to prefetch queue
  add to prefetch queue
  add to prefetch queue
  add to prefetch queue
  add to prefetch queue
  add to prefetch queue
Instructions Retired: 2400002 Cycle: 701712 Hearbeat IPC: 3.453566 Cumulative IPC: 3.420209
Prefetcher heartbeat stats
  add to prefetch queue
  add to prefetch queue
  add to prefetch queue
  add to prefetch queue
  add to prefetch queue
  add to prefetch queue
  add to prefetch queue
  add to prefetch queue
  add to prefetch queue
  add to prefetch queue
  add to prefetch queue
  add to prefetch queue
  add to prefetch queue
  add to prefetch queue
  add to prefetch queue
  add to prefetch queue
Instructions Retired: 2500003 Cycle: 731692 Hearbeat IPC: 3.335590 Cumulative IPC: 3.416742
Prefetcher heartbeat stats
  add to prefetch queue
  add to prefetch queue
  add to prefetch queue
  add to prefetch queue
  add to prefetch queue
  add to prefetch queue
  add to prefetch queue
  add to prefetch queue
  add to prefetch queue
  add to prefetch queue
  add to prefetch queue
  add to prefetch queue
  add to prefetch queue
  add to prefetch queue
  add to prefetch queue
Instructions Retired: 2600000 Cycle: 760776 Hearbeat IPC: 3.438213 Cumulative IPC: 3.417563
Prefetcher heartbeat stats
  add to prefetch queue
  add to prefetch queue
  add to prefetch queue
  add to prefetch queue
  add to prefetch queue
  add to prefetch queue
  add to prefetch queue
  add to prefetch queue
  add to prefetch queue
  add to prefetch queue
  add to prefetch queue
  add to prefetch queue
  add to prefetch queue
  add to prefetch queue
  add to prefetch queue
  add to prefetch queue
  add to prefetch queue
  add to prefetch queue
  add to prefetch queue
  add to prefetch queue
  add to prefetch queue
  add to prefetch queue
Instructions Retired: 2700002 Cycle: 789914 Hearbeat IPC: 3.432013 Cumulative IPC: 3.418096
Prefetcher heartbeat stats
  add to prefetch queue
  add to prefetch queue
  add to prefetch queue
  add to prefetch queue
  add to prefetch queue
  add to prefetch queue
  add to prefetch queue
  add to prefetch queue
  add to prefetch queue
  add to prefetch queue
  add to prefetch queue
  add to prefetch queue
  add to prefetch queue
  add to prefetch queue
  add to prefetch queue
  add to prefetch queue
  add to prefetch queue
  add to prefetch queue
  add to prefetch queue
  add to prefetch queue
  add to prefetch queue
Instructions Retired: 2800003 Cycle: 818802 Hearbeat IPC: 3.461680 Cumulative IPC: 3.419634
Prefetcher heartbeat stats
  add to prefetch queue
  add to prefetch queue
  add to prefetch queue
  add to prefetch queue
  add to prefetch queue
  add to prefetch queue
  add to prefetch queue
  add to prefetch queue
  add to prefetch queue
  add to prefetch queue
  add to prefetch queue
  add to prefetch queue
  add to prefetch queue
  add to prefetch queue
  add to prefetch queue
  add to prefetch queue
  add to prefetch queue
  add to prefetch queue
  add to prefetch queue
  add to prefetch queue
  add to prefetch queue
  add to prefetch queue
  add to prefetch queue
  add to prefetch queue
  add to prefetch queue
Instructions Retired: 2900000 Cycle: 847915 Hearbeat IPC: 3.434788 Cumulative IPC: 3.420154
Prefetcher heartbeat stats
  add to prefetch queue
  add to prefetch queue
  add to prefetch queue
  add to prefetch queue
  add to prefetch queue
  add to prefetch queue
  add to prefetch queue
  add to prefetch queue
  add to prefetch queue
  add to prefetch queue
  add to prefetch queue
  add to prefetch queue
  add to prefetch queue
  add to prefetch queue
  add to prefetch queue
  add to prefetch queue
  add to prefetch queue
  add to prefetch queue
  add to prefetch queue
  add to prefetch queue
  add to prefetch queue
  add to prefetch queue
  add to prefetch queue
  add to prefetch queue
Instructions Retired: 3000002 Cycle: 877062 Hearbeat IPC: 3.430954 Cumulative IPC: 3.420513
Prefetcher heartbeat stats
  add to prefetch queue
  add to prefetch queue
  add to prefetch queue
  add to prefetch queue
  add to prefetch queue
  add to prefetch queue
  add to prefetch queue
  add to prefetch queue
  add to prefetch queue
  add to prefetch queue
  add to prefetch queue
  add to prefetch queue
  add to prefetch queue
  add to prefetch queue
  add to prefetch queue
  add to prefetch queue
  add to prefetch queue
  add to prefetch queue
  add to prefetch queue
  add to prefetch queue
  add to prefetch queue
  add to prefetch queue
  add to prefetch queue
  add to prefetch queue
  add to prefetch queue

Simulation complete. Instructions retired: 3099758 Cycles elapsed: 906141 IPC: 3.420834

Prefetcher final stats
