
*** Data Prefetching Championship 2 Simulator ***

Warmup Instructions: 0
Simulation Instructions: 100000000
Scramble loads ON
Using 1MB Last Level Cache
Using 12.8 GB/s DRAM bandwidth
Streaming Prefetcher
Knobs visible from prefetcher: 1 0 0

Warmup complete. Instructions retired: 1 Cycles elapsed: 2 IPC: 0.500000
Prefetcher warmup complete stats

Instructions Retired: 100001 Cycle: 38049 Hearbeat IPC: 2.628216 Cumulative IPC: 2.628216
Prefetcher heartbeat stats
Instructions Retired: 200002 Cycle: 66935 Hearbeat IPC: 3.461919 Cumulative IPC: 2.988003
Prefetcher heartbeat stats
Instructions Retired: 300003 Cycle: 95644 Hearbeat IPC: 3.483263 Cumulative IPC: 3.136663
Prefetcher heartbeat stats
Instructions Retired: 400000 Cycle: 124434 Hearbeat IPC: 3.473324 Cumulative IPC: 3.214556
Prefetcher heartbeat stats
Instructions Retired: 500003 Cycle: 153306 Hearbeat IPC: 3.463667 Cumulative IPC: 3.261471
Prefetcher heartbeat stats
Instructions Retired: 600001 Cycle: 182115 Hearbeat IPC: 3.471068 Cumulative IPC: 3.294627
Prefetcher heartbeat stats
Instructions Retired: 700000 Cycle: 211091 Hearbeat IPC: 3.451097 Cumulative IPC: 3.316105
Prefetcher heartbeat stats
Instructions Retired: 800001 Cycle: 239948 Hearbeat IPC: 3.465398 Cumulative IPC: 3.334060
Prefetcher heartbeat stats
Instructions Retired: 900003 Cycle: 268808 Hearbeat IPC: 3.465073 Cumulative IPC: 3.348126
Prefetcher heartbeat stats
Instructions Retired: 1000004 Cycle: 297808 Hearbeat IPC: 3.448310 Cumulative IPC: 3.357882
Prefetcher heartbeat stats
Instructions Retired: 1100000 Cycle: 326756 Hearbeat IPC: 3.454332 Cumulative IPC: 3.366426
Prefetcher heartbeat stats
Instructions Retired: 1200002 Cycle: 355605 Hearbeat IPC: 3.466394 Cumulative IPC: 3.374536
Prefetcher heartbeat stats
Instructions Retired: 1300000 Cycle: 384540 Hearbeat IPC: 3.455953 Cumulative IPC: 3.380663
Prefetcher heartbeat stats
Instructions Retired: 1400005 Cycle: 413538 Hearbeat IPC: 3.448686 Cumulative IPC: 3.385432
Prefetcher heartbeat stats
Instructions Retired: 1500000 Cycle: 442361 Hearbeat IPC: 3.469278 Cumulative IPC: 3.390896
Prefetcher heartbeat stats
Instructions Retired: 1600005 Cycle: 471226 Hearbeat IPC: 3.464576 Cumulative IPC: 3.395409
Prefetcher heartbeat stats
Instructions Retired: 1700002 Cycle: 500205 Hearbeat IPC: 3.450671 Cumulative IPC: 3.398611
Prefetcher heartbeat stats
Instructions Retired: 1800001 Cycle: 529071 Hearbeat IPC: 3.464249 Cumulative IPC: 3.402192
Prefetcher heartbeat stats
Instructions Retired: 1900001 Cycle: 557766 Hearbeat IPC: 3.484928 Cumulative IPC: 3.406448
Prefetcher heartbeat stats
Instructions Retired: 2000005 Cycle: 586486 Hearbeat IPC: 3.482033 Cumulative IPC: 3.410150
Prefetcher heartbeat stats
Instructions Retired: 2100001 Cycle: 615648 Hearbeat IPC: 3.428983 Cumulative IPC: 3.411042
Prefetcher heartbeat stats
Instructions Retired: 2200005 Cycle: 644703 Hearbeat IPC: 3.441886 Cumulative IPC: 3.412432
Prefetcher heartbeat stats
Instructions Retired: 2300004 Cycle: 673650 Hearbeat IPC: 3.454555 Cumulative IPC: 3.414242
Prefetcher heartbeat stats
Instructions Retired: 2400000 Cycle: 702643 Hearbeat IPC: 3.448971 Cumulative IPC: 3.415675
Prefetcher heartbeat stats
Instructions Retired: 2500003 Cycle: 732530 Hearbeat IPC: 3.346037 Cumulative IPC: 3.412834
Prefetcher heartbeat stats
Instructions Retired: 2600000 Cycle: 761419 Hearbeat IPC: 3.461421 Cumulative IPC: 3.414677
Prefetcher heartbeat stats
Instructions Retired: 2700002 Cycle: 790404 Hearbeat IPC: 3.450129 Cumulative IPC: 3.415977
Prefetcher heartbeat stats
Instructions Retired: 2800000 Cycle: 819390 Hearbeat IPC: 3.449872 Cumulative IPC: 3.417176
Prefetcher heartbeat stats
Instructions Retired: 2900000 Cycle: 848377 Hearbeat IPC: 3.449822 Cumulative IPC: 3.418292
Prefetcher heartbeat stats
Instructions Retired: 3000002 Cycle: 877367 Hearbeat IPC: 3.449534 Cumulative IPC: 3.419324
Prefetcher heartbeat stats

Simulation complete. Instructions retired: 3099757 Cycles elapsed: 906403 IPC: 3.419844

Prefetcher final stats
