
*** Data Prefetching Championship 2 Simulator ***

Warmup Instructions: 0
Simulation Instructions: 100000000
Scramble loads ON
Using 1MB Last Level Cache
Using 12.8 GB/s DRAM bandwidth
AMPM Lite Prefetcher
Knobs visible from prefetcher: 1 0 0

Warmup complete. Instructions retired: 3 Cycles elapsed: 2 IPC: 1.500000
Prefetcher warmup complete stats

Instructions Retired: 100001 Cycle: 56351 Hearbeat IPC: 1.774609 Cumulative IPC: 1.774609
Prefetcher heartbeat stats
Instructions Retired: 200005 Cycle: 98330 Hearbeat IPC: 2.382239 Cumulative IPC: 2.034018
Prefetcher heartbeat stats
Instructions Retired: 300001 Cycle: 134726 Hearbeat IPC: 2.747445 Cumulative IPC: 2.226749
Prefetcher heartbeat stats
Instructions Retired: 400003 Cycle: 170753 Hearbeat IPC: 2.775752 Cumulative IPC: 2.342582
Prefetcher heartbeat stats
Instructions Retired: 500002 Cycle: 203221 Hearbeat IPC: 3.079925 Cumulative IPC: 2.460386
Prefetcher heartbeat stats
Instructions Retired: 600000 Cycle: 237188 Hearbeat IPC: 2.943975 Cumulative IPC: 2.529639
Prefetcher heartbeat stats
Instructions Retired: 700002 Cycle: 270886 Hearbeat IPC: 2.967595 Cumulative IPC: 2.584120
Prefetcher heartbeat stats
Instructions Retired: 800000 Cycle: 306655 Hearbeat IPC: 2.795661 Cumulative IPC: 2.608795
Prefetcher heartbeat stats
Instructions Retired: 900000 Cycle: 344920 Hearbeat IPC: 2.613354 Cumulative IPC: 2.609301
Prefetcher heartbeat stats
Instructions Retired: 1000003 Cycle: 379182 Hearbeat IPC: 2.918773 Cumulative IPC: 2.637264
Prefetcher heartbeat stats
Instructions Retired: 1100002 Cycle: 417825 Hearbeat IPC: 2.587765 Cumulative IPC: 2.632686
Prefetcher heartbeat stats
Instructions Retired: 1200002 Cycle: 453312 Hearbeat IPC: 2.817933 Cumulative IPC: 2.647188
Prefetcher heartbeat stats
Instructions Retired: 1300000 Cycle: 506310 Hearbeat IPC: 1.886826 Cumulative IPC: 2.567597
Prefetcher heartbeat stats
Instructions Retired: 1400002 Cycle: 549994 Hearbeat IPC: 2.289213 Cumulative IPC: 2.545486
Prefetcher heartbeat stats
Instructions Retired: 1500003 Cycle: 598091 Hearbeat IPC: 2.079153 Cumulative IPC: 2.507985
Prefetcher heartbeat stats
Instructions Retired: 1600003 Cycle: 647641 Hearbeat IPC: 2.018163 Cumulative IPC: 2.470509
Prefetcher heartbeat stats
Instructions Retired: 1700004 Cycle: 701825 Hearbeat IPC: 1.845582 Cumulative IPC: 2.422262
Prefetcher heartbeat stats
Instructions Retired: 1800003 Cycle: 762882 Hearbeat IPC: 1.637797 Cumulative IPC: 2.359478
Prefetcher heartbeat stats
Instructions Retired: 1900003 Cycle: 811181 Hearbeat IPC: 2.070436 Cumulative IPC: 2.342268
Prefetcher heartbeat stats
Instructions Retired: 2000002 Cycle: 870528 Hearbeat IPC: 1.684988 Cumulative IPC: 2.297459
Prefetcher heartbeat stats
Instructions Retired: 2100003 Cycle: 921066 Hearbeat IPC: 1.978729 Cumulative IPC: 2.279970
Prefetcher heartbeat stats
Instructions Retired: 2200002 Cycle: 980170 Hearbeat IPC: 1.691916 Cumulative IPC: 2.244511
Prefetcher heartbeat stats
Instructions Retired: 2300001 Cycle: 1032537 Hearbeat IPC: 1.909580 Cumulative IPC: 2.227524
Prefetcher heartbeat stats
Instructions Retired: 2400005 Cycle: 1105085 Hearbeat IPC: 1.378453 Cumulative IPC: 2.171783
Prefetcher heartbeat stats
Instructions Retired: 2500003 Cycle: 1174189 Hearbeat IPC: 1.447065 Cumulative IPC: 2.129132
Prefetcher heartbeat stats
Instructions Retired: 2600000 Cycle: 1232328 Hearbeat IPC: 1.719964 Cumulative IPC: 2.109828
Prefetcher heartbeat stats
Instructions Retired: 2700002 Cycle: 1280955 Hearbeat IPC: 2.056512 Cumulative IPC: 2.107804
Prefetcher heartbeat stats
Instructions Retired: 2800001 Cycle: 1341637 Hearbeat IPC: 1.647919 Cumulative IPC: 2.087003
Prefetcher heartbeat stats
Instructions Retired: 2900004 Cycle: 1396908 Hearbeat IPC: 1.809321 Cumulative IPC: 2.076016
Prefetcher heartbeat stats
Instructions Retired: 3000000 Cycle: 1471734 Hearbeat IPC: 1.336380 Cumulative IPC: 2.038412
Prefetcher heartbeat stats

Simulation complete. Instructions retired: 3099755 Cycles elapsed: 1536338 IPC: 2.017626

Prefetcher final stats
