
*** Data Prefetching Championship 2 Simulator ***

Warmup Instructions: 10000000
Simulation Instructions: 100000000
Scramble loads ON
Using 1MB Last Level Cache
Using 12.8 GB/s DRAM bandwidth
Knobs visible from prefetcher: 1 0 0
Resetting history queue.
Resetting offset table
Setting initial offset to 1
Tag offset: 6
Ressetting hit rate
Index 4
Index 24
Index 46
Index 26
Index 43
Index 18
Index 14
Index 3
Index 7
Index 25
Index 21
Index 11
Index 39
Index 59
Index 2
Index 40
Index 28
Index 46
Index 12
Index 7
Index 53
Index 59
Index 60
Index 55
Index 10
Index 30
Index 34
Index 30
Index 4
Index 10
Index 63
Index 44
Index 15
Index 52
Index 16
Index 8
Index 23
Index 18
Index 50
Index 21
Index 5
Index 55
Index 36
Index 1
Index 54
Index 41
Index 10
Index 22
Index 25
Index 28
Index 60
Index 52
Index 62
Index 22
Index 9
Index 27
Index 0
Index 8
Index 48
Index 53
Index 19
Index 25
Index 18
Index 0
Index 8
Index 55
Index 42
Index 2
Index 19
Index 8
Index 27
Index 50
Index 52
Index 12
Index 47
Index 17
Index 33
Index 0
Index 4
Index 53
Index 25
Index 46
Index 55
Index 18
Index 10
Index 61
Index 43
Index 28
Index 12
Index 7
Index 3
Index 39
Index 48
Index 27
Index 15
Index 9
Index 46
Index 52
Index 46
Index 3
Index 61
Index 0
Index 26
Index 24
Index 6
Index 3
Index 16
Index 40
Index 0
Index 47
Index 38
Index 36
Index 46
Index 11
Index 26
Index 30
Index 12
Index 42
Index 38
Index 17
Index 14
Index 20
Index 33
Index 13
Index 23
Index 60
Index 14
Index 0
Index 26
Index 55
Index 35
Index 39
Index 33
Index 58
Index 23
Index 51
Index 59
Index 24
Index 31
Index 32
Index 23
Index 62
Index 28
Index 50
Index 56
Index 13
Index 26
Index 51
Index 25
Index 26
Index 24
Index 9
Index 18
Index 51
Index 7
Index 56
Index 29
Index 43
Index 24
Index 10
Index 0
Index 61
Index 12
Index 37
Index 15
Index 17
Index 48
Index 8
Index 56
Index 41
Index 15
Index 49
Index 62
Index 53
Index 41
Index 43
Index 18
Index 30
Index 50
Index 45
Index 61
Index 57
Index 10
Index 46
Index 38
Index 43
Index 1
Index 32
Index 17
Index 28
Index 49
Index 58
Index 51
Index 61
Index 37
Index 6
Index 12
Index 2
Index 13
Index 35
Index 21
Index 27
Index 34
Index 26
Index 30
Index 1
Index 44
Index 10
Index 13
Index 9
Index 19
Index 26
Index 57
Index 19
Index 22
Index 7
Index 11
Index 32
Index 30
Index 36
Index 13
Index 63
Index 44
Index 16
Index 62
Index 33
Index 54
Index 23
Index 44
Index 18
Index 16
Index 23
Index 3
Index 25
Index 13
Index 62
Index 50
Index 8
Index 6
Index 27
Index 50
Index 26
Index 60
Index 49
Index 13
Index 38
Index 32
Index 29
Index 11
Index 50
Instructions Retired: 100002 Cycle: 45011 Hearbeat IPC: 2.221724 Cumulative IPC: 2.221724
Cycle: 45011	Best offset: 1	Score: 0	Hit Rate: 0.400531
Index 55
Index 46
Index 21
Index 56
Index 19
Index 20
Index 2
Index 52
Index 12
Index 56
Index 27
Index 53
Index 31
Index 1
Index 40
Index 30
Index 42
Index 40
Index 17
Index 13
Index 25
Index 27
Index 24
Index 16
Index 1
Index 28
Index 41
Index 57
Index 54
Index 21
Index 30
Index 59
Index 53
Index 1
Index 35
Index 29
Index 56
Index 14
Index 0
Index 56
Index 36
Index 22
Index 55
Index 5
Index 35
Index 8
Index 12
Index 46
Index 3
Index 46
Index 10
Index 32
Index 50
Index 3
Index 56
Index 38
Index 45
Index 39
Index 47
Index 25
Index 0
Index 25
Index 5
Index 25
Index 21
Index 11
Index 2
Index 31
Index 23
Index 30
Index 7
Index 40
Index 57
Index 33
Index 7
Index 15
Index 7
Index 18
Index 20
Index 12
Index 43
Index 15
Index 61
Index 55
Index 25
Index 13
Index 34
Index 35
Index 43
Index 30
Index 56
Index 60
Index 42
Index 42
Index 9
Index 52
Index 3
Index 20
Index 54
Index 26
Index 56
Index 54
Index 56
Index 9
Index 29
Index 11
Index 19
Index 63
Index 8
Index 46
Index 23
Index 63
Index 27
Index 37
Index 8
Index 52
Index 31
Index 14
Index 51
Index 45
Index 42
Index 48
Index 44
Index 28
Index 20
Index 33
Index 2
Index 6
Index 41
Index 39
Index 26
Index 11
Index 38
Index 18
Index 12
Index 33
Index 11
Index 19
Index 60
Index 36
Index 39
Index 38
Index 11
Index 14
Index 52
Index 25
Index 24
Index 28
Index 17
Index 5
Index 58
Index 59
Index 54
Index 29
Index 41
Index 58
Index 15
Index 47
Index 12
Index 11
Index 29
Index 17
Index 23
Index 48
Index 48
Index 41
Index 30
Index 15
Index 29
Index 24
Index 16
Index 13
Index 14
Index 21
Index 25
Index 58
Index 45
Index 10
Index 25
Index 3
Index 60
Index 40
Index 49
Index 22
Index 43
Index 22
Index 4
Index 23
Index 20
Index 52
Index 22
Index 29
Index 31
Index 27
Index 56
Index 3
Index 7
Index 35
Index 39
Index 62
Index 58
Index 46
Index 12
Index 40
Index 34
Index 25
Index 48
Index 21
Index 46
Index 47
Index 50
Index 15
Index 23
Index 41
Index 61
Index 37
Index 4
Index 60
Index 30
Index 28
Index 56
Index 32
Index 14
Index 11
Index 47
Index 16
Index 62
Index 14
Instructions Retired: 200005 Cycle: 89544 Hearbeat IPC: 2.245593 Cumulative IPC: 2.233595
Cycle: 89544	Best offset: 1	Score: 0	Hit Rate: 0.413949
Index 57
Index 28
Index 57
Index 55
Index 27
Index 35
Index 25
Index 11
Index 16
Index 19
Index 33
Index 60
Index 14
Index 60
Index 49
Index 59
Index 36
Index 0
Index 49
Index 19
Index 46
Index 27
Index 50
Index 2
Index 33
Index 40
Index 0
Index 13
Index 5
Index 0
Index 54
Index 47
Index 1
Index 51
Index 22
Index 0
Index 32
Index 42
Index 48
Index 19
Index 25
Index 14
Index 45
Index 39
Index 0
Index 41
Index 17
Index 55
Index 55
Index 7
Index 19
Index 51
Index 6
Index 32
Index 62
Index 18
Index 13
Index 40
Index 33
Index 55
Index 16
Index 15
Index 20
Index 22
Index 56
Index 25
Index 50
Index 3
Index 34
Index 38
Index 33
Index 37
Index 27
Index 44
Index 53
Index 60
Index 19
Index 54
Index 35
Index 44
Index 37
Index 31
Index 39
Index 31
Index 10
Index 38
Index 16
Index 20
Index 5
Index 23
Index 8
Index 30
Index 33
Index 15
Index 57
Index 44
Index 8
Index 22
Index 55
Index 15
Index 12
Index 53
Index 26
Index 48
Index 34
Index 16
Index 2
Index 5
Index 23
Index 8
Index 15
Index 20
Index 15
Index 60
Index 21
Index 52
Index 31
Index 3
Index 61
Index 63
Index 20
Index 1
Index 47
Index 20
Index 9
Index 22
Index 49
Index 55
Index 23
Index 60
Index 21
Index 4
Index 24
Index 19
Index 28
Index 21
Index 13
Index 2
Index 16
Index 26
Index 16
Index 12
Index 54
Index 44
Index 54
Index 38
Index 48
Index 14
Index 29
Index 1
Index 30
Index 14
Index 3
Index 22
Index 16
Index 56
Index 29
Index 32
Index 26
Index 7
Index 45
Index 54
Index 24
Index 18
Index 42
Index 2
Index 21
Index 34
Index 10
Index 3
Index 4
Index 57
Index 19
Index 48
Index 18
Index 61
Index 21
Index 28
Index 59
Index 0
Index 42
Index 43
Index 0
Index 8
Index 31
Index 57
Index 60
Index 28
Index 5
Index 43
Index 35
Index 61
Index 7
Index 57
Index 28
Index 39
Index 58
Index 52
Index 38
Index 47
Index 34
Index 58
Index 48
Index 43
Index 48
Index 10
Index 20
Index 51
Index 12
Index 3
Index 36
Index 32
Index 20
Index 24
Index 54
Index 43
Index 61
Index 8
Index 47
Index 8
Index 41
Index 49
Index 28
Instructions Retired: 300005 Cycle: 130484 Hearbeat IPC: 2.442599 Cumulative IPC: 2.299171
Cycle: 130484	Best offset: 1	Score: 0	Hit Rate: 0.427051
Index 16
Index 58
Index 35
Index 52
Index 0
Index 50
Index 26
Index 58
Index 53
Index 47
Index 24
Index 25
Index 33
Index 47
Index 52
Index 57
Index 14
Index 52
Index 45
Index 55
Index 59
Index 12
Index 18
Index 42
Index 51
Index 51
Index 7
Index 50
Index 25
Index 41
Index 19
Index 23
Index 9
Index 15
Index 24
Index 23
Index 17
Index 59
Index 15
Index 21
Index 17
Index 42
Index 5
Index 9
Index 61
Index 5
Index 13
Index 50
Index 62
Index 57
Index 6
Index 18
Index 43
Index 5
Index 1
Index 50
Index 54
Index 58
Index 5
Index 0
Index 52
Index 22
Index 13
Index 46
Index 7
Index 46
Index 59
Index 46
Index 39
Index 57
Index 32
Index 0
Index 22
Index 25
Index 53
Index 8
Index 34
Index 22
Index 13
Index 10
Index 52
Index 16
Index 52
Index 26
Index 42
Index 0
Index 33
Index 22
Index 38
Index 28
Index 59
Index 24
Index 40
Index 37
Index 28
Index 44
Index 38
Index 25
Index 13
Index 41
Index 18
Index 35
Index 23
Index 37
Index 44
Index 60
Index 57
Index 39
Index 50
Index 15
Index 31
Index 20
Index 45
Index 34
Index 44
Index 15
Index 40
Index 58
Index 28
Index 16
Index 63
Index 53
Index 47
Index 8
Index 36
Index 43
Index 16
Index 45
Index 26
Index 17
Index 34
Index 58
Index 26
Index 63
Index 3
Index 20
Index 54
Index 42
Index 27
Index 25
Index 57
Index 56
Index 51
Index 33
Index 3
Index 50
Index 31
Index 61
Index 3
Index 41
Index 25
Index 35
Index 45
Index 19
Index 56
Index 38
Index 26
Index 10
Index 42
Index 53
Index 31
Index 60
Index 48
Index 53
Index 16
Index 43
Index 35
Index 34
Index 17
Index 42
Index 55
Index 49
Index 22
Index 37
Index 40
Index 26
Index 49
Index 26
Index 13
Index 57
Index 1
Index 32
Index 24
Index 8
Index 45
Index 50
Index 7
Index 30
Index 43
Index 58
Index 19
Index 32
Index 5
Index 3
Index 6
Index 40
Index 40
Index 1
Index 58
Index 4
Index 62
Index 43
Index 62
Index 39
Index 12
Index 5
Index 47
Index 28
Index 8
Index 39
Index 22
Index 40
Instructions Retired: 400001 Cycle: 169209 Hearbeat IPC: 2.582208 Cumulative IPC: 2.363946
Cycle: 169209	Best offset: 1	Score: 0	Hit Rate: 0.439902
Index 28
Index 23
Index 58
Index 25
Index 60
Index 36
Index 56
Index 45
Index 19
Index 3
Index 50
Index 3
Index 36
Index 27
Index 27
Index 49
Index 45
Index 10
Index 32
Index 23
Index 58
Index 26
Index 49
Index 9
Index 2
Index 62
Index 13
Index 6
Index 43
Index 0
Index 11
Index 24
Index 51
Index 6
Index 31
Index 20
Index 4
Index 15
Index 31
Index 23
Index 54
Index 7
Index 35
Index 60
Index 2
Index 37
Index 42
Index 15
Index 41
Index 41
Index 55
Index 48
Index 2
Index 14
Index 3
Index 62
Index 12
Index 62
Index 18
Index 1
Index 26
Index 3
Index 49
Index 20
Index 25
Index 38
Index 36
Index 16
Index 50
Index 15
Index 6
Index 36
Index 56
Index 24
Index 1
Index 32
Index 29
Index 0
Index 38
Index 47
Index 10
Index 47
Index 5
Index 10
Index 52
Index 50
Index 60
Index 24
Index 28
Index 50
Index 6
Index 4
Index 10
Index 20
Index 49
Index 33
Index 3
Index 46
Index 48
Index 42
Index 53
Index 46
Index 49
Index 31
Index 13
Index 38
Index 14
Index 47
Index 42
Index 21
Index 27
Index 21
Index 27
Index 19
Index 12
Index 18
Index 19
Index 56
Index 30
Index 61
Index 5
Index 34
Index 3
Index 15
Index 12
Index 17
Index 44
Index 0
Index 55
Index 14
Index 22
Index 23
Index 3
Index 20
Index 19
Index 27
Index 10
Index 23
Index 52
Index 60
Index 35
Index 50
Index 48
Index 27
Index 60
Index 15
Index 5
Index 19
Index 7
Index 6
Index 36
Index 39
Index 5
Index 30
Index 56
Index 50
Index 5
Index 1
Index 26
Index 2
Index 26
Index 42
Index 61
Index 51
Index 44
Index 37
Index 48
Index 59
Index 59
Index 1
Index 42
Index 54
Index 34
Index 21
Index 33
Index 1
Index 18
Index 34
Index 55
Index 44
Index 34
Index 30
Index 40
Index 21
Index 32
Index 40
Index 19
Index 24
Index 13
Index 55
Index 44
Index 61
Index 49
Index 4
Index 55
Index 59
Index 29
Index 14
Index 25
Index 28
Index 52
Index 43
Index 18
Index 35
Index 20
Index 35
Index 3
Index 35
Index 56
Index 3
Index 25
Index 14
Instructions Retired: 500004 Cycle: 207617 Hearbeat IPC: 2.603702 Cumulative IPC: 2.408300
Cycle: 207617	Best offset: 1	Score: 0	Hit Rate: 0.448071
Index 35
Index 2
Index 18
Index 3
Index 34
Index 60
Index 25
Index 27
Index 18
Index 44
Index 56
Index 53
Index 33
Index 33
Index 56
Index 63
Index 54
Index 53
Index 40
Index 13
Index 54
Index 62
Index 16
Index 18
Index 3
Index 49
Index 6
Index 19
Index 33
Index 4
Index 24
Index 35
Index 36
Index 30
Index 62
Index 42
Index 27
Index 12
Index 29
Index 11
Index 23
Index 5
Index 33
Index 43
Index 24
Index 24
Index 46
Index 33
Index 18
Index 35
Index 20
Index 21
Index 26
Index 8
Index 22
Index 10
Index 35
Index 33
Index 61
Index 28
Index 11
Index 10
Index 27
Index 53
Index 21
Index 23
Index 23
Index 1
Index 48
Index 27
Index 22
Index 23
Index 35
Index 34
Index 27
Index 56
Index 18
Index 62
Index 14
Index 43
Index 24
Index 45
Index 1
Index 15
Index 51
Index 34
Index 1
Index 45
Index 15
Index 63
Index 48
Index 35
Index 31
Index 27
Index 13
Index 46
Index 17
Index 46
Index 31
Index 30
Index 6
Index 17
Index 31
Index 26
Index 19
Index 31
Index 47
Index 1
Index 4
Index 29
Index 26
Index 50
Index 2
Index 25
Index 23
Index 35
Index 1
Index 54
Index 6
Index 18
Index 9
Index 1
Index 14
Index 6
Index 0
Index 25
Index 18
Index 33
Index 29
Index 33
Index 12
Index 26
Index 48
Index 10
Index 43
Index 31
Index 50
Index 29
Index 10
Index 24
Index 13
Index 63
Index 28
Index 63
Index 29
Index 19
Index 41
Index 3
Index 57
Index 17
Index 28
Index 28
Index 43
Index 13
Index 56
Index 55
Index 18
Index 60
Index 6
Index 8
Index 7
Index 43
Index 35
Index 34
Index 33
Index 25
Index 21
Index 21
Index 25
Index 17
Index 47
Index 59
Index 16
Index 34
Index 6
Index 13
Index 50
Index 11
Index 37
Index 57
Index 48
Index 8
Index 26
Index 48
Index 59
Index 37
Index 12
Index 32
Index 24
Index 13
Index 17
Index 30
Index 25
Index 56
Index 34
Index 0
Index 43
Index 48
Index 57
Index 58
Index 38
Index 24
Instructions Retired: 600003 Cycle: 245105 Hearbeat IPC: 2.667494 Cumulative IPC: 2.447943
Cycle: 245105	Best offset: 1	Score: 0	Hit Rate: 0.457746
Index 37
Index 15
Index 35
Index 26
Index 17
Index 8
Index 37
Index 2
Index 7
Index 15
Index 56
Index 22
Index 30
Index 6
Index 55
Index 40
Index 49
Index 28
Index 36
Index 58
Index 45
Index 57
Index 3
Index 35
Index 50
Index 18
Index 30
Index 28
Index 41
Index 44
Index 33
Index 44
Index 29
Index 57
Index 25
Index 19
Index 63
Index 8
Index 44
Index 7
Index 19
Index 3
Index 24
Index 38
Index 17
Index 29
Index 40
Index 21
Index 38
Index 4
Index 24
Index 34
Index 25
Index 33
Index 54
Index 38
Index 54
Index 18
Index 57
Index 19
Index 29
Index 30
Index 15
Index 48
Index 18
Index 49
Index 18
Index 6
Index 43
Index 54
Index 56
Index 14
Index 59
Index 51
Index 25
Index 59
Index 33
Index 37
Index 50
Index 45
Index 59
Index 16
Index 39
Index 2
Index 16
Index 50
Index 10
Index 38
Index 31
Index 4
Index 22
Index 29
Index 62
Index 25
Index 9
Index 38
Index 25
Index 27
Index 62
Index 37
Index 4
Index 4
Index 21
Index 4
Index 7
Index 48
Index 13
Index 34
Index 39
Index 6
Index 51
Index 44
Index 37
Index 18
Index 61
Index 24
Index 34
Index 40
Index 24
Index 15
Index 51
Index 29
Index 45
Index 28
Index 42
Index 45
Index 60
Index 56
Index 56
Index 45
Index 46
Index 4
Index 23
Index 41
Index 41
Index 50
Index 33
Index 61
Index 3
Index 33
Index 4
Index 58
Index 36
Index 6
Index 1
Index 54
Index 23
Index 7
Index 54
Index 28
Index 10
Index 60
Index 54
Index 47
Index 57
Index 43
Index 39
Index 14
Index 38
Index 14
Index 1
Index 28
Index 38
Index 49
Index 11
Index 8
Index 16
Index 39
Index 6
Index 14
Index 39
Index 63
Index 23
Index 62
Index 30
Index 24
Index 1
Index 20
Index 32
Index 36
Index 13
Index 25
Index 40
Index 21
Index 42
Index 53
Index 11
Index 60
Index 39
Index 12
Index 4
Index 6
Index 12
Index 58
Index 50
Index 39
Index 29
Index 56
Index 37
Index 36
Index 27
Index 46
Index 62
Index 8
Index 62
Index 15
Index 44
Index 56
Index 20
Index 1
Index 31
Index 14
Index 48
Instructions Retired: 700005 Cycle: 281498 Hearbeat IPC: 2.747836 Cumulative IPC: 2.486714
Cycle: 281498	Best offset: 1	Score: 0	Hit Rate: 0.464352
Index 8
Index 28
Index 63
Index 11
Index 63
Index 38
Index 49
Index 13
Index 34
Index 28
Index 4
Index 25
Index 24
Index 42
Index 54
Index 30
Index 2
Index 58
Index 51
Index 26
Index 50
Index 12
Index 46
Index 6
Index 46
Index 31
Index 23
Index 23
Index 13
Index 48
Index 54
Index 18
Index 52
Index 24
Index 52
Index 0
Index 55
Index 26
Index 39
Index 32
Index 39
Index 16
Index 13
Index 54
Index 17
Index 59
Index 14
Index 17
Index 10
Index 47
Index 22
Index 36
Index 18
Index 22
Index 54
Index 25
Index 46
Index 27
Index 56
Index 25
Index 4
Index 38
Index 13
Index 22
Index 17
Index 4
Index 13
Index 10
Index 39
Index 52
Index 19
Index 2
Index 28
Index 39
Index 50
Index 43
Index 2
Index 59
Index 15
Index 22
Index 29
Index 3
Index 30
Index 43
Index 20
Index 61
Index 46
Index 25
Index 46
Index 9
Index 61
Index 1
Index 1
Index 63
Index 18
Index 15
Index 5
Index 39
Index 52
Index 22
Index 4
Index 40
Index 35
Index 12
Index 50
Index 41
Index 26
Index 34
Index 47
Index 1
Index 49
Index 11
Index 47
Index 2
Index 41
Index 35
Index 7
Index 22
Index 16
Index 44
Index 14
Index 50
Index 24
Index 27
Index 52
Index 11
Index 2
Index 48
Index 34
Index 9
Index 14
Index 9
Index 40
Index 53
Index 22
Index 17
Index 34
Index 10
Index 46
Index 32
Index 4
Index 59
Index 39
Index 53
Index 16
Index 0
Index 17
Index 21
Index 61
Index 26
Index 14
Index 4
Index 27
Index 55
Index 53
Index 27
Index 4
Index 20
Index 22
Index 39
Index 57
Index 25
Index 25
Index 27
Index 8
Index 34
Index 2
Index 25
Index 3
Index 24
Index 23
Index 60
Index 17
Index 62
Index 2
Index 59
Index 15
Index 50
Index 54
Index 38
Index 13
Index 31
Index 24
Index 57
Index 9
Index 18
Index 40
Index 42
Index 56
Instructions Retired: 800004 Cycle: 319507 Hearbeat IPC: 2.630929 Cumulative IPC: 2.503870
Cycle: 319507	Best offset: 1	Score: 0	Hit Rate: 0.468702
Index 29
Index 16
Index 15
Index 43
Index 26
Index 35
Index 26
Index 44
Index 20
Index 61
Index 48
Index 3
Index 8
Index 60
Index 22
Index 25
Index 47
Index 32
Index 24
Index 12
Index 0
Index 33
Index 35
Index 30
Index 33
Index 24
Index 54
Index 12
Index 12
Index 27
Index 40
Index 37
Index 60
Index 40
Index 24
Index 0
Index 14
Index 59
Index 9
Index 49
Index 45
Index 23
Index 35
Index 50
Index 14
Index 49
Index 20
Index 34
Index 16
Index 25
Index 22
Index 47
Index 16
Index 30
Index 44
Index 53
Index 9
Index 63
Index 21
Index 28
Index 7
Index 22
Index 29
Index 12
Index 41
Index 26
Index 15
Index 20
Index 2
Index 47
Index 35
Index 60
Index 48
Index 30
Index 25
Index 25
Index 61
Index 60
Index 55
Index 18
Index 41
Index 19
Index 2
Index 39
Index 13
Index 42
Index 22
Index 15
Index 35
Index 45
Index 62
Index 26
Index 53
Index 25
Index 3
Index 40
Index 20
Index 11
Index 28
Index 41
Index 56
Index 10
Index 51
Index 22
Index 8
Index 8
Index 37
Index 29
Index 56
Index 41
Index 46
Index 28
Index 42
Index 46
Index 13
Index 34
Index 46
Index 41
Index 8
Index 30
Index 34
Index 29
Index 15
Index 24
Index 23
Index 32
Index 9
Index 44
Index 22
Index 21
Index 16
Index 27
Index 15
Index 33
Index 55
Index 15
Index 57
Index 47
Index 52
Index 1
Index 36
Index 25
Index 34
Index 9
Index 52
Index 11
Index 44
Index 50
Index 59
Index 62
Index 35
Index 26
Index 18
Index 61
Index 32
Index 7
Index 58
Index 16
Index 57
Index 36
Index 40
Index 61
Index 48
Index 20
Index 26
Index 33
Index 17
Index 19
Index 50
Index 53
Instructions Retired: 900001 Cycle: 358713 Hearbeat IPC: 2.550554 Cumulative IPC: 2.508972
Cycle: 358713	Best offset: 1	Score: 0	Hit Rate: 0.471497
Index 39
Index 25
Index 47
Index 34
Index 61
Index 55
Index 39
Index 40
Index 52
Index 26
Index 60
Index 46
Index 55
Index 55
Index 9
Index 53
Index 26
Index 63
Index 63
Index 30
Index 44
Index 30
Index 41
Index 22
Index 60
Index 39
Index 7
Index 29
Index 37
Index 5
Index 24
Index 0
Index 8
Index 30
Index 60
Index 46
Index 1
Index 14
Index 46
Index 6
Index 2
Index 34
Index 50
Index 16
Index 24
Index 21
Index 60
Index 10
Index 4
Index 14
Index 59
Index 14
Index 56
Index 27
Index 42
Index 43
Index 44
Index 0
Index 23
Index 63
Index 58
Index 28
Index 63
Index 12
Index 3
Index 34
Index 23
Index 4
Index 14
Index 6
Index 43
Index 26
Index 41
Index 34
Index 57
Index 7
Index 36
Index 32
Index 3
Index 18
Index 24
Index 10
Index 11
Index 23
Index 24
Index 9
Index 5
Index 17
Index 6
Index 22
Index 63
Index 18
Index 61
Index 52
Index 36
Index 32
Index 12
Index 43
Index 26
Index 8
Index 30
Index 49
Index 37
Index 40
Index 13
Index 9
Index 40
Index 23
Index 24
Index 23
Index 9
Index 63
Index 57
Index 63
Index 52
Index 7
Index 54
Index 44
Index 60
Index 26
Index 32
Index 36
Index 28
Index 53
Index 48
Index 11
Index 4
Index 7
Index 12
Index 52
Index 26
Index 12
Index 57
Index 31
Index 35
Index 36
Index 58
Index 51
Index 59
Index 25
Index 43
Index 3
Index 41
Index 36
Index 34
Index 55
Index 12
Index 53
Index 30
Index 53
Index 46
Index 22
Index 30
Index 9
Index 56
Index 24
Index 51
Index 49
Index 1
Index 43
Index 21
Index 63
Index 56
Index 8
Index 32
Index 19
Index 38
Index 26
Index 2
Index 61
Index 39
Index 5
Index 23
Index 51
Index 55
Index 52
Index 38
Index 26
Index 54
Index 28
Index 26
Index 22
Index 15
Index 12
Index 33
Instructions Retired: 1000000 Cycle: 397380 Hearbeat IPC: 2.586159 Cumulative IPC: 2.516483
Cycle: 397380	Best offset: 1	Score: 0	Hit Rate: 0.476818
Index 47
Index 31
Index 63
Index 26
Index 30
Index 39
Index 25
Index 17
Index 38
Index 1
Index 3
Index 17
Index 55
Index 45
Index 48
Index 43
Index 4
Index 16
Index 4
Index 46
Index 39
Index 16
Index 52
Index 44
Index 39
Index 44
Index 32
Index 14
Index 32
Index 14
Index 7
Index 26
Index 17
Index 61
Index 2
Index 37
Index 9
Index 19
Index 13
Index 26
Index 14
Index 27
Index 17
Index 3
Index 19
Index 11
Index 53
Index 58
Index 52
Index 14
Index 14
Index 20
Index 16
Index 38
Index 14
Index 57
Index 25
Index 62
Index 20
Index 53
Index 23
Index 45
Index 60
Index 4
Index 57
Index 6
Index 59
Index 15
Index 56
Index 37
Index 1
Index 27
Index 10
Index 34
Index 11
Index 6
Index 45
Index 56
Index 4
Index 21
Index 30
Index 19
Index 39
Index 55
Offset switch to: 22	With score: 1
Index 43
Index 25
Index 12
Index 48
Index 21
Index 20
Index 7
Index 59
Index 2
Index 0
Index 1
Index 59
Index 20
Index 36
Index 22
Index 44
Index 13
Index 20
Index 32
Index 23
Index 53
Index 43
Index 0
Index 61
Index 9
Index 56
Index 5
Index 42
Index 30
Index 34
Index 22
Index 60
Index 33
Index 25
Index 48
Index 5
Index 17
Index 6
Index 51
Index 40
Index 57
Index 34
Index 34
Index 54
Index 12
Index 47
Index 14
Index 26
Index 61
Index 22
Index 24
Index 40
Index 1
Index 46
Index 10
Index 2
Index 11
Index 8
Index 37
Index 15
Index 3
Index 3
Index 53
Index 16
Offset switch to: 72	With score: 1
Index 4
Index 35
Index 54
Index 11
Index 14
Index 11
Index 18
Index 39
Index 11
Index 44
Index 24
Index 46
Index 51
Index 60
Index 14
Index 40
Index 21
Index 14
Index 24
Index 43
Index 13
Index 1
Index 32
Index 28
Index 32
Index 1
Index 9
Index 4
Index 20
Index 18
Offset switch to: 119	With score: 1
Index 45
Index 25
Index 25
Index 2
Index 28
Index 50
Index 56
Index 54
Index 57
Index 12
Index 5
Index 45
Index 50
Index 11
Index 17
Index 21
Index 62
Index 62
Index 0
Index 32
Index 22
Index 22
Index 17
Index 9
Index 47
Index 30
Index 54
Index 18
Index 15
Index 4
Index 23
Index 33
Index 5
Index 61
Index 30
Index 44
Offset switch to: 44	With score: 1
Index 50
Instructions Retired: 1100005 Cycle: 463502 Hearbeat IPC: 1.512432 Cumulative IPC: 2.373248
Cycle: 463502	Best offset: 44	Score: 1	Hit Rate: 0.452632
Index 43
Index 19
Index 37
Index 28
Index 0
Index 25
Index 55
Index 35
Index 20
Index 58
Index 54
Index 21
Index 19
Index 3
Index 18
Index 54
Index 29
Index 3
Index 62
Index 45
Index 6
Index 13
Index 43
Index 17
Index 23
Index 59
Index 59
Index 25
Index 10
Index 55
Index 48
Index 23
Index 56
Index 14
Index 18
Index 18
Index 59
Index 54
Index 12
Index 52
Index 47
Index 23
Index 35
Index 30
Index 53
Index 11
Index 50
Index 53
Index 12
Index 49
Index 20
Index 22
Index 33
Index 14
Index 25
Index 15
Index 16
Index 50
Index 20
Index 40
Index 46
Index 45
Index 57
Index 3
Index 9
Index 46
Index 16
Index 31
Index 34
Index 25
Index 57
Index 33
Index 37
Index 59
Index 17
Index 46
Index 48
Index 34
Index 19
Index 38
Index 3
Index 29
Index 11
Index 3
Index 14
Index 40
Index 22
Index 6
Index 17
Index 10
Index 26
Index 8
Index 7
Index 5
Index 57
Index 58
Index 25
Index 54
Index 11
Index 19
Index 47
Index 61
Index 49
Index 12
Index 39
Index 59
Index 0
Index 38
Index 0
Index 6
Index 43
Index 37
Index 62
Index 29
Index 24
Index 14
Index 0
Index 20
Index 35
Index 19
Index 38
Index 23
Index 57
Index 33
Index 46
Index 53
Index 28
Index 9
Index 6
Index 11
Offset switch to: 95	With score: 1
Index 24
Index 34
Index 23
Index 17
Index 34
Index 27
Index 61
Index 8
Index 5
Index 62
Index 59
Index 48
Index 55
Index 32
Index 17
Index 35
Index 0
Index 63
Index 2
Index 3
Index 28
Index 18
Index 7
Index 5
Index 5
Index 12
Index 8
Index 26
Index 15
Index 32
Index 0
Index 51
Index 51
Index 17
Index 63
Index 12
Index 49
Index 53
Index 25
Index 31
Index 9
Index 38
Index 17
Index 15
Index 11
Index 58
Index 3
Index 44
Index 59
Index 52
Index 29
Index 46
Index 9
Index 45
Instructions Retired: 1200002 Cycle: 540235 Hearbeat IPC: 1.303181 Cumulative IPC: 2.221259
Cycle: 540235	Best offset: 95	Score: 0	Hit Rate: 0.431202
Index 46
Index 14
Index 39
Index 20
Index 39
Index 50
Index 5
Offset switch to: 68	With score: 1
Index 33
Index 7
Index 12
Index 5
Index 19
Index 47
Index 26
Index 5
Index 7
Index 33
Index 19
Index 27
Index 50
Index 56
Index 23
Index 16
Index 49
Index 63
Index 30
Index 37
Index 7
Index 19
Index 48
Index 4
Index 35
Index 62
Index 15
Index 42
Index 16
Index 13
Index 11
Index 23
Index 18
Index 23
Index 7
Index 60
Index 29
Index 46
Index 39
Index 45
Index 62
Index 39
Index 29
Index 17
Index 40
Index 42
Index 36
Index 38
Index 29
Index 37
Index 62
Index 60
Index 50
Index 28
Index 18
Index 0
Index 14
Index 25
Index 43
Index 26
Index 3
Index 19
Index 38
Index 5
Index 49
Index 45
Index 62
Index 33
Index 26
Index 54
Index 6
Index 19
Index 40
Index 24
Index 31
Index 19
Index 4
Index 51
Index 53
Offset switch to: 93	With score: 1
Index 1
Index 54
Index 24
Index 20
Index 54
Index 25
Index 39
Index 20
Index 57
Index 42
Index 40
Index 50
Index 13
Index 7
Index 54
Index 9
Index 7
Index 6
Index 29
Index 22
Index 57
Index 53
Index 3
Index 8
Index 2
Index 55
Index 23
Index 20
Index 27
Index 10
Index 45
Index 10
Index 49
Index 23
Index 5
Index 60
Index 23
Index 61
Index 63
Index 54
Index 57
Index 13
Index 47
Index 54
Index 11
Index 20
Index 33
Index 3
Index 8
Index 43
Index 45
Index 36
Index 51
Index 58
Index 59
Index 13
Index 59
Index 44
Index 34
Index 44
Index 42
Index 33
Index 26
Index 53
Index 31
Index 17
Index 34
Index 63
Index 42
Index 53
Index 22
Index 25
Index 63
Index 56
Index 17
Index 12
Index 39
Index 33
Index 60
Index 50
Index 15
Index 21
Index 3
Index 27
Index 28
Index 14
Index 6
Index 33
Index 25
Index 50
Index 48
Index 38
Index 14
Index 26
Index 61
Index 16
Index 46
Index 42
Index 9
Index 14
Index 5
Index 32
Index 27
Index 61
Index 54
Index 46
Index 1
Index 44
Index 37
Index 53
Index 33
Index 50
Index 12
Index 34
Index 17
Index 6
Index 49
Index 22
Index 25
Index 1
Index 2
Instructions Retired: 1300002 Cycle: 627639 Hearbeat IPC: 1.144112 Cumulative IPC: 2.071258
Cycle: 627639	Best offset: 93	Score: 0	Hit Rate: 0.401810
Index 6
Index 25
Index 61
Index 55
Index 27
Index 42
Index 9
Index 60
Index 52
Index 28
Index 60
Index 14
Index 4
Index 6
Index 9
Index 17
Index 38
Index 26
Index 55
Index 38
Index 30
Index 48
Index 10
Index 24
Index 8
Index 23
Index 31
Index 46
Index 35
Index 50
Index 30
Index 40
Index 57
Index 22
Index 47
Index 15
Index 33
Index 28
Index 35
Index 52
Index 60
Index 10
Index 37
Index 14
Index 4
Index 43
Index 0
Index 0
Index 38
Index 42
Index 14
Index 38
Index 38
Index 15
Index 42
Index 8
Index 17
Index 51
Index 27
Index 15
Index 26
Index 28
Index 56
Index 25
Index 63
Index 56
Index 62
Index 16
Index 31
Index 16
Index 44
Index 19
Index 62
Index 34
Index 2
Index 54
Index 23
Index 3
Index 3
Index 20
Index 27
Index 27
Index 24
Index 3
Index 37
Index 6
Index 55
Index 54
Index 7
Index 22
Index 1
Index 61
Index 43
Index 5
Index 40
Index 51
Index 29
Index 60
Index 22
Index 39
Index 14
Index 56
Index 7
Index 23
Index 8
Index 33
Index 34
Index 15
Index 60
Index 12
Index 27
Index 22
Index 1
Index 56
Index 31
Index 37
Index 19
Index 59
Index 11
Index 51
Index 4
Index 11
Index 20
Index 48
Index 39
Index 25
Index 44
Index 33
Index 51
Index 5
Index 43
Index 55
Index 27
Index 49
Index 38
Index 2
Index 35
Index 25
Index 53
Index 49
Index 61
Index 31
Index 27
Index 16
Index 11
Index 54
Index 20
Index 44
Index 10
Index 22
Index 47
Index 18
Index 1
Index 58
Index 2
Index 11
Index 30
Index 59
Index 15
Index 35
Index 25
Index 17
Index 31
Index 43
Index 63
Index 1
Index 63
Index 24
Index 59
Index 42
Index 16
Index 26
Index 46
Index 13
Index 2
Index 14
Index 13
Index 41
Index 14
Index 8
Index 46
Index 50
Index 54
Index 35
Index 21
Index 14
Index 3
Index 28
Index 61
Index 7
Index 53
Index 19
Index 35
Index 25
Index 31
Index 37
Index 29
Index 0
Index 0
Index 11
Index 47
Index 59
Index 33
Index 6
Index 58
Index 59
Index 34
Index 42
Index 19
Index 46
Instructions Retired: 1400005 Cycle: 722292 Hearbeat IPC: 1.056522 Cumulative IPC: 1.938281
Cycle: 722292	Best offset: 93	Score: 0	Hit Rate: 0.378446
Index 11
Index 6
Index 37
Index 23
Index 3
Index 47
Index 61
Index 25
Index 21
Index 13
Index 2
Index 59
Index 27
Index 36
Index 37
Index 47
Index 8
Index 32
Index 15
Index 28
Index 60
Index 16
Index 18
Index 3
Index 28
Index 12
Index 0
Index 21
Index 60
Index 62
Index 55
Index 46
Index 48
Index 43
Index 48
Index 7
Index 42
Index 2
Index 23
Index 8
Index 27
Index 57
Index 23
Index 13
Index 57
Index 44
Index 61
Index 23
Index 32
Index 53
Index 33
Index 35
Index 33
Index 15
Index 48
Index 15
Index 55
Index 44
Index 15
Index 46
Index 27
Index 19
Index 3
Index 36
Index 9
Index 39
Index 11
Index 40
Index 58
Index 56
Index 26
Index 21
Index 33
Index 22
Index 2
Index 25
Index 16
Index 61
Index 35
Index 36
Index 35
Index 38
Index 43
Index 22
Index 17
Index 33
Index 54
Index 3
Index 55
Index 24
Index 2
Index 10
Index 21
Index 4
Index 36
Index 47
Index 60
Index 58
Index 30
Index 17
Index 11
Index 21
Index 63
Index 12
Index 46
Index 5
Index 30
Index 30
Index 46
Index 43
Index 59
Index 55
Index 20
Index 22
Index 33
Index 54
Index 43
Index 58
Index 41
Index 4
Index 25
Index 57
Index 34
Index 15
Index 31
Index 45
Index 49
Index 21
Index 45
Index 12
Index 38
Index 23
Index 60
Index 48
Index 22
Index 27
Index 56
Index 28
Index 57
Index 23
Index 19
Index 31
Index 23
Index 45
Index 20
Index 30
Index 10
Index 15
Index 15
Index 44
Index 25
Index 63
Index 8
Index 27
Index 56
Index 45
Index 0
Index 24
Index 53
Index 3
Index 30
Index 33
Index 46
Index 6
Index 14
Index 63
Index 38
Index 16
Index 3
Index 61
Index 10
Index 32
Index 50
Index 15
Index 45
Index 57
Index 4
Instructions Retired: 1500002 Cycle: 818124 Hearbeat IPC: 1.043461 Cumulative IPC: 1.833465
Cycle: 818124	Best offset: 93	Score: 0	Hit Rate: 0.354369
Index 42
Index 57
Index 15
Index 17
Index 49
Index 32
Index 6
Index 19
Index 17
Index 41
Index 9
Index 17
Index 35
Index 28
Index 0
Index 2
Index 50
Index 3
Index 54
Index 61
Index 38
Index 34
Index 42
Index 41
Index 24
Index 60
Index 52
Index 49
Index 43
Index 51
Index 6
Index 25
Index 55
Index 16
Index 30
Index 21
Index 27
Index 49
Index 46
Index 60
Index 47
Index 44
Index 23
Index 5
Index 59
Index 54
Index 26
Index 8
Index 30
Index 60
Index 61
Index 11
Index 23
Index 14
Index 27
Index 12
Index 57
Index 5
Index 0
Index 19
Index 25
Index 32
Index 60
Index 5
Index 52
Index 61
Index 46
Index 14
Index 1
Index 22
Index 8
Index 61
Index 17
Index 0
Index 23
Index 56
Index 46
Index 13
Index 17
Index 43
Index 24
Index 35
Index 25
Index 2
Index 18
Index 15
Index 35
Index 13
Index 21
Index 39
Index 6
Index 12
Index 45
Index 39
Index 49
Index 20
Index 39
Index 17
Index 12
Index 38
Index 45
Index 26
Index 12
Index 33
Index 20
Index 57
Index 34
Index 21
Index 10
Index 52
Index 22
Index 24
Index 1
Index 55
Index 26
Index 40
Index 62
Index 17
Index 16
Index 26
Index 7
Index 6
Index 21
Index 30
Index 12
Index 46
Index 61
Index 30
Index 32
Index 5
Index 19
Index 27
Index 45
Index 57
Index 24
Index 2
Index 32
Index 58
Index 52
Index 45
Index 23
Index 49
Index 56
Index 13
Index 14
Index 46
Index 0
Index 52
Index 55
Index 14
Index 4
Index 19
Index 17
Index 61
Index 61
Index 3
Index 40
Index 22
Index 60
Index 9
Index 18
Index 58
Instructions Retired: 1600004 Cycle: 908438 Hearbeat IPC: 1.107270 Cumulative IPC: 1.761269
Cycle: 908438	Best offset: 93	Score: 0	Hit Rate: 0.333155
Index 8
Index 57
Index 59
Index 0
Index 20
Index 50
Index 47
Index 56
Index 62
Index 53
Index 47
Index 2
Index 19
Index 35
Index 19
Index 39
Index 27
Index 6
Index 25
Index 15
Index 8
Index 59
Index 58
Index 10
Index 44
Index 17
Index 6
Index 31
Index 36
Index 52
Index 5
Index 41
Index 39
Index 41
Index 9
Index 50
Index 37
Index 63
Index 43
Index 36
Index 20
Index 20
Index 39
Index 13
Index 35
Index 0
Index 19
Index 40
Index 13
Index 44
Index 32
Index 2
Index 22
Index 30
Index 2
Index 11
Index 4
Index 29
Index 18
Index 28
Index 26
Index 57
Index 0
Index 22
Index 48
Index 35
Index 63
Index 15
Index 32
Index 31
Index 59
Index 4
Index 26
Index 37
Index 52
Index 2
Index 39
Index 47
Index 32
Index 4
Index 33
Index 45
Index 13
Index 24
Index 63
Index 60
Index 9
Index 55
Index 42
Index 38
Index 44
Index 17
Index 21
Index 43
Index 45
Index 24
Index 59
Index 4
Index 5
Index 25
Index 5
Index 50
Index 40
Index 44
Index 2
Index 1
Index 31
Index 27
Index 38
Index 7
Index 53
Index 14
Index 29
Index 15
Index 8
Index 16
Index 50
Index 50
Index 9
Index 44
Index 26
Index 27
Index 23
Index 15
Index 20
Index 5
Index 45
Index 0
Index 9
Index 30
Index 60
Index 45
Index 42
Index 45
Index 60
Index 41
Index 27
Index 25
Index 8
Index 3
Index 59
Index 1
Index 53
Index 45
Index 45
Index 62
Index 7
Index 26
Index 63
Index 20
Index 15
Index 48
Index 12
Index 46
Index 29
Index 26
Index 17
Index 26
Index 27
Index 14
Index 22
Index 30
Index 33
Index 50
Index 24
Index 50
Index 45
Index 32
Index 59
Index 48
Index 34
Index 32
Index 53
Index 0
Index 39
Index 19
Index 38
Index 32
Index 50
Instructions Retired: 1700005 Cycle: 1005787 Hearbeat IPC: 1.027242 Cumulative IPC: 1.690224
Cycle: 1005787	Best offset: 93	Score: 0	Hit Rate: 0.314385
Index 18
Index 24
Index 39
Index 57
Index 1
Index 15
Index 36
Index 40
Index 5
Index 47
Index 57
Index 7
Index 7
Index 46
Index 55
Index 27
Index 1
Index 45
Index 41
Index 24
Index 60
Index 13
Index 24
Index 8
Index 52
Index 5
Index 37
Index 25
Index 19
Index 57
Index 21
Index 62
Index 28
Index 15
Index 56
Index 42
Index 29
Index 28
Index 12
Index 4
Index 35
Index 14
Index 14
Index 40
Index 26
Index 56
Index 33
Index 19
Index 56
Index 23
Index 57
Index 40
Index 59
Index 29
Index 58
Index 17
Index 6
Index 49
Index 24
Index 59
Index 45
Index 25
Index 42
Index 34
Index 19
Index 6
Index 27
Index 15
Index 4
Index 63
Index 37
Index 47
Index 28
Index 54
Index 59
Index 59
Index 15
Index 49
Index 45
Index 26
Index 57
Index 38
Index 31
Index 6
Index 37
Index 23
Index 19
Index 60
Index 52
Index 45
Index 6
Index 43
Index 52
Index 43
Index 11
Index 29
Index 56
Index 25
Index 49
Index 20
Index 11
Index 42
Index 1
Index 10
Index 30
Index 31
Index 57
Index 1
Index 59
Index 40
Index 63
Index 33
Index 14
Index 61
Index 31
Index 14
Index 6
Index 43
Index 30
Index 50
Index 50
Index 2
Index 52
Index 39
Index 41
Index 30
Index 56
Index 5
Index 29
Index 28
Index 58
Index 31
Index 17
Index 63
Index 18
Index 54
Index 1
Index 63
Index 34
Index 24
Index 14
Index 16
Index 41
Index 43
Index 4
Index 8
Index 28
Index 57
Index 11
Index 23
Index 17
Index 56
Index 29
Index 36
Index 4
Index 44
Index 8
Index 26
Index 26
Index 58
Index 10
Index 45
Index 26
Index 56
Index 28
Index 22
Index 58
Index 43
Index 30
Index 61
Index 8
Instructions Retired: 1800001 Cycle: 1108015 Hearbeat IPC: 0.978166 Cumulative IPC: 1.624528
Cycle: 1108015	Best offset: 93	Score: 0	Hit Rate: 0.297617
Index 14
Index 6
Index 41
Index 19
Index 16
Index 30
Index 27
Index 11
Index 60
Index 9
Index 28
Index 36
Index 56
Index 57
Index 59
Index 25
Index 54
Index 43
Index 36
Index 25
Index 28
Index 19
Index 7
Index 13
Index 11
Index 25
Index 28
Index 10
Index 17
Index 3
Index 54
Index 24
Index 44
Index 57
Index 13
Index 45
Index 52
Index 25
Index 4
Index 26
Index 59
Index 15
Index 40
Index 9
Index 7
Index 61
Index 24
Index 19
Index 26
Index 5
Index 54
Index 6
Index 58
Index 24
Index 50
Index 43
Index 27
Index 26
Index 1
Index 7
Index 2
Index 27
Index 15
Index 24
Index 48
Index 44
Index 24
Index 29
Index 55
Index 35
Index 60
Index 41
Index 40
Index 63
Index 44
Index 33
Index 33
Index 28
Index 46
Index 26
Index 15
Index 63
Index 19
Index 7
Index 50
Index 4
Index 6
Index 8
Index 32
Index 44
Index 44
Index 25
Index 34
Index 9
Index 27
Index 56
Index 54
Index 30
Index 45
Index 55
Index 24
Index 59
Index 4
Index 56
Index 61
Index 61
Index 58
Index 13
Index 47
Index 7
Index 12
Index 23
Index 24
Index 20
Index 60
Index 31
Index 45
Index 5
Index 45
Index 30
Index 19
Index 33
Index 13
Index 35
Index 58
Index 44
Index 12
Index 36
Index 50
Index 56
Index 62
Index 16
Index 34
Index 16
Index 14
Index 26
Index 56
Index 19
Index 45
Index 54
Index 58
Index 40
Index 11
Index 20
Index 33
Index 16
Index 5
Index 2
Index 47
Index 42
Index 63
Index 22
Index 59
Index 0
Index 38
Index 13
Index 22
Index 30
Index 38
Index 13
Index 34
Index 5
Index 58
Index 1
Index 60
Index 3
Index 21
Index 17
Index 9
Index 25
Index 57
Index 9
Index 53
Index 38
Index 35
Index 29
Index 2
Index 30
Index 43
Instructions Retired: 1900003 Cycle: 1205365 Hearbeat IPC: 1.027242 Cumulative IPC: 1.576288
Cycle: 1205365	Best offset: 93	Score: 0	Hit Rate: 0.282560
Index 12
Index 58
Index 42
Index 60
Index 58
Index 19
Index 22
Index 23
Index 28
Index 12
Index 50
Index 50
Index 53
Index 21
Index 0
Index 33
Index 47
Index 27
Index 31
Index 3
Index 16
Index 8
Index 11
Index 22
Index 63
Index 57
Index 17
Index 2
Index 54
Index 44
Index 26
Index 26
Index 43
Index 5
Index 63
Index 41
Index 45
Index 38
Index 6
Index 27
Index 48
Index 33
Index 21
Index 4
Index 14
Index 17
Index 20
Index 15
Index 34
Index 40
Index 25
Index 7
Index 7
Index 23
Index 13
Index 34
Index 2
Index 59
Index 34
Index 40
Index 60
Index 29
Index 43
Index 24
Index 27
Index 59
Index 53
Index 11
Index 56
Index 49
Index 53
Index 15
Index 48
Index 52
Index 1
Index 39
Index 15
Index 16
Index 0
Index 14
Index 27
Index 7
Index 36
Index 11
Index 42
Index 34
Index 10
Index 58
Index 31
Index 49
Index 0
Index 46
Index 50
Index 16
Index 40
Index 17
Index 22
Index 46
Index 13
Index 1
Index 22
Index 17
Index 46
Index 60
Index 26
Index 55
Index 7
Index 15
Index 59
Index 59
Index 0
Index 42
Index 47
Index 5
Index 55
Index 31
Index 35
Index 1
Index 18
Index 62
Index 41
Index 31
Index 19
Index 5
Index 32
Index 62
Index 3
Index 55
Index 59
Index 3
Index 15
Index 28
Index 31
Index 43
Index 15
Index 14
Index 63
Index 35
Index 23
Index 23
Index 33
Index 29
Index 22
Index 55
Index 56
Index 2
Index 8
Index 60
Index 48
Index 41
Index 17
Index 40
Index 56
Index 57
Index 57
Index 41
Index 24
Index 8
Index 17
Index 10
Index 20
Index 17
Index 60
Index 59
Index 35
Index 24
Index 1
Index 12
Index 49
Index 47
Index 53
Index 16
Index 25
Index 6
Index 49
Index 15
Index 52
Index 21
Index 4
Index 41
Index 2
Index 4
Index 24
Index 5
Index 1
Index 35
Index 8
Index 7
Index 59
Index 51
Index 4
Index 0
Index 41
Index 37
Index 1
Index 31
Index 22
Index 15
Index 3
Index 56
Index 37
Index 42
Index 62
Index 10
Index 9
Index 22
Index 30
Index 48
Instructions Retired: 2000002 Cycle: 1303446 Hearbeat IPC: 1.019555 Cumulative IPC: 1.534396
Cycle: 1303446	Best offset: 93	Score: 0	Hit Rate: 0.268838
Index 24
Index 61
Index 61
Index 9
Index 41
Index 15
Index 30
Index 15
Index 42
Index 29
Index 55
Index 44
Index 54
Index 2
Index 49
Index 33
Index 6
Index 52
Index 57
Index 49
Index 29
Index 34
Index 23
Index 48
Index 24
Index 43
Index 24
Index 44
Index 57
Index 59
Index 47
Index 38
Index 9
Index 23
Index 63
Index 15
Index 11
Index 22
Index 4
Index 25
Index 4
Index 48
Index 17
Index 25
Index 33
Index 56
Index 60
Index 6
Index 49
Index 44
Index 59
Index 44
Index 31
Index 48
Index 0
Index 30
Index 2
Index 13
Index 38
Index 0
Index 51
Index 11
Index 49
Index 61
Index 46
Index 58
Index 26
Index 55
Index 19
Index 62
Index 0
Index 39
Index 49
Index 8
Index 28
Index 30
Index 29
Index 10
Index 53
Index 57
Index 1
Index 52
Index 9
Index 13
Index 63
Index 13
Index 20
Index 6
Index 22
Index 2
Index 42
Index 1
Index 57
Index 11
Index 1
Index 20
Index 51
Index 13
Index 47
Index 29
Index 47
Index 2
Index 53
Index 18
Index 36
Index 56
Index 2
Index 41
Index 26
Index 24
Index 40
Index 51
Index 55
Index 55
Index 50
Index 25
Index 34
Index 58
Index 25
Index 47
Index 45
Index 45
Index 41
Index 27
Index 15
Index 34
Index 29
Index 59
Index 35
Index 28
Index 25
Index 44
Index 33
Index 3
Index 16
Index 57
Index 54
Index 54
Index 33
Index 22
Index 39
Index 31
Index 36
Index 2
Index 63
Index 2
Index 45
Index 46
Index 23
Index 13
Index 63
Index 56
Index 15
Index 1
Index 5
Index 42
Index 39
Index 33
Index 12
Index 54
Index 57
Index 23
Index 38
Index 22
Index 20
Index 7
Index 7
Index 35
Index 62
Index 34
Index 26
Index 53
Index 3
Index 6
Index 19
Index 40
Index 50
Index 36
Index 46
Index 61
Index 27
Index 39
Index 48
Index 33
Index 18
Index 29
Index 16
Index 14
Index 19
Instructions Retired: 2100001 Cycle: 1405475 Hearbeat IPC: 0.980104 Cumulative IPC: 1.494157
Cycle: 1405475	Best offset: 93	Score: 0	Hit Rate: 0.256523
Index 59
Index 25
Index 38
Index 7
Index 25
Index 35
Index 58
Index 0
Index 60
Index 56
Index 48
Index 12
Index 53
Index 32
Index 13
Index 1
Index 56
Index 3
Index 43
Index 37
Index 33
Index 51
Index 27
Index 14
Index 30
Index 25
Index 5
Index 4
Index 26
Index 48
Index 10
Index 22
Index 12
Index 56
Index 2
Index 51
Index 32
Index 34
Index 28
Index 44
Index 1
Index 54
Index 46
Index 32
Index 36
Index 5
Index 27
Index 5
Index 4
Index 0
Index 47
Index 15
Index 8
Index 5
Index 44
Index 8
Index 22
Index 16
Index 45
Index 12
Index 36
Index 62
Index 38
Index 34
Index 14
Index 15
Index 48
Index 18
Index 41
Index 46
Index 16
Index 49
Index 59
Index 14
Index 35
Index 34
Index 63
Index 3
Index 29
Index 16
Index 49
Index 61
Index 39
Index 34
Index 62
Index 60
Index 28
Index 16
Index 4
Index 50
Index 55
Index 9
Index 62
Index 37
Index 37
Index 31
Index 21
Index 1
Index 61
Index 28
Index 41
Index 24
Index 27
Index 52
Index 3
Index 16
Index 49
Index 25
Index 20
Index 21
Index 40
Index 25
Index 7
Index 34
Index 12
Index 20
Index 2
Index 12
Index 58
Index 24
Index 55
Index 18
Index 24
Index 52
Index 9
Index 53
Index 61
Index 5
Index 1
Index 40
Index 51
Index 0
Index 48
Index 30
Index 29
Index 4
Index 28
Index 56
Index 29
Index 21
Index 29
Index 50
Index 50
Index 44
Index 33
Index 35
Index 26
Index 11
Index 6
Index 54
Index 41
Index 3
Index 40
Index 30
Index 38
Index 4
Index 4
Index 51
Index 1
Index 17
Index 18
Index 25
Index 49
Index 22
Index 32
Index 18
Index 16
Index 38
Index 25
Index 41
Index 8
Index 21
Index 60
Index 55
Index 55
Index 17
Index 32
Index 34
Index 27
Index 22
Index 7
Index 34
Index 32
Index 15
Index 45
Index 6
Index 62
Index 22
Index 61
Index 50
Index 35
Index 43
Index 23
Index 30
Index 32
Index 47
Index 8
Index 44
Index 16
Index 48
Index 49
Index 16
Index 26
Index 35
Index 61
Index 21
Index 25
Index 42
Index 17
Index 52
Index 30
Index 43
Index 32
Index 16
Index 62
Index 26
Index 0
Index 42
Index 19
Instructions Retired: 2200003 Cycle: 1507690 Hearbeat IPC: 0.978350 Cumulative IPC: 1.459188
Cycle: 1507690	Best offset: 93	Score: 0	Hit Rate: 0.245230
Index 44
Index 40
Index 30
Index 22
Index 3
Index 28
Index 0
Index 41
Index 56
Index 8
Index 27
Index 55
Index 58
Index 18
Index 35
Index 58
Index 19
Index 27
Index 60
Index 58
Index 38
Index 33
Index 19
Index 45
Index 62
Index 43
Index 63
Index 11
Index 17
Index 35
Index 2
Index 27
Index 28
Index 32
Index 11
Index 19
Index 56
Index 2
Index 54
Index 45
Index 20
Index 44
Index 26
Index 53
Index 13
Index 61
Index 32
Index 39
Index 21
Index 17
Index 23
Index 48
Index 23
Index 7
Index 24
Index 34
Index 27
Index 11
Index 49
Index 6
Index 57
Index 54
Index 18
Index 50
Index 45
Index 25
Index 20
Index 34
Index 59
Index 54
Index 33
Index 8
Index 5
Index 29
Index 21
Index 48
Index 46
Index 7
Index 27
Index 23
Index 33
Index 43
Index 3
Index 46
Index 26
Index 38
Index 2
Index 35
Index 59
Index 47
Index 25
Index 36
Index 29
Index 47
Index 31
Index 16
Index 9
Index 25
Index 20
Index 0
Index 5
Index 47
Index 30
Index 2
Index 48
Index 39
Index 33
Index 41
Index 16
Index 5
Index 15
Index 28
Index 5
Index 61
Index 59
Index 28
Index 10
Index 9
Index 53
Index 17
Index 34
Index 0
Index 56
Index 56
Index 6
Index 8
Index 5
Index 19
Index 55
Index 42
Index 4
Index 37
Index 24
Index 50
Index 7
Index 42
Index 30
Index 63
Index 55
Index 11
Index 1
Index 17
Index 62
Index 44
Index 51
Index 14
Index 32
Index 48
Index 10
Index 31
Index 22
Index 10
Index 33
Index 10
Index 46
Index 26
Index 41
Index 37
Index 58
Index 3
Index 39
Index 28
Index 3
Index 15
Index 29
Index 43
Index 15
Index 44
Index 48
Index 48
Index 14
Index 15
Index 11
Index 42
Index 48
Index 22
Index 63
Index 33
Index 50
Index 52
Index 56
Index 12
Index 35
Index 41
Index 2
Index 15
Index 44
Index 8
Index 37
Index 33
Index 42
Index 3
Index 10
Index 10
Index 25
Index 41
Index 29
Index 17
Index 41
Index 29
Index 46
Index 22
Index 6
Index 46
Index 40
Index 13
Index 17
Instructions Retired: 2300001 Cycle: 1608077 Hearbeat IPC: 0.996125 Cumulative IPC: 1.430280
Cycle: 1608077	Best offset: 93	Score: 0	Hit Rate: 0.234862
Index 54
Index 14
Index 32
Index 39
Index 57
Index 20
Index 33
Index 61
Index 5
Index 5
Index 13
Index 41
Index 4
Index 2
Index 21
Index 25
Index 7
Index 2
Index 29
Index 17
Index 54
Index 28
Index 59
Index 15
Index 61
Index 13
Index 11
Index 46
Index 8
Index 62
Index 13
Index 46
Index 50
Index 55
Index 9
Index 46
Index 40
Index 30
Index 5
Index 49
Index 17
Index 35
Index 19
Index 24
Index 5
Index 10
Index 3
Index 53
Index 24
Index 46
Index 22
Index 30
Index 19
Index 32
Index 45
Index 17
Index 32
Index 39
Index 9
Index 21
Index 21
Index 37
Index 55
Index 52
Index 25
Index 52
Index 35
Index 36
Index 22
Index 4
Index 45
Index 60
Index 40
Index 12
Index 21
Index 14
Index 12
Index 49
Index 40
Index 28
Index 63
Index 51
Index 27
Index 34
Index 45
Index 16
Index 14
Index 27
Index 55
Index 9
Index 2
Index 28
Index 48
Index 25
Index 51
Index 57
Index 6
Index 25
Index 7
Index 3
Index 12
Index 57
Index 15
Index 6
Index 39
Index 5
Index 32
Index 13
Index 38
Index 42
Index 2
Index 25
Index 11
Index 28
Index 42
Index 56
Index 55
Index 62
Index 55
Index 18
Index 8
Index 19
Index 24
Index 22
Index 10
Index 53
Index 55
Index 39
Index 53
Index 2
Index 25
Index 12
Index 5
Index 27
Index 59
Index 3
Index 37
Index 34
Index 5
Index 57
Index 54
Index 59
Index 22
Index 50
Index 26
Index 46
Index 24
Index 2
Index 35
Index 7
Index 38
Index 5
Index 5
Index 19
Index 1
Index 1
Index 43
Index 54
Index 33
Index 0
Index 20
Index 0
Index 24
Index 62
Index 42
Index 18
Index 44
Index 6
Index 42
Index 53
Index 18
Index 15
Index 33
Index 17
Index 55
Index 58
Index 4
Index 53
Index 60
Index 32
Index 48
Index 60
Index 9
Index 18
Index 40
Index 40
Index 39
Index 16
Index 50
Index 13
Index 31
Index 47
Index 21
Index 27
Index 27
Index 55
Index 32
Index 19
Index 27
Index 6
Index 25
Index 51
Index 32
Index 0
Index 33
Index 12
Index 55
Index 56
Index 49
Index 3
Index 44
Index 24
Index 49
Index 18
Index 13
Index 12
Index 27
Index 16
Index 61
Index 27
Index 25
Index 52
Index 29
Index 50
Index 45
Index 26
Index 29
Index 58
Index 34
Index 9
Index 50
Index 30
Index 42
Index 10
Index 4
Index 26
Index 46
Index 21
Index 60
Index 45
Index 59
Index 61
Index 44
Index 29
Index 1
Index 36
Index 50
Index 54
Index 20
Index 10
Index 29
Instructions Retired: 2400000 Cycle: 1719334 Hearbeat IPC: 0.898811 Cumulative IPC: 1.395889
Cycle: 1719334	Best offset: 93	Score: 0	Hit Rate: 0.222782
Index 20
Index 7
Index 41
Index 5
Index 0
Index 52
Index 10
Index 43
Index 39
Index 25
Index 3
Index 35
Index 43
Index 48
Index 42
Index 52
Index 39
Index 52
Index 28
Index 29
Index 10
Index 29
Index 10
Index 16
Index 50
Index 12
Index 50
Index 19
Index 28
Index 20
Index 58
Index 5
Index 41
Index 60
Index 20
Index 24
Index 56
Index 19
Index 35
Index 10
Index 50
Index 59
Index 58
Index 52
Index 35
Index 30
Index 57
Index 52
Index 22
Index 36
Index 38
Index 1
Index 26
Index 49
Index 23
Index 49
Index 58
Index 51
Index 63
Index 51
Index 48
Index 30
Index 22
Index 31
Index 45
Index 34
Index 21
Index 59
Index 20
Index 15
Index 18
Index 36
Index 47
Index 24
Index 51
Index 35
Index 51
Index 0
Index 56
Index 1
Index 41
Index 41
Index 21
Index 55
Index 55
Index 11
Index 60
Index 42
Index 24
Index 13
Index 28
Index 33
Index 6
Index 3
Index 25
Index 60
Index 29
Index 56
Index 1
Index 26
Index 60
Index 33
Index 28
Index 20
Index 33
Index 20
Index 49
Index 20
Index 12
Index 52
Index 54
Index 16
Index 6
Index 55
Index 8
Index 18
Index 50
Index 44
Index 0
Index 14
Index 22
Index 26
Index 9
Index 33
Index 37
Index 38
Index 50
Index 19
Index 45
Index 13
Index 26
Index 54
Index 44
Index 38
Index 7
Index 55
Index 30
Index 39
Index 30
Index 26
Index 34
Index 14
Index 38
Index 40
Index 32
Index 36
Index 28
Index 8
Index 48
Index 48
Index 62
Index 40
Index 6
Index 62
Index 43
Index 13
Index 0
Index 54
Index 48
Index 42
Index 11
Index 23
Index 36
Index 39
Index 28
Index 49
Index 45
Index 60
Index 46
Index 61
Index 30
Index 32
Index 7
Index 60
Index 15
Index 24
Index 44
Index 3
Index 39
Index 39
Index 30
Index 30
Index 57
Index 10
Index 45
Index 8
Index 39
Index 30
Index 58
Index 58
Index 2
Index 45
Index 22
Index 3
Index 58
Index 35
Index 6
Index 19
Index 20
Index 47
Index 34
Index 3
Index 44
Index 27
Index 37
Index 37
Index 53
Index 22
Index 44
Index 53
Index 3
Index 7
Index 55
Index 44
Index 21
Index 29
Index 61
Index 29
Index 44
Index 51
Index 3
Index 4
Index 10
Index 3
Index 48
Index 53
Index 25
Index 57
Index 41
Index 25
Index 54
Index 16
Index 2
Index 10
Index 12
Index 38
Index 26
Index 0
Index 37
Index 22
Index 46
Index 21
Index 21
Index 22
Index 38
Index 11
Index 47
Index 33
Index 30
Index 47
Index 55
Index 34
Index 27
Index 60
Index 58
Index 27
Index 63
Index 16
Index 58
Index 34
Index 19
Index 48
Instructions Retired: 2500003 Cycle: 1834553 Hearbeat IPC: 0.867938 Cumulative IPC: 1.362731
Cycle: 1834553	Best offset: 93	Score: 0	Hit Rate: 0.211899
Index 38
Index 29
Index 19
Index 27
Index 45
Index 24
Index 9
Index 17
Index 45
Index 16
Index 29
Index 13
Index 8
Index 0
Index 34
Index 40
Index 30
Index 40
Index 46
Index 16
Index 26
Index 55
Index 43
Index 47
Index 16
Index 62
Index 61
Index 35
Index 55
Index 21
Index 55
Index 60
Index 56
Index 38
Index 23
Index 2
Index 25
Index 47
Index 56
Index 17
Index 23
Index 21
Index 25
Index 60
Index 38
Index 30
Index 46
Index 59
Index 9
Index 62
Index 43
Index 32
Index 11
Index 38
Index 11
Index 10
Index 50
Index 54
Index 20
Index 9
Index 16
Index 38
Index 58
Index 24
Index 14
Index 31
Index 41
Index 4
Index 58
Index 53
Index 35
Index 21
Index 7
Index 12
Index 5
Index 62
Index 24
Index 6
Index 15
Index 46
Index 0
Index 53
Index 4
Index 9
Index 58
Index 17
Index 42
Index 25
Index 57
Index 33
Index 54
Index 14
Index 17
Index 34
Index 55
Index 35
Index 1
Index 12
Index 35
Index 6
Index 62
Index 0
Index 45
Index 31
Index 56
Index 23
Index 2
Index 25
Index 5
Index 19
Index 4
Index 30
Index 28
Index 62
Index 9
Index 56
Index 61
Index 15
Index 32
Index 25
Index 19
Index 54
Index 13
Index 8
Index 54
Index 33
Index 12
Index 58
Index 47
Index 56
Index 10
Index 13
Index 25
Index 5
Index 2
Index 53
Index 4
Index 44
Index 54
Index 63
Index 62
Index 10
Index 21
Index 18
Index 53
Index 30
Index 20
Index 28
Index 23
Index 19
Index 23
Index 51
Index 3
Index 17
Index 47
Index 6
Index 24
Index 27
Index 33
Index 12
Index 52
Index 16
Index 63
Index 37
Index 18
Index 42
Index 25
Index 45
Index 13
Index 0
Index 54
Index 42
Index 15
Index 27
Index 11
Index 53
Index 43
Index 28
Index 61
Index 58
Index 60
Instructions Retired: 2600005 Cycle: 1931338 Hearbeat IPC: 1.033239 Cumulative IPC: 1.346220
Cycle: 1931338	Best offset: 93	Score: 0	Hit Rate: 0.204113
Index 23
Index 45
Index 40
Index 27
Index 19
Index 33
Index 23
Index 15
Index 44
Index 28
Index 46
Index 48
Index 27
Index 56
Index 37
Index 50
Index 42
Index 43
Index 48
Index 7
Index 48
Index 59
Index 12
Index 49
Index 50
Index 62
Index 35
Index 24
Index 29
Index 6
Index 14
Index 27
Index 26
Index 19
Index 3
Index 21
Index 27
Index 57
Index 47
Index 34
Index 42
Index 20
Index 51
Index 33
Index 38
Index 25
Index 38
Index 58
Index 53
Index 34
Index 27
Index 41
Index 8
Index 54
Index 56
Index 47
Index 52
Index 18
Index 36
Index 58
Index 47
Index 56
Index 43
Index 60
Index 50
Index 8
Index 27
Index 40
Index 57
Index 27
Index 28
Index 58
Index 4
Index 25
Index 10
Index 7
Index 16
Index 51
Index 5
Index 44
Index 39
Index 56
Index 18
Index 11
Index 32
Index 14
Index 33
Index 39
Index 54
Index 4
Index 14
Index 56
Index 51
Index 53
Index 51
Index 14
Index 32
Index 35
Index 8
Index 15
Index 41
Index 18
Index 9
Index 28
Index 50
Index 45
Index 57
Index 61
Index 17
Index 48
Index 6
Index 36
Index 63
Index 56
Index 23
Index 12
Index 17
Index 11
Index 10
Index 0
Index 50
Index 3
Index 30
Index 33
Index 40
Index 16
Index 39
Index 8
Index 22
Index 41
Index 16
Index 12
Index 15
Index 30
Index 6
Index 7
Index 27
Index 41
Index 20
Index 35
Index 15
Index 52
Index 56
Index 41
Index 20
Index 60
Index 49
Index 20
Index 14
Index 47
Index 21
Index 50
Index 24
Index 11
Index 63
Index 31
Index 45
Index 32
Index 44
Index 21
Index 33
Index 15
Index 9
Index 48
Index 6
Index 10
Index 47
Index 28
Index 29
Index 18
Index 21
Index 25
Instructions Retired: 2700002 Cycle: 2027479 Hearbeat IPC: 1.040108 Cumulative IPC: 1.331704
Cycle: 2027479	Best offset: 93	Score: 0	Hit Rate: 0.196948
Index 4
Index 6
Index 17
Index 53
Index 62
Index 6
Index 45
Index 23
Index 8
Index 18
Index 34
Index 18
Index 14
Index 2
Index 19
Index 63
Index 39
Index 27
Index 11
Index 9
Index 12
Index 40
Index 32
Index 23
Index 5
Index 3
Index 22
Index 21
Index 31
Index 62
Index 60
Index 3
Index 59
Index 54
Index 24
Index 17
Index 8
Index 11
Index 55
Index 0
Index 2
Index 14
Index 41
Index 29
Index 11
Index 41
Index 4
Index 31
Index 21
Index 41
Index 44
Index 13
Index 54
Index 24
Index 53
Index 6
Index 13
Index 58
Index 55
Index 57
Index 1
Index 13
Index 17
Index 39
Index 53
Index 51
Index 60
Index 8
Index 52
Index 26
Index 50
Index 51
Index 20
Index 8
Index 11
Index 6
Index 26
Index 59
Index 20
Index 28
Index 47
Index 16
Index 34
Index 51
Index 2
Index 28
Index 16
Index 59
Index 23
Index 8
Index 44
Index 32
Index 7
Index 47
Index 7
Index 25
Index 46
Index 58
Index 31
Index 54
Index 53
Index 56
Index 33
Index 46
Index 8
Index 43
Index 31
Index 62
Index 18
Index 9
Index 61
Index 40
Index 28
Index 20
Index 22
Index 23
Index 19
Index 18
Index 35
Index 10
Index 7
Index 50
Index 57
Index 50
Index 3
Index 2
Index 8
Index 23
Index 35
Index 4
Index 20
Index 46
Index 57
Index 18
Index 9
Index 15
Index 21
Index 55
Index 31
Index 20
Index 21
Index 43
Index 42
Index 17
Index 55
Index 6
Index 43
Index 32
Index 18
Index 1
Index 42
Index 51
Index 20
Index 47
Index 35
Index 63
Index 35
Index 33
Index 41
Index 46
Index 4
Index 40
Index 38
Index 36
Index 1
Index 23
Index 54
Index 49
Index 28
Index 36
Index 20
Index 8
Index 40
Index 14
Index 40
Index 11
Index 27
Index 23
Index 8
Index 30
Index 30
Instructions Retired: 2800001 Cycle: 2123522 Hearbeat IPC: 1.041190 Cumulative IPC: 1.318565
Cycle: 2123522	Best offset: 93	Score: 0	Hit Rate: 0.190222
Index 36
Index 23
Index 17
Index 34
Index 25
Index 21
Index 56
Index 41
Index 26
Index 33
Index 40
Index 56
Index 30
Index 45
Index 35
Index 7
Index 12
Index 53
Index 14
Index 14
Index 5
Index 63
Index 50
Index 1
Index 41
Index 25
Index 18
Index 62
Index 30
Index 2
Index 1
Index 63
Index 48
Index 44
Index 7
Index 28
Index 0
Index 11
Index 9
Index 52
Index 29
Index 2
Index 36
Index 60
Index 6
Index 54
Index 12
Index 62
Index 49
Index 62
Index 29
Index 22
Index 58
Index 20
Index 14
Index 62
Index 4
Index 1
Index 26
Index 20
Index 4
Index 42
Index 9
Index 25
Index 61
Index 38
Index 43
Index 14
Index 49
Index 16
Index 63
Index 60
Index 20
Index 8
Index 0
Index 18
Index 22
Index 11
Index 45
Index 11
Index 61
Index 59
Index 20
Index 58
Index 9
Index 22
Index 19
Index 27
Index 1
Index 53
Index 33
Index 11
Index 34
Index 44
Index 41
Index 44
Index 58
Index 21
Index 43
Index 49
Index 20
Index 13
Index 33
Index 25
Index 49
Index 17
Index 32
Index 43
Index 49
Index 46
Index 32
Index 39
Index 26
Index 55
Index 17
Index 5
Index 49
Index 54
Index 2
Index 1
Index 48
Index 9
Index 54
Index 63
Index 53
Index 10
Index 39
Index 10
Index 17
Index 13
Index 57
Index 46
Index 50
Index 61
Index 38
Index 11
Index 14
Index 28
Index 4
Index 59
Index 22
Index 61
Index 60
Index 38
Index 25
Index 15
Index 54
Index 10
Index 58
Index 17
Index 15
Index 50
Index 43
Index 43
Index 2
Index 24
Index 57
Index 57
Index 62
Index 31
Index 3
Index 15
Index 15
Index 39
Index 9
Index 23
Index 19
Index 26
Index 42
Index 13
Index 26
Index 12
Index 19
Index 56
Index 47
Index 23
Index 18
Index 52
Index 26
Index 47
Index 29
Index 10
Index 31
Index 21
Index 24
Index 26
Index 12
Index 54
Index 48
Index 37
Index 41
Index 18
Index 51
Index 10
Index 29
Index 12
Index 5
Index 0
Index 38
Index 58
Index 7
Index 23
Index 52
Index 32
Index 15
Index 22
Instructions Retired: 2900001 Cycle: 2224802 Hearbeat IPC: 0.987362 Cumulative IPC: 1.303487
Cycle: 2224802	Best offset: 93	Score: 0	Hit Rate: 0.183658
Index 56
Index 44
Index 11
Index 36
Index 8
Index 19
Index 30
Index 34
Index 38
Index 57
Index 56
Index 60
Index 2
Index 56
Index 6
Index 31
Index 0
Index 27
Index 15
Index 15
Index 41
Index 21
Index 0
Index 27
Index 53
Index 45
Index 45
Index 44
Index 33
Index 6
Index 3
Index 15
Index 57
Index 30
Index 49
Index 15
Index 39
Index 24
Index 38
Index 22
Index 35
Index 27
Index 56
Index 51
Index 7
Index 17
Index 36
Index 57
Index 34
Index 38
Index 0
Index 7
Index 9
Index 28
Index 37
Index 32
Index 1
Index 4
Index 35
Index 10
Index 4
Index 28
Index 22
Index 2
Index 1
Index 29
Index 58
Index 39
Index 11
Index 25
Index 34
Index 22
Index 42
Index 20
Index 2
Index 21
Index 48
Index 8
Index 17
Index 1
Index 57
Index 5
Index 12
Index 59
Index 26
Index 5
Index 48
Index 30
Index 21
Index 50
Index 16
Index 39
Index 54
Index 25
Index 10
Index 17
Index 36
Index 15
Index 55
Index 35
Index 28
Index 17
Index 42
Index 37
Index 2
Index 6
Index 28
Index 25
Index 50
Index 20
Index 32
Index 8
Index 45
Index 53
Index 23
Index 48
Index 50
Index 15
Index 24
Index 28
Index 61
Index 42
Index 27
Index 24
Index 44
Index 8
Index 39
Index 20
Index 22
Index 10
Index 23
Index 6
Index 60
Index 25
Index 46
Index 55
Index 37
Index 14
Index 17
Index 3
Index 12
Index 36
Index 9
Index 54
Index 4
Index 43
Index 14
Index 46
Index 54
Index 14
Index 34
Index 20
Index 33
Index 1
Index 10
Index 62
Index 4
Index 41
Index 29
Index 7
Index 23
Index 41
Index 4
Index 34
Index 47
Index 62
Index 26
Index 1
Index 18
Index 8
Index 58
Index 47
Index 53
Index 63
Index 6
Index 3
Index 28
Index 41
Index 24
Index 22
Index 28
Index 62
Index 12
Index 21
Index 44
Index 35
Index 43
Index 28
Index 13
Index 6
Index 28
Index 44
Index 0
Index 7
Index 49
Index 6
Index 44
Index 2
Index 29
Index 6
Index 55
Index 12
Index 10
Index 9
Index 20
Index 22
Index 15
Index 52
Index 10
Index 50
Index 6
Index 0
Index 45
Index 63
Index 45
Index 40
Index 49
Index 11
Index 51
Index 34
Index 25
Index 43
Index 42
Index 51
Index 25
Index 8
Index 47
Index 44
Index 51
Index 62
Index 13
Index 62
Index 33
Instructions Retired: 3000003 Cycle: 2339575 Hearbeat IPC: 0.871302 Cumulative IPC: 1.282285
Cycle: 2339575	Best offset: 93	Score: 0	Hit Rate: 0.176859
Index 44
Index 31
Index 34
Index 43
Index 49
Index 38
Index 11
Index 45
Index 25
Index 52
Index 17
Index 34
Index 52
Index 40
Index 50
Index 60
Index 41
Index 55
Index 48
Index 4
Index 38
Index 51
Index 1
Index 61
Index 9
Index 42
Index 10
Index 14
Index 59
Index 3
Index 55
Index 53
Index 21
Index 24
Index 33
Index 41
Index 19
Index 24
Index 57
Index 21
Index 30
Index 15
Index 59
Index 18
Index 13
Index 47
Index 27
Index 57
Index 61
Index 58
Index 62
Index 49
Index 2
Index 38
Index 23
Index 42
Index 25
Index 60
Index 4
Index 25
Index 53
Index 42
Index 26
Index 20
Index 30
Index 62
Index 34
Index 16
Index 37
Index 56
Index 39
Index 7
Index 15
Index 33
Index 19
Index 23
Index 55
Index 46
Index 50
Index 8
Index 58
Index 53
Index 29
Index 1
Index 16
Index 25
Index 3
Index 51
Index 60
Index 56
Index 6
Index 61
Index 62
Index 18
Index 43
Index 33
Index 44
Index 6
Index 47
Index 2
Index 2
Index 9
Index 21
Index 6
Index 21
Index 24
Index 41
Index 39
Index 14
Index 58
Index 23
Index 18
Index 63
Index 38
Index 22
Index 3
Index 40
Index 2
Index 59
Index 7
Index 60
Index 32
Index 29
Index 19
Index 62
Index 63
Index 51
Index 29
Index 12
Index 23
Index 27
Index 32
Index 4
Index 19
Index 19
Index 20
Index 23
Index 32
Index 2
Index 49
Index 47
Index 7
Index 42
Index 12
Index 52
Index 31
Index 31
Index 11
Index 25
Index 50
Index 7
Index 27
Index 46
Index 41
Index 27
Index 9
Index 34
Index 4
Index 20
Index 35
Index 21
Index 22
Index 58
Index 17
Index 24
Index 8
Index 52
Index 39
Index 47
Index 50
Index 5
Index 44
Index 25
Index 13
Index 46
Index 23
Index 48
Index 42
Index 34
Index 27
Index 32
Index 40
Index 25
Index 2
Index 49
Index 6
Index 7
Index 15
Index 12
Index 7
Index 17
Index 27
Index 29
Index 18
Index 13
Index 12
Index 21
Index 3
Index 28
Index 29
Index 14
Index 55
Index 62
Index 17
Index 47
Index 2
Index 31
Index 49
Index 30
Index 18
Index 13
Index 6
Index 43
Index 24
Index 63
Index 29
Index 55
Index 3
Index 23
Index 38
Index 9
Index 29
Index 46
Index 5
Index 46
Index 11
Index 12
Index 31
Index 49
Index 49
Index 60
Index 24
Index 56
Index 45
Index 0
Index 54
Index 23
Index 21
Index 10
Index 62
Index 30

Simulation complete. Instructions retired: 3099758 Cycles elapsed: 2457602 IPC: 1.261294

Prefetcher final stats
