
*** Data Prefetching Championship 2 Simulator ***

Warmup Instructions: 10000000
Simulation Instructions: 100000000
Scramble loads ON
Using 1MB Last Level Cache
Using 12.8 GB/s DRAM bandwidth
Knobs visible from prefetcher: 1 0 0
Resetting history queue.
Resetting offset table
Setting initial offset to 1
Tag offset: 6
Instructions Retired: 100002 Cycle: 45011 Hearbeat IPC: 2.221724 Cumulative IPC: 2.221724
Prefetcher heartbeat stats
Instructions Retired: 200005 Cycle: 89544 Hearbeat IPC: 2.245593 Cumulative IPC: 2.233595
Prefetcher heartbeat stats
Instructions Retired: 300005 Cycle: 130484 Hearbeat IPC: 2.442599 Cumulative IPC: 2.299171
Prefetcher heartbeat stats
Instructions Retired: 400001 Cycle: 169209 Hearbeat IPC: 2.582208 Cumulative IPC: 2.363946
Prefetcher heartbeat stats
Instructions Retired: 500004 Cycle: 207617 Hearbeat IPC: 2.603702 Cumulative IPC: 2.408300
Prefetcher heartbeat stats
Instructions Retired: 600003 Cycle: 245105 Hearbeat IPC: 2.667494 Cumulative IPC: 2.447943
Prefetcher heartbeat stats
Instructions Retired: 700005 Cycle: 281498 Hearbeat IPC: 2.747836 Cumulative IPC: 2.486714
Prefetcher heartbeat stats
Instructions Retired: 800004 Cycle: 319507 Hearbeat IPC: 2.630929 Cumulative IPC: 2.503870
Prefetcher heartbeat stats
Instructions Retired: 900001 Cycle: 358713 Hearbeat IPC: 2.550554 Cumulative IPC: 2.508972
Prefetcher heartbeat stats
Instructions Retired: 1000000 Cycle: 397380 Hearbeat IPC: 2.586159 Cumulative IPC: 2.516483
Prefetcher heartbeat stats
Instructions Retired: 1100002 Cycle: 436770 Hearbeat IPC: 2.538766 Cumulative IPC: 2.518492
Prefetcher heartbeat stats
Instructions Retired: 1200005 Cycle: 478767 Hearbeat IPC: 2.381194 Cumulative IPC: 2.506449
Prefetcher heartbeat stats
Instructions Retired: 1300002 Cycle: 528942 Hearbeat IPC: 1.992965 Cumulative IPC: 2.457740
Prefetcher heartbeat stats
Instructions Retired: 1400003 Cycle: 579617 Hearbeat IPC: 1.973379 Cumulative IPC: 2.415393
Prefetcher heartbeat stats
Instructions Retired: 1500003 Cycle: 629645 Hearbeat IPC: 1.998881 Cumulative IPC: 2.382300
Prefetcher heartbeat stats
Instructions Retired: 1600003 Cycle: 678111 Hearbeat IPC: 2.063302 Cumulative IPC: 2.359500
Prefetcher heartbeat stats
Instructions Retired: 1700004 Cycle: 735014 Hearbeat IPC: 1.757394 Cumulative IPC: 2.312886
Prefetcher heartbeat stats
Instructions Retired: 1800002 Cycle: 794015 Hearbeat IPC: 1.694853 Cumulative IPC: 2.266962
Prefetcher heartbeat stats
Instructions Retired: 1900002 Cycle: 849683 Hearbeat IPC: 1.796364 Cumulative IPC: 2.236130
Prefetcher heartbeat stats
Instructions Retired: 2000001 Cycle: 905233 Hearbeat IPC: 1.800162 Cumulative IPC: 2.209377
Prefetcher heartbeat stats
Instructions Retired: 2100004 Cycle: 962677 Hearbeat IPC: 1.740878 Cumulative IPC: 2.181421
Prefetcher heartbeat stats
Instructions Retired: 2200005 Cycle: 1018075 Hearbeat IPC: 1.805137 Cumulative IPC: 2.160946
Prefetcher heartbeat stats
Instructions Retired: 2300001 Cycle: 1073107 Hearbeat IPC: 1.817052 Cumulative IPC: 2.143310
Prefetcher heartbeat stats
Instructions Retired: 2400002 Cycle: 1141725 Hearbeat IPC: 1.457358 Cumulative IPC: 2.102084
Prefetcher heartbeat stats
Instructions Retired: 2500000 Cycle: 1212778 Hearbeat IPC: 1.407372 Cumulative IPC: 2.061383
Prefetcher heartbeat stats
Instructions Retired: 2600005 Cycle: 1267547 Hearbeat IPC: 1.825942 Cumulative IPC: 2.051210
Prefetcher heartbeat stats
Instructions Retired: 2700002 Cycle: 1318870 Hearbeat IPC: 1.948386 Cumulative IPC: 2.047209
Prefetcher heartbeat stats
Instructions Retired: 2800001 Cycle: 1374120 Hearbeat IPC: 1.809937 Cumulative IPC: 2.037668
Prefetcher heartbeat stats
Instructions Retired: 2900000 Cycle: 1431967 Hearbeat IPC: 1.728681 Cumulative IPC: 2.025186
Prefetcher heartbeat stats
Instructions Retired: 3000005 Cycle: 1500657 Hearbeat IPC: 1.455889 Cumulative IPC: 1.999128
Prefetcher heartbeat stats

Simulation complete. Instructions retired: 3099754 Cycles elapsed: 1571870 IPC: 1.972017

Prefetcher final stats
