
*** Data Prefetching Championship 2 Simulator ***

Warmup Instructions: 0
Simulation Instructions: 100000000
Scramble loads OFF
Using 256KB Last Level Cache
Using 12.8 GB/s DRAM bandwidth
Knobs visible from prefetcher: 0 1 0
Resetting history queue.
Setting up the minimum score
Resetting offset table
Setting initial offset to 1
Tag offset: 6
Ressetting hit rate
Resetting rable rounds
Resetting gauge

Warmup complete. Instructions retired: 2 Cycles elapsed: 2 IPC: 1.000000
Prefetcher warmup complete stats

Instructions Retired: 100000 Cycle: 39908 Hearbeat IPC: 2.505763 Cumulative IPC: 2.505763
Cycle: 39908	Best offset: 1	Score: 8	Hit Rate: 0.000000
	---- Offset table ----
Offset -> Score
-64 -> 5
-63 -> 5
-62 -> 5
-61 -> 5
	----------------------
Instructions Retired: 200000 Cycle: 77527 Hearbeat IPC: 2.658231 Cumulative IPC: 2.579746
Cycle: 77527	Best offset: 1	Score: 8	Hit Rate: 0.356164
	---- Offset table ----
Offset -> Score
24 -> 17
6 -> 16
7 -> 16
8 -> 16
	----------------------
Instructions Retired: 300001 Cycle: 113578 Hearbeat IPC: 2.773876 Cumulative IPC: 2.641365
Cycle: 113578	Best offset: 1	Score: 8	Hit Rate: 0.450876
	---- Offset table ----
Offset -> Score
24 -> 21
6 -> 20
8 -> 20
16 -> 20
	----------------------
Instructions Retired: 400004 Cycle: 137507 Hearbeat IPC: 4.179155 Cumulative IPC: 2.908972
Cycle: 137507	Best offset: 1	Score: 8	Hit Rate: 0.569705
	---- Offset table ----
Offset -> Score
24 -> 29
6 -> 28
8 -> 28
16 -> 28
	----------------------
Offset switch to: -50	With score: 32
Instructions Retired: 500005 Cycle: 154990 Hearbeat IPC: 5.719899 Cumulative IPC: 3.226047
Cycle: 154990	Best offset: -50	Score: 32	Hit Rate: 0.705245
	---- Offset table ----
Offset -> Score
1 -> 12
2 -> 12
3 -> 12
4 -> 12
	----------------------
Instructions Retired: 600000 Cycle: 176796 Hearbeat IPC: 4.585664 Cumulative IPC: 3.393742
Cycle: 176796	Best offset: -50	Score: 32	Hit Rate: 0.785566
	---- Offset table ----
Offset -> Score
-22 -> 32
-21 -> 32
-20 -> 32
-16 -> 32
	----------------------
Offset switch to: -33	With score: 32
Instructions Retired: 700003 Cycle: 212829 Hearbeat IPC: 2.775317 Cumulative IPC: 3.289040
Cycle: 212829	Best offset: -33	Score: 32	Hit Rate: 0.807556
	---- Offset table ----
Offset -> Score
-23 -> 8
-22 -> 8
-21 -> 8
-20 -> 8
	----------------------
Instructions Retired: 800003 Cycle: 240121 Hearbeat IPC: 3.664077 Cumulative IPC: 3.331666
Cycle: 240121	Best offset: -33	Score: 32	Hit Rate: 0.838210
	---- Offset table ----
Offset -> Score
-11 -> 24
-10 -> 24
-9 -> 24
-8 -> 24
	----------------------
Offset switch to: -11	With score: 32
Instructions Retired: 900000 Cycle: 272704 Hearbeat IPC: 3.068993 Cumulative IPC: 3.300282
Cycle: 272704	Best offset: -11	Score: 32	Hit Rate: 0.855202
	---- Offset table ----
Offset -> Score
-37 -> 4
-36 -> 4
-35 -> 4
-34 -> 4
	----------------------
Instructions Retired: 1000000 Cycle: 309272 Hearbeat IPC: 2.734631 Cumulative IPC: 3.233400
Cycle: 309272	Best offset: -11	Score: 32	Hit Rate: 0.862248
	---- Offset table ----
Offset -> Score
1 -> 14
2 -> 14
3 -> 14
4 -> 14
	----------------------
Instructions Retired: 1100000 Cycle: 355372 Hearbeat IPC: 2.169197 Cumulative IPC: 3.095348
Cycle: 355372	Best offset: -11	Score: 32	Hit Rate: 0.801927
	---- Offset table ----
Offset -> Score
-38 -> 19
-37 -> 19
-36 -> 19
-35 -> 19
	----------------------
Instructions Retired: 1200001 Cycle: 398579 Hearbeat IPC: 2.314463 Cumulative IPC: 3.010698
Cycle: 398579	Best offset: -11	Score: 32	Hit Rate: 0.768772
	---- Offset table ----
Offset -> Score
19 -> 26
20 -> 26
13 -> 25
14 -> 25
	----------------------
Offset switch to: -35	With score: 32
Instructions Retired: 1300000 Cycle: 434633 Hearbeat IPC: 2.773590 Cumulative IPC: 2.991029
Cycle: 434633	Best offset: -35	Score: 32	Hit Rate: 0.782971
	---- Offset table ----
Offset -> Score
1 -> 4
2 -> 4
3 -> 4
4 -> 4
	----------------------
Instructions Retired: 1400005 Cycle: 460860 Hearbeat IPC: 3.813055 Cumulative IPC: 3.037810
Cycle: 460860	Best offset: -35	Score: 32	Hit Rate: 0.805613
	---- Offset table ----
Offset -> Score
-11 -> 20
-10 -> 20
-9 -> 20
-8 -> 20
	----------------------
Instructions Retired: 1500001 Cycle: 494491 Hearbeat IPC: 2.973328 Cumulative IPC: 3.033424
Cycle: 494491	Best offset: -35	Score: 32	Hit Rate: 0.817916
	---- Offset table ----
Offset -> Score
1 -> 32
2 -> 32
3 -> 32
4 -> 32
	----------------------
Offset switch to: -64	With score: 32
Instructions Retired: 1600004 Cycle: 528550 Hearbeat IPC: 2.936170 Cumulative IPC: 3.027157
Cycle: 528550	Best offset: -64	Score: 32	Hit Rate: 0.827520
	---- Offset table ----
Offset -> Score
1 -> 10
2 -> 10
3 -> 10
4 -> 10
	----------------------
Instructions Retired: 1700003 Cycle: 546491 Hearbeat IPC: 5.573770 Cumulative IPC: 3.110761
Cycle: 546491	Best offset: -64	Score: 32	Hit Rate: 0.840022
	---- Offset table ----
Offset -> Score
1 -> 24
2 -> 24
3 -> 24
4 -> 24
	----------------------
Instructions Retired: 1800005 Cycle: 563918 Hearbeat IPC: 5.738337 Cumulative IPC: 3.191962
Cycle: 563918	Best offset: -64	Score: 32	Hit Rate: 0.857381
	---- Offset table ----
Offset -> Score
-23 -> 16
-22 -> 16
-21 -> 16
-20 -> 16
	----------------------
Instructions Retired: 1900003 Cycle: 594168 Hearbeat IPC: 3.305719 Cumulative IPC: 3.197754
Cycle: 594168	Best offset: -64	Score: 32	Hit Rate: 0.865696
	---- Offset table ----
Offset -> Score
-20 -> 30
-19 -> 30
-18 -> 30
-17 -> 30
	----------------------
Offset switch to: -25	With score: 32
Instructions Retired: 2000000 Cycle: 630220 Hearbeat IPC: 2.773688 Cumulative IPC: 3.173495
Cycle: 630220	Best offset: -25	Score: 32	Hit Rate: 0.870613
	---- Offset table ----
Offset -> Score
1 -> 8
-32 -> 6
-31 -> 6
-30 -> 6
	----------------------
Instructions Retired: 2100001 Cycle: 653996 Hearbeat IPC: 4.205964 Cumulative IPC: 3.211030
Cycle: 653996	Best offset: -25	Score: 32	Hit Rate: 0.879960
	---- Offset table ----
Offset -> Score
-32 -> 26
-31 -> 26
-30 -> 26
-29 -> 26
	----------------------
Offset switch to: -32	With score: 32
Instructions Retired: 2200003 Cycle: 690063 Hearbeat IPC: 2.772673 Cumulative IPC: 3.188119
Cycle: 690063	Best offset: -32	Score: 32	Hit Rate: 0.883897
	---- Offset table ----
Offset -> Score
1 -> 4
2 -> 4
3 -> 4
4 -> 4
	----------------------
Instructions Retired: 2300005 Cycle: 731200 Hearbeat IPC: 2.430950 Cumulative IPC: 3.145521
Cycle: 731200	Best offset: -32	Score: 32	Hit Rate: 0.871422
	---- Offset table ----
Offset -> Score
-13 -> 12
-12 -> 12
-11 -> 12
-5 -> 12
	----------------------
Instructions Retired: 2400000 Cycle: 777320 Hearbeat IPC: 2.168148 Cumulative IPC: 3.087532
Cycle: 777320	Best offset: -32	Score: 32	Hit Rate: 0.844574
	---- Offset table ----
Offset -> Score
-5 -> 17
-13 -> 16
-12 -> 16
-11 -> 16
	----------------------
Instructions Retired: 2500000 Cycle: 815912 Hearbeat IPC: 2.591211 Cumulative IPC: 3.064056
Cycle: 815912	Best offset: -32	Score: 32	Hit Rate: 0.841838
	---- Offset table ----
Offset -> Score
1 -> 24
2 -> 24
3 -> 24
4 -> 24
	----------------------
Instructions Retired: 2600005 Cycle: 851967 Hearbeat IPC: 2.773679 Cumulative IPC: 3.051767
Cycle: 851967	Best offset: -32	Score: 32	Hit Rate: 0.846418
	---- Offset table ----
Offset -> Score
-25 -> 32
-21 -> 32
-19 -> 32
-13 -> 32
	----------------------
Offset switch to: -40	With score: 32
Instructions Retired: 2700000 Cycle: 875939 Hearbeat IPC: 4.171325 Cumulative IPC: 3.082407
Cycle: 875939	Best offset: -40	Score: 32	Hit Rate: 0.855352
	---- Offset table ----
Offset -> Score
1 -> 20
2 -> 20
3 -> 20
4 -> 20
	----------------------
Instructions Retired: 2800003 Cycle: 911957 Hearbeat IPC: 2.776473 Cumulative IPC: 3.070323
Cycle: 911957	Best offset: -40	Score: 32	Hit Rate: 0.859193
	---- Offset table ----
Offset -> Score
-52 -> 28
-51 -> 28
-50 -> 28
-49 -> 28
	----------------------
Offset switch to: -52	With score: 32
Instructions Retired: 2900000 Cycle: 937749 Hearbeat IPC: 3.877055 Cumulative IPC: 3.092512
Cycle: 937749	Best offset: -52	Score: 32	Hit Rate: 0.864031
	---- Offset table ----
Offset -> Score
1 -> 10
2 -> 10
3 -> 10
4 -> 10
	----------------------
Instructions Retired: 3000003 Cycle: 955469 Hearbeat IPC: 5.643510 Cumulative IPC: 3.139822
Cycle: 955469	Best offset: -52	Score: 32	Hit Rate: 0.870997
	---- Offset table ----
Offset -> Score
-19 -> 28
-18 -> 28
-17 -> 28
-16 -> 28
	----------------------
Offset switch to: -62	With score: 32

Simulation complete. Instructions retired: 3099755 Cycles elapsed: 975624 IPC: 3.177202

Prefetcher final stats
