
*** Data Prefetching Championship 2 Simulator ***

Warmup Instructions: 10000000
Simulation Instructions: 100000000
Scramble loads OFF
Using 256KB Last Level Cache
Using 12.8 GB/s DRAM bandwidth
Knobs visible from prefetcher: 0 1 0
Resetting history queue.
Resetting offset table
Setting initial offset to 1
Tag offset: 6
Ressetting hit rate
Index 63
Index 63
Index 63
Index 63
Index 63
Index 63
Index 63
Index 63
Index 63
Index 63
Index 63
Index 63
Index 63
Index 63
Index 63
Index 63
Index 63
Index 63
Index 63
Index 63
Index 63
Index 63
Index 63
Index 63
Index 63
Index 63
Index 63
Index 63
Index 63
Index 63
Index 63
Index 63
Index 63
Index 63
Index 63
Index 63
Index 63
Index 63
Index 63
Index 63
Index 63
Index 63
Index 63
Index 63
Index 63
Index 63
Index 63
Index 63
Index 63
Index 63
Index 63
Index 63
Index 63
Index 63
Index 63
Index 63
Index 63
Index 63
Index 63
Index 63
Index 63
Index 63
Index 63
Index 63
Index 63
Index 63
Index 63
Index 63
Index 63
Index 63
Index 63
Index 63
Index 63
Index 63
Index 63
Index 63
Index 63
Index 63
Index 63
Index 63
Index 63
Index 63
Index 63
Index 63
Index 63
Index 63
Index 63
Index 63
Index 63
Index 63
Index 63
Index 63
Index 63
Index 63
Index 63
Index 63
Index 63
Index 63
Index 63
Index 63
Index 63
Index 63
Index 63
Index 63
Index 63
Index 63
Index 63
Index 63
Index 63
Index 63
Index 63
Index 63
Index 63
Index 63
Index 63
Index 63
Index 43
Index 63
Index 63
Index 63
Index 63
Index 63
Index 63
Index 63
Index 63
Index 63
Index 63
Index 63
Index 63
Index 63
Index 63
Index 63
Index 63
Index 63
Index 63
Index 63
Instructions Retired: 100000 Cycle: 39908 Hearbeat IPC: 2.505763 Cumulative IPC: 2.505763
Cycle: 39908	Best offset: 1	Score: 0	Hit Rate: 0.000000
Index 63
Index 63
Index 63
Index 63
Index 63
Index 63
Index 63
Index 63
Index 63
Index 63
Index 63
Index 63
Index 63
Index 63
Index 63
Index 63
Index 63
Index 63
Index 63
Index 63
Index 63
Index 63
Index 63
Index 63
Index 63
Index 63
Index 63
Index 63
Index 63
Index 63
Index 63
Index 63
Index 63
Index 63
Index 63
Index 63
Index 63
Index 63
Index 63
Index 63
Index 63
Index 63
Index 63
Index 63
Index 63
Index 63
Index 63
Index 63
Index 63
Index 63
Index 63
Index 63
Index 63
Index 63
Index 63
Index 63
Index 63
Index 63
Index 63
Index 63
Index 63
Index 63
Index 63
Index 63
Index 63
Index 63
Index 63
Index 63
Index 63
Index 63
Index 63
Index 63
Index 63
Index 63
Index 63
Index 63
Index 63
Index 63
Index 63
Index 63
Index 63
Index 63
Index 63
Index 63
Index 63
Index 63
Index 63
Index 63
Index 0
Index 1
Index 1
Index 2
Index 2
Index 3
Index 3
Index 3
Index 3
Index 3
Index 4
Index 4
Index 4
Index 4
Index 5
Index 5
Index 5
Index 5
Index 5
Index 5
Index 5
Index 5
Index 6
Index 6
Index 6
Index 6
Index 6
Index 7
Index 7
Index 7
Index 7
Index 8
Index 8
Index 8
Index 8
Index 8
Index 9
Index 9
Index 9
Index 9
Index 63
Index 63
Index 63
Index 63
Index 0
Index 0
Index 0
Index 0
Index 1
Index 1
Index 1
Index 1
Index 1
Index 2
Index 2
Index 2
Index 2
Index 2
Index 3
Index 3
Index 3
Index 3
Index 3
Index 4
Index 4
Index 4
Index 4
Index 4
Index 5
Index 5
Index 5
Index 63
Index 0
Index 0
Index 0
Index 0
Index 0
Index 1
Index 1
Index 0
Index 1
Index 13
Index 2
Index 10
Index 3
Index 4
Index 12
Index 5
Index 13
Index 14
Index 15
Index 16
Index 17
Index 18
Index 19
Index 20
Index 21
Instructions Retired: 200000 Cycle: 77527 Hearbeat IPC: 2.658231 Cumulative IPC: 2.579746
Cycle: 77527	Best offset: 1	Score: 0	Hit Rate: 0.356164
Index 0
Index 1
Index 2
Index 3
Index 4
Index 5
Index 13
Index 14
Index 15
Index 16
Index 17
Index 18
Index 19
Index 20
Index 21
Index 45
Index 0
Index 1
Index 2
Index 3
Index 4
Index 5
Index 6
Index 7
Index 8
Index 9
Index 10
Index 11
Index 12
Index 13
Index 14
Instructions Retired: 300001 Cycle: 113578 Hearbeat IPC: 2.773876 Cumulative IPC: 2.641365
Cycle: 113578	Best offset: 1	Score: 0	Hit Rate: 0.450876
Index 0
Index 1
Index 2
Index 3
Index 4
Index 5
Index 6
Index 7
Index 8
Index 9
Index 10
Index 11
Index 12
Index 13
Index 14
Index 63
Index 0
Index 0
Index 1
Index 1
Index 2
Index 2
Index 2
Index 3
Index 3
Index 4
Index 4
Index 4
Index 5
Index 5
Index 6
Index 6
Index 6
Index 7
Index 7
Index 8
Index 8
Index 9
Index 9
Index 9
Index 22
Index 22
Index 23
Index 0
Index 0
Index 1
Index 1
Index 1
Index 2
Index 2
Index 2
Index 3
Index 3
Index 3
Index 4
Index 4
Index 5
Index 5
Index 5
Index 6
Index 6
Index 7
Index 7
Index 7
Index 8
Index 8
Index 9
Index 9
Index 9
Index 10
Index 10
Index 11
Index 11
Index 12
Index 12
Index 12
Index 63
Index 0
Index 0
Index 0
Index 1
Index 1
Index 2
Instructions Retired: 400004 Cycle: 137507 Hearbeat IPC: 4.179155 Cumulative IPC: 2.908972
Cycle: 137507	Best offset: 1	Score: 0	Hit Rate: 0.569705
Index 63
Index 0
Index 0
Index 0
Index 1
Index 1
Index 1
Index 2
Index 2
Index 3
Index 3
Index 3
Index 4
Index 4
Index 5
Index 5
Index 5
Index 6
Index 6
Index 6
Index 7
Index 7
Index 7
Index 8
Index 8
Index 9
Index 9
Index 9
Index 10
Index 10
Index 11
Index 63
Index 0
Index 0
Index 6
Index 6
Index 6
Index 7
Index 7
Index 8
Index 8
Index 9
Index 9
Index 9
Index 10
Index 10
Index 10
Index 11
Index 11
Index 12
Index 12
Index 12
Index 13
Index 13
Index 14
Index 63
Index 0
Index 0
Index 1
Index 1
Index 1
Index 2
Index 2
Index 3
Index 3
Index 3
Index 54
Index 16
Index 16
Index 16
Index 16
Index 63
Index 63
Index 63
Index 63
Index 0
Index 0
Index 0
Index 0
Index 0
Index 1
Index 1
Index 1
Index 1
Index 1
Index 2
Index 2
Index 2
Index 2
Index 3
Index 3
Index 3
Index 3
Index 3
Index 4
Index 4
Index 4
Index 4
Index 4
Index 5
Index 5
Index 5
Index 5
Index 6
Index 6
Index 6
Index 6
Index 6
Index 7
Index 7
Index 7
Index 7
Index 7
Index 8
Index 8
Index 8
Index 63
Index 63
Index 63
Index 63
Index 0
Index 0
Index 0
Index 0
Index 0
Index 1
Index 1
Index 1
Index 1
Index 2
Index 2
Index 2
Index 2
Index 2
Index 3
Index 3
Index 3
Index 3
Index 63
Index 0
Index 0
Index 63
Index 63
Index 0
Index 0
Index 0
Index 0
Index 1
Index 1
Index 8
Index 8
Index 8
Index 8
Index 9
Index 9
Index 9
Index 9
Index 10
Index 0
Index 0
Index 0
Index 0
Index 0
Index 1
Index 1
Index 1
Index 1
Index 1
Index 2
Index 2
Index 2
Index 2
Index 2
Index 3
Index 3
Index 3
Index 3
Index 4
Index 4
Index 4
Index 4
Index 5
Index 5
Index 5
Index 5
Index 5
Instructions Retired: 500003 Cycle: 154923 Hearbeat IPC: 5.741789 Cumulative IPC: 3.227429
Cycle: 154923	Best offset: 1	Score: 0	Hit Rate: 0.694444
Index 63
Index 63
Index 63
Index 63
Index 0
Index 0
Index 0
Index 0
Index 0
Index 1
Index 1
Index 1
Index 1
Index 1
Index 63
Index 0
Index 0
Index 0
Index 0
Index 1
Index 1
Index 1
Index 1
Index 1
Index 1
Index 2
Index 2
Index 2
Index 2
Index 2
Index 3
Index 3
Index 3
Index 3
Index 4
Index 4
Index 4
Index 4
Index 4
Index 5
Index 5
Index 5
Index 5
Index 5
Index 6
Index 6
Index 6
Index 6
Index 7
Index 7
Index 7
Index 7
Index 7
Index 0
Index 0
Index 0
Index 0
Index 1
Index 1
Index 1
Index 1
Index 1
Index 1
Index 1
Index 2
Index 2
Index 2
Index 2
Index 3
Index 3
Index 3
Index 3
Index 63
Index 63
Index 2
Index 2
Index 2
Index 2
Index 3
Index 3
Index 3
Index 3
Index 3
Index 3
Index 4
Index 4
Index 4
Index 4
Index 5
Index 5
Index 5
Index 5
Index 5
Index 6
Index 6
Index 6
Index 6
Index 7
Index 7
Index 7
Index 7
Index 8
Index 8
Index 8
Index 8
Index 8
Index 9
Index 63
Index 0
Index 0
Index 0
Index 0
Index 7
Index 7
Index 7
Index 7
Index 8
Index 8
Index 8
Index 8
Index 9
Index 9
Index 9
Index 9
Index 9
Index 10
Index 0
Index 0
Index 0
Index 0
Index 1
Index 1
Index 1
Index 1
Index 1
Index 2
Index 2
Index 2
Index 2
Index 3
Index 3
Index 3
Index 3
Index 3
Index 4
Index 4
Index 4
Index 4
Index 5
Index 5
Index 5
Index 5
Index 63
Index 63
Index 63
Index 0
Index 0
Index 0
Index 0
Index 1
Index 1
Index 1
Index 1
Index 1
Index 2
Index 2
Index 11
Index 11
Index 11
Index 11
Index 60
Index 56
Index 61
Index 63
Index 3
Index 4
Index 5
Index 6
Index 7
Index 8
Index 9
Index 10
Index 11
Index 12
Index 13
Index 14
Index 15
Index 16
Index 32
Index 33
Instructions Retired: 600000 Cycle: 176583 Hearbeat IPC: 4.616667 Cumulative IPC: 3.397835
Cycle: 176583	Best offset: 1	Score: 0	Hit Rate: 0.766222
Index 49
Index 50
Index 51
Index 52
Index 53
Index 54
Index 55
Index 56
Index 57
Index 58
Index 59
Index 60
Index 61
Index 62
Index 0
Index 2
Index 3
Index 4
Index 5
Index 6
Index 7
Index 8
Index 9
Index 10
Index 11
Index 12
Index 13
Index 14
Index 15
Index 16
Index 33
Index 49
Index 1
Index 0
Index 1
Index 2
Index 3
Index 4
Index 5
Index 6
Index 7
Index 8
Index 9
Index 20
Index 21
Index 22
Index 23
Index 24
Index 25
Index 42
Index 43
Index 44
Instructions Retired: 700003 Cycle: 212616 Hearbeat IPC: 2.775317 Cumulative IPC: 3.292335
Cycle: 212616	Best offset: 1	Score: 0	Hit Rate: 0.779953
Index 45
Index 46
Index 47
Index 48
Index 49
Index 50
Index 51
Index 0
Index 1
Index 2
Index 3
Index 4
Index 5
Index 6
Index 7
Index 8
Index 9
Index 20
Index 21
Index 22
Index 23
Index 24
Index 25
Index 42
Index 43
Index 44
Index 45
Index 46
Index 47
Index 48
Index 49
Index 50
Index 51
Index 63
Index 63
Index 63
Index 0
Index 0
Index 0
Index 0
Index 1
Index 1
Index 1
Index 1
Index 1
Index 2
Index 2
Index 2
Index 2
Index 3
Index 3
Index 3
Index 3
Index 3
Index 4
Index 4
Index 4
Index 4
Index 5
Index 5
Index 5
Index 5
Index 6
Index 6
Index 6
Index 6
Index 63
Index 63
Index 63
Index 0
Index 0
Index 0
Index 0
Index 1
Index 1
Index 1
Index 1
Index 1
Index 2
Index 2
Index 2
Index 2
Index 2
Index 2
Index 3
Index 3
Index 63
Index 0
Index 0
Index 0
Index 0
Index 5
Index 5
Index 5
Index 5
Index 5
Index 6
Index 6
Index 6
Index 6
Index 7
Index 7
Index 7
Index 7
Index 8
Index 8
Index 8
Index 8
Index 9
Index 9
Index 9
Index 9
Index 9
Index 9
Index 9
Index 9
Index 9
Index 9
Index 9
Index 9
Index 63
Index 0
Index 0
Index 0
Index 0
Index 1
Index 1
Index 1
Index 0
Index 0
Index 0
Index 0
Index 0
Index 1
Index 1
Index 1
Index 1
Index 2
Index 2
Index 2
Index 2
Index 3
Index 3
Index 3
Index 3
Index 4
Index 4
Index 4
Index 4
Index 5
Index 5
Index 5
Index 5
Index 5
Index 6
Index 6
Index 6
Index 6
Index 7
Index 7
Index 7
Index 7
Index 7
Index 8
Index 8
Index 8
Instructions Retired: 800001 Cycle: 239786 Hearbeat IPC: 3.680456 Cumulative IPC: 3.336312
Cycle: 239786	Best offset: 1	Score: 0	Hit Rate: 0.810310
Index 0
Index 0
Index 0
Index 0
Index 0
Index 1
Index 1
Index 1
Index 1
Index 1
Index 1
Index 2
Index 2
Index 2
Index 2
Index 3
Index 3
Index 3
Index 3
Index 5
Index 5
Index 5
Index 5
Index 5
Index 5
Index 5
Index 6
Index 6
Index 6
Index 6
Index 6
Index 6
Index 6
Index 8
Index 0
Index 1
Index 2
Index 3
Index 8
Index 9
Index 10
Index 11
Index 12
Index 13
Index 14
Index 15
Index 16
Index 17
Index 18
Index 19
Index 0
Index 1
Index 2
Index 3
Index 8
Index 9
Index 10
Index 11
Index 12
Index 13
Index 14
Index 15
Index 16
Index 17
Index 18
Index 19
Instructions Retired: 900000 Cycle: 272254 Hearbeat IPC: 3.079925 Cumulative IPC: 3.305737
Cycle: 272254	Best offset: 1	Score: 0	Hit Rate: 0.825662
Index 40
Index 41
Index 42
Index 61
Index 62
Index 0
Index 1
Index 2
Index 3
Index 4
Index 5
Index 6
Index 7
Index 8
Index 9
Index 10
Index 11
Index 12
Index 26
Index 27
Index 28
Index 61
Index 62
Index 0
Index 1
Index 2
Index 3
Index 4
Index 5
Index 6
Index 7
Index 8
Index 9
Index 10
Index 11
Index 12
Index 26
Index 27
Index 28
Instructions Retired: 1000000 Cycle: 308383 Hearbeat IPC: 2.767860 Cumulative IPC: 3.242721
Cycle: 308383	Best offset: 1	Score: 0	Hit Rate: 0.829542
Index 63
Index 63
Index 63
Index 63
Index 63
Index 63
Index 63
Index 63
Index 63
Index 63
Instructions Retired: 1100005 Cycle: 345523 Hearbeat IPC: 2.692649 Cumulative IPC: 3.183594
Cycle: 345523	Best offset: 1	Score: 0	Hit Rate: 0.758904
Index 63
Index 63
Index 63
Index 63
Index 63
Index 63
Index 0
Index 10
Index 1
Index 2
Index 11
Index 3
Index 4
Index 11
Index 12
Index 13
Index 14
Index 15
Instructions Retired: 1200001 Cycle: 382380 Hearbeat IPC: 2.713080 Cumulative IPC: 3.138242
Cycle: 382380	Best offset: 1	Score: 0	Hit Rate: 0.719296
Index 16
Index 17
Index 18
Index 19
Index 20
Index 0
Index 1
Index 2
Index 3
Index 4
Index 11
Index 12
Index 13
Index 14
Index 15
Index 16
Index 17
Index 18
Index 19
Index 20
Index 0
Index 1
Index 2
Index 3
Index 4
Index 11
Index 12
Index 13
Index 14
Index 15
Index 16
Index 17
Index 18
Index 19
Index 20
Instructions Retired: 1300000 Cycle: 418434 Hearbeat IPC: 2.773590 Cumulative IPC: 3.106822
Cycle: 418434	Best offset: 1	Score: 0	Hit Rate: 0.730017
Index 0
Index 1
Index 2
Index 3
Index 4
Index 11
Index 12
Index 13
Index 14
Index 15
Index 16
Index 17
Index 18
Index 19
Index 20
Index 63
Index 63
Index 0
Index 0
Index 0
Index 0
Index 1
Index 1
Index 1
Index 1
Index 2
Index 2
Index 2
Index 2
Index 2
Index 3
Index 3
Index 3
Index 3
Index 3
Index 3
Index 4
Index 4
Index 4
Index 4
Index 4
Index 4
Index 4
Index 4
Index 4
Index 4
Index 4
Index 5
Index 5
Index 5
Index 5
Index 63
Index 0
Index 0
Index 0
Index 0
Index 0
Index 0
Index 0
Index 0
Index 0
Index 0
Index 0
Index 0
Index 0
Index 1
Index 1
Index 1
Index 1
Index 1
Index 63
Index 0
Index 0
Index 0
Index 0
Index 7
Index 7
Index 7
Index 7
Index 7
Index 8
Index 63
Index 63
Index 63
Index 0
Index 0
Index 0
Index 0
Index 0
Index 0
Index 0
Index 0
Index 0
Index 0
Index 1
Index 1
Index 1
Index 1
Index 2
Index 2
Index 2
Index 2
Index 2
Index 2
Index 2
Index 2
Index 2
Index 2
Index 3
Index 3
Index 3
Index 3
Index 3
Index 3
Index 3
Index 3
Index 3
Index 3
Index 4
Index 4
Index 4
Index 4
Index 5
Index 5
Index 5
Index 5
Index 5
Index 63
Index 0
Index 0
Index 0
Index 0
Index 0
Index 0
Index 0
Index 0
Index 0
Index 0
Index 1
Index 1
Index 1
Index 1
Index 1
Index 1
Index 1
Index 1
Index 1
Index 1
Index 2
Index 2
Index 2
Index 2
Index 3
Index 3
Index 3
Index 3
Index 3
Index 63
Index 63
Index 63
Index 63
Index 63
Index 63
Index 63
Index 63
Index 63
Index 0
Index 0
Index 0
Index 0
Instructions Retired: 1400001 Cycle: 444438 Hearbeat IPC: 3.845601 Cumulative IPC: 3.150048
Cycle: 444438	Best offset: 1	Score: 0	Hit Rate: 0.756885
Index 1
Index 1
Index 1
Index 1
Index 1
Index 63
Index 63
Index 2
Index 2
Index 2
Index 2
Index 3
Index 3
Index 3
Index 3
Index 3
Index 14
Index 31
Index 35
Index 39
Index 38
Index 30
Index 33
Index 40
Index 51
Index 52
Index 53
Index 54
Index 55
Index 56
Index 57
Index 58
Index 59
Index 60
Index 61
Index 0
Index 1
Index 2
Index 3
Index 8
Index 9
Index 10
Index 11
Index 12
Index 13
Index 14
Index 15
Index 16
Index 17
Index 18
Index 19
Index 52
Index 53
Index 54
Index 55
Index 56
Index 57
Index 58
Index 59
Index 60
Index 61
Index 62
Index 0
Index 1
Index 2
Index 3
Index 8
Index 9
Index 10
Index 11
Index 12
Index 13
Index 14
Index 15
Index 16
Index 17
Index 18
Instructions Retired: 1500001 Cycle: 478010 Hearbeat IPC: 2.978673 Cumulative IPC: 3.138012
Cycle: 478010	Best offset: 1	Score: 0	Hit Rate: 0.768095
Index 19
Index 52
Index 53
Index 54
Index 55
Index 56
Index 57
Index 58
Index 59
Index 60
Index 61
Index 62
Index 0
Index 1
Index 2
Index 3
Index 8
Index 9
Index 10
Index 11
Index 12
Index 13
Index 14
Index 15
Index 16
Index 17
Index 18
Index 19
Index 52
Index 53
Index 54
Index 55
Index 56
Index 57
Index 58
Index 59
Index 60
Index 61
Index 62
Index 0
Index 1
Index 2
Index 3
Index 8
Index 9
Index 10
Index 11
Index 28
Index 28
Index 28
Index 34
Index 34
Index 35
Index 35
Index 35
Index 30
Index 30
Index 32
Index 32
Index 26
Index 26
Index 26
Index 25
Index 25
Index 31
Index 31
Index 31
Instructions Retired: 1600004 Cycle: 512005 Hearbeat IPC: 2.941697 Cumulative IPC: 3.124977
Cycle: 512005	Best offset: 1	Score: 0	Hit Rate: 0.776183
Index 0
Index 0
Index 1
Index 1
Index 1
Index 2
Index 2
Index 3
Index 3
Index 3
Index 4
Index 4
Index 5
Index 5
Index 5
Index 6
Index 6
Index 7
Index 7
Index 8
Index 8
Index 9
Index 9
Index 9
Index 10
Index 10
Index 11
Index 63
Index 63
Index 0
Index 0
Index 1
Index 5
Index 5
Index 6
Index 6
Index 6
Index 7
Index 7
Index 8
Index 8
Index 9
Index 9
Index 10
Index 10
Index 11
Index 11
Index 12
Index 12
Index 13
Index 13
Index 13
Index 14
Index 14
Index 0
Index 0
Index 1
Index 1
Index 1
Index 2
Index 2
Index 2
Index 3
Index 3
Index 14
Index 14
Index 15
Index 15
Index 15
Index 16
Index 16
Index 63
Index 0
Index 0
Index 0
Index 1
Index 1
Index 2
Index 2
Index 2
Index 3
Index 3
Index 4
Index 4
Index 4
Index 5
Index 5
Index 0
Index 0
Index 0
Index 1
Index 1
Index 1
Index 2
Index 2
Index 3
Index 3
Index 3
Index 4
Index 4
Index 5
Index 5
Index 6
Index 6
Index 6
Index 7
Index 7
Index 8
Index 8
Index 21
Index 21
Index 22
Index 22
Index 23
Index 23
Index 23
Index 24
Index 24
Index 25
Instructions Retired: 1700000 Cycle: 529450 Hearbeat IPC: 5.732072 Cumulative IPC: 3.210879
Cycle: 529450	Best offset: 1	Score: 0	Hit Rate: 0.790726
Index 0
Index 0
Index 0
Index 0
Index 1
Index 1
Index 1
Index 1
Index 1
Index 2
Index 2
Index 2
Index 2
Index 3
Index 3
Index 3
Index 3
Index 4
Index 4
Index 4
Index 4
Index 63
Index 63
Index 63
Index 0
Index 4
Index 4
Index 4
Index 4
Index 5
Index 5
Index 5
Index 5
Index 6
Index 6
Index 6
Index 6
Index 6
Index 7
Index 7
Index 7
Index 7
Index 7
Index 8
Index 8
Index 8
Index 8
Index 9
Index 9
Index 9
Index 9
Index 63
Index 63
Index 63
Index 0
Index 0
Index 0
Index 0
Index 1
Index 1
Index 1
Index 1
Index 1
Index 2
Index 2
Index 2
Index 2
Index 2
Index 3
Index 3
Index 3
Index 3
Index 4
Index 4
Index 4
Index 4
Index 5
Index 5
Index 5
Index 5
Index 6
Index 63
Index 0
Index 0
Index 0
Index 0
Index 1
Index 63
Index 63
Index 0
Index 0
Index 0
Index 0
Index 0
Index 0
Index 1
Index 1
Index 1
Index 1
Index 2
Index 2
Index 2
Index 2
Index 3
Index 3
Index 3
Index 3
Index 3
Index 4
Index 4
Index 4
Index 4
Index 4
Index 5
Index 5
Index 5
Index 5
Index 6
Index 6
Index 6
Index 6
Index 6
Index 6
Index 7
Index 63
Index 0
Index 0
Index 0
Index 0
Index 0
Index 1
Index 1
Index 1
Index 1
Index 2
Index 2
Index 2
Index 2
Index 11
Index 11
Index 11
Index 12
Index 63
Index 63
Index 63
Index 63
Index 63
Index 0
Index 0
Index 0
Index 0
Index 1
Index 1
Index 1
Index 1
Index 2
Index 2
Index 2
Index 2
Index 2
Index 3
Index 3
Index 3
Index 3
Index 15
Index 22
Index 22
Index 22
Index 22
Index 22
Index 63
Index 63
Index 63
Index 3
Index 3
Index 3
Index 3
Index 3
Index 4
Index 4
Index 4
Index 4
Index 5
Index 5
Index 5
Index 5
Index 5
Index 6
Index 6
Index 6
Index 6
Index 7
Index 7
Index 7
Index 7
Index 8
Index 8
Index 8
Index 8
Index 8
Index 9
Index 9
Index 9
Index 0
Index 0
Index 0
Index 0
Index 0
Index 1
Index 1
Index 1
Index 1
Index 1
Index 2
Index 2
Index 2
Index 2
Index 3
Index 3
Index 3
Index 3
Index 3
Index 4
Index 4
Index 4
Index 4
Index 4
Index 63
Index 63
Index 63
Index 0
Index 0
Index 0
Index 0
Index 1
Index 1
Index 1
Index 10
Index 10
Index 10
Index 10
Index 10
Instructions Retired: 1800003 Cycle: 546691 Hearbeat IPC: 5.800302 Cumulative IPC: 3.292542
Cycle: 546691	Best offset: 1	Score: 0	Hit Rate: 0.814544
Index 63
Index 63
Index 0
Index 0
Index 0
Index 0
Index 0
Index 1
Index 1
Index 1
Index 1
Index 2
Index 2
Index 2
Index 2
Index 3
Index 3
Index 3
Index 3
Index 3
Index 4
Index 4
Index 4
Index 4
Index 5
Index 5
Index 5
Index 5
Index 5
Index 6
Index 6
Index 6
Index 6
Index 63
Index 63
Index 63
Index 0
Index 0
Index 0
Index 0
Index 1
Index 1
Index 1
Index 1
Index 1
Index 2
Index 2
Index 2
Index 2
Index 2
Index 63
Index 63
Index 63
Index 0
Index 0
Index 0
Index 0
Index 0
Index 1
Index 1
Index 1
Index 1
Index 2
Index 2
Index 2
Index 2
Index 3
Index 3
Index 3
Index 3
Index 3
Index 4
Index 4
Index 4
Index 4
Index 5
Index 5
Index 5
Index 5
Index 5
Index 6
Index 6
Index 6
Index 6
Index 7
Index 7
Index 7
Index 7
Index 7
Index 0
Index 1
Index 2
Index 3
Index 4
Index 11
Index 5
Index 6
Index 7
Index 8
Index 19
Index 20
Index 21
Index 22
Index 23
Index 24
Index 0
Index 1
Index 2
Index 3
Index 4
Index 5
Index 6
Index 7
Index 8
Instructions Retired: 1900003 Cycle: 576946 Hearbeat IPC: 3.305239 Cumulative IPC: 3.293208
Cycle: 576946	Best offset: 1	Score: 0	Hit Rate: 0.823756
Index 19
Index 20
Index 21
Index 22
Index 23
Index 24
Index 0
Index 1
Index 2
Index 3
Index 4
Index 5
Index 6
Index 7
Index 8
Index 19
Index 20
Index 21
Index 22
Index 23
Index 24
Index 0
Index 1
Index 2
Index 3
Index 4
Index 5
Index 6
Index 7
Index 8
Index 19
Index 20
Index 21
Index 22
Index 23
Index 24
Instructions Retired: 2000000 Cycle: 612998 Hearbeat IPC: 2.773688 Cumulative IPC: 3.262653
Cycle: 612998	Best offset: 1	Score: 0	Hit Rate: 0.828041
Index 63
Index 63
Index 0
Index 0
Index 0
Index 0
Index 0
Index 1
Index 1
Index 1
Index 1
Index 2
Index 2
Index 2
Index 2
Index 3
Index 3
Index 3
Index 3
Index 4
Index 4
Index 4
Index 4
Index 5
Index 5
Index 5
Index 5
Index 5
Index 6
Index 6
Index 6
Index 6
Index 7
Index 7
Index 7
Index 7
Index 8
Index 8
Index 63
Index 63
Index 0
Index 0
Index 0
Index 0
Index 0
Index 1
Index 1
Index 1
Index 1
Index 2
Index 2
Index 2
Index 2
Index 3
Index 3
Index 3
Index 3
Index 4
Index 1
Index 1
Index 1
Index 1
Index 2
Index 2
Index 2
Index 2
Index 3
Index 3
Index 3
Index 3
Index 4
Index 4
Index 4
Index 4
Index 4
Index 5
Index 5
Index 5
Index 5
Index 5
Index 6
Index 6
Index 6
Index 6
Index 7
Index 7
Index 7
Index 7
Index 7
Index 8
Index 8
Index 8
Index 8
Index 9
Index 63
Index 63
Index 0
Index 0
Index 0
Index 0
Index 1
Index 1
Index 1
Index 1
Index 2
Index 2
Index 2
Index 2
Index 3
Index 3
Index 3
Index 3
Index 3
Index 4
Index 4
Index 4
Index 4
Index 5
Index 63
Index 63
Index 63
Index 63
Index 0
Index 5
Index 5
Index 5
Index 5
Index 6
Index 6
Index 6
Index 6
Index 7
Index 7
Index 7
Index 7
Index 7
Index 8
Index 8
Index 8
Index 8
Index 8
Index 9
Index 9
Index 9
Index 9
Index 10
Index 63
Index 63
Index 0
Index 0
Index 0
Index 0
Index 1
Index 1
Index 1
Index 1
Index 1
Index 2
Index 2
Index 2
Index 2
Index 3
Index 3
Index 3
Index 3
Index 4
Index 4
Index 4
Index 4
Index 5
Index 5
Index 5
Index 5
Index 5
Index 0
Index 1
Index 2
Index 3
Index 4
Index 5
Index 6
Index 7
Index 8
Index 9
Index 10
Index 11
Index 25
Index 26
Index 27
Instructions Retired: 2100001 Cycle: 636661 Hearbeat IPC: 4.226049 Cumulative IPC: 3.298460
Cycle: 636661	Best offset: 1	Score: 0	Hit Rate: 0.840131
Index 44
Index 45
Index 46
Index 47
Index 48
Index 49
Index 50
Index 51
Index 52
Index 53
Index 54
Index 55
Index 56
Index 0
Index 1
Index 2
Index 3
Index 4
Index 5
Index 6
Index 7
Index 8
Index 9
Index 10
Index 11
Index 25
Index 26
Index 27
Index 44
Index 45
Index 46
Index 47
Index 48
Index 49
Index 50
Index 51
Index 52
Index 53
Index 54
Index 55
Index 56
Index 0
Index 1
Index 2
Index 3
Index 4
Index 5
Index 6
Index 7
Index 8
Index 9
Index 10
Index 11
Index 25
Index 26
Index 27
Index 44
Index 45
Index 46
Index 47
Index 48
Index 49
Index 50
Index 51
Index 52
Index 53
Instructions Retired: 2200003 Cycle: 672728 Hearbeat IPC: 2.772673 Cumulative IPC: 3.270271
Cycle: 672728	Best offset: 1	Score: 0	Hit Rate: 0.843665
Index 54
Index 55
Index 56
Index 0
Index 1
Index 2
Index 3
Index 4
Index 5
Index 6
Index 7
Index 8
Index 9
Index 10
Index 11
Index 25
Index 26
Index 27
Index 44
Index 45
Index 46
Index 47
Index 48
Index 49
Index 50
Index 51
Index 56
Index 63
Index 63
Index 63
Index 63
Index 63
Index 63
Index 63
Index 63
Index 63
Index 63
Index 63
Index 63
Index 63
Index 63
Index 63
Index 63
Index 63
Index 63
Index 63
Index 63
Index 63
Index 63
Index 63
Index 63
Index 63
Index 63
Index 63
Index 63
Index 63
Index 63
Index 63
Index 63
Index 63
Index 63
Index 63
Index 63
Index 63
Index 63
Index 63
Index 63
Index 63
Index 63
Index 63
Index 63
Index 63
Index 63
Index 63
Index 63
Index 63
Index 63
Index 63
Index 63
Index 63
Index 63
Index 63
Index 63
Index 63
Index 63
Index 63
Index 63
Index 63
Index 63
Index 63
Index 63
Index 63
Index 63
Index 63
Index 63
Index 63
Index 63
Index 63
Index 63
Index 63
Index 63
Index 63
Index 63
Index 63
Index 63
Index 63
Index 63
Index 63
Index 63
Index 63
Index 63
Index 63
Index 63
Index 63
Index 63
Index 63
Index 63
Index 63
Index 63
Index 63
Index 63
Index 63
Index 63
Index 63
Index 63
Index 63
Index 63
Index 63
Index 63
Index 63
Index 63
Index 63
Index 63
Index 63
Index 63
Index 63
Index 63
Index 63
Index 63
Index 63
Index 63
Index 63
Index 63
Index 63
Index 63
Index 63
Index 63
Index 63
Index 63
Index 63
Index 63
Index 63
Index 63
Index 63
Index 63
Instructions Retired: 2300005 Cycle: 709261 Hearbeat IPC: 2.737306 Cumulative IPC: 3.242819
Cycle: 709261	Best offset: 1	Score: 0	Hit Rate: 0.826861
Index 63
Index 63
Index 63
Index 63
Index 63
Index 63
Index 63
Index 63
Index 63
Index 63
Index 63
Index 63
Index 63
Index 63
Index 63
Index 63
Index 63
Index 63
Index 63
Index 63
Index 63
Index 63
Index 63
Index 63
Index 63
Index 63
Index 63
Index 63
Index 63
Index 63
Index 63
Index 63
Index 63
Index 63
Index 63
Index 63
Index 63
Index 63
Index 63
Index 63
Index 63
Index 63
Index 63
Index 63
Index 63
Index 63
Index 63
Index 63
Index 63
Index 63
Index 63
Index 63
Index 63
Index 63
Index 63
Index 63
Index 63
Index 63
Index 63
Index 63
Index 63
Index 63
Index 63
Index 63
Index 63
Index 63
Index 63
Index 63
Index 63
Index 63
Index 63
Index 63
Index 63
Index 63
Index 63
Index 63
Index 63
Index 63
Index 63
Index 63
Index 63
Index 63
Index 63
Index 63
Index 63
Index 63
Index 63
Index 63
Index 63
Index 63
Index 63
Index 63
Index 63
Index 63
Index 63
Index 63
Index 63
Index 63
Index 63
Index 63
Index 63
Index 63
Index 63
Index 63
Index 63
Index 63
Index 63
Index 63
Index 63
Index 63
Index 63
Index 63
Index 63
Index 63
Index 63
Index 63
Index 63
Index 63
Index 63
Index 63
Index 63
Index 63
Index 63
Index 63
Index 63
Index 63
Index 63
Index 63
Index 63
Index 63
Index 63
Index 63
Index 63
Index 63
Index 63
Index 63
Index 63
Index 63
Index 63
Index 63
Index 63
Index 63
Index 63
Index 63
Index 63
Index 63
Index 63
Index 63
Index 63
Index 63
Index 63
Index 63
Index 63
Index 63
Index 63
Index 63
Index 63
Index 63
Index 63
Index 63
Index 63
Index 63
Index 63
Index 63
Index 63
Index 63
Index 63
Index 63
Index 63
Index 63
Index 63
Index 63
Index 63
Index 63
Index 63
Index 63
Index 63
Index 63
Index 63
Index 63
Index 63
Index 63
Index 63
Index 63
Index 63
Index 63
Index 63
Index 63
Index 63
Index 63
Index 63
Index 63
Index 63
Index 63
Index 63
Index 63
Index 63
Index 63
Index 63
Index 63
Index 63
Index 63
Index 63
Index 63
Index 63
Index 63
Index 63
Index 63
Index 63
Index 63
Index 63
Index 63
Index 63
Index 63
Index 63
Index 63
Index 63
Index 63
Index 63
Index 63
Index 63
Index 63
Instructions Retired: 2400000 Cycle: 746396 Hearbeat IPC: 2.692743 Cumulative IPC: 3.215451
Cycle: 746396	Best offset: 1	Score: 0	Hit Rate: 0.792919
Index 63
Index 63
Index 63
Index 63
Index 63
Index 63
Index 63
Index 63
Index 63
Index 63
Index 63
Index 63
Index 63
Index 63
Index 63
Index 63
Index 63
Index 63
Index 63
Index 63
Index 63
Index 63
Index 63
Index 63
Index 63
Index 63
Index 63
Index 63
Index 63
Index 63
Index 63
Index 63
Index 63
Index 63
Index 63
Index 63
Index 63
Index 63
Index 63
Index 63
Index 63
Index 63
Index 63
Index 63
Index 63
Index 63
Index 63
Index 63
Index 63
Index 63
Index 0
Index 1
Index 2
Index 3
Index 4
Index 5
Index 6
Index 7
Index 8
Index 9
Index 10
Index 11
Index 12
Index 27
Index 28
Index 45
Index 46
Index 47
Index 48
Index 49
Index 50
Index 51
Index 52
Index 53
Index 54
Index 55
Index 56
Index 57
Index 58
Index 0
Index 1
Index 2
Index 3
Index 4
Index 5
Index 6
Index 7
Index 8
Index 9
Index 10
Index 11
Index 12
Index 27
Index 28
Instructions Retired: 2500000 Cycle: 782744 Hearbeat IPC: 2.751183 Cumulative IPC: 3.193892
Cycle: 782744	Best offset: 1	Score: 0	Hit Rate: 0.788233
Index 45
Index 46
Index 47
Index 48
Index 49
Index 50
Index 51
Index 52
Index 53
Index 54
Index 55
Index 56
Index 57
Index 58
Index 0
Index 1
Index 2
Index 3
Index 4
Index 5
Index 6
Index 7
Index 8
Index 9
Index 10
Index 11
Index 12
Index 27
Index 28
Index 45
Index 46
Index 47
Index 48
Index 49
Index 50
Index 51
Index 52
Index 53
Index 54
Index 55
Index 56
Index 57
Index 58
Index 0
Index 1
Index 2
Index 3
Index 4
Index 5
Index 6
Index 7
Index 8
Index 9
Index 10
Index 11
Index 12
Index 27
Index 28
Index 45
Index 46
Index 47
Index 48
Index 49
Index 50
Index 51
Index 52
Instructions Retired: 2600005 Cycle: 818799 Hearbeat IPC: 2.773679 Cumulative IPC: 3.175389
Cycle: 818799	Best offset: 1	Score: 0	Hit Rate: 0.792203
Index 43
Index 63
Index 63
Index 0
Index 0
Index 0
Index 0
Index 0
Index 0
Index 1
Index 1
Index 1
Index 1
Index 2
Index 2
Index 2
Index 2
Index 3
Index 3
Index 3
Index 3
Index 4
Index 4
Index 4
Index 4
Index 5
Index 5
Index 5
Index 5
Index 6
Index 6
Index 6
Index 6
Index 63
Index 63
Index 63
Index 0
Index 0
Index 0
Index 0
Index 1
Index 1
Index 1
Index 1
Index 1
Index 2
Index 2
Index 2
Index 63
Index 63
Index 63
Index 0
Index 0
Index 0
Index 0
Index 1
Index 1
Index 1
Index 1
Index 1
Index 1
Index 2
Index 2
Index 2
Index 2
Index 2
Index 3
Index 3
Index 3
Index 3
Index 4
Index 4
Index 4
Index 4
Index 5
Index 5
Index 5
Index 5
Index 6
Index 6
Index 6
Index 6
Index 7
Index 7
Index 0
Index 0
Index 0
Index 0
Index 1
Index 1
Index 1
Index 1
Index 1
Index 2
Index 2
Index 2
Index 2
Index 2
Index 2
Index 2
Index 2
Index 2
Index 2
Index 63
Index 0
Index 0
Index 0
Index 0
Index 6
Index 6
Index 6
Index 6
Index 7
Index 7
Index 7
Index 7
Index 8
Index 8
Index 8
Index 8
Index 9
Index 9
Index 9
Index 9
Index 10
Index 10
Index 10
Index 63
Index 0
Index 0
Index 0
Index 0
Index 0
Index 0
Index 1
Index 1
Index 1
Index 1
Index 1
Index 2
Index 2
Index 2
Index 2
Index 2
Index 3
Index 3
Index 3
Index 3
Index 3
Index 4
Index 4
Index 4
Index 4
Index 5
Index 5
Index 5
Index 5
Index 5
Index 5
Index 63
Index 63
Index 63
Index 63
Index 63
Index 63
Index 63
Index 63
Index 63
Index 63
Index 0
Index 0
Index 0
Index 0
Index 0
Index 0
Index 0
Index 0
Index 0
Index 0
Index 0
Index 48
Index 60
Index 61
Index 0
Index 1
Index 2
Index 3
Index 4
Index 5
Index 6
Index 7
Index 8
Index 9
Index 10
Index 11
Instructions Retired: 2700000 Cycle: 842402 Hearbeat IPC: 4.236538 Cumulative IPC: 3.205121
Cycle: 842402	Best offset: 1	Score: 0	Hit Rate: 0.804629
Index 25
Index 26
Index 27
Index 60
Index 61
Index 62
Index 0
Index 1
Index 2
Index 3
Index 4
Index 5
Index 6
Index 7
Index 8
Index 9
Index 10
Index 11
Index 25
Index 26
Index 27
Index 60
Index 61
Index 62
Index 0
Index 1
Index 2
Index 3
Index 4
Index 5
Index 6
Index 7
Index 8
Index 9
Index 10
Index 11
Index 25
Index 26
Index 27
Instructions Retired: 2800003 Cycle: 878420 Hearbeat IPC: 2.776473 Cumulative IPC: 3.187545
Cycle: 878420	Best offset: 1	Score: 0	Hit Rate: 0.808157
Index 60
Index 61
Index 62
Index 0
Index 1
Index 2
Index 3
Index 4
Index 5
Index 6
Index 7
Index 8
Index 9
Index 10
Index 11
Index 26
Index 0
Index 0
Index 0
Index 1
Index 1
Index 2
Index 2
Index 2
Index 13
Index 13
Index 13
Index 14
Index 14
Index 15
Index 15
Index 15
Index 63
Index 0
Index 0
Index 0
Index 1
Index 1
Index 2
Index 2
Index 3
Index 3
Index 3
Index 4
Index 4
Index 4
Index 5
Index 5
Index 5
Index 19
Index 19
Index 19
Index 20
Index 20
Index 20
Index 21
Index 21
Index 0
Index 0
Index 1
Index 1
Index 2
Index 2
Index 3
Index 3
Index 4
Index 4
Index 5
Index 5
Index 5
Index 6
Index 6
Index 7
Index 7
Index 7
Instructions Retired: 2900000 Cycle: 903899 Hearbeat IPC: 3.924683 Cumulative IPC: 3.208323
Cycle: 903899	Best offset: 1	Score: 0	Hit Rate: 0.813810
Index 63
Index 0
Index 0
Index 0
Index 1
Index 1
Index 2
Index 2
Index 3
Index 3
Index 3
Index 4
Index 4
Index 5
Index 5
Index 5
Index 6
Index 6
Index 6
Index 7
Index 7
Index 8
Index 8
Index 8
Index 9
Index 9
Index 9
Index 10
Index 10
Index 10
Index 63
Index 63
Index 2
Index 2
Index 2
Index 3
Index 3
Index 3
Index 4
Index 4
Index 5
Index 5
Index 6
Index 6
Index 7
Index 7
Index 8
Index 8
Index 9
Index 9
Index 10
Index 10
Index 10
Index 11
Index 11
Index 11
Index 12
Index 12
Index 12
Index 13
Index 13
Index 0
Index 0
Index 0
Index 0
Index 1
Index 1
Index 1
Index 1
Index 2
Index 2
Index 2
Index 2
Index 3
Index 3
Index 3
Index 3
Index 4
Index 4
Index 4
Index 4
Index 4
Index 5
Index 5
Index 5
Index 5
Index 6
Index 6
Index 6
Index 6
Index 7
Index 7
Index 7
Index 7
Index 7
Index 63
Index 63
Index 63
Index 63
Index 0
Index 0
Index 0
Index 0
Index 1
Index 1
Index 1
Index 1
Index 1
Index 1
Index 1
Index 2
Index 2
Index 2
Index 2
Index 2
Index 3
Index 3
Index 3
Index 3
Index 63
Index 63
Index 63
Index 3
Index 3
Index 3
Index 3
Index 4
Index 4
Index 4
Index 4
Index 5
Index 5
Index 5
Index 5
Index 6
Index 6
Index 6
Index 6
Index 6
Index 7
Index 7
Index 7
Index 7
Index 7
Index 8
Index 8
Index 8
Index 8
Index 9
Index 9
Index 9
Index 9
Index 10
Index 63
Index 63
Index 0
Index 0
Index 0
Index 0
Index 1
Index 1
Index 1
Index 1
Index 2
Index 2
Index 2
Index 2
Index 2
Index 2
Index 2
Index 3
Index 3
Index 3
Index 3
Index 3
Index 4
Index 4
Index 4
Index 4
Index 5
Index 5
Index 5
Index 63
Index 0
Index 0
Index 0
Index 0
Index 0
Index 10
Index 10
Index 10
Index 10
Index 11
Index 11
Index 11
Index 11
Instructions Retired: 3000000 Cycle: 921172 Hearbeat IPC: 5.789382 Cumulative IPC: 3.256721
Cycle: 921172	Best offset: 1	Score: 0	Hit Rate: 0.823765
Index 0
Index 0
Index 0
Index 0
Index 0
Index 1
Index 1
Index 1
Index 1
Index 2
Index 2
Index 2
Index 2
Index 3
Index 3
Index 3
Index 3
Index 3
Index 4
Index 4
Index 4
Index 4
Index 4
Index 5
Index 5
Index 5
Index 5
Index 5
Index 6
Index 6
Index 6
Index 63
Index 63
Index 0
Index 0
Index 0
Index 0
Index 1
Index 1
Index 1
Index 1
Index 1
Index 2
Index 2
Index 63
Index 63
Index 63
Index 0
Index 0
Index 0
Index 0
Index 1
Index 1
Index 1
Index 1
Index 1
Index 2
Index 2
Index 2
Index 2
Index 3
Index 3
Index 3
Index 3
Index 3
Index 4
Index 4
Index 63
Index 63
Index 0
Index 0
Index 0
Index 0
Index 6
Index 6
Index 6
Index 6
Index 6
Index 7
Index 7
Index 7
Index 7
Index 8
Index 8
Index 8
Index 8
Index 8
Index 9
Index 9
Index 9
Index 9
Index 9
Index 63
Index 0
Index 0
Index 0
Index 0
Index 0
Index 1
Index 1
Index 1
Index 1
Index 1
Index 2
Index 2
Index 2
Index 2
Index 3
Index 3
Index 3
Index 3
Index 3
Index 4
Index 4
Index 4
Index 4
Index 5
Index 5
Index 5
Index 5
Index 5
Index 63
Index 63
Index 0
Index 0
Index 0
Index 0
Index 1
Index 1
Index 1
Index 1
Index 1
Index 11
Index 11
Index 11
Index 0
Index 0
Index 0
Index 0
Index 1
Index 1
Index 1
Index 1
Index 1
Index 2
Index 2
Index 2
Index 2
Index 3
Index 3
Index 3
Index 3
Index 3
Index 4
Index 4
Index 4
Index 4
Index 4
Index 5
Index 5
Index 5
Index 5
Index 6
Index 6
Index 6
Index 6
Index 6
Index 7
Index 7
Index 7
Index 7
Index 63
Index 63
Index 63
Index 0
Index 0
Index 0
Index 0
Index 0
Index 1
Index 1
Index 1
Index 1
Index 2
Index 2
Index 2
Index 2
Index 2
Index 3
Index 3
Index 0
Index 1
Index 2
Index 3
Index 4
Index 5
Index 6
Index 7

Simulation complete. Instructions retired: 3099757 Cycles elapsed: 941190 IPC: 3.293444

Prefetcher final stats
