
*** Data Prefetching Championship 2 Simulator ***

Warmup Instructions: 10000000
Simulation Instructions: 100000000
Scramble loads OFF
Using 1MB Last Level Cache
Using 3.2 GB/s DRAM bandwidth
Knobs visible from prefetcher: 0 0 1
Resetting history queue.
Resetting offset table
Setting initial offset to 1
Tag offset: 6
Ressetting hit rate
Resetting rable rounds
Instructions Retired: 100001 Cycle: 46918 Hearbeat IPC: 2.131399 Cumulative IPC: 2.131399
Cycle: 46918	Best offset: 1	Score: 0	Hit Rate: 0.621469
	---- Offset table ----
Offset -> Score
29 -> 5
67 -> 5
9 -> 4
25 -> 4
	----------------------
Instructions Retired: 200004 Cycle: 75817 Hearbeat IPC: 3.460431 Cumulative IPC: 2.637984
Cycle: 75817	Best offset: 1	Score: 0	Hit Rate: 0.777409
	---- Offset table ----
Offset -> Score
67 -> 9
9 -> 6
25 -> 6
33 -> 6
	----------------------
Instructions Retired: 300003 Cycle: 104388 Hearbeat IPC: 3.500017 Cumulative IPC: 2.873922
Cycle: 104388	Best offset: 1	Score: 0	Hit Rate: 0.841608
	---- Offset table ----
Offset -> Score
67 -> 11
9 -> 10
64 -> 10
96 -> 10
	----------------------
Instructions Retired: 400000 Cycle: 133027 Hearbeat IPC: 3.491637 Cumulative IPC: 3.006908
Cycle: 133027	Best offset: 1	Score: 0	Hit Rate: 0.876155
	---- Offset table ----
Offset -> Score
9 -> 12
64 -> 12
67 -> 11
33 -> 10
	----------------------
Instructions Retired: 500003 Cycle: 161686 Hearbeat IPC: 3.489410 Cumulative IPC: 3.092432
Cycle: 161686	Best offset: 1	Score: 0	Hit Rate: 0.898944
	---- Offset table ----
Offset -> Score
9 -> 14
33 -> 14
64 -> 14
23 -> 12
	----------------------
Instructions Retired: 600001 Cycle: 190474 Hearbeat IPC: 3.473600 Cumulative IPC: 3.150042
Cycle: 190474	Best offset: 1	Score: 0	Hit Rate: 0.914541
	---- Offset table ----
Offset -> Score
64 -> 18
9 -> 16
33 -> 16
42 -> 16
	----------------------
Instructions Retired: 700000 Cycle: 219378 Hearbeat IPC: 3.459694 Cumulative IPC: 3.190840
Cycle: 219378	Best offset: 1	Score: 0	Hit Rate: 0.926130
	---- Offset table ----
Offset -> Score
64 -> 20
9 -> 18
23 -> 16
32 -> 16
	----------------------
Instructions Retired: 800001 Cycle: 248038 Hearbeat IPC: 3.489218 Cumulative IPC: 3.225316
Cycle: 248038	Best offset: 1	Score: 0	Hit Rate: 0.933882
	---- Offset table ----
Offset -> Score
42 -> 22
64 -> 22
1 -> 18
9 -> 18
	----------------------
Instructions Retired: 900003 Cycle: 276856 Hearbeat IPC: 3.470123 Cumulative IPC: 3.250798
Cycle: 276856	Best offset: 1	Score: 0	Hit Rate: 0.939791
	---- Offset table ----
Offset -> Score
42 -> 24
64 -> 24
1 -> 20
9 -> 20
	----------------------
Instructions Retired: 1000004 Cycle: 305645 Hearbeat IPC: 3.473584 Cumulative IPC: 3.271783
Cycle: 305645	Best offset: 1	Score: 0	Hit Rate: 0.945094
	---- Offset table ----
Offset -> Score
42 -> 26
64 -> 26
32 -> 24
1 -> 22
	----------------------
Instructions Retired: 1100000 Cycle: 334473 Hearbeat IPC: 3.468711 Cumulative IPC: 3.288756
Cycle: 334473	Best offset: 1	Score: 0	Hit Rate: 0.949195
	---- Offset table ----
Offset -> Score
64 -> 28
42 -> 26
32 -> 24
1 -> 22
	----------------------
Instructions Retired: 1200002 Cycle: 363291 Hearbeat IPC: 3.470123 Cumulative IPC: 3.303143
Cycle: 363291	Best offset: 1	Score: 0	Hit Rate: 0.952526
	---- Offset table ----
Offset -> Score
42 -> 28
64 -> 28
1 -> 24
32 -> 24
	----------------------
Instructions Retired: 1300000 Cycle: 392180 Hearbeat IPC: 3.461456 Cumulative IPC: 3.314804
Cycle: 392180	Best offset: 1	Score: 0	Hit Rate: 0.955438
	---- Offset table ----
Offset -> Score
64 -> 30
32 -> 28
42 -> 28
1 -> 24
	----------------------
Instructions Retired: 1400005 Cycle: 421227 Hearbeat IPC: 3.442868 Cumulative IPC: 3.323636
Cycle: 421227	Best offset: 1	Score: 0	Hit Rate: 0.958091
	---- Offset table ----
Offset -> Score
42 -> 32
64 -> 32
32 -> 30
1 -> 24
	----------------------
Instructions Retired: 1500004 Cycle: 450177 Hearbeat IPC: 3.454197 Cumulative IPC: 3.332032
Cycle: 450177	Best offset: 1	Score: 0	Hit Rate: 0.960251
	---- Offset table ----
Offset -> Score
64 -> 36
42 -> 34
32 -> 30
31 -> 26
	----------------------
Instructions Retired: 1600005 Cycle: 478950 Hearbeat IPC: 3.475515 Cumulative IPC: 3.340652
Cycle: 478950	Best offset: 1	Score: 0	Hit Rate: 0.962338
	---- Offset table ----
Offset -> Score
64 -> 40
42 -> 34
32 -> 32
1 -> 30
	----------------------
Instructions Retired: 1700002 Cycle: 507897 Hearbeat IPC: 3.454486 Cumulative IPC: 3.347139
Cycle: 507897	Best offset: 1	Score: 0	Hit Rate: 0.964248
	---- Offset table ----
Offset -> Score
64 -> 42
32 -> 34
42 -> 34
1 -> 30
	----------------------
Instructions Retired: 1800001 Cycle: 536667 Hearbeat IPC: 3.475808 Cumulative IPC: 3.354037
Cycle: 536667	Best offset: 1	Score: 0	Hit Rate: 0.965945
	---- Offset table ----
Offset -> Score
64 -> 44
32 -> 36
42 -> 34
1 -> 32
	----------------------
Instructions Retired: 1900001 Cycle: 565307 Hearbeat IPC: 3.491620 Cumulative IPC: 3.361007
Cycle: 565307	Best offset: 1	Score: 0	Hit Rate: 0.967431
	---- Offset table ----
Offset -> Score
64 -> 44
1 -> 36
32 -> 36
42 -> 36
	----------------------
Offset switch to: 64	With score: 44
Instructions Retired: 2000005 Cycle: 594039 Hearbeat IPC: 3.480579 Cumulative IPC: 3.366791
Cycle: 594039	Best offset: 64	Score: 0	Hit Rate: 0.968745
	---- Offset table ----
Offset -> Score
11 -> 2
12 -> 2
21 -> 2
23 -> 2
	----------------------
Instructions Retired: 2100001 Cycle: 622935 Hearbeat IPC: 3.460548 Cumulative IPC: 3.371140
Cycle: 622935	Best offset: 64	Score: 0	Hit Rate: 0.969566
	---- Offset table ----
Offset -> Score
11 -> 4
12 -> 4
10 -> 2
21 -> 2
	----------------------
Instructions Retired: 2200005 Cycle: 651802 Hearbeat IPC: 3.464302 Cumulative IPC: 3.375266
Cycle: 651802	Best offset: 64	Score: 0	Hit Rate: 0.970281
	---- Offset table ----
Offset -> Score
11 -> 4
12 -> 4
52 -> 4
9 -> 2
	----------------------
Instructions Retired: 2300004 Cycle: 680578 Hearbeat IPC: 3.475083 Cumulative IPC: 3.379486
Cycle: 680578	Best offset: 64	Score: 0	Hit Rate: 0.970949
	---- Offset table ----
Offset -> Score
11 -> 6
128 -> 6
12 -> 4
21 -> 4
	----------------------
Instructions Retired: 2400002 Cycle: 709395 Hearbeat IPC: 3.470104 Cumulative IPC: 3.383167
Cycle: 709395	Best offset: 64	Score: 0	Hit Rate: 0.971621
	---- Offset table ----
Offset -> Score
128 -> 8
11 -> 6
30 -> 6
32 -> 6
	----------------------
Instructions Retired: 2500003 Cycle: 739340 Hearbeat IPC: 3.339489 Cumulative IPC: 3.381398
Cycle: 739340	Best offset: 64	Score: 0	Hit Rate: 0.971417
	---- Offset table ----
Offset -> Score
128 -> 10
32 -> 8
11 -> 6
30 -> 6
	----------------------
Instructions Retired: 2600000 Cycle: 768110 Hearbeat IPC: 3.475739 Cumulative IPC: 3.384932
Cycle: 768110	Best offset: 64	Score: 0	Hit Rate: 0.971760
	---- Offset table ----
Offset -> Score
128 -> 10
32 -> 8
64 -> 8
11 -> 6
	----------------------
Instructions Retired: 2700002 Cycle: 796878 Hearbeat IPC: 3.476154 Cumulative IPC: 3.388225
Cycle: 796878	Best offset: 64	Score: 0	Hit Rate: 0.972022
	---- Offset table ----
Offset -> Score
64 -> 10
128 -> 10
14 -> 8
30 -> 8
	----------------------
Instructions Retired: 2800000 Cycle: 825517 Hearbeat IPC: 3.491672 Cumulative IPC: 3.391814
Cycle: 825517	Best offset: 64	Score: 0	Hit Rate: 0.972404
	---- Offset table ----
Offset -> Score
64 -> 12
32 -> 10
128 -> 10
14 -> 8
	----------------------
Instructions Retired: 2900000 Cycle: 854205 Hearbeat IPC: 3.485778 Cumulative IPC: 3.394970
Cycle: 854205	Best offset: 64	Score: 0	Hit Rate: 0.972813
	---- Offset table ----
Offset -> Score
32 -> 12
64 -> 12
14 -> 10
42 -> 10
	----------------------
Instructions Retired: 3000002 Cycle: 883022 Hearbeat IPC: 3.470243 Cumulative IPC: 3.397426
Cycle: 883022	Best offset: 64	Score: 0	Hit Rate: 0.972947
	---- Offset table ----
Offset -> Score
32 -> 12
64 -> 12
14 -> 10
34 -> 10
	----------------------

Simulation complete. Instructions retired: 3099758 Cycles elapsed: 911711 IPC: 3.399935

Prefetcher final stats
