
*** Data Prefetching Championship 2 Simulator ***

Warmup Instructions: 10000000
Simulation Instructions: 100000000
Scramble loads OFF
Using 1MB Last Level Cache
Using 3.2 GB/s DRAM bandwidth
Knobs visible from prefetcher: 0 0 1
Resetting history queue.
Resetting offset table
Setting initial offset to 1
Tag offset: 6
Ressetting hit rate
Index 2
Index 31
Index 7
Index 12
Index 32
Index 18
Index 42
Index 45
Index 48
Index 7
Index 54
Index 31
Index 7
Index 24
Index 22
Index 12
Index 58
Index 3
Index 54
Index 41
Index 5
Index 18
Index 40
Index 4
Index 36
Index 39
Index 6
Index 38
Index 34
Index 35
Index 22
Index 13
Index 62
Index 50
Index 27
Index 22
Index 3
Index 41
Index 15
Index 59
Index 36
Index 11
Index 23
Index 60
Index 37
Index 9
Index 23
Index 5
Index 46
Index 24
Index 11
Index 12
Index 14
Index 12
Index 46
Index 41
Index 25
Index 52
Index 52
Index 41
Index 42
Index 6
Index 47
Index 6
Index 1
Index 0
Index 0
Index 39
Instructions Retired: 100001 Cycle: 46918 Hearbeat IPC: 2.131399 Cumulative IPC: 2.131399
Cycle: 46918	Best offset: 1	Score: 0	Hit Rate: 0.621469
Index 62
Index 31
Index 32
Index 31
Index 5
Index 59
Index 18
Index 44
Index 63
Index 11
Index 12
Index 9
Index 3
Index 41
Index 13
Index 4
Index 35
Index 9
Index 41
Index 57
Index 19
Index 28
Index 45
Index 7
Index 15
Index 30
Index 36
Index 45
Index 13
Index 15
Index 36
Index 36
Index 54
Index 50
Index 50
Index 31
Index 25
Index 1
Index 1
Index 47
Index 56
Index 8
Index 30
Index 26
Index 30
Index 54
Index 12
Index 41
Index 49
Index 26
Instructions Retired: 200004 Cycle: 75817 Hearbeat IPC: 3.460431 Cumulative IPC: 2.637984
Cycle: 75817	Best offset: 1	Score: 0	Hit Rate: 0.777409
Index 7
Index 47
Index 50
Index 7
Index 1
Index 5
Index 12
Index 12
Index 24
Index 17
Index 49
Index 37
Index 9
Index 24
Index 5
Index 46
Index 25
Index 43
Index 15
Index 34
Index 59
Index 62
Index 4
Index 57
Index 21
Index 12
Index 31
Index 43
Index 39
Index 63
Index 24
Index 24
Index 13
Index 21
Index 34
Index 29
Index 1
Index 22
Index 8
Index 3
Index 3
Index 26
Index 47
Index 63
Index 38
Index 23
Index 39
Index 57
Index 59
Index 35
Index 0
Index 4
Index 47
Index 9
Index 19
Index 10
Index 12
Index 22
Index 54
Index 7
Instructions Retired: 300003 Cycle: 104388 Hearbeat IPC: 3.500017 Cumulative IPC: 2.873922
Cycle: 104388	Best offset: 1	Score: 0	Hit Rate: 0.841608
Index 30
Index 15
Index 53
Index 63
Index 10
Index 18
Index 63
Index 2
Index 18
Index 2
Index 2
Index 53
Index 12
Index 34
Index 30
Index 31
Index 0
Index 17
Index 29
Index 38
Index 22
Index 29
Index 18
Index 1
Index 62
Index 43
Index 43
Index 62
Index 21
Index 60
Index 62
Index 41
Index 30
Index 47
Index 31
Index 6
Index 45
Index 54
Index 5
Index 13
Index 10
Index 37
Index 0
Index 0
Index 12
Index 6
Index 49
Index 30
Index 16
Index 30
Index 59
Instructions Retired: 400000 Cycle: 133027 Hearbeat IPC: 3.491637 Cumulative IPC: 3.006908
Cycle: 133027	Best offset: 1	Score: 0	Hit Rate: 0.876155
Index 43
Index 55
Index 35
Index 11
Index 10
Index 46
Index 60
Index 26
Index 54
Index 9
Index 29
Index 56
Index 16
Index 16
Index 9
Index 7
Index 5
Index 2
Index 17
Index 37
Index 50
Index 15
Index 42
Index 41
Index 18
Index 18
Index 37
Index 10
Index 52
Index 28
Index 13
Index 1
Index 1
Index 54
Index 61
Index 8
Index 2
Index 8
Index 49
Index 27
Index 0
Index 63
Index 32
Index 47
Index 3
Index 54
Index 11
Index 27
Index 11
Index 4
Index 54
Index 37
Index 15
Index 36
Instructions Retired: 500003 Cycle: 161686 Hearbeat IPC: 3.489410 Cumulative IPC: 3.092432
Cycle: 161686	Best offset: 1	Score: 0	Hit Rate: 0.898944
Index 33
Index 11
Index 41
Index 49
Index 26
Index 46
Index 18
Index 21
Index 14
Index 27
Index 28
Index 10
Index 49
Index 60
Index 28
Index 34
Index 31
Index 24
Index 50
Index 43
Index 13
Index 11
Index 45
Index 35
Index 26
Index 53
Index 37
Index 40
Index 62
Index 11
Index 11
Index 30
Index 31
Index 31
Index 41
Index 21
Index 21
Index 7
Index 39
Index 23
Index 5
Index 47
Index 63
Index 21
Index 36
Index 44
Index 34
Index 44
Index 4
Index 63
Instructions Retired: 600001 Cycle: 190474 Hearbeat IPC: 3.473600 Cumulative IPC: 3.150042
Cycle: 190474	Best offset: 1	Score: 0	Hit Rate: 0.914541
Index 29
Index 41
Index 3
Index 39
Index 3
Index 39
Index 17
Index 35
Index 24
Index 3
Index 36
Index 36
Index 29
Index 18
Index 31
Index 18
Index 35
Index 14
Index 35
Index 9
Index 14
Index 37
Index 43
Index 13
Index 58
Index 36
Index 25
Index 43
Index 1
Index 43
Index 7
Index 3
Index 16
Index 41
Index 52
Index 41
Index 49
Index 49
Index 40
Index 40
Index 63
Index 15
Index 63
Index 47
Index 8
Index 25
Index 36
Index 9
Index 12
Index 26
Index 58
Index 27
Instructions Retired: 700000 Cycle: 219378 Hearbeat IPC: 3.459694 Cumulative IPC: 3.190840
Cycle: 219378	Best offset: 1	Score: 0	Hit Rate: 0.926130
Index 30
Index 27
Index 24
Index 27
Index 9
Index 16
Index 60
Index 26
Index 53
Index 24
Index 52
Index 53
Index 52
Index 15
Index 21
Index 25
Index 28
Index 50
Index 28
Index 10
Index 10
Index 15
Index 29
Index 28
Index 45
Index 15
Index 20
Index 20
Index 29
Index 52
Index 52
Index 63
Index 51
Index 20
Index 4
Index 34
Index 8
Index 16
Index 10
Index 19
Index 34
Index 41
Index 25
Index 10
Index 24
Index 25
Index 14
Index 12
Index 57
Index 22
Index 24
Index 58
Index 58
Instructions Retired: 800001 Cycle: 248038 Hearbeat IPC: 3.489218 Cumulative IPC: 3.225316
Cycle: 248038	Best offset: 1	Score: 0	Hit Rate: 0.933882
Index 49
Index 49
Index 60
Index 16
Index 10
Index 7
Index 9
Index 28
Index 33
Index 16
Index 19
Index 21
Index 8
Index 24
Index 29
Index 29
Index 51
Index 31
Index 23
Index 48
Index 7
Index 7
Index 20
Index 48
Index 8
Index 49
Index 5
Index 18
Index 6
Index 42
Index 44
Index 22
Index 23
Index 55
Index 35
Index 24
Index 22
Index 23
Index 51
Index 34
Index 28
Index 5
Index 6
Index 50
Index 45
Instructions Retired: 900003 Cycle: 276856 Hearbeat IPC: 3.470123 Cumulative IPC: 3.250798
Cycle: 276856	Best offset: 1	Score: 0	Hit Rate: 0.939791
Index 4
Index 13
Index 14
Index 20
Index 41
Index 14
Index 40
Index 36
Index 52
Index 36
Index 54
Index 62
Index 14
Index 14
Index 54
Index 2
Index 5
Index 21
Index 34
Index 47
Index 24
Index 12
Index 46
Index 16
Index 22
Index 43
Index 5
Index 47
Index 45
Index 51
Index 18
Index 37
Index 24
Index 6
Index 43
Index 20
Index 58
Index 33
Index 59
Index 3
Index 6
Instructions Retired: 1000004 Cycle: 305645 Hearbeat IPC: 3.473584 Cumulative IPC: 3.271783
Cycle: 305645	Best offset: 1	Score: 0	Hit Rate: 0.945094
Index 49
Index 5
Index 33
Index 41
Index 55
Index 50
Index 49
Index 56
Index 8
Index 7
Index 60
Index 50
Index 56
Index 33
Index 23
Index 12
Index 12
Index 36
Index 31
Index 56
Index 33
Index 8
Index 6
Index 54
Index 27
Index 7
Index 29
Index 55
Index 31
Index 21
Index 21
Index 21
Index 36
Index 9
Index 15
Index 21
Index 5
Index 15
Index 25
Instructions Retired: 1100000 Cycle: 334473 Hearbeat IPC: 3.468711 Cumulative IPC: 3.288756
Cycle: 334473	Best offset: 1	Score: 0	Hit Rate: 0.949195
Index 55
Index 40
Index 52
Index 6
Index 2
Index 14
Index 2
Index 2
Index 2
Index 5
Index 4
Index 16
Index 0
Index 58
Index 3
Index 33
Index 52
Index 7
Index 26
Index 40
Index 47
Index 29
Index 11
Index 20
Index 3
Index 38
Index 38
Index 31
Index 13
Index 34
Index 30
Index 34
Index 25
Index 52
Index 11
Index 45
Index 42
Index 44
Instructions Retired: 1200002 Cycle: 363291 Hearbeat IPC: 3.470123 Cumulative IPC: 3.303143
Cycle: 363291	Best offset: 1	Score: 0	Hit Rate: 0.952526
Index 15
Index 15
Index 1
Index 36
Index 60
Index 40
Index 17
Index 31
Index 12
Index 19
Index 11
Index 29
Index 4
Index 17
Index 28
Index 7
Index 0
Index 59
Index 20
Index 15
Index 0
Index 51
Index 18
Index 14
Index 13
Index 27
Index 21
Index 39
Instructions Retired: 1300000 Cycle: 392180 Hearbeat IPC: 3.461456 Cumulative IPC: 3.314804
Cycle: 392180	Best offset: 1	Score: 0	Hit Rate: 0.955438
Index 15
Index 38
Index 38
Index 35
Index 59
Index 59
Index 15
Index 35
Index 38
Index 25
Index 50
Index 55
Index 26
Index 31
Index 40
Index 41
Index 27
Index 19
Index 19
Index 58
Index 39
Index 58
Index 33
Index 19
Index 0
Index 55
Index 54
Index 1
Index 21
Index 35
Index 16
Index 21
Index 21
Index 53
Index 2
Index 55
Index 50
Index 24
Instructions Retired: 1400005 Cycle: 421227 Hearbeat IPC: 3.442868 Cumulative IPC: 3.323636
Cycle: 421227	Best offset: 1	Score: 0	Hit Rate: 0.958091
Index 7
Index 14
Index 21
Index 2
Index 25
Index 46
Index 52
Index 63
Index 52
Index 2
Index 63
Index 3
Index 20
Index 18
Index 38
Index 5
Index 1
Index 34
Index 20
Index 9
Index 9
Index 24
Index 14
Index 27
Index 32
Index 32
Index 35
Index 35
Index 12
Index 12
Index 62
Instructions Retired: 1500004 Cycle: 450177 Hearbeat IPC: 3.454197 Cumulative IPC: 3.332032
Cycle: 450177	Best offset: 1	Score: 0	Hit Rate: 0.960251
Index 55
Index 4
Index 63
Index 27
Index 27
Index 58
Index 52
Index 62
Index 39
Index 41
Index 42
Index 31
Index 42
Index 0
Index 47
Index 8
Index 30
Index 61
Index 59
Index 1
Index 60
Index 5
Index 39
Index 6
Index 4
Index 3
Index 15
Index 18
Index 27
Index 15
Index 41
Index 5
Index 10
Index 15
Index 1
Index 2
Index 9
Index 23
Index 51
Instructions Retired: 1600005 Cycle: 478950 Hearbeat IPC: 3.475515 Cumulative IPC: 3.340652
Cycle: 478950	Best offset: 1	Score: 0	Hit Rate: 0.962338
Index 1
Index 35
Index 1
Index 18
Index 16
Index 41
Index 41
Index 38
Index 60
Index 53
Index 22
Index 22
Index 17
Index 16
Index 8
Index 9
Index 27
Index 50
Index 12
Index 35
Index 49
Index 10
Index 5
Index 48
Index 9
Index 61
Index 13
Index 10
Instructions Retired: 1700002 Cycle: 507897 Hearbeat IPC: 3.454486 Cumulative IPC: 3.347139
Cycle: 507897	Best offset: 1	Score: 0	Hit Rate: 0.964248
Index 22
Index 14
Index 14
Index 53
Index 35
Index 57
Index 2
Index 32
Index 2
Index 17
Index 5
Index 46
Index 57
Index 44
Index 3
Index 36
Index 4
Index 4
Index 54
Index 60
Index 9
Index 59
Index 59
Index 22
Index 33
Index 2
Index 30
Instructions Retired: 1800001 Cycle: 536667 Hearbeat IPC: 3.475808 Cumulative IPC: 3.354037
Cycle: 536667	Best offset: 1	Score: 0	Hit Rate: 0.965945
Index 14
Index 14
Index 53
Index 6
Index 11
Index 38
Index 12
Index 3
Index 15
Index 48
Index 34
Index 56
Index 55
Index 26
Index 21
Index 50
Index 8
Index 15
Index 17
Index 20
Index 5
Index 5
Index 12
Index 26
Index 3
Index 51
Index 32
Index 36
Index 14
Index 25
Index 43
Index 16
Index 34
Index 43
Index 35
Index 1
Instructions Retired: 1900001 Cycle: 565307 Hearbeat IPC: 3.491620 Cumulative IPC: 3.361007
Cycle: 565307	Best offset: 1	Score: 0	Hit Rate: 0.967431
Index 54
Index 16
Index 53
Index 53
Index 9
Index 30
Index 21
Index 17
Index 1
Index 15
Index 54
Index 37
Index 51
Index 37
Index 40
Index 50
Index 30
Index 40
Index 46
Index 13
Index 43
Index 32
Index 33
Index 33
Index 26
Index 56
Index 1
Index 48
Index 58
Index 39
Index 41
Index 7
Index 31
Index 30
Index 30
Index 58
Index 40
Index 58
Index 5
Instructions Retired: 2000005 Cycle: 594112 Hearbeat IPC: 3.471758 Cumulative IPC: 3.366377
Cycle: 594112	Best offset: 1	Score: 0	Hit Rate: 0.968860
Index 28
Index 0
Index 35
Index 15
Index 21
Index 21
Index 17
Index 39
Index 24
Index 11
Index 11
Index 19
Index 49
Index 8
Index 13
Index 15
Index 17
Index 20
Index 18
Index 20
Index 6
Index 53
Index 58
Index 52
Index 36
Index 36
Index 2
Index 16
Index 29
Index 43
Index 30
Index 14
Index 1
Index 14
Index 12
Index 38
Index 38
Index 26
Index 19
Index 41
Index 17
Index 12
Index 1
Index 1
Index 39
Index 35
Instructions Retired: 2100001 Cycle: 623252 Hearbeat IPC: 3.431572 Cumulative IPC: 3.369425
Cycle: 623252	Best offset: 1	Score: 0	Hit Rate: 0.970088
Index 5
Index 32
Index 35
Index 3
Index 29
Index 29
Index 0
Index 63
Index 4
Index 21
Index 45
Index 23
Index 17
Index 20
Index 24
Index 23
Index 51
Index 26
Index 22
Index 22
Index 1
Index 1
Index 20
Index 25
Index 43
Index 58
Index 58
Index 52
Index 52
Index 8
Index 14
Index 46
Index 32
Index 32
Index 57
Instructions Retired: 2200005 Cycle: 652276 Hearbeat IPC: 3.445562 Cumulative IPC: 3.372813
Cycle: 652276	Best offset: 1	Score: 0	Hit Rate: 0.971368
Index 11
Index 11
Index 41
Index 38
Index 19
Index 18
Index 10
Index 49
Index 7
Index 7
Index 23
Index 24
Index 9
Index 12
Index 42
Index 7
Index 40
Index 2
Index 2
Index 14
Index 4
Index 60
Index 47
Index 61
Index 14
Index 9
Index 17
Index 52
Index 61
Index 3
Index 13
Index 13
Index 36
Index 35
Index 62
Index 27
Index 61
Index 39
Index 61
Instructions Retired: 2300004 Cycle: 681128 Hearbeat IPC: 3.465930 Cumulative IPC: 3.376757
Cycle: 681128	Best offset: 1	Score: 0	Hit Rate: 0.972496
Index 23
Index 28
Index 17
Index 5
Index 7
Index 34
Index 16
Index 1
Index 9
Index 23
Index 46
Index 5
Index 9
Index 46
Index 1
Index 3
Index 0
Index 33
Index 26
Index 0
Index 47
Index 48
Index 14
Index 19
Index 32
Index 3
Index 48
Index 3
Instructions Retired: 2400002 Cycle: 710165 Hearbeat IPC: 3.443813 Cumulative IPC: 3.379499
Cycle: 710165	Best offset: 1	Score: 0	Hit Rate: 0.973420
Index 13
Index 11
Index 40
Index 31
Index 48
Index 4
Index 3
Index 33
Index 28
Index 5
Index 17
Index 11
Index 1
Index 8
Index 15
Index 15
Index 1
Index 18
Index 2
Index 26
Index 55
Index 40
Index 55
Index 63
Index 63
Index 1
Index 18
Index 1
Index 30
Index 44
Instructions Retired: 2500003 Cycle: 740323 Hearbeat IPC: 3.315903 Cumulative IPC: 3.376909
Cycle: 740323	Best offset: 1	Score: 0	Hit Rate: 0.973575
Index 32
Index 52
Index 6
Index 16
Index 53
Index 5
Index 24
Index 24
Index 14
Index 14
Index 40
Index 60
Index 6
Index 15
Index 6
Index 0
Index 23
Index 0
Index 0
Index 0
Index 52
Index 50
Index 32
Index 5
Index 30
Index 40
Index 14
Index 63
Index 4
Index 24
Index 28
Index 24
Index 24
Index 30
Index 18
Index 21
Index 18
Index 44
Instructions Retired: 2600000 Cycle: 769183 Hearbeat IPC: 3.464900 Cumulative IPC: 3.380210
Cycle: 769183	Best offset: 1	Score: 0	Hit Rate: 0.974502
Index 30
Index 3
Index 25
Index 21
Index 20
Index 25
Index 25
Index 35
Index 62
Index 5
Index 18
Index 9
Index 47
Index 3
Index 56
Index 56
Index 18
Index 11
Index 50
Index 1
Index 38
Index 49
Index 41
Index 61
Index 10
Index 33
Index 46
Index 0
Index 16
Index 41
Index 47
Index 48
Index 43
Index 32
Index 28
Index 26
Index 42
Index 50
Index 37
Instructions Retired: 2700002 Cycle: 798075 Hearbeat IPC: 3.461235 Cumulative IPC: 3.383143
Cycle: 798075	Best offset: 1	Score: 0	Hit Rate: 0.975436
Index 32
Index 49
Index 9
Index 59
Index 24
Index 24
Index 48
Index 0
Index 44
Index 3
Index 43
Index 63
Index 0
Index 50
Index 43
Index 36
Index 46
Index 46
Index 39
Index 43
Index 8
Index 31
Index 13
Index 33
Index 62
Index 13
Index 51
Index 18
Index 53
Index 47
Index 41
Index 11
Index 15
Index 48
Index 5
Index 55
Index 11
Index 46
Index 53
Index 53
Index 17
Index 35
Index 36
Index 43
Index 45
Index 45
Index 18
Index 7
Index 0
Index 4
Index 15
Index 51
Index 22
Index 51
Index 13
Instructions Retired: 2800000 Cycle: 826863 Hearbeat IPC: 3.473600 Cumulative IPC: 3.386292
Cycle: 826863	Best offset: 1	Score: 0	Hit Rate: 0.976341
Index 54
Index 25
Index 51
Index 45
Index 46
Index 20
Index 36
Index 51
Index 11
Index 59
Index 59
Index 8
Index 42
Index 18
Index 19
Index 22
Index 22
Index 63
Index 9
Index 13
Index 42
Index 42
Index 20
Index 46
Index 8
Index 33
Index 27
Index 4
Index 22
Index 6
Index 32
Index 35
Index 27
Index 2
Instructions Retired: 2900000 Cycle: 855755 Hearbeat IPC: 3.461166 Cumulative IPC: 3.388820
Cycle: 855755	Best offset: 1	Score: 0	Hit Rate: 0.977049
Index 16
Index 6
Index 41
Index 41
Index 63
Index 19
Index 55
Index 6
Index 10
Index 36
Index 28
Index 57
Index 11
Index 38
Index 6
Index 27
Index 47
Index 53
Index 19
Index 7
Index 10
Index 13
Index 13
Index 5
Index 42
Index 7
Index 7
Index 14
Instructions Retired: 3000002 Cycle: 884562 Hearbeat IPC: 3.471448 Cumulative IPC: 3.391511
Cycle: 884562	Best offset: 1	Score: 0	Hit Rate: 0.977705
Index 5
Index 0
Index 15
Index 6
Index 49
Index 49
Index 1
Index 8
Index 15
Index 15
Index 25
Index 27
Index 27
Index 29
Index 30
Index 48
Index 62
Index 56
Index 39
Index 56
Index 0
Index 0
Index 3
Index 2
Index 44
Index 21
Index 33
Index 33
Index 54
Index 22
Index 1
Index 20
Index 46
Index 9
Index 31
Index 31
Index 47
Index 44
Index 9
Index 12

Simulation complete. Instructions retired: 3099758 Cycles elapsed: 913453 IPC: 3.393451

Prefetcher final stats
