
*** Data Prefetching Championship 2 Simulator ***

Warmup Instructions: 0
Simulation Instructions: 100000000
Scramble loads OFF
Using 1MB Last Level Cache
Using 3.2 GB/s DRAM bandwidth
Next-Line Prefetcher
Knobs visible from prefetcher: 0 0 1

Warmup complete. Instructions retired: 1 Cycles elapsed: 2 IPC: 0.500000
Prefetcher warmup complete stats

Instructions Retired: 100001 Cycle: 46713 Hearbeat IPC: 2.140753 Cumulative IPC: 2.140753
Prefetcher heartbeat stats
Instructions Retired: 200002 Cycle: 75626 Hearbeat IPC: 3.458686 Cumulative IPC: 2.644619
Prefetcher heartbeat stats
Instructions Retired: 300003 Cycle: 104194 Hearbeat IPC: 3.500455 Cumulative IPC: 2.879273
Prefetcher heartbeat stats
Instructions Retired: 400000 Cycle: 132890 Hearbeat IPC: 3.484702 Cumulative IPC: 3.010008
Prefetcher heartbeat stats
Instructions Retired: 500003 Cycle: 161634 Hearbeat IPC: 3.479091 Cumulative IPC: 3.093427
Prefetcher heartbeat stats
Instructions Retired: 600001 Cycle: 190359 Hearbeat IPC: 3.481218 Cumulative IPC: 3.151944
Prefetcher heartbeat stats
Instructions Retired: 700000 Cycle: 219256 Hearbeat IPC: 3.460532 Cumulative IPC: 3.192615
Prefetcher heartbeat stats
Instructions Retired: 800001 Cycle: 247902 Hearbeat IPC: 3.490924 Cumulative IPC: 3.227086
Prefetcher heartbeat stats
Instructions Retired: 900003 Cycle: 276806 Hearbeat IPC: 3.459798 Cumulative IPC: 3.251385
Prefetcher heartbeat stats
Instructions Retired: 1000004 Cycle: 305596 Hearbeat IPC: 3.473463 Cumulative IPC: 3.272307
Prefetcher heartbeat stats
Instructions Retired: 1100000 Cycle: 334525 Hearbeat IPC: 3.456601 Cumulative IPC: 3.288244
Prefetcher heartbeat stats
Instructions Retired: 1200002 Cycle: 363424 Hearbeat IPC: 3.460397 Cumulative IPC: 3.301934
Prefetcher heartbeat stats
Instructions Retired: 1300000 Cycle: 392416 Hearbeat IPC: 3.449158 Cumulative IPC: 3.312811
Prefetcher heartbeat stats
Instructions Retired: 1400005 Cycle: 421470 Hearbeat IPC: 3.442039 Cumulative IPC: 3.321719
Prefetcher heartbeat stats
Instructions Retired: 1500000 Cycle: 450403 Hearbeat IPC: 3.456088 Cumulative IPC: 3.330351
Prefetcher heartbeat stats
Instructions Retired: 1600005 Cycle: 479276 Hearbeat IPC: 3.463617 Cumulative IPC: 3.338379
Prefetcher heartbeat stats
Instructions Retired: 1700002 Cycle: 508207 Hearbeat IPC: 3.456396 Cumulative IPC: 3.345098
Prefetcher heartbeat stats
Instructions Retired: 1800001 Cycle: 536975 Hearbeat IPC: 3.476050 Cumulative IPC: 3.352113
Prefetcher heartbeat stats
Instructions Retired: 1900001 Cycle: 565628 Hearbeat IPC: 3.490036 Cumulative IPC: 3.359100
Prefetcher heartbeat stats
Instructions Retired: 2000005 Cycle: 594403 Hearbeat IPC: 3.475378 Cumulative IPC: 3.364729
Prefetcher heartbeat stats
Instructions Retired: 2100001 Cycle: 623509 Hearbeat IPC: 3.435580 Cumulative IPC: 3.368036
Prefetcher heartbeat stats
Instructions Retired: 2200005 Cycle: 652538 Hearbeat IPC: 3.444969 Cumulative IPC: 3.371459
Prefetcher heartbeat stats
Instructions Retired: 2300004 Cycle: 681401 Hearbeat IPC: 3.464609 Cumulative IPC: 3.375405
Prefetcher heartbeat stats
Instructions Retired: 2400002 Cycle: 710435 Hearbeat IPC: 3.444169 Cumulative IPC: 3.378215
Prefetcher heartbeat stats
Instructions Retired: 2500003 Cycle: 740598 Hearbeat IPC: 3.315353 Cumulative IPC: 3.375654
Prefetcher heartbeat stats
Instructions Retired: 2600000 Cycle: 769378 Hearbeat IPC: 3.474531 Cumulative IPC: 3.379353
Prefetcher heartbeat stats
Instructions Retired: 2700002 Cycle: 798253 Hearbeat IPC: 3.463273 Cumulative IPC: 3.382389
Prefetcher heartbeat stats
Instructions Retired: 2800000 Cycle: 827071 Hearbeat IPC: 3.469984 Cumulative IPC: 3.385441
Prefetcher heartbeat stats
Instructions Retired: 2900000 Cycle: 855983 Hearbeat IPC: 3.458771 Cumulative IPC: 3.387918
Prefetcher heartbeat stats
Instructions Retired: 3000002 Cycle: 884827 Hearbeat IPC: 3.466995 Cumulative IPC: 3.390496
Prefetcher heartbeat stats

Simulation complete. Instructions retired: 3099757 Cycles elapsed: 913690 IPC: 3.392570

Prefetcher final stats
