
*** Data Prefetching Championship 2 Simulator ***

Warmup Instructions: 10000000
Simulation Instructions: 100000000
Scramble loads OFF
Using 1MB Last Level Cache
Using 3.2 GB/s DRAM bandwidth
Knobs visible from prefetcher: 0 0 1
Resetting history queue.
Resetting offset table
Setting initial offset to 1
Tag offset: 6
Instructions Retired: 100001 Cycle: 46918 Hearbeat IPC: 2.131399 Cumulative IPC: 2.131399
Prefetcher heartbeat stats
Instructions Retired: 200004 Cycle: 75817 Hearbeat IPC: 3.460431 Cumulative IPC: 2.637984
Prefetcher heartbeat stats
Instructions Retired: 300003 Cycle: 104388 Hearbeat IPC: 3.500017 Cumulative IPC: 2.873922
Prefetcher heartbeat stats
Instructions Retired: 400000 Cycle: 133027 Hearbeat IPC: 3.491637 Cumulative IPC: 3.006908
Prefetcher heartbeat stats
Instructions Retired: 500003 Cycle: 161686 Hearbeat IPC: 3.489410 Cumulative IPC: 3.092432
Prefetcher heartbeat stats
Instructions Retired: 600001 Cycle: 190474 Hearbeat IPC: 3.473600 Cumulative IPC: 3.150042
Prefetcher heartbeat stats
Instructions Retired: 700000 Cycle: 219378 Hearbeat IPC: 3.459694 Cumulative IPC: 3.190840
Prefetcher heartbeat stats
Instructions Retired: 800001 Cycle: 248038 Hearbeat IPC: 3.489218 Cumulative IPC: 3.225316
Prefetcher heartbeat stats
Instructions Retired: 900003 Cycle: 276856 Hearbeat IPC: 3.470123 Cumulative IPC: 3.250798
Prefetcher heartbeat stats
Instructions Retired: 1000004 Cycle: 305645 Hearbeat IPC: 3.473584 Cumulative IPC: 3.271783
Prefetcher heartbeat stats
Instructions Retired: 1100000 Cycle: 334473 Hearbeat IPC: 3.468711 Cumulative IPC: 3.288756
Prefetcher heartbeat stats
Instructions Retired: 1200002 Cycle: 363291 Hearbeat IPC: 3.470123 Cumulative IPC: 3.303143
Prefetcher heartbeat stats
Instructions Retired: 1300000 Cycle: 392180 Hearbeat IPC: 3.461456 Cumulative IPC: 3.314804
Prefetcher heartbeat stats
Instructions Retired: 1400005 Cycle: 421227 Hearbeat IPC: 3.442868 Cumulative IPC: 3.323636
Prefetcher heartbeat stats
Instructions Retired: 1500004 Cycle: 450177 Hearbeat IPC: 3.454197 Cumulative IPC: 3.332032
Prefetcher heartbeat stats
Instructions Retired: 1600005 Cycle: 478950 Hearbeat IPC: 3.475515 Cumulative IPC: 3.340652
Prefetcher heartbeat stats
Instructions Retired: 1700002 Cycle: 507897 Hearbeat IPC: 3.454486 Cumulative IPC: 3.347139
Prefetcher heartbeat stats
Instructions Retired: 1800001 Cycle: 536667 Hearbeat IPC: 3.475808 Cumulative IPC: 3.354037
Prefetcher heartbeat stats
Instructions Retired: 1900001 Cycle: 565307 Hearbeat IPC: 3.491620 Cumulative IPC: 3.361007
Prefetcher heartbeat stats
Instructions Retired: 2000005 Cycle: 594112 Hearbeat IPC: 3.471758 Cumulative IPC: 3.366377
Prefetcher heartbeat stats
Instructions Retired: 2100001 Cycle: 623252 Hearbeat IPC: 3.431572 Cumulative IPC: 3.369425
Prefetcher heartbeat stats
Instructions Retired: 2200005 Cycle: 652276 Hearbeat IPC: 3.445562 Cumulative IPC: 3.372813
Prefetcher heartbeat stats
Instructions Retired: 2300004 Cycle: 681128 Hearbeat IPC: 3.465930 Cumulative IPC: 3.376757
Prefetcher heartbeat stats
Instructions Retired: 2400002 Cycle: 710165 Hearbeat IPC: 3.443813 Cumulative IPC: 3.379499
Prefetcher heartbeat stats
Instructions Retired: 2500003 Cycle: 740323 Hearbeat IPC: 3.315903 Cumulative IPC: 3.376909
Prefetcher heartbeat stats
Instructions Retired: 2600000 Cycle: 769183 Hearbeat IPC: 3.464900 Cumulative IPC: 3.380210
Prefetcher heartbeat stats
Instructions Retired: 2700002 Cycle: 798075 Hearbeat IPC: 3.461235 Cumulative IPC: 3.383143
Prefetcher heartbeat stats
Instructions Retired: 2800000 Cycle: 826863 Hearbeat IPC: 3.473600 Cumulative IPC: 3.386292
Prefetcher heartbeat stats
Instructions Retired: 2900000 Cycle: 855755 Hearbeat IPC: 3.461166 Cumulative IPC: 3.388820
Prefetcher heartbeat stats
Instructions Retired: 3000002 Cycle: 884562 Hearbeat IPC: 3.471448 Cumulative IPC: 3.391511
Prefetcher heartbeat stats

Simulation complete. Instructions retired: 3099758 Cycles elapsed: 913453 IPC: 3.393451

Prefetcher final stats
