
*** Data Prefetching Championship 2 Simulator ***

Warmup Instructions: 0
Simulation Instructions: 100000000
Scramble loads OFF
Using 1MB Last Level Cache
Using 3.2 GB/s DRAM bandwidth
Streaming Prefetcher
Knobs visible from prefetcher: 0 0 1

Warmup complete. Instructions retired: 1 Cycles elapsed: 2 IPC: 0.500000
Prefetcher warmup complete stats

Instructions Retired: 100001 Cycle: 44752 Hearbeat IPC: 2.234559 Cumulative IPC: 2.234559
Prefetcher heartbeat stats
Instructions Retired: 200004 Cycle: 73486 Hearbeat IPC: 3.480302 Cumulative IPC: 2.721661
Prefetcher heartbeat stats
Instructions Retired: 300003 Cycle: 101829 Hearbeat IPC: 3.528173 Cumulative IPC: 2.946145
Prefetcher heartbeat stats
Instructions Retired: 400000 Cycle: 130354 Hearbeat IPC: 3.505592 Cumulative IPC: 3.068567
Prefetcher heartbeat stats
Instructions Retired: 500003 Cycle: 158909 Hearbeat IPC: 3.502119 Cumulative IPC: 3.146474
Prefetcher heartbeat stats
Instructions Retired: 600001 Cycle: 187715 Hearbeat IPC: 3.471430 Cumulative IPC: 3.196340
Prefetcher heartbeat stats
Instructions Retired: 700000 Cycle: 216435 Hearbeat IPC: 3.481859 Cumulative IPC: 3.234227
Prefetcher heartbeat stats
Instructions Retired: 800001 Cycle: 244990 Hearbeat IPC: 3.502049 Cumulative IPC: 3.265444
Prefetcher heartbeat stats
Instructions Retired: 900003 Cycle: 273724 Hearbeat IPC: 3.480267 Cumulative IPC: 3.287994
Prefetcher heartbeat stats
Instructions Retired: 1000002 Cycle: 302827 Hearbeat IPC: 3.436038 Cumulative IPC: 3.302222
Prefetcher heartbeat stats
Instructions Retired: 1100000 Cycle: 331807 Hearbeat IPC: 3.450587 Cumulative IPC: 3.315180
Prefetcher heartbeat stats
Instructions Retired: 1200002 Cycle: 360580 Hearbeat IPC: 3.475550 Cumulative IPC: 3.327977
Prefetcher heartbeat stats
Instructions Retired: 1300000 Cycle: 389437 Hearbeat IPC: 3.465294 Cumulative IPC: 3.338152
Prefetcher heartbeat stats
Instructions Retired: 1400005 Cycle: 418397 Hearbeat IPC: 3.453211 Cumulative IPC: 3.346116
Prefetcher heartbeat stats
Instructions Retired: 1500000 Cycle: 447398 Hearbeat IPC: 3.447984 Cumulative IPC: 3.352720
Prefetcher heartbeat stats
Instructions Retired: 1600005 Cycle: 476208 Hearbeat IPC: 3.471190 Cumulative IPC: 3.359887
Prefetcher heartbeat stats
Instructions Retired: 1700002 Cycle: 505202 Hearbeat IPC: 3.448886 Cumulative IPC: 3.364995
Prefetcher heartbeat stats
Instructions Retired: 1800001 Cycle: 533944 Hearbeat IPC: 3.479194 Cumulative IPC: 3.371142
Prefetcher heartbeat stats
Instructions Retired: 1900001 Cycle: 562521 Hearbeat IPC: 3.499318 Cumulative IPC: 3.377653
Prefetcher heartbeat stats
Instructions Retired: 2000005 Cycle: 591151 Hearbeat IPC: 3.492979 Cumulative IPC: 3.383239
Prefetcher heartbeat stats
Instructions Retired: 2100001 Cycle: 620100 Hearbeat IPC: 3.454213 Cumulative IPC: 3.386552
Prefetcher heartbeat stats
Instructions Retired: 2200005 Cycle: 649029 Hearbeat IPC: 3.456877 Cumulative IPC: 3.389687
Prefetcher heartbeat stats
Instructions Retired: 2300004 Cycle: 677841 Hearbeat IPC: 3.470741 Cumulative IPC: 3.393132
Prefetcher heartbeat stats
Instructions Retired: 2400002 Cycle: 706786 Hearbeat IPC: 3.454759 Cumulative IPC: 3.395656
Prefetcher heartbeat stats
Instructions Retired: 2500003 Cycle: 736872 Hearbeat IPC: 3.323838 Cumulative IPC: 3.392724
Prefetcher heartbeat stats
Instructions Retired: 2600000 Cycle: 765793 Hearbeat IPC: 3.457591 Cumulative IPC: 3.395173
Prefetcher heartbeat stats
Instructions Retired: 2700002 Cycle: 794767 Hearbeat IPC: 3.451439 Cumulative IPC: 3.397225
Prefetcher heartbeat stats
Instructions Retired: 2800000 Cycle: 823432 Hearbeat IPC: 3.488505 Cumulative IPC: 3.400402
Prefetcher heartbeat stats
Instructions Retired: 2900000 Cycle: 852273 Hearbeat IPC: 3.467286 Cumulative IPC: 3.402666
Prefetcher heartbeat stats
Instructions Retired: 3000002 Cycle: 881126 Hearbeat IPC: 3.465914 Cumulative IPC: 3.404737
Prefetcher heartbeat stats

Simulation complete. Instructions retired: 3099757 Cycles elapsed: 910000 IPC: 3.406326

Prefetcher final stats
