
*** Data Prefetching Championship 2 Simulator ***

Warmup Instructions: 0
Simulation Instructions: 100000000
Scramble loads OFF
Using 256KB Last Level Cache
Using 12.8 GB/s DRAM bandwidth
Knobs visible from prefetcher: 0 1 0
Resetting history queue.
Setting up the minimum score
Resetting offset table
Setting initial offset to 1
Tag offset: 6
Ressetting hit rate
Resetting rable rounds
Resetting gauge

Warmup complete. Instructions retired: 4 Cycles elapsed: 2 IPC: 2.000000
Prefetcher warmup complete stats

Offset switch to: -37	With score: 32
Offset switch to: -18	With score: 32
Instructions Retired: 100004 Cycle: 266265 Hearbeat IPC: 0.375581 Cumulative IPC: 0.375581
Cycle: 266265	Best offset: -18	Score: 32	Hit Rate: 0.418177
	---- Offset table ----
Offset -> Score
-6 -> 21
22 -> 19
-59 -> 18
-1 -> 18
	----------------------
Offset switch to: -10	With score: 32
Offset switch to: 8	With score: 32
Offset switch to: 2	With score: 32
Instructions Retired: 200000 Cycle: 745949 Hearbeat IPC: 0.208462 Cumulative IPC: 0.268115
Cycle: 745949	Best offset: 2	Score: 32	Hit Rate: 0.375500
	---- Offset table ----
Offset -> Score
-21 -> 17
-5 -> 17
3 -> 17
-4 -> 15
	----------------------
Offset switch to: -21	With score: 32
Offset switch to: -9	With score: 32
Offset switch to: 8	With score: 32
Instructions Retired: 300001 Cycle: 1350006 Hearbeat IPC: 0.165549 Cumulative IPC: 0.222222
Cycle: 1350006	Best offset: 8	Score: 32	Hit Rate: 0.356157
	---- Offset table ----
Offset -> Score
1 -> 20
40 -> 20
-31 -> 19
9 -> 18
	----------------------
Offset switch to: 1	With score: 32
Offset switch to: 15	With score: 32
Offset switch to: 23	With score: 32
Instructions Retired: 400002 Cycle: 1759961 Hearbeat IPC: 0.243932 Cumulative IPC: 0.227279
Cycle: 1759961	Best offset: 23	Score: 32	Hit Rate: 0.368473
	---- Offset table ----
Offset -> Score
4 -> 18
12 -> 18
32 -> 18
-6 -> 17
	----------------------
Offset switch to: -6	With score: 32
Offset switch to: 11	With score: 32
Offset switch to: 2	With score: 32
Offset switch to: 24	With score: 32
Instructions Retired: 500003 Cycle: 2499056 Hearbeat IPC: 0.135302 Cumulative IPC: 0.200077
Cycle: 2499056	Best offset: 24	Score: 32	Hit Rate: 0.338123
	---- Offset table ----
Offset -> Score
27 -> 6
29 -> 5
-44 -> 4
2 -> 4
	----------------------
Offset switch to: 11	With score: 32
Offset switch to: 3	With score: 32
Instructions Retired: 600003 Cycle: 2749408 Hearbeat IPC: 0.399438 Cumulative IPC: 0.218230
Cycle: 2749408	Best offset: 3	Score: 32	Hit Rate: 0.338921
	---- Offset table ----
Offset -> Score
2 -> 15
4 -> 15
21 -> 15
3 -> 14
	----------------------
Offset switch to: 4	With score: 32
Offset switch to: 8	With score: 32
Instructions Retired: 700005 Cycle: 2929663 Hearbeat IPC: 0.554781 Cumulative IPC: 0.238937
Cycle: 2929663	Best offset: 8	Score: 32	Hit Rate: 0.343832
	---- Offset table ----
Offset -> Score
1 -> 13
7 -> 13
11 -> 13
15 -> 13
	----------------------
Offset switch to: 1	With score: 32
Instructions Retired: 800003 Cycle: 3151306 Hearbeat IPC: 0.451167 Cumulative IPC: 0.253864
Cycle: 3151306	Best offset: 1	Score: 32	Hit Rate: 0.340890
	---- Offset table ----
Offset -> Score
8 -> 14
9 -> 14
14 -> 14
18 -> 14
	----------------------
Offset switch to: 14	With score: 32
Offset switch to: 22	With score: 32
Offset switch to: 12	With score: 32
Instructions Retired: 900002 Cycle: 3468235 Hearbeat IPC: 0.315525 Cumulative IPC: 0.259499
Cycle: 3468235	Best offset: 12	Score: 32	Hit Rate: 0.336129
	---- Offset table ----
Offset -> Score
-41 -> 8
-21 -> 8
11 -> 8
39 -> 8
	----------------------
Offset switch to: 4	With score: 32
Offset switch to: 8	With score: 32
Offset switch to: 1	With score: 32
Instructions Retired: 1000005 Cycle: 3784661 Hearbeat IPC: 0.316039 Cumulative IPC: 0.264226
Cycle: 3784661	Best offset: 1	Score: 32	Hit Rate: 0.339191
	---- Offset table ----
Offset -> Score
-59 -> 2
-57 -> 2
-51 -> 2
-48 -> 2
	----------------------
Offset switch to: 11	With score: 32
Offset switch to: -14	With score: 32
Offset switch to: 1	With score: 32
Offset switch to: -12	With score: 32
Offset switch to: 3	With score: 32
Instructions Retired: 1100000 Cycle: 4867912 Hearbeat IPC: 0.092310 Cumulative IPC: 0.225970
Cycle: 4867912	Best offset: 3	Score: 32	Hit Rate: 0.298064
	---- Offset table ----
Offset -> Score
-6 -> 3
10 -> 3
20 -> 3
44 -> 3
	----------------------
Offset switch to: -6	With score: 32
Offset switch to: 8	With score: 32
Offset switch to: -7	With score: 32
Offset switch to: -8	With score: 32
Offset switch to: 20	With score: 32
Offset switch to: -17	With score: 32
Instructions Retired: 1200000 Cycle: 6448887 Hearbeat IPC: 0.063252 Cumulative IPC: 0.186079
Cycle: 6448887	Best offset: -17	Score: 32	Hit Rate: 0.255361
	---- Offset table ----
Offset -> Score
-27 -> 15
-26 -> 15
27 -> 14
31 -> 14
	----------------------
Offset switch to: -26	With score: 32
Offset switch to: 14	With score: 32
Offset switch to: -19	With score: 32
Offset switch to: -16	With score: 32
Offset switch to: 19	With score: 32
Offset switch to: -1	With score: 32
Offset switch to: -7	With score: 32
Instructions Retired: 1300002 Cycle: 7923291 Hearbeat IPC: 0.067825 Cumulative IPC: 0.164073
Cycle: 7923291	Best offset: -7	Score: 32	Hit Rate: 0.231156
	---- Offset table ----
Offset -> Score
-24 -> 5
3 -> 5
11 -> 5
32 -> 5
	----------------------
Offset switch to: -9	With score: 32
Offset switch to: 3	With score: 32
Offset switch to: 5	With score: 32
Instructions Retired: 1400000 Cycle: 8633999 Hearbeat IPC: 0.140702 Cumulative IPC: 0.162150
Cycle: 8633999	Best offset: 5	Score: 32	Hit Rate: 0.227018
	---- Offset table ----
Offset -> Score
3 -> 2
4 -> 2
5 -> 2
6 -> 2
	----------------------
Offset switch to: 6	With score: 32
Instructions Retired: 1500002 Cycle: 8815705 Hearbeat IPC: 0.550351 Cumulative IPC: 0.170151
Cycle: 8815705	Best offset: 6	Score: 32	Hit Rate: 0.231587
	---- Offset table ----
Offset -> Score
1 -> 30
12 -> 29
18 -> 29
2 -> 28
	----------------------
Offset switch to: 2	With score: 32
Offset switch to: 8	With score: 32
Instructions Retired: 1600004 Cycle: 9025900 Hearbeat IPC: 0.475758 Cumulative IPC: 0.177268
Cycle: 9025900	Best offset: 8	Score: 32	Hit Rate: 0.236062
	---- Offset table ----
Offset -> Score
3 -> 26
5 -> 26
4 -> 24
7 -> 24
	----------------------
Offset switch to: 3	With score: 32
Offset switch to: 4	With score: 32
Instructions Retired: 1700004 Cycle: 9257832 Hearbeat IPC: 0.431161 Cumulative IPC: 0.183629
Cycle: 9257832	Best offset: 4	Score: 32	Hit Rate: 0.240779
	---- Offset table ----
Offset -> Score
5 -> 32
1 -> 27
4 -> 26
8 -> 26
	----------------------
Offset switch to: 5	With score: 32
Offset switch to: 3	With score: 32
Offset switch to: 1	With score: 32
Instructions Retired: 1800004 Cycle: 9505920 Hearbeat IPC: 0.403083 Cumulative IPC: 0.189356
Cycle: 9505920	Best offset: 1	Score: 32	Hit Rate: 0.245347
	---- Offset table ----
Offset -> Score
5 -> 5
-62 -> 4
-51 -> 4
-1 -> 4
	----------------------
Offset switch to: 3	With score: 32
Offset switch to: 1	With score: 32
Offset switch to: 23	With score: 32
Instructions Retired: 1900001 Cycle: 9989462 Hearbeat IPC: 0.206801 Cumulative IPC: 0.190201
Cycle: 9989462	Best offset: 23	Score: 32	Hit Rate: 0.250401
	---- Offset table ----
Offset -> Score
3 -> 2
5 -> 2
6 -> 2
7 -> 2
	----------------------
Offset switch to: -37	With score: 32
Offset switch to: 18	With score: 32
Instructions Retired: 2000003 Cycle: 10278150 Hearbeat IPC: 0.346402 Cumulative IPC: 0.194588
Cycle: 10278150	Best offset: 18	Score: 32	Hit Rate: 0.257573
	---- Offset table ----
Offset -> Score
-3 -> 21
15 -> 20
2 -> 19
7 -> 19
	----------------------
Offset switch to: -4	With score: 32
Offset switch to: 8	With score: 32
Offset switch to: 16	With score: 32
Instructions Retired: 2100001 Cycle: 10905927 Hearbeat IPC: 0.159289 Cumulative IPC: 0.192556
Cycle: 10905927	Best offset: 16	Score: 32	Hit Rate: 0.260113
	---- Offset table ----
Offset -> Score
6 -> 21
11 -> 18
-28 -> 17
-44 -> 16
	----------------------
Offset switch to: 6	With score: 32
Offset switch to: 7	With score: 32
Offset switch to: 6	With score: 32
Instructions Retired: 2200004 Cycle: 11329043 Hearbeat IPC: 0.236349 Cumulative IPC: 0.194192
Cycle: 11329043	Best offset: 6	Score: 32	Hit Rate: 0.265892
	---- Offset table ----
Offset -> Score
5 -> 17
15 -> 15
1 -> 13
26 -> 13
	----------------------
Offset switch to: -2	With score: 32
Offset switch to: 8	With score: 32
Offset switch to: -44	With score: 32
Instructions Retired: 2300000 Cycle: 11555565 Hearbeat IPC: 0.441441 Cumulative IPC: 0.199038
Cycle: 11555565	Best offset: -44	Score: 32	Hit Rate: 0.273259
	---- Offset table ----
Offset -> Score
1 -> 2
7 -> 2
9 -> 2
25 -> 2
	----------------------
Offset switch to: -34	With score: 32
Offset switch to: 4	With score: 32
Instructions Retired: 2400005 Cycle: 11768689 Hearbeat IPC: 0.469234 Cumulative IPC: 0.203931
Cycle: 11768689	Best offset: 4	Score: 32	Hit Rate: 0.280286
	---- Offset table ----
Offset -> Score
29 -> 18
-9 -> 17
8 -> 17
-46 -> 16
	----------------------
Offset switch to: -14	With score: 32
Offset switch to: -8	With score: 32
Offset switch to: 7	With score: 32
Instructions Retired: 2500002 Cycle: 12019025 Hearbeat IPC: 0.399451 Cumulative IPC: 0.208004
Cycle: 12019025	Best offset: 7	Score: 32	Hit Rate: 0.285768
	---- Offset table ----
Offset -> Score
4 -> 9
-58 -> 8
2 -> 8
19 -> 8
	----------------------
Offset switch to: 30	With score: 32
Offset switch to: -6	With score: 32
Offset switch to: 1	With score: 32
Instructions Retired: 2600000 Cycle: 12432999 Hearbeat IPC: 0.241556 Cumulative IPC: 0.209121
Cycle: 12432999	Best offset: 1	Score: 32	Hit Rate: 0.290189
	---- Offset table ----
Offset -> Score
26 -> 7
-44 -> 5
1 -> 5
2 -> 5
	----------------------
Offset switch to: 2	With score: 32
Offset switch to: 13	With score: 32
Instructions Retired: 2700004 Cycle: 12836658 Hearbeat IPC: 0.247744 Cumulative IPC: 0.210335
Cycle: 12836658	Best offset: 13	Score: 32	Hit Rate: 0.293931
	---- Offset table ----
Offset -> Score
-17 -> 24
-12 -> 24
11 -> 24
23 -> 24
	----------------------
Offset switch to: 11	With score: 32
Offset switch to: 20	With score: 32
Offset switch to: 5	With score: 32
Instructions Retired: 2800000 Cycle: 13063519 Hearbeat IPC: 0.440781 Cumulative IPC: 0.214337
Cycle: 13063519	Best offset: 5	Score: 32	Hit Rate: 0.299778
	---- Offset table ----
Offset -> Score
42 -> 15
23 -> 13
25 -> 13
50 -> 13
	----------------------
Offset switch to: 40	With score: 32
Offset switch to: 3	With score: 32
Offset switch to: -17	With score: 32
Instructions Retired: 2900001 Cycle: 13417176 Hearbeat IPC: 0.282763 Cumulative IPC: 0.216141
Cycle: 13417176	Best offset: -17	Score: 32	Hit Rate: 0.303355
	---- Offset table ----
Offset -> Score
7 -> 4
1 -> 3
6 -> 3
-62 -> 2
	----------------------
Offset switch to: 20	With score: 32
Offset switch to: -11	With score: 32
Instructions Retired: 3000001 Cycle: 13620321 Hearbeat IPC: 0.492259 Cumulative IPC: 0.220259
Cycle: 13620321	Best offset: -11	Score: 32	Hit Rate: 0.308746
	---- Offset table ----
Offset -> Score
3 -> 19
19 -> 19
-24 -> 18
-9 -> 18
	----------------------
Offset switch to: -25	With score: 32
Offset switch to: -29	With score: 32
Offset switch to: 34	With score: 32

Simulation complete. Instructions retired: 3099749 Cycles elapsed: 13824482 IPC: 0.224222

Prefetcher final stats
