
*** Data Prefetching Championship 2 Simulator ***

Warmup Instructions: 0
Simulation Instructions: 100000000
Scramble loads OFF
Using 256KB Last Level Cache
Using 12.8 GB/s DRAM bandwidth
Next-Line Prefetcher
Knobs visible from prefetcher: 0 1 0

Warmup complete. Instructions retired: 4 Cycles elapsed: 2 IPC: 2.000000
Prefetcher warmup complete stats

Instructions Retired: 100004 Cycle: 286129 Hearbeat IPC: 0.349507 Cumulative IPC: 0.349507
Prefetcher heartbeat stats
Instructions Retired: 200000 Cycle: 769417 Hearbeat IPC: 0.206908 Cumulative IPC: 0.259937
Prefetcher heartbeat stats
Instructions Retired: 300001 Cycle: 1371526 Hearbeat IPC: 0.166085 Cumulative IPC: 0.218735
Prefetcher heartbeat stats
Instructions Retired: 400003 Cycle: 1781877 Hearbeat IPC: 0.243699 Cumulative IPC: 0.224484
Prefetcher heartbeat stats
Instructions Retired: 500003 Cycle: 2536064 Hearbeat IPC: 0.132593 Cumulative IPC: 0.197157
Prefetcher heartbeat stats
Instructions Retired: 600000 Cycle: 2801575 Hearbeat IPC: 0.376621 Cumulative IPC: 0.214165
Prefetcher heartbeat stats
Instructions Retired: 700005 Cycle: 2986647 Hearbeat IPC: 0.540357 Cumulative IPC: 0.234378
Prefetcher heartbeat stats
Instructions Retired: 800003 Cycle: 3212376 Hearbeat IPC: 0.443000 Cumulative IPC: 0.249038
Prefetcher heartbeat stats
Instructions Retired: 900002 Cycle: 3555915 Hearbeat IPC: 0.291085 Cumulative IPC: 0.253100
Prefetcher heartbeat stats
Instructions Retired: 1000005 Cycle: 3905396 Hearbeat IPC: 0.286147 Cumulative IPC: 0.256057
Prefetcher heartbeat stats
Instructions Retired: 1100000 Cycle: 5037425 Hearbeat IPC: 0.088333 Cumulative IPC: 0.218366
Prefetcher heartbeat stats
Instructions Retired: 1200000 Cycle: 6688210 Hearbeat IPC: 0.060577 Cumulative IPC: 0.179420
Prefetcher heartbeat stats
Instructions Retired: 1300005 Cycle: 8262352 Hearbeat IPC: 0.063530 Cumulative IPC: 0.157341
Prefetcher heartbeat stats
Instructions Retired: 1400002 Cycle: 9006015 Hearbeat IPC: 0.134465 Cumulative IPC: 0.155452
Prefetcher heartbeat stats
Instructions Retired: 1500001 Cycle: 9196740 Hearbeat IPC: 0.524310 Cumulative IPC: 0.163101
Prefetcher heartbeat stats
Instructions Retired: 1600004 Cycle: 9418022 Hearbeat IPC: 0.451926 Cumulative IPC: 0.169887
Prefetcher heartbeat stats
Instructions Retired: 1700004 Cycle: 9674699 Hearbeat IPC: 0.389595 Cumulative IPC: 0.175716
Prefetcher heartbeat stats
Instructions Retired: 1800004 Cycle: 9932235 Hearbeat IPC: 0.388295 Cumulative IPC: 0.181228
Prefetcher heartbeat stats
Instructions Retired: 1900001 Cycle: 10418250 Hearbeat IPC: 0.205749 Cumulative IPC: 0.182372
Prefetcher heartbeat stats
Instructions Retired: 2000001 Cycle: 10727089 Hearbeat IPC: 0.323793 Cumulative IPC: 0.186444
Prefetcher heartbeat stats
Instructions Retired: 2100001 Cycle: 11368533 Hearbeat IPC: 0.155898 Cumulative IPC: 0.184720
Prefetcher heartbeat stats
Instructions Retired: 2200004 Cycle: 11798676 Hearbeat IPC: 0.232488 Cumulative IPC: 0.186462
Prefetcher heartbeat stats
Instructions Retired: 2300000 Cycle: 12008830 Hearbeat IPC: 0.475822 Cumulative IPC: 0.191526
Prefetcher heartbeat stats
Instructions Retired: 2400004 Cycle: 12238062 Hearbeat IPC: 0.436257 Cumulative IPC: 0.196110
Prefetcher heartbeat stats
Instructions Retired: 2500002 Cycle: 12481530 Hearbeat IPC: 0.410723 Cumulative IPC: 0.200296
Prefetcher heartbeat stats
Instructions Retired: 2600000 Cycle: 12891394 Hearbeat IPC: 0.243978 Cumulative IPC: 0.201685
Prefetcher heartbeat stats
Instructions Retired: 2700004 Cycle: 13302359 Hearbeat IPC: 0.243339 Cumulative IPC: 0.202972
Prefetcher heartbeat stats
Instructions Retired: 2800000 Cycle: 13529179 Hearbeat IPC: 0.440861 Cumulative IPC: 0.206960
Prefetcher heartbeat stats
Instructions Retired: 2900001 Cycle: 13896268 Hearbeat IPC: 0.272416 Cumulative IPC: 0.208689
Prefetcher heartbeat stats
Instructions Retired: 3000001 Cycle: 14091363 Hearbeat IPC: 0.512571 Cumulative IPC: 0.212896
Prefetcher heartbeat stats

Simulation complete. Instructions retired: 3099749 Cycles elapsed: 14304253 IPC: 0.216701

Prefetcher final stats
