
*** Data Prefetching Championship 2 Simulator ***

Warmup Instructions: 10000000
Simulation Instructions: 100000000
Scramble loads OFF
Using 256KB Last Level Cache
Using 12.8 GB/s DRAM bandwidth
No Prefetching
Knobs visible from prefetcher: 0 1 0
Instructions Retired: 100004 Cycle: 249705 Hearbeat IPC: 0.400489 Cumulative IPC: 0.400489
Prefetcher heartbeat stats
Instructions Retired: 200000 Cycle: 674291 Hearbeat IPC: 0.235514 Cumulative IPC: 0.296608
Prefetcher heartbeat stats
Instructions Retired: 300001 Cycle: 1249122 Hearbeat IPC: 0.173966 Cumulative IPC: 0.240169
Prefetcher heartbeat stats
Instructions Retired: 400003 Cycle: 1602555 Hearbeat IPC: 0.282945 Cumulative IPC: 0.249603
Prefetcher heartbeat stats
Instructions Retired: 500003 Cycle: 2369023 Hearbeat IPC: 0.130469 Cumulative IPC: 0.211059
Prefetcher heartbeat stats
Instructions Retired: 600000 Cycle: 2653722 Hearbeat IPC: 0.351238 Cumulative IPC: 0.226098
Prefetcher heartbeat stats
Instructions Retired: 700005 Cycle: 2877730 Hearbeat IPC: 0.446435 Cumulative IPC: 0.243249
Prefetcher heartbeat stats
Instructions Retired: 800003 Cycle: 3128896 Hearbeat IPC: 0.398135 Cumulative IPC: 0.255682
Prefetcher heartbeat stats
Instructions Retired: 900005 Cycle: 3487494 Hearbeat IPC: 0.278869 Cumulative IPC: 0.258066
Prefetcher heartbeat stats
Instructions Retired: 1000005 Cycle: 3906339 Hearbeat IPC: 0.238752 Cumulative IPC: 0.255995
Prefetcher heartbeat stats
Instructions Retired: 1100000 Cycle: 4898823 Hearbeat IPC: 0.100752 Cumulative IPC: 0.224544
Prefetcher heartbeat stats
Instructions Retired: 1200000 Cycle: 6283028 Hearbeat IPC: 0.072244 Cumulative IPC: 0.190991
Prefetcher heartbeat stats
Instructions Retired: 1300001 Cycle: 7597478 Hearbeat IPC: 0.076078 Cumulative IPC: 0.171110
Prefetcher heartbeat stats
Instructions Retired: 1400000 Cycle: 8291325 Hearbeat IPC: 0.144123 Cumulative IPC: 0.168851
Prefetcher heartbeat stats
Instructions Retired: 1500001 Cycle: 8520804 Hearbeat IPC: 0.435774 Cumulative IPC: 0.176040
Prefetcher heartbeat stats
Instructions Retired: 1600004 Cycle: 8787901 Hearbeat IPC: 0.374407 Cumulative IPC: 0.182069
Prefetcher heartbeat stats
Instructions Retired: 1700004 Cycle: 9095716 Hearbeat IPC: 0.324870 Cumulative IPC: 0.186902
Prefetcher heartbeat stats
Instructions Retired: 1800004 Cycle: 9392848 Hearbeat IPC: 0.336551 Cumulative IPC: 0.191636
Prefetcher heartbeat stats
Instructions Retired: 1900001 Cycle: 9822184 Hearbeat IPC: 0.232911 Cumulative IPC: 0.193440
Prefetcher heartbeat stats
Instructions Retired: 2000003 Cycle: 10074497 Hearbeat IPC: 0.396341 Cumulative IPC: 0.198521
Prefetcher heartbeat stats
Instructions Retired: 2100003 Cycle: 10670424 Hearbeat IPC: 0.167806 Cumulative IPC: 0.196806
Prefetcher heartbeat stats
Instructions Retired: 2200004 Cycle: 11046731 Hearbeat IPC: 0.265743 Cumulative IPC: 0.199154
Prefetcher heartbeat stats
Instructions Retired: 2300000 Cycle: 11230220 Hearbeat IPC: 0.544970 Cumulative IPC: 0.204805
Prefetcher heartbeat stats
Instructions Retired: 2400005 Cycle: 11420662 Hearbeat IPC: 0.525120 Cumulative IPC: 0.210146
Prefetcher heartbeat stats
Instructions Retired: 2500002 Cycle: 11629129 Hearbeat IPC: 0.479678 Cumulative IPC: 0.214978
Prefetcher heartbeat stats
Instructions Retired: 2600000 Cycle: 11999533 Hearbeat IPC: 0.269970 Cumulative IPC: 0.216675
Prefetcher heartbeat stats
Instructions Retired: 2700004 Cycle: 12360731 Hearbeat IPC: 0.276868 Cumulative IPC: 0.218434
Prefetcher heartbeat stats
Instructions Retired: 2800001 Cycle: 12577860 Hearbeat IPC: 0.460542 Cumulative IPC: 0.222613
Prefetcher heartbeat stats
Instructions Retired: 2900001 Cycle: 12897489 Hearbeat IPC: 0.312863 Cumulative IPC: 0.224850
Prefetcher heartbeat stats
Instructions Retired: 3000001 Cycle: 13077231 Hearbeat IPC: 0.556353 Cumulative IPC: 0.229406
Prefetcher heartbeat stats

Simulation complete. Instructions retired: 3099756 Cycles elapsed: 13250182 IPC: 0.233941

Prefetcher final stats
