
*** Data Prefetching Championship 2 Simulator ***

Warmup Instructions: 10000000
Simulation Instructions: 100000000
Scramble loads OFF
Using 256KB Last Level Cache
Using 12.8 GB/s DRAM bandwidth
Streaming Prefetcher
Knobs visible from prefetcher: 0 1 0
Instructions Retired: 100004 Cycle: 252003 Hearbeat IPC: 0.396837 Cumulative IPC: 0.396837
Prefetcher heartbeat stats
Instructions Retired: 200000 Cycle: 681209 Hearbeat IPC: 0.232979 Cumulative IPC: 0.293596
Prefetcher heartbeat stats
Instructions Retired: 300001 Cycle: 1252439 Hearbeat IPC: 0.175063 Cumulative IPC: 0.239533
Prefetcher heartbeat stats
Instructions Retired: 400003 Cycle: 1613868 Hearbeat IPC: 0.276685 Cumulative IPC: 0.247854
Prefetcher heartbeat stats
Instructions Retired: 500005 Cycle: 2406726 Hearbeat IPC: 0.126129 Cumulative IPC: 0.207753
Prefetcher heartbeat stats
Instructions Retired: 600002 Cycle: 2700201 Hearbeat IPC: 0.340734 Cumulative IPC: 0.222206
Prefetcher heartbeat stats
Instructions Retired: 700005 Cycle: 2904499 Hearbeat IPC: 0.489496 Cumulative IPC: 0.241007
Prefetcher heartbeat stats
Instructions Retired: 800003 Cycle: 3156716 Hearbeat IPC: 0.396476 Cumulative IPC: 0.253429
Prefetcher heartbeat stats
Instructions Retired: 900005 Cycle: 3546706 Hearbeat IPC: 0.256422 Cumulative IPC: 0.253758
Prefetcher heartbeat stats
Instructions Retired: 1000005 Cycle: 3958226 Hearbeat IPC: 0.243002 Cumulative IPC: 0.252640
Prefetcher heartbeat stats
Instructions Retired: 1100004 Cycle: 4957924 Hearbeat IPC: 0.100029 Cumulative IPC: 0.221868
Prefetcher heartbeat stats
Instructions Retired: 1200000 Cycle: 6365362 Hearbeat IPC: 0.071048 Cumulative IPC: 0.188520
Prefetcher heartbeat stats
Instructions Retired: 1300002 Cycle: 7698180 Hearbeat IPC: 0.075030 Cumulative IPC: 0.168871
Prefetcher heartbeat stats
Instructions Retired: 1400000 Cycle: 8384969 Hearbeat IPC: 0.145602 Cumulative IPC: 0.166965
Prefetcher heartbeat stats
Instructions Retired: 1500001 Cycle: 8594389 Hearbeat IPC: 0.477514 Cumulative IPC: 0.174533
Prefetcher heartbeat stats
Instructions Retired: 1600002 Cycle: 8844831 Hearbeat IPC: 0.399298 Cumulative IPC: 0.180897
Prefetcher heartbeat stats
Instructions Retired: 1700004 Cycle: 9140057 Hearbeat IPC: 0.338730 Cumulative IPC: 0.185995
Prefetcher heartbeat stats
Instructions Retired: 1800004 Cycle: 9422297 Hearbeat IPC: 0.354308 Cumulative IPC: 0.191037
Prefetcher heartbeat stats
Instructions Retired: 1900001 Cycle: 9853546 Hearbeat IPC: 0.231878 Cumulative IPC: 0.192824
Prefetcher heartbeat stats
Instructions Retired: 2000003 Cycle: 10108172 Hearbeat IPC: 0.392741 Cumulative IPC: 0.197860
Prefetcher heartbeat stats
Instructions Retired: 2100003 Cycle: 10704580 Hearbeat IPC: 0.167670 Cumulative IPC: 0.196178
Prefetcher heartbeat stats
Instructions Retired: 2200004 Cycle: 11083951 Hearbeat IPC: 0.263597 Cumulative IPC: 0.198486
Prefetcher heartbeat stats
Instructions Retired: 2300000 Cycle: 11264985 Hearbeat IPC: 0.552360 Cumulative IPC: 0.204172
Prefetcher heartbeat stats
Instructions Retired: 2400001 Cycle: 11460321 Hearbeat IPC: 0.511944 Cumulative IPC: 0.209418
Prefetcher heartbeat stats
Instructions Retired: 2500002 Cycle: 11671330 Hearbeat IPC: 0.473918 Cumulative IPC: 0.214200
Prefetcher heartbeat stats
Instructions Retired: 2600000 Cycle: 12040907 Hearbeat IPC: 0.270574 Cumulative IPC: 0.215931
Prefetcher heartbeat stats
Instructions Retired: 2700004 Cycle: 12406308 Hearbeat IPC: 0.273683 Cumulative IPC: 0.217632
Prefetcher heartbeat stats
Instructions Retired: 2800001 Cycle: 12617711 Hearbeat IPC: 0.473016 Cumulative IPC: 0.221910
Prefetcher heartbeat stats
Instructions Retired: 2900001 Cycle: 12938200 Hearbeat IPC: 0.312023 Cumulative IPC: 0.224143
Prefetcher heartbeat stats
Instructions Retired: 3000001 Cycle: 13116180 Hearbeat IPC: 0.561861 Cumulative IPC: 0.228725
Prefetcher heartbeat stats

Simulation complete. Instructions retired: 3099757 Cycles elapsed: 13295586 IPC: 0.233142

Prefetcher final stats
