
*** Data Prefetching Championship 2 Simulator ***

Warmup Instructions: 0
Simulation Instructions: 100000000
Scramble loads OFF
Using 1MB Last Level Cache
Using 12.8 GB/s DRAM bandwidth
Knobs visible from prefetcher: 0 0 0
Resetting history queue.
Setting up the minimum score
Resetting offset table
Setting initial offset to 1
Tag offset: 6
Ressetting hit rate
Resetting rable rounds
Resetting gauge

Warmup complete. Instructions retired: 4 Cycles elapsed: 233 IPC: 0.017167
Prefetcher warmup complete stats

Offset switch to: 3	With score: 32
Instructions Retired: 100000 Cycle: 74523 Hearbeat IPC: 1.341868 Cumulative IPC: 1.341868
Cycle: 74523	Best offset: 3	Score: 32	Hit Rate: 0.612588
	---- Offset table ----
Offset -> Score
1 -> 6
2 -> 6
5 -> 6
6 -> 6
	----------------------
Offset switch to: 1	With score: 32
Instructions Retired: 200004 Cycle: 129130 Hearbeat IPC: 1.831340 Cumulative IPC: 1.548858
Cycle: 129130	Best offset: 1	Score: 32	Hit Rate: 0.723279
	---- Offset table ----
Offset -> Score
2 -> 16
1 -> 15
3 -> 14
4 -> 14
	----------------------
Offset switch to: 4	With score: 32
Instructions Retired: 300005 Cycle: 186879 Hearbeat IPC: 1.731649 Cumulative IPC: 1.605344
Cycle: 186879	Best offset: 4	Score: 32	Hit Rate: 0.746699
	---- Offset table ----
Offset -> Score
2 -> 21
5 -> 21
1 -> 20
-15 -> 18
	----------------------
Offset switch to: 5	With score: 32
Offset switch to: 3	With score: 32
Instructions Retired: 400002 Cycle: 241565 Hearbeat IPC: 1.828567 Cumulative IPC: 1.655877
Cycle: 241565	Best offset: 3	Score: 32	Hit Rate: 0.775699
	---- Offset table ----
Offset -> Score
1 -> 4
2 -> 4
3 -> 4
4 -> 4
	----------------------
Offset switch to: 2	With score: 32
Instructions Retired: 500005 Cycle: 294941 Hearbeat IPC: 1.873557 Cumulative IPC: 1.695271
Cycle: 294941	Best offset: 2	Score: 32	Hit Rate: 0.791557
	---- Offset table ----
Offset -> Score
1 -> 15
4 -> 15
3 -> 14
5 -> 14
	----------------------
Offset switch to: 3	With score: 32
Instructions Retired: 600003 Cycle: 346499 Hearbeat IPC: 1.939524 Cumulative IPC: 1.731615
Cycle: 346499	Best offset: 3	Score: 32	Hit Rate: 0.801442
	---- Offset table ----
Offset -> Score
5 -> 26
1 -> 25
2 -> 25
6 -> 23
	----------------------
Offset switch to: 5	With score: 32
Offset switch to: 6	With score: 32
Instructions Retired: 700005 Cycle: 406267 Hearbeat IPC: 1.673170 Cumulative IPC: 1.723017
Cycle: 406267	Best offset: 6	Score: 32	Hit Rate: 0.801729
	---- Offset table ----
Offset -> Score
4 -> 9
48 -> 8
-44 -> 7
-24 -> 7
	----------------------
Offset switch to: 2	With score: 32
Instructions Retired: 800003 Cycle: 467256 Hearbeat IPC: 1.639607 Cumulative IPC: 1.712130
Cycle: 467256	Best offset: 2	Score: 32	Hit Rate: 0.803277
	---- Offset table ----
Offset -> Score
5 -> 22
2 -> 21
3 -> 20
4 -> 20
	----------------------
Offset switch to: 4	With score: 32
Instructions Retired: 900002 Cycle: 524039 Hearbeat IPC: 1.761073 Cumulative IPC: 1.717433
Cycle: 524039	Best offset: 4	Score: 32	Hit Rate: 0.807452
	---- Offset table ----
Offset -> Score
1 -> 32
5 -> 31
6 -> 31
4 -> 29
	----------------------
Offset switch to: 1	With score: 32
Offset switch to: 3	With score: 32
Instructions Retired: 1000002 Cycle: 579929 Hearbeat IPC: 1.789229 Cumulative IPC: 1.724352
Cycle: 579929	Best offset: 3	Score: 32	Hit Rate: 0.808334
	---- Offset table ----
Offset -> Score
-46 -> 4
-41 -> 4
-38 -> 4
-37 -> 4
	----------------------
Offset switch to: 5	With score: 32
Instructions Retired: 1100004 Cycle: 646036 Hearbeat IPC: 1.512729 Cumulative IPC: 1.702698
Cycle: 646036	Best offset: 5	Score: 32	Hit Rate: 0.810369
	---- Offset table ----
Offset -> Score
1 -> 16
4 -> 16
3 -> 15
2 -> 14
	----------------------
Offset switch to: 2	With score: 32
Instructions Retired: 1200002 Cycle: 715882 Hearbeat IPC: 1.431693 Cumulative IPC: 1.676257
Cycle: 715882	Best offset: 2	Score: 32	Hit Rate: 0.812314
	---- Offset table ----
Offset -> Score
3 -> 28
1 -> 27
5 -> 27
2 -> 25
	----------------------
Offset switch to: 3	With score: 32
Offset switch to: 1	With score: 32
Instructions Retired: 1300004 Cycle: 790520 Hearbeat IPC: 1.339827 Cumulative IPC: 1.644492
Cycle: 790520	Best offset: 1	Score: 32	Hit Rate: 0.812756
	---- Offset table ----
Offset -> Score
6 -> 8
18 -> 8
1 -> 7
2 -> 7
	----------------------
Offset switch to: 6	With score: 32
Instructions Retired: 1400003 Cycle: 876378 Hearbeat IPC: 1.164702 Cumulative IPC: 1.597488
Cycle: 876378	Best offset: 6	Score: 32	Hit Rate: 0.809445
	---- Offset table ----
Offset -> Score
2 -> 12
20 -> 12
-11 -> 11
1 -> 11
	----------------------
Offset switch to: 2	With score: 32
Instructions Retired: 1500005 Cycle: 957011 Hearbeat IPC: 1.240212 Cumulative IPC: 1.567385
Cycle: 957011	Best offset: 2	Score: 32	Hit Rate: 0.808900
	---- Offset table ----
Offset -> Score
1 -> 25
6 -> 23
5 -> 22
4 -> 21
	----------------------
Offset switch to: 1	With score: 32
Instructions Retired: 1600001 Cycle: 1037002 Hearbeat IPC: 1.250091 Cumulative IPC: 1.542910
Cycle: 1037002	Best offset: 1	Score: 32	Hit Rate: 0.807431
	---- Offset table ----
Offset -> Score
2 -> 31
4 -> 31
6 -> 31
3 -> 28
	----------------------
Offset switch to: 7	With score: 32
Offset switch to: 20	With score: 32
Instructions Retired: 1700000 Cycle: 1116119 Hearbeat IPC: 1.263938 Cumulative IPC: 1.523135
Cycle: 1116119	Best offset: 20	Score: 32	Hit Rate: 0.807885
	---- Offset table ----
Offset -> Score
1 -> 2
2 -> 2
3 -> 2
4 -> 2
	----------------------
Offset switch to: 6	With score: 32
Instructions Retired: 1800002 Cycle: 1199279 Hearbeat IPC: 1.202525 Cumulative IPC: 1.500903
Cycle: 1199279	Best offset: 6	Score: 32	Hit Rate: 0.809467
	---- Offset table ----
Offset -> Score
1 -> 13
6 -> 13
-12 -> 12
-10 -> 12
	----------------------
Instructions Retired: 1900001 Cycle: 1279010 Hearbeat IPC: 1.254205 Cumulative IPC: 1.485525
Cycle: 1279010	Best offset: 6	Score: 32	Hit Rate: 0.810507
	---- Offset table ----
Offset -> Score
1 -> 25
2 -> 25
4 -> 25
3 -> 23
	----------------------
Offset switch to: 4	With score: 32
Instructions Retired: 2000003 Cycle: 1356298 Hearbeat IPC: 1.293888 Cumulative IPC: 1.474604
Cycle: 1356298	Best offset: 4	Score: 32	Hit Rate: 0.812135
	---- Offset table ----
Offset -> Score
-54 -> 2
-53 -> 2
-51 -> 2
-48 -> 2
	----------------------
Offset switch to: 2	With score: 32
Instructions Retired: 2100002 Cycle: 1439309 Hearbeat IPC: 1.204648 Cumulative IPC: 1.459035
Cycle: 1439309	Best offset: 2	Score: 32	Hit Rate: 0.811990
	---- Offset table ----
Offset -> Score
1 -> 15
21 -> 15
6 -> 14
-58 -> 13
	----------------------
Offset switch to: 1	With score: 32
Instructions Retired: 2200004 Cycle: 1522259 Hearbeat IPC: 1.205570 Cumulative IPC: 1.445223
Cycle: 1522259	Best offset: 1	Score: 32	Hit Rate: 0.811019
	---- Offset table ----
Offset -> Score
2 -> 24
-14 -> 23
6 -> 22
1 -> 21
	----------------------
Offset switch to: 2	With score: 32
Instructions Retired: 2300001 Cycle: 1599578 Hearbeat IPC: 1.293304 Cumulative IPC: 1.437880
Cycle: 1599578	Best offset: 2	Score: 32	Hit Rate: 0.810464
	---- Offset table ----
Offset -> Score
5 -> 29
4 -> 27
1 -> 26
3 -> 26
	----------------------
Offset switch to: 3	With score: 32
Offset switch to: 4	With score: 32
Instructions Retired: 2400002 Cycle: 1680383 Hearbeat IPC: 1.237560 Cumulative IPC: 1.428247
Cycle: 1680383	Best offset: 4	Score: 32	Hit Rate: 0.810236
	---- Offset table ----
Offset -> Score
-19 -> 6
-18 -> 6
-13 -> 6
5 -> 6
	----------------------
Instructions Retired: 2500000 Cycle: 1761077 Hearbeat IPC: 1.239225 Cumulative IPC: 1.419586
Cycle: 1761077	Best offset: 4	Score: 32	Hit Rate: 0.810743
	---- Offset table ----
Offset -> Score
3 -> 20
4 -> 18
1 -> 16
6 -> 16
	----------------------
Offset switch to: 3	With score: 32
Instructions Retired: 2600002 Cycle: 1837938 Hearbeat IPC: 1.301076 Cumulative IPC: 1.414630
Cycle: 1837938	Best offset: 3	Score: 32	Hit Rate: 0.811138
	---- Offset table ----
Offset -> Score
1 -> 32
20 -> 30
2 -> 29
5 -> 28
	----------------------
Offset switch to: 1	With score: 32
Offset switch to: 6	With score: 32
Instructions Retired: 2700000 Cycle: 1925516 Hearbeat IPC: 1.141816 Cumulative IPC: 1.402222
Cycle: 1925516	Best offset: 6	Score: 32	Hit Rate: 0.809048
	---- Offset table ----
Offset -> Score
-42 -> 4
-40 -> 4
-27 -> 4
-20 -> 4
	----------------------
Offset switch to: 4	With score: 32
Instructions Retired: 2800004 Cycle: 2007434 Hearbeat IPC: 1.220782 Cumulative IPC: 1.394817
Cycle: 2007434	Best offset: 4	Score: 32	Hit Rate: 0.809112
	---- Offset table ----
Offset -> Score
1 -> 20
3 -> 19
4 -> 19
2 -> 18
	----------------------
Offset switch to: 1	With score: 32
Instructions Retired: 2900003 Cycle: 2080913 Hearbeat IPC: 1.360919 Cumulative IPC: 1.393620
Cycle: 2080913	Best offset: 1	Score: 32	Hit Rate: 0.808730
	---- Offset table ----
Offset -> Score
2 -> 31
4 -> 28
6 -> 28
3 -> 27
	----------------------
Offset switch to: 2	With score: 32
Offset switch to: 5	With score: 32
Instructions Retired: 3000001 Cycle: 2164949 Hearbeat IPC: 1.189942 Cumulative IPC: 1.385714
Cycle: 2164949	Best offset: 5	Score: 32	Hit Rate: 0.808270
	---- Offset table ----
Offset -> Score
4 -> 12
30 -> 11
2 -> 10
6 -> 10
	----------------------
Offset switch to: 4	With score: 32

Simulation complete. Instructions retired: 3099753 Cycles elapsed: 2264487 IPC: 1.368854

Prefetcher final stats
